<?xml version="1.0" ?>
<testsuites>
	<testsuite name="cloud/blockstore/apps/client/lib/ut" tests="13" time="10.709653" failures="0" skipped="0">
		<testcase name="TCommandTest.ShouldAutoMountUnmountVolumeOnReadWriteZeroBlocksRequests" time="0.110827"/>
		<testcase name="TCommandTest.ShouldDiscoveryInstancesWorks" time="0.089403"/>
		<testcase name="TCommandTest.ShouldSplitLargeWriteVolumeRequestIntoSeveralRequests" time="3.32014"/>
		<testcase name="TCommandTest.ShouldStopCommandByTimeout" time="1.070626"/>
		<testcase name="TCommandTest.ShouldZeroWholeVolumeIfZeroAllOptionIsSet" time="0.046552"/>
		<testcase name="TCommandTest.ShouldReadWholeVolumeIfReadAllOptionIsSet" time="5.522153"/>
		<testcase name="TCommandTest.ShouldRefuseToReadBlocksIfReadAllFlagIsSpecifiedAlongWithProtoFlag" time="0.019662"/>
		<testcase name="TCommandTest.ShouldRefuseToZeroBlocksIfZeroAllFlagIsSpecifiedAlongWithProtoFlag" time="0.06385"/>
		<testcase name="TCommandTest.ShouldRequireBlocksCountIfReadBlocksRequestHasNoReadAllFlag" time="0.022632"/>
		<testcase name="TCommandTest.ShouldRequireBlocksCountIfZeroBlocksRequestHasNoZeroAllFlag" time="0.019101"/>
		<testcase name="TCommandTest.ShouldRequireStartIndexIfReadBlocksRequestHasNoReadAllFlag" time="0.106812"/>
		<testcase name="TCommandTest.ShouldRequireStartIndexIfZeroBlocksRequestHasNoZeroAllFlag" time="0.13232"/>
		<testcase name="TCommandTest.ShouldSendProtoRequestsAndReceiveProtoResponses" time="0.185575"/>
	</testsuite>
	<testsuite name="cloud/blockstore/tools/analytics/event-log-stats/tests" tests="1" time="0.6708091010000317" failures="0" skipped="0">
		<testcase name="test.py.test_load" time="0.6708091010000317"/>
	</testsuite>
	<testsuite name="cloud/blockstore/tools/analytics/event-log-stats/tests" tests="1" time="0.0" failures="0" skipped="0">
		<testcase name="test.py.flake8" time="0.0"/>
	</testsuite>
	<testsuite name="cloud/blockstore/tools/testing/chaos-monkey/tests" tests="8" time="5.929999999999999" failures="0" skipped="0">
		<testcase name="tests.TestCleanup" time="0.7"/>
		<testcase name="tests.TestFetchAnalyzeApply" time="4.14"/>
		<testcase name="tests.TestStateAnalysis" time="0.99"/>
		<testcase name="tests.TestStateAnalysisBreakDevice" time="0.01"/>
		<testcase name="tests.TestStateAnalysisBreakTwo" time="0.01"/>
		<testcase name="tests.TestStateAnalysisHealDevice" time="0.01"/>
		<testcase name="tests.TestStateAnalysisPreferFresh" time="0.06"/>
		<testcase name="tests.TestStateAnalysisPreferMinusOne" time="0.01"/>
	</testsuite>
	<testsuite name="cloud/blockstore/tools/testing/chaos-monkey" tests="4" time="0.026422739028930664" failures="0" skipped="0">
		<testcase name="analyze_state.go.gofmt" time="0.0076258182525634766"/>
		<testcase name="main.go.gofmt" time="0.005548715591430664"/>
		<testcase name="monkey_test.go.gofmt" time="0.007257938385009766"/>
		<testcase name="nbs.go.gofmt" time="0.005990266799926758"/>
	</testsuite>
	<testsuite name="cloud/blockstore/tools/testing/eternal_tests/eternal-load/bin/tests" tests="2" time="46.60635988800004" failures="0" skipped="0">
		<testcase name="test.py.test_load_fails" time="16.364621249000038"/>
		<testcase name="test.py.test_load_works" time="30.241738639000005"/>
	</testsuite>
	<testsuite name="cloud/blockstore/tools/testing/eternal_tests/eternal-load/bin/tests" tests="1" time="0.0" failures="0" skipped="0">
		<testcase name="test.py.flake8" time="0.0"/>
	</testsuite>
	<testsuite name="cloud/blockstore/tools/testing/eternal_tests/eternal-load/lib/ut" tests="2" time="0.17499800000000001" failures="0" skipped="0">
		<testcase name="ConfigTest.ConfigGenerationWorksAsExpected" time="0.133137"/>
		<testcase name="ConfigTest.ConfigParserWorksAsExpected" time="0.041861"/>
	</testsuite>
	<testsuite name="cloud/blockstore/tools/testing/loadtest/lib/ut" tests="2" time="0.029176" failures="0" skipped="0">
		<testcase name="TRangeMapTest.ShouldPutBlock" time="0.015681"/>
		<testcase name="TRangeMapTest.ShouldReturnBlock" time="0.013495"/>
	</testsuite>
	<testsuite name="cloud/storage/core/tools/ops/config_generator/gotest" tests="1" time="0.62" failures="0" skipped="0">
		<testcase name="gotest.TestGenerator" time="0.62"/>
	</testsuite>
	<testsuite name="cloud/storage/core/tools/ops/config_generator/gotest" tests="1" time="0.020035982131958008" failures="0" skipped="0">
		<testcase name="test.go.gofmt" time="0.020035982131958008"/>
	</testsuite>
	<testsuite name="cloud/storage/core/tools/ops/config_generator" tests="1" time="0.03840231895446777" failures="0" skipped="0">
		<testcase name="main.go.gofmt" time="0.03840231895446777"/>
	</testsuite>
	<testsuite name="cloud/blockstore/libs/client/ut" tests="37" time="19.417334" failures="0" skipped="0">
		<testcase name="TDurableClientTest.ShouldCloneLocalRequests" time="7.529648"/>
		<testcase name="TDurableClientTest.ShouldCalculateCorrectTimeout" time="0.000112"/>
		<testcase name="TClientTest.ShouldReturnNotImplementedErrorStatusCodeForUnsupportedRequestsFromDataEndpoint" time="0.18761"/>
		<testcase name="TDurableClientTest.ShouldHandleInFlightRequestsAfterDurableClientStop" time="0.000262"/>
		<testcase name="TDurableClientTest.ShouldCountBackoffTimeAsPostponedForThrottledRequests" time="1.000382"/>
		<testcase name="TDurableClientTest.ShouldClosePreviousLocalRequestWhenRetry" time="1.500961"/>
		<testcase name="TSessionTest.ShouldReadWriteBlocks" time="0.000416"/>
		<testcase name="TSessionTest.ShouldReadWriteNonDefaultBlockSize" time="0.000134"/>
		<testcase name="TSessionTest.ShouldRejectReadWriteZeroBlocksRequestsForUnmountedVolume" time="0.016652"/>
		<testcase name="TSessionTest.ShouldReadZerosFromUninitializedDataWhenRemountOccurs" time="0.000327"/>
		<testcase name="TSessionTest.ShouldRemountPeriodicallyToPreventUnmountDueToInactivity" time="0.000117"/>
		<testcase name="TSessionTest.ShouldRemountVolumeIfClientReportsInvalidSession" time="0.025803"/>
		<testcase name="TSessionTest.ShouldUseOriginalMountRequestHeadersForRemounts" time="0.029329"/>
		<testcase name="TSessionTest.ShouldStopAutomaticRemountAfterUnmount" time="0.031062"/>
		<testcase name="TSessionTest.ShouldZeroBlocksConsistentlyWhenRemountOccurs" time="0.000196"/>
		<testcase name="TSessionTest.ShouldWriteBlocksConsistentlyWhenRemountOccurs" time="0.001152"/>
		<testcase name="TDurableClientTest.ShouldIncreaseRequestTimeoutOnRetry" time="3.000722"/>
		<testcase name="TDurableClientTest.ShouldHandleWaitingRequestsAfterDurableClientStop" time="0.04602"/>
		<testcase name="TDurableClientTest.ShouldKeepPostponedTimeDuringRetries" time="0.010672"/>
		<testcase name="TDurableClientTest.ShouldNotCloneNonLocalRequests" time="3.001083"/>
		<testcase name="TDurableClientTest.ShouldNotCountBackoffTimeAsPostponedForNotThrottledRequests" time="1.000497"/>
		<testcase name="TDurableClientTest.ShouldNotRetryClosedLocalRequests" time="0.000434"/>
		<testcase name="TDurableClientTest.ShouldNotRetryNonRetriableRequests" time="0.000239"/>
		<testcase name="TDurableClientTest.ShouldRetryUndeliveredRequests" time="1.528725"/>
		<testcase name="TDurableClientTest.ShouldReturnNonRetriableErrorAfterRetryTimeout" time="0.500372"/>
		<testcase name="TSessionTest.ShouldHandleFrozenRemountRequestAfterSessionDestruction" time="7.1e-05"/>
		<testcase name="TSessionTest.ShouldAllowMountForMountedVolume" time="0.000365"/>
		<testcase name="TSessionTest.ShouldCorrectlyReportErrorsAfterRemount" time="0.000252"/>
		<testcase name="TSessionTest.ShouldNotFailRemountIfBlocksCountChanges" time="0.00015"/>
		<testcase name="TSessionTest.ShouldMountVolume" time="0.0005"/>
		<testcase name="TSessionTest.ShouldHaveProperNumberOfBlocksInWriteBlocksWhenRemountOccurs" time="0.000241"/>
		<testcase name="TSessionTest.ShouldPassMountSeqNumberInMountVolume" time="0.00024"/>
		<testcase name="TSessionTest.ShouldPostponeMountIfPeriodicalRemountIsInProgress" time="0.000277"/>
		<testcase name="TSessionTest.ShouldPostponeMountIfUnmountIsInProgress" time="7e-05"/>
		<testcase name="TSessionTest.ShouldPostponeUnmountIfPeriodicalRemountIsInProgress" time="0.000247"/>
		<testcase name="TSessionTest.ShouldPostponeUnmountIfUnmountIsInProgress" time="0.000779"/>
		<testcase name="TSessionTest.ShouldPropagateClientVersionInfoWhenMountingVolume" time="0.001215"/>
	</testsuite>
	<testsuite name="cloud/blockstore/libs/client/ut_throttling" tests="16" time="0.52836" failures="0" skipped="0">
		<testcase name="TThrottlingClientTest.ShouldCorrectlyMultipleMountMultipleUnmount" time="0.02223"/>
		<testcase name="TThrottlingClientTest.ShouldChangePerformanceProfileForSameClientId" time="0.000309"/>
		<testcase name="TThrottlingClientTest.ShouldNotProvideThrottlerIfClientProfileIsNotInitialized" time="0.000457"/>
		<testcase name="TThrottlingClientTest.TestPostponePolicy" time="0.000122"/>
		<testcase name="TThrottlingClientTest.TestPreparePerformanceProfileDefaultNonreplicatedLimits" time="0.000106"/>
		<testcase name="TThrottlingClientTest.TestPreparePerformanceProfileForHostType" time="0.000113"/>
		<testcase name="TThrottlingClientTest.TestPreparePerformanceProfileOverflow" time="0.279473"/>
		<testcase name="TThrottlingClientTest.TestPreparePerformanceProfileWithHostProfile" time="0.000135"/>
		<testcase name="TThrottlingClientTest.ShouldPostponeRequests" time="0.046404"/>
		<testcase name="TThrottlingClientTest.ShouldProvideDifferentThrottlersForEmptyClientId" time="0.000242"/>
		<testcase name="TThrottlingClientTest.ShouldProvideSameThrottlerForSameClientId" time="0.000364"/>
		<testcase name="TThrottlingClientTest.ShouldReceiveAndProcessRequests" time="0.177124"/>
		<testcase name="TThrottlingClientTest.ShouldRegisterCountersOnlyAfterFirstNonZeroQuotaValue" time="0.000254"/>
		<testcase name="TThrottlingClientTest.ShouldReturnCorrectStatusCodeFromClient" time="0.000128"/>
		<testcase name="TThrottlingClientTest.ShouldTrimCountersAfterTimeout" time="0.000232"/>
		<testcase name="TThrottlingClientTest.ShouldTrimCountersAfterTimeoutWithZeroQuota" time="0.000667"/>
	</testsuite>
	<testsuite name="cloud/blockstore/libs/common/ut" tests="15" time="0.125999" failures="0" skipped="0">
		<testcase name="TBlockChecksumTest.TestCombineValues" time="0.000382"/>
		<testcase name="TBlockChecksumTest.TestMultipleExtends" time="0.018673"/>
		<testcase name="TDevicePathTest.TestParseInvalidProtocol" time="0.033772"/>
		<testcase name="TDevicePathTest.TestParseNoUuid" time="0.000261"/>
		<testcase name="TDevicePathTest.TestParseValidDevicePath" time="0.000221"/>
		<testcase name="TDevicePathTest.TestSerialize" time="0.067414"/>
		<testcase name="TIOVectorTest.ShouldCopyToSgList" time="0.000827"/>
		<testcase name="TBlockChecksumTest.TestMultipleZeroBlocks" time="0.000401"/>
		<testcase name="TBlockChecksumTest.TestReverseOrderExtends" time="0.0004"/>
		<testcase name="TBlockChecksumTest.TestZeroBlock" time="0.000429"/>
		<testcase name="TBlockRangeTest.Difference" time="0.000571"/>
		<testcase name="TBlockRangeTest.MakeClosedIntervalWithLimit" time="0.000125"/>
		<testcase name="TCachingAllocatorTest.ShouldAllocate" time="0.001939"/>
		<testcase name="TCachingAllocatorTest.ShouldFallback" time="0.000341"/>
		<testcase name="TCachingAllocatorTest.ShouldReusePage" time="0.000243"/>
	</testsuite>
	<testsuite name="cloud/blockstore/libs/daemon/ydb/ut" tests="7" time="25.091897000000003" failures="0" skipped="0">
		<testcase name="TConfigInitializerTest.ShouldIgnoreUnknownFieldsInLogConfigAndNbsConfigs" time="0.227607"/>
		<testcase name="TConfigInitializerTest.ShouldInitHostPerformanceProfile" time="0.289929"/>
		<testcase name="TConfigInitializerTest.ShouldInitHostPerformanceProfileWithInvalidThrottlingConfigFile" time="0.193492"/>
		<testcase name="TConfigInitializerTest.ShouldInitHostPerformanceProfileWithoutThrottlingConfigFile" time="0.01168"/>
		<testcase name="TConfigInitializerTest.ShouldInitKikimrFeatures" time="24.365055"/>
		<testcase name="TConfigInitializerTest.ShouldLoadStorageConfigFromCms" time="0.001899"/>
		<testcase name="TConfigInitializerTest.ShouldUpdateStorageConfigWithFeaturesFromCms" time="0.002235"/>
	</testsuite>
	<testsuite name="cloud/blockstore/libs/diagnostics/ut" tests="63" time="2.850415" failures="0" skipped="0">
		<testcase name="TBlockDigestGeneratorTest.TestStub" time="5.7e-05"/>
		<testcase name="TBlockDigestGeneratorTest.TestTest" time="0.000117"/>
		<testcase name="TBlockDigestGeneratorTest.TestExt4" time="0.001215"/>
		<testcase name="TProfileLogTest.TestDumpMessages" time="0.003848"/>
		<testcase name="TFaultInjectionTest.TestServiceErrorAction" time="0.056657"/>
		<testcase name="TQuotaMetricsTest.ShouldCalculateMaxUsedQuotaOnlyForTheLatestFifteenTicks" time="0.000157"/>
		<testcase name="TQuotaMetricsTest.ShouldCorrectlyTrackQuotaMetrics" time="0.012733"/>
		<testcase name="TQuotaMetricsTest.ShouldCorrectlyTrackExternalMaxUsedQuotaMetrics" time="7.3e-05"/>
		<testcase name="TProfileLogTest.TestSmoke" time="0.593582"/>
		<testcase name="TProfileLogTest.TestStoresPostponedTime" time="0.000452"/>
		<testcase name="TVolumePerfTest.ShouldSetUnsetSufferForLocal" time="6.1e-05"/>
		<testcase name="TVolumePerfTest.ShouldSetUnsetSufferForMirror2" time="0.00013"/>
		<testcase name="TVolumePerfTest.ShouldSetUnsetSufferForHybrid" time="0.058151"/>
		<testcase name="TVolumePerfTest.ShouldSetUnsetSufferForMirror3" time="6.8e-05"/>
		<testcase name="TVolumePerfTest.ShouldSetUnsetSufferForSsd" time="0.059444"/>
		<testcase name="TVolumePerfTest.ShouldSetUnsetSufferForNonReplicated" time="0.000183"/>
		<testcase name="TVolumePerfTest.ShouldTakePostponedTimeIntoAccount" time="0.000144"/>
		<testcase name="TVolumePerfTest.ShouldTrackNumberOfSufferSeconds" time="0.000146"/>
		<testcase name="TVolumeStatsTest.ShouldAlterVolume" time="0.001647"/>
		<testcase name="TVolumePerfTest.ShouldUpdatePerformanceSettings" time="0.046116"/>
		<testcase name="TVolumeStatsTest.ShouldMountSeveralClientsOnOneInstance" time="0.000741"/>
		<testcase name="TVolumeStatsTest.ShouldCorrectlyCalculatePossiblePostponeTimeForVolume" time="0.01973"/>
		<testcase name="TVolumeStatsTest.ShouldTrackDownDisksForCompletedRequests" time="0.000795"/>
		<testcase name="TVolumeStatsTest.ShouldReportSufferMetricsWithStrictSLAFilter" time="0.000829"/>
		<testcase name="TVolumeStatsTest.ShouldReportSufferMetrics" time="0.047239"/>
		<testcase name="TVolumeStatsTest.ShouldRegisterAndUnregisterCountersPerVolume" time="0.023134"/>
		<testcase name="TVolumeStatsTest.ShouldTrackSilentErrorsPerVolume" time="0.001961"/>
		<testcase name="TVolumeStatsTest.ShouldTrackHwProblemsPerVolume" time="0.080922"/>
		<testcase name="TVolumeStatsTest.ShouldTrackDownDisksForIncompleteRequests" time="0.001003"/>
		<testcase name="TVolumeStatsTest.ShouldTrackRequestsPerVolume" time="0.051292"/>
		<testcase name="TQuotaMetricsTest.ShouldNotRaceOnRegisterUpdateAndUnregister" time="0.013692"/>
		<testcase name="TQuotaMetricsTest.ShouldNotCrushOnNullptrRegister" time="0.000116"/>
		<testcase name="TQuotaMetricsTest.ShouldNotTrackQuotaMetricsBeforeRegister" time="0.003869"/>
		<testcase name="TRequestStatsTest.ShouldFillSizePercentiles" time="0.126074"/>
		<testcase name="TQuotaMetricsTest.ShouldUnregisterAfterSnapshotReading" time="7.9e-05"/>
		<testcase name="TRequestStatsTest.ShouldTrackHwProblems" time="0.010965"/>
		<testcase name="TRequestStatsTest.ShouldFillTimePercentiles" time="0.042491"/>
		<testcase name="TRequestStatsTest.ShouldTrackSilentErrors" time="0.01138"/>
		<testcase name="TRequestStatsTest.ShouldTrackRequestsPerMediaKind" time="0.195783"/>
		<testcase name="TServerStatsTest.ShouldNotCountMaxTimeWhenHasUncountableRejects" time="0.011488"/>
		<testcase name="TServerStatsTest.ShouldSilenceErrorsIfCallContextHasSilenceRetriable" time="0.145643"/>
		<testcase name="TServerStatsTest.ShouldCountHwProblemsHDD" time="0.149836"/>
		<testcase name="TServerStatsTest.ShouldCountHwProblemsSSD" time="0.144105"/>
		<testcase name="TStatsAggregatorTest.ShouldAggregateStatsFromOneClient" time="0.490542"/>
		<testcase name="TStatsAggregatorTest.ShouldAddHostLabelIfNessesaryAndAggregate" time="0.000393"/>
		<testcase name="TServerStatsTest.ShouldTrackIncompleteRequestsPerVolume" time="0.060362"/>
		<testcase name="TStatsAggregatorTest.ShouldAddHostLabelIfNecessary" time="0.000525"/>
		<testcase name="TStatsAggregatorTest.ShouldHandleNewClientVersion" time="0.000721"/>
		<testcase name="TStatsAggregatorTest.ShouldFixOldClientVersion" time="0.001086"/>
		<testcase name="TStatsAggregatorTest.ShouldCreateAggregatedPercentilesFromClients" time="0.010918"/>
		<testcase name="TStatsAggregatorTest.ShouldAggregateStatsFromTwoClients" time="0.159174"/>
		<testcase name="TUserWrapperTest.UserServiceVolumeInstanceTests" time="0.000211"/>
		<testcase name="TStatsAggregatorTest.ShouldNotAggregateStatsFromExpiredClients" time="0.068381"/>
		<testcase name="TVolumePerfTest.ShouldCorrectlyUpdatePerformanceSettingsIfClientPerfSettingsIncreased" time="0.045894"/>
		<testcase name="TUserWrapperTest.UserServerVolumeInstanceTests" time="0.000616"/>
		<testcase name="TVolumePerfTest.ShouldNotReportSufferCounterIfThereAreNoSettings" time="0.000394"/>
		<testcase name="TVolumePerfTest.ShouldNotTurnOnSufferIfDiskIsOverloaded" time="0.000198"/>
		<testcase name="TVolumePerfTest.ShouldCreateSufferCounter" time="9.7e-05"/>
		<testcase name="TVolumePerfTest.ShouldNotSetSufferIfLoadIsBelowThresholds" time="0.046044"/>
		<testcase name="TVolumePerfTest.ShouldReportZeroSufferCounters" time="4.8e-05"/>
		<testcase name="TVolumePerfTest.ShouldSetUnsetSufferForDefault" time="0.000129"/>
		<testcase name="TVolumePerfTest.ShouldSetUnsetSufferForHddNonReplicated" time="6.9e-05"/>
		<testcase name="TVolumePerfTest.ShouldSetUnsetSufferForHdd" time="0.046465"/>
	</testsuite>
	<testsuite name="cloud/blockstore/libs/discovery/ut" tests="20" time="4.731058" failures="0" skipped="0">
		<testcase name="BalancingTest.ShouldCalculateBalancingScoreAndReorder" time="0.000178"/>
		<testcase name="BanListTest.ShouldUpdate" time="0.044375"/>
		<testcase name="DiscoveryTest.ShouldFilterInstancesInsecure" time="0.000571"/>
		<testcase name="DiscoveryTest.ShouldFilterInstancesSecure" time="0.000369"/>
		<testcase name="HealthcheckTest.ShouldNotSendTooManyRequestsAtOnce" time="0.041074"/>
		<testcase name="HealthcheckTest.ShouldNotSendTooManyRequestsAtOnceSecure" time="0.547073"/>
		<testcase name="HealthcheckTest.ShouldProperlyProcessPingTimeouts" time="1.108656"/>
		<testcase name="HealthcheckTest.ShouldProperlyProcessPingTimeoutsSecure" time="1.218024"/>
		<testcase name="HealthcheckTest.ShouldSucceedUponEmptyInstanceList" time="0.087647"/>
		<testcase name="DiscoveryTest.ShouldServeRequest" time="0.000288"/>
		<testcase name="DiscoveryTest.ShouldNoFilterInstances" time="0.001505"/>
		<testcase name="DiscoveryTest.ShouldServeRequestOnlyAfterFirstHealthCheck" time="0.000164"/>
		<testcase name="DiscoveryTest.ShouldStubWorks" time="8.7e-05"/>
		<testcase name="FetchTest.ShouldFetchFromConductor" time="0.095163"/>
		<testcase name="FetchTest.ShouldFetchFromConductorSecure" time="0.001605"/>
		<testcase name="FetchTest.ShouldFetchFromFile" time="0.07582"/>
		<testcase name="FetchTest.ShouldFetchFromFileSecure" time="0.114346"/>
		<testcase name="FetchTest.ShouldProperlyProcessConductorTimeouts" time="1.006575"/>
		<testcase name="HealthcheckTest.ShouldCheckHealth" time="0.018792"/>
		<testcase name="HealthcheckTest.ShouldCheckHealthSecure" time="0.368746"/>
	</testsuite>
	<testsuite name="cloud/blockstore/libs/disk_agent/ut" tests="2" time="0.136871" failures="0" skipped="0">
		<testcase name="TConfigInitializerTest.ShouldLoadStorageConfigFromCms" time="0.046859"/>
		<testcase name="TConfigInitializerTest.ShouldUpdateStorageConfigWithFeaturesFromCms" time="0.090012"/>
	</testsuite>
	<testsuite name="cloud/blockstore/libs/encryption/ut" tests="36" time="0.30313899999999994" failures="0" skipped="0">
		<testcase name="TEncryptionClientTest.ShouldAddEncryptionKeyHashToMount" time="0.00016"/>
		<testcase name="TEncryptionClientTest.ShouldDecryptAllBlocksInReadBlocksLocalWhenBitmaskIsEmpty" time="5.5e-05"/>
		<testcase name="TEncryptionClientTest.ShouldDecryptAllBlocksInReadBlocksWhenBitmaskIsEmpty" time="8.2e-05"/>
		<testcase name="TEncryptionClientTest.ShouldDecryptOverlayBlocksInReadBlocksForHDD" time="3.6e-05"/>
		<testcase name="TEncryptionClientTest.ShouldDecryptOverlayBlocksInReadBlocksForHybrid" time="4.6e-05"/>
		<testcase name="TEncryptionClientTest.ShouldDecryptOverlayBlocksInReadBlocksForSSD" time="0.000167"/>
		<testcase name="TEncryptionKeyTest.ShouldFailToProvideKeyIfKeyLengthIsInvalid" time="0.03213"/>
		<testcase name="TEncryptionKeyTest.ShouldFailToProvideKeyIfKeyPathIsEmpty" time="7.8e-05"/>
		<testcase name="TEncryptionKeyTest.ShouldProvideEncryptionKey" time="0.039508"/>
		<testcase name="TEncryptionKeyTest.ShouldFailToProvideKeyIfKeyRingNotExist" time="9.4e-05"/>
		<testcase name="TEncryptorTest.AesXtsEncryptorShouldDecryptZeroBlock" time="0.013041"/>
		<testcase name="TEncryptorTest.AesXtsEncryptorShouldEncryptBlockUsingBlockIndex" time="0.055058"/>
		<testcase name="TEncryptorTest.AesXtsEncryptorShouldEncryptDecryptBlock" time="0.000227"/>
		<testcase name="TEncryptorTest.CaesarEncryptorShouldEncryptDecryptBlock" time="7.1e-05"/>
		<testcase name="TMultipleEncryptionServiceTest.ShouldSupportMultipleSessions" time="0.048302"/>
		<testcase name="TMultipleEncryptionServiceTest.ShouldCreateEncryptedDisk" time="0.000115"/>
		<testcase name="TEncryptionClientTest.ShouldDecryptOverlayBlocksInReadBlocksForSSDLocal" time="3e-05"/>
		<testcase name="TEncryptionClientTest.ShouldDecryptOverlayBlocksInReadBlocksForSSDMirror2" time="0.000239"/>
		<testcase name="TEncryptionClientTest.ShouldDecryptOverlayBlocksInReadBlocksForSSDMirror3" time="4.6e-05"/>
		<testcase name="TEncryptionClientTest.ShouldDecryptOverlayBlocksInReadBlocksLocalForHybrid" time="8.3e-05"/>
		<testcase name="TEncryptionClientTest.ShouldDecryptOverlayBlocksInReadBlocksLocalForHDD" time="4e-05"/>
		<testcase name="TEncryptionClientTest.ShouldDecryptOverlayBlocksInReadBlocksForSSDNonreplicated" time="0.008816"/>
		<testcase name="TEncryptionClientTest.ShouldDecryptOverlayBlocksInReadBlocksLocalForSSDLocal" time="5.7e-05"/>
		<testcase name="TEncryptionClientTest.ShouldDecryptOverlayBlocksInReadBlocksLocalForSSD" time="0.020121"/>
		<testcase name="TEncryptionClientTest.ShouldDecryptOverlayBlocksInReadBlocksLocalForSSDMirror2" time="0.000185"/>
		<testcase name="TEncryptionClientTest.ShouldDecryptOverlayBlocksInReadBlocksLocalForSSDNonreplicated" time="5.4e-05"/>
		<testcase name="TEncryptionClientTest.ShouldEncryptAllBlocksInWriteBlockLocal" time="0.000141"/>
		<testcase name="TEncryptionClientTest.ShouldDecryptOverlayBlocksInReadBlocksLocalForSSDMirror3" time="3.1e-05"/>
		<testcase name="TEncryptionClientTest.ShouldEncryptAllBlocksInWriteBlocks" time="0.000287"/>
		<testcase name="TEncryptionClientTest.ShouldEncryptAllBlocksInZeroBlockUsingWriteBlocksLocal" time="0.024719"/>
		<testcase name="TEncryptionClientTest.ShouldFailMountIfOtherEncryptionClientExists" time="0.000249"/>
		<testcase name="TEncryptionClientTest.ShouldHandleRequestsAfterDestroyClient" time="0.001276"/>
		<testcase name="TEncryptionClientTest.SnapshotEncryptionClientShouldClearUnencryptedBlocksInReadBlocksLocalResponse" time="9.5e-05"/>
		<testcase name="TEncryptionClientTest.SnapshotEncryptionClientShouldClearUnencryptedBlocksInReadBlocksResponse" time="0.000322"/>
		<testcase name="TEncryptionKeyTest.ShouldFailToProvideKeyIfKeyFileNotExist" time="0.056993"/>
		<testcase name="TEncryptionClientTest.SnapshotEncryptionClientShouldDenyZeroBlocksRequests" time="0.000185"/>
	</testsuite>
	<testsuite name="cloud/blockstore/libs/encryption/ut_keyring" tests="1" time="0.0" failures="0" skipped="0">
		<testcase name="test.py.flake8" time="0.0"/>
	</testsuite>
	<testsuite name="cloud/blockstore/libs/encryption/ut_keyring/bin" tests="2" time="0.343345" failures="0" skipped="0">
		<testcase name="TKeyringEncryptorTest.ShouldFailEncryptorCreationIfKeyringKeyLengthIsInvalid" time="0.101096"/>
		<testcase name="TKeyringEncryptorTest.ShouldGetTheSameEncryptionKeyHashesFromFileAndKeyring" time="0.242249"/>
	</testsuite>
	<testsuite name="cloud/blockstore/libs/endpoints/ut" tests="27" time="1.6215140000000003" failures="0" skipped="0">
		<testcase name="TEndpointManagerTest.ShouldCompareStartEndpointRequestsWithoutHeaders" time="0.000785"/>
		<testcase name="TEndpointManagerTest.ShouldChangeMountModesUsingStartEndpoint" time="0.046351"/>
		<testcase name="TEndpointManagerTest.ShouldHandleListEndpoints" time="0.128521"/>
		<testcase name="TEndpointManagerTest.ShouldHandleLocalRequests" time="0.061359"/>
		<testcase name="TServiceEndpointTest.ShouldTimeoutFrozenRequest" time="0.119508"/>
		<testcase name="TServiceEndpointTest.ShouldWaitForRestoredEndpoints" time="0.061042"/>
		<testcase name="TSessionManagerTest.ServerStatsShouldMountVolumeWhenEndpointIsStarted_grpc" time="0.00841"/>
		<testcase name="TSessionManagerTest.ServerStatsShouldMountVolumeWhenEndpointIsStarted_nbd" time="0.000402"/>
		<testcase name="TSessionManagerTest.ServerStatsShouldMountVolumeWhenEndpointIsStarted_vhost" time="0.001081"/>
		<testcase name="TSessionManagerTest.ShouldNotTransformFatalErrorsForNotTemporaryServer" time="0.012726"/>
		<testcase name="TSessionManagerTest.ShouldTransformFatalErrorsForTemporaryServer" time="0.389301"/>
		<testcase name="TEndpointManagerTest.ShouldIgnoreInstanceIdWhenCompareStartEndpointRequests" time="0.045327"/>
		<testcase name="TEndpointManagerTest.ShouldHandleStartStopEndpoint" time="0.00119"/>
		<testcase name="TEndpointManagerTest.ShouldIgnoreSomeArgsWhenStartEndpointTwice" time="0.00102"/>
		<testcase name="TEndpointManagerTest.ShouldMountUnmountVolumeForMetrics" time="0.000791"/>
		<testcase name="TEndpointManagerTest.ShouldNotMountDiskWhenStartEndpointFailed" time="0.000528"/>
		<testcase name="TEndpointManagerTest.ShouldNotStartBusyEndpoint" time="0.00167"/>
		<testcase name="TEndpointManagerTest.ShouldNotStartEndpointWithSocketPathLongerThanLimit" time="0.0012"/>
		<testcase name="TEndpointManagerTest.ShouldNotStartStopEndpointTwice" time="0.001159"/>
		<testcase name="TServiceEndpointTest.ShouldHandleKickEndpoint" time="0.237889"/>
		<testcase name="TEndpointManagerTest.ShouldStartStopNbdEndpointWithGrpcEndpoint" time="0.002005"/>
		<testcase name="TServiceEndpointTest.ShouldHandleRestoreFlagInListEndpointsResponse" time="0.032356"/>
		<testcase name="TServiceEndpointTest.ShouldHandleParallelStartStopEndpoints" time="0.001585"/>
		<testcase name="TServiceEndpointTest.ShouldNotThrowCriticalEventIfKeyringDescIsEmpty" time="0.104586"/>
		<testcase name="TServiceEndpointTest.ShouldListKeyrings" time="0.276652"/>
		<testcase name="TServiceEndpointTest.ShouldThrowCriticalEventIfFailedToRestoreEndpoint" time="0.083873"/>
		<testcase name="TServiceEndpointTest.ShouldThrowCriticalEventIfNotFoundEndpointStorage" time="0.000197"/>
	</testsuite>
	<testsuite name="cloud/blockstore/libs/endpoints_grpc/ut" tests="14" time="3.276873" failures="0" skipped="0">
		<testcase name="TSocketEndpointListenerTest.ShouldEmulateMountUnmountResponseForSocketEndpoints" time="0.160273"/>
		<testcase name="TSocketEndpointListenerTest.ShouldGetFatalErrorIfEndpointHasInvalidSocketPath" time="0.014242"/>
		<testcase name="TSocketEndpointListenerTest.ShouldRejectRequestsAfterStopEndpoint" time="0.218264"/>
		<testcase name="TSocketEndpointListenerTest.ShouldRemoveUnixSocketAfterStopEndpoint" time="0.425"/>
		<testcase name="TSocketEndpointListenerTest.ShouldReturnLastSuccessfulMountVolumeResponse" time="0.103981"/>
		<testcase name="TSocketEndpointListenerTest.ShouldStartEndpointIfSocketAlreadyExists" time="0.159122"/>
		<testcase name="TSocketEndpointListenerTest.ShouldHandleClientDisconnection" time="0.25549"/>
		<testcase name="TSocketEndpointListenerTest.ShouldHandleOnlyLastSocketEndpointClient" time="0.168844"/>
		<testcase name="TSocketEndpointListenerTest.ShouldHandleStartStopEndpoint" time="0.451906"/>
		<testcase name="TSocketEndpointListenerTest.ShouldHandleStorageRequestsForSocketEndpoints" time="0.201276"/>
		<testcase name="TSocketEndpointListenerTest.ShouldNotAcceptClientAfterServerStopped" time="0.266825"/>
		<testcase name="TSocketEndpointListenerTest.ShouldNotHandleControlRequestsForSocketEndpoints" time="0.301282"/>
		<testcase name="TSocketEndpointListenerTest.ShouldNotRemoveUnixSocketAfterStopServer" time="0.167008"/>
		<testcase name="TSocketEndpointListenerTest.ShouldReconnectAfterRestartEndpoint" time="0.38336"/>
	</testsuite>
	<testsuite name="cloud/blockstore/libs/endpoints_vhost/ut" tests="6" time="1.004305" failures="0" skipped="0">
		<testcase name="TEndpointStatsTest.ShouldCalcHists" time="0.092391"/>
		<testcase name="TEndpointStatsTest.ShouldCalcMaxValues" time="0.880578"/>
		<testcase name="TExternalEndpointTest.ShouldAlterEndpoint" time="0.00034"/>
		<testcase name="TExternalEndpointTest.ShouldFallbackOnRemoteVolume" time="0.000218"/>
		<testcase name="TExternalEndpointTest.ShouldStartAioExternalEndpoint" time="0.016477"/>
		<testcase name="TExternalEndpointTest.ShouldStartRdmaExternalEndpoint" time="0.014301"/>
	</testsuite>
	<testsuite name="cloud/blockstore/libs/kms/iface/ut" tests="1" time="0.003529" failures="0" skipped="0">
		<testcase name="TKmsKeyProviderTest.ShouldProvideEncryptionKeyFromKMS" time="0.003529"/>
	</testsuite>
	<testsuite name="cloud/blockstore/libs/logbroker/iface/ut" tests="1" time="0.003809" failures="0" skipped="0">
		<testcase name="TLogbrokerIfaceTest.ShouldStubWriteData" time="0.003809"/>
	</testsuite>
	<testsuite name="cloud/blockstore/libs/nbd/ut" tests="22" time="1.291526" failures="0" skipped="0">
		<testcase name="TClientHandlerTest.ShouldHandleIncompleteReadResponse_Structured" time="8.6e-05"/>
		<testcase name="TClientHandlerTest.ShouldHandleIncompleteReadResponse_Simple" time="0.000298"/>
		<testcase name="TClientHandlerTest.ShouldNegotiateClient_Simple" time="0.000148"/>
		<testcase name="TClientHandlerTest.ShouldNegotiateClient_Structured" time="6e-05"/>
		<testcase name="TServerTest.ShouldNotRemoveUnixSocketAfterStopServer" time="0.00561"/>
		<testcase name="TServerTest.ShouldReconnectAfterServerRestart" time="0.250601"/>
		<testcase name="TServerTest.ShouldRejectRequestsAfterStopEndpoint" time="0.003032"/>
		<testcase name="TServerTest.ShouldRemoveUnixSocketAfterStopEndpoint" time="0.003109"/>
		<testcase name="TServerTest.ShouldStartEndpointIfSocketAlreadyExists" time="0.002858"/>
		<testcase name="TClientHandlerTest.ShouldSendRequests_Simple" time="0.000212"/>
		<testcase name="TClientHandlerTest.ShouldSendRequests_Structured" time="8.3e-05"/>
		<testcase name="TServerHandlerTest.ShouldNegotiateClient" time="0.000198"/>
		<testcase name="TServerHandlerTest.ShouldHandleRequests" time="0.000191"/>
		<testcase name="TServerHandlerTest.ShouldSendMinBlockSizeToClientIfNeeded" time="0.000288"/>
		<testcase name="TServerHandlerTest.ShouldPassCorrectMetrics" time="0.000266"/>
		<testcase name="TServerTest.ShouldCheckThatVolumeBlockSizeIsEqualDeviceBlockSize" time="0.00256"/>
		<testcase name="TServerTest.MountResponseShouldContainBlocksCountAndSize" time="0.002093"/>
		<testcase name="TServerTest.ShouldGetFatalErrorIfEndpointHasInvalidSocketPath" time="0.000586"/>
		<testcase name="TServerTest.ShouldHandleLocalRequests" time="0.004856"/>
		<testcase name="TServerTest.ShouldHandleNbsSpecificErrorCodes" time="0.004309"/>
		<testcase name="TServerTest.ShouldHandleRequestsWhenCheckpointIdExists" time="0.005396"/>
		<testcase name="TServerTest.ShouldNotFreezeSocketReadingDueToLimiter" time="1.004686"/>
	</testsuite>
	<testsuite name="cloud/blockstore/libs/notify/ut" tests="5" time="2.170845" failures="0" skipped="0">
		<testcase name="TNotifyTest.ShouldNotifyAboutLotsOfDiskErrors" time="1.589255"/>
		<testcase name="TNotifyTest.ShouldNotifyDiskBackOnline" time="0.265971"/>
		<testcase name="TNotifyTest.ShouldNotifyDiskError" time="0.30227"/>
		<testcase name="TNotifyTest.ShouldNull" time="0.013121"/>
		<testcase name="TNotifyTest.ShouldStub" time="0.000228"/>
	</testsuite>
	<testsuite name="cloud/blockstore/libs/rdma/iface/ut" tests="1" time="0.011047" failures="0" skipped="0">
		<testcase name="TProtoMessageSerializerTest.ShouldSerializeMessages" time="0.011047"/>
	</testsuite>
	<testsuite name="cloud/blockstore/libs/rdma/impl/ut" tests="16" time="11.346390000000001" failures="0" skipped="0">
		<testcase name="TBufferPoolTest.ShouldAllocateCustomChunkForLargeBuffer" time="4e-05"/>
		<testcase name="TBufferPoolTest.ShouldAllocateAlignedBuffers" time="0.000146"/>
		<testcase name="TBufferPoolTest.ShouldAllocateSmallBuffersInOneChunk" time="0.000149"/>
		<testcase name="TRdmaServerTest.StartEndpointShouldNotThrow" time="0.000983"/>
		<testcase name="TSimpleListTest.ShouldAppendLists" time="0.000143"/>
		<testcase name="TSimpleListTest.ShouldDequeueItemsFIFO" time="0.000431"/>
		<testcase name="TTimerHandleTest.ShouldCancel" time="2.008379"/>
		<testcase name="TTimerHandleTest.ShouldTrigger" time="1.02493"/>
		<testcase name="TBufferPoolTest.ShouldCacheFreeChunks" time="0.000462"/>
		<testcase name="TLockFreeListTest.ShouldDequeueItemsFIFO" time="0.00012"/>
		<testcase name="TRdmaClientTest.ShouldIgnoreMalformedCompletions" time="0.047836"/>
		<testcase name="TRdmaClientTest.ShouldProcessRequests" time="1.107948"/>
		<testcase name="TRdmaClientTest.ShouldReconnect" time="0.058208"/>
		<testcase name="TRdmaClientTest.ShouldReturnErrorUponStartEndpointTimeout" time="7.048269"/>
		<testcase name="TRdmaClientTest.ShouldStartEndpoint" time="0.04777"/>
		<testcase name="TRdmaServerTest.ShouldStartEndpoint" time="0.000576"/>
	</testsuite>
	<testsuite name="cloud/blockstore/libs/server/ut" tests="20" time="34.319269" failures="0" skipped="0">
		<testcase name="TServerTest.ShouldCancelRequestsOnClientShutdown" time="0.133163"/>
		<testcase name="TServerTest.ShouldCancelRequestsOnServerShutdown" time="30.190217"/>
		<testcase name="TServerTest.ShouldCleanVolumeStatsWhileUnmountVolume" time="0.121964"/>
		<testcase name="TServerTest.ShouldFailRequestWithNonEmptyInternalHeaders" time="0.173792"/>
		<testcase name="TServerTest.ShouldIdentifySecureControlChannelSource" time="0.515749"/>
		<testcase name="TServerTest.ShouldIdentifyTcpDataChannelSource" time="0.159769"/>
		<testcase name="TServerTest.ShouldNotHandleIORequestsFromTcpDataChannelSource" time="0.193114"/>
		<testcase name="TServerTest.ShouldPropagateClientId" time="0.161662"/>
		<testcase name="TServerTest.ShouldThrowCriticalEventIfFailedToStartUnixSocketEndpoint" time="0.176854"/>
		<testcase name="TServerTest.ShouldFailRequestsToWrongServiceFromDataClient" time="0.139087"/>
		<testcase name="TServerTest.ShouldFailRequestsToWrongServiceFromControlClient" time="0.159745"/>
		<testcase name="TServerTest.ShouldHandleAuthRequests" time="0.170011"/>
		<testcase name="TServerTest.ShouldHandleAuthRequestsWithMultipleCertificates" time="0.827613"/>
		<testcase name="TServerTest.ShouldHandleRequests" time="0.159397"/>
		<testcase name="TServerTest.ShouldHandleLocalIORequestsWithOverheadBuffer" time="0.108842"/>
		<testcase name="TServerTest.ShouldHandleRequestsWithUnixSocket" time="0.160165"/>
		<testcase name="TServerTest.ShouldHandleRequestsWithUnixSocketAfterRestart" time="0.275076"/>
		<testcase name="TServerTest.ShouldHandleSecureAndInsecureClientsSimultaneously" time="0.173172"/>
		<testcase name="TServerTest.ShouldIdentifyFdControlChannelSource" time="0.15915"/>
		<testcase name="TServerTest.ShouldIdentifyInsecureControlChannelSource" time="0.160727"/>
	</testsuite>
	<testsuite name="cloud/blockstore/libs/service/ut" tests="22" time="10.803844000000003" failures="0" skipped="0">
		<testcase name="TDeviceHandlerTest.ShouldHandleAlignedRequestsWhenUnalignedRequestsDisabled" time="0.000151"/>
		<testcase name="TDeviceHandlerTest.ShouldHandleAlignedAndRMWRequests" time="0.046229"/>
		<testcase name="TDeviceHandlerTest.ShouldHandleRMWAndAlignedRequests" time="0.046301"/>
		<testcase name="TDeviceHandlerTest.ShouldHandleComplicatedRMWRequests" time="0.006815"/>
		<testcase name="TStorageTest.ShouldHandleTimedOutWriteRequests" time="2.006261"/>
		<testcase name="TStorageTest.ShouldHandleTimeedOutZeroRequests" time="2.000303"/>
		<testcase name="TStorageTest.ShouldNormalizeRequests4K" time="0.001526"/>
		<testcase name="TStorageTest.ShouldNormalizeRequests8K" time="0.001432"/>
		<testcase name="TStorageTest.ShouldWaitForRequestsToCompleteOnShutdown" time="4.203313"/>
		<testcase name="TDeviceHandlerTest.ShouldHandleUnalignedReadRequests" time="0.059746"/>
		<testcase name="TDeviceHandlerTest.ShouldHandleReadModifyWriteRequests" time="0.000236"/>
		<testcase name="TDeviceHandlerTest.ShouldNotHandleUnalignedRequestsWhenUnalignedRequestsDisabled" time="0.000184"/>
		<testcase name="TDeviceHandlerTest.ShouldNotOverflowStack" time="0.374347"/>
		<testcase name="TDeviceHandlerTest.ShouldReturnErrorForHugeUnalignedReadWriteRequests" time="0.000196"/>
		<testcase name="TDeviceHandlerTest.ShouldReturnErrorForInvalidBufferSize" time="4.9e-05"/>
		<testcase name="TDeviceHandlerTest.ShouldSliceHugeZeroRequest" time="0.006849"/>
		<testcase name="TDeviceHandlerTest.ShouldSliceHugeUnalignedZeroRequest" time="0.000616"/>
		<testcase name="TFilteredServiceTest.ShouldFailForbiddenRequests" time="0.000159"/>
		<testcase name="TDeviceHandlerTest.ShouldSumPostponedTimeForReadModifyWriteRequests" time="0.046099"/>
		<testcase name="TStorageTest.ShouldHandleNonNormalizedRequests4K" time="0.001411"/>
		<testcase name="TStorageTest.ShouldHandleNonNormalizedRequests8K" time="0.001299"/>
		<testcase name="TStorageTest.ShouldHandleTimedOutReadRequests" time="2.000322"/>
	</testsuite>
	<testsuite name="cloud/blockstore/libs/service_kikimr/ut" tests="9" time="16.252583" failures="0" skipped="0">
		<testcase name="TKikimrAuthProviderTest.CheckPermissionForCreateVolume" time="0.51641"/>
		<testcase name="TKikimrAuthProviderTest.CheckPermissionForReadOnlyMount" time="1.182556"/>
		<testcase name="TKikimrAuthProviderTest.CheckPermissionForReadWriteMount" time="1.221008"/>
		<testcase name="TKikimrAuthProviderTest.DoNotCheckPermissionForRead" time="1.17668"/>
		<testcase name="TKikimrAuthProviderTest.ShouldHandleRequestTimeout" time="2.537898"/>
		<testcase name="TKikimrServiceTest.ShouldCompleteRequestWhenShuttingDown" time="0.463882"/>
		<testcase name="TKikimrServiceTest.ShouldHandleOtherRequestTimeout" time="2.549079"/>
		<testcase name="TKikimrServiceTest.ShouldHandleRequests" time="1.673413"/>
		<testcase name="TKikimrServiceTest.ShouldHandleWriteAndZeroRequestTimeout" time="4.931657"/>
	</testsuite>
	<testsuite name="cloud/blockstore/libs/service_local/ut" tests="25" time="12.865865999999997" failures="0" skipped="0">
		<testcase name="TAioStorageTest.ShouldHandleLocalReadWriteRequests_512" time="1.070378"/>
		<testcase name="TAioStorageTest.ShouldHandleLocalReadWriteRequests_4096" time="1.071988"/>
		<testcase name="TAioStorageTest.ShouldHandleLocalReadWriteRequests_1024" time="1.076027"/>
		<testcase name="TAioStorageTest.ShouldHandleLocalReadWriteRequests_512_withSubmitQueue" time="1.127105"/>
		<testcase name="TAioStorageTest.ShouldHandleZeroBlocksRequests" time="1.627992"/>
		<testcase name="TAioStorageTest.ShouldHandleZeroBlocksRequestsForBigFiles" time="1.112011"/>
		<testcase name="TAioStorageTest.ShouldZeroFillIfDeviceNonSsdInEraseDeviceUsingDeallocate" time="1.171999"/>
		<testcase name="TAioStorageTest.ShouldValidateDeallocatedBlocksInEraseDeviceUsingDeallocate" time="1.295986"/>
		<testcase name="TAioStorageTest.ShouldHandleZeroBlocksRequests_withSubmitQueue" time="1.78176"/>
		<testcase name="TCompoundStorageTest.ShouldHandleCancelLocalRequest" time="0.020076"/>
		<testcase name="TAioStorageTest.ShouldZeroFillIfNotDirectIoInEraseDeviceUsingDeallocate" time="1.191759"/>
		<testcase name="TCompoundStorageTest.ShouldHandleEmptyRanges" time="0.031348"/>
		<testcase name="TCompoundStorageTest.ShouldHandleRecursiveStorage" time="0.079861"/>
		<testcase name="TCompoundStorageTest.ShouldHandleInvalidRanges" time="0.018826"/>
		<testcase name="TCompoundStorageTest.ShouldHandleSingleStorage" time="0.013649"/>
		<testcase name="TCompoundStorageTest.ShouldReadLocal" time="0.021129"/>
		<testcase name="TCompoundStorageTest.ShouldWriteLocal" time="0.013916"/>
		<testcase name="TNullStorageTest.ShouldLocalReadWriteZero" time="0.00095"/>
		<testcase name="TCompoundStorageTest.ShouldZero" time="0.024285"/>
		<testcase name="TSpdkStorageTest.ShouldNonLocalReadWriteSingleDevice" time="0.02759"/>
		<testcase name="TRdmaStorageTest.ShouldCreateEndpointForEachDeviceOnSameHost" time="0.000247"/>
		<testcase name="TSpdkStorageTest.ShouldReadWriteSingleDevice" time="0.013137"/>
		<testcase name="TSpdkStorageTest.ShouldReadWriteZeroLocal" time="0.027261"/>
		<testcase name="TSpdkStorageTest.ShouldSupportReadOnlyMode" time="0.02057"/>
		<testcase name="TSpdkStorageTest.ShouldReadWriteZeroLocalFastPath" time="0.026016"/>
	</testsuite>
	<testsuite name="cloud/blockstore/libs/service_local/ut_large" tests="1" time="14.735523" failures="0" skipped="0">
		<testcase name="TAioStorageTest.ShouldZeroWholeHugeFile" time="14.735523"/>
	</testsuite>
	<testsuite name="cloud/blockstore/libs/service_throttling/ut" tests="1" time="0.161226" failures="0" skipped="0">
		<testcase name="TThrottlingServiceTest.ShouldRequestsGoThroughThrottlingService" time="0.161226"/>
	</testsuite>
	<testsuite name="cloud/blockstore/libs/service_throttling/ut_logger" tests="3" time="0.29588300000000006" failures="0" skipped="0">
		<testcase name="TServiceThrotterLoggerTest.ShouldReceiveAndProcessRequests" time="0.234689"/>
		<testcase name="TServiceThrotterLoggerTest.ShouldUpdateCallContextInsideThrottler" time="0.048624"/>
		<testcase name="TServiceThrotterLoggerTest.ShouldUpdateCallContextWithThrottlerDelay" time="0.01257"/>
	</testsuite>
	<testsuite name="cloud/blockstore/libs/service_throttling/ut_metrics" tests="4" time="0.05583" failures="0" skipped="0">
		<testcase name="TServiceThrotterMetricsTest.ShouldCorrectlyMultipleMountMultipleUnmount" time="0.02148"/>
		<testcase name="TServiceThrotterMetricsTest.ShouldRegisterCountersOnlyAfterFirstNonZeroQuotaValue" time="0.033737"/>
		<testcase name="TServiceThrotterMetricsTest.ShouldTrimCountersAfterTimeout" time="0.000387"/>
		<testcase name="TServiceThrotterMetricsTest.ShouldTrimCountersAfterTimeoutWithZeroQuota" time="0.000226"/>
	</testsuite>
	<testsuite name="cloud/blockstore/libs/service_throttling/ut_policy" tests="1" time="0.015017" failures="0" skipped="0">
		<testcase name="TServiceThrottlerPolicyTest.ShouldThrottlingServicePolicyRecalculateParametersCorrectly" time="0.015017"/>
	</testsuite>
	<testsuite name="cloud/blockstore/libs/storage/bootstrapper/ut" tests="2" time="1.592482" failures="0" skipped="0">
		<testcase name="TBootstrapperTest.ShouldRestartTablet" time="1.317445"/>
		<testcase name="TBootstrapperTest.ShouldStartStopTablet" time="0.275037"/>
	</testsuite>
	<testsuite name="cloud/blockstore/libs/storage/core/ut" tests="67" time="0.587158" failures="0" skipped="0">
		<testcase name="TBlockHandlerTest.ShouldFailSetBlockWhenGuardedSgListIsDestroyed" time="6e-05"/>
		<testcase name="TBlockHandlerTest.ShouldBuildIOVector" time="0.000217"/>
		<testcase name="TBlockHandlerTest.ShouldFillUnencryptedBlockMaskInLocalReadBlocksHandler" time="8.4e-05"/>
		<testcase name="TBlockHandlerTest.ShouldDestroySgListInReadBlocksDtor" time="4.5e-05"/>
		<testcase name="TBlockHandlerTest.ShouldDestroySgListInWriteBlocksDtor" time="5.8e-05"/>
		<testcase name="TBlockHandlerTest.ShouldMixWriteBlocksHandlers" time="3.9e-05"/>
		<testcase name="TBlockHandlerTest.ShouldParseIOVectorWithLargeParts" time="6.3e-05"/>
		<testcase name="TBlockHandlerTest.ShouldParseIOVector" time="0.020549"/>
		<testcase name="TBlockHandlerTest.ShouldFillUnencryptedBlockMaskInReadBlocksHandler" time="0.014009"/>
		<testcase name="TBlockHandlerTest.ShouldSuccessfullySetBlockWhenGuardedSgListIsValid" time="2.7e-05"/>
		<testcase name="TVolumeModelTest.ShouldAllocateAtLeastMinChannelCountChannels" time="0.000275"/>
		<testcase name="TVolumeModelTest.ShouldAllocateAtMost255Channels" time="0.000116"/>
		<testcase name="TVolumeModelTest.ShouldComputeBlocksCountPerPartition" time="9.3e-05"/>
		<testcase name="TVolumeModelTest.ShouldAutocomputeValuesWithoutExplicitPerformanceProfile" time="0.00107"/>
		<testcase name="TVolumeModelTest.ShouldGetSSDChannelsFromFeaturesConfig" time="0.011893"/>
		<testcase name="TVolumeModelTest.ShouldComputePartitionsInfo" time="0.000125"/>
		<testcase name="TVolumeModelTest.ShouldComputePartitionsInfoForSystemAndOverlayDisks" time="4.4e-05"/>
		<testcase name="TVolumeModelTest.ShouldCorrectlyCalculateMixedChannelCount" time="0.015882"/>
		<testcase name="TVolumeModelTest.ShouldKeepFreshChannel" time="0.001592"/>
		<testcase name="TVolumeModelTest.ShouldNotReduceMaxIopsAndBandwidthUponAutorecalculation" time="0.000321"/>
		<testcase name="TVolumeModelTest.ShouldNotExceedMaxDiskSettingsUponAutorecalculation" time="0.00012"/>
		<testcase name="TVolumeModelTest.ShouldNotDecreaseDataChannelCount" time="0.00409"/>
		<testcase name="TVolumeModelTest.ShouldResizeMultipartitionVolume" time="0.003032"/>
		<testcase name="TVolumeModelTest.ShouldSetChannelSettingsForExplicitChannelAllocation" time="0.008654"/>
		<testcase name="TVolumeModelTest.ShouldNotSetStorageMediaKindIfAlreadySet" time="0.008162"/>
		<testcase name="TVolumeModelTest.ShouldRespectResizeVolumeRequestFlags" time="0.000109"/>
		<testcase name="TWriteBufferRequestTest.TestGroupingFastPath" time="8.2e-05"/>
		<testcase name="TVolumeModelTest.ShouldSetValuesFromExplicitPerformanceProfile" time="0.016894"/>
		<testcase name="TWriteBufferRequestTest.TestGrouping" time="0.03534"/>
		<testcase name="TVolumeModelTest.ShouldSetWriteParamsFromReadParamsIfWriteParamsAreNotSet" time="0.000131"/>
		<testcase name="TCompactionMapTest.ShouldBeEmptyAtStart" time="0.005578"/>
		<testcase name="TBlockHandlerTest.ShouldZeroMissedBlocksInLocalReadBlocksHandler" time="0.001782"/>
		<testcase name="TCompactionMapTest.ShouldCorrectlyUpdateFromCounterList" time="5.6e-05"/>
		<testcase name="TCompactionMapTest.ShouldBeEmptyAfterClear" time="0.002226"/>
		<testcase name="TBlockHandlerTest.ShouldZeroMissedBlocksInReadBlocksHandler" time="0.000201"/>
		<testcase name="TCompactionPolicyTest.TestBuildLoadOptimizationPolicyConfig" time="0.000104"/>
		<testcase name="TCompactionMapTest.ShouldTrackTopByGarbageBlockCount" time="0.000541"/>
		<testcase name="TCompactionMapTest.ShouldTrackTopCounters" time="0.001534"/>
		<testcase name="TCompactionMapTest.ShouldKeepCompactionCounters" time="0.002849"/>
		<testcase name="TCompactionPolicyTest.TestDefaultPolicy" time="7.8e-05"/>
		<testcase name="TDiskIdTest.TestDiskIdToVolumeDirAndName" time="4.8e-05"/>
		<testcase name="TDiskIdTest.TestDiskIdToPath" time="5.1e-05"/>
		<testcase name="TDiskIdTest.TestDiskIdToPathDeprecated" time="7e-05"/>
		<testcase name="TCompactionPolicyTest.TestLoadOptimizationPolicy" time="0.000203"/>
		<testcase name="TDiskIdTest.TestDiskIdToVolumeDirAndNameDeprecated" time="5.2e-05"/>
		<testcase name="TDiskIdTest.TestPathNameToDiskId" time="0.000176"/>
		<testcase name="TFeaturesConfigTest.ShouldMatchFoldersByProbability" time="0.000602"/>
		<testcase name="TManuallyPreemptedVolumesTest.ShouldLoadFromFileIfFeatureNotDisabled" time="0.011548"/>
		<testcase name="TManuallyPreemptedVolumesTest.ShouldLoadEmptyPreemptedVolumesFile" time="0.004256"/>
		<testcase name="TFeaturesConfigTest.ShouldMatchCloudsByProbability" time="0.001458"/>
		<testcase name="TManuallyPreemptedVolumesTest.ShouldNotLoadFromFileIfFeatureIsDisabled" time="0.007757"/>
		<testcase name="TManuallyPreemptedVolumesTest.ShouldRaiseCriticalEventIfFileIsBroken" time="0.004598"/>
		<testcase name="TManuallyPreemptedVolumesTest.ShouldWriteAndReadEmptyPreemptedVolumes" time="0.000218"/>
		<testcase name="TManuallyPreemptedVolumesTest.ShouldReadFromEmptyFile" time="5.1e-05"/>
		<testcase name="TManuallyPreemptedVolumesTest.ShouldRaiseCriticalEventIfFileDoesNotExist" time="0.000361"/>
		<testcase name="TMountTokenTest.EmptyMountToken" time="7.8e-05"/>
		<testcase name="TMetricTests.SumTest" time="5.9e-05"/>
		<testcase name="TMetricTests.OffsetTest" time="0.001717"/>
		<testcase name="TManuallyPreemptedVolumesTest.ShouldWriteAndReadPreemptedVolumes" time="0.000178"/>
		<testcase name="TMountTokenTest.Sha384FixedSalt" time="0.055278"/>
		<testcase name="TMountTokenTest.Sha384RandomSalt" time="0.179575"/>
		<testcase name="TMountTokenTest.Sha384ParseErrors" time="0.119436"/>
		<testcase name="TProtoHelpersTest.TestFillDeviceInfo" time="0.039357"/>
		<testcase name="TTsRingBufferTest.TestNonZeroSizeBuffer" time="4.5e-05"/>
		<testcase name="TVolumeModelTest.ShouldAddFreshChannel" time="9.5e-05"/>
		<testcase name="TVolumeModelTest.ShouldAddMixedChannels" time="0.001627"/>
		<testcase name="TTsRingBufferTest.TestZeroSizeBuffer" time="0.000139"/>
	</testsuite>
	<testsuite name="cloud/blockstore/libs/storage/disk_agent/model/ut" tests="29" time="0.395904" failures="0" skipped="0">
		<testcase name="TCompareConfigsTest.ShouldAcceptEmptyConfigs" time="0.040362"/>
		<testcase name="TCompareConfigsTest.ShouldAllowNewDevices" time="0.000218"/>
		<testcase name="TCompareConfigsTest.ShouldDetectConfigChanges" time="0.000111"/>
		<testcase name="TCompareConfigsTest.ShouldDetectLostDevices" time="0.022427"/>
		<testcase name="TDeviceGuardTest.ShouldNotLockNonExistentPathsWithExistentCommonPrefix" time="0.000841"/>
		<testcase name="TDeviceGuardTest.ShouldNotUnlockDeletedPaths" time="0.000334"/>
		<testcase name="TDeviceGuardTest.ShouldNotUnlockNonExistentPaths" time="0.000882"/>
		<testcase name="TDeviceGuardTest.ShouldNotUnlockPathsOnMove" time="0.000496"/>
		<testcase name="TDeviceGuardTest.ShouldUnlockPathsOnDestruction" time="0.000487"/>
		<testcase name="TDeviceGuardTest.ShouldUnlockExistentPaths" time="0.000624"/>
		<testcase name="TDeviceScannerTest.ShouldLimitSplitDevices" time="0.000561"/>
		<testcase name="TDeviceGuardTest.ShouldUnlockPathsWithCommonPrefix" time="0.000745"/>
		<testcase name="TDeviceScannerTest.ShouldScanDevices" time="0.013224"/>
		<testcase name="TDeviceClientTest.TestAcquireAtomicity" time="0.017819"/>
		<testcase name="TDeviceClientTest.TestAcquireAccessMultithreaded" time="0.050003"/>
		<testcase name="TDeviceClientTest.TestDiskIdAndVolumeGenerationChecks" time="0.000276"/>
		<testcase name="TDeviceClientTest.TestAcquireReleaseAccess" time="0.012515"/>
		<testcase name="TDeviceClientTest.TestMigrationAccess" time="0.024637"/>
		<testcase name="TDeviceClientTest.TestGetSessions" time="0.012475"/>
		<testcase name="TDeviceGeneratorTest.ShouldGenerateLogicalDevices" time="0.000151"/>
		<testcase name="TDeviceGeneratorTest.ShouldGenerateDevices" time="0.087706"/>
		<testcase name="TDeviceGeneratorTest.ShouldGenerateStableUUIDs" time="0.091115"/>
		<testcase name="TDeviceGuardTest.ShouldCorrectlyUnlockRecursivePathsOnDestruction" time="0.0014"/>
		<testcase name="TDeviceGuardTest.ShouldCorrectlyUnlockRecursivelyLockedPaths" time="0.00078"/>
		<testcase name="TDeviceGuardTest.ShouldCorrectlyUnlockRecursivelyLockedPathsWithCommonPrefix" time="0.000814"/>
		<testcase name="TDeviceGuardTest.ShouldLockExistentPathsRecursively" time="0.000477"/>
		<testcase name="TDeviceGuardTest.ShouldLockExistentPaths" time="0.012388"/>
		<testcase name="TDeviceGuardTest.ShouldNotLockNonExistentPaths" time="0.000535"/>
		<testcase name="TDeviceGuardTest.ShouldLockExistentPathsWithCommonPrefix" time="0.001501"/>
	</testsuite>
	<testsuite name="cloud/blockstore/libs/storage/disk_agent/ut" tests="34" time="4.556243" failures="0" skipped="0">
		<testcase name="TDiskAgentStateTest.ShouldAllowNewDevice" time="0.043843"/>
		<testcase name="TDiskAgentStateTest.ShouldCacheSessions" time="0.026761"/>
		<testcase name="TDiskAgentStateTest.ShouldAcquireDevices" time="0.052794"/>
		<testcase name="TDiskAgentStateTest.ShouldCountInitErrors" time="0.000249"/>
		<testcase name="TDiskAgentStateTest.ShouldConvertIOTimeoutsToErrors" time="0.000642"/>
		<testcase name="TDiskAgentStateTest.ShouldCorrectlyLockDevices" time="0.002511"/>
		<testcase name="TRecentBlocksTrackerTest.Overlaping" time="0.000113"/>
		<testcase name="TSpdkInitializerTest.ShouldHandleBadTarget" time="0.059048"/>
		<testcase name="TSpdkInitializerTest.ShouldHandleBadTransport" time="0.000415"/>
		<testcase name="TSpdkInitializerTest.ShouldIgnoreBadDevice" time="0.059902"/>
		<testcase name="TStorageWithIoStatsTest.ShouldCountErrors" time="0.000846"/>
		<testcase name="TSpdkInitializerTest.ShouldInitialize" time="0.002104"/>
		<testcase name="TStorageWithIoStatsTest.ShouldCountExplicitErrors" time="5.6e-05"/>
		<testcase name="TStorageWithIoStatsTest.ShouldCountLocalReads" time="0.000696"/>
		<testcase name="TStorageWithIoStatsTest.ShouldCountLocalZero" time="0.012656"/>
		<testcase name="TStorageWithIoStatsTest.ShouldCountLocalWrites" time="0.000475"/>
		<testcase name="TDiskAgentStateTest.ShouldInitializeWithNull" time="0.011148"/>
		<testcase name="TDiskAgentStateTest.ShouldInitializeWithSpdk" time="0.043394"/>
		<testcase name="TDiskAgentStateTest.ShouldFailOnBrokenCachedConfigs" time="0.020218"/>
		<testcase name="TDiskAgentStateTest.ShouldProperlyProcessRequestsToUninitializedDevices" time="0.001534"/>
		<testcase name="TDiskAgentStateTest.ShouldReportDeviceGeneratedConfigMismatch" time="0.004121"/>
		<testcase name="TDiskAgentStateTest.ShouldPreferCachedConfigs" time="0.001777"/>
		<testcase name="TRdmaTargetTest.ShouldDelayOverlappedRequest" time="2.013305"/>
		<testcase name="TDiskAgentStateTest.ShouldStoreCachedConfigs" time="0.001866"/>
		<testcase name="TRdmaTargetTest.ShouldMakeSyncResponseForOverlappedRequest" time="0.010762"/>
		<testcase name="TRdmaTargetTest.ShouldNotDelayNotOverlappedRequest" time="1.043435"/>
		<testcase name="TRdmaTargetTest.ShouldNotDelayReadOverlappedRequest" time="1.013271"/>
		<testcase name="TRdmaTargetTest.ShouldProcessRequests" time="0.076613"/>
		<testcase name="TRecentBlocksTrackerTest.AcceptAnyAfterReset" time="0.000122"/>
		<testcase name="TRdmaTargetTest.ShouldRespectDeviceErasure" time="0.041229"/>
		<testcase name="TRecentBlocksTrackerTest.AdvanceGeneration" time="8.5e-05"/>
		<testcase name="TRecentBlocksTrackerTest.Basic" time="0.009176"/>
		<testcase name="TRecentBlocksTrackerTest.CheckingOnlyNewestIds" time="0.000715"/>
		<testcase name="TRecentBlocksTrackerTest.InflightRequests" time="0.000361"/>
	</testsuite>
	<testsuite name="cloud/blockstore/libs/storage/disk_agent/ut_actor" tests="41" time="36.128825000000006" failures="0" skipped="0">
		<testcase name="TDiskAgentTest.ShouldAcquireDevicesOnlyOnce" time="0.649345"/>
		<testcase name="TDiskAgentTest.ShouldAcquireDevicesOnlyOnceInGroup" time="0.644918"/>
		<testcase name="TDiskAgentTest.ShouldAcquireAndReleaseDevices" time="0.65937"/>
		<testcase name="TDiskAgentTest.ShouldAcquireDevicesWithMountSeqNumber" time="0.684205"/>
		<testcase name="TDiskAgentTest.ShouldCheckDevicesHealthInBackground" time="1.302067"/>
		<testcase name="TDiskAgentTest.ShouldAcquireWithRateLimits" time="0.683536"/>
		<testcase name="TDiskAgentTest.ShouldRejectMultideviceOverlappedRequests" time="0.864343"/>
		<testcase name="TDiskAgentTest.ShouldRejectSecureEraseRequestsOnPoisonPill" time="0.248619"/>
		<testcase name="TDiskAgentTest.ShouldRejectIORequestsDuringSecureErase" time="0.24627"/>
		<testcase name="TDiskAgentTest.ShouldRespectDeviceErasure" time="0.664745"/>
		<testcase name="TDiskAgentTest.ShouldSecureEraseAioDevice" time="1.174932"/>
		<testcase name="TDiskAgentTest.ShouldSecureEraseDevice" time="0.255837"/>
		<testcase name="TDiskAgentTest.ShouldSecureEraseDeviceWithExpiredClient" time="0.249244"/>
		<testcase name="TDiskAgentTest.ShouldSupportReadOnlyClients" time="0.734014"/>
		<testcase name="TDiskAgentTest.ShouldSupportOffsetAndFileSizeInFileDevices" time="2.07444"/>
		<testcase name="TDiskAgentTest.ShouldZeroFillDevice" time="1.978622"/>
		<testcase name="TDiskAgentTest.ShouldUpdateStats" time="1.153504"/>
		<testcase name="TDiskAgentTest.ShouldDelayOverlappedRequests" time="1.521834"/>
		<testcase name="TDiskAgentTest.ShouldCollectStats" time="0.324548"/>
		<testcase name="TDiskAgentTest.ShouldChecksumDeviceBlocks" time="1.698413"/>
		<testcase name="TDiskAgentTest.ShouldDenyOverlappedRequests" time="0.671661"/>
		<testcase name="TDiskAgentTest.ShouldDisableAndEnableAgentDevice" time="1.183007"/>
		<testcase name="TDiskAgentTest.ShouldDetectConfigMismatch" time="1.464091"/>
		<testcase name="TDiskAgentTest.ShouldHandleSameRequestIdMonitoringOff" time="0.687424"/>
		<testcase name="TDiskAgentTest.ShouldFindDevices" time="1.106118"/>
		<testcase name="TDiskAgentTest.ShouldHandleDeviceInitError" time="1.146501"/>
		<testcase name="TDiskAgentTest.ShouldHandleSpdkInitError" time="0.327005"/>
		<testcase name="TDiskAgentTest.ShouldInjectExceptions" time="0.9123"/>
		<testcase name="TDiskAgentTest.ShouldHandleSameRequestIdMonitoringOn" time="0.781675"/>
		<testcase name="TDiskAgentTest.ShouldLimitSecureEraseRequests" time="0.248754"/>
		<testcase name="TDiskAgentTest.ShouldNotMessDifferentDevicesRequests" time="0.659296"/>
		<testcase name="TDiskAgentTest.ShouldNotRegisterWhenNoDevicesDiscovered" time="0.654618"/>
		<testcase name="TDiskAgentTest.ShouldPerformIo" time="0.740444"/>
		<testcase name="TDiskAgentTest.ShouldPerformIoWithoutSpdk" time="2.068127"/>
		<testcase name="TDiskAgentTest.ShouldPerformIoUnsafe" time="0.665969"/>
		<testcase name="TDiskAgentTest.ShouldRegisterAfterDisconnect" time="1.133491"/>
		<testcase name="TDiskAgentTest.ShouldPreserveCookie" time="0.9397"/>
		<testcase name="TDiskAgentTest.ShouldReceiveIOErrorFromBrokenDevice" time="1.21664"/>
		<testcase name="TDiskAgentTest.ShouldRegisterDevicesOnStartup" time="0.678004"/>
		<testcase name="TDiskAgentTest.ShouldRegisterDevices" time="0.345305"/>
		<testcase name="TDiskAgentTest.ShouldRejectAcquireNonexistentDevice" time="0.685889"/>
	</testsuite>
	<testsuite name="cloud/blockstore/libs/storage/disk_agent/ut_large" tests="1" time="20.58234" failures="0" skipped="0">
		<testcase name="TDiskAgentLargeTest.ShouldSecureErase5GiBUnit" time="20.58234"/>
	</testsuite>
	<testsuite name="cloud/blockstore/libs/storage/disk_registry/actors/ut" tests="13" time="0.230599" failures="0" skipped="0">
		<testcase name="TRestoreValidatorActorTest.CheckAnotherBlockSize" time="0.004951"/>
		<testcase name="TRestoreValidatorActorTest.CheckAnotherCloud" time="0.006769"/>
		<testcase name="TRestoreValidatorActorTest.CheckSingleDiskId" time="0.009874"/>
		<testcase name="TRestoreValidatorActorTest.CheckSingleGroupId" time="0.006045"/>
		<testcase name="TRestoreValidatorActorTest.CheckValidation" time="0.006809"/>
		<testcase name="TRestoreValidatorActorTest.CheckAnotherFolder" time="0.006311"/>
		<testcase name="TRestoreValidatorActorTest.CheckDevices" time="0.009375"/>
		<testcase name="TRestoreValidatorActorTest.CheckEmptyBackup" time="0.004814"/>
		<testcase name="TRestoreValidatorActorTest.CheckNewDisksInBackup" time="0.037124"/>
		<testcase name="TRestoreValidatorActorTest.CheckNewDisksInSS" time="0.017006"/>
		<testcase name="TRestoreValidatorActorTest.CheckPlacementGroups" time="0.024392"/>
		<testcase name="TRestoreValidatorActorTest.CheckRestoreDiskMissingInSS" time="0.090611"/>
		<testcase name="TRestoreValidatorActorTest.CheckSingleAgentId" time="0.006518"/>
	</testsuite>
	<testsuite name="cloud/blockstore/libs/storage/disk_registry/model/ut" tests="29" time="2.635507" failures="0" skipped="0">
		<testcase name="TAgentCountersTest.ShouldUpdateCounters" time="0.000337"/>
		<testcase name="TAgentListTest.ShouldCalculateRejectAgentTimeout" time="0.000312"/>
		<testcase name="TAgentListTest.ShouldCalculateRejectAgentTimeoutWithUpdatedParams" time="0.013251"/>
		<testcase name="TAgentListTest.ShouldCorrectlyAccumulateRejectAgentTimeoutMultiplier" time="0.012211"/>
		<testcase name="TDeviceListTest.ShouldMinimizeRackCountUponDeviceAllocation" time="0.001479"/>
		<testcase name="TDeviceListTest.ShouldSelectAgentWithTheLeastOccupiedSpaceUponDeviceAllocation" time="0.00052"/>
		<testcase name="TDeviceListTest.ShouldSelectPhysicalDeviceWithTheMostSpaceUponDeviceAllocation" time="0.016312"/>
		<testcase name="TDeviceListTest.ShouldSelectRackAccordingToRestrictions" time="0.015155"/>
		<testcase name="TDeviceListTest.ShouldSelectRackWithTheMostFreeSpaceUponDeviceAllocation" time="0.130207"/>
		<testcase name="TDeviceListTest.ShouldTrackDeviceCountPerPool" time="2.042121"/>
		<testcase name="TReplicaTableTest.ShouldCalculateReplicaStats" time="0.014817"/>
		<testcase name="TPendingCleanupTest.ShouldPurgeDisk" time="0.011246"/>
		<testcase name="TReplicaTableTest.ShouldTryReplaceDevice" time="0.000224"/>
		<testcase name="TAgentListTest.ShouldKeepRegistryDeviceFieldsUponAgentReRegistration" time="0.047504"/>
		<testcase name="TAgentListTest.ShouldNotOverflowRejectAgentTimeout" time="0.037038"/>
		<testcase name="TAgentListTest.ShouldRegisterAgent" time="0.070417"/>
		<testcase name="TAgentListTest.ShouldRegisterAgentAtNewNode" time="0.000353"/>
		<testcase name="TAgentListTest.ShouldUpdateDevices" time="0.000595"/>
		<testcase name="TAgentListTest.ShouldUpdateCounters" time="0.104708"/>
		<testcase name="TAgentListTest.ShouldUpdateSeqNumber" time="0.03448"/>
		<testcase name="TAgentListTest.ShouldValidateSerialNumbers" time="0.023709"/>
		<testcase name="TDeviceListTest.ShouldAllocateFromGlobalPoolByPoolName" time="0.000351"/>
		<testcase name="TDeviceListTest.ShouldAllocateDevices" time="0.000767"/>
		<testcase name="TDeviceListTest.ShouldAllocateFromSpecifiedNode" time="0.024152"/>
		<testcase name="TDeviceListTest.ShouldAllocateFromLocalPoolOnlyAtSingleHost" time="0.012382"/>
		<testcase name="TDeviceListTest.ShouldFilterDevices" time="0.019269"/>
		<testcase name="TDeviceListTest.ShouldAllocateSingleDevice" time="0.000378"/>
		<testcase name="TDeviceListTest.ShouldMinimizeDeviceNameCountUponDeviceAllocation" time="0.001113"/>
		<testcase name="TDeviceListTest.ShouldForgetDevice" time="9.9e-05"/>
	</testsuite>
	<testsuite name="cloud/blockstore/libs/storage/disk_registry/ut" tests="172" time="0.33102200000000015" failures="0" skipped="0">
		<testcase name="TDiskRegistryChangeMirrorDiskTest.ShouldSuccess" time="0.000267"/>
		<testcase name="TDiskRegistryDatabaseTest.ShouldDeleteDirtyDevices" time="0.000124"/>
		<testcase name="TDiskRegistryDatabaseTest.ShouldStoreAgents" time="0.00022"/>
		<testcase name="TDiskRegistryChangeNonreplDiskTest.ShouldSuccess" time="0.000144"/>
		<testcase name="TDiskRegistryChangeNonreplDiskTest.ShouldFailByDiskId" time="0.000169"/>
		<testcase name="TDiskRegistryChangeMirrorDiskTest.ShouldFailBySourceDeviceId" time="0.000211"/>
		<testcase name="TDiskRegistryChangeNonreplDiskTest.ShouldFailBySourceDeviceId" time="0.000128"/>
		<testcase name="TDiskRegistryDatabaseTest.ShouldDeleteAgent" time="0.000187"/>
		<testcase name="TDiskRegistryDatabaseTest.ShouldDeleteDisk" time="0.000129"/>
		<testcase name="TDiskRegistryChangeMirrorDiskTest.ShouldFailByDiskId" time="0.000606"/>
		<testcase name="TDiskRegistryChangeMirrorDiskTest.ShouldFailByTargetDeviceId" time="0.000165"/>
		<testcase name="TDiskRegistryChangeNonreplDiskTest.ShouldFailByTargetDeviceId" time="0.000121"/>
		<testcase name="TDiskRegistryStateCMSTest.ShouldRemoveDevice" time="0.00031"/>
		<testcase name="TDiskRegistryStateCMSTest.ShouldRemoveBrokenDeviceWithDisk" time="0.000436"/>
		<testcase name="TDiskRegistryDatabaseTest.ShouldStoreAutomaticallyReplacedDevices" time="0.000126"/>
		<testcase name="TDiskRegistryDatabaseTest.ShouldStoreDiskState" time="0.000163"/>
		<testcase name="TDiskRegistryDatabaseTest.ShouldStoreDisks" time="0.000639"/>
		<testcase name="TDiskRegistryDatabaseTest.ShouldStoreKnownAgents" time="0.000191"/>
		<testcase name="TDiskRegistryDatabaseTest.ShouldStoreDisksToNotify" time="0.000114"/>
		<testcase name="TDiskRegistryDatabaseTest.ShouldStoreBrokenDisks" time="0.000119"/>
		<testcase name="TDiskRegistryStateCMSTest.ShouldAddNewDevice" time="0.000622"/>
		<testcase name="TDiskRegistryDatabaseTest.ShouldStorePlacementGroups" time="0.000151"/>
		<testcase name="TDiskRegistryDatabaseTest.ShouldStoreDirtyDevices" time="0.000138"/>
		<testcase name="TDiskRegistryDatabaseTest.ShouldUpdateKnownAgents" time="0.000139"/>
		<testcase name="TDiskRegistryStateTest.ShouldNotRestoreOnlineStateAutomatically" time="0.000262"/>
		<testcase name="TDiskRegistryStateTest.ShouldNotBlockMaintenanceIfIrrelevantPlacementGroupIsBroken" time="0.003603"/>
		<testcase name="TDiskRegistryStateTest.ShouldNotReplaceDeviceWithWrongBlockCount" time="0.00016"/>
		<testcase name="TDiskRegistryStateTest.ShouldNotRegisterAgentIfSeqNumberIsSmallerThanCurrent" time="0.000237"/>
		<testcase name="TDiskRegistryStateTest.ShouldNotReplaceWithSeveralDevices" time="0.000226"/>
		<testcase name="TDiskRegistryStateTest.ShouldPreserveDirtyDevicesAfterRegistration" time="0.000401"/>
		<testcase name="TDiskRegistryStateTest.ShouldNotReturnErrorForAlreadyAllocatedDisks" time="0.000253"/>
		<testcase name="TDiskRegistryStateTest.ShouldNotAllocateMoreThanLimitInPlacementGroup" time="0.003646"/>
		<testcase name="TDiskRegistryStateTest.ShouldNotTreatAppearanceOfSerialAndPhysicalOffsetAsDestructiveChange" time="0.002324"/>
		<testcase name="TDiskRegistryStateTest.ShouldNotifyDisks" time="0.000431"/>
		<testcase name="TDiskRegistryStateTest.ShouldNotAllocateDiskWithBrokenDevices" time="0.000285"/>
		<testcase name="TDiskRegistryStateTest.ShouldRegisterAgent" time="0.000724"/>
		<testcase name="TDiskRegistryStateTest.ShouldPreserveDiskState" time="0.000572"/>
		<testcase name="TDiskRegistryStateTest.ShouldProcessPlacementGroups" time="6.4e-05"/>
		<testcase name="TDiskRegistryStateTest.ShouldRejectUnknownDevices" time="0.000193"/>
		<testcase name="TDiskRegistryStateTest.ShouldPullInLegacyDiskErrorUserNotifications" time="0.000128"/>
		<testcase name="TDiskRegistryStateTest.ShouldRejectDevicesWithBadRack" time="0.000245"/>
		<testcase name="TDiskRegistryStateTest.ShouldRemoveDestroyedDiskFromNotifyList" time="0.000207"/>
		<testcase name="TDiskRegistryStateTest.ShouldRemoveAgentWithSameId" time="0.00021"/>
		<testcase name="TDiskRegistryStateTest.ShouldRejectDestructiveConfig" time="0.000265"/>
		<testcase name="TDiskRegistryStateTest.ShouldRejectBrokenStats" time="0.000355"/>
		<testcase name="TDiskRegistryStateTest.ShouldRejectConfigWithWrongVersion" time="0.000183"/>
		<testcase name="TDiskRegistryStateTest.ShouldRestartMigrationInCaseOfBrokenTargets" time="0.000349"/>
		<testcase name="TDiskRegistryStateTest.ShouldRestoreMigrationList" time="0.00012"/>
		<testcase name="TDiskRegistryStateTest.ShouldReturnOkForDeviceCmsRequestIfNoUserDisks" time="0.000222"/>
		<testcase name="TDiskRegistryStateTest.ShouldRestoreDevicePool" time="0.000392"/>
		<testcase name="TDiskRegistryStateTest.ShouldReturnDependentDisksForMirroredDisk" time="0.000217"/>
		<testcase name="TDiskRegistryStateTest.ShouldReplaceDevice" time="0.000628"/>
		<testcase name="TDiskRegistryStateTest.ShouldRemoveDiscardedAgent" time="0.007501"/>
		<testcase name="TDiskRegistryStateTest.ShouldRemoveOutdatedAgent" time="0.000295"/>
		<testcase name="TDiskRegistryStateTest.ShouldReturnDependentDisks" time="0.00027"/>
		<testcase name="TDiskRegistryStateTest.ShouldReplaceDeviceInPlacementGroup" time="0.000443"/>
		<testcase name="TDiskRegistryStateTest.ShouldReturnOkForAgentCmsRequestIfNoUserDisks" time="0.000239"/>
		<testcase name="TDiskRegistryStateTest.ShouldSupportPlacementGroups" time="0.000724"/>
		<testcase name="TDiskRegistryStateTest.ShouldSetUserId" time="0.000188"/>
		<testcase name="TDiskRegistryStateTest.ShouldUpdateAgentState" time="0.001119"/>
		<testcase name="TDiskRegistryStateTest.ShouldReturnOkForDeviceCmsRequestIfNoUserDisksAfterDeallocation" time="0.000294"/>
		<testcase name="TDiskRegistryStateTest.ShouldUpdateDeviceAndAgentState" time="0.000405"/>
		<testcase name="TDiskRegistryStateTest.ShouldTakeDeviceOverridesIntoAccount" time="0.000702"/>
		<testcase name="TDiskRegistryStateTest.ShouldSupportPartitionPlacementGroups" time="0.000364"/>
		<testcase name="TDiskRegistryStateTest.ShouldSuppressAddingRepeatingUserNotificationDuplicates" time="0.000146"/>
		<testcase name="TDiskRegistryStateTest.ShouldTrackMaxWarningTime" time="0.000552"/>
		<testcase name="TDiskRegistryStateTest.ShouldStoreMediaKindInDB" time="0.000237"/>
		<testcase name="TDiskRegistryStateTest.ShouldUpdateCounters" time="0.000616"/>
		<testcase name="TDiskRegistryStateTest.ShouldUpdateVolumeConfig" time="0.000325"/>
		<testcase name="TDiskRegistryStateTest.ShouldUpdateDeviceStateAtRegistration" time="0.000277"/>
		<testcase name="TDiskRegistryStateTest.ShouldUpdateMTBF" time="0.000303"/>
		<testcase name="TDiskRegistryStateUpdatesTest.ShouldUpdateDiskBlockSizeWhenDeviceResizesBadly" time="0.000151"/>
		<testcase name="TDiskRegistryStateTest.ShouldUpdateDeviceState" time="0.004064"/>
		<testcase name="TDiskRegistryStateTest.ShouldUpdateDeviceConfigAtAgentRegistration" time="0.000364"/>
		<testcase name="TDiskRegistryStateTest.ShouldUpdateMediaKind" time="0.000222"/>
		<testcase name="TDiskRegistryStateTest.ShouldUpdateDiskAtAgentRegistration" time="0.004445"/>
		<testcase name="TDiskRegistryStateTest.ShouldVerifyConfig" time="0.00019"/>
		<testcase name="TDiskRegistryStateUpdatesTest.ShouldUpdateDiskBlockSize" time="0.000199"/>
		<testcase name="TDiskRegistryStateTest.ShouldUpdateKnownAgents" time="0.00081"/>
		<testcase name="TDiskRegistryStateCheckpointTest.ShouldDeallocateCheckpoints" time="0.000299"/>
		<testcase name="TDiskRegistryStateCreateTest.ShouldCollectMTBF" time="0.000397"/>
		<testcase name="TDiskRegistryStateConfigTest.ShouldUpdateKnownDevicesAfterConfig" time="0.000507"/>
		<testcase name="TDiskRegistryStateCheckpointTest.ShouldCreateCheckpointForDiskRegistryBasedDisk" time="0.000834"/>
		<testcase name="TDiskRegistryStateCheckpointTest.ShouldDeallocateCheckpointOnSourceDiskDelete" time="0.000205"/>
		<testcase name="TDiskRegistryStateCheckpointTest.ShouldNotCreatWhenNotEnoughFreeSpace" time="0.000209"/>
		<testcase name="TDiskRegistryStateConfigTest.ShouldRemoveDeviceFromConfig" time="0.000263"/>
		<testcase name="TDiskRegistryStateCreateTest.ShouldCreateDiskFromDevices" time="0.00581"/>
		<testcase name="TDiskRegistryStateCheckpointTest.ShouldChangeStateForCheckpoint" time="0.001237"/>
		<testcase name="TDiskRegistryStateCheckpointTest.ShouldCreateCheckpointForMirrorDisk" time="0.000301"/>
		<testcase name="TDiskRegistryStateCreateTest.ShouldAllocateDiskWithAdjustedBlockCount" time="0.000341"/>
		<testcase name="TDiskRegistryStateCheckpointTest.ShouldCreatMultipleCheckpoints" time="0.000185"/>
		<testcase name="TDiskRegistryStateMigrationTest.ShouldRespectPlacementGroups" time="0.007059"/>
		<testcase name="TDiskRegistryStateMirroredDisksTest.ShouldAllocateDisks" time="0.000302"/>
		<testcase name="TDiskRegistryStateMigrationTest.ShouldntMigrateLocalDisks" time="0.000201"/>
		<testcase name="TDiskRegistryStateCreateTest.ShouldRetrieveCorrectStorageInfo" time="0.000719"/>
		<testcase name="TDiskRegistryStateMigrationTest.ShouldNotMigrateMoreThanAPercentageOfDevicesAtTheSameTime" time="0.000273"/>
		<testcase name="TDiskRegistryStateMigrationTest.ShouldNotMigrateMoreThanNDevicesAtTheSameTime" time="0.000263"/>
		<testcase name="TDiskRegistryStateMigrationTest.ShouldMigrateMirroredDiskReplicas1" time="0.000621"/>
		<testcase name="TDiskRegistryStateMigrationTest.ShouldMigrateMirroredDiskReplicas0" time="0.010854"/>
		<testcase name="TDiskRegistryStateMigrationTest.ShouldEraseMigrationsForDeletedDisk" time="0.000293"/>
		<testcase name="TDiskRegistryStateMigrationTest.ShouldNotDuplicateMigrations" time="0.000321"/>
		<testcase name="TDiskRegistryStateMigrationTest.ShouldMigrateMirroredDiskReplicas2" time="0.000517"/>
		<testcase name="TDiskRegistryStateMirroredDisksTest.ShouldAllocateReplicas" time="0.000292"/>
		<testcase name="TDiskRegistryStateMirroredDisksTest.ShouldReplaceBrokenDevicesUponDeviceFailure" time="0.011339"/>
		<testcase name="TDiskRegistryStateMirroredDisksTest.ShouldCleanupAfterAllocationFailure" time="0.005639"/>
		<testcase name="TDiskRegistryStateMirroredDisksTest.ShouldResizeDisk" time="0.000561"/>
		<testcase name="TDiskRegistryStateMirroredDisksTest.ShouldStopAutomaticReplacementIfReplacementRateIsTooHigh" time="0.020657"/>
		<testcase name="TDiskRegistryStateMirroredDisksTest.ShouldDeallocateReplicas" time="0.000335"/>
		<testcase name="TDiskRegistryStateMirroredDisksTest.ShouldRemoveReplacementDeviceIdsUponReplacementDeviceReplacement" time="0.000487"/>
		<testcase name="TDiskRegistryStateMirroredDisksTest.ShouldBuildReplicaTableUponStateConstruction" time="0.000108"/>
		<testcase name="TDiskRegistryStateMirroredDisksTest.ShouldTakeReplicaAvailabilityIntoAccount" time="0.000371"/>
		<testcase name="TDiskRegistryStateMirroredDisksTest.ShouldUpdateReplicaCount" time="0.000261"/>
		<testcase name="TDiskRegistryStateMirroredDisksTest.ShouldReplaceBrokenDevicesUponAgentFailure" time="0.02443"/>
		<testcase name="TDiskRegistryStateMirroredDisksTest.ShouldReportDeviceReplacementFailureUponAgentFailure" time="0.005359"/>
		<testcase name="TDiskRegistryStateMirroredDisksTest.ShouldProperlyCleanupAutomaticallyReplacedDevices" time="0.018621"/>
		<testcase name="TDiskRegistryStateSuspendTest.ShouldSuspendDevices" time="0.000313"/>
		<testcase name="TDiskRegistryStatePoolsTest.ShouldAllocateDiskOnTargetNode" time="0.000224"/>
		<testcase name="TDiskRegistryStatePendingCleanupTest.ShouldWaitForDevicesCleanup" time="0.000397"/>
		<testcase name="TDiskRegistryStatePoolsTest.ShouldAllocateDiskOnTargetNodeWithTargetPool" time="0.000182"/>
		<testcase name="TDiskRegistryStateSuspendTest.ShouldSuspendDevicesOnCMSRequest" time="0.000279"/>
		<testcase name="TDiskRegistryStatePoolsTest.ShouldAdjustDeviceBlockCount" time="0.000503"/>
		<testcase name="TDiskRegistryStateTest.AcquireDisk" time="0.000133"/>
		<testcase name="TDiskRegistryStatePoolsTest.ShouldReplaceDeviceWithPool" time="0.00026"/>
		<testcase name="TDiskRegistryStatePoolsTest.ShouldReplaceDeviceWithLocalPool" time="0.00018"/>
		<testcase name="TDiskRegistryStateMirroredDisksTest.ShouldWaitForReplicaMigrationUponCmsRemoveDeviceRequest" time="0.00041"/>
		<testcase name="TDiskRegistryStatePoolsTest.ShouldRejectAllocationForLocalPools" time="0.000233"/>
		<testcase name="TDiskRegistryStateMirroredDisksTest.ShouldWaitForReplicaMigrationUponCmsRemoveHostRequest" time="0.000929"/>
		<testcase name="TDiskRegistryStateTest.ReplaceSpecificDevice" time="0.000493"/>
		<testcase name="TDiskRegistryStateTest.ShouldAdjustDeviceAtMigration" time="0.00046"/>
		<testcase name="TDiskRegistryStateTest.ShouldAcceptUnallowedAgent" time="0.001025"/>
		<testcase name="TDiskRegistryStateTest.ResizeDisk" time="0.004848"/>
		<testcase name="TDiskRegistryStateTest.AllocateDiskOnSingleDevice" time="0.000203"/>
		<testcase name="TDiskRegistryStateTest.CanNotAllocateTooBigDisk" time="0.000181"/>
		<testcase name="TDiskRegistryStateTest.ReAllocateDisk" time="0.0003"/>
		<testcase name="TDiskRegistryStateTest.AllocateDiskWithDifferentBlockSize" time="0.000229"/>
		<testcase name="TDiskRegistryStateTest.AllocateWithBlinkingAgent" time="0.000944"/>
		<testcase name="TDiskRegistryStateTest.ShouldAdjustDeviceBlockCountAfterSecureErase" time="0.000252"/>
		<testcase name="TDiskRegistryStateTest.AllocateDiskOnFewDevices" time="0.000266"/>
		<testcase name="TDiskRegistryStateTest.ShouldAcceptAgentWithUnallowedDevice" time="0.000271"/>
		<testcase name="TDiskRegistryStateTest.ShouldCorrectlyReRegisterAgent" time="0.026284"/>
		<testcase name="TDiskRegistryStateTest.ShouldCheckDeviceOverridesUponMigrationStart" time="0.000346"/>
		<testcase name="TDiskRegistryStateTest.ShouldCountFreeBytes" time="0.000382"/>
		<testcase name="TDiskRegistryStateTest.ShouldAllocateInPartitionPlacementGroup" time="0.000322"/>
		<testcase name="TDiskRegistryStateTest.ShouldCountBrokenPlacementGroupsWithSpreadStrategy" time="0.000914"/>
		<testcase name="TDiskRegistryStateTest.ShouldCountBrokenPlacementGroupsWithPartitionStrategy" time="0.000527"/>
		<testcase name="TDiskRegistryStateTest.ShouldAllocateInPlacementGroup" time="0.00068"/>
		<testcase name="TDiskRegistryStateTest.ShouldAdjustDevices" time="0.000379"/>
		<testcase name="TDiskRegistryStateTest.ShouldBackupState" time="0.000302"/>
		<testcase name="TDiskRegistryStateTest.ShouldConsistentlyUpdateDeviceRacksOnAgentUpdate" time="0.000194"/>
		<testcase name="TDiskRegistryStateTest.ShouldAllowMigrationForDiskWithUnavailableState" time="0.000216"/>
		<testcase name="TDiskRegistryStateTest.ShouldHandleCmsRequestsForHosts" time="0.031232"/>
		<testcase name="TDiskRegistryStateTest.ShouldGatherRacksInfo" time="0.000242"/>
		<testcase name="TDiskRegistryStateTest.ShouldHandleBrokenDevices" time="0.000308"/>
		<testcase name="TDiskRegistryStateTest.ShouldGetDirtyDevices" time="0.000561"/>
		<testcase name="TDiskRegistryStateTest.ShouldHandleCmsRequestsForDevices" time="0.000631"/>
		<testcase name="TDiskRegistryStateTest.ShouldHandleDeviceSizeMismatch" time="0.001575"/>
		<testcase name="TDiskRegistryStateTest.ShouldGetDiskIds" time="0.000389"/>
		<testcase name="TDiskRegistryStateTest.ShouldDeferReleaseMigrationDevices" time="0.000342"/>
		<testcase name="TDiskRegistryStateTest.ShouldGuessHddMediaKindByDevicePoolNames" time="0.000178"/>
		<testcase name="TDiskRegistryStateTest.ShouldFindDisksToNotify" time="0.015529"/>
		<testcase name="TDiskRegistryStateTest.ShouldHandleCmsRequestsForHostsWithDependentHddDisks" time="0.000989"/>
		<testcase name="TDiskRegistryStateTest.ShouldNotAddOneDiskToTwoGroups" time="0.000261"/>
		<testcase name="TDiskRegistryStateTest.ShouldMuteIOErrors" time="0.00058"/>
		<testcase name="TDiskRegistryStateTest.ShouldMigrateDiskDevice" time="0.014589"/>
		<testcase name="TDiskRegistryStateTest.ShouldMoveDiskBetweenGroups" time="0.000176"/>
		<testcase name="TDiskRegistryStateTest.ShouldNotAllocateDiskAtAgentWithWarningState" time="0.000323"/>
		<testcase name="TDiskRegistryStateTest.ShouldNotAllocateDiskOnAgentWithWarningState" time="0.000674"/>
		<testcase name="TDiskRegistryStateTest.ShouldIgnoreAlteringAlreadyLocatedDisk" time="0.000285"/>
		<testcase name="TDiskRegistryStateTest.ShouldMigrateToDeviceWithBiggerSize" time="0.015898"/>
		<testcase name="TDiskRegistryStateTest.ShouldHandleLostDevices" time="0.032488"/>
		<testcase name="TDiskRegistryStateTest.ShouldMoveDiskBetweenPartitions" time="0.00019"/>
		<testcase name="TDiskRegistryStateTest.ShouldNotAllocateDirtyDevices" time="0.001084"/>
	</testsuite>
	<testsuite name="cloud/blockstore/libs/storage/disk_registry/ut_allocation" tests="17" time="35.774572000000006" failures="0" skipped="0">
		<testcase name="TDiskRegistryTest.ShouldAllocateInPlacementGroup" time="2.256038"/>
		<testcase name="TDiskRegistryTest.ShouldAllocateDisk" time="2.283288"/>
		<testcase name="TDiskRegistryTest.ShouldAllocateMirroredDisk" time="3.460919"/>
		<testcase name="TDiskRegistryTest.ShouldAllocateWithCorrectBlockSize" time="2.267799"/>
		<testcase name="TDiskRegistryTest.ShouldNotDeallocateUnmarkedDisk" time="0.65515"/>
		<testcase name="TDiskRegistryTest.ShouldPreventAllocation" time="0.257631"/>
		<testcase name="TDiskRegistryTest.ShouldSupportPlacementGroups" time="2.277495"/>
		<testcase name="TDiskRegistryTest.ShouldTakeDeviceOverridesIntoAccount" time="2.267286"/>
		<testcase name="TDiskRegistryTest.ShouldWaitSecureEraseAfterRegularDeallocation" time="4.083906"/>
		<testcase name="TDiskRegistryTest.ShouldAwaitSchemaResponseForAlterDisk" time="1.083573"/>
		<testcase name="TDiskRegistryTest.ShouldAwaitSchemaResponseForDestroyPlacementGroup" time="1.065043"/>
		<testcase name="TDiskRegistryTest.ShouldDeallocateDiskSync" time="5.680438"/>
		<testcase name="TDiskRegistryTest.ShouldDescribeDisk" time="2.270268"/>
		<testcase name="TDiskRegistryTest.ShouldDestroyBrokenDisks" time="0.658536"/>
		<testcase name="TDiskRegistryTest.ShouldDestroyEmptyPlacementGroup" time="0.258119"/>
		<testcase name="TDiskRegistryTest.ShouldHandleDestroyVolumeError" time="1.277704"/>
		<testcase name="TDiskRegistryTest.ShouldNotAllocateMoreThanMaxDisksInPlacementGroup" time="3.671379"/>
	</testsuite>
	<testsuite name="cloud/blockstore/libs/storage/disk_registry/ut_cms" tests="17" time="11.917701" failures="0" skipped="0">
		<testcase name="TDiskRegistryTest.ShouldAllowToTakeAwayAlreadyUnavailableAgents" time="0.682768"/>
		<testcase name="TDiskRegistryTest.ShouldAddHostAndDevicesAfterRemoval" time="0.69841"/>
		<testcase name="TDiskRegistryTest.ShouldAllowToTakeAwayAlreadyUnavailableDevice" time="0.670125"/>
		<testcase name="TDiskRegistryTest.ShouldFailCmsRequestIfActionIsUnknown" time="0.689414"/>
		<testcase name="TDiskRegistryTest.ShouldRestoreAgentCMSTimeoutAfterReboot" time="1.183399"/>
		<testcase name="TDiskRegistryTest.ShouldRestoreDeviceCMSTimeoutAfterReboot" time="1.204652"/>
		<testcase name="TDiskRegistryTest.ShouldReturnOkForCmsRequestIfAgentDoesnotHaveUserDisks" time="0.747593"/>
		<testcase name="TDiskRegistryTest.ShouldReturnOkForCmsRequestIfDisksWereDeallocated" time="0.703233"/>
		<testcase name="TDiskRegistryTest.ShouldReturnOkIfRemovedDeviceHasNoDisks" time="0.71426"/>
		<testcase name="TDiskRegistryTest.ShouldFailCmsRequestIfAgentIsNotFound" time="0.263534"/>
		<testcase name="TDiskRegistryTest.ShouldFailCmsRequestIfDeviceNotFound" time="0.708656"/>
		<testcase name="TDiskRegistryTest.ShouldFailCmsRequestIfDiskRegistryRestarts" time="0.666334"/>
		<testcase name="TDiskRegistryTest.ShouldGetDependentDisks" time="0.658741"/>
		<testcase name="TDiskRegistryTest.ShouldGetDependentDisksAndIgnoreReplicated" time="0.659218"/>
		<testcase name="TDiskRegistryTest.ShouldRemoveAgentsUponCmsRequest" time="0.259505"/>
		<testcase name="TDiskRegistryTest.ShouldRemoveDeviceUponCmsRequest" time="0.742591"/>
		<testcase name="TDiskRegistryTest.ShouldRemoveMultipleDevicesUponCmsRequest" time="0.665268"/>
	</testsuite>
	<testsuite name="cloud/blockstore/libs/storage/disk_registry/ut_config" tests="16" time="29.578295" failures="0" skipped="0">
		<testcase name="TDiskRegistryTest.ShouldBackup" time="1.053375"/>
		<testcase name="TDiskRegistryTest.ShouldDescribeConfig" time="2.277223"/>
		<testcase name="TDiskRegistryTest.ShouldErrorOnBackup" time="0.861908"/>
		<testcase name="TDiskRegistryTest.ShouldScheduleBackupAfterReset" time="0.663465"/>
		<testcase name="TDiskRegistryTest.ShouldUpdateAgentStats" time="0.666267"/>
		<testcase name="TDiskRegistryTest.ShouldUpdateKnownDevicesAfterConfig" time="11.314939"/>
		<testcase name="TDiskRegistryTest.ShouldUpdateVolumeConfig" time="2.509704"/>
		<testcase name="TDiskRegistryTest.ShouldWaitReady" time="0.258792"/>
		<testcase name="TDiskRegistryTest.ShouldIgnoreConfigVersion" time="0.253694"/>
		<testcase name="TDiskRegistryTest.ShouldRegisterAgent" time="0.457105"/>
		<testcase name="TDiskRegistryTest.ShouldRejectConfigWithBadVersion" time="0.258698"/>
		<testcase name="TDiskRegistryTest.ShouldRejectDestructiveUpdateConfig" time="2.287275"/>
		<testcase name="TDiskRegistryTest.ShouldRespectVolumeConfigVersion" time="2.594525"/>
		<testcase name="TDiskRegistryTest.ShouldRetryVolumeConfigUpdateAfterReboot" time="0.661936"/>
		<testcase name="TDiskRegistryTest.ShouldRetryVolumeConfigUpdateAfterTimeout" time="0.862998"/>
		<testcase name="TDiskRegistryTest.ShouldScheduleBackup" time="2.596391"/>
	</testsuite>
	<testsuite name="cloud/blockstore/libs/storage/disk_registry/ut_checkpoint" tests="5" time="11.584311" failures="0" skipped="0">
		<testcase name="TDiskRegistryTest.ShouldAllocateCheckpointForMirror" time="2.269942"/>
		<testcase name="TDiskRegistryTest.ShouldAllocateCheckpointForNonrepl" time="2.26984"/>
		<testcase name="TDiskRegistryTest.ShouldChangeStateForCheckpoint" time="2.503538"/>
		<testcase name="TDiskRegistryTest.ShouldDeallocateCheckpoint" time="2.271294"/>
		<testcase name="TDiskRegistryTest.ShouldDeallocateCheckpointOnSourceDiskDelete" time="2.269697"/>
	</testsuite>
	<testsuite name="cloud/blockstore/libs/storage/disk_registry/ut_create" tests="2" time="4.368498" failures="0" skipped="0">
		<testcase name="TDiskRegistryTest.ShouldCreateDiskFromDevices" time="3.083744"/>
		<testcase name="TDiskRegistryTest.ShouldCreateDiskFromSuspendedDevices" time="1.284754"/>
	</testsuite>
	<testsuite name="cloud/blockstore/libs/storage/disk_registry/ut_migration" tests="17" time="34.463863" failures="0" skipped="0">
		<testcase name="TDiskRegistryTest.ShouldAllowMigrationForDiskWithUnavailableState" time="4.765588"/>
		<testcase name="TDiskRegistryTest.ShouldCancelMigrationAfterDiskDeallocation" time="2.975629"/>
		<testcase name="TDiskRegistryTest.ShouldCancelMigrationFromBrokenAgent" time="1.465525"/>
		<testcase name="TDiskRegistryTest.ShouldCancelMigrationFromBrokenDevice" time="1.314353"/>
		<testcase name="TDiskRegistryTest.ShouldNotifyVolumeAboutNewMigration" time="2.481722"/>
		<testcase name="TDiskRegistryTest.ShouldReleaseMigrationTargets" time="0.863024"/>
		<testcase name="TDiskRegistryTest.ShouldRestartMigrationInCaseOfBrokenTragets" time="1.12591"/>
		<testcase name="TDiskRegistryTest.ShouldSendEnableDeviceWhenSwithingOnline" time="0.531105"/>
		<testcase name="TDiskRegistryTest.ShouldTrackMaxMigrationTime" time="2.13609"/>
		<testcase name="TDiskRegistryTest.ShouldCancelMigrationFromLostDevices" time="2.505411"/>
		<testcase name="TDiskRegistryTest.ShouldDeferReleaseMigrationDevices" time="1.258666"/>
		<testcase name="TDiskRegistryTest.ShouldForceMigrateDevice" time="2.264347"/>
		<testcase name="TDiskRegistryTest.ShouldHandleMultipleCmsRequests" time="2.264951"/>
		<testcase name="TDiskRegistryTest.ShouldMigrateDevice" time="2.684603"/>
		<testcase name="TDiskRegistryTest.ShouldMigrateDeviceAfterReboot" time="3.071715"/>
		<testcase name="TDiskRegistryTest.ShouldMigrateDiskWith64KBlockSize" time="0.488925"/>
		<testcase name="TDiskRegistryTest.ShouldMigrateWithRespectToPlacementGroup" time="2.266299"/>
	</testsuite>
	<testsuite name="cloud/blockstore/libs/storage/disk_registry/ut_mirrored_disk_migration" tests="2" time="5.737783" failures="0" skipped="0">
		<testcase name="TDiskRegistryTest.ShouldFinishMigrationForMirroredDisk" time="2.87053"/>
		<testcase name="TDiskRegistryTest.ShouldFinishReplicationForMirroredDisk" time="2.867253"/>
	</testsuite>
	<testsuite name="cloud/blockstore/libs/storage/disk_registry/ut_notify" tests="6" time="3.8076049999999997" failures="0" skipped="0">
		<testcase name="TDiskRegistryTest.ShouldIgnoreDeletedDisk" time="0.261805"/>
		<testcase name="TDiskRegistryTest.ShouldNotifyAboutDiskError" time="0.459813"/>
		<testcase name="TDiskRegistryTest.ShouldNotifyAboutDiskErrorAfterReboot" time="0.476335"/>
		<testcase name="TDiskRegistryTest.ShouldNotifyAboutReturningDiskBackOnline" time="0.659302"/>
		<testcase name="TDiskRegistryTest.ShouldNotifyByUserId" time="0.470593"/>
		<testcase name="TDiskRegistryTest.ShouldRetryNotifications" time="1.479757"/>
	</testsuite>
	<testsuite name="cloud/blockstore/libs/storage/disk_registry/ut_pools" tests="3" time="11.101157" failures="0" skipped="0">
		<testcase name="TDiskRegistryTest.ShouldAllocateOnTargetAgentId" time="2.71313"/>
		<testcase name="TDiskRegistryTest.ShouldNotSuspendDevices" time="2.88467"/>
		<testcase name="TDiskRegistryTest.ShouldQueryAvailableStorage" time="5.503357"/>
	</testsuite>
	<testsuite name="cloud/blockstore/libs/storage/disk_registry/ut_restore" tests="1" time="35.973841" failures="0" skipped="0">
		<testcase name="TDiskRegistryTest.ShouldRestoreState" time="35.973841"/>
	</testsuite>
	<testsuite name="cloud/blockstore/libs/storage/disk_registry/ut_session" tests="12" time="18.601262000000002" failures="0" skipped="0">
		<testcase name="TDiskRegistryTest.ShouldAcquireDisk" time="0.700566"/>
		<testcase name="TDiskRegistryTest.ShouldAcquireReleaseSession" time="0.66401"/>
		<testcase name="TDiskRegistryTest.ShouldRejectTimedOutReleaseDisk" time="2.190065"/>
		<testcase name="TDiskRegistryTest.ShouldRespectAgentRequestTimeoutDuringAcquire" time="3.517571"/>
		<testcase name="TDiskRegistryTest.ShouldCancelAcquireDisk" time="1.068424"/>
		<testcase name="TDiskRegistryTest.ShouldCancelPendingSessionsOnReboot" time="2.226367"/>
		<testcase name="TDiskRegistryTest.ShouldCancelSessionOnReRegisterAgent" time="3.01997"/>
		<testcase name="TDiskRegistryTest.ShouldFailReleaseSessionIfDiskRegistryRestarts" time="0.664356"/>
		<testcase name="TDiskRegistryTest.ShouldHandleTimeoutedStartSession" time="0.862293"/>
		<testcase name="TDiskRegistryTest.ShouldHandleUndeliveredAcquire" time="0.255854"/>
		<testcase name="TDiskRegistryTest.ShouldNotSendAcquireReleaseRequestsToUnavailableAgents" time="2.774287"/>
		<testcase name="TDiskRegistryTest.ShouldPassAllParamsInAcquireDevicesRequest" time="0.657499"/>
	</testsuite>
	<testsuite name="cloud/blockstore/libs/storage/disk_registry/ut_suspend" tests="2" time="2.366588" failures="0" skipped="0">
		<testcase name="TDiskRegistryTest.ShouldSuspendDevices" time="1.816469"/>
		<testcase name="TDiskRegistryTest.ShouldSuspendDevicesOnCMSRequest" time="0.550119"/>
	</testsuite>
	<testsuite name="cloud/blockstore/libs/storage/disk_registry/ut_wait_device" tests="3" time="1.480391" failures="0" skipped="0">
		<testcase name="TDiskRegistryWaitDeviceTest.ShouldRejectPendingRequestsOnDeviceError" time="0.39217"/>
		<testcase name="TDiskRegistryWaitDeviceTest.ShouldRejectPendingRequestsOnTabletReboot" time="0.685798"/>
		<testcase name="TDiskRegistryWaitDeviceTest.ShouldWaitForDeviceCleanup" time="0.402423"/>
	</testsuite>
	<testsuite name="cloud/blockstore/libs/storage/disk_registry/ut_lifecycle" tests="31" time="72.58852799999998" failures="0" skipped="0">
		<testcase name="TDiskRegistryTest.ShouldCountPublishDiskStateErrors" time="0.242944"/>
		<testcase name="TDiskRegistryTest.ShouldCleanupMirroredDisks" time="2.266927"/>
		<testcase name="TDiskRegistryTest.ShouldCleanDirtyDevicesAfterReboot" time="0.448663"/>
		<testcase name="TDiskRegistryTest.ShouldCleanupDisks" time="0.664267"/>
		<testcase name="TDiskRegistryTest.ShouldFailCleanupIfDiskRegistryRestarts" time="0.679905"/>
		<testcase name="TDiskRegistryTest.ShouldDetectBrokenDevices" time="0.868973"/>
		<testcase name="TDiskRegistryTest.ShouldFailToUpdateAgentListParamsWithIncorrectAgentIds" time="0.256978"/>
		<testcase name="TDiskRegistryTest.ShouldKillPreviousAgentAfterRegisteringNewAgent" time="0.246451"/>
		<testcase name="TDiskRegistryTest.ShouldHandleSecureEraseRequestTimeout" time="1.253288"/>
		<testcase name="TDiskRegistryTest.ShouldHandleUndeliveredSecureEraseRequests" time="2.779525"/>
		<testcase name="TDiskRegistryTest.ShouldNotCleanupUnmarkedDisks" time="0.740573"/>
		<testcase name="TDiskRegistryTest.ShouldMuteIOErrorsForTempUnavailableDisk" time="0.667969"/>
		<testcase name="TDiskRegistryTest.ShouldNotCleanupAliveDisks" time="0.676357"/>
		<testcase name="TDiskRegistryTest.ShouldNotifyDisks" time="3.089721"/>
		<testcase name="TDiskRegistryTest.ShouldNotReuseBrokenDevice" time="1.671475"/>
		<testcase name="TDiskRegistryTest.ShouldNotUnregisterNewAgentAfterKillingPreviousAgent" time="0.455456"/>
		<testcase name="TDiskRegistryTest.ShouldPublishDiskState" time="0.654341"/>
		<testcase name="TDiskRegistryTest.ShouldRecoverStateOnReboot" time="0.657069"/>
		<testcase name="TDiskRegistryTest.ShouldRegisterUnavailableAgentAfterTimeout" time="0.44411"/>
		<testcase name="TDiskRegistryTest.ShouldRejectDisconnectedAgentDynamically" time="41.480443"/>
		<testcase name="TDiskRegistryTest.ShouldRejectDisconnectedAgentAfterTransitionFromReadOnlyState" time="0.644047"/>
		<testcase name="TDiskRegistryTest.ShouldRejectDisconnectedAgent" time="1.014714"/>
		<testcase name="TDiskRegistryTest.ShouldRepairVolume" time="0.680869"/>
		<testcase name="TDiskRegistryTest.ShouldRestoreCountersAfterReboot" time="0.861683"/>
		<testcase name="TDiskRegistryTest.ShouldReplaceDevice" time="2.275155"/>
		<testcase name="TDiskRegistryTest.ShouldRetryTimedOutNotifications" time="0.849272"/>
		<testcase name="TDiskRegistryTest.ShouldRetryCleanDevices" time="1.355909"/>
		<testcase name="TDiskRegistryTest.ShouldSecureErase" time="0.652915"/>
		<testcase name="TDiskRegistryTest.ShouldUpdateNodeId" time="0.271817"/>
		<testcase name="TDiskRegistryTest.ShouldSwitchToReadOnlyOnAgentFailure" time="1.261911"/>
		<testcase name="TDiskRegistryTest.ShouldSkipSecureEraseForUnavailableDevices" time="2.474801"/>
	</testsuite>
	<testsuite name="cloud/blockstore/libs/storage/disk_registry_proxy/ut" tests="15" time="16.980660000000004" failures="0" skipped="0">
		<testcase name="TDiskRegistryProxyTest.ShouldAcquireDisk" time="0.254154"/>
		<testcase name="TDiskRegistryProxyTest.ShouldAllocateDisk" time="0.265327"/>
		<testcase name="TDiskRegistryProxyTest.ShouldNotStartReassignIfAnotherReassignIsInProgress" time="0.256507"/>
		<testcase name="TDiskRegistryProxyTest.ShouldReassignDRToDesiredKind" time="1.617146"/>
		<testcase name="TDiskRegistryProxyTest.ShouldRespondWithoutOwner" time="0.256056"/>
		<testcase name="TDiskRegistryProxyTest.ShouldRestoreConnection" time="1.616314"/>
		<testcase name="TDiskRegistryProxyTest.ShouldSubscribe" time="2.168885"/>
		<testcase name="TDiskRegistryProxyTest.ShouldCancelActiveRequests" time="1.599152"/>
		<testcase name="TDiskRegistryProxyTest.ShouldChooseDefaultChannelsForReassignIfAbsent" time="1.615017"/>
		<testcase name="TDiskRegistryProxyTest.ShouldCreateDRWithProperStoragePool" time="0.258078"/>
		<testcase name="TDiskRegistryProxyTest.ShouldFailReassignIfNoPoolForKind" time="0.25919"/>
		<testcase name="TDiskRegistryProxyTest.ShouldHandleCreateTabletError" time="0.265992"/>
		<testcase name="TDiskRegistryProxyTest.ShouldHandleExpiredLookup" time="3.822717"/>
		<testcase name="TDiskRegistryProxyTest.ShouldHandleLookupTimeout" time="2.465821"/>
		<testcase name="TDiskRegistryProxyTest.ShouldNotCreateDrIfNoSuitableStoragePool" time="0.260304"/>
	</testsuite>
	<testsuite name="cloud/blockstore/libs/storage/model/ut" tests="9" time="0.303578" failures="0" skipped="0">
		<testcase name="TCompositeIdTest.Basic" time="0.000153"/>
		<testcase name="TCompositeIdTest.CanAdvance" time="0.000401"/>
		<testcase name="TCompositeIdTest.Parser" time="0.000124"/>
		<testcase name="TCompositeTaskListTest.Basic" time="0.301763"/>
		<testcase name="TRequestsInProgressTest.AllRequests" time="0.000108"/>
		<testcase name="TRequestsInProgressTest.Basic" time="0.000147"/>
		<testcase name="TRequestsInProgressTest.CustomId" time="0.000231"/>
		<testcase name="TRequestsInProgressTest.GenerateIdentityKey" time="0.00013"/>
		<testcase name="TRequestsInProgressTest.ResetIdentityKey" time="0.000521"/>
	</testsuite>
	<testsuite name="cloud/blockstore/libs/storage/partition/model/ut" tests="18" time="0.053596" failures="0" skipped="0">
		<testcase name="TBarriersTest.ShouldKeepTrackOfBarriers" time="0.000211"/>
		<testcase name="TBlockMaskTest.ShouldCorrectlyDetermineFullness" time="5.8e-05"/>
		<testcase name="TCheckpointTest.ShouldCorrectlyAddCheckpointWithoutData" time="0.000164"/>
		<testcase name="TCheckpointTest.ShouldCorrectlyAddSameCheckpoint" time="0.015953"/>
		<testcase name="TGarbageQueueTest.ShouldGCNewBlobIfItIsGarbageAndCreatedInPreviousGeneration" time="0.004864"/>
		<testcase name="TGarbageQueueTest.ShouldKeepItemsSorted" time="0.0002"/>
		<testcase name="TMixedIndexCache.ShouldPruneRanges" time="0.000181"/>
		<testcase name="TPartition1BlockIndexTest.ShouldOverwriteBlocks" time="0.000132"/>
		<testcase name="TPartition1BlockIndexTest.ShouldStoreBlocks" time="0.012816"/>
		<testcase name="TCheckpointTest.ShouldCorrectlyGetCommitId" time="0.000129"/>
		<testcase name="TCleanupQueueTest.ShouldKeepItemsSorted" time="0.000202"/>
		<testcase name="TCleanupQueueTest.ShouldTrimQueue" time="0.000153"/>
		<testcase name="TCommitQueueTest.ShouldKeepTrackOfCommits" time="0.000197"/>
		<testcase name="TFreshBlob.SerializationShouldBeForwardAndBackwardCompatibleWrite" time="0.001371"/>
		<testcase name="TFreshBlob.SerializationShouldBeForwardAndBackwardCompatibleZero" time="0.012252"/>
		<testcase name="TFreshBlob.ShouldRestoreFreshBlocks" time="0.004149"/>
		<testcase name="TFreshBlob.ShouldRestoreZeroedFreshBlocks" time="0.000223"/>
		<testcase name="TGarbageQueueTest.ShouldDeduplicateBlobsFromCurrentGeneration" time="0.000341"/>
	</testsuite>
	<testsuite name="cloud/blockstore/libs/storage/partition/ut" tests="205" time="109.84024100000003" failures="0" skipped="0">
		<testcase name="TPartitionDatabaseTest.ShouldStoreUsedBlocks" time="0.000191"/>
		<testcase name="TPartitionStateTest.PickNextChannelWithProperFreeSpaceShare" time="0.001337"/>
		<testcase name="TPartitionDatabaseTest.ShouldFindMergedBlocks" time="0.00024"/>
		<testcase name="TPartitionStateTest.CheckMaxBlobsPerDisk" time="4.1e-05"/>
		<testcase name="TPartitionDatabaseTest.ShouldFindBlobsInBlobsIndex" time="0.000212"/>
		<testcase name="TPartitionStateTest.ShouldCalculateFreshBlobByteCount" time="9.3e-05"/>
		<testcase name="TPartitionDatabaseTest.ShouldFindBlobsInBlobIndex" time="0.000927"/>
		<testcase name="TPartitionDatabaseTest.ShouldCorrectlyDeleteCheckpoint" time="0.000191"/>
		<testcase name="TPartitionDatabaseTest.ShouldFindMixedBlocks" time="0.000543"/>
		<testcase name="TPartitionStateTest.ShouldCorrectlyCalculateCheckpointBytes" time="4.3e-05"/>
		<testcase name="TPartitionDatabaseTest.ShouldFindRangeOfMixedBlocks" time="0.000258"/>
		<testcase name="TPartitionDatabaseTest.ShouldFindRangeOfMergedBlocks" time="0.001201"/>
		<testcase name="TPartitionDatabaseTest.ShouldReadFreshBlocks" time="0.000363"/>
		<testcase name="TPartitionStateTest.PickMergedChannelIfAllMixedChannelsAreFull" time="5.2e-05"/>
		<testcase name="TPartitionDatabaseTest.ShouldCorrectlyWriteCheckpointWithoutData" time="0.000626"/>
		<testcase name="TPartitionDatabaseTest.ShouldCorrectlyWriteDeleteCheckpointData" time="0.000283"/>
		<testcase name="TPartitionStateTest.PickProperNextChannel" time="0.000115"/>
		<testcase name="TPartitionStateTest.CalculateCurrentBackpressure" time="0.000167"/>
		<testcase name="TPartitionStateTest.CompactionBackpressureShouldBeZeroIfNotRequiredByPolicy" time="5.9e-05"/>
		<testcase name="TPartitionDatabaseTest.ShouldStorePartitionMeta" time="0.001133"/>
		<testcase name="TPartitionStateTest.PickProperNextChannelWithExplicitChannelProfiles" time="0.00071"/>
		<testcase name="TPartitionTest.ShouldAutomaticallyRunGarbageCompaction" time="1.446867"/>
		<testcase name="TPartitionTest.DescribeBlocksIsNotImplementedForOverlayDisks" time="0.241081"/>
		<testcase name="TPartitionStateTest.ShouldReturnInvalidCommitIdWhenItOverflows" time="0.000586"/>
		<testcase name="TPartitionStateTest.TestReassignedChannelsCollection" time="7.3e-05"/>
		<testcase name="TPartitionTest.CheckRealSysCountersDuringIncrementalCompaction" time="0.261796"/>
		<testcase name="TPartitionTest.CheckRealSysCountersDuringCompaction" time="0.25489"/>
		<testcase name="TPartitionTest.ShouldAddSmallBlobsDuringFlushIfThereAreAnyBlobsInFreshChannel" time="0.456129"/>
		<testcase name="TPartitionTest.ShouldAutomaticallyRunCompactionForDeletionMarkers" time="0.443581"/>
		<testcase name="TPartitionTest.ShouldAutomaticallyRunCompaction" time="0.451549"/>
		<testcase name="TPartitionStateTest.ShouldStoreBlocksInMixedCache" time="0.00037"/>
		<testcase name="TPartitionStateTest.UpdateChannelFreeSpaceShare" time="6.4e-05"/>
		<testcase name="TPartitionTest.ShouldAutomaticallyFlushBlocksFromFreshChannel" time="0.457"/>
		<testcase name="TPartitionStateTest.TestReassignedChannelsPercentageThreshold" time="0.000179"/>
		<testcase name="TPartitionTest.ShouldAutomaticallyFlushBlocksWhenFreshBlobByteCountThresholdIsReached" time="0.859086"/>
		<testcase name="TPartitionStateTest.UpdatePermissions" time="0.000256"/>
		<testcase name="TPartitionStateTest.ShouldRegisterGroupDowntimes" time="0.00033"/>
		<testcase name="TPartitionTest.ShouldAutomaticallyFlushBlocksWhenFreshBlobCountThresholdIsReached" time="0.85691"/>
		<testcase name="TPartitionStateTest.ShouldCorrectlyCalculateUsedBlocksCount" time="0.001025"/>
		<testcase name="TPartitionTest.ShouldAutomaticallyRunGarbageCompactionForSuperDirtyRanges" time="2.857348"/>
		<testcase name="TPartitionTest.CompactionShouldTakeCareOfFreshBlocks" time="0.244963"/>
		<testcase name="TPartitionTest.ShouldAutomaticallyFlush" time="0.470678"/>
		<testcase name="TPartitionTest.ShouldCorrectlyCopyUsedBlocksCountForOverlayDisk" time="2.302228"/>
		<testcase name="TPartitionTest.ShouldCleanupBlobs" time="0.273202"/>
		<testcase name="TPartitionTest.ShouldBlockCleanupDuringScanDisk" time="0.25378"/>
		<testcase name="TPartitionTest.ShouldBlockCleanupDuringMetadataRebuild" time="0.251078"/>
		<testcase name="TPartitionTest.ShouldCompactAndCleanupWithoutDelayUponScoreOverflow" time="0.671432"/>
		<testcase name="TPartitionTest.ShouldCorrectlyCalculateBlocksCount" time="0.644743"/>
		<testcase name="TPartitionTest.ShouldChangeBatchSizeDueToBlocksPerDisk" time="1.296686"/>
		<testcase name="TPartitionTest.ShouldCompressFreshBlocks" time="0.245103"/>
		<testcase name="TPartitionTest.ShouldAutomaticallyTrimFreshBlobsFromPreviousGeneration" time="0.25065"/>
		<testcase name="TPartitionTest.ShouldCompressBlobs" time="0.242684"/>
		<testcase name="TPartitionTest.ShouldConfirmBlobs" time="0.245816"/>
		<testcase name="TPartitionTest.ShouldCorrectlyCalculateLogicalUsedBlocksCountForOverlayDisk" time="0.24876"/>
		<testcase name="TPartitionTest.ShouldConsolidateZeroedBlocksOnCompaction" time="0.255597"/>
		<testcase name="TPartitionTest.ShouldAutomaticallyRunLoadOptimizingCompaction" time="9.535197"/>
		<testcase name="TPartitionTest.ShouldAutomaticallyTrimFreshLogOnFlush" time="0.463945"/>
		<testcase name="TPartitionTest.ShouldCalculateCompactionAndCleanupDelays" time="1.260745"/>
		<testcase name="TPartitionTest.ShouldBatchSmallWrites" time="1.079881"/>
		<testcase name="TPartitionTest.ShouldCorrectlyCalculateUsedBlocksCount" time="0.654659"/>
		<testcase name="TPartitionTest.ShouldBatchIntersectingWrites" time="0.871973"/>
		<testcase name="TPartitionTest.ShouldChangeBatchSizeDueToBlocksPerRangeCount" time="1.953996"/>
		<testcase name="TPartitionTest.ShouldCompactIncrementally" time="1.462701"/>
		<testcase name="TPartitionTest.ShouldDecrementBatchSizeWhenBlobsPerRangeCountIsSmall" time="0.66042"/>
		<testcase name="TPartitionTest.ShouldCorrectlyHandleZeroAndNonZeroFreshBlobsDuringFlush" time="0.252558"/>
		<testcase name="TPartitionTest.ShouldCorrectlyUpdatePartialScanDiskProgress" time="0.882127"/>
		<testcase name="TPartitionTest.ShouldDeleteCheckpointAfterDeleteCheckpointDataAndReboot" time="0.261128"/>
		<testcase name="TPartitionTest.ShouldCorrectlyScanDiskWithoutBrokenBlobs" time="1.676831"/>
		<testcase name="TPartitionTest.ShouldExecuteCollectGarbageAtStartup" time="0.46638"/>
		<testcase name="TPartitionTest.ShouldCorrectlyScanDiskWithBrokenBlobs" time="1.674809"/>
		<testcase name="TPartitionTest.ShouldCorrectlyScanDiskAfterPartitionReboot" time="1.479684"/>
		<testcase name="TPartitionTest.ShouldDecrementBatchSizeWhenBlobsCountPerDiskIsSmall" time="0.659926"/>
		<testcase name="TPartitionTest.ShouldCorrectlyHandleTabletInfoChannelCountMoreThanConfigChannelCount" time="0.681862"/>
		<testcase name="TPartitionTest.ShouldDrain" time="1.255969"/>
		<testcase name="TPartitionTest.ShouldCorrectlyMarkFirstBlockInBlobIfItIsTheSameAsLastBlockInPreviousBlob" time="0.860612"/>
		<testcase name="TPartitionTest.ShouldCorrectlyMarkCrossRangeBlocksDuringCompaction" time="0.471068"/>
		<testcase name="TPartitionTest.ShouldCreateBlobsForEveryWrittenRangeDuringForcedCompaction" time="0.259662"/>
		<testcase name="TPartitionTest.ShouldCorrectlyHandleTabletInfoChannelCountLessThanConfigChannelCount" time="0.686321"/>
		<testcase name="TPartitionTest.ShouldCorrectlyGetChangedBlocksForOverlayDisk" time="0.246872"/>
		<testcase name="TPartitionTest.ShouldCorrectlyGetChangedBlocksWhenRangeIsOutOfBounds" time="0.243024"/>
		<testcase name="TPartitionTest.ShouldDeleteCheckpointAfterDeleteCheckpointData" time="0.265598"/>
		<testcase name="TPartitionTest.ShouldCorrectlyHandleStartBlockInChangedBlocksRequest" time="0.24572"/>
		<testcase name="TPartitionTest.ShouldCorrectlyGetChangedBlocksForCheckpointWithoutData" time="0.249682"/>
		<testcase name="TPartitionTest.ShouldCorrectlyTrackYellowChannelsInBackground" time="2.272397"/>
		<testcase name="TPartitionTest.ShouldGetUsedBlocks" time="0.244089"/>
		<testcase name="TPartitionTest.ShouldHandleDescribeBlocksRequestWhenBlocksAreFresh" time="0.242895"/>
		<testcase name="TPartitionTest.ShouldFailReadBlocksWhenSglistHolderIsDestroyed" time="0.244111"/>
		<testcase name="TPartitionTest.ShouldFailScanDiskIfAlreadyRunning" time="0.243566"/>
		<testcase name="TPartitionTest.ShouldHandleDescribeBlocksRequestWithOutOfBoundsRange" time="0.244693"/>
		<testcase name="TPartitionTest.ShouldFillEnryptedBlockMaskWhenReadBlock" time="0.242952"/>
		<testcase name="TPartitionTest.ShouldHandleDescribeBlocksRequestWithInvalidCheckpointId" time="0.252809"/>
		<testcase name="TPartitionTest.ShouldFirstGarbageCollectionFlagReboot" time="0.248082"/>
		<testcase name="TPartitionTest.ShouldFailsHttpGetCollectGarbage" time="0.242774"/>
		<testcase name="TPartitionTest.ShouldForbidDescribeBlocksWithEmptyRange" time="0.241299"/>
		<testcase name="TPartitionTest.ShouldFailHttpCollectGarbageOnTabletRestart" time="0.244299"/>
		<testcase name="TPartitionTest.ShouldHandleDescribeBlocksRequestWithOneBlob" time="0.241325"/>
		<testcase name="TPartitionTest.ShouldFailGetScanDiskStatusIfNoOperationRunning" time="0.246235"/>
		<testcase name="TPartitionTest.ShouldForgetTooOldCompactRangeOperations" time="0.243897"/>
		<testcase name="TPartitionTest.ShouldFlushBlocksFromFreshChannelAsNewBlob" time="0.267495"/>
		<testcase name="TPartitionTest.ShouldHandleFlushCorrectlyWhileBlockFromDbIsBeingDeleted" time="0.445795"/>
		<testcase name="TPartitionTest.ShouldFailGetMetadataRebuildStatusIfNoOperationRunning" time="0.245932"/>
		<testcase name="TPartitionTest.ShouldFlushAsNewBlob" time="0.266904"/>
		<testcase name="TPartitionTest.ShouldHandleCorruptedFreshBlobOnInitFreshBlocks" time="0.240788"/>
		<testcase name="TPartitionTest.ShouldHandleBSErrorsOnInitFreshBlocksFromChannel" time="0.245564"/>
		<testcase name="TPartitionTest.ShouldFillEnryptedBlockMaskWhenReadBlockFromOverlayDisk" time="0.241143"/>
		<testcase name="TPartitionTest.ShouldKillTabletIfCriticalFailureDuringFlush" time="0.246449"/>
		<testcase name="TPartitionTest.ShouldNotAddSmallNonDeletionBlobsDuringFlush" time="0.677346"/>
		<testcase name="TPartitionTest.ShouldNotWriteBlobIfCompactionRangeWasOverwrittenWithZeroBlocks" time="0.252202"/>
		<testcase name="TPartitionTest.ShouldHandleZeroedBlocksInCompaction" time="0.255393"/>
		<testcase name="TPartitionTest.ShouldNotReadBlocksFromBaseDiskWhenTheyAreZeroedInOverlayDisk" time="0.246679"/>
		<testcase name="TPartitionTest.ShouldNotCrashWithMalformedUnicodeCharacterInGetUsedBlocksResponse" time="0.243163"/>
		<testcase name="TPartitionTest.ShouldNotCreateBlobsForEmptyRangesDuringForcedCompaction" time="0.249588"/>
		<testcase name="TPartitionTest.ShouldHandleHttpCollectGarbage" time="0.246611"/>
		<testcase name="TPartitionTest.ShouldKillTabletIfCriticalFailureDuringWriteBlocks" time="0.248933"/>
		<testcase name="TPartitionTest.ShouldMakeUnderlyingBlobsEligibleForCleanupAfterCompaction" time="0.249594"/>
		<testcase name="TPartitionTest.ShouldNotKillTabletWhenFailedToReadBlobFromBaseDisk" time="0.243186"/>
		<testcase name="TPartitionTest.ShouldNotCompactIncrementallyIfDiskGarbageLevelIsTooHigh" time="1.45724"/>
		<testcase name="TPartitionTest.ShouldMarkNODATABlocksInRepairStorageAccessMode" time="0.249454"/>
		<testcase name="TPartitionTest.ShouldNotCauseUI32IntergerOverflow" time="0.266144"/>
		<testcase name="TPartitionTest.ShouldHandleFlushCorrectlyWhileBlockFromFreshChannelIsBeingDeleted" time="0.444237"/>
		<testcase name="TPartitionTest.ShouldNotKillTabletBeforeMaxReadBlobErrorsHappen" time="0.244363"/>
		<testcase name="TPartitionTest.ShouldMergeVersionsOnRead" time="0.25929"/>
		<testcase name="TPartitionTest.ShouldNotTrimUnflushedBlocksWhileThereIsFlushedBlockWithLargerCommitId" time="0.449849"/>
		<testcase name="TPartitionTest.ShouldNotEraseBlocksForSkippedBlobsFromIndexDuringIncrementalCompaction" time="0.247577"/>
		<testcase name="TPartitionTest.ShouldNotTrimInFlightBlocks" time="0.446923"/>
		<testcase name="TPartitionTest.ShouldProduceSparseMergedBlobsUponCompaction" time="0.249538"/>
		<testcase name="TPartitionTest.ShouldPatchBlobsDuringCompaction" time="0.271978"/>
		<testcase name="TPartitionTest.ShouldReadBlocksAfterCompactionOfOverlayDisk2" time="0.253128"/>
		<testcase name="TPartitionTest.ShouldReadBlocksFromOverlayDisk" time="0.245506"/>
		<testcase name="TPartitionTest.ShouldReadBlocksAfterCompactionOfOverlayDisk1" time="0.245199"/>
		<testcase name="TPartitionTest.ShouldReassignNonwritableTabletChannels" time="1.66947"/>
		<testcase name="TPartitionTest.ShouldReadFromCheckpoint" time="0.258869"/>
		<testcase name="TPartitionTest.ShouldProperlyProcessZeroesDuringIncrementalCompaction" time="0.241958"/>
		<testcase name="TPartitionTest.ShouldPatchBlobsDuringIncrementalCompaction" time="1.45108"/>
		<testcase name="TPartitionTest.ShouldReadBlocksFromOverlayDiskWhenRangeOverlapsWithBaseDisk" time="0.243704"/>
		<testcase name="TPartitionTest.ShouldReadZeroFromUninitializedBlock" time="0.270813"/>
		<testcase name="TPartitionTest.ShouldProcessMultipleRangesUponCompaction" time="0.462476"/>
		<testcase name="TPartitionTest.ShouldReadBlocksAfterZeroBlocksAndCompactionOfOverlayDisk" time="0.258048"/>
		<testcase name="TPartitionTest.ShouldPostponeBlockCountCalculationAndScanDiskUntilInflightWriteRequestsAreCompleted" time="0.44629"/>
		<testcase name="TPartitionTest.ShouldProperlyPatchBlobWithDifferentLayout" time="0.261948"/>
		<testcase name="TPartitionTest.ShouldReadBlocksWhenBaseBlobHasGreaterChannel" time="0.24657"/>
		<testcase name="TPartitionTest.ShouldReadBlocksFromBaseDisk" time="0.255425"/>
		<testcase name="TPartitionTest.ShouldProperlyProcessDeletionMarkers" time="0.243189"/>
		<testcase name="TPartitionTest.ShouldProperlyHandleCollectGarbageErrors" time="0.660059"/>
		<testcase name="TPartitionTest.ShouldReadBlocksWithBaseDiskAndComplexRanges" time="0.247723"/>
		<testcase name="TPartitionTest.ShouldRecoverBlocksOnReboot" time="0.252575"/>
		<testcase name="TPartitionTest.ShouldReplaceBlobsOnCompaction" time="0.24844"/>
		<testcase name="TPartitionTest.ShouldReleaseTrimBarrierOnBlockDeletion" time="0.241129"/>
		<testcase name="TPartitionTest.ShouldRebuildBlockCountSensors" time="0.248966"/>
		<testcase name="TPartitionTest.ShouldRejectWriteRequestsIfDataChannelsAreYellow" time="0.24782"/>
		<testcase name="TPartitionTest.ShouldReportLongRunningWriteBlobOperations" time="4.263402"/>
		<testcase name="TPartitionTest.ShouldRejectRequestsInProgressOnTabletDeath" time="0.442218"/>
		<testcase name="TPartitionTest.ShouldReportLongRunningWriteBlobOperationCancel" time="4.253623"/>
		<testcase name="TPartitionTest.ShouldRejectCompactionRequestsIfDataChannelsAreAlmostFull" time="0.243612"/>
		<testcase name="TPartitionTest.ShouldReportLongRunningReadBlobOperations" time="4.08053"/>
		<testcase name="TPartitionTest.ShouldRespectCompactionCountPerRunChangingPeriod" time="2.250347"/>
		<testcase name="TPartitionTest.ShouldRejectSmallWritesAfterReachingFreshByteCountHardLimit" time="0.249182"/>
		<testcase name="TPartitionTest.ShouldRecoverStateOnReboot" time="0.310561"/>
		<testcase name="TPartitionTest.ShouldRejectRequestForBlockOutOfRange" time="0.242518"/>
		<testcase name="TPartitionTest.ShouldRecoverBlocksOnRebootFromFreshChannelWithLongHistory" time="0.464401"/>
		<testcase name="TPartitionTest.ShouldRespectCleanupDelay" time="1.042666"/>
		<testcase name="TPartitionTest.ShouldRecoverBlocksOnRebootFromFreshChannel" time="0.252488"/>
		<testcase name="TPartitionTest.ShouldReportNumberOfNonEmptyRangesInVolumeStats" time="0.240483"/>
		<testcase name="TPartitionTest.ShouldReportLongRunningReadBlobOperationCancel" time="4.259541"/>
		<testcase name="TPartitionTest.ShouldReassignNonwritableTabletChannelsAgainAfterErrorFromHiveProxy" time="0.240134"/>
		<testcase name="TPartitionTest.ShouldRespondToDescribeBlocksRequestWithDenseBlobs" time="0.249303"/>
		<testcase name="TPartitionTest.ShouldReturnErrorWhenReadingFromUnknownCheckpoint" time="0.250614"/>
		<testcase name="TPartitionTest.ShouldReturnExactlyOneVersionOfEachBlockInDescribeBlocksResponse" time="0.254627"/>
		<testcase name="TPartitionTest.ShouldSendBackpressureReportsRegularly" time="1.654939"/>
		<testcase name="TPartitionTest.ShouldReturnErrorForUnknownIdInCompactionStatusRequest" time="0.250134"/>
		<testcase name="TPartitionTest.ShouldReturnErrorIfNODATABlocksAreDetectedInDefaultStorageAccessMode" time="0.256987"/>
		<testcase name="TPartitionTest.ShouldSeeChangedFreshBlocksInChangedBlocksRequest" time="0.244767"/>
		<testcase name="TPartitionTest.ShouldStoreBlocks" time="0.274647"/>
		<testcase name="TPartitionTest.ShouldReturnCompactionStatusForLastCompletedCompaction" time="0.246519"/>
		<testcase name="TPartitionTest.ShouldRespondToDescribeBlocksRequestWithSparseBlobs" time="0.252356"/>
		<testcase name="TPartitionTest.ShouldSendBlocksCountToReadInDescribeBlocksRequest" time="0.243375"/>
		<testcase name="TPartitionTest.ShouldStartCompactionOnCompactRagesRequest" time="0.248564"/>
		<testcase name="TPartitionTest.ShouldReturnRebuildMetadataProgressDuringExecution" time="0.24571"/>
		<testcase name="TPartitionTest.ShouldSendBackpressureReportsUponChannelColorChange" time="0.246531"/>
		<testcase name="TPartitionTest.ShouldReturnCompactionProgress" time="0.246754"/>
		<testcase name="TPartitionTest.ShouldRespectCompactionDelay" time="1.056634"/>
		<testcase name="TPartitionTest.ShouldSeeChangedMergedBlocksInChangedBlocksRequest" time="0.247955"/>
		<testcase name="TPartitionTest.ShouldRunCompactionIfBlobCountIsGreaterThanThreshold" time="1.074246"/>
		<testcase name="TPartitionTest.ShouldRespectMaxBlobRangeSizeDuringBatching" time="1.271102"/>
		<testcase name="TPartitionTest.ShouldReturnErrorIfCompactionIsAlreadyRunning" time="0.249037"/>
		<testcase name="TPartitionTest.ShouldStoreBlocksUsingLocalAPI" time="0.250726"/>
		<testcase name="TPartitionTest.ShouldStoreBlocksAtTheEndOfAMaxSizeDisk" time="0.476747"/>
		<testcase name="TPartitionTest.ShouldWriteBlobIfCompactionUsesOnlyFreshBlocks" time="0.245811"/>
		<testcase name="TPartitionTest.ShouldValidateMaxChangedBlocksRangeBlocksCount" time="0.257755"/>
		<testcase name="TPartitionTest.ShouldSuccessfullyRunMetadataRebuildOnEmptyDisk" time="0.444918"/>
		<testcase name="TPartitionTest.ShouldUseWriteBlobThreshold" time="0.730705"/>
		<testcase name="TPartitionTest.ShouldUseZeroCommitIdWhenLowCheckpointIdIsNotSet" time="0.247709"/>
		<testcase name="TPartitionTest.ShouldSupportCheckpointsWithoutData" time="0.244856"/>
		<testcase name="TPartitionTest.ShouldStoreBlocksInFreshChannel" time="0.255298"/>
		<testcase name="TPartitionTest.ShouldZeroBlocksWrittenToFreshChannelAfterReboot" time="0.243976"/>
		<testcase name="TPartitionTest.ShouldSupportCheckpointOperations" time="0.242305"/>
		<testcase name="TPartitionTest.ShouldSuccessfullyScanDiskIfDiskIsEmpty" time="0.44453"/>
		<testcase name="TPartitionTest.ShouldWaitReady" time="0.265251"/>
		<testcase name="TPartitionTest.ShouldZeroBlocks" time="0.24761"/>
		<testcase name="TPartitionTest.ShouldZeroLargeNumberOfBlocks" time="0.242299"/>
		<testcase name="TPartitionTest.ShouldTrimUpToTheFirstUnflushedBlockCommitId" time="0.2445"/>
		<testcase name="TPartitionTest.ShouldUpdateUsedBlocksMapWhenFlushingBlocksFromFreshChannel" time="0.245986"/>
		<testcase name="TPartitionTest.ShouldUseMostRecentCommitIdWhenHighCheckpointIdIsNotSet" time="0.245621"/>
		<testcase name="TPartitionTest.ShouldWriteBlocksWhenAddingUnconfirmedBlobsEnabled" time="0.242413"/>
		<testcase name="TPartitionTest.WritingBlobsInsteadOfPatchingIfDiffIsGreaterThanThreshold" time="0.266897"/>
	</testsuite>
	<testsuite name="cloud/blockstore/libs/storage/partition2/model/ut" tests="41" time="2.2088139999999994" failures="0" skipped="0">
		<testcase name="TBlobIndexTest.ShouldFindDirtyBlobs" time="0.009457"/>
		<testcase name="TBlobIndexTest.ShouldBuildRanges" time="0.000154"/>
		<testcase name="TBlobIndexTest.ShouldApplyUpdates" time="0.007913"/>
		<testcase name="TBlobIndexTest.ShouldFindDirtyBlobsInMixedZones" time="0.000399"/>
		<testcase name="TBlobIndexTest.ShouldFindMixedBlocks" time="0.00036"/>
		<testcase name="TBlobIndexTest.ShouldMarkAndFindDeletedBlocks" time="0.012128"/>
		<testcase name="TMixedIndexTest.ShouldNotReturnClearedBlocks" time="6.8e-05"/>
		<testcase name="TMixedIndexTest.ShouldProperlyProcessCheckpointDeletion" time="0.000288"/>
		<testcase name="TMixedIndexTest.ShouldFindAllBlockVersions" time="0.003582"/>
		<testcase name="TMixedIndexTest.ShouldStoreCheckpointData" time="0.008275"/>
		<testcase name="TMixedIndexTest.ShouldStoreActualData" time="0.004401"/>
		<testcase name="TMixedIndexTest.ShouldStoreLaggingCheckpointData" time="0.059482"/>
		<testcase name="TMixedIndexTest.ShouldTrackOverwrittenBlobs" time="0.000114"/>
		<testcase name="TRebaseLogicTest.ShouldCorrectlyCalculateCheckpointBlocks" time="0.000201"/>
		<testcase name="TMixedIndexTest.ShouldUpdateLocation" time="0.050217"/>
		<testcase name="TRebaseLogicTest.ShouldCorrectlyRebaseCommits" time="0.017391"/>
		<testcase name="TRebaseLogicTest.ShouldCorrectlyMarkOverwrittenBlocks" time="8.7e-05"/>
		<testcase name="TBlobIndexTest.ShouldPruneBlockListCache" time="0.00025"/>
		<testcase name="TBlobIndexTest.ShouldStoreBlobs" time="0.062183"/>
		<testcase name="TBlobIndexTest.ShouldStoreGarbage" time="0.000315"/>
		<testcase name="TBlockIndexTest.ShouldStoreBlocks" time="0.000177"/>
		<testcase name="TBlockIndexTest.ShouldAddDeletedBlock" time="2.8e-05"/>
		<testcase name="TBlockIndexTest.ShouldOverwriteBlocks" time="3.9e-05"/>
		<testcase name="TBlockListTest.ShouldEncodeDifferentVersionsWithZeroedBlocks" time="0.000406"/>
		<testcase name="TBlockListTest.ShouldEncodeDeletedBlocks" time="0.000518"/>
		<testcase name="TBlockListTest.ShouldEncodeDifferentVersions" time="0.013661"/>
		<testcase name="TBlockListTest.ShouldEncodeSeqWithZeroedBlocks" time="0.000442"/>
		<testcase name="TBlockListTest.ShouldEncodeRandomBlocks" time="0.028954"/>
		<testcase name="TBlockListTest.ShouldEncodeSeqBlocks" time="0.000915"/>
		<testcase name="TCheckpointStorageTest.ShouldAddFindRemove" time="0.176209"/>
		<testcase name="TCheckpointStorageTest.ShouldRebaseCommits" time="0.000106"/>
		<testcase name="TCheckpointsToDeleteTest.ShouldPutExtractDelete" time="0.000177"/>
		<testcase name="TDisjointRangeMapTest.RandomizedMarkAndFindTestForShortRangesMode" time="0.887526"/>
		<testcase name="TDisjointRangeMapTest.ShouldWorkInOptimizeForLongRangesMode" time="0.00019"/>
		<testcase name="TDisjointRangeMapTest.RandomizedMarkAndFindTestForLongRangesMode" time="0.795863"/>
		<testcase name="TDisjointRangeMapTest.ShouldWorkInOptimizeForShortRangesMode" time="0.011429"/>
		<testcase name="TFreshBlob.SerializationShouldBeForwardAndBackwardCompatible" time="0.0241"/>
		<testcase name="TFreshBlob.ShouldRestoreFreshBlocks" time="0.014812"/>
		<testcase name="TLFUListTest.ShouldTrackUseCount" time="0.000158"/>
		<testcase name="TMixedIndexTest.ShouldBuildIndex" time="0.01035"/>
		<testcase name="TMixedIndexTest.ShouldBuildIndexWithMultipleCheckpoints" time="0.005489"/>
	</testsuite>
	<testsuite name="cloud/blockstore/libs/storage/partition2/ut" tests="152" time="54.584142000000014" failures="0" skipped="0">
		<testcase name="TGarbageQueue2Test.ShouldGCNewBlobIfItIsGarbageAndCreatedInPreviousGeneration" time="6.6e-05"/>
		<testcase name="TPartition2StateTest.ShouldDeleteFreshBlocks" time="8.7e-05"/>
		<testcase name="TPartition2StateTest.ShouldMarkMergedBlocksDeleted" time="0.000635"/>
		<testcase name="TPartition2StateTest.ShouldPickProperNextChannel" time="0.000133"/>
		<testcase name="TPartition2StateTest.ShouldReturnInvalidCommitIdWhenItOverflows" time="5.6e-05"/>
		<testcase name="TPartition2StateTest.ShouldMarkFreshBlocksDeleted" time="0.000891"/>
		<testcase name="TPartition2StateTest.CalculateCurrentBackpressure" time="0.000257"/>
		<testcase name="TPartition2StateTest.PickProperNextChannelWithExplicitChannelProfiles" time="4.9e-05"/>
		<testcase name="TPartition2StateTest.PickNextChannelWithProperFreeSpaceShare" time="0.00163"/>
		<testcase name="TGarbageQueue2Test.ShouldKeepItemsSorted" time="0.000186"/>
		<testcase name="TPartition2StateTest.ShouldStoreFreshBlockUpdates" time="0.000363"/>
		<testcase name="TPartition2StateTest.CompactionBackpressureShouldBeZeroIfNotRequiredByPolicy" time="5.9e-05"/>
		<testcase name="TPartition2StateTest.PickMergedChannelIfAllMixedChannelsAreFull" time="7.3e-05"/>
		<testcase name="TGarbageQueue2Test.ShouldKeepTrackOfBarriers" time="4.4e-05"/>
		<testcase name="TGarbageQueue2Test.ShouldDeduplicateBlobsFromCurrentGeneration" time="4.9e-05"/>
		<testcase name="TPartition2StateTest.ShouldDeleteMergedBlocks" time="0.000385"/>
		<testcase name="TPartition2StateTest.TestReassignedChannelsPercentageThreshold" time="7.1e-05"/>
		<testcase name="TPartition2Test.ShouldAutomaticallyRunLoadOptimizingCompaction" time="2.870064"/>
		<testcase name="TPartition2StateTest.UpdatePermissions" time="0.00079"/>
		<testcase name="TPartition2Test.CheckpointDeletionShouldTriggerCleanup" time="0.250304"/>
		<testcase name="TPartition2StateTest.UpdateChannelFreeSpaceShare" time="3.9e-05"/>
		<testcase name="TPartition2Test.ShouldAutomaticallyRunCompaction" time="0.444153"/>
		<testcase name="TPartition2StateTest.ShouldUpdateIndexStructures" time="3.3e-05"/>
		<testcase name="TPartition2Test.RangeCompactionShouldRunIncrementally" time="0.253576"/>
		<testcase name="TPartition2StateTest.TestReassignedChannelsCollection" time="7.8e-05"/>
		<testcase name="TPartition2Test.ShouldAddSmallNonDeletionBlobsDuringFlush" time="0.449358"/>
		<testcase name="TPartition2Test.ShouldAllocateNewChunkForEachCheckpointOnZoneInitialization" time="0.239084"/>
		<testcase name="TPartition2Test.ShouldAutomaticallyFlush" time="0.460321"/>
		<testcase name="TPartition2StateTest.ShouldStoreFreshBlocks" time="0.000298"/>
		<testcase name="TPartition2Test.DescribeBlocksIsNotImplementedForOverlayDisks" time="0.241048"/>
		<testcase name="TPartition2StateTest.ShouldStoreMergedBlocksInMixedIndex" time="0.000384"/>
		<testcase name="TPartition2StateTest.ShouldStoreMergedBlocks" time="0.001427"/>
		<testcase name="TPartition2Test.ShouldCorrectlyCompactLargeZeroBlobsOnOverlayDisk" time="1.082767"/>
		<testcase name="TPartition2Test.ShouldCorrectlyOverwriteMergedBlocks" time="0.261346"/>
		<testcase name="TPartition2Test.ShouldCorrectlyTrackYellowChannelsInBackground" time="2.269434"/>
		<testcase name="TPartition2Test.ShouldCorrectlyGetChangedBlocksWhenRangeIsOutOfBounds" time="0.243762"/>
		<testcase name="TPartition2Test.ShouldAutomaticallyTrimFreshLogOnFlush" time="0.442307"/>
		<testcase name="TPartition2Test.ShouldCorrectlyGetChangedBlocksForOverlayDisk" time="0.248984"/>
		<testcase name="TPartition2Test.ShouldCorrectlyOverwriteZeroedBlocksOnOverlayDisk" time="0.257939"/>
		<testcase name="TPartition2Test.ShouldCorrectlyCompactZeroedBlocksOnOverlayDisk" time="0.247367"/>
		<testcase name="TPartition2Test.ShouldCorrectlyHandleStartBlockInChangedBlocksRequest" time="0.256003"/>
		<testcase name="TPartition2Test.ShouldAutomaticallyTrimFreshBlobsFromPreviousGeneration" time="0.245256"/>
		<testcase name="TPartition2Test.ShouldCorrectlyHandleTabletInfoChannelCountLessThanConfigChannelCount" time="0.677318"/>
		<testcase name="TPartition2Test.ShouldCorrectlyCompactSmallZeroBlobsOnOverlayDisk" time="4.89073"/>
		<testcase name="TPartition2Test.ShouldCollectBlobsForCleanupAfterInFlightFreshCompletes" time="0.859148"/>
		<testcase name="TPartition2Test.ShouldBatchSmallWrites" time="0.666229"/>
		<testcase name="TPartition2Test.ShouldCorrectlyHandleTabletInfoChannelCountMoreThanConfigChannelCount" time="0.662434"/>
		<testcase name="TPartition2Test.ShouldDelayFlushUntilInFlightFreshBlocksComplete" time="0.656603"/>
		<testcase name="TPartition2Test.ShouldDelayCreateCheckpointUntilInFlightFreshBlocksComplete" time="0.849608"/>
		<testcase name="TPartition2Test.ShouldForgetTooOldCompactRangeOperations" time="0.245551"/>
		<testcase name="TPartition2Test.ShouldFillEnryptedBlockMaskWhenReadBlock" time="0.249627"/>
		<testcase name="TPartition2Test.ShouldDeleteCheckpointBlobs" time="1.061914"/>
		<testcase name="TPartition2Test.ShouldDropFlushedBlocksOnBoot" time="0.242609"/>
		<testcase name="TPartition2Test.ShouldDrain" time="1.257266"/>
		<testcase name="TPartition2Test.ShouldExecuteCollectGarbageAtStartup" time="0.466178"/>
		<testcase name="TPartition2Test.ShouldDelayCleanupUntilInFlightFreshBlocksComplete" time="0.845137"/>
		<testcase name="TPartition2Test.ShouldForbidDescribeBlocksWithEmptyRange" time="0.245492"/>
		<testcase name="TPartition2Test.ShouldFailHttpCollectGarbageOnTabletRestart" time="0.249212"/>
		<testcase name="TPartition2Test.ShouldFailHttpGetCollectGarbage" time="0.246661"/>
		<testcase name="TPartition2Test.ShouldFlushAsNewBlob" time="0.26611"/>
		<testcase name="TPartition2Test.ShouldDeleteCheckpointAfterDeleteCheckpointData" time="0.26253"/>
		<testcase name="TPartition2Test.ShouldFillEnryptedBlockMaskWhenReadBlockFromOverlayDisk" time="0.247487"/>
		<testcase name="TPartition2Test.ShouldHandleCorruptedFreshBlobOnInitFreshBlocks" time="0.244371"/>
		<testcase name="TPartition2Test.ShouldHandleBSErrorsOnInitFreshBlocksFromChannel" time="0.247371"/>
		<testcase name="TPartition2Test.ShouldHandleHttpCollectGarbage" time="0.244648"/>
		<testcase name="TPartition2Test.ShouldInitIndexOnWriteFreshBlocks" time="0.246083"/>
		<testcase name="TPartition2Test.ShouldInitializeGarbageQueueOnStartup" time="0.244324"/>
		<testcase name="TPartition2Test.ShouldMarkDeletedBlocksOnBoot" time="0.246971"/>
		<testcase name="TPartition2Test.ShouldMarkFreshBlocksDeletedViaFreshBlockUpdates" time="0.248323"/>
		<testcase name="TPartition2Test.ShouldInitLastDeletionIdCorrectly" time="0.248228"/>
		<testcase name="TPartition2Test.ShouldGetUsedBlocks" time="0.281456"/>
		<testcase name="TPartition2Test.ShouldHandleDescribeBlocksRequestWithOutOfBoundsRange" time="0.248706"/>
		<testcase name="TPartition2Test.ShouldHandleDescribeBlocksRequestWhenBlocksAreFresh" time="0.244901"/>
		<testcase name="TPartition2Test.ShouldHandleDescribeBlocksRequestWithOneBlob" time="0.247851"/>
		<testcase name="TPartition2Test.ShouldHandleDescribeBlocksRequestWithInvalidCheckpointId" time="0.254857"/>
		<testcase name="TPartition2Test.ShouldMarkNODATABlocksInRepairStorageAccessMode" time="0.260623"/>
		<testcase name="TPartition2Test.ShouldIgnoreZeroedBlocksWhileDescribingBlocks" time="0.244579"/>
		<testcase name="TPartition2Test.ShouldProperlyHandleCollectGarbageErrors" time="0.671385"/>
		<testcase name="TPartition2Test.ShouldNotRebaseBlockIfThereIsFreshBlockInFlightWithTheSameBlockIndex" time="0.457769"/>
		<testcase name="TPartition2Test.ShouldNotOverwriteNewerDataWithInflightFlushedBlob" time="0.253871"/>
		<testcase name="TPartition2Test.ShouldMergeVersionsOnRead" time="0.261829"/>
		<testcase name="TPartition2Test.ShouldNotKillTabletWhenFailedToReadBlobFromBaseDisk" time="0.246769"/>
		<testcase name="TPartition2Test.ShouldNotReadBlocksFromBaseDiskWhenTheyAreZeroedInOverlayDisk" time="0.246943"/>
		<testcase name="TPartition2Test.ShouldNotMixBlobUpdatesByFreshFromDifferentZones" time="0.244738"/>
		<testcase name="TPartition2Test.ShouldNotReadBlocksZeroedInMixedIndexAfterCheckpoint" time="0.44941"/>
		<testcase name="TPartition2Test.ShouldReadBlocksAfterCompactionOfOverlayDisk1" time="0.248172"/>
		<testcase name="TPartition2Test.ShouldNotDeleteBlobsMarkedAsGarbageByUncommittedTransactions" time="0.849963"/>
		<testcase name="TPartition2Test.ShouldReadBlocksFromBaseDisk" time="0.248137"/>
		<testcase name="TPartition2Test.ShouldProperlySaveBlobUpdatesAfterBatchedWrites" time="0.666393"/>
		<testcase name="TPartition2Test.ShouldNotKillTabletBeforeMaxReadBlobErrorsHappened" time="0.243532"/>
		<testcase name="TPartition2Test.ShouldReadBlocksAfterZeroBlocksAndCompactionOfOverlayDisk" time="0.246349"/>
		<testcase name="TPartition2Test.ShouldReadBlocksAfterCompactionOfOverlayDisk2" time="0.250897"/>
		<testcase name="TPartition2Test.ShouldReadFromCheckpoint" time="0.251959"/>
		<testcase name="TPartition2Test.ShouldReassignNonwritableTabletChannels" time="1.683256"/>
		<testcase name="TPartition2Test.ShouldRecoverBlocksOnReboot" time="0.274719"/>
		<testcase name="TPartition2Test.ShouldReadFlushedDataFromCheckpointWithMixedIndex" time="0.247312"/>
		<testcase name="TPartition2Test.ShouldReadBlocksWithBaseDiskAndComplexRanges" time="0.24544"/>
		<testcase name="TPartition2Test.ShouldReadFromMixedAndRangeZonesIntersection" time="0.256242"/>
		<testcase name="TPartition2Test.ShouldReadBlocksFromOverlayDiskWhenRangeOverlapsWithBaseDisk" time="0.245387"/>
		<testcase name="TPartition2Test.ShouldReadBlocksWhenBaseBlobHasGreaterChannel" time="0.253183"/>
		<testcase name="TPartition2Test.ShouldReadFromCheckpointWithMixedIndex" time="0.247998"/>
		<testcase name="TPartition2Test.ShouldReadFromCheckpoint2" time="0.248916"/>
		<testcase name="TPartition2Test.ShouldReadBlocksFromOverlayDisk" time="0.245632"/>
		<testcase name="TPartition2Test.ShouldReadFromCheckpointRightBeforeReboot" time="1.258264"/>
		<testcase name="TPartition2Test.ShouldReadZeroFromUninitializedBlock" time="0.261482"/>
		<testcase name="TPartition2Test.ShouldReassignNonwritableTabletChannelsAgainAfterErrorFromHiveProxy" time="0.254332"/>
		<testcase name="TPartition2Test.ShouldReadFromMixedAndRangeZonesIntersection2" time="0.260339"/>
		<testcase name="TPartition2Test.ShouldRespectMaxBlobRangeSizeDuringBatching" time="2.079706"/>
		<testcase name="TPartition2Test.ShouldReturnErrorForUnknownIdInCompactionStatusRequest" time="0.242331"/>
		<testcase name="TPartition2Test.ShouldRecoverStateOnReboot" time="0.295428"/>
		<testcase name="TPartition2Test.ShouldRejectWriteRequestsIfDataChannelsAreYellow" time="0.239713"/>
		<testcase name="TPartition2Test.ShouldRespondToDescribeBlocksRequestWithDenseBlobs" time="0.242564"/>
		<testcase name="TPartition2Test.ShouldReplaceBlobsOnCompaction" time="0.247574"/>
		<testcase name="TPartition2Test.ShouldReturnCompactionProgress" time="0.239534"/>
		<testcase name="TPartition2Test.ShouldRespondToDescribeBlocksRequestWithSparseBlobs" time="0.237146"/>
		<testcase name="TPartition2Test.ShouldReportNumberOfNonEmptyRangesInVolumeStats" time="0.241971"/>
		<testcase name="TPartition2Test.ShouldRejectRequestsInProgressOnTabletDeath" time="0.44238"/>
		<testcase name="TPartition2Test.ShouldReturnCompactionStatusForLastCompletedCompaction" time="0.238957"/>
		<testcase name="TPartition2Test.ShouldReturnErrorIfCompactionIsAlreadyRunning" time="0.238596"/>
		<testcase name="TPartition2Test.ShouldReturnErrorIfNODATABlocksAreDetectedInDefaultStorageAccessMode" time="0.239418"/>
		<testcase name="TPartition2Test.ShouldRejectSmallWritesAfterReachingFreshByteCountHardLimit" time="0.239037"/>
		<testcase name="TPartition2Test.ShouldRejectCompactionRequestsIfDataChannelsAreAlmostFull" time="0.238723"/>
		<testcase name="TPartition2Test.ShouldUseWriteBlobThreshold" time="0.731055"/>
		<testcase name="TPartition2Test.ShouldReturnErrorWhenReadingFromUnknownCheckpoint" time="0.251093"/>
		<testcase name="TPartition2Test.ShouldStoreBlocksAtTheEndOfAMaxSizeDisk" time="0.4612"/>
		<testcase name="TPartition2Test.ShouldUseMostRecentCommitIdWhenHighCheckpointIdIsNotSet" time="0.248989"/>
		<testcase name="TPartition2Test.ShouldSeeChangedFreshBlocksInChangedBlocksRequest" time="0.240382"/>
		<testcase name="TPartition2Test.ShouldSendBackpressureReportsRegularly" time="1.651539"/>
		<testcase name="TPartition2Test.ShouldStoreBlocksUsingLocalAPI" time="0.258818"/>
		<testcase name="TPartition2Test.ShouldSendBackpressureReportsUponChannelColorChange" time="0.246976"/>
		<testcase name="TPartition2Test.ShouldSeeChangedMergedBlocksInChangedBlocksRequest" time="0.243167"/>
		<testcase name="TPartition2Test.ShouldSendBlocksCountToReadInDescribeBlocksRequest" time="0.240935"/>
		<testcase name="TPartition2Test.ShouldStartCompactionOnCompactRagesRequest" time="0.240718"/>
		<testcase name="TPartition2Test.ShouldSupportCheckpointOperations" time="0.250815"/>
		<testcase name="TPartition2Test.ShouldStoreBlocks" time="0.258952"/>
		<testcase name="TPartition2Test.ShouldUseZeroCommitIdWhenLowCheckpointIdIsNotSet" time="0.24505"/>
		<testcase name="TPartition2Test.ShouldReturnExactlyOneVersionOfEachBlockInDescribeBlocksResponse" time="0.246966"/>
		<testcase name="TPartition2Test.ShouldZeroBlocksOnOverlayDisk" time="0.262105"/>
		<testcase name="TPartitionDatabaseTest.ShouldStoreMeta" time="0.001132"/>
		<testcase name="TPartitionDatabaseTest.ShouldStoreGarbageBlobs" time="4.5e-05"/>
		<testcase name="TPartition2Test.ShouldZeroBlocksOnOverlayDiskAfterFlush" time="0.254138"/>
		<testcase name="TPartition2Test.ShouldZeroLargeNumberOfBlocks" time="0.262341"/>
		<testcase name="TPartitionDatabaseTest.ShouldStoreBlobs" time="0.00113"/>
		<testcase name="TPartition2Test.ShouldWriteFreshBlocksIntoMixedIndex" time="0.000126"/>
		<testcase name="TPartitionDatabaseTest.ShouldStoreCheckpointBlobs" time="8.4e-05"/>
		<testcase name="TPartitionDatabaseTest.ShouldStoreCheckpoints" time="0.000527"/>
		<testcase name="TPartition2Test.ShouldZeroBlocks" time="0.261338"/>
		<testcase name="TPartition2Test.ShouldValidateMaxChangedBlocksRangeBlocksCount" time="0.253793"/>
		<testcase name="TPartitionDatabaseTest.ShouldStoreBlobUpdates" time="0.000702"/>
		<testcase name="TPartition2Test.ShouldWaitReady" time="0.273146"/>
		<testcase name="TPartitionDatabaseTest.ShouldStoreBlobGarbage" time="0.000842"/>
		<testcase name="TPartitionDatabaseTest.ShouldStoreCompactionMap" time="5e-05"/>
	</testsuite>
	<testsuite name="cloud/blockstore/libs/storage/partition_common/ut" tests="12" time="4.118562" failures="0" skipped="0">
		<testcase name="TDrainActorCompanionTest.Basic" time="0.271065"/>
		<testcase name="TDrainActorCompanionTest.MultiDrainOverflow" time="0.473057"/>
		<testcase name="TReadBlocksFromBaseDiskTests.ShouldReadFromOverlayDiskFile" time="0.006519"/>
		<testcase name="TReadBlocksFromBaseDiskTests.ShouldReadFromOverlayDiskSuccess" time="0.006352"/>
		<testcase name="TDrainActorCompanionTest.MultiDrainRequests" time="0.716836"/>
		<testcase name="TDrainActorCompanionTest.MultiWriteInProgress" time="0.378227"/>
		<testcase name="TDrainActorCompanionTest.WriteInProgress" time="1.966212"/>
		<testcase name="TLongRunningOperationCompanionTest.Basic" time="0.258056"/>
		<testcase name="TReadBlobTests.ShouldReadBlobFail" time="0.012491"/>
		<testcase name="TReadBlobTests.ShouldReadBlobPartFail" time="0.006301"/>
		<testcase name="TReadBlobTests.ShouldReadBlobSuccess" time="0.015549"/>
		<testcase name="TReadBlocksFromBaseDiskTests.ShouldNotify" time="0.007897"/>
	</testsuite>
	<testsuite name="cloud/blockstore/libs/storage/partition_nonrepl/model/ut" tests="3" time="0.069821" failures="0" skipped="0">
		<testcase name="TProcessingBlocksTest.ShouldProperlyAccountForProcessedPrefix" time="0.049081"/>
		<testcase name="TProcessingBlocksTest.ShouldStartProcessingFromInitialProcessingIndex" time="0.005563"/>
		<testcase name="TProcessingBlocksTest.ShouldTestIfRangeProcessed" time="0.015177"/>
	</testsuite>
	<testsuite name="cloud/blockstore/libs/storage/partition_nonrepl/ut" tests="86" time="128.647706" failures="0" skipped="0">
		<testcase name="TMirrorPartitionResyncTest.ShouldPostponeReadIfRangeNotResynced" time="0.65141"/>
		<testcase name="TMirrorPartitionResyncTest.ShouldForwardWriteZeroRequests" time="1.873721"/>
		<testcase name="TMirrorPartitionResyncTest.ShouldForwardReadIfResyncFinished" time="0.873915"/>
		<testcase name="TMirrorPartitionResyncTest.ShouldReadFastPathOnReadRequestDuringResync" time="0.678027"/>
		<testcase name="TMirrorPartitionResyncTest.ShouldForwardReadIfRangeResynced" time="0.886487"/>
		<testcase name="TMirrorPartitionResyncTest.ShouldPostponeResyncIfIntersectingWritePending" time="1.893917"/>
		<testcase name="TMirrorPartitionResyncTest.ShouldPostponeLocalReadIfRangeNotResynced" time="0.652448"/>
		<testcase name="TMirrorPartitionResyncTest.ShouldRejectIntersectingWriteZero" time="0.651677"/>
		<testcase name="TMirrorPartitionResyncTest.ShouldCorrectlyHandleWriteRequestCounter" time="0.659515"/>
		<testcase name="TMirrorPartitionResyncTest.ShouldResyncWholeDisk" time="0.987157"/>
		<testcase name="TMirrorPartitionResyncTest.ShouldResyncRangeOnReadRequest" time="2.670798"/>
		<testcase name="TMirrorPartitionResyncTest.ShouldSaveResyncIndex" time="0.660639"/>
		<testcase name="TMirrorPartitionResyncTest.ShouldTreatFreshDevicesProperlyDuringResync" time="0.86516"/>
		<testcase name="TMirrorPartitionResyncTest.ShouldTreatFreshDevicesProperlyAfterResync" time="0.857397"/>
		<testcase name="TMirrorPartitionResyncTest.ShouldResyncWholeDiskWithLargeBlockSize" time="0.874521"/>
		<testcase name="TMirrorPartitionResyncTest.ShouldResyncFromStartIndex" time="0.864812"/>
		<testcase name="TMirrorPartitionStateTest.ShouldBuildReplicationMigrationConfig" time="0.021029"/>
		<testcase name="TMirrorPartitionResyncTest.ShouldRejectPostponedReadIfRangeResyncFailed" time="0.635321"/>
		<testcase name="TMirrorPartitionStateTest.ShouldNotMigrateFromFreshDevices" time="0.000125"/>
		<testcase name="TMirrorPartitionTest.ShouldCopyDataToFreshDevices" time="0.251037"/>
		<testcase name="TMirrorPartitionStateTest.ShouldSelectProperReadReplicas" time="0.000334"/>
		<testcase name="TMirrorPartitionTest.ShouldLocalReadWrite" time="2.079583"/>
		<testcase name="TMirrorPartitionStateTest.ShouldReportFreshDeviceNotFoundInConfig" time="0.000104"/>
		<testcase name="TMirrorPartitionStateTest.ShouldSkipExplicitMigrationsIfAllOfThemAreFromFreshDevices" time="6.4e-05"/>
		<testcase name="TMirrorPartitionStateTest.ShouldReportMigrationSourceNotFound" time="0.000132"/>
		<testcase name="TMirrorPartitionStateTest.ShouldPrepareMigrationConfigForSecondReplica" time="0.00016"/>
		<testcase name="TMirrorPartitionTest.ShouldMigrateDevices" time="0.241903"/>
		<testcase name="TMirrorPartitionTest.ShouldReadWriteZero" time="1.097778"/>
		<testcase name="TMirrorPartitionTest.ShouldMirrorWriteAndZeroRequests" time="0.278629"/>
		<testcase name="TMirrorPartitionTest.ShouldTransformAnyErrorToRetriable_E_ABORTED" time="2.074403"/>
		<testcase name="TMirrorPartitionTest.ShouldTransformAnyErrorToRetriable_E_CANCELLED" time="2.087674"/>
		<testcase name="TMirrorPartitionTest.ShouldNotReadFromFreshDevices" time="0.276543"/>
		<testcase name="TMirrorPartitionTest.ShouldTransformAnyErrorToRetriable_E_INVALID_STATE" time="2.133135"/>
		<testcase name="TMirrorPartitionTest.ShouldTransformAnyErrorToRetriable_E_ARGUMENT" time="2.16513"/>
		<testcase name="TMirrorPartitionTest.ShouldTransformAnyErrorToRetriable_E_FAIL" time="2.085908"/>
		<testcase name="TMirrorPartitionTest.ShouldReportSimpleCounters" time="1.044932"/>
		<testcase name="TMirrorPartitionTest.ShouldTransformAnyErrorToRetriable_E_PRECONDITION_FAILED" time="2.078486"/>
		<testcase name="TMirrorPartitionTest.ShouldTransformAnyErrorToRetriable_E_TRY_AGAIN" time="2.09215"/>
		<testcase name="TMirrorPartitionTest.ShouldTransformAnyErrorToRetriable_E_IO_SILENT" time="1.906413"/>
		<testcase name="TMirrorPartitionTest.ShouldTransformAnyErrorToRetriable_E_IO" time="1.873224"/>
		<testcase name="TNonreplicatedPartitionMigrationStateTest.ShouldCalculateMigrationTimeout" time="0.000203"/>
		<testcase name="TMirrorPartitionTest.ShouldTransformAnyErrorToRetriable_E_RETRY_TIMEOUT" time="2.086244"/>
		<testcase name="TMirrorPartitionTest.ShouldTransformAnyErrorToRetriable_E_TIMEOUT" time="2.08047"/>
		<testcase name="TMirrorPartitionTest.ShouldTransformAnyErrorToRetriable_E_UNAUTHORIZED" time="2.13523"/>
		<testcase name="TMirrorPartitionTest.ShouldTransformAnyErrorToRetriable_E_NOT_FOUND" time="1.910724"/>
		<testcase name="TNonreplicatedPartitionMigrationTest.ShouldDoMigrationViaRdma" time="0.653946"/>
		<testcase name="TNonreplicatedPartitionMigrationStateTest.ShouldProperlyAccountForMigratedPrefix" time="0.000139"/>
		<testcase name="TNonreplicatedPartitionMigrationStateTest.ShouldCalculateMigrationTimeoutWithSimpleLimiter" time="0.000459"/>
		<testcase name="TNonreplicatedPartitionMigrationTest.ShouldReportSimpleCounters" time="1.056434"/>
		<testcase name="TNonreplicatedPartitionRdmaTest.ShouldFillRequestIdInDeviceBlocksRequest" time="0.241867"/>
		<testcase name="TNonreplicatedPartitionMigrationTest.ShouldMirrorRequestsAfterAllDataIsMigrated" time="1.482127"/>
		<testcase name="TNonreplicatedPartitionRdmaTest.ShouldHandleEndpointInitializationFailure" time="0.252772"/>
		<testcase name="TNonreplicatedPartitionMigrationTest.ShouldDoMigrationEvenInReadOnlyMode" time="0.662304"/>
		<testcase name="TNonreplicatedPartitionRdmaTest.ShouldChecksumBlocks" time="0.453068"/>
		<testcase name="TNonreplicatedPartitionRdmaTest.ShouldRemoteReadWrite" time="0.45135"/>
		<testcase name="TNonreplicatedPartitionTest.ShouldHandleInvalidSessionError" time="0.241023"/>
		<testcase name="TNonreplicatedPartitionRdmaTest.ShouldUpdateStats" time="0.641045"/>
		<testcase name="TNonreplicatedPartitionTest.ShouldEnforceWritableStateWithUnavailableAgent" time="6.460901"/>
		<testcase name="TNonreplicatedPartitionRdmaTest.ShouldLocalReadWriteWithErrors" time="0.242744"/>
		<testcase name="TNonreplicatedPartitionRdmaTest.ShouldLocalReadWrite" time="0.467101"/>
		<testcase name="TNonreplicatedPartitionTest.ShouldChecksumBlocks" time="0.465388"/>
		<testcase name="TNonreplicatedPartitionRdmaTest.ShouldHandleInvalidSessionError" time="0.244472"/>
		<testcase name="TNonreplicatedPartitionTest.ShouldHandleUndeliveredIO" time="2.652089"/>
		<testcase name="TNonreplicatedPartitionTest.ShouldLimitIO" time="4.905331"/>
		<testcase name="TNonreplicatedPartitionTest.ShouldHandleTimedoutIOSSD" time="7.483228"/>
		<testcase name="TNonreplicatedPartitionTest.ShouldReadWriteZero" time="0.475349"/>
		<testcase name="TNonreplicatedPartitionTest.ShouldNotReturnIOErrorUponTimeoutForBackgroundRequests" time="15.306771"/>
		<testcase name="TNonreplicatedPartitionTest.ShouldReadWriteZeroWithMonsterDisk" time="0.252087"/>
		<testcase name="TNonreplicatedPartitionTest.ShouldLocalReadWrite" time="2.06486"/>
		<testcase name="TNonreplicatedPartitionTest.ShouldHandleTimedoutIOHDD" time="7.477754"/>
		<testcase name="TNonreplicatedPartitionTest.ShouldUpdateStats" time="0.644339"/>
		<testcase name="TNonreplicatedPartitionUtilTest.ShouldBuildDeviceRequestsForLargeRequest" time="0.004258"/>
		<testcase name="TNonreplicatedPartitionTest.ShouldUseResponseTimeHistoryForTimeoutsSSD" time="3.463361"/>
		<testcase name="TNonreplicatedPartitionTest.ShouldSendStatsToVolume" time="0.648041"/>
		<testcase name="TNonreplicatedPartitionTest.ShouldSupportReadOnlyMode" time="0.256961"/>
		<testcase name="TNonreplicatedPartitionTest.ShouldWriteLargeBuffer" time="0.496551"/>
		<testcase name="TNonreplicatedPartitionTest.ShouldRecoverFromShortTimeoutStreak" time="10.096171"/>
		<testcase name="TNonreplicatedPartitionTest.ShouldUseResponseTimeHistoryForTimeoutsHDD" time="3.461695"/>
		<testcase name="TNonreplicatedPartitionUtilTest.ShouldBuildDeviceRequestsForSmallRequest" time="0.00615"/>
		<testcase name="TResyncRangeTest.ShouldResyncOneReplicaOfThree" time="1.468968"/>
		<testcase name="TResyncRangeTest.ShouldResyncTwoReplicasOfThree" time="1.475077"/>
		<testcase name="TResyncRangeTest.ShouldResyncOneReplicaOfTwo" time="1.084346"/>
		<testcase name="TResyncRangeTest.ShouldNotReadWriteIfChecksumsMatch" time="0.872538"/>
		<testcase name="TResyncRangeTest.ShouldResyncOnlyRequestedRange" time="0.263212"/>
		<testcase name="TResyncRangeTest.ShouldHandleRequestErrors" time="0.275307"/>
		<testcase name="TResyncRangeTest.ShouldProvideMetricsInResponse" time="0.257453"/>
	</testsuite>
	<testsuite name="cloud/blockstore/libs/storage/service/model/ut" tests="2" time="0.016966" failures="0" skipped="0">
		<testcase name="TPingMetricsTest.ShouldCalculateMetrics" time="0.013555"/>
		<testcase name="TPingMetricsTest.ShouldUpdateMetrics" time="0.003411"/>
	</testsuite>
	<testsuite name="cloud/blockstore/libs/storage/service/ut" tests="253" time="264.817644" failures="0" skipped="0">
		<testcase name="TManuallyPreemptedVolumesTest.ShouldProperlyHandleRebindForManuallyPreemptedVolume" time="2.269155"/>
		<testcase name="TServiceActionsTest.ShouldForwardUpdateParamsRequestsToDiskRegistry" time="0.666374"/>
		<testcase name="TServiceActionsTest.ShouldForwardBackupRequestsToDiskRegistry" time="0.664778"/>
		<testcase name="TServiceActionsTest.ShouldForwardDeleteCheckpointDataToVolume" time="0.668287"/>
		<testcase name="TServiceActionsTest.ShouldChangeDiskDevice" time="0.669724"/>
		<testcase name="TServiceActionsTest.ShouldModifyVolumeTagsAndDescribeVolume" time="0.876171"/>
		<testcase name="TManuallyPreemptedVolumesTest.ShouldQueryPreemptedVolumes" time="1.875093"/>
		<testcase name="TServiceActionsTest.ShouldGetDependentDevicesNoDisks" time="0.667991"/>
		<testcase name="TManuallyPreemptedVolumesTest.ShouldNotRunStoreAndLivenessCheckIfDisabled" time="2.876917"/>
		<testcase name="TManuallyPreemptedVolumesTest.ShouldTrackRequestsToSS" time="3.275253"/>
		<testcase name="TServiceActionsTest.ShouldForwardWritableStateRequestsToDiskRegistry" time="0.666199"/>
		<testcase name="TServiceActionsTest.ShouldChangeStorageConfig" time="2.07483"/>
		<testcase name="TServiceActionsTest.ShouldForceMigrate" time="0.665131"/>
		<testcase name="TServiceActionsTest.ShouldAllowToChangeBaseDiskId" time="0.873209"/>
		<testcase name="TManuallyPreemptedVolumesTest.ShouldNotStartSyncIfAnotherIsInProgress" time="1.473918"/>
		<testcase name="TServiceActionsTest.ShouldGetDependentDevicesMultipleDisks" time="0.668505"/>
		<testcase name="TManuallyPreemptedVolumesTest.ShouldTriggerLivenessCheckAtStartup" time="1.087495"/>
		<testcase name="TManuallyPreemptedVolumesTest.ShouldTriggerLivenessCheckAtAfterDelay" time="1.674458"/>
		<testcase name="TServiceActionsTest.ShouldDrainNode" time="0.661594"/>
		<testcase name="TServiceActionsTest.ShouldForwardUpdatePlacementGroupSettingsRequestsToDiskRegistry" time="0.664555"/>
		<testcase name="TServiceActionsTest.ShouldForwardUpdateUsedBlocksToVolume" time="0.87136"/>
		<testcase name="TServiceActionsTest.ShouldForwardChangeStateRequestsToDiskRegistry" time="0.668534"/>
		<testcase name="TServiceActionsTest.ShouldCreateDiskFromDevices" time="0.669936"/>
		<testcase name="TManuallyPreemptedVolumesTest.ShouldSaveManuallyPreemptedVolumesToFile" time="1.474785"/>
		<testcase name="TServiceActionsTest.ShouldFinishFillDisk" time="0.86221"/>
		<testcase name="TManuallyPreemptedVolumesTest.ShouldProperlyMountVolumesAtStartup" time="1.26691"/>
		<testcase name="TServiceAlterTest.ShouldNotDecreaseChannelsCount" time="0.878586"/>
		<testcase name="TServiceAlterTest.ShouldAlterVolumeWithEncryptionKeyHash" time="3.489074"/>
		<testcase name="TServiceAlterTest.ShouldResizeMirror2Volume" time="0.888013"/>
		<testcase name="TServiceAlterTest.ShouldAllowBiggerNonreplicatedVolumes" time="0.88054"/>
		<testcase name="TServiceActionsTest.ShouldRebuildMetadataForPartitionVersion1" time="0.876148"/>
		<testcase name="TServiceAlterTest.ShouldNotChangePartitionsCountUponResize" time="0.876053"/>
		<testcase name="TServiceActionsTest.ShouldRebuildMetadataBlockCountForPartitionVersion1" time="0.875658"/>
		<testcase name="TServiceAlterTest.ShouldNotChangePartitionsCountForMultipartitionVolumeUponResize" time="0.879989"/>
		<testcase name="TServiceActionsTest.ShouldUpdateVolumeParams" time="0.674506"/>
		<testcase name="TServiceAlterTest.ShouldChangeVolumePerformanceProfile" time="1.680648"/>
		<testcase name="TServiceAlterTest.ShouldResizeMirror3Volume" time="0.893048"/>
		<testcase name="TServiceAlterTest.ShouldResizeVolume" time="0.879704"/>
		<testcase name="TServiceAlterTest.ShouldFailAlterVolumeWithRejectedCodeIfSchemeShardFailsWithVersionMismatch" time="0.887181"/>
		<testcase name="TServiceActionsTest.ShouldValidateFinishFillDisk" time="0.675406"/>
		<testcase name="TServiceAlterTest.ShouldAllowBiggerMultipartitionVolumes" time="0.890444"/>
		<testcase name="TServiceAlterTest.ShouldFailResizeIfBlocksCountIsDecreased" time="0.673463"/>
		<testcase name="TServiceAlterTest.ShouldResizeVolumeWithAutoComputedChannelsCount" time="0.889603"/>
		<testcase name="TServiceAlterTest.ShouldAlterVolume" time="1.894238"/>
		<testcase name="TServiceActionsTest.ShouldScanDiskForPartitionVersion1" time="0.868813"/>
		<testcase name="TServiceAlterTest.ShouldAllocateFreshChannelOnAlterIfFeatureIsEnabledForCloud" time="1.07593"/>
		<testcase name="TServiceAlterTest.ShouldForbidResizeRequestsWithZeroBlocksCount" time="0.682824"/>
		<testcase name="TServiceActionsTest.ShouldSetupChannels" time="1.070049"/>
		<testcase name="TServiceAlterTest.ShouldNotResizeVolumeIfNothingChanged" time="0.881927"/>
		<testcase name="TServiceAlterTest.ShouldFailAlterVolumeIfDescribeVolumeFails" time="0.879782"/>
		<testcase name="TServiceAlterTest.ShouldResizeNonreplVolume" time="0.874925"/>
		<testcase name="TServiceActionsTest.ShouldRebindLocalVolumes" time="1.888862"/>
		<testcase name="TServiceCreateVolumeTest.ShouldAllowNonexistentVolumeDestroy" time="0.67437"/>
		<testcase name="TServiceAlterTest.ShouldUpdateVolumeInfoAfterAlterOnAllHosts" time="1.878316"/>
		<testcase name="TServiceCreateVolumeTest.ShouldCreateVolume" time="0.668933"/>
		<testcase name="TServiceAlterTest.ShouldValidateVolumeSize" time="0.673672"/>
		<testcase name="TServiceCreateVolumeTest.ShouldCreateNonReplicatedHddInsteadOfReplicatedIfFeatureIsEnabled" time="0.673383"/>
		<testcase name="TServiceCreateVolumeTest.ShouldCreateVolumeWithDefaultTabletVersion" time="0.874117"/>
		<testcase name="TServiceCreateVolumeTest.ShouldCheckFillGenerationIdempotence" time="0.666187"/>
		<testcase name="TServiceCreateVolumeTest.ShouldCheckFillGenerationOnDestroy" time="1.06984"/>
		<testcase name="TServiceCreateVolumeTest.ShouldAllowTokenVersionInAssignVolume" time="0.666483"/>
		<testcase name="TServiceCreateVolumeTest.ShouldAllowBigMultipartitionVolumes" time="0.873173"/>
		<testcase name="TServiceCreateVolumeTest.ShouldCreateEncryptedVolume" time="0.86588"/>
		<testcase name="TServiceCreateVolumeTest.ShouldCreateVolumeWithMultiplePartitionsIfFeatureIsEnabledForCloud" time="0.668549"/>
		<testcase name="TServiceCreateVolumeTest.ShouldCreateVolumeWithFreshChannelIfFeatureIsEnabledForCloud" time="0.666492"/>
		<testcase name="TServiceCreateVolumeTest.ShoudSaveFillGeneration" time="0.666547"/>
		<testcase name="TServiceCreateVolumeTest.ShouldCreateVolumeWithPartitionsCountSpecifiedInRequest" time="0.664053"/>
		<testcase name="TServiceCreateVolumeTest.ShouldCreateVolumeWithAutoComputedChannelsCount" time="0.673295"/>
		<testcase name="TServiceAlterTest.ShouldResizeVolumesWithSeparateMixedChannels" time="0.872738"/>
		<testcase name="TServiceCreateVolumeTest.ShouldCreateVolumeWithMultiplePartitions" time="0.864661"/>
		<testcase name="TServiceAlterTest.ShouldUpdateVolumeInfoAfterAlter" time="1.273413"/>
		<testcase name="TServiceCreateVolumeFromDeviceTest.ShouldCreateVolumeFromDevice" time="0.66966"/>
		<testcase name="TServiceAlterTest.ShouldReturnOriginalErrorIfSchemeShardDetectsSpaceLimitViolation" time="0.675816"/>
		<testcase name="TServiceCreateVolumeTest.ShouldCreateHybridVolumes" time="0.670727"/>
		<testcase name="TServiceAlterTest.ShouldReturnErrorIfWaitReadyFailsAfterResize" time="0.880185"/>
		<testcase name="TServiceCreateVolumeTest.ShouldCreateVolumeWithOnePartitionForSystemAndOverlayDisks" time="1.067292"/>
		<testcase name="TServiceCreateVolumeTest.ShouldCreateSsdVolumes" time="0.669194"/>
		<testcase name="TServiceCreateVolumeTest.ShouldAutomaticallyConvertDefaultStorageMediaKindToHdd" time="1.273249"/>
		<testcase name="TServiceCreateVolumeTest.ShouldReturnErrorIfWaitReadyFailsAfterCreation" time="0.883699"/>
		<testcase name="TServiceCreateVolumeTest.ShouldDestroyVolumeIdempotent" time="0.875451"/>
		<testcase name="TServiceCreateVolumeTest.ShouldNotCreateVolumeWithBaseDiskAndMultiplePartitions" time="0.671033"/>
		<testcase name="TServiceDescribeVolumeTest.ShouldDescribeVolume" time="0.659357"/>
		<testcase name="TServiceCreateVolumeTest.ShouldNotDestroyOnlineDisksWithDestroyIfBrokenRequestFlag" time="0.86602"/>
		<testcase name="TServiceCreateVolumeTest.ShouldValidateBlockSize" time="0.876645"/>
		<testcase name="TServiceCreateVolumeTest.ShouldValidatePartitionsCountInRequest" time="0.669506"/>
		<testcase name="TServiceCreateVolumeTest.ShouldSetStoragePoolNameForNonReplicatedHddDisks" time="0.674987"/>
		<testcase name="TServiceCreateVolumeTest.ShouldNotifyDiskRegistryUponDiskRegistryVolumeDestruction" time="1.05991"/>
		<testcase name="TServiceCreateVolumeTest.ShouldNotReturnEmptyErrorReasonInCaseOfError" time="1.066272"/>
		<testcase name="TServiceDescribeVolumeModelTest.ShouldDescribeVolume" time="0.679147"/>
		<testcase name="TServiceCreateVolumeTest.ShouldDestroyVolumeRaceIdempotent" time="0.881052"/>
		<testcase name="TServiceCreateVolumeTest.ShouldNotDestroyDisksWithInstanceClients" time="1.66717"/>
		<testcase name="TServiceDescribeVolumeTest.ShouldDescribeNonReplicatedDisks" time="0.666038"/>
		<testcase name="TServiceCreateVolumeTest.ShouldValidateVolumeSize" time="1.481875"/>
		<testcase name="TServiceCreateVolumeTest.ShouldCreateVolumeWithSettingsForVolumeChannels" time="0.663702"/>
		<testcase name="TServiceCreateVolumeTest.ShouldReturnSilentErrorIfDescribeFailsWithPathNotFoundAfterCreation" time="0.675901"/>
		<testcase name="TServiceCreateVolumeTest.ShouldRejectRequestsIfVolumeCannotBeResolved" time="4.508518"/>
		<testcase name="TServiceCreateVolumeTest.ShouldRejectRequestsIfVolumeWasDestroyed" time="4.28103"/>
		<testcase name="TServiceCreateVolumeTest.ShouldDestroyVolumeWithSync" time="0.664155"/>
		<testcase name="TServiceDescribeVolumeTest.ShouldFailDescribeVolumeIfDescribeSchemeFails" time="0.664345"/>
		<testcase name="TServiceCreateVolumeTest.ShouldPassParamsToCreateVolume" time="0.867597"/>
		<testcase name="TServiceCreateVolumeTest.ShouldReturnErrorOnFailedDestroyVolumeAttempt" time="0.656337"/>
		<testcase name="TServiceCreateVolumeTest.ShouldRejectVolumeCreationWithBadTabletVersion" time="0.658955"/>
		<testcase name="TServiceCreateVolumeTest.ShouldValidateDiskId" time="0.663149"/>
		<testcase name="TServiceDescribeVolumeTest.ShouldReturnTokenVersionInDescribeVolume" time="0.66693"/>
		<testcase name="TServiceMountVolumeTest.ShouldAllowUnmountOfNonMountedVolume" time="0.867311"/>
		<testcase name="TServiceForwardTest.ShouldCancelPipeRequestsIfPipeIsBroken" time="1.07339"/>
		<testcase name="TServiceInactiveClientsTest.ShouldConsiderInactiveClientsUnmounted" time="1.265825"/>
		<testcase name="TServiceMountVolumeTest.ShouldAllowReadWriteMountIfVolumeIsReadOnlyMounted" time="1.063433"/>
		<testcase name="TServiceForwardTest.ShouldForwardResponseToAppropriateActorWhenUsingPipe" time="1.069806"/>
		<testcase name="TServiceForwardTest.ShouldReturnRejectedOnReadWriteBlocksWhenVolumeIsNotReady" time="0.865761"/>
		<testcase name="TServiceForwardTest.ShouldForbidReadWriteBlocksFromSecondClientWithoutMounting" time="0.87501"/>
		<testcase name="TServiceMountVolumeTest.ShouldAllowRemoteMountIfBindingSetToLocal" time="2.668788"/>
		<testcase name="TServiceForwardTest.ShouldForbidReadWriteBlocksWithMountingButWithoutSessionId" time="0.86911"/>
		<testcase name="TServiceForwardTest.ShouldAllowWriteRequestsWithReadOnlyAccessModeAndForceWriteMountFlag" time="0.869356"/>
		<testcase name="TServiceMountVolumeTest.ShouldAllowSeveralVolumePipesFromSameClient" time="1.261417"/>
		<testcase name="TServiceForwardTest.ShouldCancelPipeRequestsIfTabletDied" time="1.074556"/>
		<testcase name="TServiceMountVolumeTest.ShouldAllowToIncreaseSeqNumWithNonLocalReadOnlyMounts" time="1.062031"/>
		<testcase name="TServiceInactiveClientsTest.ShouldReturnInactiveClientsTimeoutInMountResponse" time="0.867712"/>
		<testcase name="TServiceDescribeVolumeTest.ShouldFailDescribeVolumeIfDescribeSchemeReturnsWrongPathType" time="0.667757"/>
		<testcase name="TServiceDescribeVolumeTest.ShouldFailDescribeVolumeWithEmptyDiskId" time="0.884477"/>
		<testcase name="TServiceListVolumesTest.ShouldFailListVolumesIfDescribeSchemeFails" time="0.881886"/>
		<testcase name="TServiceMountVolumeTest.ShouldAllowLocalMountIfBindingSetToRemote" time="2.275846"/>
		<testcase name="TServiceForwardTest.ShouldForbidReadWriteBlocksWithoutMounting" time="0.698576"/>
		<testcase name="TServiceForwardTest.ShouldForwardRequests" time="1.062685"/>
		<testcase name="TServiceMountVolumeTest.ShouldAllowMountRequestsFromCtrlPlaneWithoutMountToken" time="0.868412"/>
		<testcase name="TServiceMountVolumeTest.ShouldAllowMultipleReadOnlyMountIfOnlyOneClientHasLocalMount" time="1.068833"/>
		<testcase name="TServiceListVolumesTest.ShouldListVolumes" time="1.064996"/>
		<testcase name="TServiceForwardTest.ShouldNotifyIfTabletRemounted" time="0.866168"/>
		<testcase name="TServiceMountVolumeTest.ShouldDisallowMountByAnotherClient" time="0.871334"/>
		<testcase name="TServiceMountVolumeTest.ShouldFailVolumeMountIfWrongMountTokenIsUsed" time="0.672359"/>
		<testcase name="TServiceMountVolumeTest.ShouldHandleInterNodeMigrationScenario" time="1.673207"/>
		<testcase name="TServiceMountVolumeTest.ShouldCauseRemountWhenVolumeIsStolen" time="2.874315"/>
		<testcase name="TServiceMountVolumeTest.ShouldFailUnmountIfStopVolumeFails" time="0.860573"/>
		<testcase name="TServiceMountVolumeTest.ShouldFailUnmountIfRemoveClientFails" time="0.865926"/>
		<testcase name="TServiceMountVolumeTest.ShouldBringRemotelyMountedVolumeBack" time="1.481147"/>
		<testcase name="TServiceMountVolumeTest.ShouldFailVolumeMountIfDescribeVolumeFails" time="0.670725"/>
		<testcase name="TServiceMountVolumeTest.ShouldKeepSessionsAfterTabletRestart" time="1.063389"/>
		<testcase name="TServiceMountVolumeTest.ShouldHandleLocalMigrationScenario" time="1.469396"/>
		<testcase name="TServiceMountVolumeTest.ShouldExtendAddClientTimeoutForVolumesPreviouslyMountedLocal" time="1.665823"/>
		<testcase name="TServiceMountVolumeTest.ShouldFailQueuedRequestsIfVolumeDestroyed" time="3.86905"/>
		<testcase name="TServiceMountVolumeTest.ShouldFailPendingMountVolumeIfUnableToSetupVolumeClient" time="0.662671"/>
		<testcase name="TServiceMountVolumeTest.ShouldHandleMountRequestWithFillSeqNumber" time="1.066801"/>
		<testcase name="TServiceMountVolumeTest.ShouldDisallowMultipleMountWithReadWriteAccess" time="1.070683"/>
		<testcase name="TServiceMountVolumeTest.ShouldChangeVolumeBindingForMountedVolume" time="1.475974"/>
		<testcase name="TServiceMountVolumeTest.ShouldBumpClientsLastActivityTimeOnMountRequest" time="1.060614"/>
		<testcase name="TServiceMountVolumeTest.ShouldCheckIsFillFinishedOnMount" time="0.863223"/>
		<testcase name="TServiceMountVolumeTest.ShouldHandleMountAfterUnmountInFlight" time="0.863346"/>
		<testcase name="TServiceMountVolumeTest.ShouldFailVolumeMountIfWrongEncryptionKeyHashIsUsed" time="0.867755"/>
		<testcase name="TServiceMountVolumeTest.ShouldDisallowMultipleLocalVolumeMount" time="1.695291"/>
		<testcase name="TServiceMountVolumeTest.ShouldFailMountVolumeIfUnableToSetupVolumeClient" time="0.666113"/>
		<testcase name="TServiceMountVolumeTest.ShouldHandleMountRequestWithFillGeneration" time="1.058957"/>
		<testcase name="TServiceMountVolumeTest.ShouldFailVolumeMountIfDescribeVolumeReturnsUnparsableMountToken" time="0.662946"/>
		<testcase name="TServiceMountVolumeTest.ShouldHandleMountRequestWithMountSeqNumber" time="1.07238"/>
		<testcase name="TServiceMountVolumeTest.ShouldProperlyReactToAcquireDiskErrorRemote" time="0.666934"/>
		<testcase name="TServiceMountVolumeTest.ShouldProperlyTerminateMountUnmountRequestsIfVolumeIsRemoved" time="0.659738"/>
		<testcase name="TServiceMountVolumeTest.ShouldNotPostponeChangeVolumeBindingFromMonitoring" time="1.474079"/>
		<testcase name="TServiceMountVolumeTest.ShouldNotExceedThresholdForNumberOfLocallyMountedVolumes" time="2.484961"/>
		<testcase name="TServiceMountVolumeTest.ShouldNotUnmountInactiveClientIfThereArePendingMountUnmountRequests" time="1.679181"/>
		<testcase name="TServiceMountVolumeTest.ShouldMountVolumeWhenFirstMounterTimesOutOnVolumeSide" time="1.07969"/>
		<testcase name="TServiceMountVolumeTest.ShouldMountVolume" time="0.892999"/>
		<testcase name="TServiceMountVolumeTest.ShouldProcessRemountFromReadWriteToReadOnly" time="0.876671"/>
		<testcase name="TServiceMountVolumeTest.ShouldRejectChangeVolumeBindingForUnknownVolume" time="0.873107"/>
		<testcase name="TServiceMountVolumeTest.ShouldMountEncryptedVolumeAndUpdateKeyHash" time="1.465361"/>
		<testcase name="TServiceMountVolumeTest.ShouldNotSendVolumeMountedForPingMounts" time="0.871431"/>
		<testcase name="TServiceMountVolumeTest.ShouldProcessRemountFromLocalToRemote" time="1.280165"/>
		<testcase name="TServiceMountVolumeTest.ShouldPostponeChangeVolumeBindingFromBalancer" time="2.271685"/>
		<testcase name="TServiceMountVolumeTest.ShouldProcessMountAndUnmountRequestsSequentially" time="0.673883"/>
		<testcase name="TServiceMountVolumeTest.ShouldMoveTabletToControlIfLocalMounterCannotRunTabletLocallyDuringMigration" time="1.288087"/>
		<testcase name="TServiceMountVolumeTest.ShouldPreserveFillSeqNumberAfterVolumeConfigUpdate" time="0.85486"/>
		<testcase name="TServiceMountVolumeTest.ShouldPerformReadWriteInRepairMode" time="0.87604"/>
		<testcase name="TServiceMountVolumeTest.ShouldNotAllowParallelBindingChanges" time="2.867179"/>
		<testcase name="TServiceMountVolumeTest.ShouldNotRunVolumesLocallyIfRemoteMountOnly" time="0.67674"/>
		<testcase name="TServiceMountVolumeTest.ShouldProperlyReactToAcquireDiskErrorLocal" time="0.871621"/>
		<testcase name="TServiceMountVolumeTest.ShouldProcessRemountFromRemoteToLocalWithoutOtherClients" time="2.076762"/>
		<testcase name="TServiceMountVolumeTest.ShouldProcessRemountFromReadOnlyToReadWriteWithoutOtherClients" time="0.871523"/>
		<testcase name="TServiceMountVolumeTest.ShouldKillMountActorIfMountDetectsTabletIdChange" time="0.863206"/>
		<testcase name="TServiceMountVolumeTest.ShouldKillMountActorIfTabletIsChangedDuringTabletStart" time="4.471021"/>
		<testcase name="TServiceMountVolumeTest.ShouldMoveTabletToControlIfLocalMounterCannotRunTabletLocally" time="1.880853"/>
		<testcase name="TServiceMountVolumeTest.ShouldStopLocalTabletIfLocalMounterUnableToDescribeVolume" time="0.866279"/>
		<testcase name="TServiceMountVolumeTest.ShouldReturnSilentErrorIfVolumeRemovedBeforeMountForNonReplicated" time="0.866934"/>
		<testcase name="TServiceMountVolumeTest.ShouldSetSilenceRetriableErrorsInCallContextDuringVolumeMove" time="3.083027"/>
		<testcase name="TServiceMountVolumeTest.ShouldUseVolumeClientForRequestsIfVolumeWasMounted" time="1.06544"/>
		<testcase name="TServiceMountVolumeTest.ShouldReportMountSeqNumberInStatVolumeResponse" time="0.864728"/>
		<testcase name="TServiceMountVolumeTest.ShouldRemoveClientIfClientDoesNotReconnectAfterPipeReset" time="1.086129"/>
		<testcase name="TServiceMountVolumeTest.ShouldReturnSilentErrorIfVolumeRemovedBeforeMountForReplicated" time="0.86819"/>
		<testcase name="TServiceMountVolumeTest.ShouldRejectMountRequestsFromCtrlPlaneWithMountToken" time="0.666332"/>
		<testcase name="TServiceMountVolumeTest.ShouldRetryUnmountForServiceInitiatedUnmountsWithRetriableError" time="1.06999"/>
		<testcase name="TServiceMountVolumeTest.ShouldRejectRemountFromRemoteToLocalWithAnotherWriter" time="0.66832"/>
		<testcase name="TServiceMountVolumeTest.ShouldReplyWithRejectedWhenAddClientTimesOutAndConfigRequiresIt" time="1.668809"/>
		<testcase name="TServiceMountVolumeTest.ShouldRejectRemountFromRemoteToLocalWithAnotherLocalMounter" time="0.865339"/>
		<testcase name="TServiceMountVolumeTest.ShouldReleaseVolumeTabletIfRemountFromLocalToRemote" time="1.482509"/>
		<testcase name="TServiceMountVolumeTest.ShouldSkipCheckingMaxLocalVolumesForDiskRegistryVolumes" time="1.478814"/>
		<testcase name="TServiceMountVolumeTest.ShouldSuccessfullyUnmountIfVolumeDestroyed" time="4.475414"/>
		<testcase name="TServiceMountVolumeTest.ShouldSuccessfullyUnmountIfDrVolumeDestroyed" time="0.870605"/>
		<testcase name="TServiceMountVolumeTest.ShouldRestartVolumeClientIfUnmountComesFromMonitoring" time="0.875107"/>
		<testcase name="TServiceMountVolumeTest.ShouldRemountEncryptedVolumesByBalancer" time="5.097123"/>
		<testcase name="TServiceMountVolumeTest.ShouldReturnAlreadyMountedOnRemountIfNoMountOptionsChanged" time="0.875043"/>
		<testcase name="TServiceMountVolumeTest.ShouldRemoveVolumeFromServiceEvenIfUnmountFailed" time="1.472009"/>
		<testcase name="TServiceMountVolumeTest.ShouldReturnTabletBackIfLocalMountedAndTabletWasStolen" time="2.887838"/>
		<testcase name="TServiceMountVolumeTest.ShouldRejectRemountFromReadOnlyToReadWriteWithAnotherWriter" time="0.673363"/>
		<testcase name="TServiceMountVolumeTest.ShouldReleaseTabletIfLocalMounterFailsAtRemount" time="0.869316"/>
		<testcase name="TServiceMountVolumeTest.ShouldResetMountSeqNumberOnUnmount" time="1.268174"/>
		<testcase name="TServiceMountVolumeTest.ShouldStopVolumeTabletAfterLocalStartBecauseOfTimedoutAddClient" time="1.882014"/>
		<testcase name="TServiceStartStopVolumeTest.ShouldRebootDeadVolumes" time="1.062975"/>
		<testcase name="TServiceReadWriteZeroBlocksTest.ShouldRejectWriteAndZeroBlocksRequestsForReadOnlyMountedClients" time="0.872149"/>
		<testcase name="TServiceStartStopVolumeTest.ShouldReturnErrorIfUnableToObtainLockWhenStartingVolumeTablet" time="0.66283"/>
		<testcase name="TServiceStartStopVolumeTest.ShouldStopVolumeActorWhenLocalMounterClientUnmounts" time="0.864548"/>
		<testcase name="TServiceReadWriteZeroBlocksTest.ShouldConvertWriteBlocksLocalToGrpcForRemotelyMountedVolumeTablet" time="0.668548"/>
		<testcase name="TServiceResumeDeviceTest.ShouldResumeDevice" time="0.664196"/>
		<testcase name="TServiceReadWriteZeroBlocksTest.ShouldNotConvertReadBlocksRequestsToLocalRequestsForRemotelyMountedVolumeTablet" time="1.075702"/>
		<testcase name="TServiceReadWriteZeroBlocksTest.ShouldSendConvertedRequestsToVolumeClientWithUndeliveryTracking" time="0.677443"/>
		<testcase name="TServiceReadWriteZeroBlocksTest.ShouldNotConvertWriteBlocksRequestsToLocalRequestsForRemotelyMountedVolumeTablet" time="0.879585"/>
		<testcase name="TServicePlacementTest.ShouldCreateDescribeAlterDestroyGroups" time="1.065256"/>
		<testcase name="TServiceStartStopVolumeTest.ShouldStartVolumeIfBootSuggestIsOutdated" time="1.056729"/>
		<testcase name="TServiceReadWriteZeroBlocksTest.ShouldAllowReadWriteZeroBlocksRequestsFromRemotelyMountedService" time="1.072239"/>
		<testcase name="TServiceReadWriteZeroBlocksTest.ShouldHandleWriteErrorsWhenUsingPipe" time="1.067321"/>
		<testcase name="TServiceStartStopVolumeTest.ShouldStartStopVolume" time="0.86568"/>
		<testcase name="TServiceReadWriteZeroBlocksTest.ShouldReceiveRemoteThrottlerDelay" time="0.670732"/>
		<testcase name="TServiceStartStopVolumeTest.ShouldFinishTabletStartBeforeStoppingItOnShutdown" time="0.858748"/>
		<testcase name="TServiceStartStopVolumeTest.ShouldHandleExternalBootFailureDuringVolumeTabletStart" time="0.86343"/>
		<testcase name="TServiceMountVolumeTest.ShouldUseVolumeClientForRequestsIfVolumeWasMountedRemotely" time="1.071231"/>
		<testcase name="TServiceStartStopVolumeTest.ShouldFinishLockBeforeUnlockingOnShutdown" time="0.866954"/>
		<testcase name="TServiceReadWriteZeroBlocksTest.ShouldHandleWriteErrors" time="0.867378"/>
		<testcase name="TServiceReadWriteZeroBlocksTest.ShouldConvertReadBlocksLocalToGrpcForRemotelyMountedVolumeTablet" time="0.878075"/>
		<testcase name="TServiceStartStopVolumeTest.ShouldNotHangIfLockIsLostDuringTabletBoot" time="0.861312"/>
		<testcase name="TServicePlacementTest.ShouldCreateVolumeInPlacementGroup" time="0.675196"/>
		<testcase name="TServiceStartStopVolumeTest.ShouldStopVolumeActorWhenSingleReadWriteClientUnmounts" time="0.864629"/>
		<testcase name="TServiceMountVolumeTest.ShouldnotRevomeVolumeIfLastClientUnmountedWithError" time="0.876517"/>
		<testcase name="TServiceStateTest.ShouldSetProperPreemptionAndBindingForManuallyPreemptedVolumes" time="5.3e-05"/>
		<testcase name="TServiceStateTest.ShouldCheckLimitsIfVolumeIsPulledFromControl" time="0.00014"/>
		<testcase name="TServiceStateTest.ShouldAllowToOverrideBindingFromMonitoring" time="0.000214"/>
		<testcase name="TServiceStartStopVolumeTest.ShouldUnmountVolumesOnLostLockWithoutToken" time="0.871647"/>
		<testcase name="TServiceStateTest.ShouldHandleRemountFromLocalToRemote" time="0.000701"/>
		<testcase name="TServiceStateTest.ShouldDetectIfPreemptionSourceChanged" time="0.000119"/>
		<testcase name="TServiceStateTest.ShouldDecreaseLocalVolumeCountIfLocalMountFailed" time="0.000735"/>
		<testcase name="TServiceStateTest.ShouldNotDecreaseLocalVolumeCountIfRemoteMounterRemoved" time="0.000124"/>
		<testcase name="TServiceStateTest.ShouldHandleRemountFromRemoteToLocal" time="7.9e-05"/>
		<testcase name="TServiceStateTest.ShouldIncreaseLocalVolumeCountIfLocalMount" time="0.000143"/>
		<testcase name="TServiceStateTest.ShouldReturnCorrentBindingType" time="0.000216"/>
		<testcase name="TServiceStateTest.ShouldNotIncreaseLocalVolumeCountIfRemoteMount" time="0.000555"/>
		<testcase name="TServiceStateTest.ShouldRunLocalMountIfLocalMountsLimitIsNotReached" time="0.000497"/>
		<testcase name="TServiceUpdateDiskRegistryConfigTest.ShouldRejectUpdateDiskRegistryConfigWithWrongVersion" time="0.670548"/>
		<testcase name="TServiceStartStopVolumeTest.ShouldUnmountStolenVolumes" time="0.882363"/>
		<testcase name="TServiceStateTest.ShouldNotIncreaseLocalVolumeCountIfLocalMountForSubsequentRemounts" time="0.000126"/>
		<testcase name="TServiceStateTest.ShouldKeepSourceInitialMount" time="0.000388"/>
		<testcase name="TServiceUpdateDiskRegistryConfigTest.ShouldForceUpdateDiskRegistryConfig" time="0.665058"/>
		<testcase name="TServiceStateTest.ShouldNotIncreaseLocalVolumeCountIfAnotherRemoteClientJoins" time="6.8e-05"/>
		<testcase name="TServiceStateTest.ShouldNotDecreaseLocalVolumeCountIfLocalMounterRemoved" time="5.9e-05"/>
		<testcase name="TServiceStateTest.ShouldAllowToOverrideBindingFromBalancer" time="8.2e-05"/>
		<testcase name="TServiceStateTest.ShouldTryToAcquireLocalVolumeAsSoonAsReturnFromControl" time="0.000112"/>
		<testcase name="TServiceUpdateDiskRegistryConfigTest.ShouldUpdateDiskRegistryConfig" time="0.673828"/>
		<testcase name="TServiceStateTest.ShouldChangeLocalVolumeCountIfNotRequested" time="9.6e-05"/>
		<testcase name="TServiceStateTest.ShouldRequestRemoteMountIfLimitOfLocalVolumesIsReached" time="0.000735"/>
	</testsuite>
	<testsuite name="cloud/blockstore/libs/storage/ss_proxy/ut" tests="29" time="41.291893" failures="0" skipped="0">
		<testcase name="TSSProxyTest.ShouldAssignVolumes" time="0.879149"/>
		<testcase name="TSSProxyTest.ShouldAssignToOldVolumeInCaseOfNameCollision" time="0.863504"/>
		<testcase name="TSSProxyTest.ShouldCreateDescribeDirectories" time="3.843447"/>
		<testcase name="TSSProxyTest.ShouldCreateVolume" time="0.665105"/>
		<testcase name="TSSProxyTest.ShouldFailVolumeCreationWhenVolumeWithDifferentConfigExistsAtDeprecatedPath" time="3.359311"/>
		<testcase name="TSSProxyTest.ShouldFailVolumeCreationIfDescribeVolumeAfterCreateReturnsStatusPathDoesNotExist" time="0.65908"/>
		<testcase name="TSSProxyTest.ShouldReturnConcurrentModificationErrorIfSchemeShardDetectsWrongVersion" time="0.658545"/>
		<testcase name="TSSProxyTest.ShouldRetryDescribeRequestIfWrongVolumeInfo" time="3.161512"/>
		<testcase name="TSSProxyTest.ShouldReturnERejectedIfIfSchemeShardDetectsPathIdVersionMismatch" time="0.695712"/>
		<testcase name="TSSProxyTest.ShouldReturnERejectedForKnownTxProxyErrors" time="0.686453"/>
		<testcase name="TSSProxyTest.ShouldReturnERejectedIfSchemeShardIsUnavailableForDeprecatedPath" time="0.784259"/>
		<testcase name="TSSProxyTest.ShouldReturnERejectedWhenSSisUnavailable" time="0.836651"/>
		<testcase name="TSSProxyTest.ShouldWaitForTransactions" time="3.178369"/>
		<testcase name="TSSProxyTest.ShouldCreateVolumeEvenWhenSmthButNotVolumeExistsAtDeprecatedPath" time="0.663802"/>
		<testcase name="TSSProxyTest.ShouldCreateVolumeIdempotent" time="0.684047"/>
		<testcase name="TSSProxyTest.ShouldCreateVolumeRaceFailure" time="0.655453"/>
		<testcase name="TSSProxyTest.ShouldCreateVolumeIdempotentWhenVolumeAtDeprecatedPathExists" time="0.670847"/>
		<testcase name="TSSProxyTest.ShouldDescribeOldVolumeInCaseOfNameCollision" time="0.878093"/>
		<testcase name="TSSProxyTest.ShouldCreateVolumeRaceIdempotent" time="0.661834"/>
		<testcase name="TSSProxyTest.ShouldDescribeVolumesInFallbackMode" time="6.55992"/>
		<testcase name="TSSProxyTest.ShouldDescribeVolumes" time="0.875207"/>
		<testcase name="TSSProxyTest.ShouldDestroyVolumes" time="1.104067"/>
		<testcase name="TSSProxyTest.ShouldDestroyOldVolumeFirst" time="0.889116"/>
		<testcase name="TSSProxyTest.ShouldFailDescribeVolumeIfPathDoesNotExist" time="0.663077"/>
		<testcase name="TSSProxyTest.ShouldFailDecsribeVolumeIfSSTimesout" time="1.667501"/>
		<testcase name="TSSProxyTest.ShouldFailVolumeCreationIfDescribeSchemeFails" time="0.455754"/>
		<testcase name="TSSProxyTest.ShouldFailDescribeVolumeIfPathIsNotBlockStoreVolume" time="3.151276"/>
		<testcase name="TSSProxyTest.ShouldFailVolumeCreationIfDescribeSchemeReturnsWrongPathType" time="0.65943"/>
		<testcase name="TSSProxyTest.ShouldFailVolumeCreationIfDescribeSchemeReturnsWrongVolumeConfig" time="0.781372"/>
	</testsuite>
	<testsuite name="cloud/blockstore/libs/storage/stats_service/ut" tests="24" time="44.05601200000002" failures="0" skipped="0">
		<testcase name="TServiceVolumeStatsTest.ShouldCorrectlyPrepareYdbStatsRequests" time="0.262124"/>
		<testcase name="TServiceVolumeStatsTest.ShouldAcceptAndReplyToClientMetrics" time="0.274753"/>
		<testcase name="TServiceVolumeStatsTest.ShouldForgetTooOldStats" time="1.064396"/>
		<testcase name="TServiceVolumeStatsTest.ShouldNotReportSolomonMetricsIfNotMounted" time="0.259743"/>
		<testcase name="TServiceVolumeStatsTest.ShouldReportSolomonMetricsIfVolumeRunsLocallyAndHasCheckpoint" time="0.808008"/>
		<testcase name="TServiceVolumeStatsTest.ShouldReportSolomonMetricsIfVolumeRunsLocallyAndMounted" time="0.296247"/>
		<testcase name="TServiceVolumeStatsTest.ShouldReportYdbStatsInBatches" time="0.798918"/>
		<testcase name="TServiceVolumeStatsTest.ShouldRetryStatsUploadInCaseOfFailure" time="35.05552"/>
		<testcase name="TServiceVolumeStatsTest.ShouldStopReportSolomonMetricsIfIsMoved" time="0.292574"/>
		<testcase name="TServiceVolumeStatsTest.ShouldReportBytesCountForHDDNonreplVolumes" time="0.279509"/>
		<testcase name="TServiceVolumeStatsTest.ShouldNotTryToPushStatsIfNothingToReportToYDB" time="0.452858"/>
		<testcase name="TServiceVolumeStatsTest.ShouldReportBytesCountForHDDVolumes" time="0.265361"/>
		<testcase name="TServiceVolumeStatsTest.ShouldReportBytesCountForHDDSystemVolumes" time="0.254679"/>
		<testcase name="TServiceVolumeStatsTest.ShouldReportBytesCountForSSDMirror2Volumes" time="0.568876"/>
		<testcase name="TServiceVolumeStatsTest.ShouldReportBytesCountForSSDMirror3Volumes" time="0.535191"/>
		<testcase name="TServiceVolumeStatsTest.ShouldReportBytesCountForSSDSystemVolumes" time="0.256255"/>
		<testcase name="TServiceVolumeStatsTest.ShouldReportBytesCountForSSDNonreplVolumes" time="0.276277"/>
		<testcase name="TServiceVolumeStatsTest.ShouldReportDiskCountAndPartitionCount" time="0.251119"/>
		<testcase name="TServiceVolumeStatsTest.ShouldReportBytesCountForSSDVolumes" time="0.261553"/>
		<testcase name="TServiceVolumeStatsTest.ShouldReportReadWriteZeroCountersForHddNonreplDisks" time="0.381206"/>
		<testcase name="TServiceVolumeStatsTest.ShouldReportMaximumsForCompactionScore" time="0.343117"/>
		<testcase name="TServiceVolumeStatsTest.ShouldReportReadWriteZeroCountersForMirror3Disks" time="0.263271"/>
		<testcase name="TServiceVolumeStatsTest.ShouldReportReadWriteZeroCountersForMirror2Disks" time="0.293215"/>
		<testcase name="TServiceVolumeStatsTest.ShouldReportReadWriteZeroCountersForSsdNonreplDisks" time="0.261242"/>
	</testsuite>
	<testsuite name="cloud/blockstore/libs/storage/undelivered/ut" tests="1" time="0.267801" failures="0" skipped="0">
		<testcase name="TUndeliveredActorTest.ShouldCancelRequests" time="0.267801"/>
	</testsuite>
	<testsuite name="cloud/blockstore/libs/storage/volume/actors/ut" tests="11" time="16.102559999999997" failures="0" skipped="0">
		<testcase name="TForwardReadTests.ShouldReadSuccess" time="0.005911"/>
		<testcase name="TForwardWriteAndMarkUsedTests.ConsistentlyShouldWriteAndMarkError" time="5.085646"/>
		<testcase name="TNonreplReadTests.ShouldReadFromOverlayDiskSuccess" time="0.005865"/>
		<testcase name="TForwardWriteAndMarkUsedTests.ConsistentlyShouldWriteAndMarkSuccess" time="5.910924"/>
		<testcase name="TForwardWriteAndMarkUsedTests.ParallelShouldWriteAndMarkError" time="0.008979"/>
		<testcase name="TForwardWriteAndMarkUsedTests.ParallelShouldWriteAndMarkSuccess" time="5.051879"/>
		<testcase name="TNonreplReadTests.ShouldDescribeFromBaseDiskFail" time="0.008304"/>
		<testcase name="TNonreplReadTests.ShouldGerRequestFail" time="0.006633"/>
		<testcase name="TNonreplReadTests.ShouldReadFromBaseAndOverlayDiskSuccess" time="0.007422"/>
		<testcase name="TNonreplReadTests.ShouldReadFromBaseDiskSuccess" time="0.00618"/>
		<testcase name="TNonreplReadTests.ShouldReadFromOverlayDiskFail" time="0.004817"/>
	</testsuite>
	<testsuite name="cloud/blockstore/libs/storage/volume/model/ut" tests="42" time="0.149667" failures="0" skipped="0">
		<testcase name="TCheckpointLightTests.ShouldDiffCheckpoint" time="3.7e-05"/>
		<testcase name="TCheckpointLightTests.ShouldReturnDirtyBlocksBetweenCheckpoints" time="0.000237"/>
		<testcase name="TCheckpointLightTests.ShouldFullFirstCheckpoint" time="0.000136"/>
		<testcase name="TCheckpointStore.CreateFail" time="0.000152"/>
		<testcase name="TCheckpointStore.CreateSuccess" time="3.9e-05"/>
		<testcase name="TCheckpointLightTests.ShouldValidateBlockRange" time="0.000164"/>
		<testcase name="TVolumeThrottlingPolicyTest.MaxWriteCostMultiplier" time="2.9e-05"/>
		<testcase name="TVolumeThrottlingPolicyTest.InconsistentParamsWithCustomInitialBudget" time="0.000133"/>
		<testcase name="TVolumeThrottlingPolicyTest.MaxDelay" time="4.8e-05"/>
		<testcase name="TVolumeThrottlingPolicyTest.ParamsWithCustomInitialBudget" time="0.000137"/>
		<testcase name="TVolumeThrottlingPolicyTest.Params" time="0.000201"/>
		<testcase name="TVolumeThrottlingPolicyTest.MergeBackpressureReports" time="9.4e-05"/>
		<testcase name="TVolumeThrottlingPolicyTest.PostponedQueueAndBackpressure" time="0.000768"/>
		<testcase name="TVolumeThrottlingPolicyTest.PostponeCountAndReset" time="6.8e-05"/>
		<testcase name="TVolumeThrottlingPolicyTest.SmallMaxBurst" time="0.00013"/>
		<testcase name="TVolumeThrottlingPolicyTest.SeparateReadAndWriteLimits" time="9.1e-05"/>
		<testcase name="TVolumeThrottlingPolicyTest.ThrottlingWithBackpressure" time="0.000172"/>
		<testcase name="TVolumeThrottlingPolicyTest.ThrottlingByBandwidth" time="0.004797"/>
		<testcase name="TCheckpointStore.HasPersistentState" time="9.7e-05"/>
		<testcase name="TCheckpointStore.CreateWithShadowDisk" time="6.4e-05"/>
		<testcase name="TCheckpointStore.EmptyPersistentState" time="0.00019"/>
		<testcase name="TCheckpointStore.MultiCheckpoint" time="0.000229"/>
		<testcase name="TCheckpointStore.RepeatRequests" time="0.016092"/>
		<testcase name="TMergeTest.ShouldCorrectlyMergeStripedBitMaskMultiPartition" time="9.3e-05"/>
		<testcase name="TRequestsInFlightTest.ShouldRejectIntersectingRequests" time="0.000101"/>
		<testcase name="TRetryPolicy.ShouldCorrectlyInitialize" time="3.9e-05"/>
		<testcase name="TMergeTest.ShouldCorrectlyMergeStripedBitMaskSinglePartition" time="0.000215"/>
		<testcase name="TRetryPolicy.ShouldCorrectlyUpdateDeadline" time="0.00011"/>
		<testcase name="TRuntimeVolumeParamsTest.MaxTimedOutDeviceStateDurationOverrideValue" time="8.9e-05"/>
		<testcase name="TRetryPolicy.ShouldCorrectlyUpdate" time="0.015609"/>
		<testcase name="TStripeTest.ShouldConvertRelativeToGlobalIndex" time="6.4e-05"/>
		<testcase name="TStripeTest.ShouldCalculateRequestCount" time="2.8e-05"/>
		<testcase name="TRuntimeVolumeParamsTest.ParamExpiration" time="0.014178"/>
		<testcase name="TStripeTest.ShouldConvertToRelativeBlockRange" time="0.000435"/>
		<testcase name="TVolumeClientStateTest.ShouldHandlePipeActivationDeactivation" time="0.000137"/>
		<testcase name="TVolumeClientStateTest.ShouldAddPipe" time="0.093203"/>
		<testcase name="TVolumeClientStateTest.ShouldPreserveAccessModeOnPipeDisconnect" time="5.2e-05"/>
		<testcase name="TVolumeClientStateTest.ShouldProperlyUpdateClientInfoWhenAddingAndDeleting" time="0.000709"/>
		<testcase name="TVolumeClientStateTest.ShouldSelectNewActiveLocalPipeOnReconnect" time="3.2e-05"/>
		<testcase name="TVolumeThrottlingPolicyTest.BoostRate" time="0.000173"/>
		<testcase name="TVolumeThrottlingPolicyTest.BasicThrottling" time="0.000122"/>
		<testcase name="TVolumeThrottlingPolicyTest.InconsistentParams" time="0.000173"/>
	</testsuite>
	<testsuite name="cloud/blockstore/libs/storage/volume/ut" tests="217" time="147.52792999999997" failures="0" skipped="0">
		<testcase name="TVolumeCheckpointTest.ShouldCreateCheckpointsForDiskRegistryBasedVolumes" time="0.501049"/>
		<testcase name="TVolumeCheckpointTest.ShouldDeleteLightCheckpoint" time="0.240875"/>
		<testcase name="TVolumeCheckpointTest.ShouldCreateCheckpointsForMirror2Volumes" time="0.500089"/>
		<testcase name="TVolumeCheckpointTest.ShouldCreateAndDeleteCheckpointsForMirror3Volumes" time="0.246761"/>
		<testcase name="TVolumeCheckpointTest.ShouldCreateCheckpointsForMultipartitionVolumes" time="1.608817"/>
		<testcase name="TVolumeCheckpointTest.ShouldCreateCheckpointDuringResync" time="2.259116"/>
		<testcase name="TVolumeCheckpointTest.ShouldCreateCheckpointWithShadowDisk" time="0.253523"/>
		<testcase name="TVolumeCheckpointTest.ShouldCorrectlyDeleteCheckpointDataForSinglePartitionVolume" time="0.242663"/>
		<testcase name="TVolumeCheckpointTest.ShouldDrainMultipartitionVolumeRequestsInVolumeBeforeCheckpointCreation" time="0.866777"/>
		<testcase name="TVolumeCheckpointTest.ShouldCreateCheckpointsForMirror3Volumes" time="0.495385"/>
		<testcase name="TVolumeCheckpointTest.ShouldDrainBeforeCheckpointCreationForMirror3" time="1.697633"/>
		<testcase name="TVolumeCheckpointTest.ShouldCreateCheckpointsForSinglePartitionVolume" time="0.241721"/>
		<testcase name="TVolumeCheckpointTest.ShouldCreateDeleteCheckpointForMultipartitionVolumes" time="0.4521"/>
		<testcase name="TVolumeCheckpointTest.ShouldCreateAndDeleteCheckpointsForMirror2Volumes" time="0.244704"/>
		<testcase name="TVolumeCheckpointTest.ShouldCollectTracesForCheckpointOperationsUponRequest" time="0.245254"/>
		<testcase name="TVolumeCheckpointTest.ShouldFailHttpCreateCheckpointOnTabletRestart" time="0.259121"/>
		<testcase name="TVolumeCheckpointTest.ShouldCreateAndDeleteCheckpointsForDiskRegistryBasedVolumes" time="0.246028"/>
		<testcase name="TVolumeCheckpointTest.ShouldDrainBeforeCheckpointCreationForMirror2" time="1.704118"/>
		<testcase name="TVolumeCheckpointTest.ShouldDrainMultipartitionVolumePartitionsBeforeCheckpointCreation" time="0.877019"/>
		<testcase name="TVolumeCheckpointTest.ShouldCreateLightCheckpointIdempotently" time="0.243948"/>
		<testcase name="TVolumeCheckpointTest.ShouldDoCheckpointDuringMigration" time="5.282603"/>
		<testcase name="TVolumeCheckpointTest.ShouldDrainBeforeCheckpointCreationForNonreplicated" time="1.703356"/>
		<testcase name="TVolumeCheckpointTest.ShouldNotRejectRZRequestsDuringSinglePartionCheckpointCreation" time="0.249413"/>
		<testcase name="TVolumeCheckpointTest.ShouldReportChangedBlocksForOldLightCheckpoint" time="0.245527"/>
		<testcase name="TVolumeDatabaseTest.ShouldReadOutdatedHistory" time="0.000917"/>
		<testcase name="TVolumeDatabaseTest.ShouldReadRecordsInSpecifiedRange" time="0.000322"/>
		<testcase name="TVolumeCheckpointTest.ShouldReportChangedBlocksForLightCheckpointWhenVolumeReboots" time="0.249547"/>
		<testcase name="TVolumeCheckpointTest.ShouldFinishMultipartitionVolumeCheckpointCreationAfterReboot" time="0.858407"/>
		<testcase name="TVolumeCheckpointTest.ShouldForwardGetChangedBlocksToMultipartitionVolume" time="0.268134"/>
		<testcase name="TVolumeCheckpointTest.ShouldReportChangedBlocksForLightCheckpointsForEmptyHighCheckpoint" time="0.245113"/>
		<testcase name="TVolumeCheckpointTest.ShouldReadFromLightCheckpoint" time="0.250143"/>
		<testcase name="TVolumeCheckpointTest.ShouldHandleHttpCreateCheckpoint" time="0.250783"/>
		<testcase name="TVolumeCheckpointTest.ShouldHandleHttpDeleteCheckpoint" time="0.244967"/>
		<testcase name="TVolumeCheckpointTest.ShouldReportChangedBlocksForLightCheckpointWhenVolumeReboots2" time="0.24758"/>
		<testcase name="TVolumeDatabaseTest.ShouldStoreCheckpointRequests" time="0.000343"/>
		<testcase name="TVolumeDatabaseTest.ShouldDeleteExtremelyOldMetaHistory" time="0.009039"/>
		<testcase name="TVolumeCheckpointTest.ShouldReportChangedBlocksForLightCheckpoint" time="0.244302"/>
		<testcase name="TVolumeCheckpointTest.ShouldReportChangedBlocksForLightCheckpointWhenNormalCheckpointExist" time="0.24269"/>
		<testcase name="TVolumeCheckpointTest.ShouldHandleErrorsDuringMultipartitionVolumeCheckpointCreation" time="0.656798"/>
		<testcase name="TVolumeDatabaseTest.ShouldRemoveOutdatedDeletedCheckpointsFromHistory" time="0.00088"/>
		<testcase name="TVolumeCheckpointTest.ShouldReportChangedBlocksForLightCheckpoint2" time="0.244222"/>
		<testcase name="TVolumeDatabaseTest.ShouldReadAllRecordsIfLimitIsNotSpecified" time="0.000246"/>
		<testcase name="TVolumeDatabaseTest.ShouldReadMinimumPossibleNumberOfRecords" time="0.000216"/>
		<testcase name="TVolumeCheckpointTest.ShouldFailHttpGetCreateCheckpoint" time="0.255114"/>
		<testcase name="TVolumeStateTest.ShouldAddClient" time="0.000214"/>
		<testcase name="TVolumeStateTest.ShouldAllowLRWIfLROAlreadyExists" time="6.6e-05"/>
		<testcase name="TVolumeDatabaseTest.ShouldStoreNonReplPartStats" time="0.00093"/>
		<testcase name="TVolumeStateTest.ShouldAllowMultipleAddClientWithSingleReadWriteAccess" time="0.000451"/>
		<testcase name="TVolumeStateTest.ShouldConsiderTimedOutClientsInactive" time="9.9e-05"/>
		<testcase name="TVolumeDatabaseTest.ShouldStoreStorageConfig" time="0.000339"/>
		<testcase name="TVolumeStateTest.ShouldAllowAdditionalConnectionFromTheSameClient" time="8.4e-05"/>
		<testcase name="TVolumeDatabaseTest.ShouldStoreVolumeHistory" time="0.001121"/>
		<testcase name="TVolumeStateTest.ShouldAllowMultipleAddClientWithSingleLocalMount" time="0.000176"/>
		<testcase name="TVolumeDatabaseTest.ShouldStorePartStats" time="0.000269"/>
		<testcase name="TVolumeStateTest.ShouldActivateLocalDataPathAndRejectOtherPaths" time="0.000946"/>
		<testcase name="TVolumeStateTest.ShouldAllowNewLRWWithHigherSeqNumAndOldRRW" time="6.8e-05"/>
		<testcase name="TVolumeDatabaseTest.ShouldStoreClients" time="0.000704"/>
		<testcase name="TVolumeDatabaseTest.ShouldStoreMetaHistory" time="0.00036"/>
		<testcase name="TVolumeDatabaseTest.ShouldUpdateVolumeParams" time="0.00081"/>
		<testcase name="TVolumeStateTest.ShouldCheckStaleWhenCalledHasActiveClients" time="9.1e-05"/>
		<testcase name="TVolumeStateTest.ShouldAllowNewLRWWithHigherSeqNum" time="7.7e-05"/>
		<testcase name="TVolumeStateTest.ShouldActivateRemoteDataPathAndRejectOtherPaths" time="0.000103"/>
		<testcase name="TVolumeDatabaseTest.ShouldStoreThrottlerState" time="0.0013"/>
		<testcase name="TVolumeStateTest.ShouldCacheLimitedNumberOfRecords" time="0.000608"/>
		<testcase name="TVolumeStateTest.ShouldFillThrottlerConfigUponConstructAndReset" time="7.5e-05"/>
		<testcase name="TVolumeStateTest.ShouldDisallowMultipleAddClientWithReadWriteAccess" time="0.000196"/>
		<testcase name="TVolumeStateTest.ShouldFillThrottlerConfigWithCustomInitialBudgetUponConstructAndReset" time="6.4e-05"/>
		<testcase name="TVolumeStateTest.ShouldHandlePipeDisconnect" time="0.000144"/>
		<testcase name="TVolumeStateTest.ShouldRemoveClientIfRemoveClientAndNoPipesRemain" time="6.3e-05"/>
		<testcase name="TVolumeStateTest.ShouldPreserveRepairIfAdditionalConnectionFromTheSameClient" time="6.7e-05"/>
		<testcase name="TVolumeStateTest.ShouldNotAllowLROIfLRWAlreadyExists" time="6.1e-05"/>
		<testcase name="TVolumeStatsTest.ShouldReportCpuConsumptionAndNetUtilizationForMirroredPartitions" time="0.660078"/>
		<testcase name="TVolumeStateTest.ShouldNotAddSameClientTwice" time="0.000142"/>
		<testcase name="TVolumeStateTest.ShouldRemovePreviouslyAddedClient" time="7.4e-05"/>
		<testcase name="TVolumeStateTest.ShouldNotAddClientWithEmptyClientId" time="6.7e-05"/>
		<testcase name="TVolumeStateTest.TestResetMeta" time="8.2e-05"/>
		<testcase name="TVolumeStateTest.ShouldRemoveClientInCaseOfMultiplePipes" time="6.4e-05"/>
		<testcase name="TVolumeStateTest.ShouldNotAllowSecondLocalReadOnlyWhenLocalRO" time="8.6e-05"/>
		<testcase name="TVolumeStateTest.ShouldNotRemoveNotAddedClient" time="0.001076"/>
		<testcase name="TVolumeStateTest.ShouldNotRemoveClientWithEmptyId" time="5.7e-05"/>
		<testcase name="TVolumeStateTest.ShouldNotAllowSecondLocalClientWhenLocalRW" time="0.00017"/>
		<testcase name="TVolumeStateTest.ShouldResetDisconnectTimeWhenServerReconnects" time="7e-05"/>
		<testcase name="TVolumeStateTest.TestStartPartitionsNeeded" time="6.2e-05"/>
		<testcase name="TVolumeStateTest.ShouldSetDisconnectTimestampIfAllPipesAreDisconnected" time="7.4e-05"/>
		<testcase name="TVolumeStateTest.ShouldRemoveClientFromSpecificPipe" time="6.8e-05"/>
		<testcase name="TVolumeStatsTest.ShouldAggregateAndCachePartitionStats" time="1.472406"/>
		<testcase name="TVolumeStateTest.ShouldNotCrashWhenCleanupEmptyHistory" time="5.6e-05"/>
		<testcase name="TVolumeStateTest.ShouldFilterFreshDeviceIdsForOldDisks" time="0.000618"/>
		<testcase name="TVolumeTest.ShouldCleanupWriteAndZeroRequestsInFlightUponUndelivery" time="0.248688"/>
		<testcase name="TVolumeTest.PartitionsShouldntStartAgainIfAlreadyStartedForGC" time="0.24522"/>
		<testcase name="TVolumeTest.ShouldAllocateLocalSSD" time="0.244266"/>
		<testcase name="TVolumeTest.ShouldCorrectlyCalculateDiskRegistryPartitionParameters" time="3.449508"/>
		<testcase name="TVolumeTest.ShouldClearPersistedDisconnectTimeUponReconnect" time="0.445417"/>
		<testcase name="TVolumeStatsTest.ShouldSendCachedValuesWhenNonReplPartitionIsOffline" time="2.320616"/>
		<testcase name="TVolumeTest.ShouldCollectTracesForSinglePartitionVolumesUponRequest" time="0.245145"/>
		<testcase name="TVolumeTest.ShouldCollectTracesForMultipartitionVolumesUponRequest" time="0.244763"/>
		<testcase name="TVolumeTest.ShouldAutoMuteIOErrors" time="0.245127"/>
		<testcase name="TVolumeTest.ShouldCorrectlyRestartPartition" time="3.063441"/>
		<testcase name="TVolumeTest.ShouldCollectTracesForSinglePartitionVolumesIfRequestWasRejectedByVolume" time="0.245773"/>
		<testcase name="TVolumeStatsTest.ShouldSendCachedValuesWhenPartitionIsOffline" time="1.856508"/>
		<testcase name="TVolumeTest.PartitionsStartBeforeStopAfterGC" time="0.248336"/>
		<testcase name="TVolumeTest.ShouldAcceptAddClientRequestWithLargerRequestGeneration" time="0.244422"/>
		<testcase name="TVolumeStatsTest.ShouldSendPartitionStatsForNonreplicatedVolume" time="2.815326"/>
		<testcase name="TVolumeTest.ShouldAllocateDiskDuringUpdateVolumeConfig" time="0.25361"/>
		<testcase name="TVolumeTest.ShouldCorrectlyCollectTracesForMultipartitionVolumesIfPartitionReturnError" time="0.247103"/>
		<testcase name="TVolumeTest.PartitionsShouldntStopAfterGcCompletedMsg" time="0.254991"/>
		<testcase name="TVolumeTest.ShouldAggregateMetricsFromTabletsAndSendThemToHive" time="0.241397"/>
		<testcase name="TVolumeTest.CheckBlobLoadedMetrics" time="0.645669"/>
		<testcase name="TVolumeTest.ShouldCollectTracesForSinglePartitionVolumesIfRequestWasPostponedByVolume" time="5.057961"/>
		<testcase name="TVolumeStatsTest.ShouldReportCpuConsumptionAndNetUtilizationForNrdPartitions" time="0.445446"/>
		<testcase name="TVolumeTest.ShouldFailRequestIfUpdateUsedBlocksRequestFailedSSDNonreplicated" time="0.24585"/>
		<testcase name="TVolumeTest.ShouldForwardProtoWritesWithBigBuffersToMultipartitionVolume" time="0.256882"/>
		<testcase name="TVolumeTest.ShouldForwardRequestsToNonreplicatedPartition" time="0.268673"/>
		<testcase name="TVolumeTest.ShouldFillThrottlerDelayFieldForDelayedRequests" time="0.245286"/>
		<testcase name="TVolumeTest.ShouldDisableByFlag" time="0.299812"/>
		<testcase name="TVolumeTest.ShouldForwardRequests" time="0.248498"/>
		<testcase name="TVolumeTest.ShouldForwardRequestsToMirroredPartitionDuringResync" time="2.258077"/>
		<testcase name="TVolumeTest.ShouldFailRequestIfUpdateUsedBlocksRequestFailedSSD" time="0.244476"/>
		<testcase name="TVolumeTest.ShouldCreateResyncActorIfClientIdChanges" time="1.852566"/>
		<testcase name="TVolumeTest.ShouldCreateResyncActorAfterVolumeReboot" time="0.648718"/>
		<testcase name="TVolumeTest.ShouldFailRequestIfUpdateUsedBlocksRequestFailedHDD" time="0.248582"/>
		<testcase name="TVolumeTest.ShouldCreateResyncActorIfClientIsAbsentForSomeTime" time="1.052106"/>
		<testcase name="TVolumeTest.ShouldDescribeFromBaseDisk" time="0.449235"/>
		<testcase name="TVolumeTest.ShouldForwardLocalRequestsToMultipartitionVolumeWithTrackUsed" time="0.46218"/>
		<testcase name="TVolumeTest.ShouldForwardRequestsToMirroredPartition" time="1.459005"/>
		<testcase name="TVolumeTest.ShouldFailRequestIfUpdateUsedBlocksRequestFailedHybrid" time="0.243556"/>
		<testcase name="TVolumeTest.ShouldForwardRequestsToMultipartitionVolume" time="0.658175"/>
		<testcase name="TVolumeTest.ShouldFillRequestIdInDeviceBlocksRequest" time="0.250047"/>
		<testcase name="TVolumeTest.ShouldEnsureMutualExclusionOfIntersectingWritesAndMigrationRequests" time="2.709634"/>
		<testcase name="TVolumeTest.ShouldForwardLocalRequestsToMultipartitionVolume" time="0.466619"/>
		<testcase name="TVolumeTest.ShouldForwardRequestsToMirroredPartitionDuringResyncRdma" time="2.255101"/>
		<testcase name="TVolumeTest.ShouldForwardRequestsToNonreplicatedPartitionAfterResizeNoAcquire" time="0.252056"/>
		<testcase name="TVolumeTest.ShouldProperlyProcessDiskAllocationRetriableError" time="1.644407"/>
		<testcase name="TVolumeTest.ShouldForwardRequestsToNonreplicatedPartitionDuringMigrationWithFatalDeviceErrors" time="0.439387"/>
		<testcase name="TVolumeTest.ShouldNotReadFromFreshDevices" time="0.238303"/>
		<testcase name="TVolumeTest.ShouldNotSaveThrottlerStateOnSSDNonreplicated" time="1.644028"/>
		<testcase name="TVolumeTest.ShouldMuteIOErrorsViaTag" time="0.238517"/>
		<testcase name="TVolumeTest.ShouldHandleDescribeBlocksRequest" time="0.23817"/>
		<testcase name="TVolumeTest.ShouldHandlePartitionRestartsForMetadataRebuild" time="0.447612"/>
		<testcase name="TVolumeTest.ShouldNotSaveThrottlerStateOnSSD" time="0.436956"/>
		<testcase name="TVolumeTest.ShouldHandleGetUsedBlocksRequest" time="0.235977"/>
		<testcase name="TVolumeTest.ShouldNotRefillThrottlerStateUponUpdateConfigRequest" time="1.043024"/>
		<testcase name="TVolumeTest.ShouldIncrementExternaBootTimeoutWhenBootFails" time="0.240921"/>
		<testcase name="TVolumeTest.ShouldNotSaveThrottlerStateBeforeTimeout" time="1.845532"/>
		<testcase name="TVolumeTest.ShouldGetStorageConfigValues" time="0.842333"/>
		<testcase name="TVolumeTest.ShouldPersistAddedAndRemovedClients" time="0.236331"/>
		<testcase name="TVolumeTest.ShouldPassAllParamsInAcquireDiskRequests" time="0.237261"/>
		<testcase name="TVolumeTest.ShouldForwardRequestsToNonreplicatedPartitionDuringMigrationWithRetriableDeviceErrors" time="7.1e-05"/>
		<testcase name="TVolumeTest.ShouldForwardRequestsToNonreplicatedPartitionDuringMigration" time="1.167943"/>
		<testcase name="TVolumeTest.ShouldProperlyHandleDestroyedSglistInMultipartitionVolume" time="0.238762"/>
		<testcase name="TVolumeTest.ShouldForwardRequestsToNonreplicatedPartitionNoAcquire" time="0.235686"/>
		<testcase name="TVolumeTest.ShouldMaintainRequestOrderWhenThrottling" time="0.639062"/>
		<testcase name="TVolumeTest.ShouldProperlyHandleBadMigrationConfiguration" time="0.437922"/>
		<testcase name="TVolumeTest.ShouldLazilyStartPartitions" time="1.231441"/>
		<testcase name="TVolumeTest.ShouldRejectReadWriteRequestsWhilePartitionsAreNotReady" time="0.253008"/>
		<testcase name="TVolumeTest.ShouldRejectRequestsThrottledForTooLong" time="0.457062"/>
		<testcase name="TVolumeTest.ShouldRejectTracedRequestsIfVolumeSysActorIsKilled" time="0.259335"/>
		<testcase name="TVolumeTest.ShouldRejectAllocateDiskResponseWithInvalidDeviceSizes" time="0.249778"/>
		<testcase name="TVolumeTest.ShouldRejectPendingStatVolumeRequestsIfTabletReboots" time="0.455109"/>
		<testcase name="TVolumeTest.ShouldRemoveInactiveClients" time="0.254023"/>
		<testcase name="TVolumeTest.ShouldRejectWriteRequestsFromClientsAddedWithReadOnlyAccess" time="0.251572"/>
		<testcase name="TVolumeTest.ShouldProperlyProcessFatalDiskAllocationError" time="0.749971"/>
		<testcase name="TVolumeTest.ShouldRejectAddClientIfMountSeqNumberIsNotGreaterThanCurrent" time="0.248773"/>
		<testcase name="TVolumeTest.ShouldProperlyProcessOldPostponedRequestsAfterConfigUpdate" time="0.858044"/>
		<testcase name="TVolumeTest.ShouldReallocateDisk" time="0.252968"/>
		<testcase name="TVolumeTest.ShouldRejectReadWriteRequestsFromUnaccountedClients" time="0.255198"/>
		<testcase name="TVolumeTest.ShouldRejectIntersectingWriteAndZeroRequests" time="0.459379"/>
		<testcase name="TVolumeTest.ShouldReportLongRunningForBaseDisk" time="4.068974"/>
		<testcase name="TVolumeTest.ShouldProperlySetDisconnectTimeAtStartup" time="0.448962"/>
		<testcase name="TVolumeTest.ShouldRegularlyReacquireNonreplicatedDisks" time="0.487475"/>
		<testcase name="TVolumeTest.ShouldRebootDeadPartitions" time="0.256242"/>
		<testcase name="TVolumeTest.ShouldReacquireNonreplicatedDisksUponInvalidSessionErrorFromAgent" time="0.261619"/>
		<testcase name="TVolumeTest.ShouldReleaseWriterForNonreplicatedDisksUponInvalidSessionErrorFromAgentDuringMigration" time="0.265834"/>
		<testcase name="TVolumeTest.ShouldRejectTracedRequestsIfVolumeUserActorIsKilled" time="0.249242"/>
		<testcase name="TVolumeTest.ShouldRejectWritesIfReadOnlyTagIsSet" time="0.256141"/>
		<testcase name="TVolumeTest.ShouldStoreResyncIndex" time="0.446609"/>
		<testcase name="TVolumeTest.ShouldResetAllPipesUponUpdateConfig" time="0.248159"/>
		<testcase name="TVolumeTest.ShouldStartPartitionsOnce" time="0.247034"/>
		<testcase name="TVolumeTest.ShouldRespondToThrottledRequestsUponSysTabletDeath" time="0.251839"/>
		<testcase name="TVolumeTest.ShouldSupportMetadataRebuildForMultiPartitionVolumes" time="0.259592"/>
		<testcase name="TVolumeTest.ShouldSaveThrottlerStateOnHDD" time="1.656854"/>
		<testcase name="TVolumeTest.ShouldSaveThrottlerStateOnHybrid" time="1.655414"/>
		<testcase name="TVolumeTest.ShouldReportMigrationProgressForReplicatingMirroredDisk" time="1.312702"/>
		<testcase name="TVolumeTest.ShouldRunMigrationForVolumesWithoutClients" time="1.735452"/>
		<testcase name="TVolumeTest.ShouldStatNonreplicatedVolume" time="0.270564"/>
		<testcase name="TVolumeTest.ShouldSupportMetadataRebuildForSinglePartitionVolumes" time="0.269882"/>
		<testcase name="TVolumeTest.ShouldRestoreMigrationIndexAfterReboot" time="1.601509"/>
		<testcase name="TVolumeTest.ShouldStartPartitionIfBootSuggestIsOutdated" time="0.246416"/>
		<testcase name="TVolumeTest.ShouldReportTracesForNestedRequests" time="0.449937"/>
		<testcase name="TVolumeTest.ShouldStartPartitionsAfterStop" time="0.446594"/>
		<testcase name="TVolumeTest.ShouldStatVolumeWithoutPartitionReadiness" time="0.245118"/>
		<testcase name="TVolumeTest.ShouldSupportCompactRangesForMultipartitionVolume" time="0.650424"/>
		<testcase name="TVolumeTest.ShouldResetMountSeqNumberWhenClientIsRemoved" time="0.250522"/>
		<testcase name="TVolumeTest.ShouldReturnClientsAndHostnameInStatVolumeResponse" time="0.248306"/>
		<testcase name="TVolumeTest.ShouldSetClientIdWhenAddingNewClient" time="0.260073"/>
		<testcase name="TVolumeTest.ShouldRespondToThrottledRequestsUponTabletDeath" time="0.246936"/>
		<testcase name="TVolumeTest.ShouldSupportMultipleClientsWithSameClientId" time="0.242906"/>
		<testcase name="TVolumeTest.ShouldSupportReadOnlyMode" time="0.247592"/>
		<testcase name="TVolumeTest.ShouldTrackUsedBlocksIfTrackUsedTagIsSetSSD" time="0.24558"/>
		<testcase name="TVolumeTest.ShouldUpdateVolumeConfig" time="0.266517"/>
		<testcase name="TVolumeTest.ShouldWriteToCorrectDeviceRanges" time="0.248208"/>
		<testcase name="TVolumeTest.ShouldThrottleSomeOpsSSDNonreplicated" time="6.467269"/>
		<testcase name="TVolumeTest.ShouldVolumeInfo" time="0.25221"/>
		<testcase name="TVolumeTest.ShouldThrottleSomeOpsSSDWithDiskSpaceScore" time="6.676728"/>
		<testcase name="TVolumeTest.ShouldWaitRequestsInFlightUponReallocate" time="2.860681"/>
		<testcase name="TVolumeTest.ShouldThrottleMigration" time="0.464999"/>
		<testcase name="TVolumeTest.ShouldntThrottleIfThrottlingIsDisabledInMountOptions" time="0.492832"/>
		<testcase name="TVolumeTest.ShouldTryToReallocateDiskAfterReboot" time="0.244135"/>
		<testcase name="TVolumeTest.ShouldThrottleSomeOpsHDD" time="6.475052"/>
		<testcase name="TVolumeTest.ShouldTrackUsedBlocksIfTrackUsedTagIsSetHDD" time="0.253455"/>
		<testcase name="TVolumeTest.ShouldThrottleSomeOpsSSD" time="6.474588"/>
		<testcase name="TVolumeTest.ShouldntThrottleIfThrottlingEnabledFlagIsNotSet" time="1.525007"/>
		<testcase name="TVolumeTest.ShouldWaitForAllGCReportsBeforeStopPartitions" time="0.850489"/>
		<testcase name="TVolumeTest.ShouldThrottleSomeOpsHybrid" time="6.482161"/>
		<testcase name="TVolumeTest.ShouldTrackUsedBlocksIfTrackUsedTagIsSetHybrid" time="0.248709"/>
		<testcase name="TVolumeTest.ShouldWaitReady" time="0.251468"/>
		<testcase name="TVolumeTest.ShouldTrackUsedBlocksIfTrackUsedTagIsSetSSDNonreplicated" time="0.293087"/>
	</testsuite>
	<testsuite name="cloud/blockstore/libs/storage/volume_balancer/ut" tests="17" time="15.703270000000002" failures="0" skipped="0">
		<testcase name="TVolumeBalancerStateTest.ShouldNotMoveNonKikimrDisks" time="6.8e-05"/>
		<testcase name="TVolumeBalancerStateTest.ShouldNotPreemptVolumeIfLoadIsBelowThreshold" time="0.000178"/>
		<testcase name="TVolumeBalancerStateTest.ShouldNotSelectVolumeFromBlacklistedCloud" time="0.000187"/>
		<testcase name="TVolumeBalancerStateTest.ShouldNotReturnManuallyPreemptedVolume" time="5.4e-05"/>
		<testcase name="TVolumeBalancerTest.ShouldPushLeastSufferingVolumeToHiveControl" time="1.268286"/>
		<testcase name="TVolumeBalancerTest.ShouldPushMostSufferingVolumeToHiveControl" time="1.268348"/>
		<testcase name="TVolumeBalancerTest.ShouldPushVolumesToHiveControlAndReturnBack" time="3.077898"/>
		<testcase name="TVolumeBalancerTest.ShouldSetCountersForPreemptedVolumes" time="1.272629"/>
		<testcase name="TVolumeBalancerTest.ShouldSetCpuWaitCounter" time="1.265878"/>
		<testcase name="TVolumeBalancerStateTest.ShouldReturnVolumeIfLoadIsBelowThreshold" time="0.000201"/>
		<testcase name="TVolumeBalancerStateTest.ShouldReturnVolumeOnlyAfterPullDelay" time="0.000329"/>
		<testcase name="TVolumeBalancerStateTest.ShouldSelectHaviestVolumeForPreemption" time="0.000194"/>
		<testcase name="TVolumeBalancerStateTest.ShouldSelectLightestVolumeForPreemption" time="0.000188"/>
		<testcase name="TVolumeBalancerTest.ShouldNotDoAnythingIfBalancerIsDisabled" time="1.475723"/>
		<testcase name="TVolumeBalancerTest.ShouldNotDoAnythingIfBalancerIsDisabledViaPrivateApi" time="1.501128"/>
		<testcase name="TVolumeBalancerTest.ShouldNotDoAnythingIfBalancerIsNotActivated" time="1.473199"/>
		<testcase name="TVolumeBalancerTest.ShouldNotPullVolumeIfItWasPreemptedByUser" time="3.098782"/>
	</testsuite>
	<testsuite name="cloud/blockstore/libs/storage/volume_proxy/ut" tests="5" time="17.769433" failures="0" skipped="0">
		<testcase name="TVolumeProxyTest.ShouldDescribeVolumeBeforeCreatingPipeToIt" time="2.858107"/>
		<testcase name="TVolumeProxyTest.ShouldDescribeVolumeBeforeForwardingIfPipeFailed" time="3.066711"/>
		<testcase name="TVolumeProxyTest.ShouldHandlePipeConnectionRestoration" time="3.236576"/>
		<testcase name="TVolumeProxyTest.ShouldMapBaseDisk" time="3.094812"/>
		<testcase name="TVolumeProxyTest.ShouldReleasePipeClientAfterInactivityTimeout" time="5.513227"/>
	</testsuite>
	<testsuite name="cloud/blockstore/libs/throttling/ut" tests="12" time="3.1040739999999998" failures="0" skipped="0">
		<testcase name="TThrottlerBaseTests.ShouldRegisterCounter" time="0.000152"/>
		<testcase name="TThrottlerBaseTests.ShouldRemountTrim" time="0.000161"/>
		<testcase name="TThrottlerTest.ShouldPropagateRequestsWithMultipleThreads" time="0.214323"/>
		<testcase name="TThrottlerTest.ShouldPropagateRequestsWithSingleThread" time="0.253074"/>
		<testcase name="TThrottlerBaseTests.ShouldTrim" time="0.000141"/>
		<testcase name="TThrottlerBaseTests.ShouldUpdateQuota" time="0.000225"/>
		<testcase name="TThrottlerTest.ShouldCorrectlyTrimMetricsWithScheduler" time="0.001169"/>
		<testcase name="TThrottlerTest.ShouldCorrectlyUpdateMaxQuotaWithScheduler" time="0.001071"/>
		<testcase name="TThrottlerTest.ShouldMountAndUnmountProperly" time="0.031094"/>
		<testcase name="TThrottlerTest.ShouldNotAccessThisWhenThrottlerIsDestroyed" time="0.001268"/>
		<testcase name="TThrottlerTest.ShouldPostponeRequestsWithMultipleThreads" time="2.35891"/>
		<testcase name="TThrottlerTest.ShouldPostponeRequestsWithSingleThread" time="0.242486"/>
	</testsuite>
	<testsuite name="cloud/blockstore/libs/validation/ut" tests="22" time="0.086049" failures="0" skipped="0">
		<testcase name="TValidationClientTest.ShouldDetectInconsistentRead" time="0.000509"/>
		<testcase name="TValidationClientTest.ShouldDetectLocalInconsistentRead" time="0.000167"/>
		<testcase name="TValidationClientTest.ShouldDetectLocalReadWriteRace" time="0.000269"/>
		<testcase name="TValidationClientTest.ShouldDetectLocalWriteWriteRace" time="0.024155"/>
		<testcase name="TValidationServiceTest.ShouldNotDetectInconsistencyUponAReadWriteRace" time="0.000514"/>
		<testcase name="TValidationServiceTest.ShouldNotDetectLocalReadReadRace" time="0.000575"/>
		<testcase name="TValidationServiceTest.ShouldNotDetectReadReadRace" time="0.000446"/>
		<testcase name="TValidationServiceTest.ShouldNotWarnOnNonOverlappingLocalRequests" time="0.000466"/>
		<testcase name="TValidationServiceTest.ShouldNotWarnOnNonOverlappingRequests" time="0.000477"/>
		<testcase name="TValidationClientTest.ShouldDetectWriteWriteRace" time="0.000517"/>
		<testcase name="TValidationClientTest.ShouldDetectReadWriteRace" time="7.6e-05"/>
		<testcase name="TValidationClientTest.ShouldNotDetectLocalReadReadRace" time="0.000145"/>
		<testcase name="TValidationClientTest.ShouldNotDetectReadReadRace" time="0.000465"/>
		<testcase name="TValidationClientTest.ShouldNotWarnOnNonOverlappingRequests" time="0.00045"/>
		<testcase name="TValidationClientTest.ShouldNotWarnOnNonOverlappingLocalRequests" time="6.6e-05"/>
		<testcase name="TValidationServiceTest.ShouldDetectLocalInconsistentRead" time="8.2e-05"/>
		<testcase name="TValidationServiceTest.ShouldDetectInconsistentRead" time="0.00056"/>
		<testcase name="TValidationServiceTest.ShouldDetectLocalReadWriteRace" time="8.8e-05"/>
		<testcase name="TValidationServiceTest.ShouldDetectLocalWriteWriteRace" time="0.008227"/>
		<testcase name="TValidationServiceTest.ShouldDetectReadWriteRace" time="0.046493"/>
		<testcase name="TValidationServiceTest.ShouldDetectWriteWriteRace" time="0.000754"/>
		<testcase name="TValidationServiceTest.ShouldNotDetectInconsistencyAfterAWriteWriteRace" time="0.000548"/>
	</testsuite>
	<testsuite name="cloud/blockstore/libs/vhost/ut" tests="11" time="4.192429" failures="0" skipped="0">
		<testcase name="TServerTest.ShouldCancelRequestsInFlightWhenStopEndpointOrStopServer" time="0.901463"/>
		<testcase name="TServerTest.ShouldGetFatalErrorIfEndpointHasInvalidSocketPath" time="0.074076"/>
		<testcase name="TServerTest.ShouldThrowCriticalEventIfFailedRequestQueueRunning" time="1.635181"/>
		<testcase name="TServerTest.ShouldHandleVhostReadWriteRequests" time="0.63675"/>
		<testcase name="TServerTest.ShouldNotBeRaceOnStopEndpoint" time="0.301998"/>
		<testcase name="TServerTest.ShouldNotRemoveUnixSocketAfterStopServer" time="0.070944"/>
		<testcase name="TServerTest.ShouldPassCorrectMetrics" time="0.341722"/>
		<testcase name="TServerTest.ShouldRemoveUnixSocketAfterStopEndpoint" time="0.046728"/>
		<testcase name="TServerTest.ShouldStartEndpointIfSocketAlreadyExists" time="0.046751"/>
		<testcase name="TServerTest.ShouldStartStopVhostEndpoint" time="0.089702"/>
		<testcase name="TServerTest.ShouldStopVhostServerWithStartedEndpoints" time="0.047114"/>
	</testsuite>
	<testsuite name="cloud/blockstore/libs/vhost/ut_stress" tests="1" time="0.363235" failures="0" skipped="0">
		<testcase name="TServerStressTest.Stress" time="0.363235"/>
	</testsuite>
	<testsuite name="cloud/blockstore/libs/ydbstats/ut" tests="8" time="0.029226999999999996" failures="0" skipped="0">
		<testcase name="TYdbStatsUploadTest.ShouldAlterTables" time="0.000596"/>
		<testcase name="TYdbStatsUploadTest.ShouldCreateNewHistoryTableIfItIsOutdated" time="0.000562"/>
		<testcase name="TYdbStatsUploadTest.ShouldCreateTablesIfNessesary" time="0.000478"/>
		<testcase name="TYdbStatsUploadTest.ShouldDeleteExpiredHistoryTables" time="0.025469"/>
		<testcase name="TYdbStatsUploadTest.ShouldFailIfAlterChangesTypeOfExistingColumns" time="0.000563"/>
		<testcase name="TYdbStatsUploadTest.ShouldNotCreateTablesIfTheyAlreadyExistAndNotOutdated" time="0.000465"/>
		<testcase name="TYdbStatsUploadTest.ShouldReportNotFoundInCaseOfSchemeErrors" time="0.000544"/>
		<testcase name="TYdbStatsUploadTest.ShouldUploadData" time="0.00055"/>
	</testsuite>
	<testsuite name="cloud/blockstore/public/sdk/go/client/ut" tests="50" time="5.9999999999999964" failures="0" skipped="0">
		<testcase name="ut.TestCorrectlyReportErrorsAfterRemount" time="0.01"/>
		<testcase name="ut.TestCreateVolumeFromDevice" time="0.0"/>
		<testcase name="ut.TestDiscoveryClientCachedBalancers" time="0.01"/>
		<testcase name="ut.TestDiscoveryClientDiscoverFail" time="1.0"/>
		<testcase name="ut.TestDiscoveryClientDiscoverSuccess" time="0.2"/>
		<testcase name="ut.TestDiscoveryClientEmptyInstances" time="1.0"/>
		<testcase name="ut.TestDiscoveryClientGoodOne" time="0.0"/>
		<testcase name="ut.TestDiscoveryClientHardTimeout" time="1.5"/>
		<testcase name="ut.TestDiscoveryClientLimitFail" time="1.0"/>
		<testcase name="ut.TestDiscoveryClientLimitSuccess" time="0.2"/>
		<testcase name="ut.TestDiscoveryClientNoRetriableError" time="0.0"/>
		<testcase name="ut.TestDiscoveryClientSlowBalancers" time="0.0"/>
		<testcase name="ut.TestDiscoveryClientSoftTimeout1" time="0.1"/>
		<testcase name="ut.TestDiscoveryClientSoftTimeout2" time="0.1"/>
		<testcase name="ut.TestDiscoveryClientSoftTimeout3" time="0.1"/>
		<testcase name="ut.TestDiscoveryClientSoftTimeout4" time="0.1"/>
		<testcase name="ut.TestDiscoveryClientSoftTimeout5" time="0.1"/>
		<testcase name="ut.TestDiscoveryClientVolatileNetwork" time="0.0"/>
		<testcase name="ut.TestEndpointRequests" time="0.02"/>
		<testcase name="ut.TestFindClosestClientCreationError" time="0.0"/>
		<testcase name="ut.TestFindClosestNoEndpointsError" time="0.0"/>
		<testcase name="ut.TestFindClosestPingError" time="0.2"/>
		<testcase name="ut.TestFindClosestSuccess" time="0.1"/>
		<testcase name="ut.TestFindClosestTimeoutError" time="0.15"/>
		<testcase name="ut.TestJoinBlocks" time="0.0"/>
		<testcase name="ut.TestLogWithNilLoggerCreation" time="0.0"/>
		<testcase name="ut.TestLoggerCreationPerLevel" time="0.0"/>
		<testcase name="ut.TestMountRequestSerialization" time="0.0"/>
		<testcase name="ut.TestMountUnmountRequestSerialization" time="0.0"/>
		<testcase name="ut.TestMountVolume" time="0.0"/>
		<testcase name="ut.TestMultipleInFlightReadWriteZeroBlocksRequests" time="0.01"/>
		<testcase name="ut.TestNoRetryUnretriableRequests" time="0.0"/>
		<testcase name="ut.TestNormalizeBlocks" time="0.0"/>
		<testcase name="ut.TestPingWithInsecureChannel" time="0.0"/>
		<testcase name="ut.TestPingWithSecureChannel" time="0.02"/>
		<testcase name="ut.TestPingWithSecureChannelAndCustomCertificate" time="0.03"/>
		<testcase name="ut.TestQueryAvailableStorage" time="0.01"/>
		<testcase name="ut.TestReadWriteBlocks" time="0.01"/>
		<testcase name="ut.TestReadWriteNonDefaultBlockSize" time="0.0"/>
		<testcase name="ut.TestRejectReadWriteZeroBlocksRequestsForUnmountedVolume" time="0.0"/>
		<testcase name="ut.TestRemountPeriodicallyToPreventUnmountDueToInactivity" time="0.0"/>
		<testcase name="ut.TestRemountVolumeOnInvalidSession" time="0.0"/>
		<testcase name="ut.TestResumeDevice" time="0.0"/>
		<testcase name="ut.TestRetryUndeliveredRequests" time="0.0"/>
		<testcase name="ut.TestReturnErrorWhenSessionIsClosed" time="0.01"/>
		<testcase name="ut.TestShouldTryRemountOnWriteFollowingPreviousRemountError" time="0.01"/>
		<testcase name="ut.TestStopAutomaticRemountAfterUnmount" time="0.0"/>
		<testcase name="ut.TestSysLogWithNilWriterCreation" time="0.0"/>
		<testcase name="ut.TestSysLoggerCreationPerLevel" time="0.0"/>
		<testcase name="ut.TestUseOriginalMountRequestHeadersForRemounts" time="0.01"/>
	</testsuite>
	<testsuite name="cloud/blockstore/public/sdk/go/client" tests="25" time="0.15508604049682617" failures="0" skipped="0">
		<testcase name="blocks.go.gofmt" time="0.004217386245727539"/>
		<testcase name="blocks_test.go.gofmt" time="0.004594087600708008"/>
		<testcase name="client.go.gofmt" time="0.005553245544433594"/>
		<testcase name="client_test.go.gofmt" time="0.005377054214477539"/>
		<testcase name="credentials.go.gofmt" time="0.005053043365478516"/>
		<testcase name="discovery.go.gofmt" time="0.010791301727294922"/>
		<testcase name="discovery_test.go.gofmt" time="0.012298822402954102"/>
		<testcase name="durable.go.gofmt" time="0.00899195671081543"/>
		<testcase name="durable_test.go.gofmt" time="0.004143238067626953"/>
		<testcase name="error.go.gofmt" time="0.004271745681762695"/>
		<testcase name="error_codes.go.gofmt" time="0.005179405212402344"/>
		<testcase name="grpc.go.gofmt" time="0.009573698043823242"/>
		<testcase name="grpc_test.go.gofmt" time="0.004544734954833984"/>
		<testcase name="iface.go.gofmt" time="0.0049021244049072266"/>
		<testcase name="log.go.gofmt" time="0.0043752193450927734"/>
		<testcase name="log_test.go.gofmt" time="0.00410151481628418"/>
		<testcase name="request.go.gofmt" time="0.005635976791381836"/>
		<testcase name="response.go.gofmt" time="0.0035953521728515625"/>
		<testcase name="safe_client.go.gofmt" time="0.006665229797363281"/>
		<testcase name="session.go.gofmt" time="0.006459474563598633"/>
		<testcase name="session_test.go.gofmt" time="0.014905929565429688"/>
		<testcase name="test_client.go.gofmt" time="0.007513523101806641"/>
		<testcase name="time.go.gofmt" time="0.0046539306640625"/>
		<testcase name="type.go.gofmt" time="0.003647327423095703"/>
		<testcase name="uuid.go.gofmt" time="0.004040718078613281"/>
	</testsuite>
	<testsuite name="cloud/blockstore/public/sdk/python/client/ut" tests="1" time="0.0" failures="0" skipped="0">
		<testcase name="client_methods.py.py2_flake8" time="0.0"/>
	</testsuite>
	<testsuite name="cloud/blockstore/public/sdk/python/client/ut" tests="1" time="0.0" failures="0" skipped="0">
		<testcase name="client_methods.py.flake8" time="0.0"/>
	</testsuite>
	<testsuite name="cloud/blockstore/public/sdk/python/client/ut_py23" tests="57" time="110.99036315200169" failures="0" skipped="0">
		<testcase name="cloud.blockstore.public.sdk.python.client.ut.client_ut.py.test_every_method_async" time="0.008210505000079138"/>
		<testcase name="cloud.blockstore.public.sdk.python.client.ut.client_ut.py.test_every_method_sync" time="0.008350290000180394"/>
		<testcase name="cloud.blockstore.public.sdk.python.client.ut.discovery_ut.py.test_discovery_failure" time="0.0076826380000056815"/>
		<testcase name="cloud.blockstore.public.sdk.python.client.ut.discovery_ut.py.test_discovery_success" time="0.005921873000261257"/>
		<testcase name="cloud.blockstore.public.sdk.python.client.ut.discovery_ut.py.test_empty_instances" time="0.007899292000274727"/>
		<testcase name="cloud.blockstore.public.sdk.python.client.ut.discovery_ut.py.test_good_one" time="0.01919126899974799"/>
		<testcase name="cloud.blockstore.public.sdk.python.client.ut.discovery_ut.py.test_hard_timeout" time="0.00746942399996442"/>
		<testcase name="cloud.blockstore.public.sdk.python.client.ut.discovery_ut.py.test_limit_failure" time="0.0039036939999732567"/>
		<testcase name="cloud.blockstore.public.sdk.python.client.ut.discovery_ut.py.test_limit_success" time="0.004989625000007436"/>
		<testcase name="cloud.blockstore.public.sdk.python.client.ut.discovery_ut.py.test_no_retriable_error" time="0.003433972999573598"/>
		<testcase name="cloud.blockstore.public.sdk.python.client.ut.discovery_ut.py.test_ping_close" time="0.002664324000079432"/>
		<testcase name="cloud.blockstore.public.sdk.python.client.ut.discovery_ut.py.test_ping_contest" time="0.0029688529998566082"/>
		<testcase name="cloud.blockstore.public.sdk.python.client.ut.discovery_ut.py.test_soft_timeout1" time="0.007054627999877994"/>
		<testcase name="cloud.blockstore.public.sdk.python.client.ut.discovery_ut.py.test_soft_timeout2" time="0.010516875000121217"/>
		<testcase name="cloud.blockstore.public.sdk.python.client.ut.discovery_ut.py.test_soft_timeout3" time="0.010670496000329877"/>
		<testcase name="cloud.blockstore.public.sdk.python.client.ut.discovery_ut.py.test_soft_timeout4" time="0.007687217000238888"/>
		<testcase name="cloud.blockstore.public.sdk.python.client.ut.discovery_ut.py.test_soft_timeout5" time="0.009273618999486644"/>
		<testcase name="cloud.blockstore.public.sdk.python.client.ut.discovery_ut.py.test_volatile_network" time="0.012741920999360445"/>
		<testcase name="cloud.blockstore.public.sdk.python.client.ut.durable_ut.py.test_no_retry_unretriable_requests_async" time="0.006061721999913061"/>
		<testcase name="cloud.blockstore.public.sdk.python.client.ut.durable_ut.py.test_no_retry_unretriable_requests_sync" time="0.004508690999955434"/>
		<testcase name="cloud.blockstore.public.sdk.python.client.ut.durable_ut.py.test_retry_undelivered_request_async" time="0.04900230299995201"/>
		<testcase name="cloud.blockstore.public.sdk.python.client.ut.durable_ut.py.test_retry_undelivered_request_sync" time="0.050687323999909495"/>
		<testcase name="cloud.blockstore.public.sdk.python.client.ut.future_ut.py.test_associativity" time="0.0027663790001497546"/>
		<testcase name="cloud.blockstore.public.sdk.python.client.ut.future_ut.py.test_exception" time="0.002968669000210866"/>
		<testcase name="cloud.blockstore.public.sdk.python.client.ut.grpc_client_ut.py.test_deadline_exceeded" time="0.026447307000125875"/>
		<testcase name="cloud.blockstore.public.sdk.python.client.ut.grpc_client_ut.py.test_every_method_with_insecure_channel_async" time="0.06959019900000385"/>
		<testcase name="cloud.blockstore.public.sdk.python.client.ut.grpc_client_ut.py.test_every_method_with_insecure_channel_sync" time="0.07473173799985489"/>
		<testcase name="cloud.blockstore.public.sdk.python.client.ut.grpc_client_ut.py.test_every_method_with_secure_channel_async" time="0.09394841600010295"/>
		<testcase name="cloud.blockstore.public.sdk.python.client.ut.grpc_client_ut.py.test_every_method_with_secure_channel_sync" time="0.06881314000020211"/>
		<testcase name="cloud.blockstore.public.sdk.python.client.ut.http_client_ut.py.test_every_method[1-insecure-async]" time="30.230737980000413"/>
		<testcase name="cloud.blockstore.public.sdk.python.client.ut.http_client_ut.py.test_every_method[1-insecure-sync]" time="30.264675305999845"/>
		<testcase name="cloud.blockstore.public.sdk.python.client.ut.http_client_ut.py.test_every_method[1-secure-async]" time="24.28442606999988"/>
		<testcase name="cloud.blockstore.public.sdk.python.client.ut.http_client_ut.py.test_every_method[1-secure-sync]" time="24.30448718200023"/>
		<testcase name="cloud.blockstore.public.sdk.python.client.ut.http_client_ut.py.test_every_method[None-insecure-async]" time="0.1973696420000124"/>
		<testcase name="cloud.blockstore.public.sdk.python.client.ut.http_client_ut.py.test_every_method[None-insecure-sync]" time="0.1579771609999625"/>
		<testcase name="cloud.blockstore.public.sdk.python.client.ut.http_client_ut.py.test_every_method[None-secure-async]" time="0.20008603300038885"/>
		<testcase name="cloud.blockstore.public.sdk.python.client.ut.http_client_ut.py.test_every_method[None-secure-sync]" time="0.2108541239999795"/>
		<testcase name="cloud.blockstore.public.sdk.python.client.ut.session_ut.py.test_correctly_report_errors_after_remount_async" time="0.022997254000074463"/>
		<testcase name="cloud.blockstore.public.sdk.python.client.ut.session_ut.py.test_correctly_report_errors_after_remount_sync" time="0.029626859000472905"/>
		<testcase name="cloud.blockstore.public.sdk.python.client.ut.session_ut.py.test_mount_volume_async" time="0.005227359999935288"/>
		<testcase name="cloud.blockstore.public.sdk.python.client.ut.session_ut.py.test_mount_volume_sync" time="0.004603032999966672"/>
		<testcase name="cloud.blockstore.public.sdk.python.client.ut.session_ut.py.test_multiple_in_flight_read_write_zero_blocks_requests" time="0.21952783500000805"/>
		<testcase name="cloud.blockstore.public.sdk.python.client.ut.session_ut.py.test_read_write_blocks_async" time="0.03401455499988515"/>
		<testcase name="cloud.blockstore.public.sdk.python.client.ut.session_ut.py.test_read_write_blocks_sync" time="0.03543606900029772"/>
		<testcase name="cloud.blockstore.public.sdk.python.client.ut.session_ut.py.test_read_write_blocks_with_non_default_block_size_async" time="0.023746916999698442"/>
		<testcase name="cloud.blockstore.public.sdk.python.client.ut.session_ut.py.test_read_write_blocks_with_non_default_block_size_sync" time="0.01794190600003276"/>
		<testcase name="cloud.blockstore.public.sdk.python.client.ut.session_ut.py.test_reject_read_write_zero_blocks_requests_for_unmounted_volume_async" time="0.015168559000358073"/>
		<testcase name="cloud.blockstore.public.sdk.python.client.ut.session_ut.py.test_reject_read_write_zero_blocks_requests_for_unmounted_volume_sync" time="0.010948252000162029"/>
		<testcase name="cloud.blockstore.public.sdk.python.client.ut.session_ut.py.test_remount_periodically_to_prevent_unmount_due_to_inactivity_async" time="0.007650271000102293"/>
		<testcase name="cloud.blockstore.public.sdk.python.client.ut.session_ut.py.test_remount_periodically_to_prevent_unmount_due_to_inactivity_sync" time="0.006727297999987059"/>
		<testcase name="cloud.blockstore.public.sdk.python.client.ut.session_ut.py.test_remount_volume_in_invalid_session_async" time="0.025285465000024487"/>
		<testcase name="cloud.blockstore.public.sdk.python.client.ut.session_ut.py.test_remount_volume_in_invalid_session_sync" time="0.023033376000057615"/>
		<testcase name="cloud.blockstore.public.sdk.python.client.ut.session_ut.py.test_should_try_remount_on_write_following_previous_remount_error_async" time="0.01683537000008073"/>
		<testcase name="cloud.blockstore.public.sdk.python.client.ut.session_ut.py.test_should_try_remount_on_write_following_previous_remount_error_sync" time="0.01690191900024729"/>
		<testcase name="cloud.blockstore.public.sdk.python.client.ut.session_ut.py.test_stop_automatic_remount_after_unmount_async" time="0.0046415949998390715"/>
		<testcase name="cloud.blockstore.public.sdk.python.client.ut.session_ut.py.test_stop_automatic_remount_after_unmount_sync" time="0.0067075050001221825"/>
		<testcase name="cloud.blockstore.public.sdk.python.client.ut.session_ut.py.test_use_original_mount_request_headers_for_remount" time="0.02257185199982814"/>
	</testsuite>
	<testsuite name="cloud/blockstore/public/sdk/python/client/ut_py23" tests="7" time="0.0" failures="0" skipped="0">
		<testcase name="../ut/client_ut.py.flake8" time="0.0"/>
		<testcase name="../ut/discovery_ut.py.flake8" time="0.0"/>
		<testcase name="../ut/durable_ut.py.flake8" time="0.0"/>
		<testcase name="../ut/future_ut.py.flake8" time="0.0"/>
		<testcase name="../ut/grpc_client_ut.py.flake8" time="0.0"/>
		<testcase name="../ut/http_client_ut.py.flake8" time="0.0"/>
		<testcase name="../ut/session_ut.py.flake8" time="0.0"/>
	</testsuite>
	<testsuite name="cloud/blockstore/public/sdk/python/client" tests="15" time="0.0" failures="0" skipped="0">
		<testcase name="__init__.py.flake8" time="0.0"/>
		<testcase name="base_client.py.flake8" time="0.0"/>
		<testcase name="client.py.flake8" time="0.0"/>
		<testcase name="credentials.py.flake8" time="0.0"/>
		<testcase name="discovery.py.flake8" time="0.0"/>
		<testcase name="durable.py.flake8" time="0.0"/>
		<testcase name="error.py.flake8" time="0.0"/>
		<testcase name="error_codes.py.flake8" time="0.0"/>
		<testcase name="future.py.flake8" time="0.0"/>
		<testcase name="grpc_client.py.flake8" time="0.0"/>
		<testcase name="http_client.py.flake8" time="0.0"/>
		<testcase name="request.py.flake8" time="0.0"/>
		<testcase name="safe_client.py.flake8" time="0.0"/>
		<testcase name="scheduler.py.flake8" time="0.0"/>
		<testcase name="session.py.flake8" time="0.0"/>
	</testsuite>
	<testsuite name="cloud/blockstore/public/sdk/python/protos" tests="1" time="0.0" failures="0" skipped="0">
		<testcase name="__init__.py.py2_flake8" time="0.0"/>
	</testsuite>
	<testsuite name="cloud/blockstore/public/sdk/python/protos" tests="1" time="0.0" failures="0" skipped="0">
		<testcase name="__init__.py.flake8" time="0.0"/>
	</testsuite>
	<testsuite name="cloud/blockstore/pylibs/clusters/test_config" tests="2" time="0.0" failures="0" skipped="0">
		<testcase name="__init__.py.flake8" time="0.0"/>
		<testcase name="test_config.py.flake8" time="0.0"/>
	</testsuite>
	<testsuite name="cloud/blockstore/pylibs/common" tests="9" time="0.0" failures="0" skipped="0">
		<testcase name="__init__.py.flake8" time="0.0"/>
		<testcase name="helpers.py.flake8" time="0.0"/>
		<testcase name="logger.py.flake8" time="0.0"/>
		<testcase name="module_factories.py.flake8" time="0.0"/>
		<testcase name="profiler.py.flake8" time="0.0"/>
		<testcase name="results_processor_fs.py.flake8" time="0.0"/>
		<testcase name="retry.py.flake8" time="0.0"/>
		<testcase name="ssh.py.flake8" time="0.0"/>
		<testcase name="ssh_client.py.flake8" time="0.0"/>
	</testsuite>
	<testsuite name="cloud/blockstore/pylibs/sdk" tests="2" time="0.0" failures="0" skipped="0">
		<testcase name="__init__.py.flake8" time="0.0"/>
		<testcase name="client.py.flake8" time="0.0"/>
	</testsuite>
	<testsuite name="cloud/blockstore/pylibs/ycp" tests="3" time="0.0" failures="0" skipped="0">
		<testcase name="__init__.py.flake8" time="0.0"/>
		<testcase name="ycp.py.flake8" time="0.0"/>
		<testcase name="ycp_wrapper.py.flake8" time="0.0"/>
	</testsuite>
	<testsuite name="cloud/blockstore/tools/analytics/calculate-perf-settings" tests="1" time="0.0" failures="0" skipped="0">
		<testcase name="__main__.py.flake8" time="0.0"/>
	</testsuite>
	<testsuite name="cloud/blockstore/tools/analytics/find-perf-bottlenecks/lib" tests="3" time="0.0" failures="0" skipped="0">
		<testcase name="__init__.py.py2_flake8" time="0.0"/>
		<testcase name="report.py.py2_flake8" time="0.0"/>
		<testcase name="trace.py.py2_flake8" time="0.0"/>
	</testsuite>
	<testsuite name="cloud/blockstore/tools/analytics/find-perf-bottlenecks/lib" tests="3" time="0.0" failures="0" skipped="0">
		<testcase name="__init__.py.flake8" time="0.0"/>
		<testcase name="report.py.flake8" time="0.0"/>
		<testcase name="trace.py.flake8" time="0.0"/>
	</testsuite>
	<testsuite name="cloud/blockstore/tools/analytics/visualize-trace" tests="1" time="0.0" failures="0" skipped="0">
		<testcase name="__main__.py.flake8" time="0.0"/>
	</testsuite>
	<testsuite name="cloud/blockstore/tools/ci/check_emptiness_test/lib" tests="2" time="0.0" failures="0" skipped="0">
		<testcase name="__init__.py.flake8" time="0.0"/>
		<testcase name="main.py.flake8" time="0.0"/>
	</testsuite>
	<testsuite name="cloud/blockstore/tools/ci/check_emptiness_test/tests" tests="1" time="2.4888109660000737" failures="0" skipped="0">
		<testcase name="test.py.test_check_emptiness_test[cluster1]" time="2.4888109660000737"/>
	</testsuite>
	<testsuite name="cloud/blockstore/tools/ci/check_emptiness_test/tests" tests="1" time="0.0" failures="0" skipped="0">
		<testcase name="test.py.flake8" time="0.0"/>
	</testsuite>
	<testsuite name="cloud/blockstore/tools/ci/check_emptiness_test" tests="1" time="0.0" failures="0" skipped="0">
		<testcase name="__main__.py.flake8" time="0.0"/>
	</testsuite>
	<testsuite name="cloud/blockstore/tools/ci/checkpoint_validation_test/lib" tests="4" time="0.0" failures="0" skipped="0">
		<testcase name="__init__.py.flake8" time="0.0"/>
		<testcase name="errors.py.flake8" time="0.0"/>
		<testcase name="main.py.flake8" time="0.0"/>
		<testcase name="test_cases.py.flake8" time="0.0"/>
	</testsuite>
	<testsuite name="cloud/blockstore/tools/ci/checkpoint_validation_test/tests" tests="1" time="0.43207084500022575" failures="0" skipped="0">
		<testcase name="test.py.test_checkpoint_validation_test[cluster1]" time="0.43207084500022575"/>
	</testsuite>
	<testsuite name="cloud/blockstore/tools/ci/checkpoint_validation_test/tests" tests="1" time="0.0" failures="0" skipped="0">
		<testcase name="test.py.flake8" time="0.0"/>
	</testsuite>
	<testsuite name="cloud/blockstore/tools/ci/checkpoint_validation_test" tests="1" time="0.0" failures="0" skipped="0">
		<testcase name="__main__.py.flake8" time="0.0"/>
	</testsuite>
	<testsuite name="cloud/blockstore/tools/ci/corruption_test_suite/lib" tests="4" time="0.0" failures="0" skipped="0">
		<testcase name="__init__.py.flake8" time="0.0"/>
		<testcase name="errors.py.flake8" time="0.0"/>
		<testcase name="main.py.flake8" time="0.0"/>
		<testcase name="test_cases.py.flake8" time="0.0"/>
	</testsuite>
	<testsuite name="cloud/blockstore/tools/ci/corruption_test_suite/tests" tests="6" time="2.390902717000017" failures="0" skipped="0">
		<testcase name="test.py.test_corruption_test_suite[nbs-cluster1-512bytes-bs]" time="0.4521161259999644"/>
		<testcase name="test.py.test_corruption_test_suite[nbs-cluster1-64MB-bs]" time="0.43119323999962944"/>
		<testcase name="test.py.test_corruption_test_suite[nbs-cluster1-ranges-intersection]" time="0.396265988000323"/>
		<testcase name="test.py.test_corruption_test_suite[nfs-cluster1-512bytes-bs]" time="0.29316089400003875"/>
		<testcase name="test.py.test_corruption_test_suite[nfs-cluster1-64MB-bs]" time="0.41934323700024834"/>
		<testcase name="test.py.test_corruption_test_suite[nfs-cluster1-ranges-intersection]" time="0.3988232319998133"/>
	</testsuite>
	<testsuite name="cloud/blockstore/tools/ci/corruption_test_suite/tests" tests="1" time="0.0" failures="0" skipped="0">
		<testcase name="test.py.flake8" time="0.0"/>
	</testsuite>
	<testsuite name="cloud/blockstore/tools/ci/corruption_test_suite" tests="1" time="0.0" failures="0" skipped="0">
		<testcase name="__main__.py.flake8" time="0.0"/>
	</testsuite>
	<testsuite name="cloud/blockstore/tools/ci/fio_performance_test_suite/lib" tests="5" time="0.0" failures="0" skipped="0">
		<testcase name="__init__.py.flake8" time="0.0"/>
		<testcase name="errors.py.flake8" time="0.0"/>
		<testcase name="main.py.flake8" time="0.0"/>
		<testcase name="results_processor_fs.py.flake8" time="0.0"/>
		<testcase name="test_cases.py.flake8" time="0.0"/>
	</testsuite>
	<testsuite name="cloud/blockstore/tools/ci/fio_performance_test_suite/tests" tests="80" time="31.38909156200225" failures="0" skipped="0">
		<testcase name="test.py.test_fio_performance_test_suite[False-nbs-cluster_and_platform0-default]" time="0.4763816100000895"/>
		<testcase name="test.py.test_fio_performance_test_suite[False-nbs-cluster_and_platform0-large_block_size]" time="0.32202878400016743"/>
		<testcase name="test.py.test_fio_performance_test_suite[False-nbs-cluster_and_platform0-max_bandwidth]" time="0.30062335099978554"/>
		<testcase name="test.py.test_fio_performance_test_suite[False-nbs-cluster_and_platform0-max_iops]" time="0.3057816069999717"/>
		<testcase name="test.py.test_fio_performance_test_suite[False-nbs-cluster_and_platform0-mirrored_iops]" time="0.30822812599990357"/>
		<testcase name="test.py.test_fio_performance_test_suite[False-nbs-cluster_and_platform0-mirrored_throughput]" time="0.2985031399998661"/>
		<testcase name="test.py.test_fio_performance_test_suite[False-nbs-cluster_and_platform0-nrd]" time="0.30050587400023687"/>
		<testcase name="test.py.test_fio_performance_test_suite[False-nbs-cluster_and_platform0-nrd_iops]" time="0.29075113899989447"/>
		<testcase name="test.py.test_fio_performance_test_suite[False-nbs-cluster_and_platform0-nrd_throughput]" time="0.42011617900016063"/>
		<testcase name="test.py.test_fio_performance_test_suite[False-nbs-cluster_and_platform0-overlay_disk_max_count]" time="0.39079726799991477"/>
		<testcase name="test.py.test_fio_performance_test_suite[False-nbs-cluster_and_platform1-default]" time="0.4405209490000743"/>
		<testcase name="test.py.test_fio_performance_test_suite[False-nbs-cluster_and_platform1-large_block_size]" time="0.4389244359999793"/>
		<testcase name="test.py.test_fio_performance_test_suite[False-nbs-cluster_and_platform1-max_bandwidth]" time="0.4420001199998751"/>
		<testcase name="test.py.test_fio_performance_test_suite[False-nbs-cluster_and_platform1-max_iops]" time="0.39623832400002357"/>
		<testcase name="test.py.test_fio_performance_test_suite[False-nbs-cluster_and_platform1-mirrored_iops]" time="0.4825308930001029"/>
		<testcase name="test.py.test_fio_performance_test_suite[False-nbs-cluster_and_platform1-mirrored_throughput]" time="0.4175491469998178"/>
		<testcase name="test.py.test_fio_performance_test_suite[False-nbs-cluster_and_platform1-nrd]" time="0.492998384999737"/>
		<testcase name="test.py.test_fio_performance_test_suite[False-nbs-cluster_and_platform1-nrd_iops]" time="0.5038059289995545"/>
		<testcase name="test.py.test_fio_performance_test_suite[False-nbs-cluster_and_platform1-nrd_throughput]" time="0.4526885590000802"/>
		<testcase name="test.py.test_fio_performance_test_suite[False-nbs-cluster_and_platform1-overlay_disk_max_count]" time="0.3971799559999454"/>
		<testcase name="test.py.test_fio_performance_test_suite[False-nfs-cluster_and_platform0-default]" time="0.4360509550001552"/>
		<testcase name="test.py.test_fio_performance_test_suite[False-nfs-cluster_and_platform0-large_block_size]" time="0.4143452600001183"/>
		<testcase name="test.py.test_fio_performance_test_suite[False-nfs-cluster_and_platform0-max_bandwidth]" time="0.38978657600023325"/>
		<testcase name="test.py.test_fio_performance_test_suite[False-nfs-cluster_and_platform0-max_iops]" time="0.4213141939999332"/>
		<testcase name="test.py.test_fio_performance_test_suite[False-nfs-cluster_and_platform0-mirrored_iops]" time="0.2600109649999922"/>
		<testcase name="test.py.test_fio_performance_test_suite[False-nfs-cluster_and_platform0-mirrored_throughput]" time="0.25734493400022984"/>
		<testcase name="test.py.test_fio_performance_test_suite[False-nfs-cluster_and_platform0-nrd]" time="0.2560592859999815"/>
		<testcase name="test.py.test_fio_performance_test_suite[False-nfs-cluster_and_platform0-nrd_iops]" time="0.24907731400026023"/>
		<testcase name="test.py.test_fio_performance_test_suite[False-nfs-cluster_and_platform0-nrd_throughput]" time="0.2530202640000425"/>
		<testcase name="test.py.test_fio_performance_test_suite[False-nfs-cluster_and_platform0-overlay_disk_max_count]" time="0.25455577400020957"/>
		<testcase name="test.py.test_fio_performance_test_suite[False-nfs-cluster_and_platform1-default]" time="0.2584453570000278"/>
		<testcase name="test.py.test_fio_performance_test_suite[False-nfs-cluster_and_platform1-large_block_size]" time="0.2736516060003851"/>
		<testcase name="test.py.test_fio_performance_test_suite[False-nfs-cluster_and_platform1-max_bandwidth]" time="0.39509604299973944"/>
		<testcase name="test.py.test_fio_performance_test_suite[False-nfs-cluster_and_platform1-max_iops]" time="0.437798478999639"/>
		<testcase name="test.py.test_fio_performance_test_suite[False-nfs-cluster_and_platform1-mirrored_iops]" time="0.4503180390001944"/>
		<testcase name="test.py.test_fio_performance_test_suite[False-nfs-cluster_and_platform1-mirrored_throughput]" time="0.4162946659998852"/>
		<testcase name="test.py.test_fio_performance_test_suite[False-nfs-cluster_and_platform1-nrd]" time="0.4551496369997494"/>
		<testcase name="test.py.test_fio_performance_test_suite[False-nfs-cluster_and_platform1-nrd_iops]" time="0.4219887630001722"/>
		<testcase name="test.py.test_fio_performance_test_suite[False-nfs-cluster_and_platform1-nrd_throughput]" time="0.4052176119998876"/>
		<testcase name="test.py.test_fio_performance_test_suite[False-nfs-cluster_and_platform1-overlay_disk_max_count]" time="0.4132632620003278"/>
		<testcase name="test.py.test_fio_performance_test_suite[True-nbs-cluster_and_platform0-default]" time="0.4941955090002921"/>
		<testcase name="test.py.test_fio_performance_test_suite[True-nbs-cluster_and_platform0-large_block_size]" time="0.452394673000299"/>
		<testcase name="test.py.test_fio_performance_test_suite[True-nbs-cluster_and_platform0-max_bandwidth]" time="0.478686031000052"/>
		<testcase name="test.py.test_fio_performance_test_suite[True-nbs-cluster_and_platform0-max_iops]" time="0.44776661899982173"/>
		<testcase name="test.py.test_fio_performance_test_suite[True-nbs-cluster_and_platform0-mirrored_iops]" time="0.46204823700009"/>
		<testcase name="test.py.test_fio_performance_test_suite[True-nbs-cluster_and_platform0-mirrored_throughput]" time="0.44102797100003954"/>
		<testcase name="test.py.test_fio_performance_test_suite[True-nbs-cluster_and_platform0-nrd]" time="0.4939003050001247"/>
		<testcase name="test.py.test_fio_performance_test_suite[True-nbs-cluster_and_platform0-nrd_iops]" time="0.4619655170001806"/>
		<testcase name="test.py.test_fio_performance_test_suite[True-nbs-cluster_and_platform0-nrd_throughput]" time="0.40893740000001344"/>
		<testcase name="test.py.test_fio_performance_test_suite[True-nbs-cluster_and_platform0-overlay_disk_max_count]" time="0.39636645599989606"/>
		<testcase name="test.py.test_fio_performance_test_suite[True-nbs-cluster_and_platform1-default]" time="0.4132280509998054"/>
		<testcase name="test.py.test_fio_performance_test_suite[True-nbs-cluster_and_platform1-large_block_size]" time="0.41861574100016696"/>
		<testcase name="test.py.test_fio_performance_test_suite[True-nbs-cluster_and_platform1-max_bandwidth]" time="0.4233727880000515"/>
		<testcase name="test.py.test_fio_performance_test_suite[True-nbs-cluster_and_platform1-max_iops]" time="0.4265156530002514"/>
		<testcase name="test.py.test_fio_performance_test_suite[True-nbs-cluster_and_platform1-mirrored_iops]" time="0.41902139300009367"/>
		<testcase name="test.py.test_fio_performance_test_suite[True-nbs-cluster_and_platform1-mirrored_throughput]" time="0.4310670070001379"/>
		<testcase name="test.py.test_fio_performance_test_suite[True-nbs-cluster_and_platform1-nrd]" time="1.1872259300000678"/>
		<testcase name="test.py.test_fio_performance_test_suite[True-nbs-cluster_and_platform1-nrd_iops]" time="0.26688222000007045"/>
		<testcase name="test.py.test_fio_performance_test_suite[True-nbs-cluster_and_platform1-nrd_throughput]" time="0.26053414600005453"/>
		<testcase name="test.py.test_fio_performance_test_suite[True-nbs-cluster_and_platform1-overlay_disk_max_count]" time="0.25271483300025466"/>
		<testcase name="test.py.test_fio_performance_test_suite[True-nfs-cluster_and_platform0-default]" time="0.2481733759996132"/>
		<testcase name="test.py.test_fio_performance_test_suite[True-nfs-cluster_and_platform0-large_block_size]" time="0.23809667500017895"/>
		<testcase name="test.py.test_fio_performance_test_suite[True-nfs-cluster_and_platform0-max_bandwidth]" time="0.24325041600036457"/>
		<testcase name="test.py.test_fio_performance_test_suite[True-nfs-cluster_and_platform0-max_iops]" time="0.24062682399994628"/>
		<testcase name="test.py.test_fio_performance_test_suite[True-nfs-cluster_and_platform0-mirrored_iops]" time="0.43067046299984213"/>
		<testcase name="test.py.test_fio_performance_test_suite[True-nfs-cluster_and_platform0-mirrored_throughput]" time="0.3861408590000792"/>
		<testcase name="test.py.test_fio_performance_test_suite[True-nfs-cluster_and_platform0-nrd]" time="0.3953596670000934"/>
		<testcase name="test.py.test_fio_performance_test_suite[True-nfs-cluster_and_platform0-nrd_iops]" time="0.4672551169999224"/>
		<testcase name="test.py.test_fio_performance_test_suite[True-nfs-cluster_and_platform0-nrd_throughput]" time="0.4229156750000129"/>
		<testcase name="test.py.test_fio_performance_test_suite[True-nfs-cluster_and_platform0-overlay_disk_max_count]" time="0.4453676530001758"/>
		<testcase name="test.py.test_fio_performance_test_suite[True-nfs-cluster_and_platform1-default]" time="0.42099503500026003"/>
		<testcase name="test.py.test_fio_performance_test_suite[True-nfs-cluster_and_platform1-large_block_size]" time="0.4021692169999369"/>
		<testcase name="test.py.test_fio_performance_test_suite[True-nfs-cluster_and_platform1-max_bandwidth]" time="0.40171764099977736"/>
		<testcase name="test.py.test_fio_performance_test_suite[True-nfs-cluster_and_platform1-max_iops]" time="0.38077492599973084"/>
		<testcase name="test.py.test_fio_performance_test_suite[True-nfs-cluster_and_platform1-mirrored_iops]" time="0.4011903200000688"/>
		<testcase name="test.py.test_fio_performance_test_suite[True-nfs-cluster_and_platform1-mirrored_throughput]" time="0.3486665980001362"/>
		<testcase name="test.py.test_fio_performance_test_suite[True-nfs-cluster_and_platform1-nrd]" time="0.37167534499985777"/>
		<testcase name="test.py.test_fio_performance_test_suite[True-nfs-cluster_and_platform1-nrd_iops]" time="0.3737758600000234"/>
		<testcase name="test.py.test_fio_performance_test_suite[True-nfs-cluster_and_platform1-nrd_throughput]" time="0.3746335979999458"/>
		<testcase name="test.py.test_fio_performance_test_suite[True-nfs-cluster_and_platform1-overlay_disk_max_count]" time="0.3622270550001758"/>
	</testsuite>
	<testsuite name="cloud/blockstore/tools/ci/fio_performance_test_suite/tests" tests="1" time="0.0" failures="0" skipped="0">
		<testcase name="test.py.flake8" time="0.0"/>
	</testsuite>
	<testsuite name="cloud/blockstore/tools/ci/fio_performance_test_suite" tests="1" time="0.0" failures="0" skipped="0">
		<testcase name="__main__.py.flake8" time="0.0"/>
	</testsuite>
	<testsuite name="cloud/blockstore/tools/ci/migration_test/lib" tests="2" time="0.0" failures="0" skipped="0">
		<testcase name="__init__.py.flake8" time="0.0"/>
		<testcase name="main.py.flake8" time="0.0"/>
	</testsuite>
	<testsuite name="cloud/blockstore/tools/ci/migration_test/tests" tests="1" time="2.488035881000087" failures="0" skipped="0">
		<testcase name="test.py.test_migration_test[cluster1]" time="2.488035881000087"/>
	</testsuite>
	<testsuite name="cloud/blockstore/tools/ci/migration_test/tests" tests="1" time="0.0" failures="0" skipped="0">
		<testcase name="test.py.flake8" time="0.0"/>
	</testsuite>
	<testsuite name="cloud/blockstore/tools/ci/migration_test" tests="1" time="0.0" failures="0" skipped="0">
		<testcase name="__main__.py.flake8" time="0.0"/>
	</testsuite>
	<testsuite name="cloud/blockstore/tools/ci/relocation_test/lib" tests="2" time="0.0" failures="0" skipped="0">
		<testcase name="__init__.py.flake8" time="0.0"/>
		<testcase name="main.py.flake8" time="0.0"/>
	</testsuite>
	<testsuite name="cloud/blockstore/tools/ci/relocation_test/tests" tests="1" time="0.28546023899980355" failures="0" skipped="0">
		<testcase name="test.py.test_relocation_test[cluster1]" time="0.28546023899980355"/>
	</testsuite>
	<testsuite name="cloud/blockstore/tools/ci/relocation_test/tests" tests="1" time="0.0" failures="0" skipped="0">
		<testcase name="test.py.flake8" time="0.0"/>
	</testsuite>
	<testsuite name="cloud/blockstore/tools/ci/relocation_test" tests="1" time="0.0" failures="0" skipped="0">
		<testcase name="__main__.py.flake8" time="0.0"/>
	</testsuite>
	<testsuite name="cloud/blockstore/tools/cms/config" tests="1" time="0.0" failures="0" skipped="0">
		<testcase name="__main__.py.flake8" time="0.0"/>
	</testsuite>
	<testsuite name="cloud/blockstore/tools/cms/lib" tests="8" time="0.0" failures="0" skipped="0">
		<testcase name="cms.py.flake8" time="0.0"/>
		<testcase name="conductor.py.flake8" time="0.0"/>
		<testcase name="config.py.flake8" time="0.0"/>
		<testcase name="config_main.py.flake8" time="0.0"/>
		<testcase name="patcher_main.py.flake8" time="0.0"/>
		<testcase name="proto.py.flake8" time="0.0"/>
		<testcase name="pssh.py.flake8" time="0.0"/>
		<testcase name="tools.py.flake8" time="0.0"/>
	</testsuite>
	<testsuite name="cloud/blockstore/tools/cms/patcher/tests" tests="1" time="1.2155057080003644" failures="0" skipped="0">
		<testcase name="test.py.test_patch" time="1.2155057080003644"/>
	</testsuite>
	<testsuite name="cloud/blockstore/tools/cms/patcher/tests" tests="1" time="0.0" failures="0" skipped="0">
		<testcase name="test.py.flake8" time="0.0"/>
	</testsuite>
	<testsuite name="cloud/blockstore/tools/cms/patcher" tests="1" time="0.0" failures="0" skipped="0">
		<testcase name="__main__.py.flake8" time="0.0"/>
	</testsuite>
	<testsuite name="cloud/blockstore/tools/fs/cleanup-ext4-meta/ut" tests="1" time="0.00465" failures="0" skipped="0">
		<testcase name="TExt4MetaReaderTest.ShouldParseEmptyExt4" time="0.00465"/>
	</testsuite>
	<testsuite name="cloud/blockstore/tools/fs/cleanup-fs" tests="1" time="0.0" failures="0" skipped="0">
		<testcase name="__main__.py.flake8" time="0.0"/>
	</testsuite>
	<testsuite name="cloud/blockstore/tools/fs/cleanup-xfs/ut" tests="4" time="0.004593000000000001" failures="0" skipped="0">
		<testcase name="TCleanupTest.ShouldCleanup4K" time="0.003621"/>
		<testcase name="TCleanupTest.ShouldCleanup512" time="0.000772"/>
		<testcase name="TParserTest.ShouldParseFreeSpace" time="6.2e-05"/>
		<testcase name="TParserTest.ShouldParseSuperBlock" time="0.000138"/>
	</testsuite>
	<testsuite name="cloud/blockstore/tools/fs/detect-raid" tests="1" time="0.0" failures="0" skipped="0">
		<testcase name="__main__.py.flake8" time="0.0"/>
	</testsuite>
	<testsuite name="cloud/blockstore/tools/fs/dump_disk_info" tests="1" time="0.0" failures="0" skipped="0">
		<testcase name="__main__.py.flake8" time="0.0"/>
	</testsuite>
	<testsuite name="cloud/blockstore/tools/fs/gen_used_blocks_map/tests" tests="5" time="2.1513676659992598" failures="0" skipped="0">
		<testcase name="test.py.test_parts" time="0.7543944979997832"/>
		<testcase name="test.py.test_no_parts" time="0.47612310399972557"/>
		<testcase name="test.py.test_no_fs" time="0.3231721459997061"/>
		<testcase name="test.py.test_parts_8K" time="0.29544481599987193"/>
		<testcase name="test.py.test_ntfs_parts" time="0.30223310200017295"/>
	</testsuite>
	<testsuite name="cloud/blockstore/tools/fs/gen_used_blocks_map/tests" tests="1" time="0.0" failures="0" skipped="0">
		<testcase name="test.py.flake8" time="0.0"/>
	</testsuite>
	<testsuite name="cloud/blockstore/tools/fs/gen_used_blocks_map" tests="4" time="0.0" failures="0" skipped="0">
		<testcase name="__main__.py.flake8" time="0.0"/>
		<testcase name="ext4.py.flake8" time="0.0"/>
		<testcase name="ntfs.py.flake8" time="0.0"/>
		<testcase name="xfs.py.flake8" time="0.0"/>
	</testsuite>
	<testsuite name="cloud/blockstore/tools/fs/setup_fs_mask" tests="1" time="0.0" failures="0" skipped="0">
		<testcase name="__main__.py.flake8" time="0.0"/>
	</testsuite>
	<testsuite name="cloud/blockstore/tools/http_proxy/tests" tests="2" time="4.1771185840002545" failures="0" skipped="0">
		<testcase name="test.py.test_ping[False]" time="2.091308530000333"/>
		<testcase name="test.py.test_ping[True]" time="2.0858100539999214"/>
	</testsuite>
	<testsuite name="cloud/blockstore/tools/http_proxy/tests" tests="1" time="0.0" failures="0" skipped="0">
		<testcase name="test.py.flake8" time="0.0"/>
	</testsuite>
	<testsuite name="cloud/blockstore/tools/http_proxy/ut" tests="12" time="0.73" failures="0" skipped="0">
		<testcase name="blockstore-http-proxy.TestHeadersInsecureNbsInsecureProxy" time="0.01"/>
		<testcase name="blockstore-http-proxy.TestHeadersInsecureNbsSecureProxy" time="0.02"/>
		<testcase name="blockstore-http-proxy.TestPingSecureNbsInsecureProxy" time="0.02"/>
		<testcase name="blockstore-http-proxy.TestPingSecureNbsSecureProxy" time="0.13"/>
		<testcase name="blockstore-http-proxy.TestHeadersSecureNbsInsecureProxy" time="0.11"/>
		<testcase name="blockstore-http-proxy.TestHeadersSecureNbsSecureProxy" time="0.03"/>
		<testcase name="blockstore-http-proxy.TestMountVolumeWithBodyInsecureNbsInsecureProxy" time="0.01"/>
		<testcase name="blockstore-http-proxy.TestMountVolumeWithBodyInsecureNbsSecureProxy" time="0.03"/>
		<testcase name="blockstore-http-proxy.TestMountVolumeWithBodySecureNbsInsecureProxy" time="0.29"/>
		<testcase name="blockstore-http-proxy.TestMountVolumeWithBodySecureNbsSecureProxy" time="0.05"/>
		<testcase name="blockstore-http-proxy.TestPingInsecureNbsInsecureProxy" time="0.01"/>
		<testcase name="blockstore-http-proxy.TestPingInsecureNbsSecureProxy" time="0.02"/>
	</testsuite>
	<testsuite name="cloud/blockstore/tools/http_proxy" tests="2" time="0.017348766326904297" failures="0" skipped="0">
		<testcase name="main.go.gofmt" time="0.007145404815673828"/>
		<testcase name="main_test.go.gofmt" time="0.010203361511230469"/>
	</testsuite>
	<testsuite name="cloud/blockstore/tools/testing/eternal_tests/checkpoint-validator/lib/ut" tests="2" time="0.067398" failures="0" skipped="0">
		<testcase name="TCheckpointValidator.ShouldFailValidation" time="0.013042"/>
		<testcase name="TCheckpointValidator.ShouldValidateCorrectly" time="0.054356"/>
	</testsuite>
	<testsuite name="cloud/blockstore/tools/testing/eternal_tests/test_runner/lib" tests="5" time="0.0" failures="0" skipped="0">
		<testcase name="__init__.py.flake8" time="0.0"/>
		<testcase name="arg_parser.py.flake8" time="0.0"/>
		<testcase name="errors.py.flake8" time="0.0"/>
		<testcase name="main.py.flake8" time="0.0"/>
		<testcase name="test_configs.py.flake8" time="0.0"/>
	</testsuite>
	<testsuite name="cloud/blockstore/tools/testing/eternal_tests/test_runner/tests" tests="39" time="12.465960240001323" failures="0" skipped="0">
		<testcase name="test.py.test_eternal_load_test[add-auto-run-eternal-1023gb-nonrepl-cluster1]" time="0.2800537749999421"/>
		<testcase name="test.py.test_eternal_load_test[add-auto-run-eternal-4tb-cluster1]" time="0.28174722300013855"/>
		<testcase name="test.py.test_eternal_load_test[add-auto-run-eternal-640gb-verify-checkpoint-cluster1]" time="0.28771809599993503"/>
		<testcase name="test.py.test_eternal_load_test[add-auto-run-eternal-big-hdd-nonrepl-diff-size-reqs-1-cluster1]" time="0.28612111500024184"/>
		<testcase name="test.py.test_eternal_load_test[add-auto-run-eternal-relocation-network-ssd-cluster1]" time="0.3546124210006383"/>
		<testcase name="test.py.test_eternal_load_test[continue-load-eternal-1023gb-nonrepl-cluster1]" time="0.3986934539993854"/>
		<testcase name="test.py.test_eternal_load_test[continue-load-eternal-4tb-cluster1]" time="0.3673560980005277"/>
		<testcase name="test.py.test_eternal_load_test[continue-load-eternal-640gb-verify-checkpoint-cluster1]" time="0.3284415670004819"/>
		<testcase name="test.py.test_eternal_load_test[continue-load-eternal-big-hdd-nonrepl-diff-size-reqs-1-cluster1]" time="0.3876903470004436"/>
		<testcase name="test.py.test_eternal_load_test[continue-load-eternal-relocation-network-ssd-cluster1]" time="0.3797514510001747"/>
		<testcase name="test.py.test_eternal_load_test[delete-test-eternal-1023gb-nonrepl-cluster1]" time="0.41805568800009496"/>
		<testcase name="test.py.test_eternal_load_test[delete-test-eternal-4tb-cluster1]" time="0.40642038899977706"/>
		<testcase name="test.py.test_eternal_load_test[delete-test-eternal-640gb-verify-checkpoint-cluster1]" time="0.322979707000286"/>
		<testcase name="test.py.test_eternal_load_test[delete-test-eternal-big-hdd-nonrepl-diff-size-reqs-1-cluster1]" time="0.33819470800062845"/>
		<testcase name="test.py.test_eternal_load_test[delete-test-eternal-relocation-network-ssd-cluster1]" time="0.3422182889994474"/>
		<testcase name="test.py.test_eternal_load_test[rerun-load-eternal-1023gb-nonrepl-cluster1]" time="0.3391637989998344"/>
		<testcase name="test.py.test_eternal_load_test[rerun-load-eternal-4tb-cluster1]" time="0.2914237489999323"/>
		<testcase name="test.py.test_eternal_load_test[rerun-load-eternal-640gb-verify-checkpoint-cluster1]" time="0.2875392020000618"/>
		<testcase name="test.py.test_eternal_load_test[rerun-load-eternal-big-hdd-nonrepl-diff-size-reqs-1-cluster1]" time="0.3013846270000613"/>
		<testcase name="test.py.test_eternal_load_test[rerun-load-eternal-relocation-network-ssd-cluster1]" time="0.28919850499983113"/>
		<testcase name="test.py.test_eternal_load_test[setup-test-eternal-1023gb-nonrepl-cluster1]" time="0.48882975399988027"/>
		<testcase name="test.py.test_eternal_load_test[setup-test-eternal-4tb-cluster1]" time="0.3348372769996786"/>
		<testcase name="test.py.test_eternal_load_test[setup-test-eternal-640gb-verify-checkpoint-cluster1]" time="0.2806938209996588"/>
		<testcase name="test.py.test_eternal_load_test[setup-test-eternal-big-hdd-nonrepl-diff-size-reqs-1-cluster1]" time="0.3074089090000598"/>
		<testcase name="test.py.test_eternal_load_test[setup-test-eternal-relocation-network-ssd-cluster1]" time="0.2914775849999387"/>
		<testcase name="test.py.test_eternal_load_test[stop-load-eternal-1023gb-nonrepl-cluster1]" time="0.2701415579999775"/>
		<testcase name="test.py.test_eternal_load_test[stop-load-eternal-4tb-cluster1]" time="0.2692782160002025"/>
		<testcase name="test.py.test_eternal_load_test[stop-load-eternal-640gb-verify-checkpoint-cluster1]" time="0.2995360239999627"/>
		<testcase name="test.py.test_eternal_load_test[stop-load-eternal-big-hdd-nonrepl-diff-size-reqs-1-cluster1]" time="0.25951788900033534"/>
		<testcase name="test.py.test_eternal_load_test[stop-load-eternal-relocation-network-ssd-cluster1]" time="0.2639052859999538"/>
		<testcase name="test.py.test_eternal_load_test_case_all_fail[add-auto-run-all-cluster1]" time="0.2935563969999748"/>
		<testcase name="test.py.test_eternal_load_test_case_all_fail[continue-load-all-cluster1]" time="0.2580327859998306"/>
		<testcase name="test.py.test_eternal_load_test_case_all_fail[delete-test-all-cluster1]" time="0.2734279809997133"/>
		<testcase name="test.py.test_eternal_load_test_case_all_fail[setup-test-all-cluster1]" time="0.2722212070000296"/>
		<testcase name="test.py.test_eternal_load_test_case_all_fail[stop-load-all-cluster1]" time="0.2541929680000976"/>
		<testcase name="test.py.test_eternal_load_test_case_all_ok[rerun-load-all-cluster1]" time="0.4407680450001408"/>
		<testcase name="test.py.test_test_eternal_load_db_test[all-cluster1]" time="0.2966820109998025"/>
		<testcase name="test.py.test_test_eternal_load_db_test[eternal-1023gb-nonrepl-mysql-cluster1]" time="0.286747330000253"/>
		<testcase name="test.py.test_test_eternal_load_db_test[eternal-1tb-postgresql-cluster1]" time="0.3359409859999687"/>
	</testsuite>
	<testsuite name="cloud/blockstore/tools/testing/eternal_tests/test_runner/tests" tests="1" time="0.0" failures="0" skipped="0">
		<testcase name="test.py.flake8" time="0.0"/>
	</testsuite>
	<testsuite name="cloud/blockstore/tools/testing/eternal_tests/test_runner" tests="1" time="0.0" failures="0" skipped="0">
		<testcase name="__main__.py.flake8" time="0.0"/>
	</testsuite>
	<testsuite name="cloud/blockstore/tools/testing/generate-agents" tests="1" time="0.0" failures="0" skipped="0">
		<testcase name="__main__.py.flake8" time="0.0"/>
	</testsuite>
	<testsuite name="cloud/blockstore/tools/testing/infra-client" tests="1" time="0.0" failures="0" skipped="0">
		<testcase name="__main__.py.flake8" time="0.0"/>
	</testsuite>
	<testsuite name="cloud/blockstore/tools/testing/notify-mock" tests="1" time="0.0" failures="0" skipped="0">
		<testcase name="__main__.py.flake8" time="0.0"/>
	</testsuite>
	<testsuite name="cloud/blockstore/vhost-server/ut" tests="16" time="4.869352" failures="0" skipped="0">
		<testcase name="TAioRequestTest.ShouldAllocateBounceBuf" time="0.014371"/>
		<testcase name="TAioRequestTest.ShouldPrepareCompoundIO" time="0.000107"/>
		<testcase name="TAioRequestTest.ShouldPrepareCompoundIOForSmallDevices" time="0.000228"/>
		<testcase name="TServerTest.ShouldGetDeviceID" time="0.191302"/>
		<testcase name="TServerTest.ShouldHandleMutlipleQueues" time="1.7897"/>
		<testcase name="TServerTest.ShouldWriteToSplitDevices" time="0.553754"/>
		<testcase name="TServerTest.ShouldWriteUnaligned" time="2.298199"/>
		<testcase name="TStatsTest.ShouldDumpStats" time="0.004839"/>
		<testcase name="TAioRequestTest.ShouldPrepareCompoundIOForSplitDevices" time="0.001946"/>
		<testcase name="TAioRequestTest.ShouldPrepareIO" time="0.000189"/>
		<testcase name="TAioRequestTest.ShouldPrepareIOForSplitDevices" time="0.000268"/>
		<testcase name="THistogrmTest.ShouldCollectBuckets" time="0.000269"/>
		<testcase name="THistogrmTest.ShouldCollectBucketsWithoutOverflow" time="0.000183"/>
		<testcase name="THistogrmTest.ShouldCollectEmptyBuckets" time="0.000193"/>
		<testcase name="THistogrmTest.ShouldIterateDiffBuckets" time="0.013431"/>
		<testcase name="TOptionsTest.ShouldParseOptions" time="0.000373"/>
	</testsuite>
	<testsuite name="cloud/blockstore/tests/plugin/uds" tests="8" time="202.09925138000108" failures="0" skipped="0">
		<testcase name="test.py.test_load[stable-endpoint2]" time="23.627373312000145"/>
		<testcase name="test.py.test_load[stable-endpoint]" time="23.91706538499966"/>
		<testcase name="test.py.test_load[stable-endpoint_nbd]" time="25.175814775000617"/>
		<testcase name="test.py.test_load[stable-restarts]" time="21.530329459999848"/>
		<testcase name="test.py.test_load[trunk-endpoint2]" time="24.687411117000465"/>
		<testcase name="test.py.test_load[trunk-endpoint]" time="23.944897314000173"/>
		<testcase name="test.py.test_load[trunk-endpoint_nbd]" time="23.375842591000037"/>
		<testcase name="test.py.test_load[trunk-restarts]" time="35.84051742600013"/>
	</testsuite>
	<testsuite name="cloud/blockstore/tests/plugin/uds" tests="1" time="0.0" failures="0" skipped="0">
		<testcase name="test.py.flake8" time="0.0"/>
	</testsuite>
	<testsuite name="cloud/blockstore/tests/client" tests="11" time="532.4754168270001" failures="0" skipped="0">
		<testcase name="keepalive.py.test_keepalive" time="31.315073984000264"/>
		<testcase name="test_with_client.py.test_alterplacementgroupmembership_in_partition_placementgroup" time="55.637397585000144"/>
		<testcase name="test_with_client.py.test_backup" time="55.31593739100117"/>
		<testcase name="test_with_client.py.test_backup_and_restore_nrd" time="86.84316610899987"/>
		<testcase name="test_with_client.py.test_create_destroy_placementgroup" time="45.22249638999983"/>
		<testcase name="test_with_client.py.test_createplacementgroup" time="24.07415163099995"/>
		<testcase name="test_with_client.py.test_createvolume_in_partition_placementgroup" time="53.76185585800067"/>
		<testcase name="test_with_client.py.test_destroy_volume" time="43.58788192999873"/>
		<testcase name="test_with_client.py.test_read_all_with_io_depth" time="45.663235189999796"/>
		<testcase name="test_with_client.py.test_read_with_io_depth" time="43.72854809299952"/>
		<testcase name="test_with_client.py.test_successive_remounts_and_writes" time="47.32567266600017"/>
	</testsuite>
	<testsuite name="cloud/blockstore/tests/client" tests="2" time="0.0" failures="0" skipped="0">
		<testcase name="keepalive.py.flake8" time="0.0"/>
		<testcase name="test_with_client.py.flake8" time="0.0"/>
	</testsuite>
	<testsuite name="cloud/blockstore/tests/cms" tests="1" time="5.369838455000718" failures="0" skipped="0">
		<testcase name="test.py.test_node_type" time="5.369838455000718"/>
	</testsuite>
	<testsuite name="cloud/blockstore/tests/cms" tests="1" time="0.0" failures="0" skipped="0">
		<testcase name="test.py.flake8" time="0.0"/>
	</testsuite>
	<testsuite name="cloud/blockstore/tests/fio/qemu-vhost-kikimr-test" tests="1" time="0.0" failures="0" skipped="0">
		<testcase name="test.py.flake8" time="0.0"/>
	</testsuite>
	<testsuite name="cloud/blockstore/tests/fio/qemu-vhost-local-test" tests="0" time="0" failures="8" skipped="0">
		<testcase name="[0/8] chunk chunk" time="0.0">
			<failure>RecipeStartUpError: qemu-recipe-4 failed
Stderr tail:s' is deprecated and slated for removal in Python 3.13
  import pipes
Traceback (most recent call last):
  File &quot;contrib/tools/python3/src/Lib/runpy.py&quot;, line 198, in _run_module_as_main
    return _run_code(code, main_globals, None,
           ^^^^^^^^^^^^^^^^^^^^^^^^^^^^^^^^^^^
  File &quot;contrib/tools/python3/src/Lib/runpy.py&quot;, line 88, in _run_code
    exec(code, run_globals)
  File &quot;cloud/storage/core/tests/recipes/qemu/__main__.py&quot;, line 6, in &amp;lt;module&amp;gt;
    declare_recipe(start, stop)
  File &quot;library/python/testing/recipe/__init__.py&quot;, line 107, in declare_recipe
    start(argv[1:])
  File &quot;cloud/storage/core/tools/testing/qemu/lib/recipe.py&quot;, line 42, in start
    start_instance(args, inst_index)
  File &quot;cloud/storage/core/tools/testing/qemu/lib/recipe.py&quot;, line 74, in start_instance
    qemu.start()
  File &quot;cloud/storage/core/tools/testing/qemu/lib/qemu.py&quot;, line 293, in start
    raise QemuException(msg)
cloud.storage.core.tools.testing.qemu.lib.qemu.QemuException: /dev/kvm is not available

logsdir:
/home/github/tmp/out/cloud/blockstore/tests/fio/qemu-vhost-local-test/test-results/py3test/chunk0/testing_out_stuff
recipe stderr:
/home/github/tmp/out/cloud/blockstore/tests/fio/qemu-vhost-local-test/test-results/py3test/chunk0/testing_out_stuff/recipe_start_qemu-recipe-4.err
recipe stdout:
/home/github/tmp/out/cloud/blockstore/tests/fio/qemu-vhost-local-test/test-results/py3test/chunk0/testing_out_stuff/recipe_start_qemu-recipe-4.out
stderr:
/home/github/tmp/out/cloud/blockstore/tests/fio/qemu-vhost-local-test/test-results/py3test/chunk0/testing_out_stuff/stderr
log:
/home/github/tmp/out/cloud/blockstore/tests/fio/qemu-vhost-local-test/test-results/py3test/run_test.log</failure>
		</testcase>
		<testcase name="[1/8] chunk chunk" time="0.0">
			<failure>RecipeStartUpError: qemu-recipe-4 failed
Stderr tail:s' is deprecated and slated for removal in Python 3.13
  import pipes
Traceback (most recent call last):
  File &quot;contrib/tools/python3/src/Lib/runpy.py&quot;, line 198, in _run_module_as_main
    return _run_code(code, main_globals, None,
           ^^^^^^^^^^^^^^^^^^^^^^^^^^^^^^^^^^^
  File &quot;contrib/tools/python3/src/Lib/runpy.py&quot;, line 88, in _run_code
    exec(code, run_globals)
  File &quot;cloud/storage/core/tests/recipes/qemu/__main__.py&quot;, line 6, in &amp;lt;module&amp;gt;
    declare_recipe(start, stop)
  File &quot;library/python/testing/recipe/__init__.py&quot;, line 107, in declare_recipe
    start(argv[1:])
  File &quot;cloud/storage/core/tools/testing/qemu/lib/recipe.py&quot;, line 42, in start
    start_instance(args, inst_index)
  File &quot;cloud/storage/core/tools/testing/qemu/lib/recipe.py&quot;, line 74, in start_instance
    qemu.start()
  File &quot;cloud/storage/core/tools/testing/qemu/lib/qemu.py&quot;, line 293, in start
    raise QemuException(msg)
cloud.storage.core.tools.testing.qemu.lib.qemu.QemuException: /dev/kvm is not available

logsdir:
/home/github/tmp/out/cloud/blockstore/tests/fio/qemu-vhost-local-test/test-results/py3test/chunk1/testing_out_stuff
recipe stderr:
/home/github/tmp/out/cloud/blockstore/tests/fio/qemu-vhost-local-test/test-results/py3test/chunk1/testing_out_stuff/recipe_start_qemu-recipe-4.err
recipe stdout:
/home/github/tmp/out/cloud/blockstore/tests/fio/qemu-vhost-local-test/test-results/py3test/chunk1/testing_out_stuff/recipe_start_qemu-recipe-4.out
stderr:
/home/github/tmp/out/cloud/blockstore/tests/fio/qemu-vhost-local-test/test-results/py3test/chunk1/testing_out_stuff/stderr
log:
/home/github/tmp/out/cloud/blockstore/tests/fio/qemu-vhost-local-test/test-results/py3test/run_test.log</failure>
		</testcase>
		<testcase name="[2/8] chunk chunk" time="0.0">
			<failure>RecipeStartUpError: qemu-recipe-4 failed
Stderr tail:s' is deprecated and slated for removal in Python 3.13
  import pipes
Traceback (most recent call last):
  File &quot;contrib/tools/python3/src/Lib/runpy.py&quot;, line 198, in _run_module_as_main
    return _run_code(code, main_globals, None,
           ^^^^^^^^^^^^^^^^^^^^^^^^^^^^^^^^^^^
  File &quot;contrib/tools/python3/src/Lib/runpy.py&quot;, line 88, in _run_code
    exec(code, run_globals)
  File &quot;cloud/storage/core/tests/recipes/qemu/__main__.py&quot;, line 6, in &amp;lt;module&amp;gt;
    declare_recipe(start, stop)
  File &quot;library/python/testing/recipe/__init__.py&quot;, line 107, in declare_recipe
    start(argv[1:])
  File &quot;cloud/storage/core/tools/testing/qemu/lib/recipe.py&quot;, line 42, in start
    start_instance(args, inst_index)
  File &quot;cloud/storage/core/tools/testing/qemu/lib/recipe.py&quot;, line 74, in start_instance
    qemu.start()
  File &quot;cloud/storage/core/tools/testing/qemu/lib/qemu.py&quot;, line 293, in start
    raise QemuException(msg)
cloud.storage.core.tools.testing.qemu.lib.qemu.QemuException: /dev/kvm is not available

logsdir:
/home/github/tmp/out/cloud/blockstore/tests/fio/qemu-vhost-local-test/test-results/py3test/chunk2/testing_out_stuff
recipe stderr:
/home/github/tmp/out/cloud/blockstore/tests/fio/qemu-vhost-local-test/test-results/py3test/chunk2/testing_out_stuff/recipe_start_qemu-recipe-4.err
recipe stdout:
/home/github/tmp/out/cloud/blockstore/tests/fio/qemu-vhost-local-test/test-results/py3test/chunk2/testing_out_stuff/recipe_start_qemu-recipe-4.out
stderr:
/home/github/tmp/out/cloud/blockstore/tests/fio/qemu-vhost-local-test/test-results/py3test/chunk2/testing_out_stuff/stderr
log:
/home/github/tmp/out/cloud/blockstore/tests/fio/qemu-vhost-local-test/test-results/py3test/run_test.log</failure>
		</testcase>
		<testcase name="[3/8] chunk chunk" time="0.0">
			<failure>RecipeStartUpError: qemu-recipe-4 failed
Stderr tail:s' is deprecated and slated for removal in Python 3.13
  import pipes
Traceback (most recent call last):
  File &quot;contrib/tools/python3/src/Lib/runpy.py&quot;, line 198, in _run_module_as_main
    return _run_code(code, main_globals, None,
           ^^^^^^^^^^^^^^^^^^^^^^^^^^^^^^^^^^^
  File &quot;contrib/tools/python3/src/Lib/runpy.py&quot;, line 88, in _run_code
    exec(code, run_globals)
  File &quot;cloud/storage/core/tests/recipes/qemu/__main__.py&quot;, line 6, in &amp;lt;module&amp;gt;
    declare_recipe(start, stop)
  File &quot;library/python/testing/recipe/__init__.py&quot;, line 107, in declare_recipe
    start(argv[1:])
  File &quot;cloud/storage/core/tools/testing/qemu/lib/recipe.py&quot;, line 42, in start
    start_instance(args, inst_index)
  File &quot;cloud/storage/core/tools/testing/qemu/lib/recipe.py&quot;, line 74, in start_instance
    qemu.start()
  File &quot;cloud/storage/core/tools/testing/qemu/lib/qemu.py&quot;, line 293, in start
    raise QemuException(msg)
cloud.storage.core.tools.testing.qemu.lib.qemu.QemuException: /dev/kvm is not available

logsdir:
/home/github/tmp/out/cloud/blockstore/tests/fio/qemu-vhost-local-test/test-results/py3test/chunk3/testing_out_stuff
recipe stderr:
/home/github/tmp/out/cloud/blockstore/tests/fio/qemu-vhost-local-test/test-results/py3test/chunk3/testing_out_stuff/recipe_start_qemu-recipe-4.err
recipe stdout:
/home/github/tmp/out/cloud/blockstore/tests/fio/qemu-vhost-local-test/test-results/py3test/chunk3/testing_out_stuff/recipe_start_qemu-recipe-4.out
stderr:
/home/github/tmp/out/cloud/blockstore/tests/fio/qemu-vhost-local-test/test-results/py3test/chunk3/testing_out_stuff/stderr
log:
/home/github/tmp/out/cloud/blockstore/tests/fio/qemu-vhost-local-test/test-results/py3test/run_test.log</failure>
		</testcase>
		<testcase name="[4/8] chunk chunk" time="0.0">
			<failure>RecipeStartUpError: qemu-recipe-4 failed
Stderr tail:s' is deprecated and slated for removal in Python 3.13
  import pipes
Traceback (most recent call last):
  File &quot;contrib/tools/python3/src/Lib/runpy.py&quot;, line 198, in _run_module_as_main
    return _run_code(code, main_globals, None,
           ^^^^^^^^^^^^^^^^^^^^^^^^^^^^^^^^^^^
  File &quot;contrib/tools/python3/src/Lib/runpy.py&quot;, line 88, in _run_code
    exec(code, run_globals)
  File &quot;cloud/storage/core/tests/recipes/qemu/__main__.py&quot;, line 6, in &amp;lt;module&amp;gt;
    declare_recipe(start, stop)
  File &quot;library/python/testing/recipe/__init__.py&quot;, line 107, in declare_recipe
    start(argv[1:])
  File &quot;cloud/storage/core/tools/testing/qemu/lib/recipe.py&quot;, line 42, in start
    start_instance(args, inst_index)
  File &quot;cloud/storage/core/tools/testing/qemu/lib/recipe.py&quot;, line 74, in start_instance
    qemu.start()
  File &quot;cloud/storage/core/tools/testing/qemu/lib/qemu.py&quot;, line 293, in start
    raise QemuException(msg)
cloud.storage.core.tools.testing.qemu.lib.qemu.QemuException: /dev/kvm is not available

logsdir:
/home/github/tmp/out/cloud/blockstore/tests/fio/qemu-vhost-local-test/test-results/py3test/chunk4/testing_out_stuff
recipe stderr:
/home/github/tmp/out/cloud/blockstore/tests/fio/qemu-vhost-local-test/test-results/py3test/chunk4/testing_out_stuff/recipe_start_qemu-recipe-4.err
recipe stdout:
/home/github/tmp/out/cloud/blockstore/tests/fio/qemu-vhost-local-test/test-results/py3test/chunk4/testing_out_stuff/recipe_start_qemu-recipe-4.out
stderr:
/home/github/tmp/out/cloud/blockstore/tests/fio/qemu-vhost-local-test/test-results/py3test/chunk4/testing_out_stuff/stderr
log:
/home/github/tmp/out/cloud/blockstore/tests/fio/qemu-vhost-local-test/test-results/py3test/run_test.log</failure>
		</testcase>
		<testcase name="[5/8] chunk chunk" time="0.0">
			<failure>RecipeStartUpError: qemu-recipe-4 failed
Stderr tail:s' is deprecated and slated for removal in Python 3.13
  import pipes
Traceback (most recent call last):
  File &quot;contrib/tools/python3/src/Lib/runpy.py&quot;, line 198, in _run_module_as_main
    return _run_code(code, main_globals, None,
           ^^^^^^^^^^^^^^^^^^^^^^^^^^^^^^^^^^^
  File &quot;contrib/tools/python3/src/Lib/runpy.py&quot;, line 88, in _run_code
    exec(code, run_globals)
  File &quot;cloud/storage/core/tests/recipes/qemu/__main__.py&quot;, line 6, in &amp;lt;module&amp;gt;
    declare_recipe(start, stop)
  File &quot;library/python/testing/recipe/__init__.py&quot;, line 107, in declare_recipe
    start(argv[1:])
  File &quot;cloud/storage/core/tools/testing/qemu/lib/recipe.py&quot;, line 42, in start
    start_instance(args, inst_index)
  File &quot;cloud/storage/core/tools/testing/qemu/lib/recipe.py&quot;, line 74, in start_instance
    qemu.start()
  File &quot;cloud/storage/core/tools/testing/qemu/lib/qemu.py&quot;, line 293, in start
    raise QemuException(msg)
cloud.storage.core.tools.testing.qemu.lib.qemu.QemuException: /dev/kvm is not available

logsdir:
/home/github/tmp/out/cloud/blockstore/tests/fio/qemu-vhost-local-test/test-results/py3test/chunk5/testing_out_stuff
recipe stderr:
/home/github/tmp/out/cloud/blockstore/tests/fio/qemu-vhost-local-test/test-results/py3test/chunk5/testing_out_stuff/recipe_start_qemu-recipe-4.err
recipe stdout:
/home/github/tmp/out/cloud/blockstore/tests/fio/qemu-vhost-local-test/test-results/py3test/chunk5/testing_out_stuff/recipe_start_qemu-recipe-4.out
stderr:
/home/github/tmp/out/cloud/blockstore/tests/fio/qemu-vhost-local-test/test-results/py3test/chunk5/testing_out_stuff/stderr
log:
/home/github/tmp/out/cloud/blockstore/tests/fio/qemu-vhost-local-test/test-results/py3test/run_test.log</failure>
		</testcase>
		<testcase name="[6/8] chunk chunk" time="0.0">
			<failure>RecipeStartUpError: qemu-recipe-4 failed
Stderr tail:s' is deprecated and slated for removal in Python 3.13
  import pipes
Traceback (most recent call last):
  File &quot;contrib/tools/python3/src/Lib/runpy.py&quot;, line 198, in _run_module_as_main
    return _run_code(code, main_globals, None,
           ^^^^^^^^^^^^^^^^^^^^^^^^^^^^^^^^^^^
  File &quot;contrib/tools/python3/src/Lib/runpy.py&quot;, line 88, in _run_code
    exec(code, run_globals)
  File &quot;cloud/storage/core/tests/recipes/qemu/__main__.py&quot;, line 6, in &amp;lt;module&amp;gt;
    declare_recipe(start, stop)
  File &quot;library/python/testing/recipe/__init__.py&quot;, line 107, in declare_recipe
    start(argv[1:])
  File &quot;cloud/storage/core/tools/testing/qemu/lib/recipe.py&quot;, line 42, in start
    start_instance(args, inst_index)
  File &quot;cloud/storage/core/tools/testing/qemu/lib/recipe.py&quot;, line 74, in start_instance
    qemu.start()
  File &quot;cloud/storage/core/tools/testing/qemu/lib/qemu.py&quot;, line 293, in start
    raise QemuException(msg)
cloud.storage.core.tools.testing.qemu.lib.qemu.QemuException: /dev/kvm is not available

logsdir:
/home/github/tmp/out/cloud/blockstore/tests/fio/qemu-vhost-local-test/test-results/py3test/chunk6/testing_out_stuff
recipe stderr:
/home/github/tmp/out/cloud/blockstore/tests/fio/qemu-vhost-local-test/test-results/py3test/chunk6/testing_out_stuff/recipe_start_qemu-recipe-4.err
recipe stdout:
/home/github/tmp/out/cloud/blockstore/tests/fio/qemu-vhost-local-test/test-results/py3test/chunk6/testing_out_stuff/recipe_start_qemu-recipe-4.out
stderr:
/home/github/tmp/out/cloud/blockstore/tests/fio/qemu-vhost-local-test/test-results/py3test/chunk6/testing_out_stuff/stderr
log:
/home/github/tmp/out/cloud/blockstore/tests/fio/qemu-vhost-local-test/test-results/py3test/run_test.log</failure>
		</testcase>
		<testcase name="[7/8] chunk chunk" time="0.0">
			<failure>RecipeStartUpError: qemu-recipe-4 failed
Stderr tail:s' is deprecated and slated for removal in Python 3.13
  import pipes
Traceback (most recent call last):
  File &quot;contrib/tools/python3/src/Lib/runpy.py&quot;, line 198, in _run_module_as_main
    return _run_code(code, main_globals, None,
           ^^^^^^^^^^^^^^^^^^^^^^^^^^^^^^^^^^^
  File &quot;contrib/tools/python3/src/Lib/runpy.py&quot;, line 88, in _run_code
    exec(code, run_globals)
  File &quot;cloud/storage/core/tests/recipes/qemu/__main__.py&quot;, line 6, in &amp;lt;module&amp;gt;
    declare_recipe(start, stop)
  File &quot;library/python/testing/recipe/__init__.py&quot;, line 107, in declare_recipe
    start(argv[1:])
  File &quot;cloud/storage/core/tools/testing/qemu/lib/recipe.py&quot;, line 42, in start
    start_instance(args, inst_index)
  File &quot;cloud/storage/core/tools/testing/qemu/lib/recipe.py&quot;, line 74, in start_instance
    qemu.start()
  File &quot;cloud/storage/core/tools/testing/qemu/lib/qemu.py&quot;, line 293, in start
    raise QemuException(msg)
cloud.storage.core.tools.testing.qemu.lib.qemu.QemuException: /dev/kvm is not available

logsdir:
/home/github/tmp/out/cloud/blockstore/tests/fio/qemu-vhost-local-test/test-results/py3test/chunk7/testing_out_stuff
recipe stderr:
/home/github/tmp/out/cloud/blockstore/tests/fio/qemu-vhost-local-test/test-results/py3test/chunk7/testing_out_stuff/recipe_start_qemu-recipe-4.err
recipe stdout:
/home/github/tmp/out/cloud/blockstore/tests/fio/qemu-vhost-local-test/test-results/py3test/chunk7/testing_out_stuff/recipe_start_qemu-recipe-4.out
stderr:
/home/github/tmp/out/cloud/blockstore/tests/fio/qemu-vhost-local-test/test-results/py3test/chunk7/testing_out_stuff/stderr
log:
/home/github/tmp/out/cloud/blockstore/tests/fio/qemu-vhost-local-test/test-results/py3test/run_test.log</failure>
		</testcase>
	</testsuite>
	<testsuite name="cloud/blockstore/tests/fio/qemu-vhost-local-test" tests="1" time="0.0" failures="0" skipped="0">
		<testcase name="test.py.flake8" time="0.0"/>
	</testsuite>
	<testsuite name="cloud/blockstore/tests/fio/qemu-vhost-null-test" tests="0" time="0" failures="8" skipped="0">
		<testcase name="[0/8] chunk chunk" time="0.0">
			<failure>RecipeStartUpError: qemu-recipe-4 failed
Stderr tail:s' is deprecated and slated for removal in Python 3.13
  import pipes
Traceback (most recent call last):
  File &quot;contrib/tools/python3/src/Lib/runpy.py&quot;, line 198, in _run_module_as_main
    return _run_code(code, main_globals, None,
           ^^^^^^^^^^^^^^^^^^^^^^^^^^^^^^^^^^^
  File &quot;contrib/tools/python3/src/Lib/runpy.py&quot;, line 88, in _run_code
    exec(code, run_globals)
  File &quot;cloud/storage/core/tests/recipes/qemu/__main__.py&quot;, line 6, in &amp;lt;module&amp;gt;
    declare_recipe(start, stop)
  File &quot;library/python/testing/recipe/__init__.py&quot;, line 107, in declare_recipe
    start(argv[1:])
  File &quot;cloud/storage/core/tools/testing/qemu/lib/recipe.py&quot;, line 42, in start
    start_instance(args, inst_index)
  File &quot;cloud/storage/core/tools/testing/qemu/lib/recipe.py&quot;, line 74, in start_instance
    qemu.start()
  File &quot;cloud/storage/core/tools/testing/qemu/lib/qemu.py&quot;, line 293, in start
    raise QemuException(msg)
cloud.storage.core.tools.testing.qemu.lib.qemu.QemuException: /dev/kvm is not available

logsdir:
/home/github/tmp/out/cloud/blockstore/tests/fio/qemu-vhost-null-test/test-results/py3test/chunk0/testing_out_stuff
recipe stderr:
/home/github/tmp/out/cloud/blockstore/tests/fio/qemu-vhost-null-test/test-results/py3test/chunk0/testing_out_stuff/recipe_start_qemu-recipe-4.err
recipe stdout:
/home/github/tmp/out/cloud/blockstore/tests/fio/qemu-vhost-null-test/test-results/py3test/chunk0/testing_out_stuff/recipe_start_qemu-recipe-4.out
stderr:
/home/github/tmp/out/cloud/blockstore/tests/fio/qemu-vhost-null-test/test-results/py3test/chunk0/testing_out_stuff/stderr
log:
/home/github/tmp/out/cloud/blockstore/tests/fio/qemu-vhost-null-test/test-results/py3test/run_test.log</failure>
		</testcase>
		<testcase name="[1/8] chunk chunk" time="0.0">
			<failure>RecipeStartUpError: qemu-recipe-4 failed
Stderr tail:s' is deprecated and slated for removal in Python 3.13
  import pipes
Traceback (most recent call last):
  File &quot;contrib/tools/python3/src/Lib/runpy.py&quot;, line 198, in _run_module_as_main
    return _run_code(code, main_globals, None,
           ^^^^^^^^^^^^^^^^^^^^^^^^^^^^^^^^^^^
  File &quot;contrib/tools/python3/src/Lib/runpy.py&quot;, line 88, in _run_code
    exec(code, run_globals)
  File &quot;cloud/storage/core/tests/recipes/qemu/__main__.py&quot;, line 6, in &amp;lt;module&amp;gt;
    declare_recipe(start, stop)
  File &quot;library/python/testing/recipe/__init__.py&quot;, line 107, in declare_recipe
    start(argv[1:])
  File &quot;cloud/storage/core/tools/testing/qemu/lib/recipe.py&quot;, line 42, in start
    start_instance(args, inst_index)
  File &quot;cloud/storage/core/tools/testing/qemu/lib/recipe.py&quot;, line 74, in start_instance
    qemu.start()
  File &quot;cloud/storage/core/tools/testing/qemu/lib/qemu.py&quot;, line 293, in start
    raise QemuException(msg)
cloud.storage.core.tools.testing.qemu.lib.qemu.QemuException: /dev/kvm is not available

logsdir:
/home/github/tmp/out/cloud/blockstore/tests/fio/qemu-vhost-null-test/test-results/py3test/chunk1/testing_out_stuff
recipe stderr:
/home/github/tmp/out/cloud/blockstore/tests/fio/qemu-vhost-null-test/test-results/py3test/chunk1/testing_out_stuff/recipe_start_qemu-recipe-4.err
recipe stdout:
/home/github/tmp/out/cloud/blockstore/tests/fio/qemu-vhost-null-test/test-results/py3test/chunk1/testing_out_stuff/recipe_start_qemu-recipe-4.out
stderr:
/home/github/tmp/out/cloud/blockstore/tests/fio/qemu-vhost-null-test/test-results/py3test/chunk1/testing_out_stuff/stderr
log:
/home/github/tmp/out/cloud/blockstore/tests/fio/qemu-vhost-null-test/test-results/py3test/run_test.log</failure>
		</testcase>
		<testcase name="[2/8] chunk chunk" time="0.0">
			<failure>RecipeStartUpError: qemu-recipe-4 failed
Stderr tail:s' is deprecated and slated for removal in Python 3.13
  import pipes
Traceback (most recent call last):
  File &quot;contrib/tools/python3/src/Lib/runpy.py&quot;, line 198, in _run_module_as_main
    return _run_code(code, main_globals, None,
           ^^^^^^^^^^^^^^^^^^^^^^^^^^^^^^^^^^^
  File &quot;contrib/tools/python3/src/Lib/runpy.py&quot;, line 88, in _run_code
    exec(code, run_globals)
  File &quot;cloud/storage/core/tests/recipes/qemu/__main__.py&quot;, line 6, in &amp;lt;module&amp;gt;
    declare_recipe(start, stop)
  File &quot;library/python/testing/recipe/__init__.py&quot;, line 107, in declare_recipe
    start(argv[1:])
  File &quot;cloud/storage/core/tools/testing/qemu/lib/recipe.py&quot;, line 42, in start
    start_instance(args, inst_index)
  File &quot;cloud/storage/core/tools/testing/qemu/lib/recipe.py&quot;, line 74, in start_instance
    qemu.start()
  File &quot;cloud/storage/core/tools/testing/qemu/lib/qemu.py&quot;, line 293, in start
    raise QemuException(msg)
cloud.storage.core.tools.testing.qemu.lib.qemu.QemuException: /dev/kvm is not available

logsdir:
/home/github/tmp/out/cloud/blockstore/tests/fio/qemu-vhost-null-test/test-results/py3test/chunk2/testing_out_stuff
recipe stderr:
/home/github/tmp/out/cloud/blockstore/tests/fio/qemu-vhost-null-test/test-results/py3test/chunk2/testing_out_stuff/recipe_start_qemu-recipe-4.err
recipe stdout:
/home/github/tmp/out/cloud/blockstore/tests/fio/qemu-vhost-null-test/test-results/py3test/chunk2/testing_out_stuff/recipe_start_qemu-recipe-4.out
stderr:
/home/github/tmp/out/cloud/blockstore/tests/fio/qemu-vhost-null-test/test-results/py3test/chunk2/testing_out_stuff/stderr
log:
/home/github/tmp/out/cloud/blockstore/tests/fio/qemu-vhost-null-test/test-results/py3test/run_test.log</failure>
		</testcase>
		<testcase name="[3/8] chunk chunk" time="0.0">
			<failure>RecipeStartUpError: qemu-recipe-4 failed
Stderr tail:s' is deprecated and slated for removal in Python 3.13
  import pipes
Traceback (most recent call last):
  File &quot;contrib/tools/python3/src/Lib/runpy.py&quot;, line 198, in _run_module_as_main
    return _run_code(code, main_globals, None,
           ^^^^^^^^^^^^^^^^^^^^^^^^^^^^^^^^^^^
  File &quot;contrib/tools/python3/src/Lib/runpy.py&quot;, line 88, in _run_code
    exec(code, run_globals)
  File &quot;cloud/storage/core/tests/recipes/qemu/__main__.py&quot;, line 6, in &amp;lt;module&amp;gt;
    declare_recipe(start, stop)
  File &quot;library/python/testing/recipe/__init__.py&quot;, line 107, in declare_recipe
    start(argv[1:])
  File &quot;cloud/storage/core/tools/testing/qemu/lib/recipe.py&quot;, line 42, in start
    start_instance(args, inst_index)
  File &quot;cloud/storage/core/tools/testing/qemu/lib/recipe.py&quot;, line 74, in start_instance
    qemu.start()
  File &quot;cloud/storage/core/tools/testing/qemu/lib/qemu.py&quot;, line 293, in start
    raise QemuException(msg)
cloud.storage.core.tools.testing.qemu.lib.qemu.QemuException: /dev/kvm is not available

logsdir:
/home/github/tmp/out/cloud/blockstore/tests/fio/qemu-vhost-null-test/test-results/py3test/chunk3/testing_out_stuff
recipe stderr:
/home/github/tmp/out/cloud/blockstore/tests/fio/qemu-vhost-null-test/test-results/py3test/chunk3/testing_out_stuff/recipe_start_qemu-recipe-4.err
recipe stdout:
/home/github/tmp/out/cloud/blockstore/tests/fio/qemu-vhost-null-test/test-results/py3test/chunk3/testing_out_stuff/recipe_start_qemu-recipe-4.out
stderr:
/home/github/tmp/out/cloud/blockstore/tests/fio/qemu-vhost-null-test/test-results/py3test/chunk3/testing_out_stuff/stderr
log:
/home/github/tmp/out/cloud/blockstore/tests/fio/qemu-vhost-null-test/test-results/py3test/run_test.log</failure>
		</testcase>
		<testcase name="[4/8] chunk chunk" time="0.0">
			<failure>RecipeStartUpError: qemu-recipe-4 failed
Stderr tail:s' is deprecated and slated for removal in Python 3.13
  import pipes
Traceback (most recent call last):
  File &quot;contrib/tools/python3/src/Lib/runpy.py&quot;, line 198, in _run_module_as_main
    return _run_code(code, main_globals, None,
           ^^^^^^^^^^^^^^^^^^^^^^^^^^^^^^^^^^^
  File &quot;contrib/tools/python3/src/Lib/runpy.py&quot;, line 88, in _run_code
    exec(code, run_globals)
  File &quot;cloud/storage/core/tests/recipes/qemu/__main__.py&quot;, line 6, in &amp;lt;module&amp;gt;
    declare_recipe(start, stop)
  File &quot;library/python/testing/recipe/__init__.py&quot;, line 107, in declare_recipe
    start(argv[1:])
  File &quot;cloud/storage/core/tools/testing/qemu/lib/recipe.py&quot;, line 42, in start
    start_instance(args, inst_index)
  File &quot;cloud/storage/core/tools/testing/qemu/lib/recipe.py&quot;, line 74, in start_instance
    qemu.start()
  File &quot;cloud/storage/core/tools/testing/qemu/lib/qemu.py&quot;, line 293, in start
    raise QemuException(msg)
cloud.storage.core.tools.testing.qemu.lib.qemu.QemuException: /dev/kvm is not available

logsdir:
/home/github/tmp/out/cloud/blockstore/tests/fio/qemu-vhost-null-test/test-results/py3test/chunk4/testing_out_stuff
recipe stderr:
/home/github/tmp/out/cloud/blockstore/tests/fio/qemu-vhost-null-test/test-results/py3test/chunk4/testing_out_stuff/recipe_start_qemu-recipe-4.err
recipe stdout:
/home/github/tmp/out/cloud/blockstore/tests/fio/qemu-vhost-null-test/test-results/py3test/chunk4/testing_out_stuff/recipe_start_qemu-recipe-4.out
stderr:
/home/github/tmp/out/cloud/blockstore/tests/fio/qemu-vhost-null-test/test-results/py3test/chunk4/testing_out_stuff/stderr
log:
/home/github/tmp/out/cloud/blockstore/tests/fio/qemu-vhost-null-test/test-results/py3test/run_test.log</failure>
		</testcase>
		<testcase name="[5/8] chunk chunk" time="0.0">
			<failure>RecipeStartUpError: qemu-recipe-4 failed
Stderr tail:s' is deprecated and slated for removal in Python 3.13
  import pipes
Traceback (most recent call last):
  File &quot;contrib/tools/python3/src/Lib/runpy.py&quot;, line 198, in _run_module_as_main
    return _run_code(code, main_globals, None,
           ^^^^^^^^^^^^^^^^^^^^^^^^^^^^^^^^^^^
  File &quot;contrib/tools/python3/src/Lib/runpy.py&quot;, line 88, in _run_code
    exec(code, run_globals)
  File &quot;cloud/storage/core/tests/recipes/qemu/__main__.py&quot;, line 6, in &amp;lt;module&amp;gt;
    declare_recipe(start, stop)
  File &quot;library/python/testing/recipe/__init__.py&quot;, line 107, in declare_recipe
    start(argv[1:])
  File &quot;cloud/storage/core/tools/testing/qemu/lib/recipe.py&quot;, line 42, in start
    start_instance(args, inst_index)
  File &quot;cloud/storage/core/tools/testing/qemu/lib/recipe.py&quot;, line 74, in start_instance
    qemu.start()
  File &quot;cloud/storage/core/tools/testing/qemu/lib/qemu.py&quot;, line 293, in start
    raise QemuException(msg)
cloud.storage.core.tools.testing.qemu.lib.qemu.QemuException: /dev/kvm is not available

logsdir:
/home/github/tmp/out/cloud/blockstore/tests/fio/qemu-vhost-null-test/test-results/py3test/chunk5/testing_out_stuff
recipe stderr:
/home/github/tmp/out/cloud/blockstore/tests/fio/qemu-vhost-null-test/test-results/py3test/chunk5/testing_out_stuff/recipe_start_qemu-recipe-4.err
recipe stdout:
/home/github/tmp/out/cloud/blockstore/tests/fio/qemu-vhost-null-test/test-results/py3test/chunk5/testing_out_stuff/recipe_start_qemu-recipe-4.out
stderr:
/home/github/tmp/out/cloud/blockstore/tests/fio/qemu-vhost-null-test/test-results/py3test/chunk5/testing_out_stuff/stderr
log:
/home/github/tmp/out/cloud/blockstore/tests/fio/qemu-vhost-null-test/test-results/py3test/run_test.log</failure>
		</testcase>
		<testcase name="[6/8] chunk chunk" time="0.0">
			<failure>RecipeStartUpError: qemu-recipe-4 failed
Stderr tail:s' is deprecated and slated for removal in Python 3.13
  import pipes
Traceback (most recent call last):
  File &quot;contrib/tools/python3/src/Lib/runpy.py&quot;, line 198, in _run_module_as_main
    return _run_code(code, main_globals, None,
           ^^^^^^^^^^^^^^^^^^^^^^^^^^^^^^^^^^^
  File &quot;contrib/tools/python3/src/Lib/runpy.py&quot;, line 88, in _run_code
    exec(code, run_globals)
  File &quot;cloud/storage/core/tests/recipes/qemu/__main__.py&quot;, line 6, in &amp;lt;module&amp;gt;
    declare_recipe(start, stop)
  File &quot;library/python/testing/recipe/__init__.py&quot;, line 107, in declare_recipe
    start(argv[1:])
  File &quot;cloud/storage/core/tools/testing/qemu/lib/recipe.py&quot;, line 42, in start
    start_instance(args, inst_index)
  File &quot;cloud/storage/core/tools/testing/qemu/lib/recipe.py&quot;, line 74, in start_instance
    qemu.start()
  File &quot;cloud/storage/core/tools/testing/qemu/lib/qemu.py&quot;, line 293, in start
    raise QemuException(msg)
cloud.storage.core.tools.testing.qemu.lib.qemu.QemuException: /dev/kvm is not available

logsdir:
/home/github/tmp/out/cloud/blockstore/tests/fio/qemu-vhost-null-test/test-results/py3test/chunk6/testing_out_stuff
recipe stderr:
/home/github/tmp/out/cloud/blockstore/tests/fio/qemu-vhost-null-test/test-results/py3test/chunk6/testing_out_stuff/recipe_start_qemu-recipe-4.err
recipe stdout:
/home/github/tmp/out/cloud/blockstore/tests/fio/qemu-vhost-null-test/test-results/py3test/chunk6/testing_out_stuff/recipe_start_qemu-recipe-4.out
stderr:
/home/github/tmp/out/cloud/blockstore/tests/fio/qemu-vhost-null-test/test-results/py3test/chunk6/testing_out_stuff/stderr
log:
/home/github/tmp/out/cloud/blockstore/tests/fio/qemu-vhost-null-test/test-results/py3test/run_test.log</failure>
		</testcase>
		<testcase name="[7/8] chunk chunk" time="0.0">
			<failure>RecipeStartUpError: qemu-recipe-4 failed
Stderr tail:s' is deprecated and slated for removal in Python 3.13
  import pipes
Traceback (most recent call last):
  File &quot;contrib/tools/python3/src/Lib/runpy.py&quot;, line 198, in _run_module_as_main
    return _run_code(code, main_globals, None,
           ^^^^^^^^^^^^^^^^^^^^^^^^^^^^^^^^^^^
  File &quot;contrib/tools/python3/src/Lib/runpy.py&quot;, line 88, in _run_code
    exec(code, run_globals)
  File &quot;cloud/storage/core/tests/recipes/qemu/__main__.py&quot;, line 6, in &amp;lt;module&amp;gt;
    declare_recipe(start, stop)
  File &quot;library/python/testing/recipe/__init__.py&quot;, line 107, in declare_recipe
    start(argv[1:])
  File &quot;cloud/storage/core/tools/testing/qemu/lib/recipe.py&quot;, line 42, in start
    start_instance(args, inst_index)
  File &quot;cloud/storage/core/tools/testing/qemu/lib/recipe.py&quot;, line 74, in start_instance
    qemu.start()
  File &quot;cloud/storage/core/tools/testing/qemu/lib/qemu.py&quot;, line 293, in start
    raise QemuException(msg)
cloud.storage.core.tools.testing.qemu.lib.qemu.QemuException: /dev/kvm is not available

logsdir:
/home/github/tmp/out/cloud/blockstore/tests/fio/qemu-vhost-null-test/test-results/py3test/chunk7/testing_out_stuff
recipe stderr:
/home/github/tmp/out/cloud/blockstore/tests/fio/qemu-vhost-null-test/test-results/py3test/chunk7/testing_out_stuff/recipe_start_qemu-recipe-4.err
recipe stdout:
/home/github/tmp/out/cloud/blockstore/tests/fio/qemu-vhost-null-test/test-results/py3test/chunk7/testing_out_stuff/recipe_start_qemu-recipe-4.out
stderr:
/home/github/tmp/out/cloud/blockstore/tests/fio/qemu-vhost-null-test/test-results/py3test/chunk7/testing_out_stuff/stderr
log:
/home/github/tmp/out/cloud/blockstore/tests/fio/qemu-vhost-null-test/test-results/py3test/run_test.log</failure>
		</testcase>
	</testsuite>
	<testsuite name="cloud/blockstore/tests/fio/qemu-vhost-null-test" tests="1" time="0.0" failures="0" skipped="0">
		<testcase name="test.py.flake8" time="0.0"/>
	</testsuite>
	<testsuite name="cloud/storage/core/libs/aio/ut" tests="1" time="1.181583" failures="0" skipped="0">
		<testcase name="TAioTest.ShouldReadWrite" time="1.181583"/>
	</testsuite>
	<testsuite name="cloud/storage/core/libs/auth/ut" tests="23" time="8.108276" failures="0" skipped="0">
		<testcase name="TAuthorizerActorTest.AuthorizeRequest" time="0.254279"/>
		<testcase name="TAuthorizerActorTest.AuthorizeWithAuthorizerDisabledWhenAccepting" time="0.248514"/>
		<testcase name="TAuthorizerActorTest.AuthorizeWithEmptyTokenWhenAccepting" time="0.272393"/>
		<testcase name="TAuthorizerActorTest.AuthorizeWithAuthorizerDisabledWhenIgnoring" time="0.2658"/>
		<testcase name="TAuthorizerActorTest.ReplyWithNoPermissionsWhenAccepting" time="0.266733"/>
		<testcase name="TAuthorizerActorTest.ReplyWithNoPermissionsWhenRequiring" time="0.253234"/>
		<testcase name="TAuthorizerActorTest.ReplyWithOnePermissionWhenAccepting" time="0.580536"/>
		<testcase name="TAuthorizerActorTest.ReplyWithOnePermissionWhenRequiring" time="0.254741"/>
		<testcase name="TAuthorizerActorTest.ReplyWithRetriableError" time="0.709672"/>
		<testcase name="TAuthorizerActorTest.AuthorizeWithEmptyTokenWhenIgnoring" time="0.707012"/>
		<testcase name="TAuthorizerActorTest.AuthorizeWithoutFolderIdWhenIgnoring" time="0.278151"/>
		<testcase name="TAuthorizerActorTest.DoNotAuthorizeWithAuthorizerDisabledAndRequiring" time="0.255669"/>
		<testcase name="TAuthorizerActorTest.ConcurrentRequests" time="0.249687"/>
		<testcase name="TAuthorizerActorTest.DoNotAuthorizeWithEmptyTokenWhenRequiring" time="0.270883"/>
		<testcase name="TAuthorizerActorTest.DoNotAuthorizeWithoutFolderIdWhenAccepting" time="0.275385"/>
		<testcase name="TAuthorizerActorTest.DoNotAuthorizeWithoutFolderIdWhenRequiring" time="0.360303"/>
		<testcase name="TAuthorizerActorTest.ReplyWithAllPermissions" time="0.252942"/>
		<testcase name="TAuthorizerActorTest.ReplyWithAllPermissionsInReverseOrder" time="0.261893"/>
		<testcase name="TAuthorizerActorTest.ReplyWithDifferentSIDWhenAccepting" time="0.249235"/>
		<testcase name="TAuthorizerActorTest.ReplyWithExtraPermissions" time="0.269943"/>
		<testcase name="TAuthorizerActorTest.ReplyWithDifferentSIDWhenRequiring" time="0.249504"/>
		<testcase name="TAuthorizerActorTest.ReplyWithFailureWhenAccepting" time="0.629866"/>
		<testcase name="TAuthorizerActorTest.ReplyWithFailureWhenRequiring" time="0.691901"/>
	</testsuite>
	<testsuite name="cloud/storage/core/libs/common/ut" tests="76" time="4.882972" failures="0" skipped="0">
		<testcase name="TRingBufferTest.ShouldCorrectlyPushPopBack" time="7.3e-05"/>
		<testcase name="GetDiagnosticsErrorKindTest.ShouldExtractResponse" time="0.000225"/>
		<testcase name="TBlockBufferTest.DetachBlocks" time="4e-05"/>
		<testcase name="TBlockDataRefTest.CompareZeroBlocks" time="4.4e-05"/>
		<testcase name="TRingBufferTest.ShouldCorrectlyPushPopFrontFront" time="5.5e-05"/>
		<testcase name="TBackoffDelayProvider.ExampleUsage" time="0.001311"/>
		<testcase name="TGuardedSgListTest.ConstructFromAnother" time="8.6e-05"/>
		<testcase name="TCompressedBitmapTest.TestSetUnsetCountWithTenChunks" time="1.155769"/>
		<testcase name="TGuardedSgListTest.AcquireCopy" time="4.8e-05"/>
		<testcase name="TRingBufferTest.ShouldCorrectlyBack" time="0.00032"/>
		<testcase name="TSchedulerTest.ShouldScheduleTasksInOrder" time="0.300658"/>
		<testcase name="TSgListTest.ShouldNormalizeBuffer" time="7.6e-05"/>
		<testcase name="TBlockBufferTest.MoveAssignment" time="4.4e-05"/>
		<testcase name="TRingBufferTest.ShouldReturnCorrectIsFull" time="8.9e-05"/>
		<testcase name="TConcurrentQueueTest.ShouldBeEmptyAtStart" time="0.000102"/>
		<testcase name="TSgListIterTest.ShouldRead" time="6.4e-05"/>
		<testcase name="TGuardedSgListWithThreadsTest.CreateDepender" time="0.000798"/>
		<testcase name="TSchedulerTest.ShouldScheduleTask" time="0.100436"/>
		<testcase name="TCallContext.CheckCalcRequestTime" time="0.045779"/>
		<testcase name="TGuardedSgListTest.CloseUnion" time="2.9e-05"/>
		<testcase name="TLongRunningTaskExecutorTest.ShouldExecuteTask" time="0.002283"/>
		<testcase name="TRingBufferTest.ShouldReturnCorrectCapacity" time="0.000529"/>
		<testcase name="TRingBufferTest.ShouldCorrectPushAndPopWithZeroCapacity" time="5.5e-05"/>
		<testcase name="TGuardedBufferTest.ShouldDestroyDataIfGuardedSgListExists" time="4.5e-05"/>
		<testcase name="TSchedulerTest.ShouldExecuteTaskViaTaskQueue" time="0.100464"/>
		<testcase name="TCompressedBitmapTest.TestSetUnsetCountWithOneChunk" time="0.222958"/>
		<testcase name="TGuardedSgListTest.Empty" time="4.9e-05"/>
		<testcase name="TCompressedBitmapTest.TestMergeFromChunk" time="0.000283"/>
		<testcase name="TGuardedSgListTest.Acquire" time="4.1e-05"/>
		<testcase name="TGuardedBufferTest.ShouldGetGuardedSgListForBuffer" time="4.2e-05"/>
		<testcase name="TRingBufferTest.ShouldCorrectlyGetWithOffset" time="5.3e-05"/>
		<testcase name="TGuardedSgListTest.CreateDepender" time="5.1e-05"/>
		<testcase name="TBlockBufferTest.Clone" time="4.5e-05"/>
		<testcase name="TCompressedBitmapTest.ExampleUsage" time="0.00016"/>
		<testcase name="TRingBufferTest.ShouldReturnCorrectSize" time="7e-05"/>
		<testcase name="TGuardedSgListTest.Close" time="4.3e-05"/>
		<testcase name="TGuardedSgListTest.CreateUnion" time="5.5e-05"/>
		<testcase name="TGuardedBufferTest.ShouldDestoryDataAfterExtracting" time="0.000158"/>
		<testcase name="TScopedHandleTest.ShouldBeIncompatible" time="4.8e-05"/>
		<testcase name="TThreadPoolTest.ShouldExecuteTask" time="0.000219"/>
		<testcase name="TScopedHandleTest.ShouldBeComparable" time="4.2e-05"/>
		<testcase name="TCompressedBitmapTest.TestSetUpdateCountWithTenChunks" time="1.996027"/>
		<testcase name="TBlockDataRefTest.ConstructZeroBlock" time="3.9e-05"/>
		<testcase name="TRingBufferTest.ShouldCorrectlyFront" time="7.4e-05"/>
		<testcase name="TConcurrentQueueTest.ShouldKeepItems_ManySegments" time="0.014315"/>
		<testcase name="TGuardedSgListTest.SetSgList" time="3.9e-05"/>
		<testcase name="TCompressedBitmapTest.TestSetUpdateCountWithOneChunk" time="0.353642"/>
		<testcase name="TCompressedBitmapTest.TestSaveLoad" time="0.292292"/>
		<testcase name="TFileIOServiceTest.ShouldStubServiceCB" time="0.000136"/>
		<testcase name="TBlockBufferTest.Empty" time="5.6e-05"/>
		<testcase name="TGuardedSgListWithThreadsTest.Depender" time="0.001259"/>
		<testcase name="TRingBufferTest.ShouldReturnCorrectIsEmpty" time="0.00011"/>
		<testcase name="TRingBufferTest.ShouldCorrectlyReturnPoppedValue" time="4.8e-05"/>
		<testcase name="TScopedHandleTest.ShouldBeInvalidValueByDefault" time="0.000151"/>
		<testcase name="TGuardedSgListTest.CloseCopy" time="3.9e-05"/>
		<testcase name="GetDiagnosticsErrorKindTest.ShouldRetrieveErrorKindRejectedByCheckpointFromErrorMessage" time="7.4e-05"/>
		<testcase name="TCompressedBitmapTest.TestMemSize" time="0.000482"/>
		<testcase name="TCompressedBitmapTest.TestSetUnsetCountWithOneAndAHalfChunks" time="0.283579"/>
		<testcase name="TBlockDataRefTest.EqualityOperator" time="3.8e-05"/>
		<testcase name="GetDiagnosticsErrorKindTest.ShouldWrapExceptionInResponse" time="0.000106"/>
		<testcase name="TConcurrentQueueTest.ShouldKeepItems_OneSegment" time="8.4e-05"/>
		<testcase name="TFileIOServiceTest.ShouldStubServiceFuture" time="5e-05"/>
		<testcase name="TGuardedBufferTest.ShouldGetGuardedSgListForString" time="4.3e-05"/>
		<testcase name="TSgListTest.ShouldNormalizeSgList" time="8.7e-05"/>
		<testcase name="TBackoffDelayProvider.Reset" time="6.2e-05"/>
		<testcase name="TBlockDataRefTest.ConstructFromString" time="4.5e-05"/>
		<testcase name="TGuardedSgListWithThreadsTest.Destroy" time="0.000575"/>
		<testcase name="TBlockDataRefTest.CompareZeroBlocksWithDifferentSizes" time="3.7e-05"/>
		<testcase name="TCompressedBitmapTest.TestMergeFromChunkMany" time="0.003441"/>
		<testcase name="TGuardedSgListWithThreadsTest.Acquire" time="0.001188"/>
		<testcase name="TBlockBufferTest.Clear" time="3.8e-05"/>
		<testcase name="GetDiagnosticsErrorKindTest.ShouldRetrieveErrorKindThrottlingFromErrorMessage" time="0.000851"/>
		<testcase name="TBlockBufferTest.MoveConstructor" time="6.4e-05"/>
		<testcase name="GetDiagnosticsErrorKindTest.ShouldDecomposeResultOrError" time="4.6e-05"/>
		<testcase name="TRingBufferTest.ShouldCorrectlyClear" time="4.3e-05"/>
		<testcase name="GetDiagnosticsErrorKindTest.ShouldGetResultOrError" time="7.3e-05"/>
	</testsuite>
	<testsuite name="cloud/storage/core/libs/coroutine/ut" tests="4" time="0.019551" failures="0" skipped="0">
		<testcase name="TExecutorTest.ShouldWaitForFuture" time="0.002974"/>
		<testcase name="TExecutorTest.ShouldGetResultOrError" time="0.000374"/>
		<testcase name="TExecutorTest.ShouldHandleRequests" time="0.015222"/>
		<testcase name="TExecutorTest.ShouldExtractResponse" time="0.000981"/>
	</testsuite>
	<testsuite name="cloud/storage/core/libs/diagnostics/ut" tests="47" time="0.08353400000000002" failures="0" skipped="0">
		<testcase name="TPostponeTimePredictor.ShouldReturnZeroWhenEmptyConcurrently" time="0.000411"/>
		<testcase name="TMaxCalculatorTest.ShouldCorrectlyCountMaxValueWithTime" time="5e-05"/>
		<testcase name="TPostponeTimePredictor.ShouldReturnMeanWhenReachPercentageConcurrently" time="0.000279"/>
		<testcase name="TCountersExpirationPolicyTest.ShouldNotCreateExpiringCounterWithZeroValue" time="8.2e-05"/>
		<testcase name="TPostponeTimePredictor.ShouldRemoveStaleAfterTimeout" time="0.000102"/>
		<testcase name="TPostponeTimePredictor.ShouldCorrectlyWorkOnRingBufferOverflow" time="0.00011"/>
		<testcase name="TPostponeTimePredictor.ShouldReturnMeanWhenReachPercentage" time="9.9e-05"/>
		<testcase name="TRequestCountersTest.ShouldFillTimePercentiles" time="0.001807"/>
		<testcase name="TRequestCountersTest.ShouldTrackFastPathHits" time="0.000325"/>
		<testcase name="TCountersExpirationPolicyTest.ShouldNotRemovePermanentCounterWithZeroValue" time="4.9e-05"/>
		<testcase name="TCGroupStatFetcherTest.ShouldReportErrorIfNewValueIsLowerThanPrevious" time="0.000364"/>
		<testcase name="THistogramTypesTest.GetHistogramMsTimeNameTests" time="0.000102"/>
		<testcase name="TRequestCountersTest.ShouldTrackRequestsInProgress" time="0.04621"/>
		<testcase name="TTraceProcessorTest.ShouldProcessLotsOfTracks" time="0.006588"/>
		<testcase name="TTraceProcessorTest.SlowRequestThresholdByExecutionTimeParam" time="0.000783"/>
		<testcase name="TRequestCountersTest.ShouldTrackIncompleteRequests" time="0.000469"/>
		<testcase name="TTraceProcessorTest.ShouldOutputRequestThresholds" time="0.002647"/>
		<testcase name="TRequestCountersTest.ShouldTrackSizeClasses" time="0.000489"/>
		<testcase name="TRequestCountersTest.ShouldTrackPostponedRequests" time="0.000371"/>
		<testcase name="TCGroupStatFetcherTest.ShouldReadStats" time="0.000493"/>
		<testcase name="TRequestCountersTest.ShouldFillTimePercentilesWithRequestCompletionTime" time="0.00043"/>
		<testcase name="TTraceProcessorTest.ShouldConvertRequestThresholds" time="8.7e-05"/>
		<testcase name="TCountersExpirationPolicyTest.ShouldNotRemoveExpiringCounter" time="4.7e-05"/>
		<testcase name="TPostponeTimePredictor.ShouldReturnZeroWhenEmpty" time="0.001059"/>
		<testcase name="TAsyncLoggerTest.TestEnqueueOrder" time="0.003594"/>
		<testcase name="TPostponeTimePredictor.ShouldGetDelayUpperBoundIfDefinedConcurrently" time="0.000236"/>
		<testcase name="TRequestCountersTest.ShouldFillSizePercentiles" time="0.000339"/>
		<testcase name="TPostponeTimePredictor.ShouldGetDelayUpperBoundIfDefined" time="6.2e-05"/>
		<testcase name="TCountersExpirationPolicyTest.ShouldRemoveExpiringCounterWithZeroValue" time="6e-05"/>
		<testcase name="TTraceProcessorTest.SlowRequestThresholdByTrackLength" time="0.00173"/>
		<testcase name="TTraceProcessorTest.SlowRequestByRequestType" time="0.001449"/>
		<testcase name="TTraceProcessorTest.ShouldGetThresholdByRequestType" time="8.4e-05"/>
		<testcase name="THistogramTypesTest.GetHistogramUsTimeNameTests" time="7.5e-05"/>
		<testcase name="TRequestCountersTest.ShouldNotUpdateSubscribers" time="0.000649"/>
		<testcase name="TWeightedPercentileTest.ShouldCalculateWeightedPercentiles" time="5.5e-05"/>
		<testcase name="TPostponeTimePredictor.ShouldCorrectlyWorkOnRingBufferOverflowConcurrently" time="0.00071"/>
		<testcase name="TCGroupStatFetcherTest.ShouldReportErrorIfFileIsMissing" time="0.006519"/>
		<testcase name="TMaxCalculatorTest.ShouldCorrectlyCountMaxValueWithoutTime" time="7.7e-05"/>
		<testcase name="THistogramTypesTest.GetHistogramKbSizeNameTests" time="6.1e-05"/>
		<testcase name="TTraceSerializerTest.ShouldAdjustRemoteInterval" time="6.5e-05"/>
		<testcase name="TMaxCalculatorTest.ShouldRoundUpValues" time="4.2e-05"/>
		<testcase name="TRequestCountersTest.ShouldCountSilentErrors" time="0.001154"/>
		<testcase name="TRequestCountersTest.ShouldNotifySubscribers" time="0.000895"/>
		<testcase name="TTraceProcessorTest.ShouldCollectAllOverlappingTracks" time="0.001195"/>
		<testcase name="TPostponeTimePredictor.ShouldRemoveStaleAfterTimeoutConcurrently" time="0.000593"/>
		<testcase name="TRequestCountersTest.ShouldCountHwProblems" time="0.000391"/>
		<testcase name="TTraceProcessorTest.ShouldCalculateSlowRequestThresholdUsingRequestSize" time="4.6e-05"/>
	</testsuite>
	<testsuite name="cloud/storage/core/libs/grpc/ut" tests="1" time="0.022517" failures="0" skipped="0">
		<testcase name="TExecutorTest.MustStopCallingHandlerOnShutdown" time="0.022517"/>
	</testsuite>
	<testsuite name="cloud/storage/core/libs/hive_proxy/ut" tests="21" time="5.0041020000000005" failures="0" skipped="0">
		<testcase name="THiveProxyTest.BootExternalError" time="0.21631"/>
		<testcase name="THiveProxyTest.BootExternalInFallbackMode" time="0.622371"/>
		<testcase name="THiveProxyTest.LockStolenNotification" time="0.222969"/>
		<testcase name="THiveProxyTest.LockUnlock" time="0.226412"/>
		<testcase name="THiveProxyTest.ReassignTablet" time="0.218837"/>
		<testcase name="THiveProxyTest.ReassignTabletDuringDisconnect" time="0.220113"/>
		<testcase name="THiveProxyTest.ShouldAckAllLookupRequestTillNextCreateRequest" time="0.21367"/>
		<testcase name="THiveProxyTest.ShouldFailBootIfTimesout" time="0.212814"/>
		<testcase name="THiveProxyTest.ShouldHandleCreateTabletRequest" time="0.218692"/>
		<testcase name="THiveProxyTest.ShouldHandleLookupTabletRequest" time="0.216473"/>
		<testcase name="THiveProxyTest.ShouldHandleTryLaterStatusDuringBoot" time="0.217691"/>
		<testcase name="THiveProxyTest.ShouldNotResendMetricsIfTheyUpdatedBeforeSending" time="0.231452"/>
		<testcase name="THiveProxyTest.BootExternalOK" time="0.218002"/>
		<testcase name="THiveProxyTest.ShouldUseTenantHiveIfConfigured" time="0.214574"/>
		<testcase name="THiveProxyTest.DrainNode" time="0.221937"/>
		<testcase name="THiveProxyTest.GetStorageInfoMissing" time="0.217078"/>
		<testcase name="THiveProxyTest.GetStorageInfoOK" time="0.221398"/>
		<testcase name="THiveProxyTest.LockDifferentTablets" time="0.219439"/>
		<testcase name="THiveProxyTest.LockMissingTablet" time="0.216599"/>
		<testcase name="THiveProxyTest.LockReconnected" time="0.212624"/>
		<testcase name="THiveProxyTest.LockSameTabletTwice" time="0.224647"/>
	</testsuite>
	<testsuite name="cloud/storage/core/libs/keyring/ut" tests="1" time="0.0" failures="0" skipped="0">
		<testcase name="test.py.flake8" time="0.0"/>
	</testsuite>
	<testsuite name="cloud/storage/core/libs/keyring/ut/bin" tests="7" time="0.5746089999999999" failures="0" skipped="0">
		<testcase name="TEndpointsTest.ShouldGetStoredEndpointByIdFromKeyring" time="0.201228"/>
		<testcase name="TEndpointsTest.ShouldGetStoredEndpointsFromKeyring" time="0.269907"/>
		<testcase name="TKeyringTest.ShouldHandleKeyrings" time="0.000697"/>
		<testcase name="TEndpointsTest.ShouldGetStoredEndpointByIdFromFiles" time="0.000508"/>
		<testcase name="TEndpointsTest.ShouldNotGetStoredEndpointByWrongIdFromFiles" time="0.000324"/>
		<testcase name="TEndpointsTest.ShouldNotGetStoredEndpointByWrongIdFromKeyring" time="0.100984"/>
		<testcase name="TEndpointsTest.ShouldGetStoredEndpointsFromFiles" time="0.000961"/>
	</testsuite>
	<testsuite name="cloud/storage/core/libs/tablet/model/ut" tests="1" time="0.000464" failures="0" skipped="0">
		<testcase name="TPartialBlobIdTest.ShouldCorrectlySplitBlobId" time="0.000464"/>
	</testsuite>
	<testsuite name="cloud/storage/core/libs/tablet/ut" tests="9" time="0.008392" failures="0" skipped="0">
		<testcase name="TGCLogicTest.ShouldGConNonActiveGroupsIfRequested" time="0.000374"/>
		<testcase name="TGCLogicTest.ShouldHandleNewChannel" time="0.000678"/>
		<testcase name="TGCLogicTest.ShouldKeepVersionsCoveredByCheckpoint" time="0.003399"/>
		<testcase name="TGCLogicTest.ShouldNotCollectGroupsNoLongerActiveIfTabletGenerationHasNotChanged" time="0.000152"/>
		<testcase name="TGCLogicTest.ShouldNotStartGcOnExtraGroups" time="0.001851"/>
		<testcase name="TGCLogicTest.ShouldPeekLastChannelHistoryElementIfItHoldsLastGcBarrier" time="0.000728"/>
		<testcase name="TGCLogicTest.ShouldStartGConGroupsNoLongerActiveIfTabletGenerationChanged" time="0.000627"/>
		<testcase name="TPartialBlobIdTest.ShouldCorrectlySplitBlobId" time="0.000144"/>
		<testcase name="TPartialBlobIdTest.ShouldUseBlobSizeAsDeletionMarkerIndicator" time="0.000439"/>
	</testsuite>
	<testsuite name="cloud/storage/core/libs/throttling/ut" tests="14" time="0.0023749999999999995" failures="0" skipped="0">
		<testcase name="TLeakyBucketTest.ShouldRegisterWithCustomInitialBudget" time="5e-05"/>
		<testcase name="TLeakyBucketTest.ShouldCorrectlyCalculateBoostedTimeBucketNoBoost" time="4.2e-05"/>
		<testcase name="THelpersTest.ShouldCorrectlyCalculateCostPerIO" time="4.5e-05"/>
		<testcase name="THelpersTest.ShouldRecalculateBandwidthWithSiteFormula" time="9.2e-05"/>
		<testcase name="TLeakyBucketTest.ShouldCorrectlyCalculateBoostedTimeBucketZeroBoostRefillRate" time="6e-05"/>
		<testcase name="THelpersTest.ShouldRecalculateIOpsWithSiteFormula" time="0.001549"/>
		<testcase name="TLeakyBucketTest.ShouldCorrectlyCalculateBoostedTimeBucket" time="0.000143"/>
		<testcase name="TLeakyBucketTest.ShouldCorrectlyCalculateBoostedTimeBucketWithCustomInitialBudget" time="8.4e-05"/>
		<testcase name="TLeakyBucketTest.ShouldSpentBudgetShareWithCustomInitialBudget" time="4.9e-05"/>
		<testcase name="TLeakyBucketTest.ShouldCorrectlyCalculateBoostedTimeBucketBoostSmallerThanRate" time="4.1e-05"/>
		<testcase name="TLeakyBucketTest.ShouldSpentBudgetShare" time="4.4e-05"/>
		<testcase name="TLeakyBucketTest.ShouldRegister" time="6.7e-05"/>
		<testcase name="THelpersTest.ShouldCorrectlyCalculateSecondsToDuration" time="4.5e-05"/>
		<testcase name="TLeakyBucketTest.ShouldCorrectlyCalculateBoostedTimeBucketZeroBoostRefillRateWithCustomInitialBudget" time="6.4e-05"/>
	</testsuite>
	<testsuite name="cloud/storage/core/libs/version/ut" tests="11" time="0.019693" failures="0" skipped="0">
		<testcase name="TVersionTest.ShouldParseUrlFromFullInfoTrunk" time="0.018753"/>
		<testcase name="TVersionTest.ShouldParseUrlFromFullInfoWithNbsTag" time="4.5e-05"/>
		<testcase name="TVersionTest.ShouldParseUrlFromFullInfoStable192" time="0.00027"/>
		<testcase name="TVersionTest.ShouldGetFullVersionString" time="7e-05"/>
		<testcase name="TVersionTest.ShoudlParseBranchFromUrlWithNbsTag" time="4.6e-05"/>
		<testcase name="TVersionTest.ShouldParseUrlFromFullInfoTag" time="5.2e-05"/>
		<testcase name="TVersionTest.ShouldNotParseRevisionFromInvalidBranch" time="5.2e-05"/>
		<testcase name="TVersionTest.ShoudlParseBranchFromUrlTag" time="4.7e-05"/>
		<testcase name="TVersionTest.ShouldParseBranchFromUrlTrunk" time="4.2e-05"/>
		<testcase name="TVersionTest.ShouldParseBranchFromUrlStable192" time="4.4e-05"/>
		<testcase name="TVersionTest.ShouldParseRevisionFromBranch" time="0.000272"/>
	</testsuite>
	<testsuite name="cloud/blockstore/tests/infra-cms" tests="4" time="443.33381236500054" failures="0" skipped="0">
		<testcase name="test.py.test_cms[removeagent]" time="121.26124694099963"/>
		<testcase name="test.py.test_cms[removeagentnodisks]" time="121.0972593080005"/>
		<testcase name="test.py.test_cms[removedevice]" time="104.63641023300079"/>
		<testcase name="test.py.test_cms[removedevicenodisks]" time="96.33889588299962"/>
	</testsuite>
	<testsuite name="cloud/blockstore/tests/infra-cms" tests="1" time="0.0" failures="0" skipped="0">
		<testcase name="test.py.flake8" time="0.0"/>
	</testsuite>
	<testsuite name="cloud/blockstore/tests/loadtest/selftest" tests="2" time="130.04676815800008" failures="0" skipped="0">
		<testcase name="test.py.test_load[artificial_selftest]" time="65.01976735099993"/>
		<testcase name="test.py.test_load[real_load_spec_selftest]" time="65.02700080700015"/>
	</testsuite>
	<testsuite name="cloud/blockstore/tests/loadtest/selftest" tests="1" time="0.0" failures="0" skipped="0">
		<testcase name="test.py.flake8" time="0.0"/>
	</testsuite>
	<testsuite name="cloud/blockstore/tests/loadtest/local" tests="11" time="1871.7820297300018" failures="0" skipped="0">
		<testcase name="test.py.test_load[version1-smallreqs]" time="154.6702076800011"/>
		<testcase name="test.py.test_load[version1-throttled-boosted]" time="274.246078361999"/>
		<testcase name="test.py.test_load[version1-throttled-tracked]" time="279.28063163800016"/>
		<testcase name="test.py.test_load[version1-two-clients-remount-ro]" time="99.51887966999948"/>
		<testcase name="test.py.test_load[version1-two-clients-remount-rw]" time="99.45787892500084"/>
		<testcase name="test.py.test_load[version1-two-clients]" time="94.39027142600025"/>
		<testcase name="test.py.test_load[version1]" time="278.3424489959998"/>
		<testcase name="test.py.test_load[version2-smallreqs-skew]" time="158.7132855230011"/>
		<testcase name="test.py.test_load[version2-smallreqs]" time="154.4978668170006"/>
		<testcase name="test.py.test_load[version2]" time="278.65893572999994"/>
		<testcase name="test.py.test_load_custom" time="0.005544962999465497"/>
	</testsuite>
	<testsuite name="cloud/blockstore/tests/loadtest/local" tests="1" time="0.0" failures="0" skipped="0">
		<testcase name="test.py.flake8" time="0.0"/>
	</testsuite>
	<testsuite name="cloud/blockstore/tests/loadtest/local-auth" tests="1" time="272.517789384" failures="0" skipped="0">
		<testcase name="test.py.test_load" time="272.517789384"/>
	</testsuite>
	<testsuite name="cloud/blockstore/tests/loadtest/local-auth" tests="1" time="0.0" failures="0" skipped="0">
		<testcase name="test.py.flake8" time="0.0"/>
	</testsuite>
	<testsuite name="cloud/blockstore/tests/loadtest/local-change-device" tests="1" time="157.1397342649998" failures="0" skipped="0">
		<testcase name="test.py.test_change_device" time="157.1397342649998"/>
	</testsuite>
	<testsuite name="cloud/blockstore/tests/loadtest/local-change-device" tests="1" time="0.0" failures="0" skipped="0">
		<testcase name="test.py.flake8" time="0.0"/>
	</testsuite>
	<testsuite name="cloud/blockstore/tests/loadtest/local-checkpoint" tests="10" time="1435.8355238699987" failures="0" skipped="0">
		<testcase name="test.py.test_load[version1-changed-blocks]" time="142.84400666200054"/>
		<testcase name="test.py.test_load[version1-checkpoint]" time="148.15822475499954"/>
		<testcase name="test.py.test_load[version1-multipart-changed-blocks]" time="137.92339637299938"/>
		<testcase name="test.py.test_load[version2-changed-blocks]" time="148.06906025300032"/>
		<testcase name="test.py.test_load[version2-checkpoint-creation-deletion]" time="223.56375820999983"/>
		<testcase name="test.py.test_load[version2-checkpoint-skew]" time="148.31026291200033"/>
		<testcase name="test.py.test_load[version2-checkpoint]" time="148.27680123200025"/>
		<testcase name="test.py.test_load[version2-multipart-changed-blocks]" time="132.95404127599977"/>
		<testcase name="test.py.test_load[version2-skew-checkpoint2]" time="92.87654496699997"/>
		<testcase name="test.py.test_load[version2-skew-checkpoint]" time="112.8594272299988"/>
	</testsuite>
	<testsuite name="cloud/blockstore/tests/loadtest/local-checkpoint" tests="1" time="0.0" failures="0" skipped="0">
		<testcase name="test.py.flake8" time="0.0"/>
	</testsuite>
	<testsuite name="cloud/blockstore/tests/loadtest/local-discovery" tests="1" time="24.353416587000083" failures="0" skipped="0">
		<testcase name="test.py.test_load" time="24.353416587000083"/>
	</testsuite>
	<testsuite name="cloud/blockstore/tests/loadtest/local-discovery" tests="1" time="0.0" failures="0" skipped="0">
		<testcase name="test.py.flake8" time="0.0"/>
	</testsuite>
	<testsuite name="cloud/blockstore/tests/loadtest/local-edgecase" tests="7" time="1074.6414847319984" failures="0" skipped="0">
		<testcase name="test.py.test_load[version1-batching]" time="147.6782638980003"/>
		<testcase name="test.py.test_load[version1-bs8k]" time="147.6397800120003"/>
		<testcase name="test.py.test_load[version1-large-disk]" time="137.73418498199953"/>
		<testcase name="test.py.test_load[version1-large-requests]" time="32.80377940499966"/>
		<testcase name="test.py.test_load[version1-new-compaction]" time="147.84043813299922"/>
		<testcase name="test.py.test_load[version2-batching]" time="323.12768722300007"/>
		<testcase name="test.py.test_load[version2-large-disk]" time="137.8173510789993"/>
	</testsuite>
	<testsuite name="cloud/blockstore/tests/loadtest/local-edgecase" tests="1" time="0.0" failures="0" skipped="0">
		<testcase name="test.py.flake8" time="0.0"/>
	</testsuite>
	<testsuite name="cloud/blockstore/tests/loadtest/local-emergency" tests="1" time="0.0011297250011921278" failures="0" skipped="1">
		<testcase name="test.py.test_load[test_case0]" time="0.0011297250011921278">
			<skipped>Skipped: got empty parameter set ['test_case'], function test_load at cloud/blockstore/tests/loadtest/local-emergency/test.py:114</skipped>
		</testcase>
	</testsuite>
	<testsuite name="cloud/blockstore/tests/loadtest/local-emergency" tests="1" time="0.0" failures="0" skipped="0">
		<testcase name="test.py.flake8" time="0.0"/>
	</testsuite>
	<testsuite name="cloud/blockstore/tests/loadtest/local-encryption" tests="16" time="4171.2712339519985" failures="3" skipped="0">
		<testcase name="[0/8] chunk chunk" time="0.0"/>
		<testcase name="test.py.test_load[local-encryption-nonoverlay-endpoint_1]" time="165.33924507200027"/>
		<testcase name="test.py.test_load[local-encryption-nonoverlay-endpoint_2]" time="128.0021674249997"/>
		<testcase name="test.py.test_load[local-encryption-nonoverlay-endpoint_snapshot_1]" time="122.84985337699982"/>
		<testcase name="test.py.test_load[local-encryption-nonoverlay-endpoint_snapshot_2]" time="122.86968617099956"/>
		<testcase name="test.py.test_load[local-encryption-nonoverlay_1]" time="451.08162025">
			<failure>cloud/blockstore/tests/loadtest/local-encryption/test.py:144: in test_load
    return __run_test(test_case)
cloud/blockstore/tests/loadtest/local-encryption/test.py:124: in __run_test
    ret = run_test(
cloud/blockstore/tests/python/lib/test_base.py:277: in run_test
    r.stop()
contrib/ydb/tests/library/harness/daemon.py:184: in stop
    if not self.__check_can_launch_stop(&quot;stop&quot;):
contrib/ydb/tests/library/harness/daemon.py:161: in __check_can_launch_stop
    raise DaemonError(
E   contrib.ydb.tests.library.harness.daemon.DaemonError: Daemon failed with message: Unexpectedly finished before stop.
E   Process exit_code = 1.
E   Stdout file name: 
E   /home/github/tmp/out/cloud/blockstore/tests/loadtest/local-encryption/test-results/py3test/chunk2/testing_out_stuff/local-encryption-nonoverlay_1_stdout.txt
E   Stderr file name: 
E   /home/github/tmp/out/cloud/blockstore/tests/loadtest/local-encryption/test-results/py3test/chunk2/testing_out_stuff/local-encryption-nonoverlay_1_stderr.txt

logsdir:
/home/github/tmp/out/cloud/blockstore/tests/loadtest/local-encryption/test-results/py3test/chunk2/testing_out_stuff
log:
/home/github/tmp/out/cloud/blockstore/tests/loadtest/local-encryption/test-results/py3test/chunk2/testing_out_stuff/test.py.test_load.local-encryption-nonoverlay_1.log</failure>
		</testcase>
		<testcase name="test.py.test_load[local-encryption-nonoverlay_2]" time="133.13283514700015"/>
		<testcase name="test.py.test_load[local-encryption-nonoverlay_snapshot_1]" time="133.0332849509996"/>
		<testcase name="test.py.test_load[local-encryption-nonoverlay_snapshot_2]" time="130.37816312399946"/>
		<testcase name="test.py.test_load[local-encryption-overlay-endpoint_1]" time="1014.568260002">
			<failure>cloud/blockstore/tests/loadtest/local-encryption/test.py:144: in test_load
    return __run_test(test_case)
cloud/blockstore/tests/loadtest/local-encryption/test.py:124: in __run_test
    ret = run_test(
cloud/blockstore/tests/python/lib/test_base.py:277: in run_test
    r.stop()
contrib/ydb/tests/library/harness/daemon.py:184: in stop
    if not self.__check_can_launch_stop(&quot;stop&quot;):
contrib/ydb/tests/library/harness/daemon.py:161: in __check_can_launch_stop
    raise DaemonError(
E   contrib.ydb.tests.library.harness.daemon.DaemonError: Daemon failed with message: Unexpectedly finished before stop.
E   Process exit_code = 7.
E   Stdout file name: 
E   /home/github/tmp/out/cloud/blockstore/tests/loadtest/local-encryption/test-results/py3test/chunk4/testing_out_stuff/local-encryption-overlay-endpoint_1_stdout.txt
E   Stderr file name: 
E   /home/github/tmp/out/cloud/blockstore/tests/loadtest/local-encryption/test-results/py3test/chunk4/testing_out_stuff/local-encryption-overlay-endpoint_1_stderr.txt

logsdir:
/home/github/tmp/out/cloud/blockstore/tests/loadtest/local-encryption/test-results/py3test/chunk4/testing_out_stuff
log:
/home/github/tmp/out/cloud/blockstore/tests/loadtest/local-encryption/test-results/py3test/chunk4/testing_out_stuff/test.py.test_load.local-encryption-overlay-endpoint_1.log</failure>
		</testcase>
		<testcase name="test.py.test_load[local-encryption-overlay-endpoint_2]" time="137.97972022200065"/>
		<testcase name="test.py.test_load[local-encryption-overlay-endpoint_snapshot_1]" time="127.96776607999982"/>
		<testcase name="test.py.test_load[local-encryption-overlay-endpoint_snapshot_2]" time="128.1916251019993"/>
		<testcase name="test.py.test_load[local-encryption-overlay_1]" time="991.7998746150001">
			<failure>cloud/blockstore/tests/loadtest/local-encryption/test.py:144: in test_load
    return __run_test(test_case)
cloud/blockstore/tests/loadtest/local-encryption/test.py:124: in __run_test
    ret = run_test(
cloud/blockstore/tests/python/lib/test_base.py:277: in run_test
    r.stop()
contrib/ydb/tests/library/harness/daemon.py:184: in stop
    if not self.__check_can_launch_stop(&quot;stop&quot;):
contrib/ydb/tests/library/harness/daemon.py:161: in __check_can_launch_stop
    raise DaemonError(
E   contrib.ydb.tests.library.harness.daemon.DaemonError: Daemon failed with message: Unexpectedly finished before stop.
E   Process exit_code = 7.
E   Stdout file name: 
E   /home/github/tmp/out/cloud/blockstore/tests/loadtest/local-encryption/test-results/py3test/chunk6/testing_out_stuff/local-encryption-overlay_1_stdout.txt
E   Stderr file name: 
E   /home/github/tmp/out/cloud/blockstore/tests/loadtest/local-encryption/test-results/py3test/chunk6/testing_out_stuff/local-encryption-overlay_1_stderr.txt

logsdir:
/home/github/tmp/out/cloud/blockstore/tests/loadtest/local-encryption/test-results/py3test/chunk6/testing_out_stuff
log:
/home/github/tmp/out/cloud/blockstore/tests/loadtest/local-encryption/test-results/py3test/chunk6/testing_out_stuff/test.py.test_load.local-encryption-overlay_1.log</failure>
		</testcase>
		<testcase name="test.py.test_load[local-encryption-overlay_2]" time="133.0356564170006"/>
		<testcase name="test.py.test_load[local-encryption-overlay_snapshot_1]" time="127.9271710640005"/>
		<testcase name="test.py.test_load[local-encryption-overlay_snapshot_2]" time="123.1143049329994"/>
	</testsuite>
	<testsuite name="cloud/blockstore/tests/loadtest/local-encryption" tests="1" time="0.0" failures="0" skipped="0">
		<testcase name="test.py.flake8" time="0.0"/>
	</testsuite>
	<testsuite name="cloud/blockstore/tests/loadtest/local-endpoints" tests="6" time="1576.4225583270008" failures="0" skipped="0">
		<testcase name="test.py.test_load[version1-grpc-endpoint-bs8k]" time="262.85178768699916"/>
		<testcase name="test.py.test_load[version1-grpc-endpoint]" time="262.67806581400055"/>
		<testcase name="test.py.test_load[version1-nbd-endpoint-bs8k-simple]" time="262.6947268910003"/>
		<testcase name="test.py.test_load[version1-nbd-endpoint-bs8k-structured]" time="262.6773492090001"/>
		<testcase name="test.py.test_load[version1-nbd-endpoint-simple]" time="262.8139523379996"/>
		<testcase name="test.py.test_load[version1-nbd-endpoint-structured]" time="262.70667638800114"/>
	</testsuite>
	<testsuite name="cloud/blockstore/tests/loadtest/local-endpoints" tests="1" time="0.0" failures="0" skipped="0">
		<testcase name="test.py.flake8" time="0.0"/>
	</testsuite>
	<testsuite name="cloud/blockstore/tests/loadtest/local-metrics" tests="1" time="129.24006231299973" failures="0" skipped="0">
		<testcase name="test.py.test_metrics" time="129.24006231299973"/>
	</testsuite>
	<testsuite name="cloud/blockstore/tests/loadtest/local-metrics" tests="1" time="0.0" failures="0" skipped="0">
		<testcase name="test.py.flake8" time="0.0"/>
	</testsuite>
	<testsuite name="cloud/blockstore/tests/loadtest/local-mirror" tests="5" time="1588.183092940999" failures="1" skipped="0">
		<testcase name="test.py.test_load[mirror2-agent-removal]" time="621.2208928160007">
			<failure>cloud/blockstore/tests/loadtest/local-mirror/test.py:286: in test_load
    return __run_test(test_case)
cloud/blockstore/tests/loadtest/local-mirror/test.py:262: in __run_test
    ret = run_test(
cloud/blockstore/tests/python/lib/test_base.py:277: in run_test
    r.stop()
contrib/ydb/tests/library/harness/daemon.py:184: in stop
    if not self.__check_can_launch_stop(&quot;stop&quot;):
contrib/ydb/tests/library/harness/daemon.py:161: in __check_can_launch_stop
    raise DaemonError(
E   contrib.ydb.tests.library.harness.daemon.DaemonError: Daemon failed with message: Unexpectedly finished before stop.
E   Process exit_code = 1.
E   Stdout file name: 
E   /home/github/tmp/out/cloud/blockstore/tests/loadtest/local-mirror/test-results/py3test/chunk0/testing_out_stuff/mirror2-agent-removal_stdout.txt
E   Stderr file name: 
E   /home/github/tmp/out/cloud/blockstore/tests/loadtest/local-mirror/test-results/py3test/chunk0/testing_out_stuff/mirror2-agent-removal_stderr.txt

logsdir:
/home/github/tmp/out/cloud/blockstore/tests/loadtest/local-mirror/test-results/py3test/chunk0/testing_out_stuff
log:
/home/github/tmp/out/cloud/blockstore/tests/loadtest/local-mirror/test-results/py3test/chunk0/testing_out_stuff/test.py.test_load.mirror2-agent-removal.log</failure>
		</testcase>
		<testcase name="test.py.test_load[mirror2-migration]" time="425.7879965509992"/>
		<testcase name="test.py.test_load[mirror2-resize]" time="192.59103607700035"/>
		<testcase name="test.py.test_load[mirror2]" time="97.94007532799878"/>
		<testcase name="test.py.test_load[mirror3-resync]" time="250.64309216899983"/>
	</testsuite>
	<testsuite name="cloud/blockstore/tests/loadtest/local-mirror" tests="1" time="0.0" failures="0" skipped="0">
		<testcase name="test.py.flake8" time="0.0"/>
	</testsuite>
	<testsuite name="cloud/blockstore/tests/loadtest/local-nemesis" tests="5" time="420.35215728100275" failures="0" skipped="0">
		<testcase name="test.py.test_load[version1-grpc-endpoint]" time="82.65641325500201"/>
		<testcase name="test.py.test_load[version1-nbd-endpoint-simple]" time="82.5096305510001"/>
		<testcase name="test.py.test_load[version1-nbd-endpoint-structured]" time="89.85764773500068"/>
		<testcase name="test.py.test_load[version1]" time="82.67072400899997"/>
		<testcase name="test.py.test_load[version2]" time="82.65774173099999"/>
	</testsuite>
	<testsuite name="cloud/blockstore/tests/loadtest/local-nemesis" tests="1" time="0.0" failures="0" skipped="0">
		<testcase name="test.py.flake8" time="0.0"/>
	</testsuite>
	<testsuite name="cloud/blockstore/tests/loadtest/local-newfeatures" tests="13" time="2795.512697379996" failures="0" skipped="0">
		<testcase name="test.py.test_load[version1-adding-unconfirmed-blobs]" time="147.40859934300033"/>
		<testcase name="test.py.test_load[version1-fresh-channel-writes-enabled-no-restarts]" time="409.91581449399973"/>
		<testcase name="test.py.test_load[version1-fresh-channel-writes-enabled]" time="389.06494474099964"/>
		<testcase name="test.py.test_load[version1-incremental-batch-compaction]" time="147.19589656399967"/>
		<testcase name="test.py.test_load[version1-incremental-compaction-and-patching-small-disk]" time="142.74122737299967"/>
		<testcase name="test.py.test_load[version1-incremental-compaction-and-patching]" time="142.61012346699954"/>
		<testcase name="test.py.test_load[version1-incremental-compaction-cloudid]" time="158.7466981059988"/>
		<testcase name="test.py.test_load[version1-incremental-compaction]" time="144.642769176"/>
		<testcase name="test.py.test_load[version1-large-multipartition-disk]" time="148.0887266740001"/>
		<testcase name="test.py.test_load[version1-largest-two-partition-disk]" time="259.3532984269996"/>
		<testcase name="test.py.test_load[version1-mixed-index-cache]" time="386.0595513319995"/>
		<testcase name="test.py.test_load[version1-two-partitions-and-checkpoints]" time="167.25749914300013"/>
		<testcase name="test.py.test_load[version1-two-partitions]" time="152.4275485399994"/>
	</testsuite>
	<testsuite name="cloud/blockstore/tests/loadtest/local-newfeatures" tests="1" time="0.0" failures="0" skipped="0">
		<testcase name="test.py.flake8" time="0.0"/>
	</testsuite>
	<testsuite name="cloud/blockstore/tests/loadtest/local-nonrepl/dedicated" tests="12" time="2696.219494926999" failures="0" skipped="0">
		<testcase name="test.py.test_load[io-errors]" time="102.36801697099872"/>
		<testcase name="test.py.test_load[large-disk]" time="155.10284119600328"/>
		<testcase name="test.py.test_load[late_requests]" time="112.66885899300178"/>
		<testcase name="test.py.test_load[load-hdd]" time="212.72771650899995"/>
		<testcase name="test.py.test_load[load]" time="221.92249293499844"/>
		<testcase name="test.py.test_load[local-encryption-overlay]" time="112.26009353600239"/>
		<testcase name="test.py.test_load[local-encryption]" time="198.2008026809999"/>
		<testcase name="test.py.test_load[local-nonrepl-overlay]" time="128.14286981399982"/>
		<testcase name="test.py.test_load[migration-nbd]" time="446.3298303049978"/>
		<testcase name="test.py.test_load[migration]" time="631.0215978449996"/>
		<testcase name="test.py.test_load[remote-encryption]" time="177.66150919799838"/>
		<testcase name="test.py.test_load[restarts]" time="197.81286494399865"/>
	</testsuite>
	<testsuite name="cloud/blockstore/tests/loadtest/local-nonrepl/dedicated" tests="1" time="0.0" failures="0" skipped="0">
		<testcase name="../test.py.flake8" time="0.0"/>
	</testsuite>
	<testsuite name="cloud/blockstore/tests/loadtest/local-nonrepl" tests="12" time="2412.8939456950084" failures="0" skipped="0">
		<testcase name="test.py.test_load[io-errors]" time="149.18074262100163"/>
		<testcase name="test.py.test_load[large-disk]" time="148.5169329190012"/>
		<testcase name="test.py.test_load[late_requests]" time="112.46877164099897"/>
		<testcase name="test.py.test_load[load-hdd]" time="207.60528013100156"/>
		<testcase name="test.py.test_load[load]" time="221.07717224200132"/>
		<testcase name="test.py.test_load[local-encryption-overlay]" time="117.80804472000091"/>
		<testcase name="test.py.test_load[local-encryption]" time="171.44446545500068"/>
		<testcase name="test.py.test_load[local-nonrepl-overlay]" time="117.73594757599858"/>
		<testcase name="test.py.test_load[migration-nbd]" time="427.43398140200225"/>
		<testcase name="test.py.test_load[migration]" time="442.48365506499977"/>
		<testcase name="test.py.test_load[remote-encryption]" time="170.6532160930019"/>
		<testcase name="test.py.test_load[restarts]" time="126.48573582999961"/>
	</testsuite>
	<testsuite name="cloud/blockstore/tests/loadtest/local-nonrepl" tests="1" time="0.0" failures="0" skipped="0">
		<testcase name="test.py.flake8" time="0.0"/>
	</testsuite>
	<testsuite name="cloud/blockstore/tests/loadtest/local-null" tests="2" time="1207.3984468979997" failures="0" skipped="0">
		<testcase name="test.py.test_endpoint_load" time="605.0432451650004"/>
		<testcase name="test.py.test_tcp_load" time="602.3552017329994"/>
	</testsuite>
	<testsuite name="cloud/blockstore/tests/loadtest/local-null" tests="1" time="0.0" failures="0" skipped="0">
		<testcase name="test.py.flake8" time="0.0"/>
	</testsuite>
	<testsuite name="cloud/blockstore/tests/loadtest/local-overflow" tests="3" time="1142.9131019150009" failures="0" skipped="0">
		<testcase name="test.py.test_load[version1-throttled]" time="189.31205199600026"/>
		<testcase name="test.py.test_load[version1]" time="469.245495614"/>
		<testcase name="test.py.test_load[version2]" time="484.3555543050006"/>
	</testsuite>
	<testsuite name="cloud/blockstore/tests/loadtest/local-overflow" tests="1" time="0.0" failures="0" skipped="0">
		<testcase name="test.py.flake8" time="0.0"/>
	</testsuite>
	<testsuite name="cloud/blockstore/tests/loadtest/local-overlay" tests="10" time="1078.4452504290007" failures="0" skipped="0">
		<testcase name="test.py.test_load[base-version2-overlay-version1-disk]" time="92.8005118230003"/>
		<testcase name="test.py.test_load[version1-logical-used-blocks]" time="271.89824688100043"/>
		<testcase name="test.py.test_load[version1-overlay-disk-checkpoint]" time="107.97354973000074"/>
		<testcase name="test.py.test_load[version1-overlay-disk-complex]" time="82.93146948400044"/>
		<testcase name="test.py.test_load[version1-overlay-disk-fresh]" time="67.76105085000017"/>
		<testcase name="test.py.test_load[version1-overlay-disk]" time="102.89458182499948"/>
		<testcase name="test.py.test_load[version2-overlay-disk-checkpoint]" time="108.00221392599906"/>
		<testcase name="test.py.test_load[version2-overlay-disk-complex]" time="83.25024919299995"/>
		<testcase name="test.py.test_load[version2-overlay-disk-fresh]" time="67.92784249900069"/>
		<testcase name="test.py.test_load[version2-overlay-disk]" time="93.00553421799941"/>
	</testsuite>
	<testsuite name="cloud/blockstore/tests/loadtest/local-overlay" tests="1" time="0.0" failures="0" skipped="0">
		<testcase name="test.py.flake8" time="0.0"/>
	</testsuite>
	<testsuite name="cloud/blockstore/tests/loadtest/local-throttling" tests="1" time="73.81688682800177" failures="0" skipped="0">
		<testcase name="test.py.test_load[fixed-requests-low-limits]" time="73.81688682800177"/>
	</testsuite>
	<testsuite name="cloud/blockstore/tests/loadtest/local-throttling" tests="1" time="0.0" failures="0" skipped="0">
		<testcase name="test.py.flake8" time="0.0"/>
	</testsuite>
	<testsuite name="cloud/blockstore/tests/loadtest/local-user-metrics" tests="1" time="67.3987645520001" failures="0" skipped="0">
		<testcase name="test.py.test_user_metrics" time="67.3987645520001"/>
	</testsuite>
	<testsuite name="cloud/blockstore/tests/loadtest/local-user-metrics" tests="1" time="0.0" failures="0" skipped="0">
		<testcase name="test.py.flake8" time="0.0"/>
	</testsuite>
	<testsuite name="cloud/blockstore/tests/loadtest/local-v2" tests="1" time="475.65354854200086" failures="0" skipped="0">
		<testcase name="test.py.test_load[partition-reboots]" time="475.65354854200086"/>
	</testsuite>
	<testsuite name="cloud/blockstore/tests/loadtest/local-v2" tests="1" time="0.0" failures="0" skipped="0">
		<testcase name="test.py.flake8" time="0.0"/>
	</testsuite>
	<testsuite name="cloud/blockstore/tests/loadtest/remote" tests="1" time="0.0" failures="0" skipped="0">
		<testcase name="test.py.flake8" time="0.0"/>
	</testsuite>
	<testsuite name="cloud/blockstore/tests/monitoring" tests="5" time="134.69355787699988" failures="0" skipped="0">
		<testcase name="test.py.test_monitoring[TestDiskRegistryTablet]" time="29.791572915000188"/>
		<testcase name="test.py.test_monitoring[TestKikimrPartition1Tablet]" time="29.958711236"/>
		<testcase name="test.py.test_monitoring[TestKikimrPartition2Tablet]" time="30.002122923999877"/>
		<testcase name="test.py.test_monitoring[TestKikimrVolumeTablet]" time="23.369240206000086"/>
		<testcase name="test.py.test_monitoring[TestService]" time="21.571910595999725"/>
	</testsuite>
	<testsuite name="cloud/blockstore/tests/monitoring" tests="1" time="0.0" failures="0" skipped="0">
		<testcase name="test.py.flake8" time="0.0"/>
	</testsuite>
	<testsuite name="cloud/blockstore/tests/mount" tests="1" time="217.16241635899974" failures="0" skipped="0">
		<testcase name="test.py.test_monitoring[TestMaxLocalVolumes]" time="217.16241635899974"/>
	</testsuite>
	<testsuite name="cloud/blockstore/tests/mount" tests="1" time="0.0" failures="0" skipped="0">
		<testcase name="test.py.flake8" time="0.0"/>
	</testsuite>
	<testsuite name="cloud/blockstore/tests/notify" tests="4" time="229.39794293199998" failures="0" skipped="0">
		<testcase name="test.py.test_notify[back-online]" time="34.76837036699999"/>
		<testcase name="test.py.test_notify[notify]" time="121.70936565700026"/>
		<testcase name="test.py.test_notify[null]" time="36.32284266899978"/>
		<testcase name="test.py.test_notify[user-id]" time="36.597364238999944"/>
	</testsuite>
	<testsuite name="cloud/blockstore/tests/notify" tests="1" time="0.0" failures="0" skipped="0">
		<testcase name="test.py.flake8" time="0.0"/>
	</testsuite>
	<testsuite name="cloud/blockstore/tests/python/lib" tests="14" time="0.0" failures="0" skipped="0">
		<testcase name="__init__.py.flake8" time="0.0"/>
		<testcase name="client.py.flake8" time="0.0"/>
		<testcase name="config.py.flake8" time="0.0"/>
		<testcase name="daemon.py.flake8" time="0.0"/>
		<testcase name="disk_agent_runner.py.flake8" time="0.0"/>
		<testcase name="endpoints.py.flake8" time="0.0"/>
		<testcase name="loadtest_env.py.flake8" time="0.0"/>
		<testcase name="nbs_http_proxy.py.flake8" time="0.0"/>
		<testcase name="nbs_runner.py.flake8" time="0.0"/>
		<testcase name="nonreplicated_setup.py.flake8" time="0.0"/>
		<testcase name="rdma.py.flake8" time="0.0"/>
		<testcase name="stats.py.flake8" time="0.0"/>
		<testcase name="test_base.py.flake8" time="0.0"/>
		<testcase name="test_with_plugin.py.flake8" time="0.0"/>
	</testsuite>
	<testsuite name="cloud/blockstore/tests/python_client" tests="4" time="0.23537036200059447" failures="0" skipped="0">
		<testcase name="test.py.test_create_volume_from_device" time="0.05614195800035304"/>
		<testcase name="test.py.test_discovery" time="0.036836465999840584"/>
		<testcase name="test.py.test_query_available_storage" time="0.07629712700008895"/>
		<testcase name="test.py.test_resume_device" time="0.06609481100031189"/>
	</testsuite>
	<testsuite name="cloud/blockstore/tests/python_client" tests="1" time="0.0" failures="0" skipped="0">
		<testcase name="test.py.flake8" time="0.0"/>
	</testsuite>
	<testsuite name="cloud/blockstore/tests/rdma/rdma-test" tests="0" time="0" failures="1" skipped="0">
		<testcase name="sole chunk chunk" time="0.0">
			<failure>RecipeStartUpError: qemu-recipe-2 failed
Stderr tail:s' is deprecated and slated for removal in Python 3.13
  import pipes
Traceback (most recent call last):
  File &quot;contrib/tools/python3/src/Lib/runpy.py&quot;, line 198, in _run_module_as_main
    return _run_code(code, main_globals, None,
           ^^^^^^^^^^^^^^^^^^^^^^^^^^^^^^^^^^^
  File &quot;contrib/tools/python3/src/Lib/runpy.py&quot;, line 88, in _run_code
    exec(code, run_globals)
  File &quot;cloud/storage/core/tests/recipes/qemu/__main__.py&quot;, line 6, in &amp;lt;module&amp;gt;
    declare_recipe(start, stop)
  File &quot;library/python/testing/recipe/__init__.py&quot;, line 107, in declare_recipe
    start(argv[1:])
  File &quot;cloud/storage/core/tools/testing/qemu/lib/recipe.py&quot;, line 42, in start
    start_instance(args, inst_index)
  File &quot;cloud/storage/core/tools/testing/qemu/lib/recipe.py&quot;, line 74, in start_instance
    qemu.start()
  File &quot;cloud/storage/core/tools/testing/qemu/lib/qemu.py&quot;, line 293, in start
    raise QemuException(msg)
cloud.storage.core.tools.testing.qemu.lib.qemu.QemuException: /dev/kvm is not available

log:
/home/github/tmp/out/cloud/blockstore/tests/rdma/rdma-test/test-results/py3test/run_test.log
logsdir:
/home/github/tmp/out/cloud/blockstore/tests/rdma/rdma-test/test-results/py3test/testing_out_stuff
recipe stderr:
/home/github/tmp/out/cloud/blockstore/tests/rdma/rdma-test/test-results/py3test/testing_out_stuff/recipe_start_qemu-recipe-2.err
recipe stdout:
/home/github/tmp/out/cloud/blockstore/tests/rdma/rdma-test/test-results/py3test/testing_out_stuff/recipe_start_qemu-recipe-2.out
stderr:
/home/github/tmp/out/cloud/blockstore/tests/rdma/rdma-test/test-results/py3test/testing_out_stuff/stderr</failure>
		</testcase>
	</testsuite>
	<testsuite name="cloud/blockstore/tests/rdma/rdma-test" tests="1" time="0.0" failures="0" skipped="0">
		<testcase name="test.py.flake8" time="0.0"/>
	</testsuite>
	<testsuite name="cloud/blockstore/tests/recipes/endpoint" tests="1" time="0.0" failures="0" skipped="0">
		<testcase name="__main__.py.flake8" time="0.0"/>
	</testsuite>
	<testsuite name="cloud/blockstore/tests/recipes/local-kikimr" tests="1" time="0.0" failures="0" skipped="0">
		<testcase name="__main__.py.flake8" time="0.0"/>
	</testsuite>
	<testsuite name="cloud/blockstore/tests/recipes/local-null" tests="1" time="0.0" failures="0" skipped="0">
		<testcase name="__main__.py.flake8" time="0.0"/>
	</testsuite>
	<testsuite name="cloud/blockstore/tests/recipes/notify-mock" tests="1" time="0.0" failures="0" skipped="0">
		<testcase name="__main__.py.flake8" time="0.0"/>
	</testsuite>
	<testsuite name="cloud/blockstore/tests/recipes/resize-disk" tests="1" time="0.0" failures="0" skipped="0">
		<testcase name="__main__.py.flake8" time="0.0"/>
	</testsuite>
	<testsuite name="cloud/blockstore/tests/resize-disk" tests="0" time="0" failures="1" skipped="0">
		<testcase name="sole chunk chunk" time="0.0">
			<failure>RecipeStartUpError: qemu-recipe-5 failed
Stderr tail:s' is deprecated and slated for removal in Python 3.13
  import pipes
Traceback (most recent call last):
  File &quot;contrib/tools/python3/src/Lib/runpy.py&quot;, line 198, in _run_module_as_main
    return _run_code(code, main_globals, None,
           ^^^^^^^^^^^^^^^^^^^^^^^^^^^^^^^^^^^
  File &quot;contrib/tools/python3/src/Lib/runpy.py&quot;, line 88, in _run_code
    exec(code, run_globals)
  File &quot;cloud/storage/core/tests/recipes/qemu/__main__.py&quot;, line 6, in &amp;lt;module&amp;gt;
    declare_recipe(start, stop)
  File &quot;library/python/testing/recipe/__init__.py&quot;, line 107, in declare_recipe
    start(argv[1:])
  File &quot;cloud/storage/core/tools/testing/qemu/lib/recipe.py&quot;, line 42, in start
    start_instance(args, inst_index)
  File &quot;cloud/storage/core/tools/testing/qemu/lib/recipe.py&quot;, line 74, in start_instance
    qemu.start()
  File &quot;cloud/storage/core/tools/testing/qemu/lib/qemu.py&quot;, line 293, in start
    raise QemuException(msg)
cloud.storage.core.tools.testing.qemu.lib.qemu.QemuException: /dev/kvm is not available

log:
/home/github/tmp/out/cloud/blockstore/tests/resize-disk/test-results/py3test/run_test.log
logsdir:
/home/github/tmp/out/cloud/blockstore/tests/resize-disk/test-results/py3test/testing_out_stuff
recipe stderr:
/home/github/tmp/out/cloud/blockstore/tests/resize-disk/test-results/py3test/testing_out_stuff/recipe_start_qemu-recipe-5.err
recipe stdout:
/home/github/tmp/out/cloud/blockstore/tests/resize-disk/test-results/py3test/testing_out_stuff/recipe_start_qemu-recipe-5.out
stderr:
/home/github/tmp/out/cloud/blockstore/tests/resize-disk/test-results/py3test/testing_out_stuff/stderr</failure>
		</testcase>
	</testsuite>
	<testsuite name="cloud/blockstore/tests/resize-disk" tests="1" time="0.0" failures="0" skipped="0">
		<testcase name="test.py.flake8" time="0.0"/>
	</testsuite>
	<testsuite name="cloud/blockstore/tests/session_cache" tests="1" time="32.89854335500013" failures="0" skipped="0">
		<testcase name="test.py.test_session_cache" time="32.89854335500013"/>
	</testsuite>
	<testsuite name="cloud/blockstore/tests/session_cache" tests="1" time="0.0" failures="0" skipped="0">
		<testcase name="test.py.flake8" time="0.0"/>
	</testsuite>
	<testsuite name="cloud/blockstore/tests/spare_node" tests="1" time="23.615027799000245" failures="0" skipped="0">
		<testcase name="test.py.test_spare_node" time="23.615027799000245"/>
	</testsuite>
	<testsuite name="cloud/blockstore/tests/spare_node" tests="1" time="0.0" failures="0" skipped="0">
		<testcase name="test.py.flake8" time="0.0"/>
	</testsuite>
	<testsuite name="cloud/blockstore/tests/storage_discovery" tests="10" time="422.31987681199985" failures="0" skipped="0">
		<testcase name="test.py.test_add_devices" time="66.4568323110002"/>
		<testcase name="test.py.test_change_layout" time="23.742533615000184"/>
		<testcase name="test.py.test_config_comparison[mismatch]" time="27.541389091999918"/>
		<testcase name="test.py.test_config_comparison[ok]" time="21.30196284600015"/>
		<testcase name="test.py.test_override_storage_discovery_config" time="73.20080488000008"/>
		<testcase name="test.py.test_remove_devices[local_db]" time="68.86107909600014"/>
		<testcase name="test.py.test_remove_devices[state]" time="75.20982621799999"/>
		<testcase name="test.py.test_storage_discovery[cms]" time="21.188107792999745"/>
		<testcase name="test.py.test_storage_discovery[file]" time="20.785150478000105"/>
		<testcase name="test.py.test_storage_discovery[mix]" time="24.03219048299934"/>
	</testsuite>
	<testsuite name="cloud/blockstore/tests/storage_discovery" tests="1" time="0.0" failures="0" skipped="0">
		<testcase name="test.py.flake8" time="0.0"/>
	</testsuite>
	<testsuite name="cloud/blockstore/tests/vhost-server" tests="1" time="5.5971837499998855" failures="0" skipped="0">
		<testcase name="test.py.test_vhost_server" time="5.5971837499998855"/>
	</testsuite>
	<testsuite name="cloud/blockstore/tests/vhost-server" tests="1" time="0.0" failures="0" skipped="0">
		<testcase name="test.py.flake8" time="0.0"/>
	</testsuite>
	<testsuite name="cloud/filestore/apps/client/lib/ut" tests="2" time="0.055233" failures="0" skipped="0">
		<testcase name="TPerformanceProfileParams.ShouldCorectlyFillCreateFileStoreRequest" time="0.054548"/>
		<testcase name="TPerformanceProfileParams.ShouldCorrectlyFillResizeFileStoreRequest" time="0.000685"/>
	</testsuite>
	<testsuite name="cloud/filestore/libs/client/ut" tests="14" time="2.120228" failures="0" skipped="0">
		<testcase name="TDurableClientTest.ShouldCalculateCorrectTimeout" time="0.000119"/>
		<testcase name="TDurableClientTest.ShouldHandleInFlightRequestsAfterDurableClientStop" time="0.000707"/>
		<testcase name="TSessionTest.ShouldFailInFlightOnSessionFail" time="0.000586"/>
		<testcase name="TSessionTest.ShouldRestoreSession" time="0.000508"/>
		<testcase name="TSessionTest.ShouldRestoreSessionOnlyOnce" time="0.000796"/>
		<testcase name="TSessionTest.ShouldSetSessionSeqNo" time="0.000528"/>
		<testcase name="TDurableClientTest.ShouldHandleWaitingRequestsAfterDurableClientStop" time="0.000295"/>
		<testcase name="TDurableClientTest.ShouldNotRetryNonRetriableRequests" time="0.000598"/>
		<testcase name="TDurableClientTest.ShouldRetryUndeliveredRequests" time="1.500971"/>
		<testcase name="TDurableClientTest.ShouldReturnNonRetriableErrorAfterRetryTimeout" time="0.500723"/>
		<testcase name="TFileStoreClientTest.ShouldHandleRequests" time="0.112934"/>
		<testcase name="TSessionTest.ShouldAlterSession" time="0.00046"/>
		<testcase name="TSessionTest.ShouldCreateSession" time="0.000528"/>
		<testcase name="TSessionTest.ShouldCreateSessionWithParameters" time="0.000475"/>
	</testsuite>
	<testsuite name="cloud/filestore/libs/daemon/server/ut" tests="1" time="0.168466" failures="0" skipped="0">
		<testcase name="TConfigInitializerTest.ShouldIgnoreUnknownFieldsInLogConfigAndNfsConfigs" time="0.168466"/>
	</testsuite>
	<testsuite name="cloud/filestore/libs/daemon/vhost/ut" tests="1" time="0.236843" failures="0" skipped="0">
		<testcase name="TConfigInitializerTest.ShouldIgnoreUnknownFieldsInLogConfigAndNfsConfigs" time="0.236843"/>
	</testsuite>
	<testsuite name="cloud/filestore/libs/diagnostics/metrics/ut" tests="84" time="0.7571869999999999" failures="0" skipped="0">
		<testcase name="TCalculatorTest.ShouldRegisterWithBaseValue" time="6.3e-05"/>
		<testcase name="TCalculatorTest.ShouldCorrectlyCalculateAvg" time="5e-05"/>
		<testcase name="TCalculatorTest.ShouldCorrectlyCalculateMin" time="6e-05"/>
		<testcase name="TCalculatorTest.ShouldCorrectlyCalculateSum" time="5.3e-05"/>
		<testcase name="TCalculatorTest.ShouldCorrectlyCalculateMax" time="4.9e-05"/>
		<testcase name="TCalculatorTest.ShouldRegisterAndUnregister" time="0.00021"/>
		<testcase name="THistogramTest.ShouldGetCorrectValues" time="0.000133"/>
		<testcase name="THistogramTest.ShouldGetHistRangeName" time="0.000152"/>
		<testcase name="TCalculatorTest.ShouldUnregisterOnDestroy" time="0.000211"/>
		<testcase name="THistogramTest.ShouldCorrectlyUnregister" time="9.9e-05"/>
		<testcase name="THistogramTest.ShouldAggregateHistogram" time="0.000454"/>
		<testcase name="THistogramTest.ShouldGetHistRange" time="9.6e-05"/>
		<testcase name="TMetricTest.ShouldGetFunctionValue" time="2.4e-05"/>
		<testcase name="TMetricTest.ShouldGetDeprecatedAtomicValue" time="2.4e-05"/>
		<testcase name="TMetricsServiceTest.ShouldNotCrushOnUpdateIfMetricsServiceDestroyedBeforeStop" time="0.000334"/>
		<testcase name="TMetricRegistryTest.ShouldUnregisterSubgroupsAggregatableRegistryOnDestroy" time="0.000288"/>
		<testcase name="TMetricTest.ShouldGetAtomicValue" time="4.5e-05"/>
		<testcase name="TOperationsTest.ShouldAdd" time="6e-05"/>
		<testcase name="TMetricsServiceTest.ShouldUpdateOnTimeInConfig" time="0.012439"/>
		<testcase name="TOperationsTest.ShouldInc" time="0.00012"/>
		<testcase name="TMetricsServiceTest.ShouldUseCorrectCountersLabel" time="0.00035"/>
		<testcase name="TOperationsTest.ShouldDec" time="3.1e-05"/>
		<testcase name="TVisitorTest.ShouldPrintAvgDerMetric" time="0.00011"/>
		<testcase name="TOperationsTest.ShouldLoad" time="0.000142"/>
		<testcase name="TOperationsTest.ShouldSub" time="3.3e-05"/>
		<testcase name="TVisitorTest.ShouldPrintAvgAbsMetric" time="5e-05"/>
		<testcase name="TOperationsTest.ShouldStore" time="3.8e-05"/>
		<testcase name="TVisitorTest.ShouldPrintMaxDerMetric" time="0.04645"/>
		<testcase name="TVisitorTest.ShouldPrintMaxAbsMetric" time="0.150111"/>
		<testcase name="TVisitorTest.ShouldPrintCorrectly" time="3.6e-05"/>
		<testcase name="TVisitorTest.ShouldPrintI64Value" time="4.5e-05"/>
		<testcase name="TVisitorTest.ShouldPrintLabels" time="0.039302"/>
		<testcase name="TVisitorTest.ShouldPrintSumAbsMetric" time="0.000322"/>
		<testcase name="TVisitorTest.ShouldPrintStream" time="0.016401"/>
		<testcase name="TVisitorTest.ShouldPrintSumDerMetric" time="7.5e-05"/>
		<testcase name="TVisitorTest.ShouldPrintMinAbsMetric" time="8.9e-05"/>
		<testcase name="TVisitorTest.ShouldPrintMinDerMetric" time="7.2e-05"/>
		<testcase name="THistogramTest.ShouldGetUnitValue" time="4.8e-05"/>
		<testcase name="THistogramTest.ShouldGetHistRangeValue" time="0.15022"/>
		<testcase name="THistogramTest.ShouldUnregisterOnDestruction" time="0.000184"/>
		<testcase name="THistogramTest.ShouldGetUnitSuffix" time="4.9e-05"/>
		<testcase name="THistogramTest.ShouldRegisterInDifferentRegistries" time="0.000348"/>
		<testcase name="THistogramTest.ShouldGetUnitValueDuration" time="0.000122"/>
		<testcase name="TKeyTest.ShouldCorrectlyCheckKeysWithUInts" time="3e-05"/>
		<testcase name="TKeyTest.ShouldDefaultKeysBeEqual" time="0.000157"/>
		<testcase name="TLabelTest.ShouldCorrectlyCheckLabelsEquality" time="3.1e-05"/>
		<testcase name="TKeyTest.ShouldCorrectlyCheckKeysWithPtrs" time="2.8e-05"/>
		<testcase name="TLabelTest.ShouldCorrectlyCheckEquality" time="4.6e-05"/>
		<testcase name="TKeyTest.ShouldCorrectlyCheckDefaultKeysWithValues" time="3.9e-05"/>
		<testcase name="TLabelTest.ShouldGetCorrectHashes" time="3.2e-05"/>
		<testcase name="TLabelTest.ShouldGetCorrectSensorValue" time="4.4e-05"/>
		<testcase name="TMetricImplTest.ShouldAvgAbsAggregateMetrics" time="4.9e-05"/>
		<testcase name="TLabelTest.ShouldGetCorrectNameAndValue" time="0.000193"/>
		<testcase name="TLabelTest.ShouldGetCorrectLabels" time="3.9e-05"/>
		<testcase name="TMetricImplTest.ShouldAvgDerAggregateMetrics" time="3.8e-05"/>
		<testcase name="TMetricImplTest.ShouldMinDerAggregateMetrics" time="3.7e-05"/>
		<testcase name="TMetricImplTest.ShouldMaxDerAggregateMetrics" time="0.000111"/>
		<testcase name="TMetricImplTest.ShouldSumAbsAggregateMetrics" time="0.000151"/>
		<testcase name="TMetricImplTest.ShouldMaxAbsAggregateMetrics" time="3.3e-05"/>
		<testcase name="TMetricImplTest.ShouldMinAbsAggregateMetrics" time="4.8e-05"/>
		<testcase name="TMetricImplTest.ShouldSumDerAggregateMetrics" time="3e-05"/>
		<testcase name="TMetricRegistryTest.ShouldMultipleRegisterUnregisterWithCommonLabels" time="0.000112"/>
		<testcase name="TMetricRegistryTest.ShouldAggregateScopedRegistry" time="0.01625"/>
		<testcase name="TMetricRegistryTest.ShouldAggregateAggregatableRegistry" time="0.000128"/>
		<testcase name="TMetricRegistryTest.ShouldAggregateAllTypesAggregatableRegistry" time="0.015315"/>
		<testcase name="TMetricRegistryTest.ShouldMultipleRegisterUnregister" time="0.015937"/>
		<testcase name="TMetricRegistryTest.ShouldMainRegistryRemoveSubgroups" time="0.000134"/>
		<testcase name="TMetricRegistryTest.ShouldRegisterDer" time="5.3e-05"/>
		<testcase name="TMetricRegistryTest.ShouldRegisterAggregatable" time="6.3e-05"/>
		<testcase name="TMetricRegistryTest.ShouldRegisterAndAggregateAbs" time="3.3e-05"/>
		<testcase name="TMetricRegistryTest.ShouldRegisterAndAggregateDer" time="9.4e-05"/>
		<testcase name="TMetricRegistryTest.ShouldNotFailOnBaseRegistryDestruction" time="6.4e-05"/>
		<testcase name="TMetricRegistryTest.ShouldRegisterAbs" time="0.000187"/>
		<testcase name="TMetricRegistryTest.ShouldRegisterScopedRegistry" time="0.038468"/>
		<testcase name="TMetricRegistryTest.ShouldUnregisterAbs" time="0.14979"/>
		<testcase name="TMetricRegistryTest.ShouldUnregisterAndAggregateAbs" time="8.9e-05"/>
		<testcase name="TMetricRegistryTest.ShouldUnregisterAggregatable" time="0.047132"/>
		<testcase name="TMetricRegistryTest.ShouldUnregisterAggregatableRegistryOnDestroy" time="0.000259"/>
		<testcase name="TMetricRegistryTest.ShouldScopedRegistryRemoveSubgroups" time="0.042537"/>
		<testcase name="TMetricRegistryTest.ShouldUnregisterScopedRegistryOnDestroy" time="5.8e-05"/>
		<testcase name="TMetricRegistryTest.ShouldUnregisterOnlyOwnedScopedRegistry" time="6.7e-05"/>
		<testcase name="TMetricRegistryTest.ShouldUnregisterScopedRegistry" time="9.3e-05"/>
		<testcase name="TMetricRegistryTest.ShouldUnregisterAndAggregateDer" time="0.000115"/>
		<testcase name="TMetricRegistryTest.ShouldUnregisterDer" time="0.009481"/>
	</testsuite>
	<testsuite name="cloud/filestore/libs/diagnostics/metrics/ut_stress" tests="9" time="18.123668000000002" failures="0" skipped="0">
		<testcase name="TCalculatorStressTest.ShouldConcurrentlyUse" time="3.002279"/>
		<testcase name="TAggregatorStressTest.ShouldConcurrentlyUse" time="3.076932"/>
		<testcase name="TMetricRegistryStressTest.ShouldConcurrentlyAccess" time="3.00091"/>
		<testcase name="THistogramStressTest.ShouldConcurrentlyUse" time="3.001475"/>
		<testcase name="TMetricRegistryStressTest.ShouldConcurrentlyAccessAggregatableRegistry" time="3.002949"/>
		<testcase name="TMetricRegistryStressTest.ShouldConcurrentlyAccessScopedRegistry" time="3.001328"/>
		<testcase name="TMetricStressTest.ShouldConcurrentlyAccessAtomicGauge" time="0.000532"/>
		<testcase name="TMetricStressTest.ShouldConcurrentlyAccessDeprecatedAtomicGauge" time="0.000504"/>
		<testcase name="TOperationsStressTest.ShouldConcurrentlyAccess" time="0.036759"/>
	</testsuite>
	<testsuite name="cloud/filestore/libs/diagnostics/ut" tests="46" time="1.9596560000000005" failures="0" skipped="0">
		<testcase name="TProfileLogEventsTest.ShouldAcquireLockRequestInitializeFieldsCorrectly" time="6.7e-05"/>
		<testcase name="TProfileLogEventsTest.ShouldCorrectlyFinalizeProfileLogRequest" time="0.000149"/>
		<testcase name="TProfileLogEventsTest.ShouldAccessNodeRequestInitializeFieldsCorrectly" time="6.8e-05"/>
		<testcase name="TProfileLogEventsTest.ShouldAllocateDataRequestInitializeFieldsCorrectly" time="0.000281"/>
		<testcase name="TProfileLogEventsTest.ShouldCreateCheckpointRequestInitializeFieldsCorrectly" time="0.02583"/>
		<testcase name="TProfileLogEventsTest.ShouldCorrectlyInitProfileLogRequest" time="0.000123"/>
		<testcase name="TProfileLogEventsTest.ShouldCreateHandleRequestInitializeFieldsCorrectly" time="0.000188"/>
		<testcase name="TProfileLogEventsTest.ShouldTestLockResponseInitializeFieldsCorrectly" time="0.014201"/>
		<testcase name="TProfileLogEventsTest.ShouldUnlinkNodeRequestInitializeFieldsCorrectly" time="8.4e-05"/>
		<testcase name="TProfileLogEventsTest.ShouldTruncateDataRequestInitializeFieldsCorrectly" time="0.000247"/>
		<testcase name="TProfileLogEventsTest.ShouldWriteDataRequestInitializeFieldsCorrectly" time="0.000127"/>
		<testcase name="TProfileLogTest.TestSmoke" time="1.515213"/>
		<testcase name="TProfileLogTest.TestDumpMessages" time="0.00855"/>
		<testcase name="TRequestStatRegistryTest.ShouldNotUnregisterFsStatsIfOnMultipleRegistrations" time="0.011357"/>
		<testcase name="TRequestStatRegistryTest.ShouldNotReportReportMaxPredictedPostponeTimeForNotDataRequestsViaFs" time="0.058314"/>
		<testcase name="TRequestStatRegistryTest.ShouldCreateRemoveStats" time="0.012522"/>
		<testcase name="TRequestStatRegistryTest.ShouldReportReportMaxPredictedPostponeTimeForDataRequestsViaFs" time="0.013526"/>
		<testcase name="TRequestStatRegistryTest.ShouldReportTotalAndMediaKindStatsViaComponent" time="0.063361"/>
		<testcase name="TRequestStatRegistryTest.ShouldReportReportMaxPredictedPostponeTimeForDataRequestsViaFsExclusively" time="0.016637"/>
		<testcase name="TRequestStatRegistryTest.ShouldUnregisterMaxPredictedPostponeTimeViaFs" time="0.016812"/>
		<testcase name="TRequestStatRegistryTest.ShouldReportTotalAndMediaKindStatsViaFs" time="0.069086"/>
		<testcase name="TUserWrapperTest.ShouldMultipleRegister" time="0.018936"/>
		<testcase name="TProfileLogEventsTest.ShouldCreateNodeResponseInitializeFieldsCorrectly" time="7.2e-05"/>
		<testcase name="TProfileLogEventsTest.ShouldCreateNodeRequestInitializeFieldsCorrectly" time="0.014739"/>
		<testcase name="TProfileLogEventsTest.ShouldCreateHandleResponseInitializeFieldsCorrectly" time="0.000218"/>
		<testcase name="TProfileLogEventsTest.ShouldGetCorrectFuseRequestName" time="0.000103"/>
		<testcase name="TProfileLogEventsTest.ShouldDestroyHandleRequestInitializeFieldsCorrectly" time="0.017567"/>
		<testcase name="TProfileLogEventsTest.ShouldDestroyCheckpointRequestInitializeFieldsCorrectly" time="0.003749"/>
		<testcase name="TProfileLogEventsTest.ShouldGetNodeXAttrRequestInitializeFieldsCorrectly" time="7.2e-05"/>
		<testcase name="TProfileLogEventsTest.ShouldGetNodeAttrResponseInitializeFieldsCorrectly" time="6.9e-05"/>
		<testcase name="TProfileLogEventsTest.ShouldGetNodeAttrRequestInitializeFieldsCorrectly" time="0.000198"/>
		<testcase name="TProfileLogEventsTest.ShouldListNodeXAttrRequestInitializeFieldsCorrectly" time="0.00019"/>
		<testcase name="TProfileLogEventsTest.ShouldGetNodeXAttrResponseInitializeFieldsCorrectly" time="0.000166"/>
		<testcase name="TProfileLogEventsTest.ShouldListNodeXAttrResponseInitializeFieldsCorrectly" time="6.5e-05"/>
		<testcase name="TProfileLogEventsTest.ShouldListNodesResponseInitializeFieldsCorrectly" time="0.000106"/>
		<testcase name="TProfileLogEventsTest.ShouldListNodesRequestInitializeFieldsCorrectly" time="0.026291"/>
		<testcase name="TProfileLogEventsTest.ShouldReadDataRequestInitializeFieldsCorrectly" time="0.000142"/>
		<testcase name="TProfileLogEventsTest.ShouldReadLinkRequestInitializeFieldsCorrectly" time="7.5e-05"/>
		<testcase name="TProfileLogEventsTest.ShouldReleaseLockRequestInitializeFieldsCorrectly" time="0.000226"/>
		<testcase name="TProfileLogEventsTest.ShouldRemoveNodeXAttrRequestInitializeFieldsCorrectly" time="0.00087"/>
		<testcase name="TProfileLogEventsTest.ShouldRenameNodeRequestInitializeFieldsCorrectly" time="0.048556"/>
		<testcase name="TProfileLogEventsTest.ShouldSetNodeAttrResponseInitializeFieldsCorrectly" time="7.2e-05"/>
		<testcase name="TProfileLogEventsTest.ShouldSetNodeAttrRequestInitializeFieldsCorrectly" time="0.000119"/>
		<testcase name="TProfileLogEventsTest.ShouldSetNodeXAttrResponseInitializeFieldsCorrectly" time="5.2e-05"/>
		<testcase name="TProfileLogEventsTest.ShouldTestLockRequestInitializeFieldsCorrectly" time="0.000185"/>
		<testcase name="TProfileLogEventsTest.ShouldSetNodeXAttrRequestInitializeFieldsCorrectly" time="7.5e-05"/>
	</testsuite>
	<testsuite name="cloud/filestore/libs/endpoint/ut" tests="3" time="0.15098" failures="0" skipped="0">
		<testcase name="TServiceEndpointTest.ShouldAllowToChangeReadonlyAndMountSeqNumber" time="0.057538"/>
		<testcase name="TServiceEndpointTest.ShouldHandleKickEndpoint" time="0.07531"/>
		<testcase name="TServiceEndpointTest.ShouldStartPersistentEndpoint" time="0.018132"/>
	</testsuite>
	<testsuite name="cloud/filestore/libs/server/ut" tests="8" time="4.510219" failures="0" skipped="0">
		<testcase name="TServerTest.CheckLoggingPriority" time="0.19411"/>
		<testcase name="TServerTest.ShouldFailRequestWithNonEmptyInternalHeaders" time="0.166828"/>
		<testcase name="TServerTest.ShouldGetSessionEventsStream" time="1.447347"/>
		<testcase name="TServerTest.ShouldHandleAuthRequests" time="0.631474"/>
		<testcase name="TServerTest.ShouldHandleAuthRequestsWithMultipleCertificates" time="1.308478"/>
		<testcase name="TServerTest.ShouldHandleRequests" time="0.155393"/>
		<testcase name="TServerTest.ShouldHandleSecureAndInsecureClientsSimultaneously" time="0.421307"/>
		<testcase name="TServerTest.ShouldHitErrorMetricOnFailure" time="0.185282"/>
	</testsuite>
	<testsuite name="cloud/filestore/libs/service_kikimr/ut" tests="5" time="9.156903999999999" failures="0" skipped="0">
		<testcase name="TIndexStoreTest.ShouldGetSessionEventsStream" time="4.202011"/>
		<testcase name="TIndexStoreTest.ShouldHandleRequests" time="1.952522"/>
		<testcase name="TKikimrAuthProviderTest.CheckPermissionForCreateFileSystem" time="0.545235"/>
		<testcase name="TKikimrAuthProviderTest.DoNotCheckPermissionForRead" time="0.772313"/>
		<testcase name="TKikimrAuthProviderTest.ShouldHandleRequestTimeout" time="1.684823"/>
	</testsuite>
	<testsuite name="cloud/filestore/libs/service_local/ut" tests="29" time="1.186437" failures="0" skipped="0">
		<testcase name="LocalFileStore.ShouldAllocateDataWithFlags" time="0.06175"/>
		<testcase name="LocalFileStore.ShouldAllocateData" time="0.084052"/>
		<testcase name="LocalFileStore.ShouldAlterStore" time="0.012576"/>
		<testcase name="LocalFileStore.ShouldCreateDirNode" time="0.001196"/>
		<testcase name="LocalFileStore.ShouldRemoveDirectoryNode" time="0.000612"/>
		<testcase name="LocalFileStore.ShouldRemoveFileNode" time="0.136356"/>
		<testcase name="LocalFileStore.ShouldRenameAccordingToFlags" time="0.015225"/>
		<testcase name="LocalFileStore.ShouldRemoveSymLinkNode" time="0.002124"/>
		<testcase name="LocalFileStore.ShouldRenameDirNodes" time="0.016162"/>
		<testcase name="LocalFileStore.ShouldRenameFileNodes" time="0.00153"/>
		<testcase name="LocalFileStore.ShouldSharedLock" time="0.019728"/>
		<testcase name="LocalFileStore.ShouldResetSessionStateAndRestoreByClient" time="0.000503"/>
		<testcase name="LocalFileStore.ShouldSupportMigration" time="0.082766"/>
		<testcase name="LocalFileStore.ShouldCreateFileNode" time="0.094727"/>
		<testcase name="LocalFileStore.ShouldCreateFileHandle" time="0.013903"/>
		<testcase name="LocalFileStore.ShouldCreateSession" time="0.167987"/>
		<testcase name="LocalFileStore.ShouldCreateHardLinkNode" time="0.001015"/>
		<testcase name="LocalFileStore.ShouldCreateSockNode" time="0.001515"/>
		<testcase name="LocalFileStore.ShouldCreateStore" time="0.001726"/>
		<testcase name="LocalFileStore.ShouldCreateSymLinkNode" time="0.000882"/>
		<testcase name="LocalFileStore.ShouldDestroyStore" time="0.143009"/>
		<testcase name="LocalFileStore.ShouldHandleXAttrsForDirectory" time="0.097103"/>
		<testcase name="LocalFileStore.ShouldHandleInproperXAttrsRequests" time="0.013391"/>
		<testcase name="LocalFileStore.ShouldLock" time="0.009313"/>
		<testcase name="LocalFileStore.ShouldHandleXAttrsForFiles" time="0.000759"/>
		<testcase name="LocalFileStore.ShouldNotCreateTheSameStore" time="0.154174"/>
		<testcase name="LocalFileStore.ShouldOpenFileHandle" time="0.001064"/>
		<testcase name="LocalFileStore.ShouldReadAndWriteData" time="0.04945"/>
		<testcase name="LocalFileStore.ShouldRecoverLocalStores" time="0.001839"/>
	</testsuite>
	<testsuite name="cloud/filestore/libs/service_local/ut_stress" tests="1" time="1.43761" failures="0" skipped="0">
		<testcase name="LocalFileStore_Stress.ShouldStress" time="1.43761"/>
	</testsuite>
	<testsuite name="cloud/filestore/libs/storage/core/ut" tests="28" time="0.07848899999999998" failures="0" skipped="0">
		<testcase name="THelpers.ShouldCorrectlyConvertProfileToConfig" time="0.000261"/>
		<testcase name="THelpers.ShouldCorrectlyConvertConfigToProfile" time="0.005429"/>
		<testcase name="TModel.ShouldCorrectlySetupChannelsHDDEnormousSize" time="9.9e-05"/>
		<testcase name="TModel.ShouldCorrectlyOverrideStorageMediaKind" time="0.000502"/>
		<testcase name="TModel.ShouldSetupFileStorePerformanceProfileHDD" time="0.006426"/>
		<testcase name="TModel.ShouldCorrectlySetupChannelsSSDMinLowerDefault" time="0.000206"/>
		<testcase name="TModel.ShouldSetupFileStorePerformanceProfileHDDFromClient" time="0.009306"/>
		<testcase name="TModel.ShouldSetupFileStorePerformanceProfileHybrid" time="0.007899"/>
		<testcase name="TModel.ShouldSetupFileStorePerformanceProfileHybridFromClient" time="0.006281"/>
		<testcase name="TModel.ShouldSetupFileStorePerformanceProfileSSD" time="0.008794"/>
		<testcase name="TModel.ShouldSetupFileStorePerformanceProfileSSDFromClient" time="0.009669"/>
		<testcase name="TModel.ShouldSetupNodesCount" time="0.000217"/>
		<testcase name="TModel.ShouldCorrectlySetupChannelsHDDEnormousSizeDefault" time="0.000249"/>
		<testcase name="TModel.ShouldCorrectlySetupChannelsHDDMinGreater" time="0.004994"/>
		<testcase name="TModel.ShouldCorrectlySetupChannelsHDDMinGreaterDefault" time="6.9e-05"/>
		<testcase name="TModel.ShouldCorrectlySetupChannelsHDDMinLower" time="0.000574"/>
		<testcase name="TModel.ShouldCorrectlySetupChannelsHDDMinLowerDefault" time="5.5e-05"/>
		<testcase name="TModel.ShouldCorrectlySetupChannelsHybridEnormousSize" time="0.000186"/>
		<testcase name="TModel.ShouldCorrectlySetupChannelsHybridEnormousSizeDefault" time="0.000166"/>
		<testcase name="TModel.ShouldCorrectlySetupChannelsHybridMinGreater" time="0.000588"/>
		<testcase name="TModel.ShouldCorrectlySetupChannelsHybridMinLower" time="0.000204"/>
		<testcase name="TModel.ShouldCorrectlySetupChannelsHybridMinGreaterDefault" time="6.6e-05"/>
		<testcase name="TModel.ShouldCorrectlySetupChannelsHybridMinLowerDefault" time="6.2e-05"/>
		<testcase name="TModel.ShouldCorrectlySetupChannelsSSDEnormousSize" time="0.000231"/>
		<testcase name="TModel.ShouldCorrectlySetupChannelsSSDMinGreater" time="0.015531"/>
		<testcase name="TModel.ShouldCorrectlySetupChannelsSSDEnormousSizeDefault" time="0.000119"/>
		<testcase name="TModel.ShouldCorrectlySetupChannelsSSDMinGreaterDefault" time="6.7e-05"/>
		<testcase name="TModel.ShouldCorrectlySetupChannelsSSDMinLower" time="0.000239"/>
	</testsuite>
	<testsuite name="cloud/filestore/libs/storage/service/ut" tests="36" time="46.35683700000001" failures="0" skipped="0">
		<testcase name="TStorageServiceTest.ShouldChangeStorageConfig" time="5.695281"/>
		<testcase name="TStorageServiceActionsTest.ShouldFail" time="0.694638"/>
		<testcase name="TStorageServiceTest.ShouldAlterFileStore" time="1.67982"/>
		<testcase name="THelpers.ShouldCorrectlyConvertConfigToFileStore" time="0.001639"/>
		<testcase name="TStorageServiceActionsTest.ShouldDrainTablets" time="1.472631"/>
		<testcase name="TStorageServiceTest.ShouldCleanUpIfSessionFailed" time="1.675385"/>
		<testcase name="TStorageServiceTest.ShouldCreateSession" time="0.673859"/>
		<testcase name="TStorageServiceTest.ShouldCreateFileStore" time="0.675652"/>
		<testcase name="TStorageServiceTest.ShouldDescribeModel" time="0.662559"/>
		<testcase name="TStorageServiceTest.ShouldFailIfCreateSessionFailed" time="0.66166"/>
		<testcase name="TStorageServiceTest.ShouldFailAlterIfDescribeFails" time="0.666941"/>
		<testcase name="TStorageServiceTest.ShouldGetSessionEvents" time="0.678057"/>
		<testcase name="TStorageServiceTest.ShouldForwardRequests" time="2.119971"/>
		<testcase name="TStorageServiceTest.ShouldGetSessionEventsStream" time="0.681487"/>
		<testcase name="TStorageServiceTest.ShouldFailListFileStoresIfDescribeSchemeFails" time="1.673016"/>
		<testcase name="TStorageServiceTest.ShouldGetStorageConfigValues" time="0.676485"/>
		<testcase name="TStorageServiceTest.ShouldNotPingAndDestroyInvalidSession" time="0.699049"/>
		<testcase name="TStorageServiceTest.ShouldListFileStores" time="1.888067"/>
		<testcase name="TStorageServiceTest.ShouldNotForwardRequestsWithInvalidSession" time="0.677651"/>
		<testcase name="TStorageServiceTest.ShouldNotDestroyWholeSessionIfSubSessionFailes" time="0.689194"/>
		<testcase name="TStorageServiceTest.ShouldProfileRequests" time="1.879427"/>
		<testcase name="TStorageServiceTest.ShouldRejectParallelCreateOrDestroyRequests" time="0.662977"/>
		<testcase name="TStorageServiceTest.ShouldProperlyDeleteSubsessions" time="0.673757"/>
		<testcase name="TStorageServiceTest.ShouldProperlyDeleteCounters" time="0.673098"/>
		<testcase name="TStorageServiceTest.ShouldResizeFileStore" time="1.688008"/>
		<testcase name="TStorageServiceTest.ShouldProperlyProcessSlowPipeCreation" time="7.29451"/>
		<testcase name="TStorageServiceTest.ShouldRestoreSessionIfCreateFailed" time="0.674698"/>
		<testcase name="TStorageServiceTest.ShouldRestoreSessionIfPipeFailed" time="0.67775"/>
		<testcase name="TStorageServiceTest.ShouldResizeFileStoreAndAddChannels" time="1.687649"/>
		<testcase name="TStorageServiceTest.ShouldRestoreSessionIfPipeDisconnected" time="1.879213"/>
		<testcase name="TStorageServiceTest.ShouldRestoreClientSession" time="0.66864"/>
		<testcase name="TStorageServiceTest.ShouldSupportIntraHostMigration" time="0.657349"/>
		<testcase name="TStorageServiceTest.ShouldUpdateSessionStateWhenRestoringSession" time="0.656099"/>
		<testcase name="TStorageServiceTest.ShouldSupportInterHostMigration" time="0.859518"/>
		<testcase name="TStorageServiceTest.ShouldReturnFileStoreInfoWhenCreateSession" time="0.719146"/>
		<testcase name="TStorageServiceTest.ShouldValidateBlockSize" time="0.661956"/>
	</testsuite>
	<testsuite name="cloud/filestore/libs/storage/ss_proxy/ut" tests="7" time="22.403990999999998" failures="0" skipped="0">
		<testcase name="TSSProxyTest.ShouldCreateDirectories" time="1.204419"/>
		<testcase name="TSSProxyTest.ShouldCreateFileStore" time="2.098653"/>
		<testcase name="TSSProxyTest.ShouldDestroyNonExistentFilestore" time="0.67404"/>
		<testcase name="TSSProxyTest.ShouldFailDecsribeVolumeIfSSTimesout" time="13.966644"/>
		<testcase name="TSSProxyTest.ShouldFailFSCreationIfDescribeSchemeFails" time="1.246191"/>
		<testcase name="TSSProxyTest.ShouldReturnConcurrentModificationErrorIfSchemeShardDetectsWrongVersion" time="2.534418"/>
		<testcase name="TSSProxyTest.ShouldReturnERejectedIfIfSchemeShardDetectsPathIdVersionMismatch" time="0.679626"/>
	</testsuite>
	<testsuite name="cloud/filestore/libs/storage/tablet/model/ut" tests="52" time="1.2005839999999999" failures="0" skipped="0">
		<testcase name="TBlockListTest.ShouldDecodeExactRandomBlocks" time="0.024604"/>
		<testcase name="TBlockListTest.ShouldDecodeExactSeqBlocks" time="0.000223"/>
		<testcase name="TBlockListTest.ShouldEncodeMergedBlocks" time="0.004513"/>
		<testcase name="TBlockBufferTest.Test" time="0.000152"/>
		<testcase name="TBlockListTest.ShouldEncodeRandomBlocks" time="0.001628"/>
		<testcase name="TBlockListTest.ShouldEncodeNoneBlocks" time="0.000151"/>
		<testcase name="TByteRangeTest.AlignedSuperRange" time="9.1e-05"/>
		<testcase name="TBlockListTest.ShouldEncodeSeqBlocks" time="0.000137"/>
		<testcase name="TIndexTabletThrottlingPolicyTest.PostponeCountAndReset" time="0.060187"/>
		<testcase name="TIndexTabletThrottlingPolicyTest.Params" time="0.00022"/>
		<testcase name="TIndexTabletThrottlingPolicyTest.MaxDelay" time="0.000105"/>
		<testcase name="TIndexTabletThrottlingPolicyTest.ThrottlingByBandwidth" time="0.000225"/>
		<testcase name="TIndexTabletThrottlingPolicyTest.SeparateReadAndWriteLimits" time="9.9e-05"/>
		<testcase name="TIndexTabletThrottlingPolicyTest.SmallMaxBurst" time="4.5e-05"/>
		<testcase name="TMixedBlocksTest.ShouldTrackBlocks" time="0.000339"/>
		<testcase name="TMixedBlocksTest.ShouldTrackDeletionMarkers" time="9.1e-05"/>
		<testcase name="TMixedBlocksTest.ShouldRefCountRanges" time="2.9e-05"/>
		<testcase name="TRangeLocksTest.ShouldKeepTrackOfLocks" time="9.2e-05"/>
		<testcase name="TRangeLocksTest.ShouldReplaceOwnedLocks" time="3.6e-05"/>
		<testcase name="TOperationTest.BlobIndexOpQueueTest" time="0.000156"/>
		<testcase name="TSplitRangeTest.ShouldHandleEmptyRange" time="0.000148"/>
		<testcase name="TSplitRangeTest.ShouldHandleSmallRange" time="3.6e-05"/>
		<testcase name="TSplitRangeTest.ShouldHandleHeadAndTailBlocks" time="2.7e-05"/>
		<testcase name="TByteRangeTest.ZeroRangeWithOffset" time="0.00021"/>
		<testcase name="TByteRangeTest.UnalignedTest" time="0.007518"/>
		<testcase name="TChannelsTest.ShouldGetChannelsToMove" time="0.015097"/>
		<testcase name="TByteRangeTest.ZeroRange" time="0.000161"/>
		<testcase name="TCompactionMapTest.ShouldKeepRangeStats" time="0.000143"/>
		<testcase name="TCompactionMapTest.ShouldKeepTrackNonEmptyRanges" time="0.001633"/>
		<testcase name="TCompactionMapTest.ShouldReleaseEmptyRanges" time="0.004762"/>
		<testcase name="TChannelsTest.ShouldMarkChannelsAsUnwritable" time="0.000324"/>
		<testcase name="TCompactionMapTest.ShouldSelectTopRangesByCompactionScore" time="0.000185"/>
		<testcase name="TCompactionMapTest.ShouldReturnNonEmptyRanges" time="5e-05"/>
		<testcase name="TCompactionMapTest.ShouldSelectTopRangesByCleanupScore" time="4.6e-05"/>
		<testcase name="TCompactionMapTest.ShouldReturnTopRanges" time="8.6e-05"/>
		<testcase name="TDeletionMarkersTest.ShouldWorkWithMultipleNodeIds" time="0.001062"/>
		<testcase name="TCompactionMapTest.ShouldSelectTopRangesForMonitoring" time="0.003493"/>
		<testcase name="TDeletionMarkersTest.ShouldWork" time="0.000182"/>
		<testcase name="TDeletionMarkersTest.ShouldExtractDeletionMarkers" time="8e-05"/>
		<testcase name="TFreshBlocksTest.ShouldFindBlocks" time="0.000128"/>
		<testcase name="TDeletionMarkersTest.ShouldWorkWithRandomlyDistributedDeletionMarkers" time="0.997735"/>
		<testcase name="TFreshBlocksTest.ShouldOverwriteBlocks" time="0.060526"/>
		<testcase name="TFreshBlocksTest.ShouldHandlePartialBlocksData" time="6.7e-05"/>
		<testcase name="TFreshBlocksTest.ShouldStoreBlocks" time="0.012125"/>
		<testcase name="TFreshBytesTest.ShouldInsertIntervalInTheMiddleOfAnotherInterval" time="0.000288"/>
		<testcase name="TFreshBytesTest.ShouldNotOverflowInTBytesLength" time="0.000697"/>
		<testcase name="TGarbageQueueTest.ShouldKeepItemsSorted" time="0.000108"/>
		<testcase name="TGarbageQueueTest.ShouldKeepTrackOfBarriers" time="3.1e-05"/>
		<testcase name="TFreshBytesTest.ShouldStoreBytes" time="0.000216"/>
		<testcase name="TIndexTabletThrottlingPolicyTest.BasicThrottling" time="4.6e-05"/>
		<testcase name="TIndexTabletThrottlingPolicyTest.BoostRate" time="2.9e-05"/>
		<testcase name="TIndexTabletThrottlingPolicyTest.InconsistentParams" time="0.000222"/>
	</testsuite>
	<testsuite name="cloud/filestore/libs/storage/tablet/ut" tests="222" time="163.60283399999997" failures="0" skipped="0">
		<testcase name="TIndexTabletTest_Data.ShouldAcceptLargeUnalignedWrites" time="0.665349"/>
		<testcase name="THelpers.ShouldCorrectlyConvertPerformanceProfileToThrottlerConfig" time="6.8e-05"/>
		<testcase name="THelpers.ShouldCorrectlyConvertConfigToFileSystem" time="0.000799"/>
		<testcase name="TIndexTabletTest_Channels.ShouldUseProperChannelsDuringResize" time="0.87577"/>
		<testcase name="THelpers.ShouldCorrectlyConvertFileSystemToFileSystemConfig" time="0.000332"/>
		<testcase name="TIndexTabletTest_Checkpoints.ShouldReadNodesFromCheckpoint" time="0.668252"/>
		<testcase name="TIndexTabletDatabaseTest.ShouldStoreFileSystemStats" time="0.001389"/>
		<testcase name="TIndexTabletDatabaseTest.ShouldStoreCompactionMap" time="0.00049"/>
		<testcase name="TIndexTabletTest_Data.ShouldAddGarbageBlobsForRewrittenBlobs128K" time="0.660547"/>
		<testcase name="TIndexTabletTest_Checkpoints.ShouldStoreCheckpoints" time="0.673385"/>
		<testcase name="TIndexTabletDatabaseTest.ShouldStoreCheckpoints" time="0.000703"/>
		<testcase name="TIndexTabletDatabaseTest.ShouldStoreSessions" time="0.001097"/>
		<testcase name="TIndexTabletTest_Checkpoints.ShouldReadDataFromCheckpoint" time="0.663461"/>
		<testcase name="TIndexTabletTest.ShouldFailToUpdateConfigIfValidationFails" time="0.677982"/>
		<testcase name="TIndexTabletTest.ShouldUpdatePerformanceProfileConfig" time="0.671576"/>
		<testcase name="TIndexTabletTest_Data.ShouldAcceptLargeUnalignedWrites128K" time="0.685966"/>
		<testcase name="TIndexTabletDatabaseTest.ShouldStoreStorageConfig" time="0.001028"/>
		<testcase name="TIndexTabletDatabaseTest.ShouldStoreNodeRefs" time="0.000776"/>
		<testcase name="TIndexTabletTest_Channels.ShouldCollectGarbageForAllUsedMixedChannels" time="0.67649"/>
		<testcase name="TIndexTabletTest_Channels.ShouldSwitchToBrokenStateIfTabletChannelCountDecreased" time="0.670417"/>
		<testcase name="TIndexTabletTest.ShouldUpdateConfig" time="0.667869"/>
		<testcase name="TIndexTabletDatabaseTest.ShouldStoreNodes" time="0.000576"/>
		<testcase name="TIndexTabletDatabaseTest.ShouldStoreFreshBytes" time="0.000527"/>
		<testcase name="TIndexTabletTest_Channels.ShouldExecuteCollectGarbageAtStartup" time="1.273978"/>
		<testcase name="TIndexTabletTest_Channels.ShouldProperlyHandleCollectGarbageErrors" time="1.272486"/>
		<testcase name="TIndexTabletDatabaseTest.ShouldStoreNodeAttrs" time="0.000462"/>
		<testcase name="TIndexTabletTest_Data.ShouldAddGarbageBlobsForRewrittenBlobs" time="0.667679"/>
		<testcase name="TIndexTabletDatabaseTest.ShouldStoreFileSystem" time="0.000648"/>
		<testcase name="TIndexTabletTest.ShouldBootTablet" time="0.68504"/>
		<testcase name="TIndexTabletDatabaseTest.ShouldStoreDupCache" time="0.000501"/>
		<testcase name="TIndexTabletTest_Checkpoints.ShouldStoreAndFlushFreshBytesFromMultipleNodesAndBlocks" time="0.667102"/>
		<testcase name="TIndexTabletTest_Data.ShouldAutomaticallyRunCleanup" time="0.663694"/>
		<testcase name="TIndexTabletTest_Data.ShouldForceCompactRangeAndRemoveStaleNodesData" time="0.663795"/>
		<testcase name="TIndexTabletTest_Data.ShouldCollectGarbage" time="0.668796"/>
		<testcase name="TIndexTabletTest_Data.ShouldAutomaticallyRunCompaction" time="0.666314"/>
		<testcase name="TIndexTabletTest_Data.ShouldCollectTracesForWriteRequests128K" time="0.668573"/>
		<testcase name="TIndexTabletTest_Data.ShouldAutomaticallyRunCollectGarbage128K" time="0.666645"/>
		<testcase name="TIndexTabletTest_Data.ShouldFlushFreshBytesWithPartialBlobIntersection128K" time="0.663277"/>
		<testcase name="TIndexTabletTest_Data.ShouldFlushFreshBytesByLargeOffset" time="0.670083"/>
		<testcase name="TIndexTabletTest_Data.ShouldHandleMultipleBlobsInRangeAndUpdateCompactionMap128K" time="0.67028"/>
		<testcase name="TIndexTabletTest_Data.ShouldHandleErasedRangeDuringCompaction" time="0.665862"/>
		<testcase name="TIndexTabletTest_Data.ShouldFlushFreshBytesByLargeOffset128K" time="0.661704"/>
		<testcase name="TIndexTabletTest_Data.ShouldCorrectlyHandleConcurrentCompactionAndMergedBlobWrite128K" time="1.26577"/>
		<testcase name="TIndexTabletTest_Data.ShouldFlushFreshBytes" time="0.686407"/>
		<testcase name="TIndexTabletTest_Data.ShouldDumpCompactionRangeBlobs" time="0.666227"/>
		<testcase name="TIndexTabletTest_Data.ShouldDoForcedCompaction128K" time="0.665098"/>
		<testcase name="TIndexTabletTest_Data.ShouldAutomaticallyRunCompaction128K" time="0.669285"/>
		<testcase name="TIndexTabletTest_Data.ShouldCollectTracesForWriteRequests" time="0.663556"/>
		<testcase name="TIndexTabletTest_Data.ShouldEnqueuePendingForcedCompaction" time="1.269715"/>
		<testcase name="TIndexTabletTest_Data.ShouldCollectGarbage128K" time="0.671794"/>
		<testcase name="TIndexTabletTest_Data.ShouldDoForcedCompaction" time="0.657174"/>
		<testcase name="TIndexTabletTest_Data.ShouldHandleErasedRangeDuringCompaction128K" time="0.664653"/>
		<testcase name="TIndexTabletTest_Data.ShouldFlushAfterEmptyFlush" time="0.660912"/>
		<testcase name="TIndexTabletTest_Data.ShouldLimitDeleteGarbageBlobsPerTx" time="0.667254"/>
		<testcase name="TIndexTabletTest_Data.ShouldHandleMultipleBlobsInRangeAndUpdateCompactionMap" time="0.666964"/>
		<testcase name="TIndexTabletTest_Data.ShouldEnqueuePendingForcedCompaction128K" time="1.270077"/>
		<testcase name="TIndexTabletTest_Data.ShouldFlushFreshBytesWithPartialBlobIntersection" time="0.668717"/>
		<testcase name="TIndexTabletTest_Data.ShouldAutomaticallyRunCollectGarbage" time="0.659842"/>
		<testcase name="TIndexTabletTest_Data.ShouldCorrectlyHandleConcurrentCompactionAndMergedBlobWrite" time="1.266625"/>
		<testcase name="TIndexTabletTest_Data.ShouldFlushAfterEmptyFlush128K" time="0.660196"/>
		<testcase name="TIndexTabletTest_Data.ShouldDumpCompactionRangeBlobs128K" time="0.664624"/>
		<testcase name="TIndexTabletTest_Data.ShouldAutomaticallyRunCleanup128K" time="0.66806"/>
		<testcase name="TIndexTabletTest_Data.ShouldForceCompactRangeAndRemoveStaleNodesData128K" time="0.659596"/>
		<testcase name="TIndexTabletTest_Data.ShouldFlushFreshBytes128K" time="0.671439"/>
		<testcase name="TIndexTabletTest_Data.ShouldReadFromBlobsAndBlocksAtTheSameTime128K" time="0.662456"/>
		<testcase name="TIndexTabletTest_Data.ShouldStoreFreshBytes" time="0.690091"/>
		<testcase name="TIndexTabletTest_Data.ShouldRejectWritesDueToBackpressure128K" time="0.665524"/>
		<testcase name="TIndexTabletTest_Data.ShouldReadFromBlobsAndBlocksAtTheSameTime" time="0.670332"/>
		<testcase name="TIndexTabletTest_Data.ShouldStoreFreshBlocks128K" time="0.667982"/>
		<testcase name="TIndexTabletTest_Data.ShouldReadFromFreshAndBlobsCorrectly" time="0.655863"/>
		<testcase name="TIndexTabletTest_Data.ShouldNotWriteToYellowGroups" time="0.664876"/>
		<testcase name="TIndexTabletTest_Data.ShouldReadUnAligned128K" time="0.66434"/>
		<testcase name="TIndexTabletTest_Data.ShouldRewriteBlobsOnCompaction128K" time="0.67333"/>
		<testcase name="TIndexTabletTest_Data.ShouldProperlyReadBlobsWithHoles" time="0.669984"/>
		<testcase name="TIndexTabletTest_Data.ShouldReadEmptyFile128K" time="0.671515"/>
		<testcase name="TIndexTabletTest_Data.ShouldNotDeleteBlobsMarkedAsGarbageByUncommittedTransactions" time="1.868844"/>
		<testcase name="TIndexTabletTest_Data.ShouldLoadFreshBytesOnStartup" time="0.674541"/>
		<testcase name="TIndexTabletTest_Data.ShouldNotWriteToYellowGroups128K" time="0.665696"/>
		<testcase name="TIndexTabletTest_Data.ShouldRemoveDeletionMarkersOnCleanup128K" time="0.666687"/>
		<testcase name="TIndexTabletTest_Data.ShouldRecoverAfterFreshBlocksRelatedBackpressure128K" time="1.270492"/>
		<testcase name="TIndexTabletTest_Data.ShouldReadUnAligned" time="0.660158"/>
		<testcase name="TIndexTabletTest_Data.ShouldRemoveDeletionMarkersOnCleanup" time="0.668524"/>
		<testcase name="TIndexTabletTest_Data.ShouldRewriteBlobsOnCompaction" time="0.677398"/>
		<testcase name="TIndexTabletTest_Data.ShouldLoadFreshBytesOnStartup128K" time="0.676247"/>
		<testcase name="TIndexTabletTest_Data.ShouldProperlyReadBlobsWithHoles128K" time="0.665555"/>
		<testcase name="TIndexTabletTest_Data.ShouldReadFromFreshAndBlobsCorrectly128K" time="0.66076"/>
		<testcase name="TIndexTabletTest_Data.ShouldLoadCompactionMapInBackground" time="0.860774"/>
		<testcase name="TIndexTabletTest_Data.ShouldRetryForcedCompaction" time="1.266236"/>
		<testcase name="TIndexTabletTest_Data.ShouldStoreFreshBlocks" time="0.667215"/>
		<testcase name="TIndexTabletTest_Data.ShouldReadEmptyFile" time="0.668127"/>
		<testcase name="TIndexTabletTest_Data.ShouldNotDeleteBlobsMarkedAsGarbageByUncommittedTransactions128K" time="1.868432"/>
		<testcase name="TIndexTabletTest_Data.ShouldRejectWritesDueToBackpressure" time="0.665309"/>
		<testcase name="TIndexTabletTest_Data.ShouldRecoverAfterFreshBlocksRelatedBackpressure" time="1.2746"/>
		<testcase name="TIndexTabletTest_Data.ShouldLimitDeleteGarbageBlobsPerTx128K" time="0.6631"/>
		<testcase name="TIndexTabletTest_Data.ShouldLoadCompactionMapInBackground128K" time="2.087657"/>
		<testcase name="TIndexTabletTest_Data.ShouldRetryForcedCompaction128K" time="1.264258"/>
		<testcase name="TIndexTabletTest_Data_Allocate.ShouldAllocateDataWithPunchAndKeepSize" time="0.683713"/>
		<testcase name="TIndexTabletTest_Data_Allocate.ShouldAllocateDataWithKeepSize" time="0.646353"/>
		<testcase name="TIndexTabletTest_Data_Allocate.ShouldAllocateData" time="0.641817"/>
		<testcase name="TIndexTabletTest_Data_Truncate.ShouldSplitTruncateForBigFilesByDestroySession" time="1.86256"/>
		<testcase name="TIndexTabletTest_Data.ShouldUpdateFileSizeOnWrite128K" time="0.66614"/>
		<testcase name="TIndexTabletTest_Data.ShouldWriteFreshBlocksForUnalignedDataAtTheEnd128K" time="0.657021"/>
		<testcase name="TIndexTabletTest_Data_Truncate.ShouldSplitTruncateForBigFilesByHandle" time="1.264936"/>
		<testcase name="TIndexTabletTest_Data.ShouldUpdateCompactionMapUponCleanup" time="0.664334"/>
		<testcase name="TIndexTabletTest_Data_Truncate.ShouldSplitTruncateForBigFiles" time="2.473303"/>
		<testcase name="TIndexTabletTest_Data_Allocate.ShouldAllocateDataWithZeroAndKeepSize" time="0.647881"/>
		<testcase name="TIndexTabletTest_Data_Allocate.ShouldReturnNotSupportedForSinglePunchHoleFlag" time="0.614447"/>
		<testcase name="TIndexTabletTest_Data.ShouldUpdateCompactionMapUponCleanup128K" time="0.66631"/>
		<testcase name="TIndexTabletTest_Data.ShouldWriteBlobForLargeWrite128K" time="0.667757"/>
		<testcase name="TIndexTabletTest_Data.ShouldWriteBlobForLargeWrite" time="0.670176"/>
		<testcase name="TIndexTabletTest_Data.ShouldWriteFreshBlocksForUnalignedDataAtTheEnd" time="0.658541"/>
		<testcase name="TIndexTabletTest_Data_Allocate.ShouldReturnNotSupportedForCollapseRangeFlag" time="0.697363"/>
		<testcase name="TIndexTabletTest_Data_Allocate.ShouldReturnErrorOnInvalidHandle" time="0.66554"/>
		<testcase name="TIndexTabletTest_Data_Allocate.ShouldReturnNotSupportedForInsertRangeFlag" time="0.316402"/>
		<testcase name="TIndexTabletTest_Data_Allocate.ShouldReturnErrorOnZeroLength" time="0.695164"/>
		<testcase name="TIndexTabletTest_Data_Allocate.ShouldAllocateDataWithUnshareRange" time="0.680088"/>
		<testcase name="TIndexTabletTest_Data.ShouldWriteBlobOnFlush" time="0.673886"/>
		<testcase name="TIndexTabletTest_Data_Allocate.ShouldReturnErrorOnBigSize" time="0.666938"/>
		<testcase name="TIndexTabletTest_Data.ShouldUpSizeFiles" time="0.66178"/>
		<testcase name="TIndexTabletTest_Data.ShouldWriteBlobOnFlush128K" time="0.669343"/>
		<testcase name="TIndexTabletTest_Data.ShouldUpdateFileSizeOnWrite" time="0.662598"/>
		<testcase name="TIndexTabletTest_Data_Truncate.ShouldSplitTruncateForBigFilesByDestroyHandle" time="1.863026"/>
		<testcase name="TIndexTabletTest_Data.ShouldStoreFreshBytes128K" time="0.677004"/>
		<testcase name="TIndexTabletTest_Data.ShouldUpSizeFiles128K" time="0.660596"/>
		<testcase name="TIndexTabletTest_Data_Allocate.ShouldAllocateDataWithZero" time="0.664676"/>
		<testcase name="TIndexTabletTest_Data_Truncate.ShouldOpenAndTruncateFiles" time="0.976924"/>
		<testcase name="TIndexTabletTest_Data.ShouldTrackUsedBlocks" time="0.66494"/>
		<testcase name="TIndexTabletTest_Data.ShouldTrackUsedBlocks128K" time="0.86445"/>
		<testcase name="TIndexTabletTest_Nodes.ShouldRenameAccordingToFlags" time="0.667988"/>
		<testcase name="TIndexTabletTest_Nodes.ShouldNotCreateLinkToInvalidNode" time="0.661514"/>
		<testcase name="TIndexTabletTest_Nodes.ShouldRemoveNodes" time="0.66535"/>
		<testcase name="TIndexTabletTest_Nodes.ShouldIncrementXAttrVersionOnUpdate" time="0.665762"/>
		<testcase name="TIndexTabletTest_Nodes.ShouldNotRemoveNodes" time="0.662587"/>
		<testcase name="TIndexTabletTest_Data_Truncate.ShouldTruncateRange" time="0.662989"/>
		<testcase name="TIndexTabletTest_Nodes.ShouldCreateFileNode" time="0.673731"/>
		<testcase name="TIndexTabletTest_Data_Truncate.ShouldTruncateFreshBytes" time="0.670443"/>
		<testcase name="TIndexTabletTest_Data_ZeroRange.ShouldSimultaneouslyZeroRange" time="0.677912"/>
		<testcase name="TIndexTabletTest_Nodes.ShouldNotCreateNodeAtInvalidPath" time="0.672762"/>
		<testcase name="TIndexTabletTest_Data_Truncate.ShouldTruncateEmptyFile" time="0.662111"/>
		<testcase name="TIndexTabletTest_Nodes.ShouldCreateSymLinkNode" time="0.664878"/>
		<testcase name="TIndexTabletTest_Nodes.ShouldListNodes" time="0.659936"/>
		<testcase name="TIndexTabletTest_Nodes.ShouldNotCreateInvalidNodes" time="0.685246"/>
		<testcase name="TIndexTabletTest_Nodes.ShouldNotStoreNodeXAttrsForInvalidNodes" time="0.661101"/>
		<testcase name="TIndexTabletTest_Data_Truncate.ShouldSplitTruncateForBigFilesByRename" time="1.271539"/>
		<testcase name="TIndexTabletTest_Nodes.ShouldCreateDirectoryNode" time="0.664927"/>
		<testcase name="TIndexTabletTest_Nodes.ShouldDeduplicateCreateNodeRequests" time="0.667144"/>
		<testcase name="TIndexTabletTest_Data_Truncate.ShouldTruncateFiles" time="0.676716"/>
		<testcase name="TIndexTabletTest_Nodes.ShouldDeduplicateRenameNodeRequests" time="0.66072"/>
		<testcase name="TIndexTabletTest_Nodes.ShouldCreateLinkNode" time="0.666513"/>
		<testcase name="TIndexTabletTest_Nodes.ShouldNotRemoveInvalidPath" time="0.665405"/>
		<testcase name="TIndexTabletTest_Nodes.ShouldNotStoreNodeAttrsForInvalidNodes" time="0.665968"/>
		<testcase name="TIndexTabletTest_Data_Truncate.ShouldSplitTruncateForBigFilesByResetSession" time="1.88015"/>
		<testcase name="TIndexTabletTest_Nodes.ShouldNotIncrementBlocksForLink" time="0.665977"/>
		<testcase name="TIndexTabletTest_Nodes.ShouldDeduplicateUnlinkNodeRequests" time="0.666782"/>
		<testcase name="TIndexTabletTest_Nodes.ShouldNotStoreXAttrsWithFlagsRestrictions" time="0.661023"/>
		<testcase name="TIndexTabletTest_Data_ZeroRange.ShouldZeroRange" time="0.309582"/>
		<testcase name="TIndexTabletTest_Nodes.ShouldPayRespectToInodeLimits" time="0.664596"/>
		<testcase name="TIndexTabletTest_Monitoring.ShouldHandleHttpInfo" time="1.009465"/>
		<testcase name="TIndexTabletTest_Nodes.ShouldLimitListNodes" time="0.665364"/>
		<testcase name="TIndexTabletTest_Data_Truncate.ShouldSplitTruncateForBigFilesByUnlink" time="1.282608"/>
		<testcase name="TIndexTabletTest_Sessions.ShouldCleanupLocksKeptBySession" time="0.877767"/>
		<testcase name="TIndexTabletTest_Sessions.ShouldTrackClients" time="0.983658"/>
		<testcase name="TIndexTabletTest_Sessions.ShouldSendSessionEvents" time="0.666683"/>
		<testcase name="TIndexTabletTest_Sessions.ShouldTrackLocks" time="0.672203"/>
		<testcase name="TIndexTabletTest_Sessions.ShouldCleanupHandlesAndNodesKeptBySession" time="0.66765"/>
		<testcase name="TIndexTabletTest_Sessions.ShouldCleanupHandlesAndLocksKeptBySession" time="0.672019"/>
		<testcase name="TIndexTabletTest_Nodes_FilterAliveNodes.ShouldWork" time="0.700354"/>
		<testcase name="TIndexTabletTest_Sessions.ShouldProperlyHandleSeqNoInResetSession" time="0.877298"/>
		<testcase name="TIndexTabletTest_Sessions.ChangeCacheTest" time="0.676185"/>
		<testcase name="TIndexTabletTest_Sessions.ShouldNotCreateInvalidHandles" time="0.679019"/>
		<testcase name="TIndexTabletTest_Sessions.ShouldCleanupDedupCacheKeptBySession" time="0.676456"/>
		<testcase name="TIndexTabletTest_Nodes.ShouldValidateXAttrNameAndValue" time="1.273257"/>
		<testcase name="TIndexTabletTest_Sessions.ShouldKeepFileByOpenHandle" time="0.670383"/>
		<testcase name="TIndexTabletTest_Sessions.ShouldRestoreClientSession" time="0.668999"/>
		<testcase name="TIndexTabletTest_Sessions.ShouldTrackHandles" time="0.680691"/>
		<testcase name="TIndexTabletTest_Sessions.ShouldResetSessionState" time="0.675235"/>
		<testcase name="TIndexTabletTest_Nodes.ShouldValidateDupRequests" time="0.674803"/>
		<testcase name="TIndexTabletTest_Sessions.ShouldTrackSharedLocks" time="0.665391"/>
		<testcase name="TIndexTabletTest_Nodes.ShouldStoreNodeAttrs" time="0.68409"/>
		<testcase name="TIndexTabletTest_Nodes_FilterAliveNodes.Smoke" time="0.349728"/>
		<testcase name="TIndexTabletTest_Nodes.ShouldTrackUsedBlocks" time="0.677871"/>
		<testcase name="TIndexTabletTest_Sessions.ShouldPreserveSessionStateWhileRestoreClientSession" time="0.874751"/>
		<testcase name="TIndexTabletTest_Sessions.ShouldSupportInterhostMigrationRollbackScenarioInPresenseOfResets" time="0.883256"/>
		<testcase name="TIndexTabletTest_Nodes.ShouldRenameDirNodes" time="0.693474"/>
		<testcase name="TIndexTabletTest_Sessions.ShouldCreateHandlesAndFiles" time="0.665541"/>
		<testcase name="TIndexTabletTest_Sessions.ShouldDeduplicateCreateHandleRequests" time="0.675456"/>
		<testcase name="TIndexTabletTest_Nodes.ShouldRenameFileNodes" time="0.67608"/>
		<testcase name="TIndexTabletTest_Sessions.ShouldSupportInterhostMigrationScenarioInPresentsOfResets" time="1.079559"/>
		<testcase name="TIndexTabletTest_Nodes.ShouldStoreNodeXAttrs" time="0.669999"/>
		<testcase name="TIndexTabletTest_Sessions.ShouldProperlyHandleSeqNoInDestroySession" time="0.874128"/>
		<testcase name="TIndexTabletTest_Nodes.ShouldWaitForDupRequestToBeCommited" time="1.29345"/>
		<testcase name="TIndexTabletTest_SubSessions.ShouldKeepSubSessionsIfAnotherRemoved" time="0.874609"/>
		<testcase name="TIndexTabletTest_SubSessions.ShouldSupportMultipleSubSessions" time="0.890377"/>
		<testcase name="TIndexTabletTest_Throttling.ShouldRespondToThrottledRequestsUponTableDeath" time="0.80181"/>
		<testcase name="TRebaseLogicTest.Test" time="5.8e-05"/>
		<testcase name="TSubSessions.ShouldRemoveSubSessionWithLowestSeqNo" time="5.6e-05"/>
		<testcase name="TIndexTabletTest_Throttling.ShouldUpdateThrottlerDelayOnWriteRequest" time="1.313227"/>
		<testcase name="TProfileLogEvent.ShouldAddRange" time="5.9e-05"/>
		<testcase name="TIndexTabletTest_Throttling.ShouldMaintainRequestOrderWhenThrottling" time="1.647612"/>
		<testcase name="TSubSessions.ShouldNotRemoveSessionIfWriterIsStillAlive" time="4.4e-05"/>
		<testcase name="TIndexTabletTest_SubSessions.ShouldRemoveTooOldSubSessions" time="1.074774"/>
		<testcase name="TProfileLogEvent.ShouldCorrectlyInitProfileLogRequestWithRequestType" time="5e-05"/>
		<testcase name="TSubSessions.ShouldRemoveSubSession" time="4.6e-05"/>
		<testcase name="TProfileLogEvent.ShouldAddCompactionRange" time="4.7e-05"/>
		<testcase name="TProfileLogEvent.ShouldAddBlobsInfoForMergedBlobMeta" time="8.1e-05"/>
		<testcase name="TIndexTabletTest_Throttling.ShouldUpdateThrottlerDelayOnReadRequest" time="1.24513"/>
		<testcase name="TSubSessions.ShouldNotRemoveSessionSeqNoIsLower" time="4e-05"/>
		<testcase name="TIndexTabletTest_SubSessions.ShouldKeepSubSessionsIfAnotherReset" time="0.869651"/>
		<testcase name="TIndexTabletTest_Throttling.ShouldRejectRequestsThrottledForTooLong" time="1.340582"/>
		<testcase name="TProfileLogEvent.ShouldCorrectlyFinalizeProfileLogRequest" time="6.4e-05"/>
		<testcase name="TIndexTabletTest_Throttling.ShouldProperlyProcessPostponedRequestsAfterConfigUpdate" time="3.007354"/>
		<testcase name="TSubSessions.ShouldUpdateSubSessions" time="5.9e-05"/>
		<testcase name="TSubSessions.ShouldAddSubSessions" time="6.5e-05"/>
		<testcase name="TProfileLogEvent.ShouldAddBlobsInfoForMixedBlob" time="9.5e-05"/>
		<testcase name="TIndexTabletTest_SubSessions.ShouldSupportInterhostMigrationScenario" time="0.874565"/>
		<testcase name="TIndexTabletTest_Throttling.ShouldThrottle" time="3.159287"/>
		<testcase name="TIndexTabletTest_SubSessions.ShouldSupportInterhostMigrationRollbackScenario" time="0.870221"/>
		<testcase name="TProfileLogEvent.ShouldAddBlobsInfoForMixedBlobMeta" time="0.0004"/>
		<testcase name="TSubSessions.ShouldRemoveSubSessionIfRemovedWriterWithHighestSeqNo" time="7.3e-05"/>
		<testcase name="TProfileLogEvent.ShouldCorrectlyInitProfileLogRequest" time="0.000555"/>
		<testcase name="TIndexTabletTest_Throttling.ShouldNotThrottleIfThrottlerIsDisabled" time="6.776308"/>
		<testcase name="TProfileLogEvent.ShouldGetCorrectRequestName" time="0.272649"/>
	</testsuite>
	<testsuite name="cloud/filestore/libs/storage/tablet/ut_counters" tests="5" time="15.998021999999999" failures="0" skipped="0">
		<testcase name="TIndexTabletTest_Counters.ShouldCalculateReadWriteBlobMetrics" time="2.2112"/>
		<testcase name="TIndexTabletTest_Counters.ShouldCorrectlyUpdateValuesOnThrottling" time="2.986511"/>
		<testcase name="TIndexTabletTest_Counters.ShouldCorrectlyWriteThrottlerMaxParams" time="4.936478"/>
		<testcase name="TIndexTabletTest_Counters.ShouldIncrementAndDecrementSessionCount" time="5.53903"/>
		<testcase name="TIndexTabletTest_Counters.ShouldRegisterCounters" time="0.324803"/>
	</testsuite>
	<testsuite name="cloud/filestore/libs/storage/tablet/ut_stress" tests="1" time="103.747149" failures="0" skipped="0">
		<testcase name="TIndexTabletTest_Data_Stress.ShouldTruncateAndAllocateFiles" time="103.747149"/>
	</testsuite>
	<testsuite name="cloud/filestore/libs/storage/tablet_proxy/ut" tests="1" time="4.152426" failures="0" skipped="0">
		<testcase name="TIndexTabletProxyTest.ShouldHandleRequests" time="4.152426"/>
	</testsuite>
	<testsuite name="cloud/filestore/libs/vfs/tests" tests="1" time="11.822932" failures="0" skipped="0">
		<testcase name="TFSyncQueueStressTest.Stress" time="11.822932"/>
	</testsuite>
	<testsuite name="cloud/filestore/libs/vfs/ut" tests="7" time="0.02764" failures="0" skipped="0">
		<testcase name="TFSyncQueueTest.ShouldReturnImmediatelyIfThereAreNoRequestsInQueue" time="0.001215"/>
		<testcase name="TFSyncQueueTest.ShouldWorkWithGlobalDataRequests" time="0.002084"/>
		<testcase name="TFSyncQueueTest.ShouldWorkWithGlobalMetaRequests" time="0.001708"/>
		<testcase name="TFSyncQueueTest.ShouldWorkWithLocalDataRequests" time="0.002007"/>
		<testcase name="TFSyncQueueTest.ShouldWorkWithLocalMetaRequests" time="0.001285"/>
		<testcase name="TFSyncQueueTest.ShouldWorkWithSimpleOrder" time="0.018824"/>
		<testcase name="TFSyncQueueTest.Smoke" time="0.000517"/>
	</testsuite>
	<testsuite name="cloud/filestore/libs/vfs_fuse/ut" tests="30" time="8.916227000000001" failures="0" skipped="0">
		<testcase name="TFileSystemTest.SendInterruptRequestBeforeOriginal" time="0.016663"/>
		<testcase name="TFileSystemTest.ShouldCacheXAttrAbsence" time="0.067107"/>
		<testcase name="TFileSystemTest.ShouldCacheXAttrValueOnSet" time="0.016078"/>
		<testcase name="TFileSystemTest.ShouldCacheXAttrValueOnGet" time="0.066183"/>
		<testcase name="TFileSystemTest.ShouldRecoverSession" time="0.19001"/>
		<testcase name="TFileSystemTest.ShouldPingSession" time="0.021093"/>
		<testcase name="TFileSystemTest.ShouldResetSessionStateUponInitAndDestroy" time="0.075739"/>
		<testcase name="TFileSystemTest.ShouldReinitSessionWithoutInitRequest" time="0.028573"/>
		<testcase name="TFileSystemTest.ShouldSkipCacheValueAfterTimeout" time="0.016129"/>
		<testcase name="TFileSystemTest.ShouldTestLock" time="0.062953"/>
		<testcase name="TFileSystemTest.ShouldUpdateFilesystemMetricsWithInFlight" time="0.028498"/>
		<testcase name="TFileSystemTest.ShouldWaitToAcquireLock" time="2.063772"/>
		<testcase name="TFileSystemTest.StopShouldDestroySession" time="0.014325"/>
		<testcase name="TFileSystemTest.SuspendShouldNotDestroySession" time="0.063137"/>
		<testcase name="TFileSystemTest.ShouldHandlReadRequest" time="0.074366"/>
		<testcase name="TFileSystemTest.ShouldFailRequestIfFailedToRecoverSession" time="0.06124"/>
		<testcase name="TFileSystemTest.ShouldHandleForgetRequestsForUnknownNodes" time="0.018567"/>
		<testcase name="TFileSystemTest.ShouldHandleInitRequest" time="0.066541"/>
		<testcase name="TFileSystemTest.ShouldHandleReadDir" time="0.109208"/>
		<testcase name="TFileSystemTest.ShouldHandleReadDirInvalidHandles" time="0.014718"/>
		<testcase name="TFileSystemTest.ShouldHandleReadDirPaging" time="0.01415"/>
		<testcase name="TFileSystemTest.ShouldHandleWriteRequest" time="0.083414"/>
		<testcase name="TFileSystemTest.ShouldNoFailRequestIfSessionIsAbleToRecover" time="0.063795"/>
		<testcase name="TFileSystemTest.ShouldHitErrorMetricOnFailure" time="0.014736"/>
		<testcase name="TFileSystemTest.ShouldNotAbortOnInvalidServerLookup" time="0.062563"/>
		<testcase name="TFileSystemTest.ShouldNotCacheXAttrWhenErrorHappens" time="0.012844"/>
		<testcase name="TFileSystemTest.ShouldNotFailOnStopWithRequestsInFlight" time="5.063865"/>
		<testcase name="TFileSystemTest.ShouldNotCrashWhenStoppedBeforeFileStoreResponse" time="7.6e-05"/>
		<testcase name="TFileSystemTest.ShouldNotWaitToAcquireLock" time="0.039108"/>
		<testcase name="TFileSystemTest.ShouldPassSessionId" time="0.486776"/>
	</testsuite>
	<testsuite name="cloud/filestore/public/sdk/go/client/ut" tests="8" time="0.02" failures="0" skipped="0">
		<testcase name="filestore-public-sdk-go-client.TestListEndpoints" time="0.0"/>
		<testcase name="filestore-public-sdk-go-client.TestLogWithNilLoggerCreation" time="0.0"/>
		<testcase name="filestore-public-sdk-go-client.TestLoggerCreationPerLevel" time="0.0"/>
		<testcase name="filestore-public-sdk-go-client.TestNoRetryUnretriableRequests" time="0.0"/>
		<testcase name="filestore-public-sdk-go-client.TestPing" time="0.01"/>
		<testcase name="filestore-public-sdk-go-client.TestRetryUndeliveredRequests" time="0.0"/>
		<testcase name="filestore-public-sdk-go-client.TestSysLogWithNilWriterCreation" time="0.0"/>
		<testcase name="filestore-public-sdk-go-client.TestSysLoggerCreationPerLevel" time="0.01"/>
	</testsuite>
	<testsuite name="cloud/filestore/public/sdk/go/client" tests="17" time="0.08168625831604004" failures="0" skipped="0">
		<testcase name="client.go.gofmt" time="0.004986763000488281"/>
		<testcase name="credentials.go.gofmt" time="0.004407644271850586"/>
		<testcase name="durable.go.gofmt" time="0.006530284881591797"/>
		<testcase name="durable_test.go.gofmt" time="0.004084587097167969"/>
		<testcase name="error.go.gofmt" time="0.004782199859619141"/>
		<testcase name="error_codes.go.gofmt" time="0.0047724246978759766"/>
		<testcase name="grpc.go.gofmt" time="0.008113622665405273"/>
		<testcase name="grpc_test.go.gofmt" time="0.004068136215209961"/>
		<testcase name="iface.go.gofmt" time="0.004495382308959961"/>
		<testcase name="log.go.gofmt" time="0.004721164703369141"/>
		<testcase name="log_test.go.gofmt" time="0.004245758056640625"/>
		<testcase name="request.go.gofmt" time="0.0047762393951416016"/>
		<testcase name="response.go.gofmt" time="0.0037245750427246094"/>
		<testcase name="test_client.go.gofmt" time="0.005797386169433594"/>
		<testcase name="time.go.gofmt" time="0.00423741340637207"/>
		<testcase name="type.go.gofmt" time="0.003767728805541992"/>
		<testcase name="uuid.go.gofmt" time="0.004174947738647461"/>
	</testsuite>
	<testsuite name="cloud/filestore/public/sdk/python/client/ut" tests="9" time="0.23579022800004168" failures="0" skipped="0">
		<testcase name="client_ut.py.test_every_method_async" time="0.004560154000500916"/>
		<testcase name="client_ut.py.test_every_method_sync" time="0.004865146999236458"/>
		<testcase name="durable_ut.py.test_no_retry_unretriable_requests_async" time="0.008066812999913964"/>
		<testcase name="durable_ut.py.test_no_retry_unretriable_requests_sync" time="0.007594599999265483"/>
		<testcase name="durable_ut.py.test_retry_undelivered_request_async" time="0.03535017100011828"/>
		<testcase name="durable_ut.py.test_retry_undelivered_request_sync" time="0.025436145999719884"/>
		<testcase name="grpc_client_ut.py.test_deadline_exceeded" time="0.04175808399986636"/>
		<testcase name="grpc_client_ut.py.test_every_method_async" time="0.0456532550006159"/>
		<testcase name="grpc_client_ut.py.test_every_method_sync" time="0.06250585800080444"/>
	</testsuite>
	<testsuite name="cloud/filestore/public/sdk/python/client/ut" tests="4" time="0.0" failures="0" skipped="0">
		<testcase name="client_methods.py.flake8" time="0.0"/>
		<testcase name="client_ut.py.flake8" time="0.0"/>
		<testcase name="durable_ut.py.flake8" time="0.0"/>
		<testcase name="grpc_client_ut.py.flake8" time="0.0"/>
	</testsuite>
	<testsuite name="cloud/filestore/public/sdk/python/client" tests="10" time="0.0" failures="0" skipped="0">
		<testcase name="__init__.py.flake8" time="0.0"/>
		<testcase name="base_client.py.flake8" time="0.0"/>
		<testcase name="client.py.flake8" time="0.0"/>
		<testcase name="credentials.py.flake8" time="0.0"/>
		<testcase name="durable.py.flake8" time="0.0"/>
		<testcase name="endpoint.py.flake8" time="0.0"/>
		<testcase name="error.py.flake8" time="0.0"/>
		<testcase name="error_codes.py.flake8" time="0.0"/>
		<testcase name="grpc_client.py.flake8" time="0.0"/>
		<testcase name="request.py.flake8" time="0.0"/>
	</testsuite>
	<testsuite name="cloud/filestore/public/sdk/python/protos" tests="1" time="0.0" failures="0" skipped="0">
		<testcase name="__init__.py.flake8" time="0.0"/>
	</testsuite>
	<testsuite name="cloud/filestore/tools/analytics/libs/event-log/ut" tests="26" time="0.6065490000000001" failures="0" skipped="0">
		<testcase name="TDumpTest.ShouldGetItemOrderByTimestamp" time="0.059554"/>
		<testcase name="TDumpTest.ShouldDumpRequestMainInfo" time="0.300377"/>
		<testcase name="TDumpTest.ShouldGetRequestNameByRequestType" time="0.01295"/>
		<testcase name="TDumpTest.ShouldGetRequestTypes" time="0.015549"/>
		<testcase name="TRequestPrinterTest.ShouldPrintRequestInfoForFsyncRequestType" time="8.6e-05"/>
		<testcase name="TRequestPrinterTest.ShouldPrintRequestInfoForGetNodeXAttrRequestType" time="0.004428"/>
		<testcase name="TRequestPrinterTest.ShouldPrintRequestInfoForReadBlobRequestType" time="0.00037"/>
		<testcase name="TRequestPrinterTest.ShouldPrintRequestInfoForRemoveNodeXAttrRequestType" time="0.000137"/>
		<testcase name="TRequestPrinterTest.ShouldPrintRequestInfoForSetNodeXAttrRequestType" time="0.000467"/>
		<testcase name="TRequestPrinterTest.ShouldPrintRequestInfoForWriteBlobRequestType" time="0.000134"/>
		<testcase name="TRequestFilterTest.ShouldAcceptCompleteRecord" time="0.00045"/>
		<testcase name="TRequestFilterTest.ShouldFilterByFileSystemIdRecord" time="7.5e-05"/>
		<testcase name="TRequestFilterTest.ShouldFilterByNodeIdRecord" time="0.000836"/>
		<testcase name="TRequestFilterTest.ShouldFilterByHandleRecord" time="0.000101"/>
		<testcase name="TRequestFilterTest.ShouldFilterByRangeRecord" time="0.000152"/>
		<testcase name="TRequestFilterTest.ShouldFilterByRequestTypeRecord" time="0.180296"/>
		<testcase name="TRequestFilterTest.ShouldFilterBySinceRecord" time="0.000383"/>
		<testcase name="TRequestFilterTest.ShouldFilterByUntilRecord" time="0.000186"/>
		<testcase name="TRequestPrinterTest.ShouldPrintRequestInfoForAccessNodeRequestType" time="0.000129"/>
		<testcase name="TRequestFilterTest.ShouldFilterRecordWithPipeline" time="0.00085"/>
		<testcase name="TRequestPrinterTest.ShouldPrintRequestInfoForCollectGarbageRequestType" time="6.5e-05"/>
		<testcase name="TRequestPrinterTest.ShouldPrintRequestInfoForCreateCheckpointRequestType" time="0.011561"/>
		<testcase name="TRequestPrinterTest.ShouldPrintRequestInfoForDeleteGarbageRequestType" time="0.000117"/>
		<testcase name="TRequestPrinterTest.ShouldPrintRequestInfoForDefaultRequestType" time="0.001811"/>
		<testcase name="TRequestPrinterTest.ShouldPrintRequestInfoForDestroyCheckpointRequestType" time="0.015312"/>
		<testcase name="TRequestPrinterTest.ShouldPrintRequestInfoForFlushRequestType" time="0.000173"/>
	</testsuite>
	<testsuite name="cloud/filestore/tools/analytics/profile_tool/lib/ut" tests="3" time="0.020519" failures="0" skipped="0">
		<testcase name="TFactory.ShouldGetCommand" time="0.003216"/>
		<testcase name="TFactory.ShouldGetCommandNames" time="0.017202"/>
		<testcase name="TFactory.ShouldNormalizeCommand" time="0.000101"/>
	</testsuite>
	<testsuite name="cloud/filestore/tools/testing/fs_posix_compliance/pylib" tests="1" time="0.0" failures="0" skipped="0">
		<testcase name="test.py.flake8" time="0.0"/>
	</testsuite>
	<testsuite name="cloud/filestore/tools/testing/profile_log" tests="1" time="0.0" failures="0" skipped="0">
		<testcase name="common.py.flake8" time="0.0"/>
	</testsuite>
	<testsuite name="cloud/filestore/tests/fio/mount-kikimr-test" tests="12" time="726.2340095230011" failures="0" skipped="0">
		<testcase name="test.py.test_fio[randread_4K_1]" time="60.83653224699992"/>
		<testcase name="test.py.test_fio[randread_4K_32]" time="60.42922226099972"/>
		<testcase name="test.py.test_fio[randread_4M_1]" time="60.57232685800045"/>
		<testcase name="test.py.test_fio[randread_4M_32]" time="60.45877538500008"/>
		<testcase name="test.py.test_fio[randrw_4K_1]" time="60.444000018000224"/>
		<testcase name="test.py.test_fio[randrw_4K_32]" time="60.396065172000135"/>
		<testcase name="test.py.test_fio[randrw_4M_1]" time="60.43548561900025"/>
		<testcase name="test.py.test_fio[randrw_4M_32]" time="60.6791140119999"/>
		<testcase name="test.py.test_fio[randwrite_4K_1]" time="60.45943003699995"/>
		<testcase name="test.py.test_fio[randwrite_4K_32]" time="60.41762584900016"/>
		<testcase name="test.py.test_fio[randwrite_4M_1]" time="60.45246752600019"/>
		<testcase name="test.py.test_fio[randwrite_4M_32]" time="60.652964539000095"/>
	</testsuite>
	<testsuite name="cloud/filestore/tests/fio/mount-kikimr-test" tests="1" time="0.0" failures="0" skipped="0">
		<testcase name="test.py.flake8" time="0.0"/>
	</testsuite>
	<testsuite name="cloud/filestore/tests/fio/mount-local-test" tests="12" time="725.6552953939984" failures="0" skipped="0">
		<testcase name="test.py.test_fio[randread_4K_1]" time="60.421678468999744"/>
		<testcase name="test.py.test_fio[randread_4K_32]" time="60.41752240599999"/>
		<testcase name="test.py.test_fio[randread_4M_1]" time="60.478995709999936"/>
		<testcase name="test.py.test_fio[randread_4M_32]" time="60.451241684999786"/>
		<testcase name="test.py.test_fio[randrw_4K_1]" time="60.427993045999756"/>
		<testcase name="test.py.test_fio[randrw_4K_32]" time="60.42100431999961"/>
		<testcase name="test.py.test_fio[randrw_4M_1]" time="60.49449209500017"/>
		<testcase name="test.py.test_fio[randrw_4M_32]" time="60.67221857699997"/>
		<testcase name="test.py.test_fio[randwrite_4K_1]" time="60.41591873900006"/>
		<testcase name="test.py.test_fio[randwrite_4K_32]" time="60.43783879400007"/>
		<testcase name="test.py.test_fio[randwrite_4M_1]" time="60.40804795399981"/>
		<testcase name="test.py.test_fio[randwrite_4M_32]" time="60.608343598999454"/>
	</testsuite>
	<testsuite name="cloud/filestore/tests/fio/mount-local-test" tests="1" time="0.0" failures="0" skipped="0">
		<testcase name="test.py.flake8" time="0.0"/>
	</testsuite>
	<testsuite name="cloud/filestore/tests/fio/qemu-kikimr-nemesis-test" tests="0" time="0" failures="7" skipped="0">
		<testcase name="[0/7] chunk chunk" time="0.0">
			<failure>RecipeStartUpError: qemu-recipe-5 failed
Stderr tail:s' is deprecated and slated for removal in Python 3.13
  import pipes
Traceback (most recent call last):
  File &quot;contrib/tools/python3/src/Lib/runpy.py&quot;, line 198, in _run_module_as_main
    return _run_code(code, main_globals, None,
           ^^^^^^^^^^^^^^^^^^^^^^^^^^^^^^^^^^^
  File &quot;contrib/tools/python3/src/Lib/runpy.py&quot;, line 88, in _run_code
    exec(code, run_globals)
  File &quot;cloud/storage/core/tests/recipes/qemu/__main__.py&quot;, line 6, in &amp;lt;module&amp;gt;
    declare_recipe(start, stop)
  File &quot;library/python/testing/recipe/__init__.py&quot;, line 107, in declare_recipe
    start(argv[1:])
  File &quot;cloud/storage/core/tools/testing/qemu/lib/recipe.py&quot;, line 42, in start
    start_instance(args, inst_index)
  File &quot;cloud/storage/core/tools/testing/qemu/lib/recipe.py&quot;, line 74, in start_instance
    qemu.start()
  File &quot;cloud/storage/core/tools/testing/qemu/lib/qemu.py&quot;, line 293, in start
    raise QemuException(msg)
cloud.storage.core.tools.testing.qemu.lib.qemu.QemuException: /dev/kvm is not available

logsdir:
/home/github/tmp/out/cloud/filestore/tests/fio/qemu-kikimr-nemesis-test/test-results/py3test/chunk0/testing_out_stuff
recipe stderr:
/home/github/tmp/out/cloud/filestore/tests/fio/qemu-kikimr-nemesis-test/test-results/py3test/chunk0/testing_out_stuff/recipe_start_qemu-recipe-5.err
recipe stdout:
/home/github/tmp/out/cloud/filestore/tests/fio/qemu-kikimr-nemesis-test/test-results/py3test/chunk0/testing_out_stuff/recipe_start_qemu-recipe-5.out
stderr:
/home/github/tmp/out/cloud/filestore/tests/fio/qemu-kikimr-nemesis-test/test-results/py3test/chunk0/testing_out_stuff/stderr
log:
/home/github/tmp/out/cloud/filestore/tests/fio/qemu-kikimr-nemesis-test/test-results/py3test/run_test.log</failure>
		</testcase>
		<testcase name="[1/7] chunk chunk" time="0.0">
			<failure>RecipeStartUpError: qemu-recipe-5 failed
Stderr tail:s' is deprecated and slated for removal in Python 3.13
  import pipes
Traceback (most recent call last):
  File &quot;contrib/tools/python3/src/Lib/runpy.py&quot;, line 198, in _run_module_as_main
    return _run_code(code, main_globals, None,
           ^^^^^^^^^^^^^^^^^^^^^^^^^^^^^^^^^^^
  File &quot;contrib/tools/python3/src/Lib/runpy.py&quot;, line 88, in _run_code
    exec(code, run_globals)
  File &quot;cloud/storage/core/tests/recipes/qemu/__main__.py&quot;, line 6, in &amp;lt;module&amp;gt;
    declare_recipe(start, stop)
  File &quot;library/python/testing/recipe/__init__.py&quot;, line 107, in declare_recipe
    start(argv[1:])
  File &quot;cloud/storage/core/tools/testing/qemu/lib/recipe.py&quot;, line 42, in start
    start_instance(args, inst_index)
  File &quot;cloud/storage/core/tools/testing/qemu/lib/recipe.py&quot;, line 74, in start_instance
    qemu.start()
  File &quot;cloud/storage/core/tools/testing/qemu/lib/qemu.py&quot;, line 293, in start
    raise QemuException(msg)
cloud.storage.core.tools.testing.qemu.lib.qemu.QemuException: /dev/kvm is not available

logsdir:
/home/github/tmp/out/cloud/filestore/tests/fio/qemu-kikimr-nemesis-test/test-results/py3test/chunk1/testing_out_stuff
recipe stderr:
/home/github/tmp/out/cloud/filestore/tests/fio/qemu-kikimr-nemesis-test/test-results/py3test/chunk1/testing_out_stuff/recipe_start_qemu-recipe-5.err
recipe stdout:
/home/github/tmp/out/cloud/filestore/tests/fio/qemu-kikimr-nemesis-test/test-results/py3test/chunk1/testing_out_stuff/recipe_start_qemu-recipe-5.out
stderr:
/home/github/tmp/out/cloud/filestore/tests/fio/qemu-kikimr-nemesis-test/test-results/py3test/chunk1/testing_out_stuff/stderr
log:
/home/github/tmp/out/cloud/filestore/tests/fio/qemu-kikimr-nemesis-test/test-results/py3test/run_test.log</failure>
		</testcase>
		<testcase name="[2/7] chunk chunk" time="0.0">
			<failure>RecipeStartUpError: qemu-recipe-5 failed
Stderr tail:s' is deprecated and slated for removal in Python 3.13
  import pipes
Traceback (most recent call last):
  File &quot;contrib/tools/python3/src/Lib/runpy.py&quot;, line 198, in _run_module_as_main
    return _run_code(code, main_globals, None,
           ^^^^^^^^^^^^^^^^^^^^^^^^^^^^^^^^^^^
  File &quot;contrib/tools/python3/src/Lib/runpy.py&quot;, line 88, in _run_code
    exec(code, run_globals)
  File &quot;cloud/storage/core/tests/recipes/qemu/__main__.py&quot;, line 6, in &amp;lt;module&amp;gt;
    declare_recipe(start, stop)
  File &quot;library/python/testing/recipe/__init__.py&quot;, line 107, in declare_recipe
    start(argv[1:])
  File &quot;cloud/storage/core/tools/testing/qemu/lib/recipe.py&quot;, line 42, in start
    start_instance(args, inst_index)
  File &quot;cloud/storage/core/tools/testing/qemu/lib/recipe.py&quot;, line 74, in start_instance
    qemu.start()
  File &quot;cloud/storage/core/tools/testing/qemu/lib/qemu.py&quot;, line 293, in start
    raise QemuException(msg)
cloud.storage.core.tools.testing.qemu.lib.qemu.QemuException: /dev/kvm is not available

logsdir:
/home/github/tmp/out/cloud/filestore/tests/fio/qemu-kikimr-nemesis-test/test-results/py3test/chunk2/testing_out_stuff
recipe stderr:
/home/github/tmp/out/cloud/filestore/tests/fio/qemu-kikimr-nemesis-test/test-results/py3test/chunk2/testing_out_stuff/recipe_start_qemu-recipe-5.err
recipe stdout:
/home/github/tmp/out/cloud/filestore/tests/fio/qemu-kikimr-nemesis-test/test-results/py3test/chunk2/testing_out_stuff/recipe_start_qemu-recipe-5.out
stderr:
/home/github/tmp/out/cloud/filestore/tests/fio/qemu-kikimr-nemesis-test/test-results/py3test/chunk2/testing_out_stuff/stderr
log:
/home/github/tmp/out/cloud/filestore/tests/fio/qemu-kikimr-nemesis-test/test-results/py3test/run_test.log</failure>
		</testcase>
		<testcase name="[3/7] chunk chunk" time="0.0">
			<failure>RecipeStartUpError: qemu-recipe-5 failed
Stderr tail:s' is deprecated and slated for removal in Python 3.13
  import pipes
Traceback (most recent call last):
  File &quot;contrib/tools/python3/src/Lib/runpy.py&quot;, line 198, in _run_module_as_main
    return _run_code(code, main_globals, None,
           ^^^^^^^^^^^^^^^^^^^^^^^^^^^^^^^^^^^
  File &quot;contrib/tools/python3/src/Lib/runpy.py&quot;, line 88, in _run_code
    exec(code, run_globals)
  File &quot;cloud/storage/core/tests/recipes/qemu/__main__.py&quot;, line 6, in &amp;lt;module&amp;gt;
    declare_recipe(start, stop)
  File &quot;library/python/testing/recipe/__init__.py&quot;, line 107, in declare_recipe
    start(argv[1:])
  File &quot;cloud/storage/core/tools/testing/qemu/lib/recipe.py&quot;, line 42, in start
    start_instance(args, inst_index)
  File &quot;cloud/storage/core/tools/testing/qemu/lib/recipe.py&quot;, line 74, in start_instance
    qemu.start()
  File &quot;cloud/storage/core/tools/testing/qemu/lib/qemu.py&quot;, line 293, in start
    raise QemuException(msg)
cloud.storage.core.tools.testing.qemu.lib.qemu.QemuException: /dev/kvm is not available

logsdir:
/home/github/tmp/out/cloud/filestore/tests/fio/qemu-kikimr-nemesis-test/test-results/py3test/chunk3/testing_out_stuff
recipe stderr:
/home/github/tmp/out/cloud/filestore/tests/fio/qemu-kikimr-nemesis-test/test-results/py3test/chunk3/testing_out_stuff/recipe_start_qemu-recipe-5.err
recipe stdout:
/home/github/tmp/out/cloud/filestore/tests/fio/qemu-kikimr-nemesis-test/test-results/py3test/chunk3/testing_out_stuff/recipe_start_qemu-recipe-5.out
stderr:
/home/github/tmp/out/cloud/filestore/tests/fio/qemu-kikimr-nemesis-test/test-results/py3test/chunk3/testing_out_stuff/stderr
log:
/home/github/tmp/out/cloud/filestore/tests/fio/qemu-kikimr-nemesis-test/test-results/py3test/run_test.log</failure>
		</testcase>
		<testcase name="[4/7] chunk chunk" time="0.0">
			<failure>RecipeStartUpError: qemu-recipe-5 failed
Stderr tail:s' is deprecated and slated for removal in Python 3.13
  import pipes
Traceback (most recent call last):
  File &quot;contrib/tools/python3/src/Lib/runpy.py&quot;, line 198, in _run_module_as_main
    return _run_code(code, main_globals, None,
           ^^^^^^^^^^^^^^^^^^^^^^^^^^^^^^^^^^^
  File &quot;contrib/tools/python3/src/Lib/runpy.py&quot;, line 88, in _run_code
    exec(code, run_globals)
  File &quot;cloud/storage/core/tests/recipes/qemu/__main__.py&quot;, line 6, in &amp;lt;module&amp;gt;
    declare_recipe(start, stop)
  File &quot;library/python/testing/recipe/__init__.py&quot;, line 107, in declare_recipe
    start(argv[1:])
  File &quot;cloud/storage/core/tools/testing/qemu/lib/recipe.py&quot;, line 42, in start
    start_instance(args, inst_index)
  File &quot;cloud/storage/core/tools/testing/qemu/lib/recipe.py&quot;, line 74, in start_instance
    qemu.start()
  File &quot;cloud/storage/core/tools/testing/qemu/lib/qemu.py&quot;, line 293, in start
    raise QemuException(msg)
cloud.storage.core.tools.testing.qemu.lib.qemu.QemuException: /dev/kvm is not available

logsdir:
/home/github/tmp/out/cloud/filestore/tests/fio/qemu-kikimr-nemesis-test/test-results/py3test/chunk4/testing_out_stuff
recipe stderr:
/home/github/tmp/out/cloud/filestore/tests/fio/qemu-kikimr-nemesis-test/test-results/py3test/chunk4/testing_out_stuff/recipe_start_qemu-recipe-5.err
recipe stdout:
/home/github/tmp/out/cloud/filestore/tests/fio/qemu-kikimr-nemesis-test/test-results/py3test/chunk4/testing_out_stuff/recipe_start_qemu-recipe-5.out
stderr:
/home/github/tmp/out/cloud/filestore/tests/fio/qemu-kikimr-nemesis-test/test-results/py3test/chunk4/testing_out_stuff/stderr
log:
/home/github/tmp/out/cloud/filestore/tests/fio/qemu-kikimr-nemesis-test/test-results/py3test/run_test.log</failure>
		</testcase>
		<testcase name="[5/7] chunk chunk" time="0.0">
			<failure>RecipeStartUpError: qemu-recipe-5 failed
Stderr tail:s' is deprecated and slated for removal in Python 3.13
  import pipes
Traceback (most recent call last):
  File &quot;contrib/tools/python3/src/Lib/runpy.py&quot;, line 198, in _run_module_as_main
    return _run_code(code, main_globals, None,
           ^^^^^^^^^^^^^^^^^^^^^^^^^^^^^^^^^^^
  File &quot;contrib/tools/python3/src/Lib/runpy.py&quot;, line 88, in _run_code
    exec(code, run_globals)
  File &quot;cloud/storage/core/tests/recipes/qemu/__main__.py&quot;, line 6, in &amp;lt;module&amp;gt;
    declare_recipe(start, stop)
  File &quot;library/python/testing/recipe/__init__.py&quot;, line 107, in declare_recipe
    start(argv[1:])
  File &quot;cloud/storage/core/tools/testing/qemu/lib/recipe.py&quot;, line 42, in start
    start_instance(args, inst_index)
  File &quot;cloud/storage/core/tools/testing/qemu/lib/recipe.py&quot;, line 74, in start_instance
    qemu.start()
  File &quot;cloud/storage/core/tools/testing/qemu/lib/qemu.py&quot;, line 293, in start
    raise QemuException(msg)
cloud.storage.core.tools.testing.qemu.lib.qemu.QemuException: /dev/kvm is not available

logsdir:
/home/github/tmp/out/cloud/filestore/tests/fio/qemu-kikimr-nemesis-test/test-results/py3test/chunk5/testing_out_stuff
recipe stderr:
/home/github/tmp/out/cloud/filestore/tests/fio/qemu-kikimr-nemesis-test/test-results/py3test/chunk5/testing_out_stuff/recipe_start_qemu-recipe-5.err
recipe stdout:
/home/github/tmp/out/cloud/filestore/tests/fio/qemu-kikimr-nemesis-test/test-results/py3test/chunk5/testing_out_stuff/recipe_start_qemu-recipe-5.out
stderr:
/home/github/tmp/out/cloud/filestore/tests/fio/qemu-kikimr-nemesis-test/test-results/py3test/chunk5/testing_out_stuff/stderr
log:
/home/github/tmp/out/cloud/filestore/tests/fio/qemu-kikimr-nemesis-test/test-results/py3test/run_test.log</failure>
		</testcase>
		<testcase name="[6/7] chunk chunk" time="0.0">
			<failure>RecipeStartUpError: qemu-recipe-5 failed
Stderr tail:s' is deprecated and slated for removal in Python 3.13
  import pipes
Traceback (most recent call last):
  File &quot;contrib/tools/python3/src/Lib/runpy.py&quot;, line 198, in _run_module_as_main
    return _run_code(code, main_globals, None,
           ^^^^^^^^^^^^^^^^^^^^^^^^^^^^^^^^^^^
  File &quot;contrib/tools/python3/src/Lib/runpy.py&quot;, line 88, in _run_code
    exec(code, run_globals)
  File &quot;cloud/storage/core/tests/recipes/qemu/__main__.py&quot;, line 6, in &amp;lt;module&amp;gt;
    declare_recipe(start, stop)
  File &quot;library/python/testing/recipe/__init__.py&quot;, line 107, in declare_recipe
    start(argv[1:])
  File &quot;cloud/storage/core/tools/testing/qemu/lib/recipe.py&quot;, line 42, in start
    start_instance(args, inst_index)
  File &quot;cloud/storage/core/tools/testing/qemu/lib/recipe.py&quot;, line 74, in start_instance
    qemu.start()
  File &quot;cloud/storage/core/tools/testing/qemu/lib/qemu.py&quot;, line 293, in start
    raise QemuException(msg)
cloud.storage.core.tools.testing.qemu.lib.qemu.QemuException: /dev/kvm is not available

logsdir:
/home/github/tmp/out/cloud/filestore/tests/fio/qemu-kikimr-nemesis-test/test-results/py3test/chunk6/testing_out_stuff
recipe stderr:
/home/github/tmp/out/cloud/filestore/tests/fio/qemu-kikimr-nemesis-test/test-results/py3test/chunk6/testing_out_stuff/recipe_start_qemu-recipe-5.err
recipe stdout:
/home/github/tmp/out/cloud/filestore/tests/fio/qemu-kikimr-nemesis-test/test-results/py3test/chunk6/testing_out_stuff/recipe_start_qemu-recipe-5.out
stderr:
/home/github/tmp/out/cloud/filestore/tests/fio/qemu-kikimr-nemesis-test/test-results/py3test/chunk6/testing_out_stuff/stderr
log:
/home/github/tmp/out/cloud/filestore/tests/fio/qemu-kikimr-nemesis-test/test-results/py3test/run_test.log</failure>
		</testcase>
	</testsuite>
	<testsuite name="cloud/filestore/tests/fio/qemu-kikimr-nemesis-test" tests="1" time="0.0" failures="0" skipped="0">
		<testcase name="test.py.flake8" time="0.0"/>
	</testsuite>
	<testsuite name="cloud/filestore/tests/fio/qemu-kikimr-test" tests="0" time="0" failures="7" skipped="0">
		<testcase name="[0/7] chunk chunk" time="0.0">
			<failure>RecipeStartUpError: qemu-recipe-5 failed
Stderr tail:s' is deprecated and slated for removal in Python 3.13
  import pipes
Traceback (most recent call last):
  File &quot;contrib/tools/python3/src/Lib/runpy.py&quot;, line 198, in _run_module_as_main
    return _run_code(code, main_globals, None,
           ^^^^^^^^^^^^^^^^^^^^^^^^^^^^^^^^^^^
  File &quot;contrib/tools/python3/src/Lib/runpy.py&quot;, line 88, in _run_code
    exec(code, run_globals)
  File &quot;cloud/storage/core/tests/recipes/qemu/__main__.py&quot;, line 6, in &amp;lt;module&amp;gt;
    declare_recipe(start, stop)
  File &quot;library/python/testing/recipe/__init__.py&quot;, line 107, in declare_recipe
    start(argv[1:])
  File &quot;cloud/storage/core/tools/testing/qemu/lib/recipe.py&quot;, line 42, in start
    start_instance(args, inst_index)
  File &quot;cloud/storage/core/tools/testing/qemu/lib/recipe.py&quot;, line 74, in start_instance
    qemu.start()
  File &quot;cloud/storage/core/tools/testing/qemu/lib/qemu.py&quot;, line 293, in start
    raise QemuException(msg)
cloud.storage.core.tools.testing.qemu.lib.qemu.QemuException: /dev/kvm is not available

logsdir:
/home/github/tmp/out/cloud/filestore/tests/fio/qemu-kikimr-test/test-results/py3test/chunk0/testing_out_stuff
recipe stderr:
/home/github/tmp/out/cloud/filestore/tests/fio/qemu-kikimr-test/test-results/py3test/chunk0/testing_out_stuff/recipe_start_qemu-recipe-5.err
recipe stdout:
/home/github/tmp/out/cloud/filestore/tests/fio/qemu-kikimr-test/test-results/py3test/chunk0/testing_out_stuff/recipe_start_qemu-recipe-5.out
stderr:
/home/github/tmp/out/cloud/filestore/tests/fio/qemu-kikimr-test/test-results/py3test/chunk0/testing_out_stuff/stderr
log:
/home/github/tmp/out/cloud/filestore/tests/fio/qemu-kikimr-test/test-results/py3test/run_test.log</failure>
		</testcase>
		<testcase name="[1/7] chunk chunk" time="0.0">
			<failure>RecipeStartUpError: qemu-recipe-5 failed
Stderr tail:s' is deprecated and slated for removal in Python 3.13
  import pipes
Traceback (most recent call last):
  File &quot;contrib/tools/python3/src/Lib/runpy.py&quot;, line 198, in _run_module_as_main
    return _run_code(code, main_globals, None,
           ^^^^^^^^^^^^^^^^^^^^^^^^^^^^^^^^^^^
  File &quot;contrib/tools/python3/src/Lib/runpy.py&quot;, line 88, in _run_code
    exec(code, run_globals)
  File &quot;cloud/storage/core/tests/recipes/qemu/__main__.py&quot;, line 6, in &amp;lt;module&amp;gt;
    declare_recipe(start, stop)
  File &quot;library/python/testing/recipe/__init__.py&quot;, line 107, in declare_recipe
    start(argv[1:])
  File &quot;cloud/storage/core/tools/testing/qemu/lib/recipe.py&quot;, line 42, in start
    start_instance(args, inst_index)
  File &quot;cloud/storage/core/tools/testing/qemu/lib/recipe.py&quot;, line 74, in start_instance
    qemu.start()
  File &quot;cloud/storage/core/tools/testing/qemu/lib/qemu.py&quot;, line 293, in start
    raise QemuException(msg)
cloud.storage.core.tools.testing.qemu.lib.qemu.QemuException: /dev/kvm is not available

logsdir:
/home/github/tmp/out/cloud/filestore/tests/fio/qemu-kikimr-test/test-results/py3test/chunk1/testing_out_stuff
recipe stderr:
/home/github/tmp/out/cloud/filestore/tests/fio/qemu-kikimr-test/test-results/py3test/chunk1/testing_out_stuff/recipe_start_qemu-recipe-5.err
recipe stdout:
/home/github/tmp/out/cloud/filestore/tests/fio/qemu-kikimr-test/test-results/py3test/chunk1/testing_out_stuff/recipe_start_qemu-recipe-5.out
stderr:
/home/github/tmp/out/cloud/filestore/tests/fio/qemu-kikimr-test/test-results/py3test/chunk1/testing_out_stuff/stderr
log:
/home/github/tmp/out/cloud/filestore/tests/fio/qemu-kikimr-test/test-results/py3test/run_test.log</failure>
		</testcase>
		<testcase name="[2/7] chunk chunk" time="0.0">
			<failure>RecipeStartUpError: qemu-recipe-5 failed
Stderr tail:s' is deprecated and slated for removal in Python 3.13
  import pipes
Traceback (most recent call last):
  File &quot;contrib/tools/python3/src/Lib/runpy.py&quot;, line 198, in _run_module_as_main
    return _run_code(code, main_globals, None,
           ^^^^^^^^^^^^^^^^^^^^^^^^^^^^^^^^^^^
  File &quot;contrib/tools/python3/src/Lib/runpy.py&quot;, line 88, in _run_code
    exec(code, run_globals)
  File &quot;cloud/storage/core/tests/recipes/qemu/__main__.py&quot;, line 6, in &amp;lt;module&amp;gt;
    declare_recipe(start, stop)
  File &quot;library/python/testing/recipe/__init__.py&quot;, line 107, in declare_recipe
    start(argv[1:])
  File &quot;cloud/storage/core/tools/testing/qemu/lib/recipe.py&quot;, line 42, in start
    start_instance(args, inst_index)
  File &quot;cloud/storage/core/tools/testing/qemu/lib/recipe.py&quot;, line 74, in start_instance
    qemu.start()
  File &quot;cloud/storage/core/tools/testing/qemu/lib/qemu.py&quot;, line 293, in start
    raise QemuException(msg)
cloud.storage.core.tools.testing.qemu.lib.qemu.QemuException: /dev/kvm is not available

logsdir:
/home/github/tmp/out/cloud/filestore/tests/fio/qemu-kikimr-test/test-results/py3test/chunk2/testing_out_stuff
recipe stderr:
/home/github/tmp/out/cloud/filestore/tests/fio/qemu-kikimr-test/test-results/py3test/chunk2/testing_out_stuff/recipe_start_qemu-recipe-5.err
recipe stdout:
/home/github/tmp/out/cloud/filestore/tests/fio/qemu-kikimr-test/test-results/py3test/chunk2/testing_out_stuff/recipe_start_qemu-recipe-5.out
stderr:
/home/github/tmp/out/cloud/filestore/tests/fio/qemu-kikimr-test/test-results/py3test/chunk2/testing_out_stuff/stderr
log:
/home/github/tmp/out/cloud/filestore/tests/fio/qemu-kikimr-test/test-results/py3test/run_test.log</failure>
		</testcase>
		<testcase name="[3/7] chunk chunk" time="0.0">
			<failure>RecipeStartUpError: qemu-recipe-5 failed
Stderr tail:s' is deprecated and slated for removal in Python 3.13
  import pipes
Traceback (most recent call last):
  File &quot;contrib/tools/python3/src/Lib/runpy.py&quot;, line 198, in _run_module_as_main
    return _run_code(code, main_globals, None,
           ^^^^^^^^^^^^^^^^^^^^^^^^^^^^^^^^^^^
  File &quot;contrib/tools/python3/src/Lib/runpy.py&quot;, line 88, in _run_code
    exec(code, run_globals)
  File &quot;cloud/storage/core/tests/recipes/qemu/__main__.py&quot;, line 6, in &amp;lt;module&amp;gt;
    declare_recipe(start, stop)
  File &quot;library/python/testing/recipe/__init__.py&quot;, line 107, in declare_recipe
    start(argv[1:])
  File &quot;cloud/storage/core/tools/testing/qemu/lib/recipe.py&quot;, line 42, in start
    start_instance(args, inst_index)
  File &quot;cloud/storage/core/tools/testing/qemu/lib/recipe.py&quot;, line 74, in start_instance
    qemu.start()
  File &quot;cloud/storage/core/tools/testing/qemu/lib/qemu.py&quot;, line 293, in start
    raise QemuException(msg)
cloud.storage.core.tools.testing.qemu.lib.qemu.QemuException: /dev/kvm is not available

logsdir:
/home/github/tmp/out/cloud/filestore/tests/fio/qemu-kikimr-test/test-results/py3test/chunk3/testing_out_stuff
recipe stderr:
/home/github/tmp/out/cloud/filestore/tests/fio/qemu-kikimr-test/test-results/py3test/chunk3/testing_out_stuff/recipe_start_qemu-recipe-5.err
recipe stdout:
/home/github/tmp/out/cloud/filestore/tests/fio/qemu-kikimr-test/test-results/py3test/chunk3/testing_out_stuff/recipe_start_qemu-recipe-5.out
stderr:
/home/github/tmp/out/cloud/filestore/tests/fio/qemu-kikimr-test/test-results/py3test/chunk3/testing_out_stuff/stderr
log:
/home/github/tmp/out/cloud/filestore/tests/fio/qemu-kikimr-test/test-results/py3test/run_test.log</failure>
		</testcase>
		<testcase name="[4/7] chunk chunk" time="0.0">
			<failure>RecipeStartUpError: qemu-recipe-5 failed
Stderr tail:s' is deprecated and slated for removal in Python 3.13
  import pipes
Traceback (most recent call last):
  File &quot;contrib/tools/python3/src/Lib/runpy.py&quot;, line 198, in _run_module_as_main
    return _run_code(code, main_globals, None,
           ^^^^^^^^^^^^^^^^^^^^^^^^^^^^^^^^^^^
  File &quot;contrib/tools/python3/src/Lib/runpy.py&quot;, line 88, in _run_code
    exec(code, run_globals)
  File &quot;cloud/storage/core/tests/recipes/qemu/__main__.py&quot;, line 6, in &amp;lt;module&amp;gt;
    declare_recipe(start, stop)
  File &quot;library/python/testing/recipe/__init__.py&quot;, line 107, in declare_recipe
    start(argv[1:])
  File &quot;cloud/storage/core/tools/testing/qemu/lib/recipe.py&quot;, line 42, in start
    start_instance(args, inst_index)
  File &quot;cloud/storage/core/tools/testing/qemu/lib/recipe.py&quot;, line 74, in start_instance
    qemu.start()
  File &quot;cloud/storage/core/tools/testing/qemu/lib/qemu.py&quot;, line 293, in start
    raise QemuException(msg)
cloud.storage.core.tools.testing.qemu.lib.qemu.QemuException: /dev/kvm is not available

logsdir:
/home/github/tmp/out/cloud/filestore/tests/fio/qemu-kikimr-test/test-results/py3test/chunk4/testing_out_stuff
recipe stderr:
/home/github/tmp/out/cloud/filestore/tests/fio/qemu-kikimr-test/test-results/py3test/chunk4/testing_out_stuff/recipe_start_qemu-recipe-5.err
recipe stdout:
/home/github/tmp/out/cloud/filestore/tests/fio/qemu-kikimr-test/test-results/py3test/chunk4/testing_out_stuff/recipe_start_qemu-recipe-5.out
stderr:
/home/github/tmp/out/cloud/filestore/tests/fio/qemu-kikimr-test/test-results/py3test/chunk4/testing_out_stuff/stderr
log:
/home/github/tmp/out/cloud/filestore/tests/fio/qemu-kikimr-test/test-results/py3test/run_test.log</failure>
		</testcase>
		<testcase name="[5/7] chunk chunk" time="0.0">
			<failure>RecipeStartUpError: qemu-recipe-5 failed
Stderr tail:s' is deprecated and slated for removal in Python 3.13
  import pipes
Traceback (most recent call last):
  File &quot;contrib/tools/python3/src/Lib/runpy.py&quot;, line 198, in _run_module_as_main
    return _run_code(code, main_globals, None,
           ^^^^^^^^^^^^^^^^^^^^^^^^^^^^^^^^^^^
  File &quot;contrib/tools/python3/src/Lib/runpy.py&quot;, line 88, in _run_code
    exec(code, run_globals)
  File &quot;cloud/storage/core/tests/recipes/qemu/__main__.py&quot;, line 6, in &amp;lt;module&amp;gt;
    declare_recipe(start, stop)
  File &quot;library/python/testing/recipe/__init__.py&quot;, line 107, in declare_recipe
    start(argv[1:])
  File &quot;cloud/storage/core/tools/testing/qemu/lib/recipe.py&quot;, line 42, in start
    start_instance(args, inst_index)
  File &quot;cloud/storage/core/tools/testing/qemu/lib/recipe.py&quot;, line 74, in start_instance
    qemu.start()
  File &quot;cloud/storage/core/tools/testing/qemu/lib/qemu.py&quot;, line 293, in start
    raise QemuException(msg)
cloud.storage.core.tools.testing.qemu.lib.qemu.QemuException: /dev/kvm is not available

logsdir:
/home/github/tmp/out/cloud/filestore/tests/fio/qemu-kikimr-test/test-results/py3test/chunk5/testing_out_stuff
recipe stderr:
/home/github/tmp/out/cloud/filestore/tests/fio/qemu-kikimr-test/test-results/py3test/chunk5/testing_out_stuff/recipe_start_qemu-recipe-5.err
recipe stdout:
/home/github/tmp/out/cloud/filestore/tests/fio/qemu-kikimr-test/test-results/py3test/chunk5/testing_out_stuff/recipe_start_qemu-recipe-5.out
stderr:
/home/github/tmp/out/cloud/filestore/tests/fio/qemu-kikimr-test/test-results/py3test/chunk5/testing_out_stuff/stderr
log:
/home/github/tmp/out/cloud/filestore/tests/fio/qemu-kikimr-test/test-results/py3test/run_test.log</failure>
		</testcase>
		<testcase name="[6/7] chunk chunk" time="0.0">
			<failure>RecipeStartUpError: qemu-recipe-5 failed
Stderr tail:s' is deprecated and slated for removal in Python 3.13
  import pipes
Traceback (most recent call last):
  File &quot;contrib/tools/python3/src/Lib/runpy.py&quot;, line 198, in _run_module_as_main
    return _run_code(code, main_globals, None,
           ^^^^^^^^^^^^^^^^^^^^^^^^^^^^^^^^^^^
  File &quot;contrib/tools/python3/src/Lib/runpy.py&quot;, line 88, in _run_code
    exec(code, run_globals)
  File &quot;cloud/storage/core/tests/recipes/qemu/__main__.py&quot;, line 6, in &amp;lt;module&amp;gt;
    declare_recipe(start, stop)
  File &quot;library/python/testing/recipe/__init__.py&quot;, line 107, in declare_recipe
    start(argv[1:])
  File &quot;cloud/storage/core/tools/testing/qemu/lib/recipe.py&quot;, line 42, in start
    start_instance(args, inst_index)
  File &quot;cloud/storage/core/tools/testing/qemu/lib/recipe.py&quot;, line 74, in start_instance
    qemu.start()
  File &quot;cloud/storage/core/tools/testing/qemu/lib/qemu.py&quot;, line 293, in start
    raise QemuException(msg)
cloud.storage.core.tools.testing.qemu.lib.qemu.QemuException: /dev/kvm is not available

logsdir:
/home/github/tmp/out/cloud/filestore/tests/fio/qemu-kikimr-test/test-results/py3test/chunk6/testing_out_stuff
recipe stderr:
/home/github/tmp/out/cloud/filestore/tests/fio/qemu-kikimr-test/test-results/py3test/chunk6/testing_out_stuff/recipe_start_qemu-recipe-5.err
recipe stdout:
/home/github/tmp/out/cloud/filestore/tests/fio/qemu-kikimr-test/test-results/py3test/chunk6/testing_out_stuff/recipe_start_qemu-recipe-5.out
stderr:
/home/github/tmp/out/cloud/filestore/tests/fio/qemu-kikimr-test/test-results/py3test/chunk6/testing_out_stuff/stderr
log:
/home/github/tmp/out/cloud/filestore/tests/fio/qemu-kikimr-test/test-results/py3test/run_test.log</failure>
		</testcase>
	</testsuite>
	<testsuite name="cloud/filestore/tests/fio/qemu-kikimr-test" tests="1" time="0.0" failures="0" skipped="0">
		<testcase name="test.py.flake8" time="0.0"/>
	</testsuite>
	<testsuite name="cloud/filestore/tests/fio/qemu-local-test" tests="0" time="0" failures="7" skipped="0">
		<testcase name="[0/7] chunk chunk" time="0.0">
			<failure>RecipeStartUpError: qemu-recipe-5 failed
Stderr tail:s' is deprecated and slated for removal in Python 3.13
  import pipes
Traceback (most recent call last):
  File &quot;contrib/tools/python3/src/Lib/runpy.py&quot;, line 198, in _run_module_as_main
    return _run_code(code, main_globals, None,
           ^^^^^^^^^^^^^^^^^^^^^^^^^^^^^^^^^^^
  File &quot;contrib/tools/python3/src/Lib/runpy.py&quot;, line 88, in _run_code
    exec(code, run_globals)
  File &quot;cloud/storage/core/tests/recipes/qemu/__main__.py&quot;, line 6, in &amp;lt;module&amp;gt;
    declare_recipe(start, stop)
  File &quot;library/python/testing/recipe/__init__.py&quot;, line 107, in declare_recipe
    start(argv[1:])
  File &quot;cloud/storage/core/tools/testing/qemu/lib/recipe.py&quot;, line 42, in start
    start_instance(args, inst_index)
  File &quot;cloud/storage/core/tools/testing/qemu/lib/recipe.py&quot;, line 74, in start_instance
    qemu.start()
  File &quot;cloud/storage/core/tools/testing/qemu/lib/qemu.py&quot;, line 293, in start
    raise QemuException(msg)
cloud.storage.core.tools.testing.qemu.lib.qemu.QemuException: /dev/kvm is not available

logsdir:
/home/github/tmp/out/cloud/filestore/tests/fio/qemu-local-test/test-results/py3test/chunk0/testing_out_stuff
recipe stderr:
/home/github/tmp/out/cloud/filestore/tests/fio/qemu-local-test/test-results/py3test/chunk0/testing_out_stuff/recipe_start_qemu-recipe-5.err
recipe stdout:
/home/github/tmp/out/cloud/filestore/tests/fio/qemu-local-test/test-results/py3test/chunk0/testing_out_stuff/recipe_start_qemu-recipe-5.out
stderr:
/home/github/tmp/out/cloud/filestore/tests/fio/qemu-local-test/test-results/py3test/chunk0/testing_out_stuff/stderr
log:
/home/github/tmp/out/cloud/filestore/tests/fio/qemu-local-test/test-results/py3test/run_test.log</failure>
		</testcase>
		<testcase name="[1/7] chunk chunk" time="0.0">
			<failure>RecipeStartUpError: qemu-recipe-5 failed
Stderr tail:s' is deprecated and slated for removal in Python 3.13
  import pipes
Traceback (most recent call last):
  File &quot;contrib/tools/python3/src/Lib/runpy.py&quot;, line 198, in _run_module_as_main
    return _run_code(code, main_globals, None,
           ^^^^^^^^^^^^^^^^^^^^^^^^^^^^^^^^^^^
  File &quot;contrib/tools/python3/src/Lib/runpy.py&quot;, line 88, in _run_code
    exec(code, run_globals)
  File &quot;cloud/storage/core/tests/recipes/qemu/__main__.py&quot;, line 6, in &amp;lt;module&amp;gt;
    declare_recipe(start, stop)
  File &quot;library/python/testing/recipe/__init__.py&quot;, line 107, in declare_recipe
    start(argv[1:])
  File &quot;cloud/storage/core/tools/testing/qemu/lib/recipe.py&quot;, line 42, in start
    start_instance(args, inst_index)
  File &quot;cloud/storage/core/tools/testing/qemu/lib/recipe.py&quot;, line 74, in start_instance
    qemu.start()
  File &quot;cloud/storage/core/tools/testing/qemu/lib/qemu.py&quot;, line 293, in start
    raise QemuException(msg)
cloud.storage.core.tools.testing.qemu.lib.qemu.QemuException: /dev/kvm is not available

logsdir:
/home/github/tmp/out/cloud/filestore/tests/fio/qemu-local-test/test-results/py3test/chunk1/testing_out_stuff
recipe stderr:
/home/github/tmp/out/cloud/filestore/tests/fio/qemu-local-test/test-results/py3test/chunk1/testing_out_stuff/recipe_start_qemu-recipe-5.err
recipe stdout:
/home/github/tmp/out/cloud/filestore/tests/fio/qemu-local-test/test-results/py3test/chunk1/testing_out_stuff/recipe_start_qemu-recipe-5.out
stderr:
/home/github/tmp/out/cloud/filestore/tests/fio/qemu-local-test/test-results/py3test/chunk1/testing_out_stuff/stderr
log:
/home/github/tmp/out/cloud/filestore/tests/fio/qemu-local-test/test-results/py3test/run_test.log</failure>
		</testcase>
		<testcase name="[2/7] chunk chunk" time="0.0">
			<failure>RecipeStartUpError: qemu-recipe-5 failed
Stderr tail:s' is deprecated and slated for removal in Python 3.13
  import pipes
Traceback (most recent call last):
  File &quot;contrib/tools/python3/src/Lib/runpy.py&quot;, line 198, in _run_module_as_main
    return _run_code(code, main_globals, None,
           ^^^^^^^^^^^^^^^^^^^^^^^^^^^^^^^^^^^
  File &quot;contrib/tools/python3/src/Lib/runpy.py&quot;, line 88, in _run_code
    exec(code, run_globals)
  File &quot;cloud/storage/core/tests/recipes/qemu/__main__.py&quot;, line 6, in &amp;lt;module&amp;gt;
    declare_recipe(start, stop)
  File &quot;library/python/testing/recipe/__init__.py&quot;, line 107, in declare_recipe
    start(argv[1:])
  File &quot;cloud/storage/core/tools/testing/qemu/lib/recipe.py&quot;, line 42, in start
    start_instance(args, inst_index)
  File &quot;cloud/storage/core/tools/testing/qemu/lib/recipe.py&quot;, line 74, in start_instance
    qemu.start()
  File &quot;cloud/storage/core/tools/testing/qemu/lib/qemu.py&quot;, line 293, in start
    raise QemuException(msg)
cloud.storage.core.tools.testing.qemu.lib.qemu.QemuException: /dev/kvm is not available

logsdir:
/home/github/tmp/out/cloud/filestore/tests/fio/qemu-local-test/test-results/py3test/chunk2/testing_out_stuff
recipe stderr:
/home/github/tmp/out/cloud/filestore/tests/fio/qemu-local-test/test-results/py3test/chunk2/testing_out_stuff/recipe_start_qemu-recipe-5.err
recipe stdout:
/home/github/tmp/out/cloud/filestore/tests/fio/qemu-local-test/test-results/py3test/chunk2/testing_out_stuff/recipe_start_qemu-recipe-5.out
stderr:
/home/github/tmp/out/cloud/filestore/tests/fio/qemu-local-test/test-results/py3test/chunk2/testing_out_stuff/stderr
log:
/home/github/tmp/out/cloud/filestore/tests/fio/qemu-local-test/test-results/py3test/run_test.log</failure>
		</testcase>
		<testcase name="[3/7] chunk chunk" time="0.0">
			<failure>RecipeStartUpError: qemu-recipe-5 failed
Stderr tail:s' is deprecated and slated for removal in Python 3.13
  import pipes
Traceback (most recent call last):
  File &quot;contrib/tools/python3/src/Lib/runpy.py&quot;, line 198, in _run_module_as_main
    return _run_code(code, main_globals, None,
           ^^^^^^^^^^^^^^^^^^^^^^^^^^^^^^^^^^^
  File &quot;contrib/tools/python3/src/Lib/runpy.py&quot;, line 88, in _run_code
    exec(code, run_globals)
  File &quot;cloud/storage/core/tests/recipes/qemu/__main__.py&quot;, line 6, in &amp;lt;module&amp;gt;
    declare_recipe(start, stop)
  File &quot;library/python/testing/recipe/__init__.py&quot;, line 107, in declare_recipe
    start(argv[1:])
  File &quot;cloud/storage/core/tools/testing/qemu/lib/recipe.py&quot;, line 42, in start
    start_instance(args, inst_index)
  File &quot;cloud/storage/core/tools/testing/qemu/lib/recipe.py&quot;, line 74, in start_instance
    qemu.start()
  File &quot;cloud/storage/core/tools/testing/qemu/lib/qemu.py&quot;, line 293, in start
    raise QemuException(msg)
cloud.storage.core.tools.testing.qemu.lib.qemu.QemuException: /dev/kvm is not available

logsdir:
/home/github/tmp/out/cloud/filestore/tests/fio/qemu-local-test/test-results/py3test/chunk3/testing_out_stuff
recipe stderr:
/home/github/tmp/out/cloud/filestore/tests/fio/qemu-local-test/test-results/py3test/chunk3/testing_out_stuff/recipe_start_qemu-recipe-5.err
recipe stdout:
/home/github/tmp/out/cloud/filestore/tests/fio/qemu-local-test/test-results/py3test/chunk3/testing_out_stuff/recipe_start_qemu-recipe-5.out
stderr:
/home/github/tmp/out/cloud/filestore/tests/fio/qemu-local-test/test-results/py3test/chunk3/testing_out_stuff/stderr
log:
/home/github/tmp/out/cloud/filestore/tests/fio/qemu-local-test/test-results/py3test/run_test.log</failure>
		</testcase>
		<testcase name="[4/7] chunk chunk" time="0.0">
			<failure>RecipeStartUpError: qemu-recipe-5 failed
Stderr tail:s' is deprecated and slated for removal in Python 3.13
  import pipes
Traceback (most recent call last):
  File &quot;contrib/tools/python3/src/Lib/runpy.py&quot;, line 198, in _run_module_as_main
    return _run_code(code, main_globals, None,
           ^^^^^^^^^^^^^^^^^^^^^^^^^^^^^^^^^^^
  File &quot;contrib/tools/python3/src/Lib/runpy.py&quot;, line 88, in _run_code
    exec(code, run_globals)
  File &quot;cloud/storage/core/tests/recipes/qemu/__main__.py&quot;, line 6, in &amp;lt;module&amp;gt;
    declare_recipe(start, stop)
  File &quot;library/python/testing/recipe/__init__.py&quot;, line 107, in declare_recipe
    start(argv[1:])
  File &quot;cloud/storage/core/tools/testing/qemu/lib/recipe.py&quot;, line 42, in start
    start_instance(args, inst_index)
  File &quot;cloud/storage/core/tools/testing/qemu/lib/recipe.py&quot;, line 74, in start_instance
    qemu.start()
  File &quot;cloud/storage/core/tools/testing/qemu/lib/qemu.py&quot;, line 293, in start
    raise QemuException(msg)
cloud.storage.core.tools.testing.qemu.lib.qemu.QemuException: /dev/kvm is not available

logsdir:
/home/github/tmp/out/cloud/filestore/tests/fio/qemu-local-test/test-results/py3test/chunk4/testing_out_stuff
recipe stderr:
/home/github/tmp/out/cloud/filestore/tests/fio/qemu-local-test/test-results/py3test/chunk4/testing_out_stuff/recipe_start_qemu-recipe-5.err
recipe stdout:
/home/github/tmp/out/cloud/filestore/tests/fio/qemu-local-test/test-results/py3test/chunk4/testing_out_stuff/recipe_start_qemu-recipe-5.out
stderr:
/home/github/tmp/out/cloud/filestore/tests/fio/qemu-local-test/test-results/py3test/chunk4/testing_out_stuff/stderr
log:
/home/github/tmp/out/cloud/filestore/tests/fio/qemu-local-test/test-results/py3test/run_test.log</failure>
		</testcase>
		<testcase name="[5/7] chunk chunk" time="0.0">
			<failure>RecipeStartUpError: qemu-recipe-5 failed
Stderr tail:s' is deprecated and slated for removal in Python 3.13
  import pipes
Traceback (most recent call last):
  File &quot;contrib/tools/python3/src/Lib/runpy.py&quot;, line 198, in _run_module_as_main
    return _run_code(code, main_globals, None,
           ^^^^^^^^^^^^^^^^^^^^^^^^^^^^^^^^^^^
  File &quot;contrib/tools/python3/src/Lib/runpy.py&quot;, line 88, in _run_code
    exec(code, run_globals)
  File &quot;cloud/storage/core/tests/recipes/qemu/__main__.py&quot;, line 6, in &amp;lt;module&amp;gt;
    declare_recipe(start, stop)
  File &quot;library/python/testing/recipe/__init__.py&quot;, line 107, in declare_recipe
    start(argv[1:])
  File &quot;cloud/storage/core/tools/testing/qemu/lib/recipe.py&quot;, line 42, in start
    start_instance(args, inst_index)
  File &quot;cloud/storage/core/tools/testing/qemu/lib/recipe.py&quot;, line 74, in start_instance
    qemu.start()
  File &quot;cloud/storage/core/tools/testing/qemu/lib/qemu.py&quot;, line 293, in start
    raise QemuException(msg)
cloud.storage.core.tools.testing.qemu.lib.qemu.QemuException: /dev/kvm is not available

logsdir:
/home/github/tmp/out/cloud/filestore/tests/fio/qemu-local-test/test-results/py3test/chunk5/testing_out_stuff
recipe stderr:
/home/github/tmp/out/cloud/filestore/tests/fio/qemu-local-test/test-results/py3test/chunk5/testing_out_stuff/recipe_start_qemu-recipe-5.err
recipe stdout:
/home/github/tmp/out/cloud/filestore/tests/fio/qemu-local-test/test-results/py3test/chunk5/testing_out_stuff/recipe_start_qemu-recipe-5.out
stderr:
/home/github/tmp/out/cloud/filestore/tests/fio/qemu-local-test/test-results/py3test/chunk5/testing_out_stuff/stderr
log:
/home/github/tmp/out/cloud/filestore/tests/fio/qemu-local-test/test-results/py3test/run_test.log</failure>
		</testcase>
		<testcase name="[6/7] chunk chunk" time="0.0">
			<failure>RecipeStartUpError: qemu-recipe-5 failed
Stderr tail:s' is deprecated and slated for removal in Python 3.13
  import pipes
Traceback (most recent call last):
  File &quot;contrib/tools/python3/src/Lib/runpy.py&quot;, line 198, in _run_module_as_main
    return _run_code(code, main_globals, None,
           ^^^^^^^^^^^^^^^^^^^^^^^^^^^^^^^^^^^
  File &quot;contrib/tools/python3/src/Lib/runpy.py&quot;, line 88, in _run_code
    exec(code, run_globals)
  File &quot;cloud/storage/core/tests/recipes/qemu/__main__.py&quot;, line 6, in &amp;lt;module&amp;gt;
    declare_recipe(start, stop)
  File &quot;library/python/testing/recipe/__init__.py&quot;, line 107, in declare_recipe
    start(argv[1:])
  File &quot;cloud/storage/core/tools/testing/qemu/lib/recipe.py&quot;, line 42, in start
    start_instance(args, inst_index)
  File &quot;cloud/storage/core/tools/testing/qemu/lib/recipe.py&quot;, line 74, in start_instance
    qemu.start()
  File &quot;cloud/storage/core/tools/testing/qemu/lib/qemu.py&quot;, line 293, in start
    raise QemuException(msg)
cloud.storage.core.tools.testing.qemu.lib.qemu.QemuException: /dev/kvm is not available

logsdir:
/home/github/tmp/out/cloud/filestore/tests/fio/qemu-local-test/test-results/py3test/chunk6/testing_out_stuff
recipe stderr:
/home/github/tmp/out/cloud/filestore/tests/fio/qemu-local-test/test-results/py3test/chunk6/testing_out_stuff/recipe_start_qemu-recipe-5.err
recipe stdout:
/home/github/tmp/out/cloud/filestore/tests/fio/qemu-local-test/test-results/py3test/chunk6/testing_out_stuff/recipe_start_qemu-recipe-5.out
stderr:
/home/github/tmp/out/cloud/filestore/tests/fio/qemu-local-test/test-results/py3test/chunk6/testing_out_stuff/stderr
log:
/home/github/tmp/out/cloud/filestore/tests/fio/qemu-local-test/test-results/py3test/run_test.log</failure>
		</testcase>
	</testsuite>
	<testsuite name="cloud/filestore/tests/fio/qemu-local-test" tests="1" time="0.0" failures="0" skipped="0">
		<testcase name="test.py.flake8" time="0.0"/>
	</testsuite>
	<testsuite name="cloud/filestore/tests/fio_index/mount-kikimr-test" tests="64" time="1952.4927518629997" failures="0" skipped="0">
		<testcase name="test.py.test_fio[randrw_4K_16]" time="30.472167992999857"/>
		<testcase name="test.py.test_fio[randrw_4K_16_end-fsync]" time="30.444943053000316"/>
		<testcase name="test.py.test_fio[randrw_4K_16_fdatasync_8]" time="30.55609686600019"/>
		<testcase name="test.py.test_fio[randrw_4K_16_fdatasync_8_end-fsync]" time="30.435734266000054"/>
		<testcase name="test.py.test_fio[randrw_4K_16_fdatasync_8_unlink]" time="30.62507784000036"/>
		<testcase name="test.py.test_fio[randrw_4K_16_fdatasync_8_unlink_end-fsync]" time="30.931113258000096"/>
		<testcase name="test.py.test_fio[randrw_4K_16_fdatasync_8_write_barrier_4]" time="30.483964203999676"/>
		<testcase name="test.py.test_fio[randrw_4K_16_fdatasync_8_write_barrier_4_end-fsync]" time="30.58040152800004"/>
		<testcase name="test.py.test_fio[randrw_4K_16_fdatasync_8_write_barrier_4_unlink]" time="30.532865986999695"/>
		<testcase name="test.py.test_fio[randrw_4K_16_fdatasync_8_write_barrier_4_unlink_end-fsync]" time="30.684745470999587"/>
		<testcase name="test.py.test_fio[randrw_4K_16_fsync_16]" time="30.437271502999465"/>
		<testcase name="test.py.test_fio[randrw_4K_16_fsync_16_end-fsync]" time="30.43830042899981"/>
		<testcase name="test.py.test_fio[randrw_4K_16_fsync_16_fdatasync_8]" time="30.560530949000167"/>
		<testcase name="test.py.test_fio[randrw_4K_16_fsync_16_fdatasync_8_end-fsync]" time="30.467683770999884"/>
		<testcase name="test.py.test_fio[randrw_4K_16_fsync_16_fdatasync_8_unlink]" time="30.47576293300017"/>
		<testcase name="test.py.test_fio[randrw_4K_16_fsync_16_fdatasync_8_unlink_end-fsync]" time="30.666329698000027"/>
		<testcase name="test.py.test_fio[randrw_4K_16_fsync_16_fdatasync_8_write_barrier_4]" time="30.45100595399981"/>
		<testcase name="test.py.test_fio[randrw_4K_16_fsync_16_fdatasync_8_write_barrier_4_end-fsync]" time="30.45156711699974"/>
		<testcase name="test.py.test_fio[randrw_4K_16_fsync_16_fdatasync_8_write_barrier_4_unlink]" time="30.505950702000064"/>
		<testcase name="test.py.test_fio[randrw_4K_16_fsync_16_fdatasync_8_write_barrier_4_unlink_end-fsync]" time="30.42587622000019"/>
		<testcase name="test.py.test_fio[randrw_4K_16_fsync_16_unlink]" time="30.449717478000366"/>
		<testcase name="test.py.test_fio[randrw_4K_16_fsync_16_unlink_end-fsync]" time="30.450095400000464"/>
		<testcase name="test.py.test_fio[randrw_4K_16_fsync_16_write_barrier_4]" time="30.431287335999514"/>
		<testcase name="test.py.test_fio[randrw_4K_16_fsync_16_write_barrier_4_end-fsync]" time="30.53351067299991"/>
		<testcase name="test.py.test_fio[randrw_4K_16_fsync_16_write_barrier_4_unlink]" time="30.58221538900034"/>
		<testcase name="test.py.test_fio[randrw_4K_16_fsync_16_write_barrier_4_unlink_end-fsync]" time="30.43611704399973"/>
		<testcase name="test.py.test_fio[randrw_4K_16_jobs_4]" time="30.488137787999676"/>
		<testcase name="test.py.test_fio[randrw_4K_16_jobs_4_end-fsync]" time="30.466185933000816"/>
		<testcase name="test.py.test_fio[randrw_4K_16_jobs_4_fdatasync_8]" time="30.45956303899993"/>
		<testcase name="test.py.test_fio[randrw_4K_16_jobs_4_fdatasync_8_end-fsync]" time="30.5665212670001"/>
		<testcase name="test.py.test_fio[randrw_4K_16_jobs_4_fdatasync_8_unlink]" time="30.4791771539999"/>
		<testcase name="test.py.test_fio[randrw_4K_16_jobs_4_fdatasync_8_unlink_end-fsync]" time="30.509773127000244"/>
		<testcase name="test.py.test_fio[randrw_4K_16_jobs_4_fdatasync_8_write_barrier_4]" time="30.461908810999375"/>
		<testcase name="test.py.test_fio[randrw_4K_16_jobs_4_fdatasync_8_write_barrier_4_end-fsync]" time="30.46721819700042"/>
		<testcase name="test.py.test_fio[randrw_4K_16_jobs_4_fdatasync_8_write_barrier_4_unlink]" time="30.538741735000258"/>
		<testcase name="test.py.test_fio[randrw_4K_16_jobs_4_fdatasync_8_write_barrier_4_unlink_end-fsync]" time="30.498927791999904"/>
		<testcase name="test.py.test_fio[randrw_4K_16_jobs_4_fsync_16]" time="30.513769626999874"/>
		<testcase name="test.py.test_fio[randrw_4K_16_jobs_4_fsync_16_end-fsync]" time="30.472405014999822"/>
		<testcase name="test.py.test_fio[randrw_4K_16_jobs_4_fsync_16_fdatasync_8]" time="30.46745441899975"/>
		<testcase name="test.py.test_fio[randrw_4K_16_jobs_4_fsync_16_fdatasync_8_end-fsync]" time="30.46738063000066"/>
		<testcase name="test.py.test_fio[randrw_4K_16_jobs_4_fsync_16_fdatasync_8_unlink]" time="30.50465522999957"/>
		<testcase name="test.py.test_fio[randrw_4K_16_jobs_4_fsync_16_fdatasync_8_unlink_end-fsync]" time="30.477975406000496"/>
		<testcase name="test.py.test_fio[randrw_4K_16_jobs_4_fsync_16_fdatasync_8_write_barrier_4]" time="30.471729217999837"/>
		<testcase name="test.py.test_fio[randrw_4K_16_jobs_4_fsync_16_fdatasync_8_write_barrier_4_end-fsync]" time="30.491912361999766"/>
		<testcase name="test.py.test_fio[randrw_4K_16_jobs_4_fsync_16_fdatasync_8_write_barrier_4_unlink]" time="30.507751775000088"/>
		<testcase name="test.py.test_fio[randrw_4K_16_jobs_4_fsync_16_fdatasync_8_write_barrier_4_unlink_end-fsync]" time="30.488938010999846"/>
		<testcase name="test.py.test_fio[randrw_4K_16_jobs_4_fsync_16_unlink]" time="30.548641253999904"/>
		<testcase name="test.py.test_fio[randrw_4K_16_jobs_4_fsync_16_unlink_end-fsync]" time="31.007876462000013"/>
		<testcase name="test.py.test_fio[randrw_4K_16_jobs_4_fsync_16_write_barrier_4]" time="30.46508138800027"/>
		<testcase name="test.py.test_fio[randrw_4K_16_jobs_4_fsync_16_write_barrier_4_end-fsync]" time="30.451726035999855"/>
		<testcase name="test.py.test_fio[randrw_4K_16_jobs_4_fsync_16_write_barrier_4_unlink]" time="30.469522223999775"/>
		<testcase name="test.py.test_fio[randrw_4K_16_jobs_4_fsync_16_write_barrier_4_unlink_end-fsync]" time="30.641990066999824"/>
		<testcase name="test.py.test_fio[randrw_4K_16_jobs_4_unlink]" time="30.454220516000078"/>
		<testcase name="test.py.test_fio[randrw_4K_16_jobs_4_unlink_end-fsync]" time="30.470634764999886"/>
		<testcase name="test.py.test_fio[randrw_4K_16_jobs_4_write_barrier_4]" time="30.44762430500009"/>
		<testcase name="test.py.test_fio[randrw_4K_16_jobs_4_write_barrier_4_end-fsync]" time="30.590325118000237"/>
		<testcase name="test.py.test_fio[randrw_4K_16_jobs_4_write_barrier_4_unlink]" time="30.47873871899992"/>
		<testcase name="test.py.test_fio[randrw_4K_16_jobs_4_write_barrier_4_unlink_end-fsync]" time="30.464188989999457"/>
		<testcase name="test.py.test_fio[randrw_4K_16_unlink]" time="30.443371043999832"/>
		<testcase name="test.py.test_fio[randrw_4K_16_unlink_end-fsync]" time="30.451964373999544"/>
		<testcase name="test.py.test_fio[randrw_4K_16_write_barrier_4]" time="30.440116824000143"/>
		<testcase name="test.py.test_fio[randrw_4K_16_write_barrier_4_end-fsync]" time="30.450669974000448"/>
		<testcase name="test.py.test_fio[randrw_4K_16_write_barrier_4_unlink]" time="30.440425516000232"/>
		<testcase name="test.py.test_fio[randrw_4K_16_write_barrier_4_unlink_end-fsync]" time="30.465174689000378"/>
	</testsuite>
	<testsuite name="cloud/filestore/tests/fio_index/mount-kikimr-test" tests="1" time="0.0" failures="0" skipped="0">
		<testcase name="test.py.flake8" time="0.0"/>
	</testsuite>
	<testsuite name="cloud/filestore/tests/fio_index/mount-local-test" tests="64" time="1951.3455907149971" failures="0" skipped="0">
		<testcase name="test.py.test_fio[randrw_4K_16]" time="30.481363990999853"/>
		<testcase name="test.py.test_fio[randrw_4K_16_end-fsync]" time="30.429173646000436"/>
		<testcase name="test.py.test_fio[randrw_4K_16_fdatasync_8]" time="30.426382055999966"/>
		<testcase name="test.py.test_fio[randrw_4K_16_fdatasync_8_end-fsync]" time="30.413608079999904"/>
		<testcase name="test.py.test_fio[randrw_4K_16_fdatasync_8_unlink]" time="30.43391508700006"/>
		<testcase name="test.py.test_fio[randrw_4K_16_fdatasync_8_unlink_end-fsync]" time="30.429213467999944"/>
		<testcase name="test.py.test_fio[randrw_4K_16_fdatasync_8_write_barrier_4]" time="30.457088482000472"/>
		<testcase name="test.py.test_fio[randrw_4K_16_fdatasync_8_write_barrier_4_end-fsync]" time="30.439604493999468"/>
		<testcase name="test.py.test_fio[randrw_4K_16_fdatasync_8_write_barrier_4_unlink]" time="30.441769705999832"/>
		<testcase name="test.py.test_fio[randrw_4K_16_fdatasync_8_write_barrier_4_unlink_end-fsync]" time="30.451019180000003"/>
		<testcase name="test.py.test_fio[randrw_4K_16_fsync_16]" time="30.41991604399982"/>
		<testcase name="test.py.test_fio[randrw_4K_16_fsync_16_end-fsync]" time="30.434083383999223"/>
		<testcase name="test.py.test_fio[randrw_4K_16_fsync_16_fdatasync_8]" time="30.61520346799989"/>
		<testcase name="test.py.test_fio[randrw_4K_16_fsync_16_fdatasync_8_end-fsync]" time="30.43789547499955"/>
		<testcase name="test.py.test_fio[randrw_4K_16_fsync_16_fdatasync_8_unlink]" time="30.453661474000455"/>
		<testcase name="test.py.test_fio[randrw_4K_16_fsync_16_fdatasync_8_unlink_end-fsync]" time="30.46483959699981"/>
		<testcase name="test.py.test_fio[randrw_4K_16_fsync_16_fdatasync_8_write_barrier_4]" time="30.47683571100015"/>
		<testcase name="test.py.test_fio[randrw_4K_16_fsync_16_fdatasync_8_write_barrier_4_end-fsync]" time="30.41900200000009"/>
		<testcase name="test.py.test_fio[randrw_4K_16_fsync_16_fdatasync_8_write_barrier_4_unlink]" time="30.52145298999949"/>
		<testcase name="test.py.test_fio[randrw_4K_16_fsync_16_fdatasync_8_write_barrier_4_unlink_end-fsync]" time="30.437665296000432"/>
		<testcase name="test.py.test_fio[randrw_4K_16_fsync_16_unlink]" time="30.481461252999907"/>
		<testcase name="test.py.test_fio[randrw_4K_16_fsync_16_unlink_end-fsync]" time="30.422676482000043"/>
		<testcase name="test.py.test_fio[randrw_4K_16_fsync_16_write_barrier_4]" time="30.420525690999966"/>
		<testcase name="test.py.test_fio[randrw_4K_16_fsync_16_write_barrier_4_end-fsync]" time="30.42033726499949"/>
		<testcase name="test.py.test_fio[randrw_4K_16_fsync_16_write_barrier_4_unlink]" time="30.44903198799966"/>
		<testcase name="test.py.test_fio[randrw_4K_16_fsync_16_write_barrier_4_unlink_end-fsync]" time="30.429598874000476"/>
		<testcase name="test.py.test_fio[randrw_4K_16_jobs_4]" time="30.45708768500026"/>
		<testcase name="test.py.test_fio[randrw_4K_16_jobs_4_end-fsync]" time="30.464680690999558"/>
		<testcase name="test.py.test_fio[randrw_4K_16_jobs_4_fdatasync_8]" time="30.466277759999684"/>
		<testcase name="test.py.test_fio[randrw_4K_16_jobs_4_fdatasync_8_end-fsync]" time="30.455776016000073"/>
		<testcase name="test.py.test_fio[randrw_4K_16_jobs_4_fdatasync_8_unlink]" time="30.487972462000016"/>
		<testcase name="test.py.test_fio[randrw_4K_16_jobs_4_fdatasync_8_unlink_end-fsync]" time="30.527207227999497"/>
		<testcase name="test.py.test_fio[randrw_4K_16_jobs_4_fdatasync_8_write_barrier_4]" time="30.722549136999987"/>
		<testcase name="test.py.test_fio[randrw_4K_16_jobs_4_fdatasync_8_write_barrier_4_end-fsync]" time="30.49961036700006"/>
		<testcase name="test.py.test_fio[randrw_4K_16_jobs_4_fdatasync_8_write_barrier_4_unlink]" time="30.704186370000116"/>
		<testcase name="test.py.test_fio[randrw_4K_16_jobs_4_fdatasync_8_write_barrier_4_unlink_end-fsync]" time="30.594367055000475"/>
		<testcase name="test.py.test_fio[randrw_4K_16_jobs_4_fsync_16]" time="30.469769708000058"/>
		<testcase name="test.py.test_fio[randrw_4K_16_jobs_4_fsync_16_end-fsync]" time="30.507985569999846"/>
		<testcase name="test.py.test_fio[randrw_4K_16_jobs_4_fsync_16_fdatasync_8]" time="30.632082616999924"/>
		<testcase name="test.py.test_fio[randrw_4K_16_jobs_4_fsync_16_fdatasync_8_end-fsync]" time="30.44164042600005"/>
		<testcase name="test.py.test_fio[randrw_4K_16_jobs_4_fsync_16_fdatasync_8_unlink]" time="30.482587685000226"/>
		<testcase name="test.py.test_fio[randrw_4K_16_jobs_4_fsync_16_fdatasync_8_unlink_end-fsync]" time="30.50439026900017"/>
		<testcase name="test.py.test_fio[randrw_4K_16_jobs_4_fsync_16_fdatasync_8_write_barrier_4]" time="30.472441266000033"/>
		<testcase name="test.py.test_fio[randrw_4K_16_jobs_4_fsync_16_fdatasync_8_write_barrier_4_end-fsync]" time="30.428953153000066"/>
		<testcase name="test.py.test_fio[randrw_4K_16_jobs_4_fsync_16_fdatasync_8_write_barrier_4_unlink]" time="30.944926105999684"/>
		<testcase name="test.py.test_fio[randrw_4K_16_jobs_4_fsync_16_fdatasync_8_write_barrier_4_unlink_end-fsync]" time="30.5400456320001"/>
		<testcase name="test.py.test_fio[randrw_4K_16_jobs_4_fsync_16_unlink]" time="30.652318177000325"/>
		<testcase name="test.py.test_fio[randrw_4K_16_jobs_4_fsync_16_unlink_end-fsync]" time="30.490879860999485"/>
		<testcase name="test.py.test_fio[randrw_4K_16_jobs_4_fsync_16_write_barrier_4]" time="30.446520452000186"/>
		<testcase name="test.py.test_fio[randrw_4K_16_jobs_4_fsync_16_write_barrier_4_end-fsync]" time="30.4678626179998"/>
		<testcase name="test.py.test_fio[randrw_4K_16_jobs_4_fsync_16_write_barrier_4_unlink]" time="30.521197169999596"/>
		<testcase name="test.py.test_fio[randrw_4K_16_jobs_4_fsync_16_write_barrier_4_unlink_end-fsync]" time="30.508211831999688"/>
		<testcase name="test.py.test_fio[randrw_4K_16_jobs_4_unlink]" time="30.508861471000273"/>
		<testcase name="test.py.test_fio[randrw_4K_16_jobs_4_unlink_end-fsync]" time="30.518434747000356"/>
		<testcase name="test.py.test_fio[randrw_4K_16_jobs_4_write_barrier_4]" time="30.459235648999766"/>
		<testcase name="test.py.test_fio[randrw_4K_16_jobs_4_write_barrier_4_end-fsync]" time="30.479105049999816"/>
		<testcase name="test.py.test_fio[randrw_4K_16_jobs_4_write_barrier_4_unlink]" time="30.540958026000226"/>
		<testcase name="test.py.test_fio[randrw_4K_16_jobs_4_write_barrier_4_unlink_end-fsync]" time="30.528476714000135"/>
		<testcase name="test.py.test_fio[randrw_4K_16_unlink]" time="30.441275529999984"/>
		<testcase name="test.py.test_fio[randrw_4K_16_unlink_end-fsync]" time="30.484761590999824"/>
		<testcase name="test.py.test_fio[randrw_4K_16_write_barrier_4]" time="30.446763038000427"/>
		<testcase name="test.py.test_fio[randrw_4K_16_write_barrier_4_end-fsync]" time="30.468342644999666"/>
		<testcase name="test.py.test_fio[randrw_4K_16_write_barrier_4_unlink]" time="30.430338057999506"/>
		<testcase name="test.py.test_fio[randrw_4K_16_write_barrier_4_unlink_end-fsync]" time="30.44018570099979"/>
	</testsuite>
	<testsuite name="cloud/filestore/tests/fio_index/mount-local-test" tests="1" time="0.0" failures="0" skipped="0">
		<testcase name="test.py.flake8" time="0.0"/>
	</testsuite>
	<testsuite name="cloud/filestore/tests/fio_index/qemu-kikimr-nemesis-test" tests="0" time="0" failures="7" skipped="0">
		<testcase name="[0/7] chunk chunk" time="0.0">
			<failure>RecipeStartUpError: qemu-recipe-5 failed
Stderr tail:s' is deprecated and slated for removal in Python 3.13
  import pipes
Traceback (most recent call last):
  File &quot;contrib/tools/python3/src/Lib/runpy.py&quot;, line 198, in _run_module_as_main
    return _run_code(code, main_globals, None,
           ^^^^^^^^^^^^^^^^^^^^^^^^^^^^^^^^^^^
  File &quot;contrib/tools/python3/src/Lib/runpy.py&quot;, line 88, in _run_code
    exec(code, run_globals)
  File &quot;cloud/storage/core/tests/recipes/qemu/__main__.py&quot;, line 6, in &amp;lt;module&amp;gt;
    declare_recipe(start, stop)
  File &quot;library/python/testing/recipe/__init__.py&quot;, line 107, in declare_recipe
    start(argv[1:])
  File &quot;cloud/storage/core/tools/testing/qemu/lib/recipe.py&quot;, line 42, in start
    start_instance(args, inst_index)
  File &quot;cloud/storage/core/tools/testing/qemu/lib/recipe.py&quot;, line 74, in start_instance
    qemu.start()
  File &quot;cloud/storage/core/tools/testing/qemu/lib/qemu.py&quot;, line 293, in start
    raise QemuException(msg)
cloud.storage.core.tools.testing.qemu.lib.qemu.QemuException: /dev/kvm is not available

logsdir:
/home/github/tmp/out/cloud/filestore/tests/fio_index/qemu-kikimr-nemesis-test/test-results/py3test/chunk0/testing_out_stuff
recipe stderr:
/home/github/tmp/out/cloud/filestore/tests/fio_index/qemu-kikimr-nemesis-test/test-results/py3test/chunk0/testing_out_stuff/recipe_start_qemu-recipe-5.err
recipe stdout:
/home/github/tmp/out/cloud/filestore/tests/fio_index/qemu-kikimr-nemesis-test/test-results/py3test/chunk0/testing_out_stuff/recipe_start_qemu-recipe-5.out
stderr:
/home/github/tmp/out/cloud/filestore/tests/fio_index/qemu-kikimr-nemesis-test/test-results/py3test/chunk0/testing_out_stuff/stderr
log:
/home/github/tmp/out/cloud/filestore/tests/fio_index/qemu-kikimr-nemesis-test/test-results/py3test/run_test.log</failure>
		</testcase>
		<testcase name="[1/7] chunk chunk" time="0.0">
			<failure>RecipeStartUpError: qemu-recipe-5 failed
Stderr tail:s' is deprecated and slated for removal in Python 3.13
  import pipes
Traceback (most recent call last):
  File &quot;contrib/tools/python3/src/Lib/runpy.py&quot;, line 198, in _run_module_as_main
    return _run_code(code, main_globals, None,
           ^^^^^^^^^^^^^^^^^^^^^^^^^^^^^^^^^^^
  File &quot;contrib/tools/python3/src/Lib/runpy.py&quot;, line 88, in _run_code
    exec(code, run_globals)
  File &quot;cloud/storage/core/tests/recipes/qemu/__main__.py&quot;, line 6, in &amp;lt;module&amp;gt;
    declare_recipe(start, stop)
  File &quot;library/python/testing/recipe/__init__.py&quot;, line 107, in declare_recipe
    start(argv[1:])
  File &quot;cloud/storage/core/tools/testing/qemu/lib/recipe.py&quot;, line 42, in start
    start_instance(args, inst_index)
  File &quot;cloud/storage/core/tools/testing/qemu/lib/recipe.py&quot;, line 74, in start_instance
    qemu.start()
  File &quot;cloud/storage/core/tools/testing/qemu/lib/qemu.py&quot;, line 293, in start
    raise QemuException(msg)
cloud.storage.core.tools.testing.qemu.lib.qemu.QemuException: /dev/kvm is not available

logsdir:
/home/github/tmp/out/cloud/filestore/tests/fio_index/qemu-kikimr-nemesis-test/test-results/py3test/chunk1/testing_out_stuff
recipe stderr:
/home/github/tmp/out/cloud/filestore/tests/fio_index/qemu-kikimr-nemesis-test/test-results/py3test/chunk1/testing_out_stuff/recipe_start_qemu-recipe-5.err
recipe stdout:
/home/github/tmp/out/cloud/filestore/tests/fio_index/qemu-kikimr-nemesis-test/test-results/py3test/chunk1/testing_out_stuff/recipe_start_qemu-recipe-5.out
stderr:
/home/github/tmp/out/cloud/filestore/tests/fio_index/qemu-kikimr-nemesis-test/test-results/py3test/chunk1/testing_out_stuff/stderr
log:
/home/github/tmp/out/cloud/filestore/tests/fio_index/qemu-kikimr-nemesis-test/test-results/py3test/run_test.log</failure>
		</testcase>
		<testcase name="[2/7] chunk chunk" time="0.0">
			<failure>RecipeStartUpError: qemu-recipe-5 failed
Stderr tail:s' is deprecated and slated for removal in Python 3.13
  import pipes
Traceback (most recent call last):
  File &quot;contrib/tools/python3/src/Lib/runpy.py&quot;, line 198, in _run_module_as_main
    return _run_code(code, main_globals, None,
           ^^^^^^^^^^^^^^^^^^^^^^^^^^^^^^^^^^^
  File &quot;contrib/tools/python3/src/Lib/runpy.py&quot;, line 88, in _run_code
    exec(code, run_globals)
  File &quot;cloud/storage/core/tests/recipes/qemu/__main__.py&quot;, line 6, in &amp;lt;module&amp;gt;
    declare_recipe(start, stop)
  File &quot;library/python/testing/recipe/__init__.py&quot;, line 107, in declare_recipe
    start(argv[1:])
  File &quot;cloud/storage/core/tools/testing/qemu/lib/recipe.py&quot;, line 42, in start
    start_instance(args, inst_index)
  File &quot;cloud/storage/core/tools/testing/qemu/lib/recipe.py&quot;, line 74, in start_instance
    qemu.start()
  File &quot;cloud/storage/core/tools/testing/qemu/lib/qemu.py&quot;, line 293, in start
    raise QemuException(msg)
cloud.storage.core.tools.testing.qemu.lib.qemu.QemuException: /dev/kvm is not available

logsdir:
/home/github/tmp/out/cloud/filestore/tests/fio_index/qemu-kikimr-nemesis-test/test-results/py3test/chunk2/testing_out_stuff
recipe stderr:
/home/github/tmp/out/cloud/filestore/tests/fio_index/qemu-kikimr-nemesis-test/test-results/py3test/chunk2/testing_out_stuff/recipe_start_qemu-recipe-5.err
recipe stdout:
/home/github/tmp/out/cloud/filestore/tests/fio_index/qemu-kikimr-nemesis-test/test-results/py3test/chunk2/testing_out_stuff/recipe_start_qemu-recipe-5.out
stderr:
/home/github/tmp/out/cloud/filestore/tests/fio_index/qemu-kikimr-nemesis-test/test-results/py3test/chunk2/testing_out_stuff/stderr
log:
/home/github/tmp/out/cloud/filestore/tests/fio_index/qemu-kikimr-nemesis-test/test-results/py3test/run_test.log</failure>
		</testcase>
		<testcase name="[3/7] chunk chunk" time="0.0">
			<failure>RecipeStartUpError: qemu-recipe-5 failed
Stderr tail:s' is deprecated and slated for removal in Python 3.13
  import pipes
Traceback (most recent call last):
  File &quot;contrib/tools/python3/src/Lib/runpy.py&quot;, line 198, in _run_module_as_main
    return _run_code(code, main_globals, None,
           ^^^^^^^^^^^^^^^^^^^^^^^^^^^^^^^^^^^
  File &quot;contrib/tools/python3/src/Lib/runpy.py&quot;, line 88, in _run_code
    exec(code, run_globals)
  File &quot;cloud/storage/core/tests/recipes/qemu/__main__.py&quot;, line 6, in &amp;lt;module&amp;gt;
    declare_recipe(start, stop)
  File &quot;library/python/testing/recipe/__init__.py&quot;, line 107, in declare_recipe
    start(argv[1:])
  File &quot;cloud/storage/core/tools/testing/qemu/lib/recipe.py&quot;, line 42, in start
    start_instance(args, inst_index)
  File &quot;cloud/storage/core/tools/testing/qemu/lib/recipe.py&quot;, line 74, in start_instance
    qemu.start()
  File &quot;cloud/storage/core/tools/testing/qemu/lib/qemu.py&quot;, line 293, in start
    raise QemuException(msg)
cloud.storage.core.tools.testing.qemu.lib.qemu.QemuException: /dev/kvm is not available

logsdir:
/home/github/tmp/out/cloud/filestore/tests/fio_index/qemu-kikimr-nemesis-test/test-results/py3test/chunk3/testing_out_stuff
recipe stderr:
/home/github/tmp/out/cloud/filestore/tests/fio_index/qemu-kikimr-nemesis-test/test-results/py3test/chunk3/testing_out_stuff/recipe_start_qemu-recipe-5.err
recipe stdout:
/home/github/tmp/out/cloud/filestore/tests/fio_index/qemu-kikimr-nemesis-test/test-results/py3test/chunk3/testing_out_stuff/recipe_start_qemu-recipe-5.out
stderr:
/home/github/tmp/out/cloud/filestore/tests/fio_index/qemu-kikimr-nemesis-test/test-results/py3test/chunk3/testing_out_stuff/stderr
log:
/home/github/tmp/out/cloud/filestore/tests/fio_index/qemu-kikimr-nemesis-test/test-results/py3test/run_test.log</failure>
		</testcase>
		<testcase name="[4/7] chunk chunk" time="0.0">
			<failure>RecipeStartUpError: qemu-recipe-5 failed
Stderr tail:s' is deprecated and slated for removal in Python 3.13
  import pipes
Traceback (most recent call last):
  File &quot;contrib/tools/python3/src/Lib/runpy.py&quot;, line 198, in _run_module_as_main
    return _run_code(code, main_globals, None,
           ^^^^^^^^^^^^^^^^^^^^^^^^^^^^^^^^^^^
  File &quot;contrib/tools/python3/src/Lib/runpy.py&quot;, line 88, in _run_code
    exec(code, run_globals)
  File &quot;cloud/storage/core/tests/recipes/qemu/__main__.py&quot;, line 6, in &amp;lt;module&amp;gt;
    declare_recipe(start, stop)
  File &quot;library/python/testing/recipe/__init__.py&quot;, line 107, in declare_recipe
    start(argv[1:])
  File &quot;cloud/storage/core/tools/testing/qemu/lib/recipe.py&quot;, line 42, in start
    start_instance(args, inst_index)
  File &quot;cloud/storage/core/tools/testing/qemu/lib/recipe.py&quot;, line 74, in start_instance
    qemu.start()
  File &quot;cloud/storage/core/tools/testing/qemu/lib/qemu.py&quot;, line 293, in start
    raise QemuException(msg)
cloud.storage.core.tools.testing.qemu.lib.qemu.QemuException: /dev/kvm is not available

logsdir:
/home/github/tmp/out/cloud/filestore/tests/fio_index/qemu-kikimr-nemesis-test/test-results/py3test/chunk4/testing_out_stuff
recipe stderr:
/home/github/tmp/out/cloud/filestore/tests/fio_index/qemu-kikimr-nemesis-test/test-results/py3test/chunk4/testing_out_stuff/recipe_start_qemu-recipe-5.err
recipe stdout:
/home/github/tmp/out/cloud/filestore/tests/fio_index/qemu-kikimr-nemesis-test/test-results/py3test/chunk4/testing_out_stuff/recipe_start_qemu-recipe-5.out
stderr:
/home/github/tmp/out/cloud/filestore/tests/fio_index/qemu-kikimr-nemesis-test/test-results/py3test/chunk4/testing_out_stuff/stderr
log:
/home/github/tmp/out/cloud/filestore/tests/fio_index/qemu-kikimr-nemesis-test/test-results/py3test/run_test.log</failure>
		</testcase>
		<testcase name="[5/7] chunk chunk" time="0.0">
			<failure>RecipeStartUpError: qemu-recipe-5 failed
Stderr tail:s' is deprecated and slated for removal in Python 3.13
  import pipes
Traceback (most recent call last):
  File &quot;contrib/tools/python3/src/Lib/runpy.py&quot;, line 198, in _run_module_as_main
    return _run_code(code, main_globals, None,
           ^^^^^^^^^^^^^^^^^^^^^^^^^^^^^^^^^^^
  File &quot;contrib/tools/python3/src/Lib/runpy.py&quot;, line 88, in _run_code
    exec(code, run_globals)
  File &quot;cloud/storage/core/tests/recipes/qemu/__main__.py&quot;, line 6, in &amp;lt;module&amp;gt;
    declare_recipe(start, stop)
  File &quot;library/python/testing/recipe/__init__.py&quot;, line 107, in declare_recipe
    start(argv[1:])
  File &quot;cloud/storage/core/tools/testing/qemu/lib/recipe.py&quot;, line 42, in start
    start_instance(args, inst_index)
  File &quot;cloud/storage/core/tools/testing/qemu/lib/recipe.py&quot;, line 74, in start_instance
    qemu.start()
  File &quot;cloud/storage/core/tools/testing/qemu/lib/qemu.py&quot;, line 293, in start
    raise QemuException(msg)
cloud.storage.core.tools.testing.qemu.lib.qemu.QemuException: /dev/kvm is not available

logsdir:
/home/github/tmp/out/cloud/filestore/tests/fio_index/qemu-kikimr-nemesis-test/test-results/py3test/chunk5/testing_out_stuff
recipe stderr:
/home/github/tmp/out/cloud/filestore/tests/fio_index/qemu-kikimr-nemesis-test/test-results/py3test/chunk5/testing_out_stuff/recipe_start_qemu-recipe-5.err
recipe stdout:
/home/github/tmp/out/cloud/filestore/tests/fio_index/qemu-kikimr-nemesis-test/test-results/py3test/chunk5/testing_out_stuff/recipe_start_qemu-recipe-5.out
stderr:
/home/github/tmp/out/cloud/filestore/tests/fio_index/qemu-kikimr-nemesis-test/test-results/py3test/chunk5/testing_out_stuff/stderr
log:
/home/github/tmp/out/cloud/filestore/tests/fio_index/qemu-kikimr-nemesis-test/test-results/py3test/run_test.log</failure>
		</testcase>
		<testcase name="[6/7] chunk chunk" time="0.0">
			<failure>RecipeStartUpError: qemu-recipe-5 failed
Stderr tail:s' is deprecated and slated for removal in Python 3.13
  import pipes
Traceback (most recent call last):
  File &quot;contrib/tools/python3/src/Lib/runpy.py&quot;, line 198, in _run_module_as_main
    return _run_code(code, main_globals, None,
           ^^^^^^^^^^^^^^^^^^^^^^^^^^^^^^^^^^^
  File &quot;contrib/tools/python3/src/Lib/runpy.py&quot;, line 88, in _run_code
    exec(code, run_globals)
  File &quot;cloud/storage/core/tests/recipes/qemu/__main__.py&quot;, line 6, in &amp;lt;module&amp;gt;
    declare_recipe(start, stop)
  File &quot;library/python/testing/recipe/__init__.py&quot;, line 107, in declare_recipe
    start(argv[1:])
  File &quot;cloud/storage/core/tools/testing/qemu/lib/recipe.py&quot;, line 42, in start
    start_instance(args, inst_index)
  File &quot;cloud/storage/core/tools/testing/qemu/lib/recipe.py&quot;, line 74, in start_instance
    qemu.start()
  File &quot;cloud/storage/core/tools/testing/qemu/lib/qemu.py&quot;, line 293, in start
    raise QemuException(msg)
cloud.storage.core.tools.testing.qemu.lib.qemu.QemuException: /dev/kvm is not available

logsdir:
/home/github/tmp/out/cloud/filestore/tests/fio_index/qemu-kikimr-nemesis-test/test-results/py3test/chunk6/testing_out_stuff
recipe stderr:
/home/github/tmp/out/cloud/filestore/tests/fio_index/qemu-kikimr-nemesis-test/test-results/py3test/chunk6/testing_out_stuff/recipe_start_qemu-recipe-5.err
recipe stdout:
/home/github/tmp/out/cloud/filestore/tests/fio_index/qemu-kikimr-nemesis-test/test-results/py3test/chunk6/testing_out_stuff/recipe_start_qemu-recipe-5.out
stderr:
/home/github/tmp/out/cloud/filestore/tests/fio_index/qemu-kikimr-nemesis-test/test-results/py3test/chunk6/testing_out_stuff/stderr
log:
/home/github/tmp/out/cloud/filestore/tests/fio_index/qemu-kikimr-nemesis-test/test-results/py3test/run_test.log</failure>
		</testcase>
	</testsuite>
	<testsuite name="cloud/filestore/tests/fio_index/qemu-kikimr-nemesis-test" tests="1" time="0.0" failures="0" skipped="0">
		<testcase name="test.py.flake8" time="0.0"/>
	</testsuite>
	<testsuite name="cloud/filestore/tests/fio_index/qemu-kikimr-test" tests="0" time="0" failures="7" skipped="0">
		<testcase name="[0/7] chunk chunk" time="0.0">
			<failure>RecipeStartUpError: qemu-recipe-5 failed
Stderr tail:s' is deprecated and slated for removal in Python 3.13
  import pipes
Traceback (most recent call last):
  File &quot;contrib/tools/python3/src/Lib/runpy.py&quot;, line 198, in _run_module_as_main
    return _run_code(code, main_globals, None,
           ^^^^^^^^^^^^^^^^^^^^^^^^^^^^^^^^^^^
  File &quot;contrib/tools/python3/src/Lib/runpy.py&quot;, line 88, in _run_code
    exec(code, run_globals)
  File &quot;cloud/storage/core/tests/recipes/qemu/__main__.py&quot;, line 6, in &amp;lt;module&amp;gt;
    declare_recipe(start, stop)
  File &quot;library/python/testing/recipe/__init__.py&quot;, line 107, in declare_recipe
    start(argv[1:])
  File &quot;cloud/storage/core/tools/testing/qemu/lib/recipe.py&quot;, line 42, in start
    start_instance(args, inst_index)
  File &quot;cloud/storage/core/tools/testing/qemu/lib/recipe.py&quot;, line 74, in start_instance
    qemu.start()
  File &quot;cloud/storage/core/tools/testing/qemu/lib/qemu.py&quot;, line 293, in start
    raise QemuException(msg)
cloud.storage.core.tools.testing.qemu.lib.qemu.QemuException: /dev/kvm is not available

logsdir:
/home/github/tmp/out/cloud/filestore/tests/fio_index/qemu-kikimr-test/test-results/py3test/chunk0/testing_out_stuff
recipe stderr:
/home/github/tmp/out/cloud/filestore/tests/fio_index/qemu-kikimr-test/test-results/py3test/chunk0/testing_out_stuff/recipe_start_qemu-recipe-5.err
recipe stdout:
/home/github/tmp/out/cloud/filestore/tests/fio_index/qemu-kikimr-test/test-results/py3test/chunk0/testing_out_stuff/recipe_start_qemu-recipe-5.out
stderr:
/home/github/tmp/out/cloud/filestore/tests/fio_index/qemu-kikimr-test/test-results/py3test/chunk0/testing_out_stuff/stderr
log:
/home/github/tmp/out/cloud/filestore/tests/fio_index/qemu-kikimr-test/test-results/py3test/run_test.log</failure>
		</testcase>
		<testcase name="[1/7] chunk chunk" time="0.0">
			<failure>RecipeStartUpError: qemu-recipe-5 failed
Stderr tail:s' is deprecated and slated for removal in Python 3.13
  import pipes
Traceback (most recent call last):
  File &quot;contrib/tools/python3/src/Lib/runpy.py&quot;, line 198, in _run_module_as_main
    return _run_code(code, main_globals, None,
           ^^^^^^^^^^^^^^^^^^^^^^^^^^^^^^^^^^^
  File &quot;contrib/tools/python3/src/Lib/runpy.py&quot;, line 88, in _run_code
    exec(code, run_globals)
  File &quot;cloud/storage/core/tests/recipes/qemu/__main__.py&quot;, line 6, in &amp;lt;module&amp;gt;
    declare_recipe(start, stop)
  File &quot;library/python/testing/recipe/__init__.py&quot;, line 107, in declare_recipe
    start(argv[1:])
  File &quot;cloud/storage/core/tools/testing/qemu/lib/recipe.py&quot;, line 42, in start
    start_instance(args, inst_index)
  File &quot;cloud/storage/core/tools/testing/qemu/lib/recipe.py&quot;, line 74, in start_instance
    qemu.start()
  File &quot;cloud/storage/core/tools/testing/qemu/lib/qemu.py&quot;, line 293, in start
    raise QemuException(msg)
cloud.storage.core.tools.testing.qemu.lib.qemu.QemuException: /dev/kvm is not available

logsdir:
/home/github/tmp/out/cloud/filestore/tests/fio_index/qemu-kikimr-test/test-results/py3test/chunk1/testing_out_stuff
recipe stderr:
/home/github/tmp/out/cloud/filestore/tests/fio_index/qemu-kikimr-test/test-results/py3test/chunk1/testing_out_stuff/recipe_start_qemu-recipe-5.err
recipe stdout:
/home/github/tmp/out/cloud/filestore/tests/fio_index/qemu-kikimr-test/test-results/py3test/chunk1/testing_out_stuff/recipe_start_qemu-recipe-5.out
stderr:
/home/github/tmp/out/cloud/filestore/tests/fio_index/qemu-kikimr-test/test-results/py3test/chunk1/testing_out_stuff/stderr
log:
/home/github/tmp/out/cloud/filestore/tests/fio_index/qemu-kikimr-test/test-results/py3test/run_test.log</failure>
		</testcase>
		<testcase name="[2/7] chunk chunk" time="0.0">
			<failure>RecipeStartUpError: qemu-recipe-5 failed
Stderr tail:s' is deprecated and slated for removal in Python 3.13
  import pipes
Traceback (most recent call last):
  File &quot;contrib/tools/python3/src/Lib/runpy.py&quot;, line 198, in _run_module_as_main
    return _run_code(code, main_globals, None,
           ^^^^^^^^^^^^^^^^^^^^^^^^^^^^^^^^^^^
  File &quot;contrib/tools/python3/src/Lib/runpy.py&quot;, line 88, in _run_code
    exec(code, run_globals)
  File &quot;cloud/storage/core/tests/recipes/qemu/__main__.py&quot;, line 6, in &amp;lt;module&amp;gt;
    declare_recipe(start, stop)
  File &quot;library/python/testing/recipe/__init__.py&quot;, line 107, in declare_recipe
    start(argv[1:])
  File &quot;cloud/storage/core/tools/testing/qemu/lib/recipe.py&quot;, line 42, in start
    start_instance(args, inst_index)
  File &quot;cloud/storage/core/tools/testing/qemu/lib/recipe.py&quot;, line 74, in start_instance
    qemu.start()
  File &quot;cloud/storage/core/tools/testing/qemu/lib/qemu.py&quot;, line 293, in start
    raise QemuException(msg)
cloud.storage.core.tools.testing.qemu.lib.qemu.QemuException: /dev/kvm is not available

logsdir:
/home/github/tmp/out/cloud/filestore/tests/fio_index/qemu-kikimr-test/test-results/py3test/chunk2/testing_out_stuff
recipe stderr:
/home/github/tmp/out/cloud/filestore/tests/fio_index/qemu-kikimr-test/test-results/py3test/chunk2/testing_out_stuff/recipe_start_qemu-recipe-5.err
recipe stdout:
/home/github/tmp/out/cloud/filestore/tests/fio_index/qemu-kikimr-test/test-results/py3test/chunk2/testing_out_stuff/recipe_start_qemu-recipe-5.out
stderr:
/home/github/tmp/out/cloud/filestore/tests/fio_index/qemu-kikimr-test/test-results/py3test/chunk2/testing_out_stuff/stderr
log:
/home/github/tmp/out/cloud/filestore/tests/fio_index/qemu-kikimr-test/test-results/py3test/run_test.log</failure>
		</testcase>
		<testcase name="[3/7] chunk chunk" time="0.0">
			<failure>RecipeStartUpError: qemu-recipe-5 failed
Stderr tail:s' is deprecated and slated for removal in Python 3.13
  import pipes
Traceback (most recent call last):
  File &quot;contrib/tools/python3/src/Lib/runpy.py&quot;, line 198, in _run_module_as_main
    return _run_code(code, main_globals, None,
           ^^^^^^^^^^^^^^^^^^^^^^^^^^^^^^^^^^^
  File &quot;contrib/tools/python3/src/Lib/runpy.py&quot;, line 88, in _run_code
    exec(code, run_globals)
  File &quot;cloud/storage/core/tests/recipes/qemu/__main__.py&quot;, line 6, in &amp;lt;module&amp;gt;
    declare_recipe(start, stop)
  File &quot;library/python/testing/recipe/__init__.py&quot;, line 107, in declare_recipe
    start(argv[1:])
  File &quot;cloud/storage/core/tools/testing/qemu/lib/recipe.py&quot;, line 42, in start
    start_instance(args, inst_index)
  File &quot;cloud/storage/core/tools/testing/qemu/lib/recipe.py&quot;, line 74, in start_instance
    qemu.start()
  File &quot;cloud/storage/core/tools/testing/qemu/lib/qemu.py&quot;, line 293, in start
    raise QemuException(msg)
cloud.storage.core.tools.testing.qemu.lib.qemu.QemuException: /dev/kvm is not available

logsdir:
/home/github/tmp/out/cloud/filestore/tests/fio_index/qemu-kikimr-test/test-results/py3test/chunk3/testing_out_stuff
recipe stderr:
/home/github/tmp/out/cloud/filestore/tests/fio_index/qemu-kikimr-test/test-results/py3test/chunk3/testing_out_stuff/recipe_start_qemu-recipe-5.err
recipe stdout:
/home/github/tmp/out/cloud/filestore/tests/fio_index/qemu-kikimr-test/test-results/py3test/chunk3/testing_out_stuff/recipe_start_qemu-recipe-5.out
stderr:
/home/github/tmp/out/cloud/filestore/tests/fio_index/qemu-kikimr-test/test-results/py3test/chunk3/testing_out_stuff/stderr
log:
/home/github/tmp/out/cloud/filestore/tests/fio_index/qemu-kikimr-test/test-results/py3test/run_test.log</failure>
		</testcase>
		<testcase name="[4/7] chunk chunk" time="0.0">
			<failure>RecipeStartUpError: qemu-recipe-5 failed
Stderr tail:s' is deprecated and slated for removal in Python 3.13
  import pipes
Traceback (most recent call last):
  File &quot;contrib/tools/python3/src/Lib/runpy.py&quot;, line 198, in _run_module_as_main
    return _run_code(code, main_globals, None,
           ^^^^^^^^^^^^^^^^^^^^^^^^^^^^^^^^^^^
  File &quot;contrib/tools/python3/src/Lib/runpy.py&quot;, line 88, in _run_code
    exec(code, run_globals)
  File &quot;cloud/storage/core/tests/recipes/qemu/__main__.py&quot;, line 6, in &amp;lt;module&amp;gt;
    declare_recipe(start, stop)
  File &quot;library/python/testing/recipe/__init__.py&quot;, line 107, in declare_recipe
    start(argv[1:])
  File &quot;cloud/storage/core/tools/testing/qemu/lib/recipe.py&quot;, line 42, in start
    start_instance(args, inst_index)
  File &quot;cloud/storage/core/tools/testing/qemu/lib/recipe.py&quot;, line 74, in start_instance
    qemu.start()
  File &quot;cloud/storage/core/tools/testing/qemu/lib/qemu.py&quot;, line 293, in start
    raise QemuException(msg)
cloud.storage.core.tools.testing.qemu.lib.qemu.QemuException: /dev/kvm is not available

logsdir:
/home/github/tmp/out/cloud/filestore/tests/fio_index/qemu-kikimr-test/test-results/py3test/chunk4/testing_out_stuff
recipe stderr:
/home/github/tmp/out/cloud/filestore/tests/fio_index/qemu-kikimr-test/test-results/py3test/chunk4/testing_out_stuff/recipe_start_qemu-recipe-5.err
recipe stdout:
/home/github/tmp/out/cloud/filestore/tests/fio_index/qemu-kikimr-test/test-results/py3test/chunk4/testing_out_stuff/recipe_start_qemu-recipe-5.out
stderr:
/home/github/tmp/out/cloud/filestore/tests/fio_index/qemu-kikimr-test/test-results/py3test/chunk4/testing_out_stuff/stderr
log:
/home/github/tmp/out/cloud/filestore/tests/fio_index/qemu-kikimr-test/test-results/py3test/run_test.log</failure>
		</testcase>
		<testcase name="[5/7] chunk chunk" time="0.0">
			<failure>RecipeStartUpError: qemu-recipe-5 failed
Stderr tail:s' is deprecated and slated for removal in Python 3.13
  import pipes
Traceback (most recent call last):
  File &quot;contrib/tools/python3/src/Lib/runpy.py&quot;, line 198, in _run_module_as_main
    return _run_code(code, main_globals, None,
           ^^^^^^^^^^^^^^^^^^^^^^^^^^^^^^^^^^^
  File &quot;contrib/tools/python3/src/Lib/runpy.py&quot;, line 88, in _run_code
    exec(code, run_globals)
  File &quot;cloud/storage/core/tests/recipes/qemu/__main__.py&quot;, line 6, in &amp;lt;module&amp;gt;
    declare_recipe(start, stop)
  File &quot;library/python/testing/recipe/__init__.py&quot;, line 107, in declare_recipe
    start(argv[1:])
  File &quot;cloud/storage/core/tools/testing/qemu/lib/recipe.py&quot;, line 42, in start
    start_instance(args, inst_index)
  File &quot;cloud/storage/core/tools/testing/qemu/lib/recipe.py&quot;, line 74, in start_instance
    qemu.start()
  File &quot;cloud/storage/core/tools/testing/qemu/lib/qemu.py&quot;, line 293, in start
    raise QemuException(msg)
cloud.storage.core.tools.testing.qemu.lib.qemu.QemuException: /dev/kvm is not available

logsdir:
/home/github/tmp/out/cloud/filestore/tests/fio_index/qemu-kikimr-test/test-results/py3test/chunk5/testing_out_stuff
recipe stderr:
/home/github/tmp/out/cloud/filestore/tests/fio_index/qemu-kikimr-test/test-results/py3test/chunk5/testing_out_stuff/recipe_start_qemu-recipe-5.err
recipe stdout:
/home/github/tmp/out/cloud/filestore/tests/fio_index/qemu-kikimr-test/test-results/py3test/chunk5/testing_out_stuff/recipe_start_qemu-recipe-5.out
stderr:
/home/github/tmp/out/cloud/filestore/tests/fio_index/qemu-kikimr-test/test-results/py3test/chunk5/testing_out_stuff/stderr
log:
/home/github/tmp/out/cloud/filestore/tests/fio_index/qemu-kikimr-test/test-results/py3test/run_test.log</failure>
		</testcase>
		<testcase name="[6/7] chunk chunk" time="0.0">
			<failure>RecipeStartUpError: qemu-recipe-5 failed
Stderr tail:s' is deprecated and slated for removal in Python 3.13
  import pipes
Traceback (most recent call last):
  File &quot;contrib/tools/python3/src/Lib/runpy.py&quot;, line 198, in _run_module_as_main
    return _run_code(code, main_globals, None,
           ^^^^^^^^^^^^^^^^^^^^^^^^^^^^^^^^^^^
  File &quot;contrib/tools/python3/src/Lib/runpy.py&quot;, line 88, in _run_code
    exec(code, run_globals)
  File &quot;cloud/storage/core/tests/recipes/qemu/__main__.py&quot;, line 6, in &amp;lt;module&amp;gt;
    declare_recipe(start, stop)
  File &quot;library/python/testing/recipe/__init__.py&quot;, line 107, in declare_recipe
    start(argv[1:])
  File &quot;cloud/storage/core/tools/testing/qemu/lib/recipe.py&quot;, line 42, in start
    start_instance(args, inst_index)
  File &quot;cloud/storage/core/tools/testing/qemu/lib/recipe.py&quot;, line 74, in start_instance
    qemu.start()
  File &quot;cloud/storage/core/tools/testing/qemu/lib/qemu.py&quot;, line 293, in start
    raise QemuException(msg)
cloud.storage.core.tools.testing.qemu.lib.qemu.QemuException: /dev/kvm is not available

logsdir:
/home/github/tmp/out/cloud/filestore/tests/fio_index/qemu-kikimr-test/test-results/py3test/chunk6/testing_out_stuff
recipe stderr:
/home/github/tmp/out/cloud/filestore/tests/fio_index/qemu-kikimr-test/test-results/py3test/chunk6/testing_out_stuff/recipe_start_qemu-recipe-5.err
recipe stdout:
/home/github/tmp/out/cloud/filestore/tests/fio_index/qemu-kikimr-test/test-results/py3test/chunk6/testing_out_stuff/recipe_start_qemu-recipe-5.out
stderr:
/home/github/tmp/out/cloud/filestore/tests/fio_index/qemu-kikimr-test/test-results/py3test/chunk6/testing_out_stuff/stderr
log:
/home/github/tmp/out/cloud/filestore/tests/fio_index/qemu-kikimr-test/test-results/py3test/run_test.log</failure>
		</testcase>
	</testsuite>
	<testsuite name="cloud/filestore/tests/fio_index/qemu-kikimr-test" tests="1" time="0.0" failures="0" skipped="0">
		<testcase name="test.py.flake8" time="0.0"/>
	</testsuite>
	<testsuite name="cloud/filestore/tests/fio_index/qemu-local-test" tests="0" time="0" failures="7" skipped="0">
		<testcase name="[0/7] chunk chunk" time="0.0">
			<failure>RecipeStartUpError: qemu-recipe-5 failed
Stderr tail:s' is deprecated and slated for removal in Python 3.13
  import pipes
Traceback (most recent call last):
  File &quot;contrib/tools/python3/src/Lib/runpy.py&quot;, line 198, in _run_module_as_main
    return _run_code(code, main_globals, None,
           ^^^^^^^^^^^^^^^^^^^^^^^^^^^^^^^^^^^
  File &quot;contrib/tools/python3/src/Lib/runpy.py&quot;, line 88, in _run_code
    exec(code, run_globals)
  File &quot;cloud/storage/core/tests/recipes/qemu/__main__.py&quot;, line 6, in &amp;lt;module&amp;gt;
    declare_recipe(start, stop)
  File &quot;library/python/testing/recipe/__init__.py&quot;, line 107, in declare_recipe
    start(argv[1:])
  File &quot;cloud/storage/core/tools/testing/qemu/lib/recipe.py&quot;, line 42, in start
    start_instance(args, inst_index)
  File &quot;cloud/storage/core/tools/testing/qemu/lib/recipe.py&quot;, line 74, in start_instance
    qemu.start()
  File &quot;cloud/storage/core/tools/testing/qemu/lib/qemu.py&quot;, line 293, in start
    raise QemuException(msg)
cloud.storage.core.tools.testing.qemu.lib.qemu.QemuException: /dev/kvm is not available

logsdir:
/home/github/tmp/out/cloud/filestore/tests/fio_index/qemu-local-test/test-results/py3test/chunk0/testing_out_stuff
recipe stderr:
/home/github/tmp/out/cloud/filestore/tests/fio_index/qemu-local-test/test-results/py3test/chunk0/testing_out_stuff/recipe_start_qemu-recipe-5.err
recipe stdout:
/home/github/tmp/out/cloud/filestore/tests/fio_index/qemu-local-test/test-results/py3test/chunk0/testing_out_stuff/recipe_start_qemu-recipe-5.out
stderr:
/home/github/tmp/out/cloud/filestore/tests/fio_index/qemu-local-test/test-results/py3test/chunk0/testing_out_stuff/stderr
log:
/home/github/tmp/out/cloud/filestore/tests/fio_index/qemu-local-test/test-results/py3test/run_test.log</failure>
		</testcase>
		<testcase name="[1/7] chunk chunk" time="0.0">
			<failure>RecipeStartUpError: qemu-recipe-5 failed
Stderr tail:s' is deprecated and slated for removal in Python 3.13
  import pipes
Traceback (most recent call last):
  File &quot;contrib/tools/python3/src/Lib/runpy.py&quot;, line 198, in _run_module_as_main
    return _run_code(code, main_globals, None,
           ^^^^^^^^^^^^^^^^^^^^^^^^^^^^^^^^^^^
  File &quot;contrib/tools/python3/src/Lib/runpy.py&quot;, line 88, in _run_code
    exec(code, run_globals)
  File &quot;cloud/storage/core/tests/recipes/qemu/__main__.py&quot;, line 6, in &amp;lt;module&amp;gt;
    declare_recipe(start, stop)
  File &quot;library/python/testing/recipe/__init__.py&quot;, line 107, in declare_recipe
    start(argv[1:])
  File &quot;cloud/storage/core/tools/testing/qemu/lib/recipe.py&quot;, line 42, in start
    start_instance(args, inst_index)
  File &quot;cloud/storage/core/tools/testing/qemu/lib/recipe.py&quot;, line 74, in start_instance
    qemu.start()
  File &quot;cloud/storage/core/tools/testing/qemu/lib/qemu.py&quot;, line 293, in start
    raise QemuException(msg)
cloud.storage.core.tools.testing.qemu.lib.qemu.QemuException: /dev/kvm is not available

logsdir:
/home/github/tmp/out/cloud/filestore/tests/fio_index/qemu-local-test/test-results/py3test/chunk1/testing_out_stuff
recipe stderr:
/home/github/tmp/out/cloud/filestore/tests/fio_index/qemu-local-test/test-results/py3test/chunk1/testing_out_stuff/recipe_start_qemu-recipe-5.err
recipe stdout:
/home/github/tmp/out/cloud/filestore/tests/fio_index/qemu-local-test/test-results/py3test/chunk1/testing_out_stuff/recipe_start_qemu-recipe-5.out
stderr:
/home/github/tmp/out/cloud/filestore/tests/fio_index/qemu-local-test/test-results/py3test/chunk1/testing_out_stuff/stderr
log:
/home/github/tmp/out/cloud/filestore/tests/fio_index/qemu-local-test/test-results/py3test/run_test.log</failure>
		</testcase>
		<testcase name="[2/7] chunk chunk" time="0.0">
			<failure>RecipeStartUpError: qemu-recipe-5 failed
Stderr tail:s' is deprecated and slated for removal in Python 3.13
  import pipes
Traceback (most recent call last):
  File &quot;contrib/tools/python3/src/Lib/runpy.py&quot;, line 198, in _run_module_as_main
    return _run_code(code, main_globals, None,
           ^^^^^^^^^^^^^^^^^^^^^^^^^^^^^^^^^^^
  File &quot;contrib/tools/python3/src/Lib/runpy.py&quot;, line 88, in _run_code
    exec(code, run_globals)
  File &quot;cloud/storage/core/tests/recipes/qemu/__main__.py&quot;, line 6, in &amp;lt;module&amp;gt;
    declare_recipe(start, stop)
  File &quot;library/python/testing/recipe/__init__.py&quot;, line 107, in declare_recipe
    start(argv[1:])
  File &quot;cloud/storage/core/tools/testing/qemu/lib/recipe.py&quot;, line 42, in start
    start_instance(args, inst_index)
  File &quot;cloud/storage/core/tools/testing/qemu/lib/recipe.py&quot;, line 74, in start_instance
    qemu.start()
  File &quot;cloud/storage/core/tools/testing/qemu/lib/qemu.py&quot;, line 293, in start
    raise QemuException(msg)
cloud.storage.core.tools.testing.qemu.lib.qemu.QemuException: /dev/kvm is not available

logsdir:
/home/github/tmp/out/cloud/filestore/tests/fio_index/qemu-local-test/test-results/py3test/chunk2/testing_out_stuff
recipe stderr:
/home/github/tmp/out/cloud/filestore/tests/fio_index/qemu-local-test/test-results/py3test/chunk2/testing_out_stuff/recipe_start_qemu-recipe-5.err
recipe stdout:
/home/github/tmp/out/cloud/filestore/tests/fio_index/qemu-local-test/test-results/py3test/chunk2/testing_out_stuff/recipe_start_qemu-recipe-5.out
stderr:
/home/github/tmp/out/cloud/filestore/tests/fio_index/qemu-local-test/test-results/py3test/chunk2/testing_out_stuff/stderr
log:
/home/github/tmp/out/cloud/filestore/tests/fio_index/qemu-local-test/test-results/py3test/run_test.log</failure>
		</testcase>
		<testcase name="[3/7] chunk chunk" time="0.0">
			<failure>RecipeStartUpError: qemu-recipe-5 failed
Stderr tail:s' is deprecated and slated for removal in Python 3.13
  import pipes
Traceback (most recent call last):
  File &quot;contrib/tools/python3/src/Lib/runpy.py&quot;, line 198, in _run_module_as_main
    return _run_code(code, main_globals, None,
           ^^^^^^^^^^^^^^^^^^^^^^^^^^^^^^^^^^^
  File &quot;contrib/tools/python3/src/Lib/runpy.py&quot;, line 88, in _run_code
    exec(code, run_globals)
  File &quot;cloud/storage/core/tests/recipes/qemu/__main__.py&quot;, line 6, in &amp;lt;module&amp;gt;
    declare_recipe(start, stop)
  File &quot;library/python/testing/recipe/__init__.py&quot;, line 107, in declare_recipe
    start(argv[1:])
  File &quot;cloud/storage/core/tools/testing/qemu/lib/recipe.py&quot;, line 42, in start
    start_instance(args, inst_index)
  File &quot;cloud/storage/core/tools/testing/qemu/lib/recipe.py&quot;, line 74, in start_instance
    qemu.start()
  File &quot;cloud/storage/core/tools/testing/qemu/lib/qemu.py&quot;, line 293, in start
    raise QemuException(msg)
cloud.storage.core.tools.testing.qemu.lib.qemu.QemuException: /dev/kvm is not available

logsdir:
/home/github/tmp/out/cloud/filestore/tests/fio_index/qemu-local-test/test-results/py3test/chunk3/testing_out_stuff
recipe stderr:
/home/github/tmp/out/cloud/filestore/tests/fio_index/qemu-local-test/test-results/py3test/chunk3/testing_out_stuff/recipe_start_qemu-recipe-5.err
recipe stdout:
/home/github/tmp/out/cloud/filestore/tests/fio_index/qemu-local-test/test-results/py3test/chunk3/testing_out_stuff/recipe_start_qemu-recipe-5.out
stderr:
/home/github/tmp/out/cloud/filestore/tests/fio_index/qemu-local-test/test-results/py3test/chunk3/testing_out_stuff/stderr
log:
/home/github/tmp/out/cloud/filestore/tests/fio_index/qemu-local-test/test-results/py3test/run_test.log</failure>
		</testcase>
		<testcase name="[4/7] chunk chunk" time="0.0">
			<failure>RecipeStartUpError: qemu-recipe-5 failed
Stderr tail:s' is deprecated and slated for removal in Python 3.13
  import pipes
Traceback (most recent call last):
  File &quot;contrib/tools/python3/src/Lib/runpy.py&quot;, line 198, in _run_module_as_main
    return _run_code(code, main_globals, None,
           ^^^^^^^^^^^^^^^^^^^^^^^^^^^^^^^^^^^
  File &quot;contrib/tools/python3/src/Lib/runpy.py&quot;, line 88, in _run_code
    exec(code, run_globals)
  File &quot;cloud/storage/core/tests/recipes/qemu/__main__.py&quot;, line 6, in &amp;lt;module&amp;gt;
    declare_recipe(start, stop)
  File &quot;library/python/testing/recipe/__init__.py&quot;, line 107, in declare_recipe
    start(argv[1:])
  File &quot;cloud/storage/core/tools/testing/qemu/lib/recipe.py&quot;, line 42, in start
    start_instance(args, inst_index)
  File &quot;cloud/storage/core/tools/testing/qemu/lib/recipe.py&quot;, line 74, in start_instance
    qemu.start()
  File &quot;cloud/storage/core/tools/testing/qemu/lib/qemu.py&quot;, line 293, in start
    raise QemuException(msg)
cloud.storage.core.tools.testing.qemu.lib.qemu.QemuException: /dev/kvm is not available

logsdir:
/home/github/tmp/out/cloud/filestore/tests/fio_index/qemu-local-test/test-results/py3test/chunk4/testing_out_stuff
recipe stderr:
/home/github/tmp/out/cloud/filestore/tests/fio_index/qemu-local-test/test-results/py3test/chunk4/testing_out_stuff/recipe_start_qemu-recipe-5.err
recipe stdout:
/home/github/tmp/out/cloud/filestore/tests/fio_index/qemu-local-test/test-results/py3test/chunk4/testing_out_stuff/recipe_start_qemu-recipe-5.out
stderr:
/home/github/tmp/out/cloud/filestore/tests/fio_index/qemu-local-test/test-results/py3test/chunk4/testing_out_stuff/stderr
log:
/home/github/tmp/out/cloud/filestore/tests/fio_index/qemu-local-test/test-results/py3test/run_test.log</failure>
		</testcase>
		<testcase name="[5/7] chunk chunk" time="0.0">
			<failure>RecipeStartUpError: qemu-recipe-5 failed
Stderr tail:s' is deprecated and slated for removal in Python 3.13
  import pipes
Traceback (most recent call last):
  File &quot;contrib/tools/python3/src/Lib/runpy.py&quot;, line 198, in _run_module_as_main
    return _run_code(code, main_globals, None,
           ^^^^^^^^^^^^^^^^^^^^^^^^^^^^^^^^^^^
  File &quot;contrib/tools/python3/src/Lib/runpy.py&quot;, line 88, in _run_code
    exec(code, run_globals)
  File &quot;cloud/storage/core/tests/recipes/qemu/__main__.py&quot;, line 6, in &amp;lt;module&amp;gt;
    declare_recipe(start, stop)
  File &quot;library/python/testing/recipe/__init__.py&quot;, line 107, in declare_recipe
    start(argv[1:])
  File &quot;cloud/storage/core/tools/testing/qemu/lib/recipe.py&quot;, line 42, in start
    start_instance(args, inst_index)
  File &quot;cloud/storage/core/tools/testing/qemu/lib/recipe.py&quot;, line 74, in start_instance
    qemu.start()
  File &quot;cloud/storage/core/tools/testing/qemu/lib/qemu.py&quot;, line 293, in start
    raise QemuException(msg)
cloud.storage.core.tools.testing.qemu.lib.qemu.QemuException: /dev/kvm is not available

logsdir:
/home/github/tmp/out/cloud/filestore/tests/fio_index/qemu-local-test/test-results/py3test/chunk5/testing_out_stuff
recipe stderr:
/home/github/tmp/out/cloud/filestore/tests/fio_index/qemu-local-test/test-results/py3test/chunk5/testing_out_stuff/recipe_start_qemu-recipe-5.err
recipe stdout:
/home/github/tmp/out/cloud/filestore/tests/fio_index/qemu-local-test/test-results/py3test/chunk5/testing_out_stuff/recipe_start_qemu-recipe-5.out
stderr:
/home/github/tmp/out/cloud/filestore/tests/fio_index/qemu-local-test/test-results/py3test/chunk5/testing_out_stuff/stderr
log:
/home/github/tmp/out/cloud/filestore/tests/fio_index/qemu-local-test/test-results/py3test/run_test.log</failure>
		</testcase>
		<testcase name="[6/7] chunk chunk" time="0.0">
			<failure>RecipeStartUpError: qemu-recipe-5 failed
Stderr tail:s' is deprecated and slated for removal in Python 3.13
  import pipes
Traceback (most recent call last):
  File &quot;contrib/tools/python3/src/Lib/runpy.py&quot;, line 198, in _run_module_as_main
    return _run_code(code, main_globals, None,
           ^^^^^^^^^^^^^^^^^^^^^^^^^^^^^^^^^^^
  File &quot;contrib/tools/python3/src/Lib/runpy.py&quot;, line 88, in _run_code
    exec(code, run_globals)
  File &quot;cloud/storage/core/tests/recipes/qemu/__main__.py&quot;, line 6, in &amp;lt;module&amp;gt;
    declare_recipe(start, stop)
  File &quot;library/python/testing/recipe/__init__.py&quot;, line 107, in declare_recipe
    start(argv[1:])
  File &quot;cloud/storage/core/tools/testing/qemu/lib/recipe.py&quot;, line 42, in start
    start_instance(args, inst_index)
  File &quot;cloud/storage/core/tools/testing/qemu/lib/recipe.py&quot;, line 74, in start_instance
    qemu.start()
  File &quot;cloud/storage/core/tools/testing/qemu/lib/qemu.py&quot;, line 293, in start
    raise QemuException(msg)
cloud.storage.core.tools.testing.qemu.lib.qemu.QemuException: /dev/kvm is not available

logsdir:
/home/github/tmp/out/cloud/filestore/tests/fio_index/qemu-local-test/test-results/py3test/chunk6/testing_out_stuff
recipe stderr:
/home/github/tmp/out/cloud/filestore/tests/fio_index/qemu-local-test/test-results/py3test/chunk6/testing_out_stuff/recipe_start_qemu-recipe-5.err
recipe stdout:
/home/github/tmp/out/cloud/filestore/tests/fio_index/qemu-local-test/test-results/py3test/chunk6/testing_out_stuff/recipe_start_qemu-recipe-5.out
stderr:
/home/github/tmp/out/cloud/filestore/tests/fio_index/qemu-local-test/test-results/py3test/chunk6/testing_out_stuff/stderr
log:
/home/github/tmp/out/cloud/filestore/tests/fio_index/qemu-local-test/test-results/py3test/run_test.log</failure>
		</testcase>
	</testsuite>
	<testsuite name="cloud/filestore/tests/fio_index/qemu-local-test" tests="1" time="0.0" failures="0" skipped="0">
		<testcase name="test.py.flake8" time="0.0"/>
	</testsuite>
	<testsuite name="cloud/filestore/tests/fs_posix_compliance/mount-kikimr-test" tests="23" time="74.6738163230018" failures="0" skipped="0">
		<testcase name="test.py.test_posix_compliance[chflags]" time="1.0428430089998528"/>
		<testcase name="test.py.test_posix_compliance[chmod]" time="7.791300028000251"/>
		<testcase name="test.py.test_posix_compliance[chown]" time="18.158958830999836"/>
		<testcase name="test.py.test_posix_compliance[flock]" time="2.2041841380000733"/>
		<testcase name="test.py.test_posix_compliance[link]" time="6.430823297999723"/>
		<testcase name="test.py.test_posix_compliance[mkdir]" time="2.314452615000164"/>
		<testcase name="test.py.test_posix_compliance[open]" time="5.783966413000144"/>
		<testcase name="test.py.test_posix_compliance[rename]" time="12.836783799999921"/>
		<testcase name="test.py.test_posix_compliance[rmdir]" time="2.581969625000056"/>
		<testcase name="test.py.test_posix_compliance[symlink]" time="2.23257317100024"/>
		<testcase name="test.py.test_posix_compliance[truncate]" time="3.3554833630000758"/>
		<testcase name="test.py.test_posix_compliance[unlink]" time="9.67734140399989"/>
		<testcase name="test_locks.py.test_fcntl_exclusive_lock_on_write_fd" time="0.01746830100000807"/>
		<testcase name="test_locks.py.test_fcntl_fail_exclusive_lock_on_read_fd" time="0.015366435000260026"/>
		<testcase name="test_locks.py.test_fcntl_shared_lock_on_read_fd" time="0.03750379800021619"/>
		<testcase name="test_locks.py.test_flock_downgrade_exclusive_to_shared_on_read_fd" time="0.02710168600015095"/>
		<testcase name="test_locks.py.test_flock_downgrade_exclusive_to_shared_on_write_fd" time="0.029910110000173518"/>
		<testcase name="test_locks.py.test_flock_exclusive_on_read_fd" time="0.018566216000181157"/>
		<testcase name="test_locks.py.test_flock_exclusive_on_write_fd" time="0.01782732199990278"/>
		<testcase name="test_locks.py.test_flock_shared_on_read_fd" time="0.017677348000006532"/>
		<testcase name="test_locks.py.test_flock_shared_on_write_fd" time="0.026068400000440306"/>
		<testcase name="test_locks.py.test_flock_upgrade_shared_to_exclusive_on_read_fd" time="0.02914723000003505"/>
		<testcase name="test_locks.py.test_flock_upgrade_shared_to_exclusive_on_write_fd" time="0.026499782000200867"/>
	</testsuite>
	<testsuite name="cloud/filestore/tests/fs_posix_compliance/mount-kikimr-test" tests="1" time="0.0" failures="0" skipped="0">
		<testcase name="test.py.flake8" time="0.0"/>
	</testsuite>
	<testsuite name="cloud/filestore/tests/fs_posix_compliance/mount-local-test" tests="1" time="0.0" failures="0" skipped="0">
		<testcase name="test.py.flake8" time="0.0"/>
	</testsuite>
	<testsuite name="cloud/filestore/tests/fs_posix_compliance/qemu-kikimr-nemesis-test" tests="0" time="0" failures="7" skipped="0">
		<testcase name="[0/7] chunk chunk" time="0.0">
			<failure>RecipeStartUpError: qemu-recipe-5 failed
Stderr tail:s' is deprecated and slated for removal in Python 3.13
  import pipes
Traceback (most recent call last):
  File &quot;contrib/tools/python3/src/Lib/runpy.py&quot;, line 198, in _run_module_as_main
    return _run_code(code, main_globals, None,
           ^^^^^^^^^^^^^^^^^^^^^^^^^^^^^^^^^^^
  File &quot;contrib/tools/python3/src/Lib/runpy.py&quot;, line 88, in _run_code
    exec(code, run_globals)
  File &quot;cloud/storage/core/tests/recipes/qemu/__main__.py&quot;, line 6, in &amp;lt;module&amp;gt;
    declare_recipe(start, stop)
  File &quot;library/python/testing/recipe/__init__.py&quot;, line 107, in declare_recipe
    start(argv[1:])
  File &quot;cloud/storage/core/tools/testing/qemu/lib/recipe.py&quot;, line 42, in start
    start_instance(args, inst_index)
  File &quot;cloud/storage/core/tools/testing/qemu/lib/recipe.py&quot;, line 74, in start_instance
    qemu.start()
  File &quot;cloud/storage/core/tools/testing/qemu/lib/qemu.py&quot;, line 293, in start
    raise QemuException(msg)
cloud.storage.core.tools.testing.qemu.lib.qemu.QemuException: /dev/kvm is not available

logsdir:
/home/github/tmp/out/cloud/filestore/tests/fs_posix_compliance/qemu-kikimr-nemesis-test/test-results/py3test/chunk0/testing_out_stuff
recipe stderr:
/home/github/tmp/out/cloud/filestore/tests/fs_posix_compliance/qemu-kikimr-nemesis-test/test-results/py3test/chunk0/testing_out_stuff/recipe_start_qemu-recipe-5.err
recipe stdout:
/home/github/tmp/out/cloud/filestore/tests/fs_posix_compliance/qemu-kikimr-nemesis-test/test-results/py3test/chunk0/testing_out_stuff/recipe_start_qemu-recipe-5.out
stderr:
/home/github/tmp/out/cloud/filestore/tests/fs_posix_compliance/qemu-kikimr-nemesis-test/test-results/py3test/chunk0/testing_out_stuff/stderr
log:
/home/github/tmp/out/cloud/filestore/tests/fs_posix_compliance/qemu-kikimr-nemesis-test/test-results/py3test/run_test.log</failure>
		</testcase>
		<testcase name="[1/7] chunk chunk" time="0.0">
			<failure>RecipeStartUpError: qemu-recipe-5 failed
Stderr tail:s' is deprecated and slated for removal in Python 3.13
  import pipes
Traceback (most recent call last):
  File &quot;contrib/tools/python3/src/Lib/runpy.py&quot;, line 198, in _run_module_as_main
    return _run_code(code, main_globals, None,
           ^^^^^^^^^^^^^^^^^^^^^^^^^^^^^^^^^^^
  File &quot;contrib/tools/python3/src/Lib/runpy.py&quot;, line 88, in _run_code
    exec(code, run_globals)
  File &quot;cloud/storage/core/tests/recipes/qemu/__main__.py&quot;, line 6, in &amp;lt;module&amp;gt;
    declare_recipe(start, stop)
  File &quot;library/python/testing/recipe/__init__.py&quot;, line 107, in declare_recipe
    start(argv[1:])
  File &quot;cloud/storage/core/tools/testing/qemu/lib/recipe.py&quot;, line 42, in start
    start_instance(args, inst_index)
  File &quot;cloud/storage/core/tools/testing/qemu/lib/recipe.py&quot;, line 74, in start_instance
    qemu.start()
  File &quot;cloud/storage/core/tools/testing/qemu/lib/qemu.py&quot;, line 293, in start
    raise QemuException(msg)
cloud.storage.core.tools.testing.qemu.lib.qemu.QemuException: /dev/kvm is not available

logsdir:
/home/github/tmp/out/cloud/filestore/tests/fs_posix_compliance/qemu-kikimr-nemesis-test/test-results/py3test/chunk1/testing_out_stuff
recipe stderr:
/home/github/tmp/out/cloud/filestore/tests/fs_posix_compliance/qemu-kikimr-nemesis-test/test-results/py3test/chunk1/testing_out_stuff/recipe_start_qemu-recipe-5.err
recipe stdout:
/home/github/tmp/out/cloud/filestore/tests/fs_posix_compliance/qemu-kikimr-nemesis-test/test-results/py3test/chunk1/testing_out_stuff/recipe_start_qemu-recipe-5.out
stderr:
/home/github/tmp/out/cloud/filestore/tests/fs_posix_compliance/qemu-kikimr-nemesis-test/test-results/py3test/chunk1/testing_out_stuff/stderr
log:
/home/github/tmp/out/cloud/filestore/tests/fs_posix_compliance/qemu-kikimr-nemesis-test/test-results/py3test/run_test.log</failure>
		</testcase>
		<testcase name="[2/7] chunk chunk" time="0.0">
			<failure>RecipeStartUpError: qemu-recipe-5 failed
Stderr tail:s' is deprecated and slated for removal in Python 3.13
  import pipes
Traceback (most recent call last):
  File &quot;contrib/tools/python3/src/Lib/runpy.py&quot;, line 198, in _run_module_as_main
    return _run_code(code, main_globals, None,
           ^^^^^^^^^^^^^^^^^^^^^^^^^^^^^^^^^^^
  File &quot;contrib/tools/python3/src/Lib/runpy.py&quot;, line 88, in _run_code
    exec(code, run_globals)
  File &quot;cloud/storage/core/tests/recipes/qemu/__main__.py&quot;, line 6, in &amp;lt;module&amp;gt;
    declare_recipe(start, stop)
  File &quot;library/python/testing/recipe/__init__.py&quot;, line 107, in declare_recipe
    start(argv[1:])
  File &quot;cloud/storage/core/tools/testing/qemu/lib/recipe.py&quot;, line 42, in start
    start_instance(args, inst_index)
  File &quot;cloud/storage/core/tools/testing/qemu/lib/recipe.py&quot;, line 74, in start_instance
    qemu.start()
  File &quot;cloud/storage/core/tools/testing/qemu/lib/qemu.py&quot;, line 293, in start
    raise QemuException(msg)
cloud.storage.core.tools.testing.qemu.lib.qemu.QemuException: /dev/kvm is not available

logsdir:
/home/github/tmp/out/cloud/filestore/tests/fs_posix_compliance/qemu-kikimr-nemesis-test/test-results/py3test/chunk2/testing_out_stuff
recipe stderr:
/home/github/tmp/out/cloud/filestore/tests/fs_posix_compliance/qemu-kikimr-nemesis-test/test-results/py3test/chunk2/testing_out_stuff/recipe_start_qemu-recipe-5.err
recipe stdout:
/home/github/tmp/out/cloud/filestore/tests/fs_posix_compliance/qemu-kikimr-nemesis-test/test-results/py3test/chunk2/testing_out_stuff/recipe_start_qemu-recipe-5.out
stderr:
/home/github/tmp/out/cloud/filestore/tests/fs_posix_compliance/qemu-kikimr-nemesis-test/test-results/py3test/chunk2/testing_out_stuff/stderr
log:
/home/github/tmp/out/cloud/filestore/tests/fs_posix_compliance/qemu-kikimr-nemesis-test/test-results/py3test/run_test.log</failure>
		</testcase>
		<testcase name="[3/7] chunk chunk" time="0.0">
			<failure>RecipeStartUpError: qemu-recipe-5 failed
Stderr tail:s' is deprecated and slated for removal in Python 3.13
  import pipes
Traceback (most recent call last):
  File &quot;contrib/tools/python3/src/Lib/runpy.py&quot;, line 198, in _run_module_as_main
    return _run_code(code, main_globals, None,
           ^^^^^^^^^^^^^^^^^^^^^^^^^^^^^^^^^^^
  File &quot;contrib/tools/python3/src/Lib/runpy.py&quot;, line 88, in _run_code
    exec(code, run_globals)
  File &quot;cloud/storage/core/tests/recipes/qemu/__main__.py&quot;, line 6, in &amp;lt;module&amp;gt;
    declare_recipe(start, stop)
  File &quot;library/python/testing/recipe/__init__.py&quot;, line 107, in declare_recipe
    start(argv[1:])
  File &quot;cloud/storage/core/tools/testing/qemu/lib/recipe.py&quot;, line 42, in start
    start_instance(args, inst_index)
  File &quot;cloud/storage/core/tools/testing/qemu/lib/recipe.py&quot;, line 74, in start_instance
    qemu.start()
  File &quot;cloud/storage/core/tools/testing/qemu/lib/qemu.py&quot;, line 293, in start
    raise QemuException(msg)
cloud.storage.core.tools.testing.qemu.lib.qemu.QemuException: /dev/kvm is not available

logsdir:
/home/github/tmp/out/cloud/filestore/tests/fs_posix_compliance/qemu-kikimr-nemesis-test/test-results/py3test/chunk3/testing_out_stuff
recipe stderr:
/home/github/tmp/out/cloud/filestore/tests/fs_posix_compliance/qemu-kikimr-nemesis-test/test-results/py3test/chunk3/testing_out_stuff/recipe_start_qemu-recipe-5.err
recipe stdout:
/home/github/tmp/out/cloud/filestore/tests/fs_posix_compliance/qemu-kikimr-nemesis-test/test-results/py3test/chunk3/testing_out_stuff/recipe_start_qemu-recipe-5.out
stderr:
/home/github/tmp/out/cloud/filestore/tests/fs_posix_compliance/qemu-kikimr-nemesis-test/test-results/py3test/chunk3/testing_out_stuff/stderr
log:
/home/github/tmp/out/cloud/filestore/tests/fs_posix_compliance/qemu-kikimr-nemesis-test/test-results/py3test/run_test.log</failure>
		</testcase>
		<testcase name="[4/7] chunk chunk" time="0.0">
			<failure>RecipeStartUpError: qemu-recipe-5 failed
Stderr tail:s' is deprecated and slated for removal in Python 3.13
  import pipes
Traceback (most recent call last):
  File &quot;contrib/tools/python3/src/Lib/runpy.py&quot;, line 198, in _run_module_as_main
    return _run_code(code, main_globals, None,
           ^^^^^^^^^^^^^^^^^^^^^^^^^^^^^^^^^^^
  File &quot;contrib/tools/python3/src/Lib/runpy.py&quot;, line 88, in _run_code
    exec(code, run_globals)
  File &quot;cloud/storage/core/tests/recipes/qemu/__main__.py&quot;, line 6, in &amp;lt;module&amp;gt;
    declare_recipe(start, stop)
  File &quot;library/python/testing/recipe/__init__.py&quot;, line 107, in declare_recipe
    start(argv[1:])
  File &quot;cloud/storage/core/tools/testing/qemu/lib/recipe.py&quot;, line 42, in start
    start_instance(args, inst_index)
  File &quot;cloud/storage/core/tools/testing/qemu/lib/recipe.py&quot;, line 74, in start_instance
    qemu.start()
  File &quot;cloud/storage/core/tools/testing/qemu/lib/qemu.py&quot;, line 293, in start
    raise QemuException(msg)
cloud.storage.core.tools.testing.qemu.lib.qemu.QemuException: /dev/kvm is not available

logsdir:
/home/github/tmp/out/cloud/filestore/tests/fs_posix_compliance/qemu-kikimr-nemesis-test/test-results/py3test/chunk4/testing_out_stuff
recipe stderr:
/home/github/tmp/out/cloud/filestore/tests/fs_posix_compliance/qemu-kikimr-nemesis-test/test-results/py3test/chunk4/testing_out_stuff/recipe_start_qemu-recipe-5.err
recipe stdout:
/home/github/tmp/out/cloud/filestore/tests/fs_posix_compliance/qemu-kikimr-nemesis-test/test-results/py3test/chunk4/testing_out_stuff/recipe_start_qemu-recipe-5.out
stderr:
/home/github/tmp/out/cloud/filestore/tests/fs_posix_compliance/qemu-kikimr-nemesis-test/test-results/py3test/chunk4/testing_out_stuff/stderr
log:
/home/github/tmp/out/cloud/filestore/tests/fs_posix_compliance/qemu-kikimr-nemesis-test/test-results/py3test/run_test.log</failure>
		</testcase>
		<testcase name="[5/7] chunk chunk" time="0.0">
			<failure>RecipeStartUpError: qemu-recipe-5 failed
Stderr tail:s' is deprecated and slated for removal in Python 3.13
  import pipes
Traceback (most recent call last):
  File &quot;contrib/tools/python3/src/Lib/runpy.py&quot;, line 198, in _run_module_as_main
    return _run_code(code, main_globals, None,
           ^^^^^^^^^^^^^^^^^^^^^^^^^^^^^^^^^^^
  File &quot;contrib/tools/python3/src/Lib/runpy.py&quot;, line 88, in _run_code
    exec(code, run_globals)
  File &quot;cloud/storage/core/tests/recipes/qemu/__main__.py&quot;, line 6, in &amp;lt;module&amp;gt;
    declare_recipe(start, stop)
  File &quot;library/python/testing/recipe/__init__.py&quot;, line 107, in declare_recipe
    start(argv[1:])
  File &quot;cloud/storage/core/tools/testing/qemu/lib/recipe.py&quot;, line 42, in start
    start_instance(args, inst_index)
  File &quot;cloud/storage/core/tools/testing/qemu/lib/recipe.py&quot;, line 74, in start_instance
    qemu.start()
  File &quot;cloud/storage/core/tools/testing/qemu/lib/qemu.py&quot;, line 293, in start
    raise QemuException(msg)
cloud.storage.core.tools.testing.qemu.lib.qemu.QemuException: /dev/kvm is not available

logsdir:
/home/github/tmp/out/cloud/filestore/tests/fs_posix_compliance/qemu-kikimr-nemesis-test/test-results/py3test/chunk5/testing_out_stuff
recipe stderr:
/home/github/tmp/out/cloud/filestore/tests/fs_posix_compliance/qemu-kikimr-nemesis-test/test-results/py3test/chunk5/testing_out_stuff/recipe_start_qemu-recipe-5.err
recipe stdout:
/home/github/tmp/out/cloud/filestore/tests/fs_posix_compliance/qemu-kikimr-nemesis-test/test-results/py3test/chunk5/testing_out_stuff/recipe_start_qemu-recipe-5.out
stderr:
/home/github/tmp/out/cloud/filestore/tests/fs_posix_compliance/qemu-kikimr-nemesis-test/test-results/py3test/chunk5/testing_out_stuff/stderr
log:
/home/github/tmp/out/cloud/filestore/tests/fs_posix_compliance/qemu-kikimr-nemesis-test/test-results/py3test/run_test.log</failure>
		</testcase>
		<testcase name="[6/7] chunk chunk" time="0.0">
			<failure>RecipeStartUpError: qemu-recipe-5 failed
Stderr tail:s' is deprecated and slated for removal in Python 3.13
  import pipes
Traceback (most recent call last):
  File &quot;contrib/tools/python3/src/Lib/runpy.py&quot;, line 198, in _run_module_as_main
    return _run_code(code, main_globals, None,
           ^^^^^^^^^^^^^^^^^^^^^^^^^^^^^^^^^^^
  File &quot;contrib/tools/python3/src/Lib/runpy.py&quot;, line 88, in _run_code
    exec(code, run_globals)
  File &quot;cloud/storage/core/tests/recipes/qemu/__main__.py&quot;, line 6, in &amp;lt;module&amp;gt;
    declare_recipe(start, stop)
  File &quot;library/python/testing/recipe/__init__.py&quot;, line 107, in declare_recipe
    start(argv[1:])
  File &quot;cloud/storage/core/tools/testing/qemu/lib/recipe.py&quot;, line 42, in start
    start_instance(args, inst_index)
  File &quot;cloud/storage/core/tools/testing/qemu/lib/recipe.py&quot;, line 74, in start_instance
    qemu.start()
  File &quot;cloud/storage/core/tools/testing/qemu/lib/qemu.py&quot;, line 293, in start
    raise QemuException(msg)
cloud.storage.core.tools.testing.qemu.lib.qemu.QemuException: /dev/kvm is not available

logsdir:
/home/github/tmp/out/cloud/filestore/tests/fs_posix_compliance/qemu-kikimr-nemesis-test/test-results/py3test/chunk6/testing_out_stuff
recipe stderr:
/home/github/tmp/out/cloud/filestore/tests/fs_posix_compliance/qemu-kikimr-nemesis-test/test-results/py3test/chunk6/testing_out_stuff/recipe_start_qemu-recipe-5.err
recipe stdout:
/home/github/tmp/out/cloud/filestore/tests/fs_posix_compliance/qemu-kikimr-nemesis-test/test-results/py3test/chunk6/testing_out_stuff/recipe_start_qemu-recipe-5.out
stderr:
/home/github/tmp/out/cloud/filestore/tests/fs_posix_compliance/qemu-kikimr-nemesis-test/test-results/py3test/chunk6/testing_out_stuff/stderr
log:
/home/github/tmp/out/cloud/filestore/tests/fs_posix_compliance/qemu-kikimr-nemesis-test/test-results/py3test/run_test.log</failure>
		</testcase>
	</testsuite>
	<testsuite name="cloud/filestore/tests/fs_posix_compliance/qemu-kikimr-nemesis-test" tests="1" time="0.0" failures="0" skipped="0">
		<testcase name="test.py.flake8" time="0.0"/>
	</testsuite>
	<testsuite name="cloud/filestore/tests/fs_posix_compliance/qemu-kikimr-test" tests="0" time="0" failures="7" skipped="0">
		<testcase name="[0/7] chunk chunk" time="0.0">
			<failure>RecipeStartUpError: qemu-recipe-5 failed
Stderr tail:s' is deprecated and slated for removal in Python 3.13
  import pipes
Traceback (most recent call last):
  File &quot;contrib/tools/python3/src/Lib/runpy.py&quot;, line 198, in _run_module_as_main
    return _run_code(code, main_globals, None,
           ^^^^^^^^^^^^^^^^^^^^^^^^^^^^^^^^^^^
  File &quot;contrib/tools/python3/src/Lib/runpy.py&quot;, line 88, in _run_code
    exec(code, run_globals)
  File &quot;cloud/storage/core/tests/recipes/qemu/__main__.py&quot;, line 6, in &amp;lt;module&amp;gt;
    declare_recipe(start, stop)
  File &quot;library/python/testing/recipe/__init__.py&quot;, line 107, in declare_recipe
    start(argv[1:])
  File &quot;cloud/storage/core/tools/testing/qemu/lib/recipe.py&quot;, line 42, in start
    start_instance(args, inst_index)
  File &quot;cloud/storage/core/tools/testing/qemu/lib/recipe.py&quot;, line 74, in start_instance
    qemu.start()
  File &quot;cloud/storage/core/tools/testing/qemu/lib/qemu.py&quot;, line 293, in start
    raise QemuException(msg)
cloud.storage.core.tools.testing.qemu.lib.qemu.QemuException: /dev/kvm is not available

logsdir:
/home/github/tmp/out/cloud/filestore/tests/fs_posix_compliance/qemu-kikimr-test/test-results/py3test/chunk0/testing_out_stuff
recipe stderr:
/home/github/tmp/out/cloud/filestore/tests/fs_posix_compliance/qemu-kikimr-test/test-results/py3test/chunk0/testing_out_stuff/recipe_start_qemu-recipe-5.err
recipe stdout:
/home/github/tmp/out/cloud/filestore/tests/fs_posix_compliance/qemu-kikimr-test/test-results/py3test/chunk0/testing_out_stuff/recipe_start_qemu-recipe-5.out
stderr:
/home/github/tmp/out/cloud/filestore/tests/fs_posix_compliance/qemu-kikimr-test/test-results/py3test/chunk0/testing_out_stuff/stderr
log:
/home/github/tmp/out/cloud/filestore/tests/fs_posix_compliance/qemu-kikimr-test/test-results/py3test/run_test.log</failure>
		</testcase>
		<testcase name="[1/7] chunk chunk" time="0.0">
			<failure>RecipeStartUpError: qemu-recipe-5 failed
Stderr tail:s' is deprecated and slated for removal in Python 3.13
  import pipes
Traceback (most recent call last):
  File &quot;contrib/tools/python3/src/Lib/runpy.py&quot;, line 198, in _run_module_as_main
    return _run_code(code, main_globals, None,
           ^^^^^^^^^^^^^^^^^^^^^^^^^^^^^^^^^^^
  File &quot;contrib/tools/python3/src/Lib/runpy.py&quot;, line 88, in _run_code
    exec(code, run_globals)
  File &quot;cloud/storage/core/tests/recipes/qemu/__main__.py&quot;, line 6, in &amp;lt;module&amp;gt;
    declare_recipe(start, stop)
  File &quot;library/python/testing/recipe/__init__.py&quot;, line 107, in declare_recipe
    start(argv[1:])
  File &quot;cloud/storage/core/tools/testing/qemu/lib/recipe.py&quot;, line 42, in start
    start_instance(args, inst_index)
  File &quot;cloud/storage/core/tools/testing/qemu/lib/recipe.py&quot;, line 74, in start_instance
    qemu.start()
  File &quot;cloud/storage/core/tools/testing/qemu/lib/qemu.py&quot;, line 293, in start
    raise QemuException(msg)
cloud.storage.core.tools.testing.qemu.lib.qemu.QemuException: /dev/kvm is not available

logsdir:
/home/github/tmp/out/cloud/filestore/tests/fs_posix_compliance/qemu-kikimr-test/test-results/py3test/chunk1/testing_out_stuff
recipe stderr:
/home/github/tmp/out/cloud/filestore/tests/fs_posix_compliance/qemu-kikimr-test/test-results/py3test/chunk1/testing_out_stuff/recipe_start_qemu-recipe-5.err
recipe stdout:
/home/github/tmp/out/cloud/filestore/tests/fs_posix_compliance/qemu-kikimr-test/test-results/py3test/chunk1/testing_out_stuff/recipe_start_qemu-recipe-5.out
stderr:
/home/github/tmp/out/cloud/filestore/tests/fs_posix_compliance/qemu-kikimr-test/test-results/py3test/chunk1/testing_out_stuff/stderr
log:
/home/github/tmp/out/cloud/filestore/tests/fs_posix_compliance/qemu-kikimr-test/test-results/py3test/run_test.log</failure>
		</testcase>
		<testcase name="[2/7] chunk chunk" time="0.0">
			<failure>RecipeStartUpError: qemu-recipe-5 failed
Stderr tail:s' is deprecated and slated for removal in Python 3.13
  import pipes
Traceback (most recent call last):
  File &quot;contrib/tools/python3/src/Lib/runpy.py&quot;, line 198, in _run_module_as_main
    return _run_code(code, main_globals, None,
           ^^^^^^^^^^^^^^^^^^^^^^^^^^^^^^^^^^^
  File &quot;contrib/tools/python3/src/Lib/runpy.py&quot;, line 88, in _run_code
    exec(code, run_globals)
  File &quot;cloud/storage/core/tests/recipes/qemu/__main__.py&quot;, line 6, in &amp;lt;module&amp;gt;
    declare_recipe(start, stop)
  File &quot;library/python/testing/recipe/__init__.py&quot;, line 107, in declare_recipe
    start(argv[1:])
  File &quot;cloud/storage/core/tools/testing/qemu/lib/recipe.py&quot;, line 42, in start
    start_instance(args, inst_index)
  File &quot;cloud/storage/core/tools/testing/qemu/lib/recipe.py&quot;, line 74, in start_instance
    qemu.start()
  File &quot;cloud/storage/core/tools/testing/qemu/lib/qemu.py&quot;, line 293, in start
    raise QemuException(msg)
cloud.storage.core.tools.testing.qemu.lib.qemu.QemuException: /dev/kvm is not available

logsdir:
/home/github/tmp/out/cloud/filestore/tests/fs_posix_compliance/qemu-kikimr-test/test-results/py3test/chunk2/testing_out_stuff
recipe stderr:
/home/github/tmp/out/cloud/filestore/tests/fs_posix_compliance/qemu-kikimr-test/test-results/py3test/chunk2/testing_out_stuff/recipe_start_qemu-recipe-5.err
recipe stdout:
/home/github/tmp/out/cloud/filestore/tests/fs_posix_compliance/qemu-kikimr-test/test-results/py3test/chunk2/testing_out_stuff/recipe_start_qemu-recipe-5.out
stderr:
/home/github/tmp/out/cloud/filestore/tests/fs_posix_compliance/qemu-kikimr-test/test-results/py3test/chunk2/testing_out_stuff/stderr
log:
/home/github/tmp/out/cloud/filestore/tests/fs_posix_compliance/qemu-kikimr-test/test-results/py3test/run_test.log</failure>
		</testcase>
		<testcase name="[3/7] chunk chunk" time="0.0">
			<failure>RecipeStartUpError: qemu-recipe-5 failed
Stderr tail:s' is deprecated and slated for removal in Python 3.13
  import pipes
Traceback (most recent call last):
  File &quot;contrib/tools/python3/src/Lib/runpy.py&quot;, line 198, in _run_module_as_main
    return _run_code(code, main_globals, None,
           ^^^^^^^^^^^^^^^^^^^^^^^^^^^^^^^^^^^
  File &quot;contrib/tools/python3/src/Lib/runpy.py&quot;, line 88, in _run_code
    exec(code, run_globals)
  File &quot;cloud/storage/core/tests/recipes/qemu/__main__.py&quot;, line 6, in &amp;lt;module&amp;gt;
    declare_recipe(start, stop)
  File &quot;library/python/testing/recipe/__init__.py&quot;, line 107, in declare_recipe
    start(argv[1:])
  File &quot;cloud/storage/core/tools/testing/qemu/lib/recipe.py&quot;, line 42, in start
    start_instance(args, inst_index)
  File &quot;cloud/storage/core/tools/testing/qemu/lib/recipe.py&quot;, line 74, in start_instance
    qemu.start()
  File &quot;cloud/storage/core/tools/testing/qemu/lib/qemu.py&quot;, line 293, in start
    raise QemuException(msg)
cloud.storage.core.tools.testing.qemu.lib.qemu.QemuException: /dev/kvm is not available

logsdir:
/home/github/tmp/out/cloud/filestore/tests/fs_posix_compliance/qemu-kikimr-test/test-results/py3test/chunk3/testing_out_stuff
recipe stderr:
/home/github/tmp/out/cloud/filestore/tests/fs_posix_compliance/qemu-kikimr-test/test-results/py3test/chunk3/testing_out_stuff/recipe_start_qemu-recipe-5.err
recipe stdout:
/home/github/tmp/out/cloud/filestore/tests/fs_posix_compliance/qemu-kikimr-test/test-results/py3test/chunk3/testing_out_stuff/recipe_start_qemu-recipe-5.out
stderr:
/home/github/tmp/out/cloud/filestore/tests/fs_posix_compliance/qemu-kikimr-test/test-results/py3test/chunk3/testing_out_stuff/stderr
log:
/home/github/tmp/out/cloud/filestore/tests/fs_posix_compliance/qemu-kikimr-test/test-results/py3test/run_test.log</failure>
		</testcase>
		<testcase name="[4/7] chunk chunk" time="0.0">
			<failure>RecipeStartUpError: qemu-recipe-5 failed
Stderr tail:s' is deprecated and slated for removal in Python 3.13
  import pipes
Traceback (most recent call last):
  File &quot;contrib/tools/python3/src/Lib/runpy.py&quot;, line 198, in _run_module_as_main
    return _run_code(code, main_globals, None,
           ^^^^^^^^^^^^^^^^^^^^^^^^^^^^^^^^^^^
  File &quot;contrib/tools/python3/src/Lib/runpy.py&quot;, line 88, in _run_code
    exec(code, run_globals)
  File &quot;cloud/storage/core/tests/recipes/qemu/__main__.py&quot;, line 6, in &amp;lt;module&amp;gt;
    declare_recipe(start, stop)
  File &quot;library/python/testing/recipe/__init__.py&quot;, line 107, in declare_recipe
    start(argv[1:])
  File &quot;cloud/storage/core/tools/testing/qemu/lib/recipe.py&quot;, line 42, in start
    start_instance(args, inst_index)
  File &quot;cloud/storage/core/tools/testing/qemu/lib/recipe.py&quot;, line 74, in start_instance
    qemu.start()
  File &quot;cloud/storage/core/tools/testing/qemu/lib/qemu.py&quot;, line 293, in start
    raise QemuException(msg)
cloud.storage.core.tools.testing.qemu.lib.qemu.QemuException: /dev/kvm is not available

logsdir:
/home/github/tmp/out/cloud/filestore/tests/fs_posix_compliance/qemu-kikimr-test/test-results/py3test/chunk4/testing_out_stuff
recipe stderr:
/home/github/tmp/out/cloud/filestore/tests/fs_posix_compliance/qemu-kikimr-test/test-results/py3test/chunk4/testing_out_stuff/recipe_start_qemu-recipe-5.err
recipe stdout:
/home/github/tmp/out/cloud/filestore/tests/fs_posix_compliance/qemu-kikimr-test/test-results/py3test/chunk4/testing_out_stuff/recipe_start_qemu-recipe-5.out
stderr:
/home/github/tmp/out/cloud/filestore/tests/fs_posix_compliance/qemu-kikimr-test/test-results/py3test/chunk4/testing_out_stuff/stderr
log:
/home/github/tmp/out/cloud/filestore/tests/fs_posix_compliance/qemu-kikimr-test/test-results/py3test/run_test.log</failure>
		</testcase>
		<testcase name="[5/7] chunk chunk" time="0.0">
			<failure>RecipeStartUpError: qemu-recipe-5 failed
Stderr tail:s' is deprecated and slated for removal in Python 3.13
  import pipes
Traceback (most recent call last):
  File &quot;contrib/tools/python3/src/Lib/runpy.py&quot;, line 198, in _run_module_as_main
    return _run_code(code, main_globals, None,
           ^^^^^^^^^^^^^^^^^^^^^^^^^^^^^^^^^^^
  File &quot;contrib/tools/python3/src/Lib/runpy.py&quot;, line 88, in _run_code
    exec(code, run_globals)
  File &quot;cloud/storage/core/tests/recipes/qemu/__main__.py&quot;, line 6, in &amp;lt;module&amp;gt;
    declare_recipe(start, stop)
  File &quot;library/python/testing/recipe/__init__.py&quot;, line 107, in declare_recipe
    start(argv[1:])
  File &quot;cloud/storage/core/tools/testing/qemu/lib/recipe.py&quot;, line 42, in start
    start_instance(args, inst_index)
  File &quot;cloud/storage/core/tools/testing/qemu/lib/recipe.py&quot;, line 74, in start_instance
    qemu.start()
  File &quot;cloud/storage/core/tools/testing/qemu/lib/qemu.py&quot;, line 293, in start
    raise QemuException(msg)
cloud.storage.core.tools.testing.qemu.lib.qemu.QemuException: /dev/kvm is not available

logsdir:
/home/github/tmp/out/cloud/filestore/tests/fs_posix_compliance/qemu-kikimr-test/test-results/py3test/chunk5/testing_out_stuff
recipe stderr:
/home/github/tmp/out/cloud/filestore/tests/fs_posix_compliance/qemu-kikimr-test/test-results/py3test/chunk5/testing_out_stuff/recipe_start_qemu-recipe-5.err
recipe stdout:
/home/github/tmp/out/cloud/filestore/tests/fs_posix_compliance/qemu-kikimr-test/test-results/py3test/chunk5/testing_out_stuff/recipe_start_qemu-recipe-5.out
stderr:
/home/github/tmp/out/cloud/filestore/tests/fs_posix_compliance/qemu-kikimr-test/test-results/py3test/chunk5/testing_out_stuff/stderr
log:
/home/github/tmp/out/cloud/filestore/tests/fs_posix_compliance/qemu-kikimr-test/test-results/py3test/run_test.log</failure>
		</testcase>
		<testcase name="[6/7] chunk chunk" time="0.0">
			<failure>RecipeStartUpError: qemu-recipe-5 failed
Stderr tail:s' is deprecated and slated for removal in Python 3.13
  import pipes
Traceback (most recent call last):
  File &quot;contrib/tools/python3/src/Lib/runpy.py&quot;, line 198, in _run_module_as_main
    return _run_code(code, main_globals, None,
           ^^^^^^^^^^^^^^^^^^^^^^^^^^^^^^^^^^^
  File &quot;contrib/tools/python3/src/Lib/runpy.py&quot;, line 88, in _run_code
    exec(code, run_globals)
  File &quot;cloud/storage/core/tests/recipes/qemu/__main__.py&quot;, line 6, in &amp;lt;module&amp;gt;
    declare_recipe(start, stop)
  File &quot;library/python/testing/recipe/__init__.py&quot;, line 107, in declare_recipe
    start(argv[1:])
  File &quot;cloud/storage/core/tools/testing/qemu/lib/recipe.py&quot;, line 42, in start
    start_instance(args, inst_index)
  File &quot;cloud/storage/core/tools/testing/qemu/lib/recipe.py&quot;, line 74, in start_instance
    qemu.start()
  File &quot;cloud/storage/core/tools/testing/qemu/lib/qemu.py&quot;, line 293, in start
    raise QemuException(msg)
cloud.storage.core.tools.testing.qemu.lib.qemu.QemuException: /dev/kvm is not available

logsdir:
/home/github/tmp/out/cloud/filestore/tests/fs_posix_compliance/qemu-kikimr-test/test-results/py3test/chunk6/testing_out_stuff
recipe stderr:
/home/github/tmp/out/cloud/filestore/tests/fs_posix_compliance/qemu-kikimr-test/test-results/py3test/chunk6/testing_out_stuff/recipe_start_qemu-recipe-5.err
recipe stdout:
/home/github/tmp/out/cloud/filestore/tests/fs_posix_compliance/qemu-kikimr-test/test-results/py3test/chunk6/testing_out_stuff/recipe_start_qemu-recipe-5.out
stderr:
/home/github/tmp/out/cloud/filestore/tests/fs_posix_compliance/qemu-kikimr-test/test-results/py3test/chunk6/testing_out_stuff/stderr
log:
/home/github/tmp/out/cloud/filestore/tests/fs_posix_compliance/qemu-kikimr-test/test-results/py3test/run_test.log</failure>
		</testcase>
	</testsuite>
	<testsuite name="cloud/filestore/tests/fs_posix_compliance/qemu-kikimr-test" tests="1" time="0.0" failures="0" skipped="0">
		<testcase name="test.py.flake8" time="0.0"/>
	</testsuite>
	<testsuite name="cloud/filestore/tests/fs_posix_compliance/qemu-local-test" tests="1" time="0.0" failures="0" skipped="0">
		<testcase name="test.py.flake8" time="0.0"/>
	</testsuite>
	<testsuite name="cloud/filestore/tests/loadtest/local-auth" tests="2" time="243.04874619999987" failures="0" skipped="0">
		<testcase name="test.py.test_load[index]" time="1.6415995199999998"/>
		<testcase name="test.py.test_load[read-write]" time="241.40714667999987"/>
	</testsuite>
	<testsuite name="cloud/filestore/tests/loadtest/local-auth" tests="1" time="0.0" failures="0" skipped="0">
		<testcase name="test.py.flake8" time="0.0"/>
	</testsuite>
	<testsuite name="cloud/filestore/tests/loadtest/service-kikimr-nemesis-test" tests="5" time="584.826921757" failures="0" skipped="0">
		<testcase name="test.py.test_load[create-remove]" time="62.006460855000114"/>
		<testcase name="test.py.test_load[intrahost-migration]" time="210.21496932299988"/>
		<testcase name="test.py.test_load[read-write-unaligned]" time="62.02721112500012"/>
		<testcase name="test.py.test_load[read-write-validation]" time="123.98571347300003"/>
		<testcase name="test.py.test_load[read-write]" time="126.59256698099989"/>
	</testsuite>
	<testsuite name="cloud/filestore/tests/loadtest/service-kikimr-nemesis-test" tests="1" time="0.0" failures="0" skipped="0">
		<testcase name="test.py.flake8" time="0.0"/>
	</testsuite>
	<testsuite name="cloud/filestore/tests/loadtest/service-kikimr-test" tests="5" time="518.6239800730007" failures="0" skipped="0">
		<testcase name="test.py.test_load[create-rename]" time="1.6103707870001926"/>
		<testcase name="test.py.test_load[intrahost-migration]" time="211.7461952560002"/>
		<testcase name="test.py.test_load[read-write-unaligned]" time="61.465927669000166"/>
		<testcase name="test.py.test_load[read-write-validation]" time="121.08540735399993"/>
		<testcase name="test.py.test_load[read-write]" time="122.71607900700019"/>
	</testsuite>
	<testsuite name="cloud/filestore/tests/loadtest/service-kikimr-test" tests="1" time="0.0" failures="0" skipped="0">
		<testcase name="test.py.flake8" time="0.0"/>
	</testsuite>
	<testsuite name="cloud/filestore/tests/loadtest/service-local-test" tests="3" time="212.91779090799946" failures="0" skipped="0">
		<testcase name="test.py.test_load[create-rename]" time="1.2872598859994469"/>
		<testcase name="test.py.test_load[intrahost-migration]" time="209.43128982999997"/>
		<testcase name="test.py.test_load[read-write]" time="2.199241192000045"/>
	</testsuite>
	<testsuite name="cloud/filestore/tests/loadtest/service-local-test" tests="1" time="0.0" failures="0" skipped="0">
		<testcase name="test.py.flake8" time="0.0"/>
	</testsuite>
	<testsuite name="cloud/filestore/tests/profile_log/qemu-kikimr-test" tests="0" time="0" failures="7" skipped="0">
		<testcase name="[0/7] chunk chunk" time="0.0">
			<failure>RecipeStartUpError: qemu-recipe-5 failed
Stderr tail:s' is deprecated and slated for removal in Python 3.13
  import pipes
Traceback (most recent call last):
  File &quot;contrib/tools/python3/src/Lib/runpy.py&quot;, line 198, in _run_module_as_main
    return _run_code(code, main_globals, None,
           ^^^^^^^^^^^^^^^^^^^^^^^^^^^^^^^^^^^
  File &quot;contrib/tools/python3/src/Lib/runpy.py&quot;, line 88, in _run_code
    exec(code, run_globals)
  File &quot;cloud/storage/core/tests/recipes/qemu/__main__.py&quot;, line 6, in &amp;lt;module&amp;gt;
    declare_recipe(start, stop)
  File &quot;library/python/testing/recipe/__init__.py&quot;, line 107, in declare_recipe
    start(argv[1:])
  File &quot;cloud/storage/core/tools/testing/qemu/lib/recipe.py&quot;, line 42, in start
    start_instance(args, inst_index)
  File &quot;cloud/storage/core/tools/testing/qemu/lib/recipe.py&quot;, line 74, in start_instance
    qemu.start()
  File &quot;cloud/storage/core/tools/testing/qemu/lib/qemu.py&quot;, line 293, in start
    raise QemuException(msg)
cloud.storage.core.tools.testing.qemu.lib.qemu.QemuException: /dev/kvm is not available

logsdir:
/home/github/tmp/out/cloud/filestore/tests/profile_log/qemu-kikimr-test/test-results/py3test/chunk0/testing_out_stuff
recipe stderr:
/home/github/tmp/out/cloud/filestore/tests/profile_log/qemu-kikimr-test/test-results/py3test/chunk0/testing_out_stuff/recipe_start_qemu-recipe-5.err
recipe stdout:
/home/github/tmp/out/cloud/filestore/tests/profile_log/qemu-kikimr-test/test-results/py3test/chunk0/testing_out_stuff/recipe_start_qemu-recipe-5.out
stderr:
/home/github/tmp/out/cloud/filestore/tests/profile_log/qemu-kikimr-test/test-results/py3test/chunk0/testing_out_stuff/stderr
log:
/home/github/tmp/out/cloud/filestore/tests/profile_log/qemu-kikimr-test/test-results/py3test/run_test.log</failure>
		</testcase>
		<testcase name="[1/7] chunk chunk" time="0.0">
			<failure>RecipeStartUpError: qemu-recipe-5 failed
Stderr tail:s' is deprecated and slated for removal in Python 3.13
  import pipes
Traceback (most recent call last):
  File &quot;contrib/tools/python3/src/Lib/runpy.py&quot;, line 198, in _run_module_as_main
    return _run_code(code, main_globals, None,
           ^^^^^^^^^^^^^^^^^^^^^^^^^^^^^^^^^^^
  File &quot;contrib/tools/python3/src/Lib/runpy.py&quot;, line 88, in _run_code
    exec(code, run_globals)
  File &quot;cloud/storage/core/tests/recipes/qemu/__main__.py&quot;, line 6, in &amp;lt;module&amp;gt;
    declare_recipe(start, stop)
  File &quot;library/python/testing/recipe/__init__.py&quot;, line 107, in declare_recipe
    start(argv[1:])
  File &quot;cloud/storage/core/tools/testing/qemu/lib/recipe.py&quot;, line 42, in start
    start_instance(args, inst_index)
  File &quot;cloud/storage/core/tools/testing/qemu/lib/recipe.py&quot;, line 74, in start_instance
    qemu.start()
  File &quot;cloud/storage/core/tools/testing/qemu/lib/qemu.py&quot;, line 293, in start
    raise QemuException(msg)
cloud.storage.core.tools.testing.qemu.lib.qemu.QemuException: /dev/kvm is not available

logsdir:
/home/github/tmp/out/cloud/filestore/tests/profile_log/qemu-kikimr-test/test-results/py3test/chunk1/testing_out_stuff
recipe stderr:
/home/github/tmp/out/cloud/filestore/tests/profile_log/qemu-kikimr-test/test-results/py3test/chunk1/testing_out_stuff/recipe_start_qemu-recipe-5.err
recipe stdout:
/home/github/tmp/out/cloud/filestore/tests/profile_log/qemu-kikimr-test/test-results/py3test/chunk1/testing_out_stuff/recipe_start_qemu-recipe-5.out
stderr:
/home/github/tmp/out/cloud/filestore/tests/profile_log/qemu-kikimr-test/test-results/py3test/chunk1/testing_out_stuff/stderr
log:
/home/github/tmp/out/cloud/filestore/tests/profile_log/qemu-kikimr-test/test-results/py3test/run_test.log</failure>
		</testcase>
		<testcase name="[2/7] chunk chunk" time="0.0">
			<failure>RecipeStartUpError: qemu-recipe-5 failed
Stderr tail:s' is deprecated and slated for removal in Python 3.13
  import pipes
Traceback (most recent call last):
  File &quot;contrib/tools/python3/src/Lib/runpy.py&quot;, line 198, in _run_module_as_main
    return _run_code(code, main_globals, None,
           ^^^^^^^^^^^^^^^^^^^^^^^^^^^^^^^^^^^
  File &quot;contrib/tools/python3/src/Lib/runpy.py&quot;, line 88, in _run_code
    exec(code, run_globals)
  File &quot;cloud/storage/core/tests/recipes/qemu/__main__.py&quot;, line 6, in &amp;lt;module&amp;gt;
    declare_recipe(start, stop)
  File &quot;library/python/testing/recipe/__init__.py&quot;, line 107, in declare_recipe
    start(argv[1:])
  File &quot;cloud/storage/core/tools/testing/qemu/lib/recipe.py&quot;, line 42, in start
    start_instance(args, inst_index)
  File &quot;cloud/storage/core/tools/testing/qemu/lib/recipe.py&quot;, line 74, in start_instance
    qemu.start()
  File &quot;cloud/storage/core/tools/testing/qemu/lib/qemu.py&quot;, line 293, in start
    raise QemuException(msg)
cloud.storage.core.tools.testing.qemu.lib.qemu.QemuException: /dev/kvm is not available

logsdir:
/home/github/tmp/out/cloud/filestore/tests/profile_log/qemu-kikimr-test/test-results/py3test/chunk2/testing_out_stuff
recipe stderr:
/home/github/tmp/out/cloud/filestore/tests/profile_log/qemu-kikimr-test/test-results/py3test/chunk2/testing_out_stuff/recipe_start_qemu-recipe-5.err
recipe stdout:
/home/github/tmp/out/cloud/filestore/tests/profile_log/qemu-kikimr-test/test-results/py3test/chunk2/testing_out_stuff/recipe_start_qemu-recipe-5.out
stderr:
/home/github/tmp/out/cloud/filestore/tests/profile_log/qemu-kikimr-test/test-results/py3test/chunk2/testing_out_stuff/stderr
log:
/home/github/tmp/out/cloud/filestore/tests/profile_log/qemu-kikimr-test/test-results/py3test/run_test.log</failure>
		</testcase>
		<testcase name="[3/7] chunk chunk" time="0.0">
			<failure>RecipeStartUpError: qemu-recipe-5 failed
Stderr tail:s' is deprecated and slated for removal in Python 3.13
  import pipes
Traceback (most recent call last):
  File &quot;contrib/tools/python3/src/Lib/runpy.py&quot;, line 198, in _run_module_as_main
    return _run_code(code, main_globals, None,
           ^^^^^^^^^^^^^^^^^^^^^^^^^^^^^^^^^^^
  File &quot;contrib/tools/python3/src/Lib/runpy.py&quot;, line 88, in _run_code
    exec(code, run_globals)
  File &quot;cloud/storage/core/tests/recipes/qemu/__main__.py&quot;, line 6, in &amp;lt;module&amp;gt;
    declare_recipe(start, stop)
  File &quot;library/python/testing/recipe/__init__.py&quot;, line 107, in declare_recipe
    start(argv[1:])
  File &quot;cloud/storage/core/tools/testing/qemu/lib/recipe.py&quot;, line 42, in start
    start_instance(args, inst_index)
  File &quot;cloud/storage/core/tools/testing/qemu/lib/recipe.py&quot;, line 74, in start_instance
    qemu.start()
  File &quot;cloud/storage/core/tools/testing/qemu/lib/qemu.py&quot;, line 293, in start
    raise QemuException(msg)
cloud.storage.core.tools.testing.qemu.lib.qemu.QemuException: /dev/kvm is not available

logsdir:
/home/github/tmp/out/cloud/filestore/tests/profile_log/qemu-kikimr-test/test-results/py3test/chunk3/testing_out_stuff
recipe stderr:
/home/github/tmp/out/cloud/filestore/tests/profile_log/qemu-kikimr-test/test-results/py3test/chunk3/testing_out_stuff/recipe_start_qemu-recipe-5.err
recipe stdout:
/home/github/tmp/out/cloud/filestore/tests/profile_log/qemu-kikimr-test/test-results/py3test/chunk3/testing_out_stuff/recipe_start_qemu-recipe-5.out
stderr:
/home/github/tmp/out/cloud/filestore/tests/profile_log/qemu-kikimr-test/test-results/py3test/chunk3/testing_out_stuff/stderr
log:
/home/github/tmp/out/cloud/filestore/tests/profile_log/qemu-kikimr-test/test-results/py3test/run_test.log</failure>
		</testcase>
		<testcase name="[4/7] chunk chunk" time="0.0">
			<failure>RecipeStartUpError: qemu-recipe-5 failed
Stderr tail:s' is deprecated and slated for removal in Python 3.13
  import pipes
Traceback (most recent call last):
  File &quot;contrib/tools/python3/src/Lib/runpy.py&quot;, line 198, in _run_module_as_main
    return _run_code(code, main_globals, None,
           ^^^^^^^^^^^^^^^^^^^^^^^^^^^^^^^^^^^
  File &quot;contrib/tools/python3/src/Lib/runpy.py&quot;, line 88, in _run_code
    exec(code, run_globals)
  File &quot;cloud/storage/core/tests/recipes/qemu/__main__.py&quot;, line 6, in &amp;lt;module&amp;gt;
    declare_recipe(start, stop)
  File &quot;library/python/testing/recipe/__init__.py&quot;, line 107, in declare_recipe
    start(argv[1:])
  File &quot;cloud/storage/core/tools/testing/qemu/lib/recipe.py&quot;, line 42, in start
    start_instance(args, inst_index)
  File &quot;cloud/storage/core/tools/testing/qemu/lib/recipe.py&quot;, line 74, in start_instance
    qemu.start()
  File &quot;cloud/storage/core/tools/testing/qemu/lib/qemu.py&quot;, line 293, in start
    raise QemuException(msg)
cloud.storage.core.tools.testing.qemu.lib.qemu.QemuException: /dev/kvm is not available

logsdir:
/home/github/tmp/out/cloud/filestore/tests/profile_log/qemu-kikimr-test/test-results/py3test/chunk4/testing_out_stuff
recipe stderr:
/home/github/tmp/out/cloud/filestore/tests/profile_log/qemu-kikimr-test/test-results/py3test/chunk4/testing_out_stuff/recipe_start_qemu-recipe-5.err
recipe stdout:
/home/github/tmp/out/cloud/filestore/tests/profile_log/qemu-kikimr-test/test-results/py3test/chunk4/testing_out_stuff/recipe_start_qemu-recipe-5.out
stderr:
/home/github/tmp/out/cloud/filestore/tests/profile_log/qemu-kikimr-test/test-results/py3test/chunk4/testing_out_stuff/stderr
log:
/home/github/tmp/out/cloud/filestore/tests/profile_log/qemu-kikimr-test/test-results/py3test/run_test.log</failure>
		</testcase>
		<testcase name="[5/7] chunk chunk" time="0.0">
			<failure>RecipeStartUpError: qemu-recipe-5 failed
Stderr tail:s' is deprecated and slated for removal in Python 3.13
  import pipes
Traceback (most recent call last):
  File &quot;contrib/tools/python3/src/Lib/runpy.py&quot;, line 198, in _run_module_as_main
    return _run_code(code, main_globals, None,
           ^^^^^^^^^^^^^^^^^^^^^^^^^^^^^^^^^^^
  File &quot;contrib/tools/python3/src/Lib/runpy.py&quot;, line 88, in _run_code
    exec(code, run_globals)
  File &quot;cloud/storage/core/tests/recipes/qemu/__main__.py&quot;, line 6, in &amp;lt;module&amp;gt;
    declare_recipe(start, stop)
  File &quot;library/python/testing/recipe/__init__.py&quot;, line 107, in declare_recipe
    start(argv[1:])
  File &quot;cloud/storage/core/tools/testing/qemu/lib/recipe.py&quot;, line 42, in start
    start_instance(args, inst_index)
  File &quot;cloud/storage/core/tools/testing/qemu/lib/recipe.py&quot;, line 74, in start_instance
    qemu.start()
  File &quot;cloud/storage/core/tools/testing/qemu/lib/qemu.py&quot;, line 293, in start
    raise QemuException(msg)
cloud.storage.core.tools.testing.qemu.lib.qemu.QemuException: /dev/kvm is not available

logsdir:
/home/github/tmp/out/cloud/filestore/tests/profile_log/qemu-kikimr-test/test-results/py3test/chunk5/testing_out_stuff
recipe stderr:
/home/github/tmp/out/cloud/filestore/tests/profile_log/qemu-kikimr-test/test-results/py3test/chunk5/testing_out_stuff/recipe_start_qemu-recipe-5.err
recipe stdout:
/home/github/tmp/out/cloud/filestore/tests/profile_log/qemu-kikimr-test/test-results/py3test/chunk5/testing_out_stuff/recipe_start_qemu-recipe-5.out
stderr:
/home/github/tmp/out/cloud/filestore/tests/profile_log/qemu-kikimr-test/test-results/py3test/chunk5/testing_out_stuff/stderr
log:
/home/github/tmp/out/cloud/filestore/tests/profile_log/qemu-kikimr-test/test-results/py3test/run_test.log</failure>
		</testcase>
		<testcase name="[6/7] chunk chunk" time="0.0">
			<failure>RecipeStartUpError: qemu-recipe-5 failed
Stderr tail:s' is deprecated and slated for removal in Python 3.13
  import pipes
Traceback (most recent call last):
  File &quot;contrib/tools/python3/src/Lib/runpy.py&quot;, line 198, in _run_module_as_main
    return _run_code(code, main_globals, None,
           ^^^^^^^^^^^^^^^^^^^^^^^^^^^^^^^^^^^
  File &quot;contrib/tools/python3/src/Lib/runpy.py&quot;, line 88, in _run_code
    exec(code, run_globals)
  File &quot;cloud/storage/core/tests/recipes/qemu/__main__.py&quot;, line 6, in &amp;lt;module&amp;gt;
    declare_recipe(start, stop)
  File &quot;library/python/testing/recipe/__init__.py&quot;, line 107, in declare_recipe
    start(argv[1:])
  File &quot;cloud/storage/core/tools/testing/qemu/lib/recipe.py&quot;, line 42, in start
    start_instance(args, inst_index)
  File &quot;cloud/storage/core/tools/testing/qemu/lib/recipe.py&quot;, line 74, in start_instance
    qemu.start()
  File &quot;cloud/storage/core/tools/testing/qemu/lib/qemu.py&quot;, line 293, in start
    raise QemuException(msg)
cloud.storage.core.tools.testing.qemu.lib.qemu.QemuException: /dev/kvm is not available

logsdir:
/home/github/tmp/out/cloud/filestore/tests/profile_log/qemu-kikimr-test/test-results/py3test/chunk6/testing_out_stuff
recipe stderr:
/home/github/tmp/out/cloud/filestore/tests/profile_log/qemu-kikimr-test/test-results/py3test/chunk6/testing_out_stuff/recipe_start_qemu-recipe-5.err
recipe stdout:
/home/github/tmp/out/cloud/filestore/tests/profile_log/qemu-kikimr-test/test-results/py3test/chunk6/testing_out_stuff/recipe_start_qemu-recipe-5.out
stderr:
/home/github/tmp/out/cloud/filestore/tests/profile_log/qemu-kikimr-test/test-results/py3test/chunk6/testing_out_stuff/stderr
log:
/home/github/tmp/out/cloud/filestore/tests/profile_log/qemu-kikimr-test/test-results/py3test/run_test.log</failure>
		</testcase>
	</testsuite>
	<testsuite name="cloud/filestore/tests/profile_log/qemu-kikimr-test" tests="1" time="0.0" failures="0" skipped="0">
		<testcase name="test.py.flake8" time="0.0"/>
	</testsuite>
	<testsuite name="cloud/filestore/tests/profile_log/qemu-local-test" tests="0" time="0" failures="7" skipped="0">
		<testcase name="[0/7] chunk chunk" time="0.0">
			<failure>RecipeStartUpError: qemu-recipe-5 failed
Stderr tail:s' is deprecated and slated for removal in Python 3.13
  import pipes
Traceback (most recent call last):
  File &quot;contrib/tools/python3/src/Lib/runpy.py&quot;, line 198, in _run_module_as_main
    return _run_code(code, main_globals, None,
           ^^^^^^^^^^^^^^^^^^^^^^^^^^^^^^^^^^^
  File &quot;contrib/tools/python3/src/Lib/runpy.py&quot;, line 88, in _run_code
    exec(code, run_globals)
  File &quot;cloud/storage/core/tests/recipes/qemu/__main__.py&quot;, line 6, in &amp;lt;module&amp;gt;
    declare_recipe(start, stop)
  File &quot;library/python/testing/recipe/__init__.py&quot;, line 107, in declare_recipe
    start(argv[1:])
  File &quot;cloud/storage/core/tools/testing/qemu/lib/recipe.py&quot;, line 42, in start
    start_instance(args, inst_index)
  File &quot;cloud/storage/core/tools/testing/qemu/lib/recipe.py&quot;, line 74, in start_instance
    qemu.start()
  File &quot;cloud/storage/core/tools/testing/qemu/lib/qemu.py&quot;, line 293, in start
    raise QemuException(msg)
cloud.storage.core.tools.testing.qemu.lib.qemu.QemuException: /dev/kvm is not available

logsdir:
/home/github/tmp/out/cloud/filestore/tests/profile_log/qemu-local-test/test-results/py3test/chunk0/testing_out_stuff
recipe stderr:
/home/github/tmp/out/cloud/filestore/tests/profile_log/qemu-local-test/test-results/py3test/chunk0/testing_out_stuff/recipe_start_qemu-recipe-5.err
recipe stdout:
/home/github/tmp/out/cloud/filestore/tests/profile_log/qemu-local-test/test-results/py3test/chunk0/testing_out_stuff/recipe_start_qemu-recipe-5.out
stderr:
/home/github/tmp/out/cloud/filestore/tests/profile_log/qemu-local-test/test-results/py3test/chunk0/testing_out_stuff/stderr
log:
/home/github/tmp/out/cloud/filestore/tests/profile_log/qemu-local-test/test-results/py3test/run_test.log</failure>
		</testcase>
		<testcase name="[1/7] chunk chunk" time="0.0">
			<failure>RecipeStartUpError: qemu-recipe-5 failed
Stderr tail:s' is deprecated and slated for removal in Python 3.13
  import pipes
Traceback (most recent call last):
  File &quot;contrib/tools/python3/src/Lib/runpy.py&quot;, line 198, in _run_module_as_main
    return _run_code(code, main_globals, None,
           ^^^^^^^^^^^^^^^^^^^^^^^^^^^^^^^^^^^
  File &quot;contrib/tools/python3/src/Lib/runpy.py&quot;, line 88, in _run_code
    exec(code, run_globals)
  File &quot;cloud/storage/core/tests/recipes/qemu/__main__.py&quot;, line 6, in &amp;lt;module&amp;gt;
    declare_recipe(start, stop)
  File &quot;library/python/testing/recipe/__init__.py&quot;, line 107, in declare_recipe
    start(argv[1:])
  File &quot;cloud/storage/core/tools/testing/qemu/lib/recipe.py&quot;, line 42, in start
    start_instance(args, inst_index)
  File &quot;cloud/storage/core/tools/testing/qemu/lib/recipe.py&quot;, line 74, in start_instance
    qemu.start()
  File &quot;cloud/storage/core/tools/testing/qemu/lib/qemu.py&quot;, line 293, in start
    raise QemuException(msg)
cloud.storage.core.tools.testing.qemu.lib.qemu.QemuException: /dev/kvm is not available

logsdir:
/home/github/tmp/out/cloud/filestore/tests/profile_log/qemu-local-test/test-results/py3test/chunk1/testing_out_stuff
recipe stderr:
/home/github/tmp/out/cloud/filestore/tests/profile_log/qemu-local-test/test-results/py3test/chunk1/testing_out_stuff/recipe_start_qemu-recipe-5.err
recipe stdout:
/home/github/tmp/out/cloud/filestore/tests/profile_log/qemu-local-test/test-results/py3test/chunk1/testing_out_stuff/recipe_start_qemu-recipe-5.out
stderr:
/home/github/tmp/out/cloud/filestore/tests/profile_log/qemu-local-test/test-results/py3test/chunk1/testing_out_stuff/stderr
log:
/home/github/tmp/out/cloud/filestore/tests/profile_log/qemu-local-test/test-results/py3test/run_test.log</failure>
		</testcase>
		<testcase name="[2/7] chunk chunk" time="0.0">
			<failure>RecipeStartUpError: qemu-recipe-5 failed
Stderr tail:s' is deprecated and slated for removal in Python 3.13
  import pipes
Traceback (most recent call last):
  File &quot;contrib/tools/python3/src/Lib/runpy.py&quot;, line 198, in _run_module_as_main
    return _run_code(code, main_globals, None,
           ^^^^^^^^^^^^^^^^^^^^^^^^^^^^^^^^^^^
  File &quot;contrib/tools/python3/src/Lib/runpy.py&quot;, line 88, in _run_code
    exec(code, run_globals)
  File &quot;cloud/storage/core/tests/recipes/qemu/__main__.py&quot;, line 6, in &amp;lt;module&amp;gt;
    declare_recipe(start, stop)
  File &quot;library/python/testing/recipe/__init__.py&quot;, line 107, in declare_recipe
    start(argv[1:])
  File &quot;cloud/storage/core/tools/testing/qemu/lib/recipe.py&quot;, line 42, in start
    start_instance(args, inst_index)
  File &quot;cloud/storage/core/tools/testing/qemu/lib/recipe.py&quot;, line 74, in start_instance
    qemu.start()
  File &quot;cloud/storage/core/tools/testing/qemu/lib/qemu.py&quot;, line 293, in start
    raise QemuException(msg)
cloud.storage.core.tools.testing.qemu.lib.qemu.QemuException: /dev/kvm is not available

logsdir:
/home/github/tmp/out/cloud/filestore/tests/profile_log/qemu-local-test/test-results/py3test/chunk2/testing_out_stuff
recipe stderr:
/home/github/tmp/out/cloud/filestore/tests/profile_log/qemu-local-test/test-results/py3test/chunk2/testing_out_stuff/recipe_start_qemu-recipe-5.err
recipe stdout:
/home/github/tmp/out/cloud/filestore/tests/profile_log/qemu-local-test/test-results/py3test/chunk2/testing_out_stuff/recipe_start_qemu-recipe-5.out
stderr:
/home/github/tmp/out/cloud/filestore/tests/profile_log/qemu-local-test/test-results/py3test/chunk2/testing_out_stuff/stderr
log:
/home/github/tmp/out/cloud/filestore/tests/profile_log/qemu-local-test/test-results/py3test/run_test.log</failure>
		</testcase>
		<testcase name="[3/7] chunk chunk" time="0.0">
			<failure>RecipeStartUpError: qemu-recipe-5 failed
Stderr tail:s' is deprecated and slated for removal in Python 3.13
  import pipes
Traceback (most recent call last):
  File &quot;contrib/tools/python3/src/Lib/runpy.py&quot;, line 198, in _run_module_as_main
    return _run_code(code, main_globals, None,
           ^^^^^^^^^^^^^^^^^^^^^^^^^^^^^^^^^^^
  File &quot;contrib/tools/python3/src/Lib/runpy.py&quot;, line 88, in _run_code
    exec(code, run_globals)
  File &quot;cloud/storage/core/tests/recipes/qemu/__main__.py&quot;, line 6, in &amp;lt;module&amp;gt;
    declare_recipe(start, stop)
  File &quot;library/python/testing/recipe/__init__.py&quot;, line 107, in declare_recipe
    start(argv[1:])
  File &quot;cloud/storage/core/tools/testing/qemu/lib/recipe.py&quot;, line 42, in start
    start_instance(args, inst_index)
  File &quot;cloud/storage/core/tools/testing/qemu/lib/recipe.py&quot;, line 74, in start_instance
    qemu.start()
  File &quot;cloud/storage/core/tools/testing/qemu/lib/qemu.py&quot;, line 293, in start
    raise QemuException(msg)
cloud.storage.core.tools.testing.qemu.lib.qemu.QemuException: /dev/kvm is not available

logsdir:
/home/github/tmp/out/cloud/filestore/tests/profile_log/qemu-local-test/test-results/py3test/chunk3/testing_out_stuff
recipe stderr:
/home/github/tmp/out/cloud/filestore/tests/profile_log/qemu-local-test/test-results/py3test/chunk3/testing_out_stuff/recipe_start_qemu-recipe-5.err
recipe stdout:
/home/github/tmp/out/cloud/filestore/tests/profile_log/qemu-local-test/test-results/py3test/chunk3/testing_out_stuff/recipe_start_qemu-recipe-5.out
stderr:
/home/github/tmp/out/cloud/filestore/tests/profile_log/qemu-local-test/test-results/py3test/chunk3/testing_out_stuff/stderr
log:
/home/github/tmp/out/cloud/filestore/tests/profile_log/qemu-local-test/test-results/py3test/run_test.log</failure>
		</testcase>
		<testcase name="[4/7] chunk chunk" time="0.0">
			<failure>RecipeStartUpError: qemu-recipe-5 failed
Stderr tail:s' is deprecated and slated for removal in Python 3.13
  import pipes
Traceback (most recent call last):
  File &quot;contrib/tools/python3/src/Lib/runpy.py&quot;, line 198, in _run_module_as_main
    return _run_code(code, main_globals, None,
           ^^^^^^^^^^^^^^^^^^^^^^^^^^^^^^^^^^^
  File &quot;contrib/tools/python3/src/Lib/runpy.py&quot;, line 88, in _run_code
    exec(code, run_globals)
  File &quot;cloud/storage/core/tests/recipes/qemu/__main__.py&quot;, line 6, in &amp;lt;module&amp;gt;
    declare_recipe(start, stop)
  File &quot;library/python/testing/recipe/__init__.py&quot;, line 107, in declare_recipe
    start(argv[1:])
  File &quot;cloud/storage/core/tools/testing/qemu/lib/recipe.py&quot;, line 42, in start
    start_instance(args, inst_index)
  File &quot;cloud/storage/core/tools/testing/qemu/lib/recipe.py&quot;, line 74, in start_instance
    qemu.start()
  File &quot;cloud/storage/core/tools/testing/qemu/lib/qemu.py&quot;, line 293, in start
    raise QemuException(msg)
cloud.storage.core.tools.testing.qemu.lib.qemu.QemuException: /dev/kvm is not available

logsdir:
/home/github/tmp/out/cloud/filestore/tests/profile_log/qemu-local-test/test-results/py3test/chunk4/testing_out_stuff
recipe stderr:
/home/github/tmp/out/cloud/filestore/tests/profile_log/qemu-local-test/test-results/py3test/chunk4/testing_out_stuff/recipe_start_qemu-recipe-5.err
recipe stdout:
/home/github/tmp/out/cloud/filestore/tests/profile_log/qemu-local-test/test-results/py3test/chunk4/testing_out_stuff/recipe_start_qemu-recipe-5.out
stderr:
/home/github/tmp/out/cloud/filestore/tests/profile_log/qemu-local-test/test-results/py3test/chunk4/testing_out_stuff/stderr
log:
/home/github/tmp/out/cloud/filestore/tests/profile_log/qemu-local-test/test-results/py3test/run_test.log</failure>
		</testcase>
		<testcase name="[5/7] chunk chunk" time="0.0">
			<failure>RecipeStartUpError: qemu-recipe-5 failed
Stderr tail:s' is deprecated and slated for removal in Python 3.13
  import pipes
Traceback (most recent call last):
  File &quot;contrib/tools/python3/src/Lib/runpy.py&quot;, line 198, in _run_module_as_main
    return _run_code(code, main_globals, None,
           ^^^^^^^^^^^^^^^^^^^^^^^^^^^^^^^^^^^
  File &quot;contrib/tools/python3/src/Lib/runpy.py&quot;, line 88, in _run_code
    exec(code, run_globals)
  File &quot;cloud/storage/core/tests/recipes/qemu/__main__.py&quot;, line 6, in &amp;lt;module&amp;gt;
    declare_recipe(start, stop)
  File &quot;library/python/testing/recipe/__init__.py&quot;, line 107, in declare_recipe
    start(argv[1:])
  File &quot;cloud/storage/core/tools/testing/qemu/lib/recipe.py&quot;, line 42, in start
    start_instance(args, inst_index)
  File &quot;cloud/storage/core/tools/testing/qemu/lib/recipe.py&quot;, line 74, in start_instance
    qemu.start()
  File &quot;cloud/storage/core/tools/testing/qemu/lib/qemu.py&quot;, line 293, in start
    raise QemuException(msg)
cloud.storage.core.tools.testing.qemu.lib.qemu.QemuException: /dev/kvm is not available

logsdir:
/home/github/tmp/out/cloud/filestore/tests/profile_log/qemu-local-test/test-results/py3test/chunk5/testing_out_stuff
recipe stderr:
/home/github/tmp/out/cloud/filestore/tests/profile_log/qemu-local-test/test-results/py3test/chunk5/testing_out_stuff/recipe_start_qemu-recipe-5.err
recipe stdout:
/home/github/tmp/out/cloud/filestore/tests/profile_log/qemu-local-test/test-results/py3test/chunk5/testing_out_stuff/recipe_start_qemu-recipe-5.out
stderr:
/home/github/tmp/out/cloud/filestore/tests/profile_log/qemu-local-test/test-results/py3test/chunk5/testing_out_stuff/stderr
log:
/home/github/tmp/out/cloud/filestore/tests/profile_log/qemu-local-test/test-results/py3test/run_test.log</failure>
		</testcase>
		<testcase name="[6/7] chunk chunk" time="0.0">
			<failure>RecipeStartUpError: qemu-recipe-5 failed
Stderr tail:s' is deprecated and slated for removal in Python 3.13
  import pipes
Traceback (most recent call last):
  File &quot;contrib/tools/python3/src/Lib/runpy.py&quot;, line 198, in _run_module_as_main
    return _run_code(code, main_globals, None,
           ^^^^^^^^^^^^^^^^^^^^^^^^^^^^^^^^^^^
  File &quot;contrib/tools/python3/src/Lib/runpy.py&quot;, line 88, in _run_code
    exec(code, run_globals)
  File &quot;cloud/storage/core/tests/recipes/qemu/__main__.py&quot;, line 6, in &amp;lt;module&amp;gt;
    declare_recipe(start, stop)
  File &quot;library/python/testing/recipe/__init__.py&quot;, line 107, in declare_recipe
    start(argv[1:])
  File &quot;cloud/storage/core/tools/testing/qemu/lib/recipe.py&quot;, line 42, in start
    start_instance(args, inst_index)
  File &quot;cloud/storage/core/tools/testing/qemu/lib/recipe.py&quot;, line 74, in start_instance
    qemu.start()
  File &quot;cloud/storage/core/tools/testing/qemu/lib/qemu.py&quot;, line 293, in start
    raise QemuException(msg)
cloud.storage.core.tools.testing.qemu.lib.qemu.QemuException: /dev/kvm is not available

logsdir:
/home/github/tmp/out/cloud/filestore/tests/profile_log/qemu-local-test/test-results/py3test/chunk6/testing_out_stuff
recipe stderr:
/home/github/tmp/out/cloud/filestore/tests/profile_log/qemu-local-test/test-results/py3test/chunk6/testing_out_stuff/recipe_start_qemu-recipe-5.err
recipe stdout:
/home/github/tmp/out/cloud/filestore/tests/profile_log/qemu-local-test/test-results/py3test/chunk6/testing_out_stuff/recipe_start_qemu-recipe-5.out
stderr:
/home/github/tmp/out/cloud/filestore/tests/profile_log/qemu-local-test/test-results/py3test/chunk6/testing_out_stuff/stderr
log:
/home/github/tmp/out/cloud/filestore/tests/profile_log/qemu-local-test/test-results/py3test/run_test.log</failure>
		</testcase>
	</testsuite>
	<testsuite name="cloud/filestore/tests/profile_log/qemu-local-test" tests="1" time="0.0" failures="0" skipped="0">
		<testcase name="test.py.flake8" time="0.0"/>
	</testsuite>
	<testsuite name="cloud/filestore/tests/client" tests="4" time="1.4585667319993263" failures="0" skipped="0">
		<testcase name="test.py.test_create_destroy" time="0.14630998799975714"/>
		<testcase name="test.py.test_create_mkdir_ls_destroy" time="0.30127201599998443"/>
		<testcase name="test.py.test_create_mkdir_ls_write_destroy" time="0.4137646799999857"/>
		<testcase name="test.py.test_list_filestores" time="0.597220047999599"/>
	</testsuite>
	<testsuite name="cloud/filestore/tests/client" tests="1" time="0.0" failures="0" skipped="0">
		<testcase name="test.py.flake8" time="0.0"/>
	</testsuite>
	<testsuite name="cloud/filestore/tests/service/service-kikimr-test" tests="4" time="1.4089322350000657" failures="0" skipped="0">
		<testcase name="test.py.test_alter" time="0.17798472999993464"/>
		<testcase name="test.py.test_create_destroy" time="1.0304988150001009"/>
		<testcase name="test.py.test_describe_model" time="0.021063767999976335"/>
		<testcase name="test.py.test_resize" time="0.17938492200005385"/>
	</testsuite>
	<testsuite name="cloud/filestore/tests/service/service-kikimr-test" tests="1" time="0.0" failures="0" skipped="0">
		<testcase name="test.py.flake8" time="0.0"/>
	</testsuite>
	<testsuite name="cloud/filestore/tests/service/service-local-test" tests="2" time="0.09639968999999837" failures="0" skipped="0">
		<testcase name="test.py.test_alter" time="0.06247641200002363"/>
		<testcase name="test.py.test_create_destroy" time="0.033923277999974744"/>
	</testsuite>
	<testsuite name="cloud/filestore/tests/service/service-local-test" tests="1" time="0.0" failures="0" skipped="0">
		<testcase name="test.py.flake8" time="0.0"/>
	</testsuite>
	<testsuite name="cloud/filestore/tests/service/service-vhost-test" tests="1" time="1.941560981999828" failures="0" skipped="0">
		<testcase name="test.py.test_create_destroy" time="1.941560981999828"/>
	</testsuite>
	<testsuite name="cloud/filestore/tests/service/service-vhost-test" tests="1" time="0.0" failures="0" skipped="0">
		<testcase name="test.py.flake8" time="0.0"/>
	</testsuite>
	<testsuite name="cloud/filestore/tests/python/lib" tests="9" time="0.0" failures="0" skipped="0">
		<testcase name="client.py.flake8" time="0.0"/>
		<testcase name="common.py.flake8" time="0.0"/>
		<testcase name="daemon_config.py.flake8" time="0.0"/>
		<testcase name="endpoint.py.flake8" time="0.0"/>
		<testcase name="http_proxy.py.flake8" time="0.0"/>
		<testcase name="kikimr.py.flake8" time="0.0"/>
		<testcase name="loadtest.py.flake8" time="0.0"/>
		<testcase name="server.py.flake8" time="0.0"/>
		<testcase name="vhost.py.flake8" time="0.0"/>
	</testsuite>
	<testsuite name="cloud/filestore/tests/recipes/mount" tests="1" time="0.0" failures="0" skipped="0">
		<testcase name="__main__.py.flake8" time="0.0"/>
	</testsuite>
	<testsuite name="cloud/filestore/tests/recipes/service-kikimr" tests="1" time="0.0" failures="0" skipped="0">
		<testcase name="__main__.py.flake8" time="0.0"/>
	</testsuite>
	<testsuite name="cloud/filestore/tests/recipes/service-local" tests="1" time="0.0" failures="0" skipped="0">
		<testcase name="__main__.py.flake8" time="0.0"/>
	</testsuite>
	<testsuite name="cloud/filestore/tests/recipes/vhost" tests="1" time="0.0" failures="0" skipped="0">
		<testcase name="__main__.py.flake8" time="0.0"/>
	</testsuite>
	<testsuite name="cloud/filestore/tests/recipes/vhost-endpoint" tests="1" time="0.0" failures="0" skipped="0">
		<testcase name="__main__.py.flake8" time="0.0"/>
	</testsuite>
	<testsuite name="cloud/filestore/tests/build_arcadia_test" tests="4" time="0.0" failures="0" skipped="0">
		<testcase name="__main__.py.flake8" time="0.0"/>
		<testcase name="common.py.flake8" time="0.0"/>
		<testcase name="coreutils.py.flake8" time="0.0"/>
		<testcase name="entrypoint.py.flake8" time="0.0"/>
	</testsuite>
	<testsuite name="cloud/filestore/tests/fio_index_migration/qemu-intrahost-migration-kikimr-nemesis-test" tests="1" time="0.049958254000557645" failures="1" skipped="0">
		<testcase name="test.py.test_fio[randrw_4K_16_jobs_4_fsync_16_fdatasync_8_write_barrier_4_unlink_end-fsync]" time="0.049958254000557645">
			<failure>cloud/filestore/tests/fio_index_migration/qemu-intrahost-migration-kikimr-nemesis-test/test.py:22: in test_fio
    migration.start()
cloud/storage/core/tools/testing/qemu/lib/qemu_with_migration.py:68: in start
    self.qemu.start()
cloud/storage/core/tools/testing/qemu/lib/qemu.py:293: in start
    raise QemuException(msg)
E   cloud.storage.core.tools.testing.qemu.lib.qemu.QemuException: /dev/kvm is not available

logsdir:
/home/github/tmp/out/cloud/filestore/tests/fio_index_migration/qemu-intrahost-migration-kikimr-nemesis-test/test-results/py3test/chunk0/testing_out_stuff
log:
/home/github/tmp/out/cloud/filestore/tests/fio_index_migration/qemu-intrahost-migration-kikimr-nemesis-test/test-results/py3test/chunk0/testing_out_stuff/test.py.test_fio.randrw_4K_16_jobs_4_fsync_16_fdatasync_8_write_barrier_4_unlink_end-fsync.log</failure>
		</testcase>
	</testsuite>
	<testsuite name="cloud/filestore/tests/fio_index_migration/qemu-intrahost-migration-kikimr-nemesis-test" tests="1" time="0.0" failures="0" skipped="0">
		<testcase name="test.py.flake8" time="0.0"/>
	</testsuite>
	<testsuite name="cloud/filestore/tests/fio_index_migration/qemu-intrahost-migration-kikimr-test" tests="1" time="0.06458485599978303" failures="1" skipped="0">
		<testcase name="test.py.test_fio[randrw_4K_16_jobs_4_fsync_16_fdatasync_8_write_barrier_4_unlink_end-fsync]" time="0.06458485599978303">
			<failure>cloud/filestore/tests/fio_index_migration/qemu-intrahost-migration-kikimr-test/test.py:22: in test_fio
    migration.start()
cloud/storage/core/tools/testing/qemu/lib/qemu_with_migration.py:68: in start
    self.qemu.start()
cloud/storage/core/tools/testing/qemu/lib/qemu.py:293: in start
    raise QemuException(msg)
E   cloud.storage.core.tools.testing.qemu.lib.qemu.QemuException: /dev/kvm is not available

logsdir:
/home/github/tmp/out/cloud/filestore/tests/fio_index_migration/qemu-intrahost-migration-kikimr-test/test-results/py3test/chunk0/testing_out_stuff
log:
/home/github/tmp/out/cloud/filestore/tests/fio_index_migration/qemu-intrahost-migration-kikimr-test/test-results/py3test/chunk0/testing_out_stuff/test.py.test_fio.randrw_4K_16_jobs_4_fsync_16_fdatasync_8_write_barrier_4_unlink_end-fsync.log</failure>
		</testcase>
	</testsuite>
	<testsuite name="cloud/filestore/tests/fio_index_migration/qemu-intrahost-migration-kikimr-test" tests="1" time="0.0" failures="0" skipped="0">
		<testcase name="test.py.flake8" time="0.0"/>
	</testsuite>
	<testsuite name="cloud/filestore/tests/fio_index_migration/qemu-intrahost-migration-local-test" tests="1" time="0.0507137149988921" failures="1" skipped="0">
		<testcase name="test.py.test_fio[randrw_4K_16_jobs_4_fsync_16_fdatasync_8_write_barrier_4_unlink_end-fsync]" time="0.0507137149988921">
			<failure>cloud/filestore/tests/fio_index_migration/qemu-intrahost-migration-local-test/test.py:22: in test_fio
    migration.start()
cloud/storage/core/tools/testing/qemu/lib/qemu_with_migration.py:68: in start
    self.qemu.start()
cloud/storage/core/tools/testing/qemu/lib/qemu.py:293: in start
    raise QemuException(msg)
E   cloud.storage.core.tools.testing.qemu.lib.qemu.QemuException: /dev/kvm is not available

logsdir:
/home/github/tmp/out/cloud/filestore/tests/fio_index_migration/qemu-intrahost-migration-local-test/test-results/py3test/chunk0/testing_out_stuff
log:
/home/github/tmp/out/cloud/filestore/tests/fio_index_migration/qemu-intrahost-migration-local-test/test-results/py3test/chunk0/testing_out_stuff/test.py.test_fio.randrw_4K_16_jobs_4_fsync_16_fdatasync_8_write_barrier_4_unlink_end-fsync.log</failure>
		</testcase>
	</testsuite>
	<testsuite name="cloud/filestore/tests/fio_index_migration/qemu-intrahost-migration-local-test" tests="1" time="0.0" failures="0" skipped="0">
		<testcase name="test.py.flake8" time="0.0"/>
	</testsuite>
	<testsuite name="cloud/filestore/tests/fio_migration/qemu-intrahost-migration-kikimr-nemesis-test" tests="1" time="0.05349127499994211" failures="1" skipped="0">
		<testcase name="test.py.test_fio[randrw_4K_32]" time="0.05349127499994211">
			<failure>cloud/filestore/tests/fio_migration/qemu-intrahost-migration-kikimr-nemesis-test/test.py:22: in test_fio
    migration.start()
cloud/storage/core/tools/testing/qemu/lib/qemu_with_migration.py:68: in start
    self.qemu.start()
cloud/storage/core/tools/testing/qemu/lib/qemu.py:293: in start
    raise QemuException(msg)
E   cloud.storage.core.tools.testing.qemu.lib.qemu.QemuException: /dev/kvm is not available

logsdir:
/home/github/tmp/out/cloud/filestore/tests/fio_migration/qemu-intrahost-migration-kikimr-nemesis-test/test-results/py3test/chunk0/testing_out_stuff
log:
/home/github/tmp/out/cloud/filestore/tests/fio_migration/qemu-intrahost-migration-kikimr-nemesis-test/test-results/py3test/chunk0/testing_out_stuff/test.py.test_fio.randrw_4K_32.log</failure>
		</testcase>
	</testsuite>
	<testsuite name="cloud/filestore/tests/fio_migration/qemu-intrahost-migration-kikimr-nemesis-test" tests="1" time="0.0" failures="0" skipped="0">
		<testcase name="test.py.flake8" time="0.0"/>
	</testsuite>
	<testsuite name="cloud/filestore/tests/fio_migration/qemu-intrahost-migration-kikimr-test" tests="1" time="0.04926896100096201" failures="1" skipped="0">
		<testcase name="test.py.test_fio[randrw_4K_32]" time="0.04926896100096201">
			<failure>cloud/filestore/tests/fio_migration/qemu-intrahost-migration-kikimr-test/test.py:22: in test_fio
    migration.start()
cloud/storage/core/tools/testing/qemu/lib/qemu_with_migration.py:68: in start
    self.qemu.start()
cloud/storage/core/tools/testing/qemu/lib/qemu.py:293: in start
    raise QemuException(msg)
E   cloud.storage.core.tools.testing.qemu.lib.qemu.QemuException: /dev/kvm is not available

logsdir:
/home/github/tmp/out/cloud/filestore/tests/fio_migration/qemu-intrahost-migration-kikimr-test/test-results/py3test/chunk0/testing_out_stuff
log:
/home/github/tmp/out/cloud/filestore/tests/fio_migration/qemu-intrahost-migration-kikimr-test/test-results/py3test/chunk0/testing_out_stuff/test.py.test_fio.randrw_4K_32.log</failure>
		</testcase>
	</testsuite>
	<testsuite name="cloud/filestore/tests/fio_migration/qemu-intrahost-migration-kikimr-test" tests="1" time="0.0" failures="0" skipped="0">
		<testcase name="test.py.flake8" time="0.0"/>
	</testsuite>
	<testsuite name="cloud/filestore/tests/fio_migration/qemu-intrahost-migration-local-test" tests="1" time="0.04239774599955126" failures="1" skipped="0">
		<testcase name="test.py.test_fio[randrw_4K_32]" time="0.04239774599955126">
			<failure>cloud/filestore/tests/fio_migration/qemu-intrahost-migration-local-test/test.py:22: in test_fio
    migration.start()
cloud/storage/core/tools/testing/qemu/lib/qemu_with_migration.py:68: in start
    self.qemu.start()
cloud/storage/core/tools/testing/qemu/lib/qemu.py:293: in start
    raise QemuException(msg)
E   cloud.storage.core.tools.testing.qemu.lib.qemu.QemuException: /dev/kvm is not available

logsdir:
/home/github/tmp/out/cloud/filestore/tests/fio_migration/qemu-intrahost-migration-local-test/test-results/py3test/chunk0/testing_out_stuff
log:
/home/github/tmp/out/cloud/filestore/tests/fio_migration/qemu-intrahost-migration-local-test/test-results/py3test/chunk0/testing_out_stuff/test.py.test_fio.randrw_4K_32.log</failure>
		</testcase>
	</testsuite>
	<testsuite name="cloud/filestore/tests/fio_migration/qemu-intrahost-migration-local-test" tests="1" time="0.0" failures="0" skipped="0">
		<testcase name="test.py.flake8" time="0.0"/>
	</testsuite>
	<testsuite name="cloud/filestore/tests/xfs_suite/tests" tests="1" time="5.937870712999938" failures="0" skipped="0">
		<testcase name="test.py.test_xfs_test_suite[cluster1-virtiofs-default.sh]" time="5.937870712999938"/>
	</testsuite>
	<testsuite name="cloud/filestore/tests/xfs_suite/tests" tests="1" time="0.0" failures="0" skipped="0">
		<testcase name="test.py.flake8" time="0.0"/>
	</testsuite>
	<testsuite name="cloud/filestore/tests/xfs_suite" tests="1" time="0.0" failures="0" skipped="0">
		<testcase name="__main__.py.flake8" time="0.0"/>
	</testsuite>
	<testsuite name="cloud/disk_manager/cmd/disk-manager" tests="1" time="0.01195383071899414" failures="0" skipped="0">
		<testcase name="main.go.gofmt" time="0.01195383071899414"/>
	</testsuite>
	<testsuite name="cloud/disk_manager/cmd/disk-manager-admin" tests="1" time="0.04771733283996582" failures="0" skipped="0">
		<testcase name="main.go.gofmt" time="0.04771733283996582"/>
	</testsuite>
	<testsuite name="cloud/disk_manager/cmd/disk-manager-init-db" tests="1" time="0.0052835941314697266" failures="0" skipped="0">
		<testcase name="main.go.gofmt" time="0.0052835941314697266"/>
	</testsuite>
	<testsuite name="cloud/disk_manager/internal/pkg/accounting" tests="2" time="0.06603074073791504" failures="0" skipped="0">
		<testcase name="interface.go.gofmt" time="0.03361034393310547"/>
		<testcase name="metrics.go.gofmt" time="0.03242039680480957"/>
	</testsuite>
	<testsuite name="cloud/disk_manager/internal/pkg/auth" tests="1" time="0.005350351333618164" failures="0" skipped="0">
		<testcase name="credentials.go.gofmt" time="0.005350351333618164"/>
	</testsuite>
	<testsuite name="cloud/disk_manager/internal/pkg/client" tests="1" time="0.006544351577758789" failures="0" skipped="0">
		<testcase name="client.go.gofmt" time="0.006544351577758789"/>
	</testsuite>
	<testsuite name="cloud/disk_manager/internal/pkg/clients/nbs/mocks" tests="2" time="0.01189422607421875" failures="0" skipped="0">
		<testcase name="client_mock.go.gofmt" time="0.007348775863647461"/>
		<testcase name="factory_mock.go.gofmt" time="0.004545450210571289"/>
	</testsuite>
	<testsuite name="cloud/disk_manager/internal/pkg/clients/nbs/tests" tests="29" time="90.74" failures="0" skipped="0">
		<testcase name="tests.TestCreate" time="0.19"/>
		<testcase name="tests.TestDeleteDisk" time="0.22"/>
		<testcase name="tests.TestDeleteDiskSync" time="0.2"/>
		<testcase name="tests.TestCreateDeleteCheckpoint" time="0.18"/>
		<testcase name="tests.TestDeleteCheckpointOnUnexistingDisk" time="0.04"/>
		<testcase name="tests.TestDeleteCheckpointData" time="0.16"/>
		<testcase name="tests.TestResizeDisk" time="0.18"/>
		<testcase name="tests.TestResizeDiskConcurrently" time="0.69"/>
		<testcase name="tests.TestResizeDiskFailureBecauseSizeIsNotDivisibleByBlockSize" time="0.11"/>
		<testcase name="tests.TestResizeDiskFailureBecauseSizeDecreaseIsForbidden" time="0.19"/>
		<testcase name="tests.TestResizeDiskFailureWhileChekpointing" time="0.14"/>
		<testcase name="tests.TestAlterDisk" time="0.25"/>
		<testcase name="tests.TestAlterDiskConcurrently" time="1.79"/>
		<testcase name="tests.TestAlterDiskFailureWhileCheckpointing" time="0.14"/>
		<testcase name="tests.TestRebaseDisk" time="0.4"/>
		<testcase name="tests.TestAssignDisk" time="0.13"/>
		<testcase name="tests.TestUnassignDisk" time="0.18"/>
		<testcase name="tests.TestUnassignDeletedDisk" time="0.17"/>
		<testcase name="tests.TestTokenErrorsShouldBeRetriable" time="7.56"/>
		<testcase name="tests.TestGetCheckpointSize" time="24.98"/>
		<testcase name="tests.TestIsNotFoundError" time="0.04"/>
		<testcase name="tests.TestMountRW" time="0.2"/>
		<testcase name="tests.TestMountRWDoesNotConflictWithBackgroundRediscover" time="1.26"/>
		<testcase name="tests.TestFreeze" time="40.77"/>
		<testcase name="tests.TestScanDisk" time="0.21"/>
		<testcase name="tests.TestGetChangedBytes" time="8.08"/>
		<testcase name="tests.TestCloneDiskFromOneZoneToAnother" time="1.22"/>
		<testcase name="tests.TestFinishFillDisk" time="0.41"/>
		<testcase name="tests.TestGetChangedBlocksForLightCheckpoints" time="0.65"/>
	</testsuite>
	<testsuite name="cloud/disk_manager/internal/pkg/clients/nbs/tests" tests="1" time="0.013208150863647461" failures="0" skipped="0">
		<testcase name="client_test.go.gofmt" time="0.013208150863647461"/>
	</testsuite>
	<testsuite name="cloud/disk_manager/internal/pkg/clients/nbs" tests="7" time="0.1320037841796875" failures="0" skipped="0">
		<testcase name="client.go.gofmt" time="0.025336027145385742"/>
		<testcase name="factory.go.gofmt" time="0.016322612762451172"/>
		<testcase name="interface.go.gofmt" time="0.021283864974975586"/>
		<testcase name="metrics.go.gofmt" time="0.016978740692138672"/>
		<testcase name="multi_zone_client.go.gofmt" time="0.014078617095947266"/>
		<testcase name="session.go.gofmt" time="0.019222736358642578"/>
		<testcase name="testing_client.go.gofmt" time="0.018781185150146484"/>
	</testsuite>
	<testsuite name="cloud/disk_manager/internal/pkg/clients/nfs/mocks" tests="2" time="0.009517908096313477" failures="0" skipped="0">
		<testcase name="client_mock.go.gofmt" time="0.005597829818725586"/>
		<testcase name="factory_mock.go.gofmt" time="0.003920078277587891"/>
	</testsuite>
	<testsuite name="cloud/disk_manager/internal/pkg/clients/nfs" tests="3" time="0.022687435150146484" failures="0" skipped="0">
		<testcase name="client.go.gofmt" time="0.005430698394775391"/>
		<testcase name="factory.go.gofmt" time="0.009871959686279297"/>
		<testcase name="interface.go.gofmt" time="0.007384777069091797"/>
	</testsuite>
	<testsuite name="cloud/disk_manager/internal/pkg/common/tests" tests="1" time="0.0" failures="0" skipped="0">
		<testcase name="tests.TestInflightQueueAdd" time="0.0"/>
	</testsuite>
	<testsuite name="cloud/disk_manager/internal/pkg/common" tests="8" time="0.03615570068359375" failures="0" skipped="0">
		<testcase name="assert.go.gofmt" time="0.005736589431762695"/>
		<testcase name="channel_with_cancellation.go.gofmt" time="0.005007743835449219"/>
		<testcase name="channel_with_inflight_queue.go.gofmt" time="0.003998279571533203"/>
		<testcase name="cond.go.gofmt" time="0.003732442855834961"/>
		<testcase name="inflight_queue.go.gofmt" time="0.004870414733886719"/>
		<testcase name="inflight_queue_test.go.gofmt" time="0.004468679428100586"/>
		<testcase name="progress_saver.go.gofmt" time="0.00432586669921875"/>
		<testcase name="util.go.gofmt" time="0.004015684127807617"/>
	</testsuite>
	<testsuite name="cloud/disk_manager/internal/pkg/dataplane/common/tests" tests="5" time="1.4" failures="0" skipped="0">
		<testcase name="tests.TestCheckDataIsAllZeroes" time="0.01"/>
		<testcase name="tests.TestTransfer" time="0.19"/>
		<testcase name="tests.TestTransferWithShallowCopy" time="0.19"/>
		<testcase name="tests.TestTransferShouldUpdateMilestoneWhenShallowCopyIsDoneSuccessfully" time="0.01"/>
		<testcase name="tests.TestTransferShouldNotUpdateMilestoneWhenShallowCopyIsFailed" time="1.0"/>
	</testsuite>
	<testsuite name="cloud/disk_manager/internal/pkg/dataplane/common" tests="4" time="0.02514934539794922" failures="0" skipped="0">
		<testcase name="chunk.go.gofmt" time="0.005411624908447266"/>
		<testcase name="chunk_test.go.gofmt" time="0.004564046859741211"/>
		<testcase name="transfer.go.gofmt" time="0.006749629974365234"/>
		<testcase name="transfer_test.go.gofmt" time="0.008424043655395508"/>
	</testsuite>
	<testsuite name="cloud/disk_manager/internal/pkg/dataplane/nbs/tests" tests="3" time="4.430000000000001" failures="0" skipped="0">
		<testcase name="tests.TestChunkIndices" time="3.23"/>
		<testcase name="tests.TestReadWrite" time="0.55"/>
		<testcase name="tests.TestDontReadFromCheckpoint" time="0.65"/>
	</testsuite>
	<testsuite name="cloud/disk_manager/internal/pkg/dataplane/nbs/tests" tests="1" time="0.02031421661376953" failures="0" skipped="0">
		<testcase name="nbs_test.go.gofmt" time="0.02031421661376953"/>
	</testsuite>
	<testsuite name="cloud/disk_manager/internal/pkg/dataplane/nbs" tests="3" time="0.11979341506958008" failures="0" skipped="0">
		<testcase name="common.go.gofmt" time="0.02622199058532715"/>
		<testcase name="source.go.gofmt" time="0.05870366096496582"/>
		<testcase name="target.go.gofmt" time="0.03486776351928711"/>
	</testsuite>
	<testsuite name="cloud/disk_manager/internal/pkg/dataplane/snapshot/storage/chunks/tests" tests="10" time="7.620000000000001" failures="0" skipped="0">
		<testcase name="tests.TestWriteIdempotency" time="1.18"/>
		<testcase name="tests.TestRefIdempotency" time="0.76"/>
		<testcase name="tests.TestUnrefIdempotency" time="1.56"/>
		<testcase name="tests.TestLastUnrefShouldDeleteDataEvenIfMetadataIsAbsent" time="0.62"/>
		<testcase name="tests.TestWriteIdempotency/ydb_storage" time="0.86"/>
		<testcase name="tests.TestWriteIdempotency/s3_storage" time="0.32"/>
		<testcase name="tests.TestRefIdempotency/ydb_storage" time="0.38"/>
		<testcase name="tests.TestRefIdempotency/s3_storage" time="0.38"/>
		<testcase name="tests.TestUnrefIdempotency/ydb_storage" time="0.75"/>
		<testcase name="tests.TestUnrefIdempotency/s3_storage" time="0.81"/>
	</testsuite>
	<testsuite name="cloud/disk_manager/internal/pkg/dataplane/snapshot/storage/chunks" tests="5" time="0.03141212463378906" failures="0" skipped="0">
		<testcase name="common.go.gofmt" time="0.005959272384643555"/>
		<testcase name="storage.go.gofmt" time="0.005516767501831055"/>
		<testcase name="storage_s3.go.gofmt" time="0.0065708160400390625"/>
		<testcase name="storage_test.go.gofmt" time="0.00726008415222168"/>
		<testcase name="storage_ydb.go.gofmt" time="0.006105184555053711"/>
	</testsuite>
	<testsuite name="cloud/disk_manager/internal/pkg/dataplane/snapshot/storage/compressor/tests" tests="91" time="1.6800000000000004" failures="0" skipped="0">
		<testcase name="tests.TestCompression" time="0.95"/>
		<testcase name="tests.TestCompression/gzip_1_random" time="0.0"/>
		<testcase name="tests.TestCompression/gzip_1_zero" time="0.0"/>
		<testcase name="tests.TestCompression/gzip_1_sparce" time="0.0"/>
		<testcase name="tests.TestCompression/gzip_1337_random" time="0.0"/>
		<testcase name="tests.TestCompression/gzip_1337_zero" time="0.0"/>
		<testcase name="tests.TestCompression/gzip_1337_sparce" time="0.0"/>
		<testcase name="tests.TestCompression/gzip_4096_random" time="0.0"/>
		<testcase name="tests.TestCompression/gzip_4096_zero" time="0.0"/>
		<testcase name="tests.TestCompression/gzip_4096_sparce" time="0.0"/>
		<testcase name="tests.TestCompression/gzip_65535_random" time="0.01"/>
		<testcase name="tests.TestCompression/gzip_65535_zero" time="0.0"/>
		<testcase name="tests.TestCompression/gzip_65535_sparce" time="0.0"/>
		<testcase name="tests.TestCompression/gzip_4194304_random" time="0.21"/>
		<testcase name="tests.TestCompression/gzip_4194304_zero" time="0.05"/>
		<testcase name="tests.TestCompression/gzip_4194304_sparce" time="0.05"/>
		<testcase name="tests.TestCompression/lz4_1_random" time="0.01"/>
		<testcase name="tests.TestCompression/lz4_1_zero" time="0.0"/>
		<testcase name="tests.TestCompression/lz4_1_sparce" time="0.0"/>
		<testcase name="tests.TestCompression/lz4_1337_random" time="0.0"/>
		<testcase name="tests.TestCompression/lz4_1337_zero" time="0.01"/>
		<testcase name="tests.TestCompression/lz4_1337_sparce" time="0.02"/>
		<testcase name="tests.TestCompression/lz4_4096_random" time="0.02"/>
		<testcase name="tests.TestCompression/lz4_4096_zero" time="0.01"/>
		<testcase name="tests.TestCompression/lz4_4096_sparce" time="0.0"/>
		<testcase name="tests.TestCompression/lz4_65535_random" time="0.01"/>
		<testcase name="tests.TestCompression/lz4_65535_zero" time="0.0"/>
		<testcase name="tests.TestCompression/lz4_65535_sparce" time="0.0"/>
		<testcase name="tests.TestCompression/lz4_4194304_random" time="0.03"/>
		<testcase name="tests.TestCompression/lz4_4194304_zero" time="0.03"/>
		<testcase name="tests.TestCompression/lz4_4194304_sparce" time="0.03"/>
		<testcase name="tests.TestCompression/zstd_1_random" time="0.01"/>
		<testcase name="tests.TestCompression/zstd_1_zero" time="0.0"/>
		<testcase name="tests.TestCompression/zstd_1_sparce" time="0.0"/>
		<testcase name="tests.TestCompression/zstd_1337_random" time="0.0"/>
		<testcase name="tests.TestCompression/zstd_1337_zero" time="0.0"/>
		<testcase name="tests.TestCompression/zstd_1337_sparce" time="0.0"/>
		<testcase name="tests.TestCompression/zstd_4096_random" time="0.0"/>
		<testcase name="tests.TestCompression/zstd_4096_zero" time="0.0"/>
		<testcase name="tests.TestCompression/zstd_4096_sparce" time="0.0"/>
		<testcase name="tests.TestCompression/zstd_65535_random" time="0.0"/>
		<testcase name="tests.TestCompression/zstd_65535_zero" time="0.0"/>
		<testcase name="tests.TestCompression/zstd_65535_sparce" time="0.0"/>
		<testcase name="tests.TestCompression/zstd_4194304_random" time="0.05"/>
		<testcase name="tests.TestCompression/zstd_4194304_zero" time="0.02"/>
		<testcase name="tests.TestCompression/zstd_4194304_sparce" time="0.02"/>
		<testcase name="tests.TestCompression/zstd_cgo_1_random" time="0.0"/>
		<testcase name="tests.TestCompression/zstd_cgo_1_zero" time="0.0"/>
		<testcase name="tests.TestCompression/zstd_cgo_1_sparce" time="0.0"/>
		<testcase name="tests.TestCompression/zstd_cgo_1337_random" time="0.0"/>
		<testcase name="tests.TestCompression/zstd_cgo_1337_zero" time="0.0"/>
		<testcase name="tests.TestCompression/zstd_cgo_1337_sparce" time="0.0"/>
		<testcase name="tests.TestCompression/zstd_cgo_4096_random" time="0.0"/>
		<testcase name="tests.TestCompression/zstd_cgo_4096_zero" time="0.0"/>
		<testcase name="tests.TestCompression/zstd_cgo_4096_sparce" time="0.0"/>
		<testcase name="tests.TestCompression/zstd_cgo_65535_random" time="0.0"/>
		<testcase name="tests.TestCompression/zstd_cgo_65535_zero" time="0.0"/>
		<testcase name="tests.TestCompression/zstd_cgo_65535_sparce" time="0.0"/>
		<testcase name="tests.TestCompression/zstd_cgo_4194304_random" time="0.02"/>
		<testcase name="tests.TestCompression/zstd_cgo_4194304_zero" time="0.01"/>
		<testcase name="tests.TestCompression/zstd_cgo_4194304_sparce" time="0.02"/>
		<testcase name="tests.TestCompression/lz4_block_1_random" time="0.0"/>
		<testcase name="tests.TestCompression/lz4_block_1_zero" time="0.0"/>
		<testcase name="tests.TestCompression/lz4_block_1_sparce" time="0.0"/>
		<testcase name="tests.TestCompression/lz4_block_1337_random" time="0.0"/>
		<testcase name="tests.TestCompression/lz4_block_1337_zero" time="0.0"/>
		<testcase name="tests.TestCompression/lz4_block_1337_sparce" time="0.0"/>
		<testcase name="tests.TestCompression/lz4_block_4096_random" time="0.0"/>
		<testcase name="tests.TestCompression/lz4_block_4096_zero" time="0.0"/>
		<testcase name="tests.TestCompression/lz4_block_4096_sparce" time="0.0"/>
		<testcase name="tests.TestCompression/lz4_block_65535_random" time="0.0"/>
		<testcase name="tests.TestCompression/lz4_block_65535_zero" time="0.0"/>
		<testcase name="tests.TestCompression/lz4_block_65535_sparce" time="0.0"/>
		<testcase name="tests.TestCompression/lz4_block_4194304_random" time="0.02"/>
		<testcase name="tests.TestCompression/lz4_block_4194304_zero" time="0.02"/>
		<testcase name="tests.TestCompression/lz4_block_4194304_sparce" time="0.02"/>
		<testcase name="tests.TestCompression/_1_random" time="0.0"/>
		<testcase name="tests.TestCompression/_1_zero" time="0.0"/>
		<testcase name="tests.TestCompression/_1_sparce" time="0.0"/>
		<testcase name="tests.TestCompression/_1337_random" time="0.0"/>
		<testcase name="tests.TestCompression/_1337_zero" time="0.0"/>
		<testcase name="tests.TestCompression/_1337_sparce" time="0.0"/>
		<testcase name="tests.TestCompression/_4096_random" time="0.0"/>
		<testcase name="tests.TestCompression/_4096_zero" time="0.0"/>
		<testcase name="tests.TestCompression/_4096_sparce" time="0.0"/>
		<testcase name="tests.TestCompression/_65535_random" time="0.0"/>
		<testcase name="tests.TestCompression/_65535_zero" time="0.0"/>
		<testcase name="tests.TestCompression/_65535_sparce" time="0.0"/>
		<testcase name="tests.TestCompression/_4194304_random" time="0.01"/>
		<testcase name="tests.TestCompression/_4194304_zero" time="0.01"/>
		<testcase name="tests.TestCompression/_4194304_sparce" time="0.01"/>
	</testsuite>
	<testsuite name="cloud/disk_manager/internal/pkg/dataplane/snapshot/storage/compressor" tests="2" time="0.05462646484375" failures="0" skipped="0">
		<testcase name="compressor.go.gofmt" time="0.03717851638793945"/>
		<testcase name="compressor_test.go.gofmt" time="0.017447948455810547"/>
	</testsuite>
	<testsuite name="cloud/disk_manager/internal/pkg/dataplane/snapshot/storage/metrics" tests="2" time="0.010192394256591797" failures="0" skipped="0">
		<testcase name="metrics.go.gofmt" time="0.00458836555480957"/>
		<testcase name="metrics_impl.go.gofmt" time="0.0056040287017822266"/>
	</testsuite>
	<testsuite name="cloud/disk_manager/internal/pkg/dataplane/snapshot/storage/schema" tests="1" time="0.006884574890136719" failures="0" skipped="0">
		<testcase name="schema.go.gofmt" time="0.006884574890136719"/>
	</testsuite>
	<testsuite name="cloud/disk_manager/internal/pkg/dataplane/snapshot/storage/mocks" tests="1" time="0.007719278335571289" failures="0" skipped="0">
		<testcase name="storage_mock.go.gofmt" time="0.007719278335571289"/>
	</testsuite>
	<testsuite name="cloud/disk_manager/internal/pkg/dataplane/snapshot/storage/tests" tests="67" time="69.33000000000003" failures="0" skipped="0">
		<testcase name="tests.TestCreateSnapshot" time="1.05"/>
		<testcase name="tests.TestDeletingSnapshot" time="0.56"/>
		<testcase name="tests.TestDeleteNonexistentSnapshot" time="0.53"/>
		<testcase name="tests.TestClearDeletingSnapshots" time="0.8"/>
		<testcase name="tests.TestDeleteSnapshotData" time="1.5"/>
		<testcase name="tests.TestShallowCopySnapshot" time="1.15"/>
		<testcase name="tests.TestDeleteCopiedSnapshot" time="1.71"/>
		<testcase name="tests.TestDeleteCopiedSnapshotSource" time="1.67"/>
		<testcase name="tests.TestShallowCopySnapshotWithRandomFailure" time="18.59"/>
		<testcase name="tests.TestWriteChunk" time="0.46"/>
		<testcase name="tests.TestWriteChunkIdempotency" time="0.59"/>
		<testcase name="tests.TestFlattenChunkData" time="0.48"/>
		<testcase name="tests.TestReadChunk" time="0.55"/>
		<testcase name="tests.TestReadNonExistentChunk" time="0.38"/>
		<testcase name="tests.TestWriteZeroChunk" time="0.54"/>
		<testcase name="tests.TestShallowCopyZeroChunk" time="0.58"/>
		<testcase name="tests.TestCheckSnapshotReady" time="0.54"/>
		<testcase name="tests.TestChunkChecksumMismatch" time="0.53"/>
		<testcase name="tests.TestS3BlobMetadataMissing" time="0.23"/>
		<testcase name="tests.TestChunkCompression" time="0.66"/>
		<testcase name="tests.TestReadChunkMapReturnsErrorWhenContextIsAlreadyCancelled" time="0.34"/>
		<testcase name="tests.TestGetDataChunkCount" time="0.69"/>
		<testcase name="tests.TestCompressionMetricsCollection" time="0.63"/>
		<testcase name="tests.TestCreateSnapshot/store_chunks_in_ydb" time="0.82"/>
		<testcase name="tests.TestCreateSnapshot/store_chunks_in_s3" time="0.24"/>
		<testcase name="tests.TestDeletingSnapshot/store_chunks_in_ydb" time="0.28"/>
		<testcase name="tests.TestDeletingSnapshot/store_chunks_in_s3" time="0.27"/>
		<testcase name="tests.TestDeleteNonexistentSnapshot/store_chunks_in_ydb" time="0.28"/>
		<testcase name="tests.TestDeleteNonexistentSnapshot/store_chunks_in_s3" time="0.25"/>
		<testcase name="tests.TestClearDeletingSnapshots/store_chunks_in_ydb" time="0.41"/>
		<testcase name="tests.TestClearDeletingSnapshots/store_chunks_in_s3" time="0.4"/>
		<testcase name="tests.TestDeleteSnapshotData/store_chunks_in_ydb" time="0.73"/>
		<testcase name="tests.TestDeleteSnapshotData/store_chunks_in_s3" time="0.77"/>
		<testcase name="tests.TestShallowCopySnapshot/store_chunks_in_ydb" time="0.52"/>
		<testcase name="tests.TestShallowCopySnapshot/store_chunks_in_s3" time="0.63"/>
		<testcase name="tests.TestDeleteCopiedSnapshot/store_chunks_in_ydb" time="0.89"/>
		<testcase name="tests.TestDeleteCopiedSnapshot/store_chunks_in_s3" time="0.83"/>
		<testcase name="tests.TestDeleteCopiedSnapshotSource/store_chunks_in_ydb" time="0.83"/>
		<testcase name="tests.TestDeleteCopiedSnapshotSource/store_chunks_in_s3" time="0.84"/>
		<testcase name="tests.TestShallowCopySnapshotWithRandomFailure/store_chunks_in_ydb" time="3.27"/>
		<testcase name="tests.TestShallowCopySnapshotWithRandomFailure/store_chunks_in_s3" time="15.32"/>
		<testcase name="tests.TestWriteChunk/store_chunks_in_ydb" time="0.23"/>
		<testcase name="tests.TestWriteChunk/store_chunks_in_s3" time="0.24"/>
		<testcase name="tests.TestWriteChunkIdempotency/store_chunks_in_ydb" time="0.31"/>
		<testcase name="tests.TestWriteChunkIdempotency/store_chunks_in_s3" time="0.28"/>
		<testcase name="tests.TestFlattenChunkData/store_chunks_in_ydb" time="0.23"/>
		<testcase name="tests.TestFlattenChunkData/store_chunks_in_s3" time="0.25"/>
		<testcase name="tests.TestReadChunk/store_chunks_in_ydb" time="0.27"/>
		<testcase name="tests.TestReadChunk/store_chunks_in_s3" time="0.28"/>
		<testcase name="tests.TestReadNonExistentChunk/store_chunks_in_ydb" time="0.2"/>
		<testcase name="tests.TestReadNonExistentChunk/store_chunks_in_s3" time="0.18"/>
		<testcase name="tests.TestWriteZeroChunk/store_chunks_in_ydb" time="0.27"/>
		<testcase name="tests.TestWriteZeroChunk/store_chunks_in_s3" time="0.27"/>
		<testcase name="tests.TestShallowCopyZeroChunk/store_chunks_in_ydb" time="0.29"/>
		<testcase name="tests.TestShallowCopyZeroChunk/store_chunks_in_s3" time="0.29"/>
		<testcase name="tests.TestCheckSnapshotReady/store_chunks_in_ydb" time="0.27"/>
		<testcase name="tests.TestCheckSnapshotReady/store_chunks_in_s3" time="0.27"/>
		<testcase name="tests.TestChunkChecksumMismatch/store_chunks_in_ydb" time="0.28"/>
		<testcase name="tests.TestChunkChecksumMismatch/store_chunks_in_s3" time="0.25"/>
		<testcase name="tests.TestChunkCompression/store_chunks_in_ydb" time="0.36"/>
		<testcase name="tests.TestChunkCompression/store_chunks_in_s3" time="0.29"/>
		<testcase name="tests.TestReadChunkMapReturnsErrorWhenContextIsAlreadyCancelled/store_chunks_in_ydb" time="0.18"/>
		<testcase name="tests.TestReadChunkMapReturnsErrorWhenContextIsAlreadyCancelled/store_chunks_in_s3" time="0.17"/>
		<testcase name="tests.TestGetDataChunkCount/store_chunks_in_ydb" time="0.35"/>
		<testcase name="tests.TestGetDataChunkCount/store_chunks_in_s3" time="0.34"/>
		<testcase name="tests.TestCompressionMetricsCollection/store_chunks_in_ydb" time="0.34"/>
		<testcase name="tests.TestCompressionMetricsCollection/store_chunks_in_s3" time="0.3"/>
	</testsuite>
	<testsuite name="cloud/disk_manager/internal/pkg/dataplane/snapshot/storage" tests="9" time="0.08347439765930176" failures="0" skipped="0">
		<testcase name="common.go.gofmt" time="0.02407383918762207"/>
		<testcase name="factory.go.gofmt" time="0.005019426345825195"/>
		<testcase name="storage.go.gofmt" time="0.008387088775634766"/>
		<testcase name="storage_legacy.go.gofmt" time="0.004937171936035156"/>
		<testcase name="storage_legacy_impl.go.gofmt" time="0.006821870803833008"/>
		<testcase name="storage_ydb.go.gofmt" time="0.0052607059478759766"/>
		<testcase name="storage_ydb_impl.go.gofmt" time="0.008417367935180664"/>
		<testcase name="storage_ydb_metrics.go.gofmt" time="0.0046465396881103516"/>
		<testcase name="storage_ydb_test.go.gofmt" time="0.01591038703918457"/>
	</testsuite>
	<testsuite name="cloud/disk_manager/internal/pkg/dataplane/snapshot" tests="3" time="0.013039588928222656" failures="0" skipped="0">
		<testcase name="shallow_source.go.gofmt" time="0.0038399696350097656"/>
		<testcase name="source.go.gofmt" time="0.005178928375244141"/>
		<testcase name="target.go.gofmt" time="0.00402069091796875"/>
	</testsuite>
	<testsuite name="cloud/disk_manager/internal/pkg/dataplane/test" tests="1" time="0.004225015640258789" failures="0" skipped="0">
		<testcase name="common.go.gofmt" time="0.004225015640258789"/>
	</testsuite>
	<testsuite name="cloud/disk_manager/internal/pkg/dataplane/url/common/cache/tests" tests="1" time="10.15" failures="0" skipped="0">
		<testcase name="tests.TestCacheReadConcurrently" time="10.15"/>
	</testsuite>
	<testsuite name="cloud/disk_manager/internal/pkg/dataplane/url/common/cache" tests="2" time="0.034403085708618164" failures="0" skipped="0">
		<testcase name="cache.go.gofmt" time="0.017856836318969727"/>
		<testcase name="cache_test.go.gofmt" time="0.016546249389648438"/>
	</testsuite>
	<testsuite name="cloud/disk_manager/internal/pkg/dataplane/url/common/testing" tests="1" time="0.00609898567199707" failures="0" skipped="0">
		<testcase name="image_map_reader.go.gofmt" time="0.00609898567199707"/>
	</testsuite>
	<testsuite name="cloud/disk_manager/internal/pkg/dataplane/url/common/tests" tests="9" time="10.699999999999998" failures="0" skipped="0">
		<testcase name="tests.TestHTTPClientURLReplacement" time="0.02"/>
		<testcase name="tests.TestHTTPClientLogger" time="0.0"/>
		<testcase name="tests.TestHTTPClientTimeout" time="10.02"/>
		<testcase name="tests.TestReader" time="0.6"/>
		<testcase name="tests.TestReader/readOnBorder" time="0.01"/>
		<testcase name="tests.TestReader/readFromLeft" time="0.02"/>
		<testcase name="tests.TestReader/readFromRight" time="0.02"/>
		<testcase name="tests.TestReader/readOne" time="0.0"/>
		<testcase name="tests.TestReader/readCached" time="0.01"/>
	</testsuite>
	<testsuite name="cloud/disk_manager/internal/pkg/dataplane/url/common" tests="6" time="0.0764617919921875" failures="0" skipped="0">
		<testcase name="errors.go.gofmt" time="0.020053625106811523"/>
		<testcase name="http_client.go.gofmt" time="0.011813879013061523"/>
		<testcase name="http_client_test.go.gofmt" time="0.01073002815246582"/>
		<testcase name="image_map.go.gofmt" time="0.006912946701049805"/>
		<testcase name="reader.go.gofmt" time="0.016359567642211914"/>
		<testcase name="reader_test.go.gofmt" time="0.010591745376586914"/>
	</testsuite>
	<testsuite name="cloud/disk_manager/internal/pkg/dataplane/url/qcow2/tests" tests="2" time="0.17" failures="0" skipped="0">
		<testcase name="tests.TestQCOW2MapImageUbuntu1604" time="0.14"/>
		<testcase name="tests.TestQCOW2MapImageUbuntu1804" time="0.03"/>
	</testsuite>
	<testsuite name="cloud/disk_manager/internal/pkg/dataplane/url/qcow2/tests" tests="1" time="0.005361795425415039" failures="0" skipped="0">
		<testcase name="qcow2_test.go.gofmt" time="0.005361795425415039"/>
	</testsuite>
	<testsuite name="cloud/disk_manager/internal/pkg/dataplane/url/qcow2" tests="2" time="0.011683940887451172" failures="0" skipped="0">
		<testcase name="common.go.gofmt" time="0.005246400833129883"/>
		<testcase name="image_map_reader.go.gofmt" time="0.006437540054321289"/>
	</testsuite>
	<testsuite name="cloud/disk_manager/internal/pkg/dataplane/url/vmdk/tests" tests="1" time="24.52" failures="0" skipped="0">
		<testcase name="tests.TestVMDKMapImageUbuntu2204" time="24.52"/>
	</testsuite>
	<testsuite name="cloud/disk_manager/internal/pkg/dataplane/url/vmdk/tests" tests="1" time="0.009804725646972656" failures="0" skipped="0">
		<testcase name="vmdk_test.go.gofmt" time="0.009804725646972656"/>
	</testsuite>
	<testsuite name="cloud/disk_manager/internal/pkg/dataplane/url/vmdk" tests="4" time="0.030777692794799805" failures="0" skipped="0">
		<testcase name="grain.go.gofmt" time="0.004673957824707031"/>
		<testcase name="header.go.gofmt" time="0.004515171051025391"/>
		<testcase name="image_map_reader.go.gofmt" time="0.01188969612121582"/>
		<testcase name="marker.go.gofmt" time="0.009698867797851562"/>
	</testsuite>
	<testsuite name="cloud/disk_manager/internal/pkg/dataplane/url/tests" tests="8" time="261.62" failures="0" skipped="0">
		<testcase name="tests.TestImageReading" time="130.8"/>
		<testcase name="tests.TestInvalidImageReading" time="0.01"/>
		<testcase name="tests.TestImageReading/raw_image" time="0.4"/>
		<testcase name="tests.TestImageReading/qcow2_image" time="0.34"/>
		<testcase name="tests.TestImageReading/vmdk_image" time="0.24"/>
		<testcase name="tests.TestImageReading/vmdk_stream_optimized_image" time="1.3"/>
		<testcase name="tests.TestImageReading/vmdk_stream_optimized_ubuntu_image" time="69.35"/>
		<testcase name="tests.TestImageReading/qcow2_image_which_reproduces_panic_issue_(NBS-4635)" time="59.18"/>
	</testsuite>
	<testsuite name="cloud/disk_manager/internal/pkg/dataplane/url/tests" tests="1" time="0.006451845169067383" failures="0" skipped="0">
		<testcase name="url_test.go.gofmt" time="0.006451845169067383"/>
	</testsuite>
	<testsuite name="cloud/disk_manager/internal/pkg/dataplane/url" tests="5" time="0.024013519287109375" failures="0" skipped="0">
		<testcase name="chunk_map_reader.go.gofmt" time="0.0045435428619384766"/>
		<testcase name="formats.go.gofmt" time="0.004487276077270508"/>
		<testcase name="image_reader.go.gofmt" time="0.005049228668212891"/>
		<testcase name="raw_image_map_reader.go.gofmt" time="0.0045871734619140625"/>
		<testcase name="source.go.gofmt" time="0.0053462982177734375"/>
	</testsuite>
	<testsuite name="cloud/disk_manager/internal/pkg/dataplane/tests" tests="4" time="0.02" failures="0" skipped="0">
		<testcase name="tests.TestCollectSnapshotsTaskNothingToCollect" time="0.01"/>
		<testcase name="tests.TestCollectSnapshotsTaskErrorInSaveState" time="0.0"/>
		<testcase name="tests.TestCollectSnapshotsTaskCollectSeveralSnapshots" time="0.01"/>
		<testcase name="tests.TestCheckReplicateProgress" time="0.0"/>
	</testsuite>
	<testsuite name="cloud/disk_manager/internal/pkg/dataplane" tests="15" time="0.0754697322845459" failures="0" skipped="0">
		<testcase name="collect_snapshot_metrics_task.go.gofmt" time="0.0042536258697509766"/>
		<testcase name="collect_snapshots_task.go.gofmt" time="0.006018877029418945"/>
		<testcase name="collect_snapshots_task_test.go.gofmt" time="0.0048673152923583984"/>
		<testcase name="consts.go.gofmt" time="0.003990650177001953"/>
		<testcase name="create_snapshot_from_disk_task.go.gofmt" time="0.006030559539794922"/>
		<testcase name="create_snapshot_from_legacy_snapshot_task.go.gofmt" time="0.004894733428955078"/>
		<testcase name="create_snapshot_from_snapshot_task.go.gofmt" time="0.0049288272857666016"/>
		<testcase name="create_snapshot_from_url_task.go.gofmt" time="0.005168914794921875"/>
		<testcase name="delete_snapshot_data_task.go.gofmt" time="0.0040509700775146484"/>
		<testcase name="delete_snapshot_task.go.gofmt" time="0.004246711730957031"/>
		<testcase name="register.go.gofmt" time="0.00667572021484375"/>
		<testcase name="replicate_disk_task.go.gofmt" time="0.0057680606842041016"/>
		<testcase name="replicate_disk_task_test.go.gofmt" time="0.004485607147216797"/>
		<testcase name="transfer_from_disk_to_disk_task.go.gofmt" time="0.005230426788330078"/>
		<testcase name="transfer_from_snapshot_to_disk_task.go.gofmt" time="0.004858732223510742"/>
	</testsuite>
	<testsuite name="cloud/disk_manager/internal/pkg/dataplane/transfer_tests" tests="30" time="70.4" failures="0" skipped="0">
		<testcase name="transfer_tests.TestCollectSnapshotsTaskNothingToCollect" time="0.01"/>
		<testcase name="transfer_tests.TestCollectSnapshotsTaskErrorInSaveState" time="0.0"/>
		<testcase name="transfer_tests.TestCollectSnapshotsTaskCollectSeveralSnapshots" time="0.01"/>
		<testcase name="transfer_tests.TestCheckReplicateProgress" time="0.0"/>
		<testcase name="transfer_tests.TestTransferFromDiskToDisk" time="10.23"/>
		<testcase name="transfer_tests.TestTransferFromDiskToSnapshot" time="5.19"/>
		<testcase name="transfer_tests.TestTransferFromSnapshotToDisk" time="5.54"/>
		<testcase name="transfer_tests.TestTransferFromSnapshotToSnapshot" time="5.75"/>
		<testcase name="transfer_tests.TestTransferFromDiskToIncrementalSnapshot" time="7.75"/>
		<testcase name="transfer_tests.TestTransferFromDiskToIncrementalSnapshotWhenBaseSnapshotIsSmall" time="1.46"/>
		<testcase name="transfer_tests.TestTransferFromDiskToDisk/store_chunks_in_ydb_without_random_failures" time="7.56"/>
		<testcase name="transfer_tests.TestTransferFromDiskToDisk/store_chunks_in_s3_without_random_failures" time="0.92"/>
		<testcase name="transfer_tests.TestTransferFromDiskToDisk/store_chunks_in_ydb_with_random_failures" time="0.88"/>
		<testcase name="transfer_tests.TestTransferFromDiskToDisk/store_chunks_in_s3_with_random_failures" time="0.87"/>
		<testcase name="transfer_tests.TestTransferFromDiskToSnapshot/store_chunks_in_ydb_without_random_failures" time="1.61"/>
		<testcase name="transfer_tests.TestTransferFromDiskToSnapshot/store_chunks_in_s3_without_random_failures" time="1.23"/>
		<testcase name="transfer_tests.TestTransferFromDiskToSnapshot/store_chunks_in_ydb_with_random_failures" time="0.98"/>
		<testcase name="transfer_tests.TestTransferFromDiskToSnapshot/store_chunks_in_s3_with_random_failures" time="1.37"/>
		<testcase name="transfer_tests.TestTransferFromSnapshotToDisk/store_chunks_in_ydb_without_random_failures" time="1.19"/>
		<testcase name="transfer_tests.TestTransferFromSnapshotToDisk/store_chunks_in_s3_without_random_failures" time="1.53"/>
		<testcase name="transfer_tests.TestTransferFromSnapshotToDisk/store_chunks_in_ydb_with_random_failures" time="1.28"/>
		<testcase name="transfer_tests.TestTransferFromSnapshotToDisk/store_chunks_in_s3_with_random_failures" time="1.55"/>
		<testcase name="transfer_tests.TestTransferFromSnapshotToSnapshot/store_chunks_in_ydb_without_random_failures" time="1.12"/>
		<testcase name="transfer_tests.TestTransferFromSnapshotToSnapshot/store_chunks_in_s3_without_random_failures" time="1.73"/>
		<testcase name="transfer_tests.TestTransferFromSnapshotToSnapshot/store_chunks_in_ydb_with_random_failures" time="1.15"/>
		<testcase name="transfer_tests.TestTransferFromSnapshotToSnapshot/store_chunks_in_s3_with_random_failures" time="1.75"/>
		<testcase name="transfer_tests.TestTransferFromDiskToIncrementalSnapshot/store_chunks_in_ydb_without_random_failures" time="1.71"/>
		<testcase name="transfer_tests.TestTransferFromDiskToIncrementalSnapshot/store_chunks_in_s3_without_random_failures" time="2.18"/>
		<testcase name="transfer_tests.TestTransferFromDiskToIncrementalSnapshot/store_chunks_in_ydb_with_random_failures" time="1.68"/>
		<testcase name="transfer_tests.TestTransferFromDiskToIncrementalSnapshot/store_chunks_in_s3_with_random_failures" time="2.17"/>
	</testsuite>
	<testsuite name="cloud/disk_manager/internal/pkg/dataplane/transfer_tests" tests="1" time="0.010940074920654297" failures="0" skipped="0">
		<testcase name="transfer_test.go.gofmt" time="0.010940074920654297"/>
	</testsuite>
	<testsuite name="cloud/disk_manager/internal/pkg/facade/disk_service_nemesis_test" tests="35" time="1338.7400000000002" failures="0" skipped="0">
		<testcase name="disk_service_nemesis_test.TestDiskServiceAlterDisk" time="3.3"/>
		<testcase name="disk_service_nemesis_test.TestDiskServiceAssignDisk" time="8.27"/>
		<testcase name="disk_service_nemesis_test.TestDiskServiceCancelCreateDiskFromImage" time="4.65"/>
		<testcase name="disk_service_nemesis_test.TestDiskServiceCancelMigrateDisk" time="3.41"/>
		<testcase name="disk_service_nemesis_test.TestDiskServiceCreateDiskFromImage" time="12.14"/>
		<testcase name="disk_service_nemesis_test.TestDiskServiceCreateDiskFromImageWithForceNotLayered" time="9.87"/>
		<testcase name="disk_service_nemesis_test.TestDiskServiceCreateDiskFromIncrementalSnapshot" time="13.19"/>
		<testcase name="disk_service_nemesis_test.TestDiskServiceCreateDiskFromSnapshot" time="8.96"/>
		<testcase name="disk_service_nemesis_test.TestDiskServiceCreateDiskFromSnapshotOfOverlayDisk" time="121.98"/>
		<testcase name="disk_service_nemesis_test.TestDiskServiceCreateDisksFromImageWithConfiguredPool" time="35.45"/>
		<testcase name="disk_service_nemesis_test.TestDiskServiceCreateEmptyDisk" time="1.16"/>
		<testcase name="disk_service_nemesis_test.TestDiskServiceCreateEncryptedDiskFromImage" time="6.27"/>
		<testcase name="disk_service_nemesis_test.TestDiskServiceCreateEncryptedDiskFromSnapshot" time="13.12"/>
		<testcase name="disk_service_nemesis_test.TestDiskServiceCreateSsdNonreplDiskFromIncrementalSnapshot" time="42.73"/>
		<testcase name="disk_service_nemesis_test.TestDiskServiceCreateZonalTaskInAnotherZone" time="61.32"/>
		<testcase name="disk_service_nemesis_test.TestDiskServiceDeleteDiskWhenCreationIsInFlight" time="14.28"/>
		<testcase name="disk_service_nemesis_test.TestDiskServiceDescribeDiskModel" time="0.17"/>
		<testcase name="disk_service_nemesis_test.TestDiskServiceMigrateDisk" time="10.9"/>
		<testcase name="disk_service_nemesis_test.TestDiskServiceMigrateDiskAfterCancel" time="90.48"/>
		<testcase name="disk_service_nemesis_test.TestDiskServiceMigrateDiskInParallel" time="13.99"/>
		<testcase name="disk_service_nemesis_test.TestDiskServiceMigrateDiskInParallelWithDifferentDstZoneIDs" time="18.84"/>
		<testcase name="disk_service_nemesis_test.TestDiskServiceMigrateEmptyDisk" time="8.57"/>
		<testcase name="disk_service_nemesis_test.TestDiskServiceMigrateEmptyOverlayDiskInParallelWithRetireBaseDisks" time="101.34"/>
		<testcase name="disk_service_nemesis_test.TestDiskServiceMigrateEmptyOverlayDiskWithAliveSrcImage" time="32.2"/>
		<testcase name="disk_service_nemesis_test.TestDiskServiceMigrateEmptyOverlayDiskWithAliveSrcImageAfterCancel" time="36.99"/>
		<testcase name="disk_service_nemesis_test.TestDiskServiceMigrateEmptyOverlayDiskWithoutAliveSrcImage" time="37.36"/>
		<testcase name="disk_service_nemesis_test.TestDiskServiceMigrateEmptyOverlayDiskWithoutAliveSrcImageAfterCancel" time="47.08"/>
		<testcase name="disk_service_nemesis_test.TestDiskServiceMigrateHddNonreplDisk" time="300.53"/>
		<testcase name="disk_service_nemesis_test.TestDiskServiceMigrateMirroredDisk" time="0.0"/>
		<testcase name="disk_service_nemesis_test.TestDiskServiceMigrateNonreplDisk" time="95.46"/>
		<testcase name="disk_service_nemesis_test.TestDiskServiceMigrateOverlayDisk" time="94.06"/>
		<testcase name="disk_service_nemesis_test.TestDiskServiceMigrateOverlayDiskInParallel" time="38.03"/>
		<testcase name="disk_service_nemesis_test.TestDiskServiceMigrateOverlayDiskInParallelWithDifferentDstZoneIDs" time="43.39"/>
		<testcase name="disk_service_nemesis_test.TestDiskServiceResizeDisk" time="9.25"/>
		<testcase name="disk_service_nemesis_test.TestDiskServiceShouldFailCreateDiskFromNonExistingImage" time="0.0"/>
	</testsuite>
	<testsuite name="cloud/disk_manager/internal/pkg/facade/disk_service_test" tests="2" time="0.03260660171508789" failures="0" skipped="0">
		<testcase name="disk_relocation_test.go.gofmt" time="0.015206575393676758"/>
		<testcase name="disk_service_test.go.gofmt" time="0.017400026321411133"/>
	</testsuite>
	<testsuite name="cloud/disk_manager/internal/pkg/facade/disk_service_test" tests="35" time="765.41" failures="0" skipped="0">
		<testcase name="disk_service_test.TestDiskServiceAlterDisk" time="3.26"/>
		<testcase name="disk_service_test.TestDiskServiceAssignDisk" time="2.22"/>
		<testcase name="disk_service_test.TestDiskServiceCancelCreateDiskFromImage" time="5.63"/>
		<testcase name="disk_service_test.TestDiskServiceCancelMigrateDisk" time="2.33"/>
		<testcase name="disk_service_test.TestDiskServiceCreateDiskFromImage" time="7.62"/>
		<testcase name="disk_service_test.TestDiskServiceCreateDiskFromImageWithForceNotLayered" time="8.8"/>
		<testcase name="disk_service_test.TestDiskServiceCreateDiskFromIncrementalSnapshot" time="14.58"/>
		<testcase name="disk_service_test.TestDiskServiceCreateDiskFromSnapshot" time="11.07"/>
		<testcase name="disk_service_test.TestDiskServiceCreateDiskFromSnapshotOfOverlayDisk" time="111.07"/>
		<testcase name="disk_service_test.TestDiskServiceCreateDisksFromImageWithConfiguredPool" time="31.52"/>
		<testcase name="disk_service_test.TestDiskServiceCreateEmptyDisk" time="2.22"/>
		<testcase name="disk_service_test.TestDiskServiceCreateEncryptedDiskFromImage" time="8.34"/>
		<testcase name="disk_service_test.TestDiskServiceCreateEncryptedDiskFromSnapshot" time="13.34"/>
		<testcase name="disk_service_test.TestDiskServiceCreateSsdNonreplDiskFromIncrementalSnapshot" time="41.49"/>
		<testcase name="disk_service_test.TestDiskServiceCreateZonalTaskInAnotherZone" time="62.32"/>
		<testcase name="disk_service_test.TestDiskServiceDeleteDiskWhenCreationIsInFlight" time="24.57"/>
		<testcase name="disk_service_test.TestDiskServiceDescribeDiskModel" time="0.17"/>
		<testcase name="disk_service_test.TestDiskServiceMigrateDisk" time="13.05"/>
		<testcase name="disk_service_test.TestDiskServiceMigrateDiskAfterCancel" time="25.97"/>
		<testcase name="disk_service_test.TestDiskServiceMigrateDiskInParallel" time="14.04"/>
		<testcase name="disk_service_test.TestDiskServiceMigrateDiskInParallelWithDifferentDstZoneIDs" time="19.56"/>
		<testcase name="disk_service_test.TestDiskServiceMigrateEmptyDisk" time="7.59"/>
		<testcase name="disk_service_test.TestDiskServiceMigrateEmptyOverlayDiskInParallelWithRetireBaseDisks" time="35.22"/>
		<testcase name="disk_service_test.TestDiskServiceMigrateEmptyOverlayDiskWithAliveSrcImage" time="28.98"/>
		<testcase name="disk_service_test.TestDiskServiceMigrateEmptyOverlayDiskWithAliveSrcImageAfterCancel" time="37.44"/>
		<testcase name="disk_service_test.TestDiskServiceMigrateEmptyOverlayDiskWithoutAliveSrcImage" time="26.12"/>
		<testcase name="disk_service_test.TestDiskServiceMigrateEmptyOverlayDiskWithoutAliveSrcImageAfterCancel" time="52.04"/>
		<testcase name="disk_service_test.TestDiskServiceMigrateHddNonreplDisk" time="24.78"/>
		<testcase name="disk_service_test.TestDiskServiceMigrateMirroredDisk" time="0.0"/>
		<testcase name="disk_service_test.TestDiskServiceMigrateNonreplDisk" time="26.15"/>
		<testcase name="disk_service_test.TestDiskServiceMigrateOverlayDisk" time="22.64"/>
		<testcase name="disk_service_test.TestDiskServiceMigrateOverlayDiskInParallel" time="42.79"/>
		<testcase name="disk_service_test.TestDiskServiceMigrateOverlayDiskInParallelWithDifferentDstZoneIDs" time="36.28"/>
		<testcase name="disk_service_test.TestDiskServiceResizeDisk" time="2.21"/>
		<testcase name="disk_service_test.TestDiskServiceShouldFailCreateDiskFromNonExistingImage" time="0.0"/>
	</testsuite>
	<testsuite name="cloud/disk_manager/internal/pkg/facade/facade_test" tests="2" time="0.0" failures="0" skipped="0">
		<testcase name="facade_test.TestFacade" time="0.0"/>
		<testcase name="facade_test.TestFacadeErrorDetails" time="0.0"/>
	</testsuite>
	<testsuite name="cloud/disk_manager/internal/pkg/facade/facade_test" tests="1" time="0.005578041076660156" failures="0" skipped="0">
		<testcase name="facade_test.go.gofmt" time="0.005578041076660156"/>
	</testsuite>
	<testsuite name="cloud/disk_manager/internal/pkg/facade/image_service_nemesis_test" tests="16" time="7297.992900590897" failures="6" skipped="3">
		<testcase name="[0/4] chunk chunk" time="0.0">
			<failure>Chunk exceeded timeout - dumping goroutine stacktraces
PC=0x10d3e41 m=0 sigcode=0

goroutine 0 [idle]:
runtime.futex()
	/-S/contrib/go/_std_1.21/src/runtime/sys_linux_amd64.s:557 +0x21 fp=0x7ffdbb2cc978 sp=0x7ffdbb2cc970 pc=0x10d3e41
runtime.futexsleep(0xe5efb2b?, 0xbb2cc9f8?, 0x10aaf87?)
	/-S/contrib/go/_std_1.21/src/runtime/os_linux.go:69 +0x30 fp=0x7ffdbb2cc9c8 sp=0x7ffdbb2cc978 pc=0x1098130
runtime.notesleep(0x1aab268)
	/-S/contrib/go/_std_1.21/src/runtime/lock_futex.go:160 +0x87 fp=0x7ffdbb2cca00 sp=0x7ffdbb2cc9c8 pc=0x106fce7
runtime.mPark(...)
	/-S/contrib/go/_std_1.21/src/runtime/proc.go:1632
runtime.stopm()
	/-S/contrib/go/_std_1.21/src/runtime/proc.go:2536 +0x8c fp=0x7ffdbb2cca30 sp=0x7ffdbb2cca00 pc=0x10a2b0c
runtime.findRunnable()
	/-S/contrib/go/_std_1.21/src/runtime/proc.go:3229 +0xb9c fp=0x7ffdbb2ccb40 sp=0x7ffdbb2cca30 pc=0x10a443c
runtime.schedule()
	/-S/contrib/go/_std_1.21/src/runtime/proc.go:3582 +0xb1 fp=0x7ffdbb2ccb78 sp=0x7ffdbb2ccb40 pc=0x10a5231
runtime.park_m(0xc000503d40?)
	/-S/contrib/go/_std_1.21/src/runtime/proc.go:3745 +0x11f fp=0x7ffdbb2ccbc0 sp=0x7ffdbb2ccb78 pc=0x10a573f
traceback: unexpected SPWRITE function runtime.mcall
runtime.mcall()
	/-S/contrib/go/_std_1.21/src/runtime/asm_amd64.s:458 +0x4e fp=0x7ffdbb2ccbd8 sp=0x7ffdbb2ccbc0 pc=0x10d002e

goroutine 1 [chan receive, 59 minutes]:
runtime.gopark(0xc000c0f9e8?, 0x1071525?, 0x20?, 0x27?, 0x18?)
	/-S/contrib/go/_std_1.21/src/runtime/proc.go:398 +0xce fp=0xc0006af980 sp=0xc0006af960 pc=0x109ed6e
runtime.chanrecv(0xc00004a2a0, 0xc000c0fa67, 0x1)
	/-S/contrib/go/_std_1.21/src/runtime/chan.go:583 +0x3cd fp=0xc0006af9f8 sp=0xc0006af980 pc=0x106a92d
runtime.chanrecv1(0x1aa5de0?, 0x293000?)
	/-S/contrib/go/_std_1.21/src/runtime/chan.go:442 +0x12 fp=0xc0006afa20 sp=0xc0006af9f8 pc=0x106a532
testing.(*T).Run(0xc000525520, {0x50c130?, 0x118781c?}, 0x543be8)
	/-S/contrib/go/_std_1.21/src/testing/testing.go:1649 +0x3c8 fp=0xc0006afae0 sp=0xc0006afa20 pc=0x1188d68
testing.runTests.func1(0x1aab120?)
	/-S/contrib/go/_std_1.21/src/testing/testing.go:2054 +0x3e fp=0xc0006afb30 sp=0xc0006afae0 pc=0x118ae7e
testing.tRunner(0xc000525520, 0xc0003bfc48)
	/-S/contrib/go/_std_1.21/src/testing/testing.go:1595 +0xff fp=0xc0006afb80 sp=0xc0006afb30 pc=0x1187f3f
testing.runTests(0xc000517cc0?, {0x1a1a620, 0x10, 0x10}, {0x10777ff?, 0xc0003bfd08?, 0x0?})
	/-S/contrib/go/_std_1.21/src/testing/testing.go:2052 +0x445 fp=0xc0006afc78 sp=0xc0006afb80 pc=0x118ad65
testing.(*M).Run(0xc000517cc0)
	/-S/contrib/go/_std_1.21/src/testing/testing.go:1925 +0x636 fp=0xc0006afec0 sp=0xc0006afc78 pc=0x1189756
main.main()
	/-B/cloud/disk_manager/internal/pkg/facade/image_service_nemesis_test/_test_main.go:43 +0x19c fp=0xc0006aff40 sp=0xc0006afec0 pc=0x19fea7c
runtime.main()
	/-S/contrib/go/_std_1.21/src/runtime/proc.go:267 +0x2bb fp=0xc0006affe0 sp=0xc0006aff40 pc=0x109e8fb
runtime.goexit()
	/-S/contrib/go/_std_1.21/src/runtime/asm_amd64.s:1650 +0x1 fp=0xc0006affe8 sp=0xc0006affe0 pc=0x10d2021

goroutine 2 [force gc (idle), 2 minutes]:
runtime.gopark(0x5d20c92da25?, 0x0?, 0x0?, 0x0?, 0x0?)
	/-S/contrib/go/_std_1.21/src/runtime/proc.go:398 +0xce fp=0xc0000f6fa8 sp=0xc0000f6f88 pc=0x109ed6e
runtime.goparkunlock(...)
	/-S/contrib/go/_std_1.21/src/runtime/proc.go:404
runtime.forcegchelper()
	/-S/contrib/go/_std_1.21/src/runtime/proc.go:322 +0xb3 fp=0xc0000f6fe0 sp=0xc0000f6fa8 pc=0x109ebd3
runtime.goexit()
	/-S/contrib/go/_std_1.21/src/runtime/asm_amd64.s:1650 +0x1 fp=0xc0000f6fe8 sp=0xc0000f6fe0 pc=0x10d2021
created by runtime.init.6 in goroutine 1
	/-S/contrib/go/_std_1.21/src/runtime/proc.go:310 +0x1a

goroutine 3 [GC sweep wait]:
runtime.gopark(0x1aa6101?, 0x0?, 0x0?, 0x0?, 0x0?)
	/-S/contrib/go/_std_1.21/src/runtime/proc.go:398 +0xce fp=0xc0000f7778 sp=0xc0000f7758 pc=0x109ed6e
runtime.goparkunlock(...)
	/-S/contrib/go/_std_1.21/src/runtime/proc.go:404
runtime.bgsweep(0x0?)
	/-S/contrib/go/_std_1.21/src/runtime/mgcsweep.go:321 +0xdf fp=0xc0000f77c8 sp=0xc0000f7778 pc=0x108905f
runtime.gcenable.func1()
	/-S/contrib/go/_std_1.21/src/runtime/mgc.go:200 +0x25 fp=0xc0000f77e0 sp=0xc0000f77c8 pc=0x107e1a5
runtime.goexit()
	/-S/contrib/go/_std_1.21/src/runtime/asm_amd64.s:1650 +0x1 fp=0xc0000f77e8 sp=0xc0000f77e0 pc=0x10d2021
created by runtime.gcenable in goroutine 1
	/-S/contrib/go/_std_1.21/src/runtime/mgc.go:200 +0x66

goroutine 4 [GC scavenge wait]:
runtime.gopark(0x6375d2?, 0x618473?, 0x0?, 0x0?, 0x0?)
	/-S/contrib/go/_std_1.21/src/runtime/proc.go:398 +0xce fp=0xc0000f7f70 sp=0xc0000f7f50 pc=0x109ed6e
runtime.goparkunlock(...)
	/-S/contrib/go/_std_1.21/src/runtime/proc.go:404
runtime.(*scavengerState).park(0x1aaa3e0)
	/-S/contrib/go/_std_1.21/src/runtime/mgcscavenge.go:425 +0x49 fp=0xc0000f7fa0 sp=0xc0000f7f70 pc=0x10868a9
runtime.bgscavenge(0x0?)
	/-S/contrib/go/_std_1.21/src/runtime/mgcscavenge.go:658 +0x59 fp=0xc0000f7fc8 sp=0xc0000f7fa0 pc=0x1086e59
runtime.gcenable.func2()
	/-S/contrib/go/_std_1.21/src/runtime/mgc.go:201 +0x25 fp=0xc0000f7fe0 sp=0xc0000f7fc8 pc=0x107e145
runtime.goexit()
	/-S/contrib/go/_std_1.21/src/runtime/asm_amd64.s:1650 +0x1 fp=0xc0000f7fe8 sp=0xc0000f7fe0 pc=0x10d2021
created by runtime.gcenable in goroutine 1
	/-S/contrib/go/_std_1.21/src/runtime/mgc.go:201 +0xa5

goroutine 18 [finalizer wait]:
runtime.gopark(0x0?, 0xc000532240?, 0x0?, 0x80?, 0x1000000010?)
	/-S/contrib/go/_std_1.21/src/runtime/proc.go:398 +0xce fp=0xc0000f6628 sp=0xc0000f6608 pc=0x109ed6e
runtime.runfinq()
	/-S/contrib/go/_std_1.21/src/runtime/mfinal.go:193 +0x107 fp=0xc0000f67e0 sp=0xc0000f6628 pc=0x107d227
runtime.goexit()
	/-S/contrib/go/_std_1.21/src/runtime/asm_amd64.s:1650 +0x1 fp=0xc0000f67e8 sp=0xc0000f67e0 pc=0x10d2021
created by runtime.createfing in goroutine 1
	/-S/contrib/go/_std_1.21/src/runtime/mfinal.go:163 +0x3d

goroutine 19 [GC worker (idle), 59 minutes]:
runtime.gopark(0x0?, 0x0?, 0x0?, 0x0?, 0x0?)
	/-S/contrib/go/_std_1.21/src/runtime/proc.go:398 +0xce fp=0xc0000f2750 sp=0xc0000f2730 pc=0x109ed6e
runtime.gcBgMarkWorker()
	/-S/contrib/go/_std_1.21/src/runtime/mgc.go:1293 +0xe5 fp=0xc0000f27e0 sp=0xc0000f2750 pc=0x107fd25
runtime.goexit()
	/-S/contrib/go/_std_1.21/src/runtime/asm_amd64.s:1650 +0x1 fp=0xc0000f27e8 sp=0xc0000f27e0 pc=0x10d2021
created by runtime.gcBgMarkStartWorkers in goroutine 1
	/-S/contrib/go/_std_1.21/src/runtime/mgc.go:1217 +0x1c

goroutine 20 [GC worker (idle), 59 minutes]:
runtime.gopark(0x0?, 0x0?, 0x0?, 0x0?, 0x0?)
	/-S/contrib/go/_std_1.21/src/runtime/proc.go:398 +0xce fp=0xc0000f2f50 sp=0xc0000f2f30 pc=0x109ed6e
runtime.gcBgMarkWorker()
	/-S/contrib/go/_std_1.21/src/runtime/mgc.go:1293 +0xe5 fp=0xc0000f2fe0 sp=0xc0000f2f50 pc=0x107fd25
runtime.goexit()
	/-S/contrib/go/_std_1.21/src/runtime/asm_amd64.s:1650 +0x1 fp=0xc0000f2fe8 sp=0xc0000f2fe0 pc=0x10d2021
created by runtime.gcBgMarkStartWorkers in goroutine 1
	/-S/contrib/go/_std_1.21/src/runtime/mgc.go:1217 +0x1c

goroutine 5 [GC worker (idle), 59 minutes]:
runtime.gopark(0x0?, 0x0?, 0x0?, 0x0?, 0x0?)
	/-S/contrib/go/_std_1.21/src/runtime/proc.go:398 +0xce fp=0xc0000f8750 sp=0xc0000f8730 pc=0x109ed6e
runtime.gcBgMarkWorker()
	/-S/contrib/go/_std_1.21/src/runtime/mgc.go:1293 +0xe5 fp=0xc0000f87e0 sp=0xc0000f8750 pc=0x107fd25
runtime.goexit()
	/-S/contrib/go/_std_1.21/src/runtime/asm_amd64.s:1650 +0x1 fp=0xc0000f87e8 sp=0xc0000f87e0 pc=0x10d2021
created by runtime.gcBgMarkStartWorkers in goroutine 1
	/-S/contrib/go/_std_1.21/src/runtime/mgc.go:1217 +0x1c

goroutine 34 [GC worker (idle), 59 minutes]:
runtime.gopark(0x0?, 0x0?, 0x0?, 0x0?, 0x0?)
	/-S/contrib/go/_std_1.21/src/runtime/proc.go:398 +0xce fp=0xc000508750 sp=0xc000508730 pc=0x109ed6e
runtime.gcBgMarkWorker()
	/-S/contrib/go/_std_1.21/src/runtime/mgc.go:1293 +0xe5 fp=0xc0005087e0 sp=0xc000508750 pc=0x107fd25
runtime.goexit()
	/-S/contrib/go/_std_1.21/src/runtime/asm_amd64.s:1650 +0x1 fp=0xc0005087e8 sp=0xc0005087e0 pc=0x10d2021
created by runtime.gcBgMarkStartWorkers in goroutine 1
	/-S/contrib/go/_std_1.21/src/runtime/mgc.go:1217 +0x1c

goroutine 35 [GC worker (idle), 59 minutes]:
runtime.gopark(0x0?, 0x0?, 0x0?, 0x0?, 0x0?)
	/-S/contrib/go/_std_1.21/src/runtime/proc.go:398 +0xce fp=0xc000508f50 sp=0xc000508f30 pc=0x109ed6e
runtime.gcBgMarkWorker()
	/-S/contrib/go/_std_1.21/src/runtime/mgc.go:1293 +0xe5 fp=0xc000508fe0 sp=0xc000508f50 pc=0x107fd25
runtime.goexit()
	/-S/contrib/go/_std_1.21/src/runtime/asm_amd64.s:1650 +0x1 fp=0xc000508fe8 sp=0xc000508fe0 pc=0x10d2021
created by runtime.gcBgMarkStartWorkers in goroutine 1
	/-S/contrib/go/_std_1.21/src/runtime/mgc.go:1217 +0x1c

goroutine 36 [GC worker (idle), 59 minutes]:
runtime.gopark(0x0?, 0x0?, 0x0?, 0x0?, 0x0?)
	/-S/contrib/go/_std_1.21/src/runtime/proc.go:398 +0xce fp=0xc000509750 sp=0xc000509730 pc=0x109ed6e
runtime.gcBgMarkWorker()
	/-S/contrib/go/_std_1.21/src/runtime/mgc.go:1293 +0xe5 fp=0xc0005097e0 sp=0xc000509750 pc=0x107fd25
runtime.goexit()
	/-S/contrib/go/_std_1.21/src/runtime/asm_amd64.s:1650 +0x1 fp=0xc0005097e8 sp=0xc0005097e0 pc=0x10d2021
created by runtime.gcBgMarkStartWorkers in goroutine 1
	/-S/contrib/go/_std_1.21/src/runtime/mgc.go:1217 +0x1c

goroutine 37 [GC worker (idle), 59 minutes]:
runtime.gopark(0x0?, 0x0?, 0x0?, 0x0?, 0x0?)
	/-S/contrib/go/_std_1.21/src/runtime/proc.go:398 +0xce fp=0xc000509f50 sp=0xc000509f30 pc=0x109ed6e
runtime.gcBgMarkWorker()
	/-S/contrib/go/_std_1.21/src/runtime/mgc.go:1293 +0xe5 fp=0xc000509fe0 sp=0xc000509f50 pc=0x107fd25
runtime.goexit()
	/-S/contrib/go/_std_1.21/src/runtime/asm_amd64.s:1650 +0x1 fp=0xc000509fe8 sp=0xc000509fe0 pc=0x10d2021
created by runtime.gcBgMarkStartWorkers in goroutine 1
	/-S/contrib/go/_std_1.21/src/runtime/mgc.go:1217 +0x1c

goroutine 21 [GC worker (idle), 59 minutes]:
runtime.gopark(0x0?, 0x0?, 0x0?, 0x0?, 0x0?)
	/-S/contrib/go/_std_1.21/src/runtime/proc.go:398 +0xce fp=0xc0000f3750 sp=0xc0000f3730 pc=0x109ed6e
runtime.gcBgMarkWorker()
	/-S/contrib/go/_std_1.21/src/runtime/mgc.go:1293 +0xe5 fp=0xc0000f37e0 sp=0xc0000f3750 pc=0x107fd25
runtime.goexit()
	/-S/contrib/go/_std_1.21/src/runtime/asm_amd64.s:1650 +0x1 fp=0xc0000f37e8 sp=0xc0000f37e0 pc=0x10d2021
created by runtime.gcBgMarkStartWorkers in goroutine 1
	/-S/contrib/go/_std_1.21/src/runtime/mgc.go:1217 +0x1c

goroutine 38 [GC worker (idle), 59 minutes]:
runtime.gopark(0x0?, 0x0?, 0x0?, 0x0?, 0x0?)
	/-S/contrib/go/_std_1.21/src/runtime/proc.go:398 +0xce fp=0xc00050a750 sp=0xc00050a730 pc=0x109ed6e
runtime.gcBgMarkWorker()
	/-S/contrib/go/_std_1.21/src/runtime/mgc.go:1293 +0xe5 fp=0xc00050a7e0 sp=0xc00050a750 pc=0x107fd25
runtime.goexit()
	/-S/contrib/go/_std_1.21/src/runtime/asm_amd64.s:1650 +0x1 fp=0xc00050a7e8 sp=0xc00050a7e0 pc=0x10d2021
created by runtime.gcBgMarkStartWorkers in goroutine 1
	/-S/contrib/go/_std_1.21/src/runtime/mgc.go:1217 +0x1c

goroutine 22 [GC worker (idle), 59 minutes]:
runtime.gopark(0x0?, 0x0?, 0x0?, 0x0?, 0x0?)
	/-S/contrib/go/_std_1.21/src/runtime/proc.go:398 +0xce fp=0xc0000f3f50 sp=0xc0000f3f30 pc=0x109ed6e
runtime.gcBgMarkWorker()
	/-S/contrib/go/_std_1.21/src/runtime/mgc.go:1293 +0xe5 fp=0xc0000f3fe0 sp=0xc0000f3f50 pc=0x107fd25
runtime.goexit()
	/-S/contrib/go/_std_1.21/src/runtime/asm_amd64.s:1650 +0x1 fp=0xc0000f3fe8 sp=0xc0000f3fe0 pc=0x10d2021
created by runtime.gcBgMarkStartWorkers in goroutine 1
	/-S/contrib/go/_std_1.21/src/runtime/mgc.go:1217 +0x1c

goroutine 39 [GC worker (idle), 59 minutes]:
runtime.gopark(0x0?, 0x0?, 0x0?, 0x0?, 0x0?)
	/-S/contrib/go/_std_1.21/src/runtime/proc.go:398 +0xce fp=0xc00050af50 sp=0xc00050af30 pc=0x109ed6e
runtime.gcBgMarkWorker()
	/-S/contrib/go/_std_1.21/src/runtime/mgc.go:1293 +0xe5 fp=0xc00050afe0 sp=0xc00050af50 pc=0x107fd25
runtime.goexit()
	/-S/contrib/go/_std_1.21/src/runtime/asm_amd64.s:1650 +0x1 fp=0xc00050afe8 sp=0xc00050afe0 pc=0x10d2021
created by runtime.gcBgMarkStartWorkers in goroutine 1
	/-S/contrib/go/_std_1.21/src/runtime/mgc.go:1217 +0x1c

goroutine 23 [GC worker (idle), 59 minutes]:
runtime.gopark(0x0?, 0x0?, 0x0?, 0x0?, 0x0?)
	/-S/contrib/go/_std_1.21/src/runtime/proc.go:398 +0xce fp=0xc0000f4750 sp=0xc0000f4730 pc=0x109ed6e
runtime.gcBgMarkWorker()
	/-S/contrib/go/_std_1.21/src/runtime/mgc.go:1293 +0xe5 fp=0xc0000f47e0 sp=0xc0000f4750 pc=0x107fd25
runtime.goexit()
	/-S/contrib/go/_std_1.21/src/runtime/asm_amd64.s:1650 +0x1 fp=0xc0000f47e8 sp=0xc0000f47e0 pc=0x10d2021
created by runtime.gcBgMarkStartWorkers in goroutine 1
	/-S/contrib/go/_std_1.21/src/runtime/mgc.go:1217 +0x1c

goroutine 24 [GC worker (idle), 59 minutes]:
runtime.gopark(0x0?, 0x0?, 0x0?, 0x0?, 0x0?)
	/-S/contrib/go/_std_1.21/src/runtime/proc.go:398 +0xce fp=0xc0000f4f50 sp=0xc0000f4f30 pc=0x109ed6e
runtime.gcBgMarkWorker()
	/-S/contrib/go/_std_1.21/src/runtime/mgc.go:1293 +0xe5 fp=0xc0000f4fe0 sp=0xc0000f4f50 pc=0x107fd25
runtime.goexit()
	/-S/contrib/go/_std_1.21/src/runtime/asm_amd64.s:1650 +0x1 fp=0xc0000f4fe8 sp=0xc0000f4fe0 pc=0x10d2021
created by runtime.gcBgMarkStartWorkers in goroutine 1
	/-S/contrib/go/_std_1.21/src/runtime/mgc.go:1217 +0x1c

goroutine 40 [GC worker (idle), 59 minutes]:
runtime.gopark(0x0?, 0x0?, 0x0?, 0x0?, 0x0?)
	/-S/contrib/go/_std_1.21/src/runtime/proc.go:398 +0xce fp=0xc00050b750 sp=0xc00050b730 pc=0x109ed6e
runtime.gcBgMarkWorker()
	/-S/contrib/go/_std_1.21/src/runtime/mgc.go:1293 +0xe5 fp=0xc00050b7e0 sp=0xc00050b750 pc=0x107fd25
runtime.goexit()
	/-S/contrib/go/_std_1.21/src/runtime/asm_amd64.s:1650 +0x1 fp=0xc00050b7e8 sp=0xc00050b7e0 pc=0x10d2021
created by runtime.gcBgMarkStartWorkers in goroutine 1
	/-S/contrib/go/_std_1.21/src/runtime/mgc.go:1217 +0x1c

goroutine 25 [GC worker (idle), 59 minutes]:
runtime.gopark(0x0?, 0x0?, 0x0?, 0x0?, 0x0?)
	/-S/contrib/go/_std_1.21/src/runtime/proc.go:398 +0xce fp=0xc0000f5750 sp=0xc0000f5730 pc=0x109ed6e
runtime.gcBgMarkWorker()
	/-S/contrib/go/_std_1.21/src/runtime/mgc.go:1293 +0xe5 fp=0xc0000f57e0 sp=0xc0000f5750 pc=0x107fd25
runtime.goexit()
	/-S/contrib/go/_std_1.21/src/runtime/asm_amd64.s:1650 +0x1 fp=0xc0000f57e8 sp=0xc0000f57e0 pc=0x10d2021
created by runtime.gcBgMarkStartWorkers in goroutine 1
	/-S/contrib/go/_std_1.21/src/runtime/mgc.go:1217 +0x1c

goroutine 26 [GC worker (idle), 59 minutes]:
runtime.gopark(0x0?, 0x0?, 0x0?, 0x0?, 0x0?)
	/-S/contrib/go/_std_1.21/src/runtime/proc.go:398 +0xce fp=0xc0000f5f50 sp=0xc0000f5f30 pc=0x109ed6e
runtime.gcBgMarkWorker()
	/-S/contrib/go/_std_1.21/src/runtime/mgc.go:1293 +0xe5 fp=0xc0000f5fe0 sp=0xc0000f5f50 pc=0x107fd25
runtime.goexit()
	/-S/contrib/go/_std_1.21/src/runtime/asm_amd64.s:1650 +0x1 fp=0xc0000f5fe8 sp=0xc0000f5fe0 pc=0x10d2021
created by runtime.gcBgMarkStartWorkers in goroutine 1
	/-S/contrib/go/_std_1.21/src/runtime/mgc.go:1217 +0x1c

goroutine 27 [GC worker (idle), 59 minutes]:
runtime.gopark(0x0?, 0x0?, 0x0?, 0x0?, 0x0?)
	/-S/contrib/go/_std_1.21/src/runtime/proc.go:398 +0xce fp=0xc000504750 sp=0xc000504730 pc=0x109ed6e
runtime.gcBgMarkWorker()
	/-S/contrib/go/_std_1.21/src/runtime/mgc.go:1293 +0xe5 fp=0xc0005047e0 sp=0xc000504750 pc=0x107fd25
runtime.goexit()
	/-S/contrib/go/_std_1.21/src/runtime/asm_amd64.s:1650 +0x1 fp=0xc0005047e8 sp=0xc0005047e0 pc=0x10d2021
created by runtime.gcBgMarkStartWorkers in goroutine 1
	/-S/contrib/go/_std_1.21/src/runtime/mgc.go:1217 +0x1c

goroutine 41 [GC worker (idle), 59 minutes]:
runtime.gopark(0x0?, 0x0?, 0x0?, 0x0?, 0x0?)
	/-S/contrib/go/_std_1.21/src/runtime/proc.go:398 +0xce fp=0xc00050bf50 sp=0xc00050bf30 pc=0x109ed6e
runtime.gcBgMarkWorker()
	/-S/contrib/go/_std_1.21/src/runtime/mgc.go:1293 +0xe5 fp=0xc00050bfe0 sp=0xc00050bf50 pc=0x107fd25
runtime.goexit()
	/-S/contrib/go/_std_1.21/src/runtime/asm_amd64.s:1650 +0x1 fp=0xc00050bfe8 sp=0xc00050bfe0 pc=0x10d2021
created by runtime.gcBgMarkStartWorkers in goroutine 1
	/-S/contrib/go/_std_1.21/src/runtime/mgc.go:1217 +0x1c

goroutine 42 [GC worker (idle), 59 minutes]:
runtime.gopark(0x0?, 0x0?, 0x0?, 0x0?, 0x0?)
	/-S/contrib/go/_std_1.21/src/runtime/proc.go:398 +0xce fp=0xc000512750 sp=0xc000512730 pc=0x109ed6e
runtime.gcBgMarkWorker()
	/-S/contrib/go/_std_1.21/src/runtime/mgc.go:1293 +0xe5 fp=0xc0005127e0 sp=0xc000512750 pc=0x107fd25
runtime.goexit()
	/-S/contrib/go/_std_1.21/src/runtime/asm_amd64.s:1650 +0x1 fp=0xc0005127e8 sp=0xc0005127e0 pc=0x10d2021
created by runtime.gcBgMarkStartWorkers in goroutine 1
	/-S/contrib/go/_std_1.21/src/runtime/mgc.go:1217 +0x1c

goroutine 6 [GC worker (idle), 59 minutes]:
runtime.gopark(0x0?, 0x0?, 0x0?, 0x0?, 0x0?)
	/-S/contrib/go/_std_1.21/src/runtime/proc.go:398 +0xce fp=0xc0000f8f50 sp=0xc0000f8f30 pc=0x109ed6e
runtime.gcBgMarkWorker()
	/-S/contrib/go/_std_1.21/src/runtime/mgc.go:1293 +0xe5 fp=0xc0000f8fe0 sp=0xc0000f8f50 pc=0x107fd25
runtime.goexit()
	/-S/contrib/go/_std_1.21/src/runtime/asm_amd64.s:1650 +0x1 fp=0xc0000f8fe8 sp=0xc0000f8fe0 pc=0x10d2021
created by runtime.gcBgMarkStartWorkers in goroutine 1
	/-S/contrib/go/_std_1.21/src/runtime/mgc.go:1217 +0x1c

goroutine 28 [GC worker (idle), 59 minutes]:
runtime.gopark(0x0?, 0x0?, 0x0?, 0x0?, 0x0?)
	/-S/contrib/go/_std_1.21/src/runtime/proc.go:398 +0xce fp=0xc000504f50 sp=0xc000504f30 pc=0x109ed6e
runtime.gcBgMarkWorker()
	/-S/contrib/go/_std_1.21/src/runtime/mgc.go:1293 +0xe5 fp=0xc000504fe0 sp=0xc000504f50 pc=0x107fd25
runtime.goexit()
	/-S/contrib/go/_std_1.21/src/runtime/asm_amd64.s:1650 +0x1 fp=0xc000504fe8 sp=0xc000504fe0 pc=0x10d2021
created by runtime.gcBgMarkStartWorkers in goroutine 1
	/-S/contrib/go/_std_1.21/src/runtime/mgc.go:1217 +0x1c

goroutine 43 [GC worker (idle), 59 minutes]:
runtime.gopark(0x0?, 0x0?, 0x0?, 0x0?, 0x0?)
	/-S/contrib/go/_std_1.21/src/runtime/proc.go:398 +0xce fp=0xc000512f50 sp=0xc000512f30 pc=0x109ed6e
runtime.gcBgMarkWorker()
	/-S/contrib/go/_std_1.21/src/runtime/mgc.go:1293 +0xe5 fp=0xc000512fe0 sp=0xc000512f50 pc=0x107fd25
runtime.goexit()
	/-S/contrib/go/_std_1.21/src/runtime/asm_amd64.s:1650 +0x1 fp=0xc000512fe8 sp=0xc000512fe0 pc=0x10d2021
created by runtime.gcBgMarkStartWorkers in goroutine 1
	/-S/contrib/go/_std_1.21/src/runtime/mgc.go:1217 +0x1c

goroutine 44 [GC worker (idle), 59 minutes]:
runtime.gopark(0x0?, 0x0?, 0x0?, 0x0?, 0x0?)
	/-S/contrib/go/_std_1.21/src/runtime/proc.go:398 +0xce fp=0xc000513750 sp=0xc000513730 pc=0x109ed6e
runtime.gcBgMarkWorker()
	/-S/contrib/go/_std_1.21/src/runtime/mgc.go:1293 +0xe5 fp=0xc0005137e0 sp=0xc000513750 pc=0x107fd25
runtime.goexit()
	/-S/contrib/go/_std_1.21/src/runtime/asm_amd64.s:1650 +0x1 fp=0xc0005137e8 sp=0xc0005137e0 pc=0x10d2021
created by runtime.gcBgMarkStartWorkers in goroutine 1
	/-S/contrib/go/_std_1.21/src/runtime/mgc.go:1217 +0x1c

goroutine 45 [GC worker (idle), 59 minutes]:
runtime.gopark(0x0?, 0x0?, 0x0?, 0x0?, 0x0?)
	/-S/contrib/go/_std_1.21/src/runtime/proc.go:398 +0xce fp=0xc000513f50 sp=0xc000513f30 pc=0x109ed6e
runtime.gcBgMarkWorker()
	/-S/contrib/go/_std_1.21/src/runtime/mgc.go:1293 +0xe5 fp=0xc000513fe0 sp=0xc000513f50 pc=0x107fd25
runtime.goexit()
	/-S/contrib/go/_std_1.21/src/runtime/asm_amd64.s:1650 +0x1 fp=0xc000513fe8 sp=0xc000513fe0 pc=0x10d2021
created by runtime.gcBgMarkStartWorkers in goroutine 1
	/-S/contrib/go/_std_1.21/src/runtime/mgc.go:1217 +0x1c

goroutine 46 [GC worker (idle), 59 minutes]:
runtime.gopark(0x0?, 0x0?, 0x0?, 0x0?, 0x0?)
	/-S/contrib/go/_std_1.21/src/runtime/proc.go:398 +0xce fp=0xc000514750 sp=0xc000514730 pc=0x109ed6e
runtime.gcBgMarkWorker()
	/-S/contrib/go/_std_1.21/src/runtime/mgc.go:1293 +0xe5 fp=0xc0005147e0 sp=0xc000514750 pc=0x107fd25
runtime.goexit()
	/-S/contrib/go/_std_1.21/src/runtime/asm_amd64.s:1650 +0x1 fp=0xc0005147e8 sp=0xc0005147e0 pc=0x10d2021
created by runtime.gcBgMarkStartWorkers in goroutine 1
	/-S/contrib/go/_std_1.21/src/runtime/mgc.go:1217 +0x1c

goroutine 7 [GC worker (idle), 59 minutes]:
runtime.gopark(0x0?, 0x0?, 0x0?, 0x0?, 0x0?)
	/-S/contrib/go/_std_1.21/src/runtime/proc.go:398 +0xce fp=0xc0000f9750 sp=0xc0000f9730 pc=0x109ed6e
runtime.gcBgMarkWorker()
	/-S/contrib/go/_std_1.21/src/runtime/mgc.go:1293 +0xe5 fp=0xc0000f97e0 sp=0xc0000f9750 pc=0x107fd25
runtime.goexit()
	/-S/contrib/go/_std_1.21/src/runtime/asm_amd64.s:1650 +0x1 fp=0xc0000f97e8 sp=0xc0000f97e0 pc=0x10d2021
created by runtime.gcBgMarkStartWorkers in goroutine 1
	/-S/contrib/go/_std_1.21/src/runtime/mgc.go:1217 +0x1c

goroutine 47 [GC worker (idle), 59 minutes]:
runtime.gopark(0x0?, 0x0?, 0x0?, 0x0?, 0x0?)
	/-S/contrib/go/_std_1.21/src/runtime/proc.go:398 +0xce fp=0xc000514f50 sp=0xc000514f30 pc=0x109ed6e
runtime.gcBgMarkWorker()
	/-S/contrib/go/_std_1.21/src/runtime/mgc.go:1293 +0xe5 fp=0xc000514fe0 sp=0xc000514f50 pc=0x107fd25
runtime.goexit()
	/-S/contrib/go/_std_1.21/src/runtime/asm_amd64.s:1650 +0x1 fp=0xc000514fe8 sp=0xc000514fe0 pc=0x10d2021
created by runtime.gcBgMarkStartWorkers in goroutine 1
	/-S/contrib/go/_std_1.21/src/runtime/mgc.go:1217 +0x1c

goroutine 8 [GC worker (idle), 59 minutes]:
runtime.gopark(0x0?, 0x0?, 0x0?, 0x0?, 0x0?)
	/-S/contrib/go/_std_1.21/src/runtime/proc.go:398 +0xce fp=0xc0000f9f50 sp=0xc0000f9f30 pc=0x109ed6e
runtime.gcBgMarkWorker()
	/-S/contrib/go/_std_1.21/src/runtime/mgc.go:1293 +0xe5 fp=0xc0000f9fe0 sp=0xc0000f9f50 pc=0x107fd25
runtime.goexit()
	/-S/contrib/go/_std_1.21/src/runtime/asm_amd64.s:1650 +0x1 fp=0xc0000f9fe8 sp=0xc0000f9fe0 pc=0x10d2021
created by runtime.gcBgMarkStartWorkers in goroutine 1
	/-S/contrib/go/_std_1.21/src/runtime/mgc.go:1217 +0x1c

goroutine 29 [GC worker (idle), 59 minutes]:
runtime.gopark(0x0?, 0x0?, 0x0?, 0x0?, 0x0?)
	/-S/contrib/go/_std_1.21/src/runtime/proc.go:398 +0xce fp=0xc000505750 sp=0xc000505730 pc=0x109ed6e
runtime.gcBgMarkWorker()
	/-S/contrib/go/_std_1.21/src/runtime/mgc.go:1293 +0xe5 fp=0xc0005057e0 sp=0xc000505750 pc=0x107fd25
runtime.goexit()
	/-S/contrib/go/_std_1.21/src/runtime/asm_amd64.s:1650 +0x1 fp=0xc0005057e8 sp=0xc0005057e0 pc=0x10d2021
created by runtime.gcBgMarkStartWorkers in goroutine 1
	/-S/contrib/go/_std_1.21/src/runtime/mgc.go:1217 +0x1c

goroutine 48 [GC worker (idle), 59 minutes]:
runtime.gopark(0x0?, 0x0?, 0x0?, 0x0?, 0x0?)
	/-S/contrib/go/_std_1.21/src/runtime/proc.go:398 +0xce fp=0xc000515750 sp=0xc000515730 pc=0x109ed6e
runtime.gcBgMarkWorker()
	/-S/contrib/go/_std_1.21/src/runtime/mgc.go:1293 +0xe5 fp=0xc0005157e0 sp=0xc000515750 pc=0x107fd25
runtime.goexit()
	/-S/contrib/go/_std_1.21/src/runtime/asm_amd64.s:1650 +0x1 fp=0xc0005157e8 sp=0xc0005157e0 pc=0x10d2021
created by runtime.gcBgMarkStartWorkers in goroutine 1
	/-S/contrib/go/_std_1.21/src/runtime/mgc.go:1217 +0x1c

goroutine 9 [GC worker (idle), 59 minutes]:
runtime.gopark(0x0?, 0x0?, 0x0?, 0x0?, 0x0?)
	/-S/contrib/go/_std_1.21/src/runtime/proc.go:398 +0xce fp=0xc00050e750 sp=0xc00050e730 pc=0x109ed6e
runtime.gcBgMarkWorker()
	/-S/contrib/go/_std_1.21/src/runtime/mgc.go:1293 +0xe5 fp=0xc00050e7e0 sp=0xc00050e750 pc=0x107fd25
runtime.goexit()
	/-S/contrib/go/_std_1.21/src/runtime/asm_amd64.s:1650 +0x1 fp=0xc00050e7e8 sp=0xc00050e7e0 pc=0x10d2021
created by runtime.gcBgMarkStartWorkers in goroutine 1
	/-S/contrib/go/_std_1.21/src/runtime/mgc.go:1217 +0x1c

goroutine 30 [GC worker (idle), 59 minutes]:
runtime.gopark(0x0?, 0x0?, 0x0?, 0x0?, 0x0?)
	/-S/contrib/go/_std_1.21/src/runtime/proc.go:398 +0xce fp=0xc000505f50 sp=0xc000505f30 pc=0x109ed6e
runtime.gcBgMarkWorker()
	/-S/contrib/go/_std_1.21/src/runtime/mgc.go:1293 +0xe5 fp=0xc000505fe0 sp=0xc000505f50 pc=0x107fd25
runtime.goexit()
	/-S/contrib/go/_std_1.21/src/runtime/asm_amd64.s:1650 +0x1 fp=0xc000505fe8 sp=0xc000505fe0 pc=0x10d2021
created by runtime.gcBgMarkStartWorkers in goroutine 1
	/-S/contrib/go/_std_1.21/src/runtime/mgc.go:1217 +0x1c

goroutine 50 [GC worker (idle), 59 minutes]:
runtime.gopark(0x0?, 0x0?, 0x0?, 0x0?, 0x0?)
	/-S/contrib/go/_std_1.21/src/runtime/proc.go:398 +0xce fp=0xc000588750 sp=0xc000588730 pc=0x109ed6e
runtime.gcBgMarkWorker()
	/-S/contrib/go/_std_1.21/src/runtime/mgc.go:1293 +0xe5 fp=0xc0005887e0 sp=0xc000588750 pc=0x107fd25
runtime.goexit()
	/-S/contrib/go/_std_1.21/src/runtime/asm_amd64.s:1650 +0x1 fp=0xc0005887e8 sp=0xc0005887e0 pc=0x10d2021
created by runtime.gcBgMarkStartWorkers in goroutine 1
	/-S/contrib/go/_std_1.21/src/runtime/mgc.go:1217 +0x1c

goroutine 10 [GC worker (idle), 59 minutes]:
runtime.gopark(0x0?, 0x0?, 0x0?, 0x0?, 0x0?)
	/-S/contrib/go/_std_1.21/src/runtime/proc.go:398 +0xce fp=0xc00050ef50 sp=0xc00050ef30 pc=0x109ed6e
runtime.gcBgMarkWorker()
	/-S/contrib/go/_std_1.21/src/runtime/mgc.go:1293 +0xe5 fp=0xc00050efe0 sp=0xc00050ef50 pc=0x107fd25
runtime.goexit()
	/-S/contrib/go/_std_1.21/src/runtime/asm_amd64.s:1650 +0x1 fp=0xc00050efe8 sp=0xc00050efe0 pc=0x10d2021
created by runtime.gcBgMarkStartWorkers in goroutine 1
	/-S/contrib/go/_std_1.21/src/runtime/mgc.go:1217 +0x1c

goroutine 11 [GC worker (idle), 59 minutes]:
runtime.gopark(0x0?, 0x0?, 0x0?, 0x0?, 0x0?)
	/-S/contrib/go/_std_1.21/src/runtime/proc.go:398 +0xce fp=0xc00050f750 sp=0xc00050f730 pc=0x109ed6e
runtime.gcBgMarkWorker()
	/-S/contrib/go/_std_1.21/src/runtime/mgc.go:1293 +0xe5 fp=0xc00050f7e0 sp=0xc00050f750 pc=0x107fd25
runtime.goexit()
	/-S/contrib/go/_std_1.21/src/runtime/asm_amd64.s:1650 +0x1 fp=0xc00050f7e8 sp=0xc00050f7e0 pc=0x10d2021
created by runtime.gcBgMarkStartWorkers in goroutine 1
	/-S/contrib/go/_std_1.21/src/runtime/mgc.go:1217 +0x1c

goroutine 51 [GC worker (idle), 59 minutes]:
runtime.gopark(0x0?, 0x0?, 0x0?, 0x0?, 0x0?)
	/-S/contrib/go/_std_1.21/src/runtime/proc.go:398 +0xce fp=0xc000588f50 sp=0xc000588f30 pc=0x109ed6e
runtime.gcBgMarkWorker()
	/-S/contrib/go/_std_1.21/src/runtime/mgc.go:1293 +0xe5 fp=0xc000588fe0 sp=0xc000588f50 pc=0x107fd25
runtime.goexit()
	/-S/contrib/go/_std_1.21/src/runtime/asm_amd64.s:1650 +0x1 fp=0xc000588fe8 sp=0xc000588fe0 pc=0x10d2021
created by runtime.gcBgMarkStartWorkers in goroutine 1
	/-S/contrib/go/_std_1.21/src/runtime/mgc.go:1217 +0x1c

goroutine 12 [GC worker (idle), 59 minutes]:
runtime.gopark(0x0?, 0x0?, 0x0?, 0x0?, 0x0?)
	/-S/contrib/go/_std_1.21/src/runtime/proc.go:398 +0xce fp=0xc00050ff50 sp=0xc00050ff30 pc=0x109ed6e
runtime.gcBgMarkWorker()
	/-S/contrib/go/_std_1.21/src/runtime/mgc.go:1293 +0xe5 fp=0xc00050ffe0 sp=0xc00050ff50 pc=0x107fd25
runtime.goexit()
	/-S/contrib/go/_std_1.21/src/runtime/asm_amd64.s:1650 +0x1 fp=0xc00050ffe8 sp=0xc00050ffe0 pc=0x10d2021
created by runtime.gcBgMarkStartWorkers in goroutine 1
	/-S/contrib/go/_std_1.21/src/runtime/mgc.go:1217 +0x1c

goroutine 13 [GC worker (idle), 59 minutes]:
runtime.gopark(0x0?, 0x0?, 0x0?, 0x0?, 0x0?)
	/-S/contrib/go/_std_1.21/src/runtime/proc.go:398 +0xce fp=0xc000510750 sp=0xc000510730 pc=0x109ed6e
runtime.gcBgMarkWorker()
	/-S/contrib/go/_std_1.21/src/runtime/mgc.go:1293 +0xe5 fp=0xc0005107e0 sp=0xc000510750 pc=0x107fd25
runtime.goexit()
	/-S/contrib/go/_std_1.21/src/runtime/asm_amd64.s:1650 +0x1 fp=0xc0005107e8 sp=0xc0005107e0 pc=0x10d2021
created by runtime.gcBgMarkStartWorkers in goroutine 1
	/-S/contrib/go/_std_1.21/src/runtime/mgc.go:1217 +0x1c

goroutine 31 [GC worker (idle), 2 minutes]:
runtime.gopark(0x1adc420?, 0x1?, 0x2c?, 0x2?, 0x0?)
	/-S/contrib/go/_std_1.21/src/runtime/proc.go:398 +0xce fp=0xc000506750 sp=0xc000506730 pc=0x109ed6e
runtime.gcBgMarkWorker()
	/-S/contrib/go/_std_1.21/src/runtime/mgc.go:1293 +0xe5 fp=0xc0005067e0 sp=0xc000506750 pc=0x107fd25
runtime.goexit()
	/-S/contrib/go/_std_1.21/src/runtime/asm_amd64.s:1650 +0x1 fp=0xc0005067e8 sp=0xc0005067e0 pc=0x10d2021
created by runtime.gcBgMarkStartWorkers in goroutine 1
	/-S/contrib/go/_std_1.21/src/runtime/mgc.go:1217 +0x1c

goroutine 14 [GC worker (idle), 59 minutes]:
runtime.gopark(0x2901581af20?, 0x1?, 0xa?, 0x4e?, 0x0?)
	/-S/contrib/go/_std_1.21/src/runtime/proc.go:398 +0xce fp=0xc000510f50 sp=0xc000510f30 pc=0x109ed6e
runtime.gcBgMarkWorker()
	/-S/contrib/go/_std_1.21/src/runtime/mgc.go:1293 +0xe5 fp=0xc000510fe0 sp=0xc000510f50 pc=0x107fd25
runtime.goexit()
	/-S/contrib/go/_std_1.21/src/runtime/asm_amd64.s:1650 +0x1 fp=0xc000510fe8 sp=0xc000510fe0 pc=0x10d2021
created by runtime.gcBgMarkStartWorkers in goroutine 1
	/-S/contrib/go/_std_1.21/src/runtime/mgc.go:1217 +0x1c

goroutine 52 [GC worker (idle), 59 minutes]:
runtime.gopark(0x1adc420?, 0x1?, 0xdf?, 0xa7?, 0x0?)
	/-S/contrib/go/_std_1.21/src/runtime/proc.go:398 +0xce fp=0xc000589750 sp=0xc000589730 pc=0x109ed6e
runtime.gcBgMarkWorker()
	/-S/contrib/go/_std_1.21/src/runtime/mgc.go:1293 +0xe5 fp=0xc0005897e0 sp=0xc000589750 pc=0x107fd25
runtime.goexit()
	/-S/contrib/go/_std_1.21/src/runtime/asm_amd64.s:1650 +0x1 fp=0xc0005897e8 sp=0xc0005897e0 pc=0x10d2021
created by runtime.gcBgMarkStartWorkers in goroutine 1
	/-S/contrib/go/_std_1.21/src/runtime/mgc.go:1217 +0x1c

goroutine 53 [GC worker (idle), 8 minutes]:
runtime.gopark(0x1adc420?, 0x1?, 0xd9?, 0xe4?, 0x0?)
	/-S/contrib/go/_std_1.21/src/runtime/proc.go:398 +0xce fp=0xc000589f50 sp=0xc000589f30 pc=0x109ed6e
runtime.gcBgMarkWorker()
	/-S/contrib/go/_std_1.21/src/runtime/mgc.go:1293 +0xe5 fp=0xc000589fe0 sp=0xc000589f50 pc=0x107fd25
runtime.goexit()
	/-S/contrib/go/_std_1.21/src/runtime/asm_amd64.s:1650 +0x1 fp=0xc000589fe8 sp=0xc000589fe0 pc=0x10d2021
created by runtime.gcBgMarkStartWorkers in goroutine 1
	/-S/contrib/go/_std_1.21/src/runtime/mgc.go:1217 +0x1c

goroutine 15 [GC worker (idle), 4 minutes]:
runtime.gopark(0x1adc420?, 0x1?, 0x60?, 0x1c?, 0x0?)
	/-S/contrib/go/_std_1.21/src/runtime/proc.go:398 +0xce fp=0xc000511750 sp=0xc000511730 pc=0x109ed6e
runtime.gcBgMarkWorker()
	/-S/contrib/go/_std_1.21/src/runtime/mgc.go:1293 +0xe5 fp=0xc0005117e0 sp=0xc000511750 pc=0x107fd25
runtime.goexit()
	/-S/contrib/go/_std_1.21/src/runtime/asm_amd64.s:1650 +0x1 fp=0xc0005117e8 sp=0xc0005117e0 pc=0x10d2021
created by runtime.gcBgMarkStartWorkers in goroutine 1
	/-S/contrib/go/_std_1.21/src/runtime/mgc.go:1217 +0x1c

goroutine 54 [GC worker (idle), 59 minutes]:
runtime.gopark(0x2901581b6c9?, 0x1?, 0xf5?, 0x24?, 0x0?)
	/-S/contrib/go/_std_1.21/src/runtime/proc.go:398 +0xce fp=0xc00058a750 sp=0xc00058a730 pc=0x109ed6e
runtime.gcBgMarkWorker()
	/-S/contrib/go/_std_1.21/src/runtime/mgc.go:1293 +0xe5 fp=0xc00058a7e0 sp=0xc00058a750 pc=0x107fd25
runtime.goexit()
	/-S/contrib/go/_std_1.21/src/runtime/asm_amd64.s:1650 +0x1 fp=0xc00058a7e8 sp=0xc00058a7e0 pc=0x10d2021
created by runtime.gcBgMarkStartWorkers in goroutine 1
	/-S/contrib/go/_std_1.21/src/runtime/mgc.go:1217 +0x1c

goroutine 32 [GC worker (idle), 4 minutes]:
runtime.gopark(0x1adc420?, 0x1?, 0x50?, 0x6b?, 0x0?)
	/-S/contrib/go/_std_1.21/src/runtime/proc.go:398 +0xce fp=0xc000506f50 sp=0xc000506f30 pc=0x109ed6e
runtime.gcBgMarkWorker()
	/-S/contrib/go/_std_1.21/src/runtime/mgc.go:1293 +0xe5 fp=0xc000506fe0 sp=0xc000506f50 pc=0x107fd25
runtime.goexit()
	/-S/contrib/go/_std_1.21/src/runtime/asm_amd64.s:1650 +0x1 fp=0xc000506fe8 sp=0xc000506fe0 pc=0x10d2021
created by runtime.gcBgMarkStartWorkers in goroutine 1
	/-S/contrib/go/_std_1.21/src/runtime/mgc.go:1217 +0x1c

goroutine 55 [GC worker (idle), 4 minutes]:
runtime.gopark(0x1adc420?, 0x1?, 0x2a?, 0x19?, 0x0?)
	/-S/contrib/go/_std_1.21/src/runtime/proc.go:398 +0xce fp=0xc00058af50 sp=0xc00058af30 pc=0x109ed6e
runtime.gcBgMarkWorker()
	/-S/contrib/go/_std_1.21/src/runtime/mgc.go:1293 +0xe5 fp=0xc00058afe0 sp=0xc00058af50 pc=0x107fd25
runtime.goexit()
	/-S/contrib/go/_std_1.21/src/runtime/asm_amd64.s:1650 +0x1 fp=0xc00058afe8 sp=0xc00058afe0 pc=0x10d2021
created by runtime.gcBgMarkStartWorkers in goroutine 1
	/-S/contrib/go/_std_1.21/src/runtime/mgc.go:1217 +0x1c

goroutine 16 [GC worker (idle), 2 minutes]:
runtime.gopark(0x1adc420?, 0x1?, 0xe5?, 0xa0?, 0x0?)
	/-S/contrib/go/_std_1.21/src/runtime/proc.go:398 +0xce fp=0xc000511f50 sp=0xc000511f30 pc=0x109ed6e
runtime.gcBgMarkWorker()
	/-S/contrib/go/_std_1.21/src/runtime/mgc.go:1293 +0xe5 fp=0xc000511fe0 sp=0xc000511f50 pc=0x107fd25
runtime.goexit()
	/-S/contrib/go/_std_1.21/src/runtime/asm_amd64.s:1650 +0x1 fp=0xc000511fe8 sp=0xc000511fe0 pc=0x10d2021
created by runtime.gcBgMarkStartWorkers in goroutine 1
	/-S/contrib/go/_std_1.21/src/runtime/mgc.go:1217 +0x1c

goroutine 33 [GC worker (idle), 2 minutes]:
runtime.gopark(0x1adc420?, 0x1?, 0xa6?, 0xa2?, 0x0?)
	/-S/contrib/go/_std_1.21/src/runtime/proc.go:398 +0xce fp=0xc000507750 sp=0xc000507730 pc=0x109ed6e
runtime.gcBgMarkWorker()
	/-S/contrib/go/_std_1.21/src/runtime/mgc.go:1293 +0xe5 fp=0xc0005077e0 sp=0xc000507750 pc=0x107fd25
runtime.goexit()
	/-S/contrib/go/_std_1.21/src/runtime/asm_amd64.s:1650 +0x1 fp=0xc0005077e8 sp=0xc0005077e0 pc=0x10d2021
created by runtime.gcBgMarkStartWorkers in goroutine 1
	/-S/contrib/go/_std_1.21/src/runtime/mgc.go:1217 +0x1c

goroutine 49 [GC worker (idle), 59 minutes]:
runtime.gopark(0x2901581b2d1?, 0x1?, 0xb8?, 0x48?, 0x0?)
	/-S/contrib/go/_std_1.21/src/runtime/proc.go:398 +0xce fp=0xc000515f50 sp=0xc000515f30 pc=0x109ed6e
runtime.gcBgMarkWorker()
	/-S/contrib/go/_std_1.21/src/runtime/mgc.go:1293 +0xe5 fp=0xc000515fe0 sp=0xc000515f50 pc=0x107fd25
runtime.goexit()
	/-S/contrib/go/_std_1.21/src/runtime/asm_amd64.s:1650 +0x1 fp=0xc000515fe8 sp=0xc000515fe0 pc=0x10d2021
created by runtime.gcBgMarkStartWorkers in goroutine 1
	/-S/contrib/go/_std_1.21/src/runtime/mgc.go:1217 +0x1c

goroutine 56 [GC worker (idle), 59 minutes]:
runtime.gopark(0x1adc420?, 0x1?, 0x48?, 0x31?, 0x0?)
	/-S/contrib/go/_std_1.21/src/runtime/proc.go:398 +0xce fp=0xc00058b750 sp=0xc00058b730 pc=0x109ed6e
runtime.gcBgMarkWorker()
	/-S/contrib/go/_std_1.21/src/runtime/mgc.go:1293 +0xe5 fp=0xc00058b7e0 sp=0xc00058b750 pc=0x107fd25
runtime.goexit()
	/-S/contrib/go/_std_1.21/src/runtime/asm_amd64.s:1650 +0x1 fp=0xc00058b7e8 sp=0xc00058b7e0 pc=0x10d2021
created by runtime.gcBgMarkStartWorkers in goroutine 1
	/-S/contrib/go/_std_1.21/src/runtime/mgc.go:1217 +0x1c

goroutine 66 [GC worker (idle)]:
runtime.gopark(0x5d20cb7d9a5?, 0x1?, 0x78?, 0x39?, 0x0?)
	/-S/contrib/go/_std_1.21/src/runtime/proc.go:398 +0xce fp=0xc000584750 sp=0xc000584730 pc=0x109ed6e
runtime.gcBgMarkWorker()
	/-S/contrib/go/_std_1.21/src/runtime/mgc.go:1293 +0xe5 fp=0xc0005847e0 sp=0xc000584750 pc=0x107fd25
runtime.goexit()
	/-S/contrib/go/_std_1.21/src/runtime/asm_amd64.s:1650 +0x1 fp=0xc0005847e8 sp=0xc0005847e0 pc=0x10d2021
created by runtime.gcBgMarkStartWorkers in goroutine 1
	/-S/contrib/go/_std_1.21/src/runtime/mgc.go:1217 +0x1c

goroutine 57 [GC worker (idle), 2 minutes]:
runtime.gopark(0x5b5ffeef8a8?, 0x1?, 0x30?, 0xee?, 0x0?)
	/-S/contrib/go/_std_1.21/src/runtime/proc.go:398 +0xce fp=0xc00058bf50 sp=0xc00058bf30 pc=0x109ed6e
runtime.gcBgMarkWorker()
	/-S/contrib/go/_std_1.21/src/runtime/mgc.go:1293 +0xe5 fp=0xc00058bfe0 sp=0xc00058bf50 pc=0x107fd25
runtime.goexit()
	/-S/contrib/go/_std_1.21/src/runtime/asm_amd64.s:1650 +0x1 fp=0xc00058bfe8 sp=0xc00058bfe0 pc=0x10d2021
created by runtime.gcBgMarkStartWorkers in goroutine 1
	/-S/contrib/go/_std_1.21/src/runtime/mgc.go:1217 +0x1c

goroutine 58 [GC worker (idle), 59 minutes]:
runtime.gopark(0x2901581b21c?, 0x1?, 0x7b?, 0x16?, 0x0?)
	/-S/contrib/go/_std_1.21/src/runtime/proc.go:398 +0xce fp=0xc000590750 sp=0xc000590730 pc=0x109ed6e
runtime.gcBgMarkWorker()
	/-S/contrib/go/_std_1.21/src/runtime/mgc.go:1293 +0xe5 fp=0xc0005907e0 sp=0xc000590750 pc=0x107fd25
runtime.goexit()
	/-S/contrib/go/_std_1.21/src/runtime/asm_amd64.s:1650 +0x1 fp=0xc0005907e8 sp=0xc0005907e0 pc=0x10d2021
created by runtime.gcBgMarkStartWorkers in goroutine 1
	/-S/contrib/go/_std_1.21/src/runtime/mgc.go:1217 +0x1c

goroutine 67 [GC worker (idle), 59 minutes]:
runtime.gopark(0x1adc420?, 0x1?, 0x13?, 0xfb?, 0x0?)
	/-S/contrib/go/_std_1.21/src/runtime/proc.go:398 +0xce fp=0xc000584f50 sp=0xc000584f30 pc=0x109ed6e
runtime.gcBgMarkWorker()
	/-S/contrib/go/_std_1.21/src/runtime/mgc.go:1293 +0xe5 fp=0xc000584fe0 sp=0xc000584f50 pc=0x107fd25
runtime.goexit()
	/-S/contrib/go/_std_1.21/src/runtime/asm_amd64.s:1650 +0x1 fp=0xc000584fe8 sp=0xc000584fe0 pc=0x10d2021
created by runtime.gcBgMarkStartWorkers in goroutine 1
	/-S/contrib/go/_std_1.21/src/runtime/mgc.go:1217 +0x1c

goroutine 59 [GC worker (idle), 8 minutes]:
runtime.gopark(0x561fcbac51c?, 0x1?, 0xea?, 0x51?, 0x0?)
	/-S/contrib/go/_std_1.21/src/runtime/proc.go:398 +0xce fp=0xc000590f50 sp=0xc000590f30 pc=0x109ed6e
runtime.gcBgMarkWorker()
	/-S/contrib/go/_std_1.21/src/runtime/mgc.go:1293 +0xe5 fp=0xc000590fe0 sp=0xc000590f50 pc=0x107fd25
runtime.goexit()
	/-S/contrib/go/_std_1.21/src/runtime/asm_amd64.s:1650 +0x1 fp=0xc000590fe8 sp=0xc000590fe0 pc=0x10d2021
created by runtime.gcBgMarkStartWorkers in goroutine 1
	/-S/contrib/go/_std_1.21/src/runtime/mgc.go:1217 +0x1c

goroutine 82 [GC worker (idle)]:
runtime.gopark(0x5d20cb7b858?, 0x1?, 0xd1?, 0x32?, 0x0?)
	/-S/contrib/go/_std_1.21/src/runtime/proc.go:398 +0xce fp=0xc000507f50 sp=0xc000507f30 pc=0x109ed6e
runtime.gcBgMarkWorker()
	/-S/contrib/go/_std_1.21/src/runtime/mgc.go:1293 +0xe5 fp=0xc000507fe0 sp=0xc000507f50 pc=0x107fd25
runtime.goexit()
	/-S/contrib/go/_std_1.21/src/runtime/asm_amd64.s:1650 +0x1 fp=0xc000507fe8 sp=0xc000507fe0 pc=0x10d2021
created by runtime.gcBgMarkStartWorkers in goroutine 1
	/-S/contrib/go/_std_1.21/src/runtime/mgc.go:1217 +0x1c

goroutine 60 [GC worker (idle), 2 minutes]:
runtime.gopark(0x1adc420?, 0x1?, 0xae?, 0x41?, 0x0?)
	/-S/contrib/go/_std_1.21/src/runtime/proc.go:398 +0xce fp=0xc000591750 sp=0xc000591730 pc=0x109ed6e
runtime.gcBgMarkWorker()
	/-S/contrib/go/_std_1.21/src/runtime/mgc.go:1293 +0xe5 fp=0xc0005917e0 sp=0xc000591750 pc=0x107fd25
runtime.goexit()
	/-S/contrib/go/_std_1.21/src/runtime/asm_amd64.s:1650 +0x1 fp=0xc0005917e8 sp=0xc0005917e0 pc=0x10d2021
created by runtime.gcBgMarkStartWorkers in goroutine 1
	/-S/contrib/go/_std_1.21/src/runtime/mgc.go:1217 +0x1c

goroutine 68 [GC worker (idle), 8 minutes]:
runtime.gopark(0x561fcbac3a7?, 0x1?, 0x2f?, 0x2b?, 0x0?)
	/-S/contrib/go/_std_1.21/src/runtime/proc.go:398 +0xce fp=0xc000585750 sp=0xc000585730 pc=0x109ed6e
runtime.gcBgMarkWorker()
	/-S/contrib/go/_std_1.21/src/runtime/mgc.go:1293 +0xe5 fp=0xc0005857e0 sp=0xc000585750 pc=0x107fd25
runtime.goexit()
	/-S/contrib/go/_std_1.21/src/runtime/asm_amd64.s:1650 +0x1 fp=0xc0005857e8 sp=0xc0005857e0 pc=0x10d2021
created by runtime.gcBgMarkStartWorkers in goroutine 1
	/-S/contrib/go/_std_1.21/src/runtime/mgc.go:1217 +0x1c

goroutine 98 [GC worker (idle)]:
runtime.gopark(0x5d20cb7c49c?, 0xc0001d2780?, 0x1a?, 0x14?, 0x0?)
	/-S/contrib/go/_std_1.21/src/runtime/proc.go:398 +0xce fp=0xc00058c750 sp=0xc00058c730 pc=0x109ed6e
runtime.gcBgMarkWorker()
	/-S/contrib/go/_std_1.21/src/runtime/mgc.go:1293 +0xe5 fp=0xc00058c7e0 sp=0xc00058c750 pc=0x107fd25
runtime.goexit()
	/-S/contrib/go/_std_1.21/src/runtime/asm_amd64.s:1650 +0x1 fp=0xc00058c7e8 sp=0xc00058c7e0 pc=0x10d2021
created by runtime.gcBgMarkStartWorkers in goroutine 1
	/-S/contrib/go/_std_1.21/src/runtime/mgc.go:1217 +0x1c

goroutine 83 [GC worker (idle), 2 minutes]:
runtime.gopark(0x5b5ffef7a5f?, 0x1?, 0xa0?, 0x3e?, 0x0?)
	/-S/contrib/go/_std_1.21/src/runtime/proc.go:398 +0xce fp=0xc0004c0750 sp=0xc0004c0730 pc=0x109ed6e
runtime.gcBgMarkWorker()
	/-S/contrib/go/_std_1.21/src/runtime/mgc.go:1293 +0xe5 fp=0xc0004c07e0 sp=0xc0004c0750 pc=0x107fd25
runtime.goexit()
	/-S/contrib/go/_std_1.21/src/runtime/asm_amd64.s:1650 +0x1 fp=0xc0004c07e8 sp=0xc0004c07e0 pc=0x10d2021
created by runtime.gcBgMarkStartWorkers in goroutine 1
	/-S/contrib/go/_std_1.21/src/runtime/mgc.go:1217 +0x1c

goroutine 139 [select]:
runtime.gopark(0xc0006add18?, 0x2?, 0xc0?, 0x92?, 0xc0006add04?)
	/-S/contrib/go/_std_1.21/src/runtime/proc.go:398 +0xce fp=0xc0006adba8 sp=0xc0006adb88 pc=0x109ed6e
runtime.selectgo(0xc0006add18, 0xc0006add00, 0xc000d84bd0?, 0x0, 0x0?, 0x1)
	/-S/contrib/go/_std_1.21/src/runtime/select.go:327 +0x725 fp=0xc0006adcc8 sp=0xc0006adba8 pc=0x10af265
github.com/ydb-platform/nbs/cloud/disk_manager/pkg/client.(*client).WaitOperation(0xc000d92150, {0x887e98, 0xc000d84bd0}, {0xc0008d0060, 0x24}, 0x544798)
	/-S/cloud/disk_manager/pkg/client/client.go:233 +0x173 fp=0xc0006add48 sp=0xc0006adcc8 pc=0x19f3cb3
github.com/ydb-platform/nbs/cloud/disk_manager/internal/pkg/client.WaitResponse({0x887e98, 0xc000d84bd0}, {0x7f46b057f040, 0xc000d92150}, {0xc0008d0060, 0x24}, {0x8857a8, 0xc000b54840})
	/-S/cloud/disk_manager/internal/pkg/client/client.go:55 +0xbf fp=0xc0006adda0 sp=0xc0006add48 pc=0x19f453f
github.com/ydb-platform/nbs/cloud/disk_manager/internal/pkg/facade/testcommon.CreateImage(0x882e38?, {0x887e98, 0xc000d84bd0}, {0xc000aec600, 0x2b}, 0x4000000, {0x4ddae8, 0x6}, 0x0)
	/-S/cloud/disk_manager/internal/pkg/facade/testcommon/common.go:560 +0x5f2 fp=0xc0006ade90 sp=0xc0006adda0 pc=0x19f6d52
github.com/ydb-platform/nbs/cloud/disk_manager/internal/pkg/facade_test.TestImageServiceCancelCreateImageFromImage(0xc000603520)
	/-S/cloud/disk_manager/internal/pkg/facade/image_service_test/image_service_test.go:718 +0x14f fp=0xc0006adf70 sp=0xc0006ade90 pc=0x19fc70f
testing.tRunner(0xc000603520, 0x543be8)
	/-S/contrib/go/_std_1.21/src/testing/testing.go:1595 +0xff fp=0xc0006adfc0 sp=0xc0006adf70 pc=0x1187f3f
testing.(*T).Run.func1()
	/-S/contrib/go/_std_1.21/src/testing/testing.go:1648 +0x25 fp=0xc0006adfe0 sp=0xc0006adfc0 pc=0x1188ec5
runtime.goexit()
	/-S/contrib/go/_std_1.21/src/runtime/asm_amd64.s:1650 +0x1 fp=0xc0006adfe8 sp=0xc0006adfe0 pc=0x10d2021
created by testing.(*T).Run in goroutine 1
	/-S/contrib/go/_std_1.21/src/testing/testing.go:1648 +0x3ad

goroutine 74 [IO wait, 59 minutes]:
runtime.gopark(0x65ecbaeccf1e9597?, 0xb?, 0x0?, 0x0?, 0x9?)
	/-S/contrib/go/_std_1.21/src/runtime/proc.go:398 +0xce fp=0xc0006915c0 sp=0xc0006915a0 pc=0x109ed6e
runtime.netpollblock(0x10e77f8?, 0x1067ce6?, 0x0?)
	/-S/contrib/go/_std_1.21/src/runtime/netpoll.go:564 +0xf7 fp=0xc0006915f8 sp=0xc0006915c0 pc=0x10974f7
internal/poll.runtime_pollWait(0x7f46d1a0eb00, 0x72)
	/-S/contrib/go/_std_1.21/src/runtime/netpoll.go:343 +0x85 fp=0xc000691618 sp=0xc0006915f8 pc=0x10cc3e5
internal/poll.(*pollDesc).wait(0xc0005e6880?, 0xc000a14000?, 0x0)
	/-S/contrib/go/_std_1.21/src/internal/poll/fd_poll_runtime.go:85 +0x27 fp=0xc000691640 sp=0xc000691618 pc=0x1109b47
internal/poll.(*pollDesc).waitRead(...)
	/-S/contrib/go/_std_1.21/src/internal/poll/fd_poll_runtime.go:90
internal/poll.(*FD).Read(0xc0005e6880, {0xc000a14000, 0xa80, 0xa80})
	/-S/contrib/go/_std_1.21/src/internal/poll/fd_unix.go:164 +0x27a fp=0xc0006916d8 sp=0xc000691640 pc=0x110ae3a
net.(*netFD).Read(0xc0005e6880, {0xc000a14000?, 0xc000a14005?, 0x1a?})
	/-S/contrib/go/_std_1.21/src/net/fd_posix.go:55 +0x25 fp=0xc000691720 sp=0xc0006916d8 pc=0x12e9905
net.(*conn).Read(0xc00085c020, {0xc000a14000?, 0x13d55be?, 0xc0008701b8?})
	/-S/contrib/go/_std_1.21/src/net/net.go:179 +0x45 fp=0xc000691768 sp=0xc000691720 pc=0x12f9b25
net.(*TCPConn).Read(0xc000691800?, {0xc000a14000?, 0xc000912120?, 0x18?})
	&amp;lt;autogenerated&amp;gt;:1 +0x25 fp=0xc000691798 sp=0xc000691768 pc=0x130a465
crypto/tls.(*atLeastReader).Read(0xc000912120, {0xc000a14000?, 0xc000912120?, 0x0?})
	/-S/contrib/go/_std_1.21/src/crypto/tls/conn.go:805 +0x3b fp=0xc0006917e0 sp=0xc000691798 pc=0x13d53db
bytes.(*Buffer).ReadFrom(0xc0008702a8, {0x87c020, 0xc000912120})
	/-S/contrib/go/_std_1.21/src/bytes/buffer.go:211 +0x98 fp=0xc000691838 sp=0xc0006917e0 pc=0x116cc78
crypto/tls.(*Conn).readFromUntil(0xc000870000, {0x878c60?, 0xc00085c020}, 0xa80?)
	/-S/contrib/go/_std_1.21/src/crypto/tls/conn.go:827 +0xde fp=0xc000691878 sp=0xc000691838 pc=0x13d55be
crypto/tls.(*Conn).readRecordOrCCS(0xc000870000, 0x0)
	/-S/contrib/go/_std_1.21/src/crypto/tls/conn.go:625 +0x250 fp=0xc000691c18 sp=0xc000691878 pc=0x13d2b90
crypto/tls.(*Conn).readRecord(...)
	/-S/contrib/go/_std_1.21/src/crypto/tls/conn.go:587
crypto/tls.(*Conn).Read(0xc000870000, {0xc000a36000, 0x8000, 0x14da75f?})
	/-S/contrib/go/_std_1.21/src/crypto/tls/conn.go:1369 +0x158 fp=0xc000691c88 sp=0xc000691c18 pc=0x13d8e58
google.golang.org/grpc/internal/credentials.(*syscallConn).Read(0x10401?, {0xc000a36000?, 0x1071525?, 0x10401?})
	&amp;lt;autogenerated&amp;gt;:1 +0x29 fp=0xc000691cb8 sp=0xc000691c88 pc=0x1412269
bufio.(*Reader).Read(0xc000a32480, {0xc000a4e040, 0x9, 0x30?})
	/-S/contrib/go/_std_1.21/src/bufio/bufio.go:244 +0x197 fp=0xc000691cf0 sp=0xc000691cb8 pc=0x118e657
io.ReadAtLeast({0x876800, 0xc000a32480}, {0xc000a4e040, 0x9, 0x9}, 0x9)
	/-S/contrib/go/_std_1.21/src/io/io.go:335 +0x90 fp=0xc000691d38 sp=0xc000691cf0 pc=0x1105830
io.ReadFull(...)
	/-S/contrib/go/_std_1.21/src/io/io.go:354
golang.org/x/net/http2.readFrameHeader({0xc000a4e040, 0x9, 0xc0009080f0?}, {0x876800?, 0xc000a32480?})
	/-S/vendor/golang.org/x/net/http2/frame.go:237 +0x65 fp=0xc000691d88 sp=0xc000691d38 pc=0x1496485
golang.org/x/net/http2.(*Framer).ReadFrame(0xc000a4e000)
	/-S/vendor/golang.org/x/net/http2/frame.go:498 +0x85 fp=0xc000691e30 sp=0xc000691d88 pc=0x1496bc5
google.golang.org/grpc/internal/transport.(*http2Client).reader(0xc000872240, 0x0?)
	/-S/vendor/google.golang.org/grpc/internal/transport/http2_client.go:1595 +0x245 fp=0xc000691fc0 sp=0xc000691e30 pc=0x14ddd65
google.golang.org/grpc/internal/transport.newHTTP2Client.func11()
	/-S/vendor/google.golang.org/grpc/internal/transport/http2_client.go:397 +0x25 fp=0xc000691fe0 sp=0xc000691fc0 pc=0x14d39c5
runtime.goexit()
	/-S/contrib/go/_std_1.21/src/runtime/asm_amd64.s:1650 +0x1 fp=0xc000691fe8 sp=0xc000691fe0 pc=0x10d2021
created by google.golang.org/grpc/internal/transport.newHTTP2Client in goroutine 62
	/-S/vendor/google.golang.org/grpc/internal/transport/http2_client.go:397 +0x1e9e

goroutine 88 [select, 59 minutes]:
runtime.gopark(0xc000695f80?, 0x2?, 0x2?, 0x0?, 0xc000695f44?)
	/-S/contrib/go/_std_1.21/src/runtime/proc.go:398 +0xce fp=0xc000695dd0 sp=0xc000695db0 pc=0x109ed6e
runtime.selectgo(0xc000695f80, 0xc000695f40, 0xc00018e2a0?, 0x0, 0xc00018e480?, 0x1)
	/-S/contrib/go/_std_1.21/src/runtime/select.go:327 +0x725 fp=0xc000695ef0 sp=0xc000695dd0 pc=0x10af265
google.golang.org/grpc/internal/grpcsync.(*CallbackSerializer).run(0xc0006204e0, {0x887ed0, 0xc00012a8c0})
	/-S/vendor/google.golang.org/grpc/internal/grpcsync/callback_serializer.go:83 +0x112 fp=0xc000695fb8 sp=0xc000695ef0 pc=0x1424732
google.golang.org/grpc/internal/grpcsync.NewCallbackSerializer.func1()
	/-S/vendor/google.golang.org/grpc/internal/grpcsync/callback_serializer.go:55 +0x28 fp=0xc000695fe0 sp=0xc000695fb8 pc=0x1424468
runtime.goexit()
	/-S/contrib/go/_std_1.21/src/runtime/asm_amd64.s:1650 +0x1 fp=0xc000695fe8 sp=0xc000695fe0 pc=0x10d2021
created by google.golang.org/grpc/internal/grpcsync.NewCallbackSerializer in goroutine 99
	/-S/vendor/google.golang.org/grpc/internal/grpcsync/callback_serializer.go:55 +0x129

goroutine 89 [select, 59 minutes]:
runtime.gopark(0xc000697f80?, 0x2?, 0x3?, 0x0?, 0xc000697f44?)
	/-S/contrib/go/_std_1.21/src/runtime/proc.go:398 +0xce fp=0xc000697dd0 sp=0xc000697db0 pc=0x109ed6e
runtime.selectgo(0xc000697f80, 0xc000697f40, 0x0?, 0x0, 0x0?, 0x1)
	/-S/contrib/go/_std_1.21/src/runtime/select.go:327 +0x725 fp=0xc000697ef0 sp=0xc000697dd0 pc=0x10af265
google.golang.org/grpc/internal/grpcsync.(*CallbackSerializer).run(0xc000620540, {0x887ed0, 0xc00012a910})
	/-S/vendor/google.golang.org/grpc/internal/grpcsync/callback_serializer.go:83 +0x112 fp=0xc000697fb8 sp=0xc000697ef0 pc=0x1424732
google.golang.org/grpc/internal/grpcsync.NewCallbackSerializer.func1()
	/-S/vendor/google.golang.org/grpc/internal/grpcsync/callback_serializer.go:55 +0x28 fp=0xc000697fe0 sp=0xc000697fb8 pc=0x1424468
runtime.goexit()
	/-S/contrib/go/_std_1.21/src/runtime/asm_amd64.s:1650 +0x1 fp=0xc000697fe8 sp=0xc000697fe0 pc=0x10d2021
created by google.golang.org/grpc/internal/grpcsync.NewCallbackSerializer in goroutine 99
	/-S/vendor/google.golang.org/grpc/internal/grpcsync/callback_serializer.go:55 +0x129

goroutine 135 [select]:
runtime.gopark(0xc000399f00?, 0x2?, 0x0?, 0x0?, 0xc000399ecc?)
	/-S/contrib/go/_std_1.21/src/runtime/proc.go:398 +0xce fp=0xc000399d78 sp=0xc000399d58 pc=0x109ed6e
runtime.selectgo(0xc000399f00, 0xc000399ec8, 0x0?, 0x0, 0x130a765?, 0x1)
	/-S/contrib/go/_std_1.21/src/runtime/select.go:327 +0x725 fp=0xc000399e98 sp=0xc000399d78 pc=0x10af265
google.golang.org/grpc/internal/transport.(*controlBuffer).get(0xc000abe190, 0x1)
	/-S/vendor/google.golang.org/grpc/internal/transport/controlbuf.go:418 +0x113 fp=0xc000399f30 sp=0xc000399e98 pc=0x14c99b3
google.golang.org/grpc/internal/transport.(*loopyWriter).run(0xc000b82000)
	/-S/vendor/google.golang.org/grpc/internal/transport/controlbuf.go:552 +0x86 fp=0xc000399f90 sp=0xc000399f30 pc=0x14ca0e6
google.golang.org/grpc/internal/transport.newHTTP2Client.func6()
	/-S/vendor/google.golang.org/grpc/internal/transport/http2_client.go:451 +0x85 fp=0xc000399fe0 sp=0xc000399f90 pc=0x14d38c5
runtime.goexit()
	/-S/contrib/go/_std_1.21/src/runtime/asm_amd64.s:1650 +0x1 fp=0xc000399fe8 sp=0xc000399fe0 pc=0x10d2021
created by google.golang.org/grpc/internal/transport.newHTTP2Client in goroutine 163
	/-S/vendor/google.golang.org/grpc/internal/transport/http2_client.go:449 +0x2450

goroutine 5760 [IO wait]:
runtime.gopark(0xf2743ce923021f73?, 0xb?, 0x0?, 0x0?, 0x7?)
	/-S/contrib/go/_std_1.21/src/runtime/proc.go:398 +0xce fp=0xc0006ca5c0 sp=0xc0006ca5a0 pc=0x109ed6e
runtime.netpollblock(0x10e77f8?, 0x1067ce6?, 0x0?)
	/-S/contrib/go/_std_1.21/src/runtime/netpoll.go:564 +0xf7 fp=0xc0006ca5f8 sp=0xc0006ca5c0 pc=0x10974f7
internal/poll.runtime_pollWait(0x7f46d1a0ede8, 0x72)
	/-S/contrib/go/_std_1.21/src/runtime/netpoll.go:343 +0x85 fp=0xc0006ca618 sp=0xc0006ca5f8 pc=0x10cc3e5
internal/poll.(*pollDesc).wait(0xc000d28c80?, 0xc000a5a900?, 0x0)
	/-S/contrib/go/_std_1.21/src/internal/poll/fd_poll_runtime.go:85 +0x27 fp=0xc0006ca640 sp=0xc0006ca618 pc=0x1109b47
internal/poll.(*pollDesc).waitRead(...)
	/-S/contrib/go/_std_1.21/src/internal/poll/fd_poll_runtime.go:90
internal/poll.(*FD).Read(0xc000d28c80, {0xc000a5a900, 0x900, 0x900})
	/-S/contrib/go/_std_1.21/src/internal/poll/fd_unix.go:164 +0x27a fp=0xc0006ca6d8 sp=0xc0006ca640 pc=0x110ae3a
net.(*netFD).Read(0xc000d28c80, {0xc000a5a900?, 0xc000a5a905?, 0x22?})
	/-S/contrib/go/_std_1.21/src/net/fd_posix.go:55 +0x25 fp=0xc0006ca720 sp=0xc0006ca6d8 pc=0x12e9905
net.(*conn).Read(0xc00085c110, {0xc000a5a900?, 0xc0006ca7b8?, 0xc0008708b8?})
	/-S/contrib/go/_std_1.21/src/net/net.go:179 +0x45 fp=0xc0006ca768 sp=0xc0006ca720 pc=0x12f9b25
net.(*TCPConn).Read(0xc0006ca800?, {0xc000a5a900?, 0xc00089b0c8?, 0x18?})
	&amp;lt;autogenerated&amp;gt;:1 +0x25 fp=0xc0006ca798 sp=0xc0006ca768 pc=0x130a465
crypto/tls.(*atLeastReader).Read(0xc00089b0c8, {0xc000a5a900?, 0xc00089b0c8?, 0x0?})
	/-S/contrib/go/_std_1.21/src/crypto/tls/conn.go:805 +0x3b fp=0xc0006ca7e0 sp=0xc0006ca798 pc=0x13d53db
bytes.(*Buffer).ReadFrom(0xc0008709a8, {0x87c020, 0xc00089b0c8})
	/-S/contrib/go/_std_1.21/src/bytes/buffer.go:211 +0x98 fp=0xc0006ca838 sp=0xc0006ca7e0 pc=0x116cc78
crypto/tls.(*Conn).readFromUntil(0xc000870700, {0x878c60?, 0xc00085c110}, 0x900?)
	/-S/contrib/go/_std_1.21/src/crypto/tls/conn.go:827 +0xde fp=0xc0006ca878 sp=0xc0006ca838 pc=0x13d55be
crypto/tls.(*Conn).readRecordOrCCS(0xc000870700, 0x0)
	/-S/contrib/go/_std_1.21/src/crypto/tls/conn.go:625 +0x250 fp=0xc0006cac18 sp=0xc0006ca878 pc=0x13d2b90
crypto/tls.(*Conn).readRecord(...)
	/-S/contrib/go/_std_1.21/src/crypto/tls/conn.go:587
crypto/tls.(*Conn).Read(0xc000870700, {0xc0003a2000, 0x8000, 0x0?})
	/-S/contrib/go/_std_1.21/src/crypto/tls/conn.go:1369 +0x158 fp=0xc0006cac88 sp=0xc0006cac18 pc=0x13d8e58
google.golang.org/grpc/internal/credentials.(*syscallConn).Read(0x801010601?, {0xc0003a2000?, 0xc0006cad30?, 0x801010601?})
	&amp;lt;autogenerated&amp;gt;:1 +0x29 fp=0xc0006cacb8 sp=0xc0006cac88 pc=0x1412269
bufio.(*Reader).Read(0xc00070e840, {0xc000330120, 0x9, 0x7f471af44108?})
	/-S/contrib/go/_std_1.21/src/bufio/bufio.go:244 +0x197 fp=0xc0006cacf0 sp=0xc0006cacb8 pc=0x118e657
io.ReadAtLeast({0x876800, 0xc00070e840}, {0xc000330120, 0x9, 0x9}, 0x9)
	/-S/contrib/go/_std_1.21/src/io/io.go:335 +0x90 fp=0xc0006cad38 sp=0xc0006cacf0 pc=0x1105830
io.ReadFull(...)
	/-S/contrib/go/_std_1.21/src/io/io.go:354
golang.org/x/net/http2.readFrameHeader({0xc000330120, 0x9, 0x1aa75e0?}, {0x876800?, 0xc00070e840?})
	/-S/vendor/golang.org/x/net/http2/frame.go:237 +0x65 fp=0xc0006cad88 sp=0xc0006cad38 pc=0x1496485
golang.org/x/net/http2.(*Framer).ReadFrame(0xc0003300e0)
	/-S/vendor/golang.org/x/net/http2/frame.go:498 +0x85 fp=0xc0006cae30 sp=0xc0006cad88 pc=0x1496bc5
google.golang.org/grpc/internal/transport.(*http2Client).reader(0xc000b40480, 0x0?)
	/-S/vendor/google.golang.org/grpc/internal/transport/http2_client.go:1595 +0x245 fp=0xc0006cafc0 sp=0xc0006cae30 pc=0x14ddd65
google.golang.org/grpc/internal/transport.newHTTP2Client.func11()
	/-S/vendor/google.golang.org/grpc/internal/transport/http2_client.go:397 +0x25 fp=0xc0006cafe0 sp=0xc0006cafc0 pc=0x14d39c5
runtime.goexit()
	/-S/contrib/go/_std_1.21/src/runtime/asm_amd64.s:1650 +0x1 fp=0xc0006cafe8 sp=0xc0006cafe0 pc=0x10d2021
created by google.golang.org/grpc/internal/transport.newHTTP2Client in goroutine 5754
	/-S/vendor/google.golang.org/grpc/internal/transport/http2_client.go:397 +0x1e9e

goroutine 91 [select, 59 minutes]:
runtime.gopark(0xc00010df80?, 0x2?, 0x2?, 0x0?, 0xc00010df44?)
	/-S/contrib/go/_std_1.21/src/runtime/proc.go:398 +0xce fp=0xc00010ddd0 sp=0xc00010ddb0 pc=0x109ed6e
runtime.selectgo(0xc00010df80, 0xc00010df40, 0x0?, 0x0, 0x0?, 0x1)
	/-S/contrib/go/_std_1.21/src/runtime/select.go:327 +0x725 fp=0xc00010def0 sp=0xc00010ddd0 pc=0x10af265
google.golang.org/grpc/internal/grpcsync.(*CallbackSerializer).run(0xc000620880, {0x887ed0, 0xc00012ac30})
	/-S/vendor/google.golang.org/grpc/internal/grpcsync/callback_serializer.go:83 +0x112 fp=0xc00010dfb8 sp=0xc00010def0 pc=0x1424732
google.golang.org/grpc/internal/grpcsync.NewCallbackSerializer.func1()
	/-S/vendor/google.golang.org/grpc/internal/grpcsync/callback_serializer.go:55 +0x28 fp=0xc00010dfe0 sp=0xc00010dfb8 pc=0x1424468
runtime.goexit()
	/-S/contrib/go/_std_1.21/src/runtime/asm_amd64.s:1650 +0x1 fp=0xc00010dfe8 sp=0xc00010dfe0 pc=0x10d2021
created by google.golang.org/grpc/internal/grpcsync.NewCallbackSerializer in goroutine 99
	/-S/vendor/google.golang.org/grpc/internal/grpcsync/callback_serializer.go:55 +0x129

goroutine 92 [select, 59 minutes]:
runtime.gopark(0xc000696f80?, 0x2?, 0x3?, 0x0?, 0xc000696f44?)
	/-S/contrib/go/_std_1.21/src/runtime/proc.go:398 +0xce fp=0xc000696dd0 sp=0xc000696db0 pc=0x109ed6e
runtime.selectgo(0xc000696f80, 0xc000696f40, 0x0?, 0x0, 0x0?, 0x1)
	/-S/contrib/go/_std_1.21/src/runtime/select.go:327 +0x725 fp=0xc000696ef0 sp=0xc000696dd0 pc=0x10af265
google.golang.org/grpc/internal/grpcsync.(*CallbackSerializer).run(0xc0006208e0, {0x887ed0, 0xc00012ac80})
	/-S/vendor/google.golang.org/grpc/internal/grpcsync/callback_serializer.go:83 +0x112 fp=0xc000696fb8 sp=0xc000696ef0 pc=0x1424732
google.golang.org/grpc/internal/grpcsync.NewCallbackSerializer.func1()
	/-S/vendor/google.golang.org/grpc/internal/grpcsync/callback_serializer.go:55 +0x28 fp=0xc000696fe0 sp=0xc000696fb8 pc=0x1424468
runtime.goexit()
	/-S/contrib/go/_std_1.21/src/runtime/asm_amd64.s:1650 +0x1 fp=0xc000696fe8 sp=0xc000696fe0 pc=0x10d2021
created by google.golang.org/grpc/internal/grpcsync.NewCallbackSerializer in goroutine 99
	/-S/vendor/google.golang.org/grpc/internal/grpcsync/callback_serializer.go:55 +0x129

goroutine 94 [select, 59 minutes]:
runtime.gopark(0xc00083df80?, 0x2?, 0x2?, 0x0?, 0xc00083df44?)
	/-S/contrib/go/_std_1.21/src/runtime/proc.go:398 +0xce fp=0xc00083ddd0 sp=0xc00083ddb0 pc=0x109ed6e
runtime.selectgo(0xc00083df80, 0xc00083df40, 0x0?, 0x0, 0x0?, 0x1)
	/-S/contrib/go/_std_1.21/src/runtime/select.go:327 +0x725 fp=0xc00083def0 sp=0xc00083ddd0 pc=0x10af265
google.golang.org/grpc/internal/grpcsync.(*CallbackSerializer).run(0xc000620c20, {0x887ed0, 0xc00012afa0})
	/-S/vendor/google.golang.org/grpc/internal/grpcsync/callback_serializer.go:83 +0x112 fp=0xc00083dfb8 sp=0xc00083def0 pc=0x1424732
google.golang.org/grpc/internal/grpcsync.NewCallbackSerializer.func1()
	/-S/vendor/google.golang.org/grpc/internal/grpcsync/callback_serializer.go:55 +0x28 fp=0xc00083dfe0 sp=0xc00083dfb8 pc=0x1424468
runtime.goexit()
	/-S/contrib/go/_std_1.21/src/runtime/asm_amd64.s:1650 +0x1 fp=0xc00083dfe8 sp=0xc00083dfe0 pc=0x10d2021
created by google.golang.org/grpc/internal/grpcsync.NewCallbackSerializer in goroutine 99
	/-S/vendor/google.golang.org/grpc/internal/grpcsync/callback_serializer.go:55 +0x129

goroutine 95 [select, 59 minutes]:
runtime.gopark(0xc00010ef80?, 0x2?, 0x3?, 0x0?, 0xc00010ef44?)
	/-S/contrib/go/_std_1.21/src/runtime/proc.go:398 +0xce fp=0xc00010edd0 sp=0xc00010edb0 pc=0x109ed6e
runtime.selectgo(0xc00010ef80, 0xc00010ef40, 0x0?, 0x0, 0x0?, 0x1)
	/-S/contrib/go/_std_1.21/src/runtime/select.go:327 +0x725 fp=0xc00010eef0 sp=0xc00010edd0 pc=0x10af265
google.golang.org/grpc/internal/grpcsync.(*CallbackSerializer).run(0xc000620c80, {0x887ed0, 0xc00012aff0})
	/-S/vendor/google.golang.org/grpc/internal/grpcsync/callback_serializer.go:83 +0x112 fp=0xc00010efb8 sp=0xc00010eef0 pc=0x1424732
google.golang.org/grpc/internal/grpcsync.NewCallbackSerializer.func1()
	/-S/vendor/google.golang.org/grpc/internal/grpcsync/callback_serializer.go:55 +0x28 fp=0xc00010efe0 sp=0xc00010efb8 pc=0x1424468
runtime.goexit()
	/-S/contrib/go/_std_1.21/src/runtime/asm_amd64.s:1650 +0x1 fp=0xc00010efe8 sp=0xc00010efe0 pc=0x10d2021
created by google.golang.org/grpc/internal/grpcsync.NewCallbackSerializer in goroutine 99
	/-S/vendor/google.golang.org/grpc/internal/grpcsync/callback_serializer.go:55 +0x129

goroutine 130 [IO wait, 59 minutes]:
runtime.gopark(0x6a6473d7c7396db4?, 0xb?, 0x0?, 0x0?, 0x8?)
	/-S/contrib/go/_std_1.21/src/runtime/proc.go:398 +0xce fp=0xc0006925c0 sp=0xc0006925a0 pc=0x109ed6e
runtime.netpollblock(0x10e77f8?, 0x1067ce6?, 0x0?)
	/-S/contrib/go/_std_1.21/src/runtime/netpoll.go:564 +0xf7 fp=0xc0006925f8 sp=0xc0006925c0 pc=0x10974f7
internal/poll.runtime_pollWait(0x7f46d1a0ecf0, 0x72)
	/-S/contrib/go/_std_1.21/src/runtime/netpoll.go:343 +0x85 fp=0xc000692618 sp=0xc0006925f8 pc=0x10cc3e5
internal/poll.(*pollDesc).wait(0xc000207900?, 0xc0008b4000?, 0x0)
	/-S/contrib/go/_std_1.21/src/internal/poll/fd_poll_runtime.go:85 +0x27 fp=0xc000692640 sp=0xc000692618 pc=0x1109b47
internal/poll.(*pollDesc).waitRead(...)
	/-S/contrib/go/_std_1.21/src/internal/poll/fd_poll_runtime.go:90
internal/poll.(*FD).Read(0xc000207900, {0xc0008b4000, 0xa80, 0xa80})
	/-S/contrib/go/_std_1.21/src/internal/poll/fd_unix.go:164 +0x27a fp=0xc0006926d8 sp=0xc000692640 pc=0x110ae3a
net.(*netFD).Read(0xc000207900, {0xc0008b4000?, 0xc0008b4005?, 0x22?})
	/-S/contrib/go/_std_1.21/src/net/fd_posix.go:55 +0x25 fp=0xc000692720 sp=0xc0006926d8 pc=0x12e9905
net.(*conn).Read(0xc00054a078, {0xc0008b4000?, 0x108c2c0?, 0xc00053afb8?})
	/-S/contrib/go/_std_1.21/src/net/net.go:179 +0x45 fp=0xc000692768 sp=0xc000692720 pc=0x12f9b25
net.(*TCPConn).Read(0xc000692800?, {0xc0008b4000?, 0xc000cf2348?, 0x18?})
	&amp;lt;autogenerated&amp;gt;:1 +0x25 fp=0xc000692798 sp=0xc000692768 pc=0x130a465
crypto/tls.(*atLeastReader).Read(0xc000cf2348, {0xc0008b4000?, 0xc000cf2348?, 0x0?})
	/-S/contrib/go/_std_1.21/src/crypto/tls/conn.go:805 +0x3b fp=0xc0006927e0 sp=0xc000692798 pc=0x13d53db
bytes.(*Buffer).ReadFrom(0xc00053b0a8, {0x87c020, 0xc000cf2348})
	/-S/contrib/go/_std_1.21/src/bytes/buffer.go:211 +0x98 fp=0xc000692838 sp=0xc0006927e0 pc=0x116cc78
crypto/tls.(*Conn).readFromUntil(0xc00053ae00, {0x878c60?, 0xc00054a078}, 0xa80?)
	/-S/contrib/go/_std_1.21/src/crypto/tls/conn.go:827 +0xde fp=0xc000692878 sp=0xc000692838 pc=0x13d55be
crypto/tls.(*Conn).readRecordOrCCS(0xc00053ae00, 0x0)
	/-S/contrib/go/_std_1.21/src/crypto/tls/conn.go:625 +0x250 fp=0xc000692c18 sp=0xc000692878 pc=0x13d2b90
crypto/tls.(*Conn).readRecord(...)
	/-S/contrib/go/_std_1.21/src/crypto/tls/conn.go:587
crypto/tls.(*Conn).Read(0xc00053ae00, {0xc0008d6000, 0x8000, 0x0?})
	/-S/contrib/go/_std_1.21/src/crypto/tls/conn.go:1369 +0x158 fp=0xc000692c88 sp=0xc000692c18 pc=0x13d8e58
google.golang.org/grpc/internal/credentials.(*syscallConn).Read(0x10d0092?, {0xc0008d6000?, 0x1069f13?, 0xc000692cf0?})
	&amp;lt;autogenerated&amp;gt;:1 +0x29 fp=0xc000692cb8 sp=0xc000692c88 pc=0x1412269
bufio.(*Reader).Read(0xc00089daa0, {0xc0008ee040, 0x9, 0xc000692d78?})
	/-S/contrib/go/_std_1.21/src/bufio/bufio.go:244 +0x197 fp=0xc000692cf0 sp=0xc000692cb8 pc=0x118e657
io.ReadAtLeast({0x876800, 0xc00089daa0}, {0xc0008ee040, 0x9, 0x9}, 0x9)
	/-S/contrib/go/_std_1.21/src/io/io.go:335 +0x90 fp=0xc000692d38 sp=0xc000692cf0 pc=0x1105830
io.ReadFull(...)
	/-S/contrib/go/_std_1.21/src/io/io.go:354
golang.org/x/net/http2.readFrameHeader({0xc0008ee040, 0x9, 0x390500?}, {0x876800?, 0xc00089daa0?})
	/-S/vendor/golang.org/x/net/http2/frame.go:237 +0x65 fp=0xc000692d88 sp=0xc000692d38 pc=0x1496485
golang.org/x/net/http2.(*Framer).ReadFrame(0xc0008ee000)
	/-S/vendor/golang.org/x/net/http2/frame.go:498 +0x85 fp=0xc000692e30 sp=0xc000692d88 pc=0x1496bc5
google.golang.org/grpc/internal/transport.(*http2Client).reader(0xc0008f0000, 0xc0003b43c0?)
	/-S/vendor/google.golang.org/grpc/internal/transport/http2_client.go:1595 +0x245 fp=0xc000692fc0 sp=0xc000692e30 pc=0x14ddd65
google.golang.org/grpc/internal/transport.newHTTP2Client.func11()
	/-S/vendor/google.golang.org/grpc/internal/transport/http2_client.go:397 +0x25 fp=0xc000692fe0 sp=0xc000692fc0 pc=0x14d39c5
runtime.goexit()
	/-S/contrib/go/_std_1.21/src/runtime/asm_amd64.s:1650 +0x1 fp=0xc000692fe8 sp=0xc000692fe0 pc=0x10d2021
created by google.golang.org/grpc/internal/transport.newHTTP2Client in goroutine 90
	/-S/vendor/google.golang.org/grpc/internal/transport/http2_client.go:397 +0x1e9e

goroutine 134 [IO wait]:
runtime.gopark(0xc000109b28?, 0xb?, 0x0?, 0x0?, 0xb?)
	/-S/contrib/go/_std_1.21/src/runtime/proc.go:398 +0xce fp=0xc000109ae0 sp=0xc000109ac0 pc=0x109ed6e
runtime.netpollblock(0x10e77f8?, 0x1067ce6?, 0x0?)
	/-S/contrib/go/_std_1.21/src/runtime/netpoll.go:564 +0xf7 fp=0xc000109b18 sp=0xc000109ae0 pc=0x10974f7
internal/poll.runtime_pollWait(0x7f46d1a0ea08, 0x72)
	/-S/contrib/go/_std_1.21/src/runtime/netpoll.go:343 +0x85 fp=0xc000109b38 sp=0xc000109b18 pc=0x10cc3e5
internal/poll.(*pollDesc).wait(0xc0008a0900?, 0xc000b00000?, 0x0)
	/-S/contrib/go/_std_1.21/src/internal/poll/fd_poll_runtime.go:85 +0x27 fp=0xc000109b60 sp=0xc000109b38 pc=0x1109b47
internal/poll.(*pollDesc).waitRead(...)
	/-S/contrib/go/_std_1.21/src/internal/poll/fd_poll_runtime.go:90
internal/poll.(*FD).Read(0xc0008a0900, {0xc000b00000, 0x8000, 0x8000})
	/-S/contrib/go/_std_1.21/src/internal/poll/fd_unix.go:164 +0x27a fp=0xc000109bf8 sp=0xc000109b60 pc=0x110ae3a
net.(*netFD).Read(0xc0008a0900, {0xc000b00000?, 0x1060100000000?, 0x8?})
	/-S/contrib/go/_std_1.21/src/net/fd_posix.go:55 +0x25 fp=0xc000109c40 sp=0xc000109bf8 pc=0x12e9905
net.(*conn).Read(0xc00019a038, {0xc000b00000?, 0x3bb260?, 0x0?})
	/-S/contrib/go/_std_1.21/src/net/net.go:179 +0x45 fp=0xc000109c88 sp=0xc000109c40 pc=0x12f9b25
net.(*TCPConn).Read(0x801010601?, {0xc000b00000?, 0xc000109d30?, 0x801010601?})
	&amp;lt;autogenerated&amp;gt;:1 +0x25 fp=0xc000109cb8 sp=0xc000109c88 pc=0x130a465
bufio.(*Reader).Read(0xc000b98060, {0xc000ae0040, 0x9, 0x7f471af445b8?})
	/-S/contrib/go/_std_1.21/src/bufio/bufio.go:244 +0x197 fp=0xc000109cf0 sp=0xc000109cb8 pc=0x118e657
io.ReadAtLeast({0x876800, 0xc000b98060}, {0xc000ae0040, 0x9, 0x9}, 0x9)
	/-S/contrib/go/_std_1.21/src/io/io.go:335 +0x90 fp=0xc000109d38 sp=0xc000109cf0 pc=0x1105830
io.ReadFull(...)
	/-S/contrib/go/_std_1.21/src/io/io.go:354
golang.org/x/net/http2.readFrameHeader({0xc000ae0040, 0x9, 0xc0000463c0?}, {0x876800?, 0xc000b98060?})
	/-S/vendor/golang.org/x/net/http2/frame.go:237 +0x65 fp=0xc000109d88 sp=0xc000109d38 pc=0x1496485
golang.org/x/net/http2.(*Framer).ReadFrame(0xc000ae0000)
	/-S/vendor/golang.org/x/net/http2/frame.go:498 +0x85 fp=0xc000109e30 sp=0xc000109d88 pc=0x1496bc5
google.golang.org/grpc/internal/transport.(*http2Client).reader(0xc0008f0240, 0xc00012aff0?)
	/-S/vendor/google.golang.org/grpc/internal/transport/http2_client.go:1595 +0x245 fp=0xc000109fc0 sp=0xc000109e30 pc=0x14ddd65
google.golang.org/grpc/internal/transport.newHTTP2Client.func11()
	/-S/vendor/google.golang.org/grpc/internal/transport/http2_client.go:397 +0x25 fp=0xc000109fe0 sp=0xc000109fc0 pc=0x14d39c5
runtime.goexit()
	/-S/contrib/go/_std_1.21/src/runtime/asm_amd64.s:1650 +0x1 fp=0xc000109fe8 sp=0xc000109fe0 pc=0x10d2021
created by google.golang.org/grpc/internal/transport.newHTTP2Client in goroutine 163
	/-S/vendor/google.golang.org/grpc/internal/transport/http2_client.go:397 +0x1e9e

goroutine 265 [IO wait, 59 minutes]:
runtime.gopark(0x51c0c75ad938b550?, 0xb?, 0x0?, 0x0?, 0x10?)
	/-S/contrib/go/_std_1.21/src/runtime/proc.go:398 +0xce fp=0xc000c425c0 sp=0xc000c425a0 pc=0x109ed6e
runtime.netpollblock(0x10e77f8?, 0x1067ce6?, 0x0?)
	/-S/contrib/go/_std_1.21/src/runtime/netpoll.go:564 +0xf7 fp=0xc000c425f8 sp=0xc000c425c0 pc=0x10974f7
internal/poll.runtime_pollWait(0x7f46d1a0e530, 0x72)
	/-S/contrib/go/_std_1.21/src/runtime/netpoll.go:343 +0x85 fp=0xc000c42618 sp=0xc000c425f8 pc=0x10cc3e5
internal/poll.(*pollDesc).wait(0xc000860d80?, 0xc000996a80?, 0x0)
	/-S/contrib/go/_std_1.21/src/internal/poll/fd_poll_runtime.go:85 +0x27 fp=0xc000c42640 sp=0xc000c42618 pc=0x1109b47
internal/poll.(*pollDesc).waitRead(...)
	/-S/contrib/go/_std_1.21/src/internal/poll/fd_poll_runtime.go:90
internal/poll.(*FD).Read(0xc000860d80, {0xc000996a80, 0xa80, 0xa80})
	/-S/contrib/go/_std_1.21/src/internal/poll/fd_unix.go:164 +0x27a fp=0xc000c426d8 sp=0xc000c42640 pc=0x110ae3a
net.(*netFD).Read(0xc000860d80, {0xc000996a80?, 0xc000996a85?, 0x1a?})
	/-S/contrib/go/_std_1.21/src/net/fd_posix.go:55 +0x25 fp=0xc000c42720 sp=0xc000c426d8 pc=0x12e9905
net.(*conn).Read(0xc0008a2088, {0xc000996a80?, 0x13d55be?, 0xc0005d9db8?})
	/-S/contrib/go/_std_1.21/src/net/net.go:179 +0x45 fp=0xc000c42768 sp=0xc000c42720 pc=0x12f9b25
net.(*TCPConn).Read(0xc000c42800?, {0xc000996a80?, 0xc000aeed38?, 0x18?})
	&amp;lt;autogenerated&amp;gt;:1 +0x25 fp=0xc000c42798 sp=0xc000c42768 pc=0x130a465
crypto/tls.(*atLeastReader).Read(0xc000aeed38, {0xc000996a80?, 0xc000aeed38?, 0x0?})
	/-S/contrib/go/_std_1.21/src/crypto/tls/conn.go:805 +0x3b fp=0xc000c427e0 sp=0xc000c42798 pc=0x13d53db
bytes.(*Buffer).ReadFrom(0xc0005d9ea8, {0x87c020, 0xc000aeed38})
	/-S/contrib/go/_std_1.21/src/bytes/buffer.go:211 +0x98 fp=0xc000c42838 sp=0xc000c427e0 pc=0x116cc78
crypto/tls.(*Conn).readFromUntil(0xc0005d9c00, {0x878c60?, 0xc0008a2088}, 0xa80?)
	/-S/contrib/go/_std_1.21/src/crypto/tls/conn.go:827 +0xde fp=0xc000c42878 sp=0xc000c42838 pc=0x13d55be
crypto/tls.(*Conn).readRecordOrCCS(0xc0005d9c00, 0x0)
	/-S/contrib/go/_std_1.21/src/crypto/tls/conn.go:625 +0x250 fp=0xc000c42c18 sp=0xc000c42878 pc=0x13d2b90
crypto/tls.(*Conn).readRecord(...)
	/-S/contrib/go/_std_1.21/src/crypto/tls/conn.go:587
crypto/tls.(*Conn).Read(0xc0005d9c00, {0xc000822000, 0x8000, 0x14da75f?})
	/-S/contrib/go/_std_1.21/src/crypto/tls/conn.go:1369 +0x158 fp=0xc000c42c88 sp=0xc000c42c18 pc=0x13d8e58
google.golang.org/grpc/internal/credentials.(*syscallConn).Read(0x10401?, {0xc000822000?, 0x1071525?, 0x10401?})
	&amp;lt;autogenerated&amp;gt;:1 +0x29 fp=0xc000c42cb8 sp=0xc000c42c88 pc=0x1412269
bufio.(*Reader).Read(0xc000e066c0, {0xc000b462e0, 0x9, 0x30?})
	/-S/contrib/go/_std_1.21/src/bufio/bufio.go:244 +0x197 fp=0xc000c42cf0 sp=0xc000c42cb8 pc=0x118e657
io.ReadAtLeast({0x876800, 0xc000e066c0}, {0xc000b462e0, 0x9, 0x9}, 0x9)
	/-S/contrib/go/_std_1.21/src/io/io.go:335 +0x90 fp=0xc000c42d38 sp=0xc000c42cf0 pc=0x1105830
io.ReadFull(...)
	/-S/contrib/go/_std_1.21/src/io/io.go:354
golang.org/x/net/http2.readFrameHeader({0xc000b462e0, 0x9, 0xc000f946c0?}, {0x876800?, 0xc000e066c0?})
	/-S/vendor/golang.org/x/net/http2/frame.go:237 +0x65 fp=0xc000c42d88 sp=0xc000c42d38 pc=0x1496485
golang.org/x/net/http2.(*Framer).ReadFrame(0xc000b462a0)
	/-S/vendor/golang.org/x/net/http2/frame.go:498 +0x85 fp=0xc000c42e30 sp=0xc000c42d88 pc=0x1496bc5
google.golang.org/grpc/internal/transport.(*http2Client).reader(0xc0004f6fc0, 0x0?)
	/-S/vendor/google.golang.org/grpc/internal/transport/http2_client.go:1595 +0x245 fp=0xc000c42fc0 sp=0xc000c42e30 pc=0x14ddd65
google.golang.org/grpc/internal/transport.newHTTP2Client.func11()
	/-S/vendor/google.golang.org/grpc/internal/transport/http2_client.go:397 +0x25 fp=0xc000c42fe0 sp=0xc000c42fc0 pc=0x14d39c5
runtime.goexit()
	/-S/contrib/go/_std_1.21/src/runtime/asm_amd64.s:1650 +0x1 fp=0xc000c42fe8 sp=0xc000c42fe0 pc=0x10d2021
created by google.golang.org/grpc/internal/transport.newHTTP2Client in goroutine 172
	/-S/vendor/google.golang.org/grpc/internal/transport/http2_client.go:397 +0x1e9e

goroutine 110 [IO wait, 59 minutes]:
runtime.gopark(0xcf7ce4c715389b70?, 0xb?, 0x0?, 0x0?, 0xa?)
	/-S/contrib/go/_std_1.21/src/runtime/proc.go:398 +0xce fp=0xc00010f5c0 sp=0xc00010f5a0 pc=0x109ed6e
runtime.netpollblock(0x10e77f8?, 0x1067ce6?, 0x0?)
	/-S/contrib/go/_std_1.21/src/runtime/netpoll.go:564 +0xf7 fp=0xc00010f5f8 sp=0xc00010f5c0 pc=0x10974f7
internal/poll.runtime_pollWait(0x7f46d1a0ebf8, 0x72)
	/-S/contrib/go/_std_1.21/src/runtime/netpoll.go:343 +0x85 fp=0xc00010f618 sp=0xc00010f5f8 pc=0x10cc3e5
internal/poll.(*pollDesc).wait(0xc000860100?, 0xc000996000?, 0x0)
	/-S/contrib/go/_std_1.21/src/internal/poll/fd_poll_runtime.go:85 +0x27 fp=0xc00010f640 sp=0xc00010f618 pc=0x1109b47
internal/poll.(*pollDesc).waitRead(...)
	/-S/contrib/go/_std_1.21/src/internal/poll/fd_poll_runtime.go:90
internal/poll.(*FD).Read(0xc000860100, {0xc000996000, 0xa80, 0xa80})
	/-S/contrib/go/_std_1.21/src/internal/poll/fd_unix.go:164 +0x27a fp=0xc00010f6d8 sp=0xc00010f640 pc=0x110ae3a
net.(*netFD).Read(0xc000860100, {0xc000996000?, 0xc000996005?, 0x1a?})
	/-S/contrib/go/_std_1.21/src/net/fd_posix.go:55 +0x25 fp=0xc00010f720 sp=0xc00010f6d8 pc=0x12e9905
net.(*conn).Read(0xc00019a190, {0xc000996000?, 0x13d55be?, 0xc0006521b8?})
	/-S/contrib/go/_std_1.21/src/net/net.go:179 +0x45 fp=0xc00010f768 sp=0xc00010f720 pc=0x12f9b25
net.(*TCPConn).Read(0xc00010f800?, {0xc000996000?, 0xc0000126f0?, 0x18?})
	&amp;lt;autogenerated&amp;gt;:1 +0x25 fp=0xc00010f798 sp=0xc00010f768 pc=0x130a465
crypto/tls.(*atLeastReader).Read(0xc0000126f0, {0xc000996000?, 0xc0000126f0?, 0x0?})
	/-S/contrib/go/_std_1.21/src/crypto/tls/conn.go:805 +0x3b fp=0xc00010f7e0 sp=0xc00010f798 pc=0x13d53db
bytes.(*Buffer).ReadFrom(0xc0006522a8, {0x87c020, 0xc0000126f0})
	/-S/contrib/go/_std_1.21/src/bytes/buffer.go:211 +0x98 fp=0xc00010f838 sp=0xc00010f7e0 pc=0x116cc78
crypto/tls.(*Conn).readFromUntil(0xc000652000, {0x878c60?, 0xc00019a190}, 0xa80?)
	/-S/contrib/go/_std_1.21/src/crypto/tls/conn.go:827 +0xde fp=0xc00010f878 sp=0xc00010f838 pc=0x13d55be
crypto/tls.(*Conn).readRecordOrCCS(0xc000652000, 0x0)
	/-S/contrib/go/_std_1.21/src/crypto/tls/conn.go:625 +0x250 fp=0xc00010fc18 sp=0xc00010f878 pc=0x13d2b90
crypto/tls.(*Conn).readRecord(...)
	/-S/contrib/go/_std_1.21/src/crypto/tls/conn.go:587
crypto/tls.(*Conn).Read(0xc000652000, {0xc0009b8000, 0x8000, 0x14da75f?})
	/-S/contrib/go/_std_1.21/src/crypto/tls/conn.go:1369 +0x158 fp=0xc00010fc88 sp=0xc00010fc18 pc=0x13d8e58
google.golang.org/grpc/internal/credentials.(*syscallConn).Read(0x10401?, {0xc0009b8000?, 0x1071525?, 0x10401?})
	&amp;lt;autogenerated&amp;gt;:1 +0x29 fp=0xc00010fcb8 sp=0xc00010fc88 pc=0x1412269
bufio.(*Reader).Read(0xc0009b6240, {0xc0005cc2e0, 0x9, 0x30?})
	/-S/contrib/go/_std_1.21/src/bufio/bufio.go:244 +0x197 fp=0xc00010fcf0 sp=0xc00010fcb8 pc=0x118e657
io.ReadAtLeast({0x876800, 0xc0009b6240}, {0xc0005cc2e0, 0x9, 0x9}, 0x9)
	/-S/contrib/go/_std_1.21/src/io/io.go:335 +0x90 fp=0xc00010fd38 sp=0xc00010fcf0 pc=0x1105830
io.ReadFull(...)
	/-S/contrib/go/_std_1.21/src/io/io.go:354
golang.org/x/net/http2.readFrameHeader({0xc0005cc2e0, 0x9, 0xc0006a3e60?}, {0x876800?, 0xc0009b6240?})
	/-S/vendor/golang.org/x/net/http2/frame.go:237 +0x65 fp=0xc00010fd88 sp=0xc00010fd38 pc=0x1496485
golang.org/x/net/http2.(*Framer).ReadFrame(0xc0005cc2a0)
	/-S/vendor/golang.org/x/net/http2/frame.go:498 +0x85 fp=0xc00010fe30 sp=0xc00010fd88 pc=0x1496bc5
google.golang.org/grpc/internal/transport.(*http2Client).reader(0xc00067a480, 0x0?)
	/-S/vendor/google.golang.org/grpc/internal/transport/http2_client.go:1595 +0x245 fp=0xc00010ffc0 sp=0xc00010fe30 pc=0x14ddd65
google.golang.org/grpc/internal/transport.newHTTP2Client.func11()
	/-S/vendor/google.golang.org/grpc/internal/transport/http2_client.go:397 +0x25 fp=0xc00010ffe0 sp=0xc00010ffc0 pc=0x14d39c5
runtime.goexit()
	/-S/contrib/go/_std_1.21/src/runtime/asm_amd64.s:1650 +0x1 fp=0xc00010ffe8 sp=0xc00010ffe0 pc=0x10d2021
created by google.golang.org/grpc/internal/transport.newHTTP2Client in goroutine 93
	/-S/vendor/google.golang.org/grpc/internal/transport/http2_client.go:397 +0x1e9e

goroutine 144 [select, 59 minutes]:
runtime.gopark(0xc000840f80?, 0x2?, 0x3?, 0x0?, 0xc000840f44?)
	/-S/contrib/go/_std_1.21/src/runtime/proc.go:398 +0xce fp=0xc000840dd0 sp=0xc000840db0 pc=0x109ed6e
runtime.selectgo(0xc000840f80, 0xc000840f40, 0xc000587f18?, 0x0, 0xc000533140?, 0x1)
	/-S/contrib/go/_std_1.21/src/runtime/select.go:327 +0x725 fp=0xc000840ef0 sp=0xc000840dd0 pc=0x10af265
google.golang.org/grpc/internal/grpcsync.(*CallbackSerializer).run(0xc000ce4d60, {0x887ed0, 0xc000da02d0})
	/-S/vendor/google.golang.org/grpc/internal/grpcsync/callback_serializer.go:83 +0x112 fp=0xc000840fb8 sp=0xc000840ef0 pc=0x1424732
google.golang.org/grpc/internal/grpcsync.NewCallbackSerializer.func1()
	/-S/vendor/google.golang.org/grpc/internal/grpcsync/callback_serializer.go:55 +0x28 fp=0xc000840fe0 sp=0xc000840fb8 pc=0x1424468
runtime.goexit()
	/-S/contrib/go/_std_1.21/src/runtime/asm_amd64.s:1650 +0x1 fp=0xc000840fe8 sp=0xc000840fe0 pc=0x10d2021
created by google.golang.org/grpc/internal/grpcsync.NewCallbackSerializer in goroutine 139
	/-S/vendor/google.golang.org/grpc/internal/grpcsync/callback_serializer.go:55 +0x129

goroutine 131 [select, 59 minutes]:
runtime.gopark(0xc000cfdf00?, 0x2?, 0x0?, 0x0?, 0xc000cfdecc?)
	/-S/contrib/go/_std_1.21/src/runtime/proc.go:398 +0xce fp=0xc000ba4d78 sp=0xc000ba4d58 pc=0x109ed6e
runtime.selectgo(0xc000ba4f00, 0xc000cfdec8, 0xc000cfde90?, 0x0, 0x1412929?, 0x1)
	/-S/contrib/go/_std_1.21/src/runtime/select.go:327 +0x725 fp=0xc000ba4e98 sp=0xc000ba4d78 pc=0x10af265
google.golang.org/grpc/internal/transport.(*controlBuffer).get(0xc000892820, 0x1)
	/-S/vendor/google.golang.org/grpc/internal/transport/controlbuf.go:418 +0x113 fp=0xc000ba4f30 sp=0xc000ba4e98 pc=0x14c99b3
google.golang.org/grpc/internal/transport.(*loopyWriter).run(0xc00034aaf0)
	/-S/vendor/google.golang.org/grpc/internal/transport/controlbuf.go:552 +0x86 fp=0xc000ba4f90 sp=0xc000ba4f30 pc=0x14ca0e6
google.golang.org/grpc/internal/transport.newHTTP2Client.func6()
	/-S/vendor/google.golang.org/grpc/internal/transport/http2_client.go:451 +0x85 fp=0xc000ba4fe0 sp=0xc000ba4f90 pc=0x14d38c5
runtime.goexit()
	/-S/contrib/go/_std_1.21/src/runtime/asm_amd64.s:1650 +0x1 fp=0xc000ba4fe8 sp=0xc000ba4fe0 pc=0x10d2021
created by google.golang.org/grpc/internal/transport.newHTTP2Client in goroutine 90
	/-S/vendor/google.golang.org/grpc/internal/transport/http2_client.go:449 +0x2450

goroutine 75 [select, 59 minutes]:
runtime.gopark(0xc0006c1f00?, 0x2?, 0x0?, 0x0?, 0xc0006c1ecc?)
	/-S/contrib/go/_std_1.21/src/runtime/proc.go:398 +0xce fp=0xc000ba3d78 sp=0xc000ba3d58 pc=0x109ed6e
runtime.selectgo(0xc000ba3f00, 0xc0006c1ec8, 0xc0006c1e90?, 0x0, 0x1412929?, 0x1)
	/-S/contrib/go/_std_1.21/src/runtime/select.go:327 +0x725 fp=0xc000ba3e98 sp=0xc000ba3d78 pc=0x10af265
google.golang.org/grpc/internal/transport.(*controlBuffer).get(0xc000856500, 0x1)
	/-S/vendor/google.golang.org/grpc/internal/transport/controlbuf.go:418 +0x113 fp=0xc000ba3f30 sp=0xc000ba3e98 pc=0x14c99b3
google.golang.org/grpc/internal/transport.(*loopyWriter).run(0xc0002f4850)
	/-S/vendor/google.golang.org/grpc/internal/transport/controlbuf.go:552 +0x86 fp=0xc000ba3f90 sp=0xc000ba3f30 pc=0x14ca0e6
google.golang.org/grpc/internal/transport.newHTTP2Client.func6()
	/-S/vendor/google.golang.org/grpc/internal/transport/http2_client.go:451 +0x85 fp=0xc000ba3fe0 sp=0xc000ba3f90 pc=0x14d38c5
runtime.goexit()
	/-S/contrib/go/_std_1.21/src/runtime/asm_amd64.s:1650 +0x1 fp=0xc000ba3fe8 sp=0xc000ba3fe0 pc=0x10d2021
created by google.golang.org/grpc/internal/transport.newHTTP2Client in goroutine 62
	/-S/vendor/google.golang.org/grpc/internal/transport/http2_client.go:449 +0x2450

goroutine 111 [select, 59 minutes]:
runtime.gopark(0xc000aa1f00?, 0x2?, 0x0?, 0x0?, 0xc000aa1ecc?)
	/-S/contrib/go/_std_1.21/src/runtime/proc.go:398 +0xce fp=0xc000bc3d78 sp=0xc000bc3d58 pc=0x109ed6e
runtime.selectgo(0xc000bc3f00, 0xc000aa1ec8, 0xc000aa1e90?, 0x0, 0x1412929?, 0x1)
	/-S/contrib/go/_std_1.21/src/runtime/select.go:327 +0x725 fp=0xc000bc3e98 sp=0xc000bc3d78 pc=0x10af265
google.golang.org/grpc/internal/transport.(*controlBuffer).get(0xc0001fb3b0, 0x1)
	/-S/vendor/google.golang.org/grpc/internal/transport/controlbuf.go:418 +0x113 fp=0xc000bc3f30 sp=0xc000bc3e98 pc=0x14c99b3
google.golang.org/grpc/internal/transport.(*loopyWriter).run(0xc0006a6cb0)
	/-S/vendor/google.golang.org/grpc/internal/transport/controlbuf.go:552 +0x86 fp=0xc000bc3f90 sp=0xc000bc3f30 pc=0x14ca0e6
google.golang.org/grpc/internal/transport.newHTTP2Client.func6()
	/-S/vendor/google.golang.org/grpc/internal/transport/http2_client.go:451 +0x85 fp=0xc000bc3fe0 sp=0xc000bc3f90 pc=0x14d38c5
runtime.goexit()
	/-S/contrib/go/_std_1.21/src/runtime/asm_amd64.s:1650 +0x1 fp=0xc000bc3fe8 sp=0xc000bc3fe0 pc=0x10d2021
created by google.golang.org/grpc/internal/transport.newHTTP2Client in goroutine 93
	/-S/vendor/google.golang.org/grpc/internal/transport/http2_client.go:449 +0x2450

goroutine 133 [select]:
runtime.gopark(0xc0004c3f70?, 0x2?, 0xfe?, 0xbd?, 0xc0004c3f1c?)
	/-S/contrib/go/_std_1.21/src/runtime/proc.go:398 +0xce fp=0xc0004c3d98 sp=0xc0004c3d78 pc=0x109ed6e
runtime.selectgo(0xc0004c3f70, 0xc0004c3f18, 0x878a20?, 0x0, 0x0?, 0x1)
	/-S/contrib/go/_std_1.21/src/runtime/select.go:327 +0x725 fp=0xc0004c3eb8 sp=0xc0004c3d98 pc=0x10af265
google.golang.org/grpc/internal/transport.(*http2Client).keepalive(0xc0008f0240)
	/-S/vendor/google.golang.org/grpc/internal/transport/http2_client.go:1669 +0x151 fp=0xc0004c3fc8 sp=0xc0004c3eb8 pc=0x14de531
google.golang.org/grpc/internal/transport.newHTTP2Client.func10()
	/-S/vendor/google.golang.org/grpc/internal/transport/http2_client.go:387 +0x25 fp=0xc0004c3fe0 sp=0xc0004c3fc8 pc=0x14d3a25
runtime.goexit()
	/-S/contrib/go/_std_1.21/src/runtime/asm_amd64.s:1650 +0x1 fp=0xc0004c3fe8 sp=0xc0004c3fe0 pc=0x10d2021
created by google.golang.org/grpc/internal/transport.newHTTP2Client in goroutine 163
	/-S/vendor/google.golang.org/grpc/internal/transport/http2_client.go:387 +0x1e2b

goroutine 112 [select, 59 minutes]:
runtime.gopark(0xc0006aff80?, 0x2?, 0x0?, 0x0?, 0xc0006aff44?)
	/-S/contrib/go/_std_1.21/src/runtime/proc.go:398 +0xce fp=0xc000c3cdd0 sp=0xc000c3cdb0 pc=0x109ed6e
runtime.selectgo(0xc000c3cf80, 0xc0006aff40, 0x0?, 0x0, 0x0?, 0x1)
	/-S/contrib/go/_std_1.21/src/runtime/select.go:327 +0x725 fp=0xc000c3cef0 sp=0xc000c3cdd0 pc=0x10af265
google.golang.org/grpc/internal/grpcsync.(*CallbackSerializer).run(0xc00084d3e0, {0x887ed0, 0xc00097a690})
	/-S/vendor/google.golang.org/grpc/internal/grpcsync/callback_serializer.go:83 +0x112 fp=0xc000c3cfb8 sp=0xc000c3cef0 pc=0x1424732
google.golang.org/grpc/internal/grpcsync.NewCallbackSerializer.func1()
	/-S/vendor/google.golang.org/grpc/internal/grpcsync/callback_serializer.go:55 +0x28 fp=0xc000c3cfe0 sp=0xc000c3cfb8 pc=0x1424468
runtime.goexit()
	/-S/contrib/go/_std_1.21/src/runtime/asm_amd64.s:1650 +0x1 fp=0xc000c3cfe8 sp=0xc000c3cfe0 pc=0x10d2021
created by google.golang.org/grpc/internal/grpcsync.NewCallbackSerializer in goroutine 99
	/-S/vendor/google.golang.org/grpc/internal/grpcsync/callback_serializer.go:55 +0x129

goroutine 113 [select, 59 minutes]:
runtime.gopark(0xc00083ef80?, 0x2?, 0x3?, 0x0?, 0xc00083ef44?)
	/-S/contrib/go/_std_1.21/src/runtime/proc.go:398 +0xce fp=0xc00083edd0 sp=0xc00083edb0 pc=0x109ed6e
runtime.selectgo(0xc00083ef80, 0xc00083ef40, 0x0?, 0x0, 0x0?, 0x1)
	/-S/contrib/go/_std_1.21/src/runtime/select.go:327 +0x725 fp=0xc00083eef0 sp=0xc00083edd0 pc=0x10af265
google.golang.org/grpc/internal/grpcsync.(*CallbackSerializer).run(0xc00084d440, {0x887ed0, 0xc00097a6e0})
	/-S/vendor/google.golang.org/grpc/internal/grpcsync/callback_serializer.go:83 +0x112 fp=0xc00083efb8 sp=0xc00083eef0 pc=0x1424732
google.golang.org/grpc/internal/grpcsync.NewCallbackSerializer.func1()
	/-S/vendor/google.golang.org/grpc/internal/grpcsync/callback_serializer.go:55 +0x28 fp=0xc00083efe0 sp=0xc00083efb8 pc=0x1424468
runtime.goexit()
	/-S/contrib/go/_std_1.21/src/runtime/asm_amd64.s:1650 +0x1 fp=0xc00083efe8 sp=0xc00083efe0 pc=0x10d2021
created by google.golang.org/grpc/internal/grpcsync.NewCallbackSerializer in goroutine 99
	/-S/vendor/google.golang.org/grpc/internal/grpcsync/callback_serializer.go:55 +0x129

goroutine 162 [select, 59 minutes]:
runtime.gopark(0xc0009d3f68?, 0x2?, 0x80?, 0xbc?, 0xc0009d3f2c?)
	/-S/contrib/go/_std_1.21/src/runtime/proc.go:398 +0xce fp=0xc000b9fdb8 sp=0xc000b9fd98 pc=0x109ed6e
runtime.selectgo(0xc000b9ff68, 0xc0009d3f28, 0x2?, 0x0, 0x0?, 0x1)
	/-S/contrib/go/_std_1.21/src/runtime/select.go:327 +0x725 fp=0xc000b9fed8 sp=0xc000b9fdb8 pc=0x10af265
google.golang.org/grpc/internal/resolver/dns.(*dnsResolver).watcher(0xc0008a0580)
	/-S/vendor/google.golang.org/grpc/internal/resolver/dns/dns_resolver.go:227 +0x1d3 fp=0xc000b9ffc8 sp=0xc000b9fed8 pc=0x14f1913
google.golang.org/grpc/internal/resolver/dns.(*dnsBuilder).Build.func1()
	/-S/vendor/google.golang.org/grpc/internal/resolver/dns/dns_resolver.go:153 +0x25 fp=0xc000b9ffe0 sp=0xc000b9ffc8 pc=0x14f1605
runtime.goexit()
	/-S/contrib/go/_std_1.21/src/runtime/asm_amd64.s:1650 +0x1 fp=0xc000b9ffe8 sp=0xc000b9ffe0 pc=0x10d2021
created by google.golang.org/grpc/internal/resolver/dns.(*dnsBuilder).Build in goroutine 99
	/-S/vendor/google.golang.org/grpc/internal/resolver/dns/dns_resolver.go:153 +0x445

goroutine 77 [select, 2 minutes]:
runtime.gopark(0xc000f07ef8?, 0x3?, 0x0?, 0x0?, 0xc000f07e22?)
	/-S/contrib/go/_std_1.21/src/runtime/proc.go:398 +0xce fp=0xc000813cb8 sp=0xc000813c98 pc=0x109ed6e
runtime.selectgo(0xc000813ef8, 0xc000f07e1c, 0xc000a1c8c0?, 0x0, 0x4?, 0x1)
	/-S/contrib/go/_std_1.21/src/runtime/select.go:327 +0x725 fp=0xc000813dd8 sp=0xc000813cb8 pc=0x10af265
github.com/ydb-platform/ydb-go-sdk/v3/internal/repeater.(*repeater).worker(0xc000a1ef50, {0x888918, 0xc000a1c8c0}, {0x8877e0?, 0xc000a1efa0})
	/-S/vendor/github.com/ydb-platform/ydb-go-sdk/v3/internal/repeater/repeater.go:213 +0x34d fp=0xc000813fa8 sp=0xc000813dd8 pc=0x171e6ed
github.com/ydb-platform/ydb-go-sdk/v3/internal/repeater.New.func1()
	/-S/vendor/github.com/ydb-platform/ydb-go-sdk/v3/internal/repeater/repeater.go:116 +0x30 fp=0xc000813fe0 sp=0xc000813fa8 pc=0x171df30
runtime.goexit()
	/-S/contrib/go/_std_1.21/src/runtime/asm_amd64.s:1650 +0x1 fp=0xc000813fe8 sp=0xc000813fe0 pc=0x10d2021
created by github.com/ydb-platform/ydb-go-sdk/v3/internal/repeater.New in goroutine 99
	/-S/vendor/github.com/ydb-platform/ydb-go-sdk/v3/internal/repeater/repeater.go:116 +0x2e5

goroutine 141 [select, 59 minutes]:
runtime.gopark(0xc0006c7f80?, 0x2?, 0x3?, 0x0?, 0xc0006c7f44?)
	/-S/contrib/go/_std_1.21/src/runtime/proc.go:398 +0xce fp=0xc0006c7dd0 sp=0xc0006c7db0 pc=0x109ed6e
runtime.selectgo(0xc0006c7f80, 0xc0006c7f40, 0xc00004c420?, 0x0, 0xc00004c6c0?, 0x1)
	/-S/contrib/go/_std_1.21/src/runtime/select.go:327 +0x725 fp=0xc0006c7ef0 sp=0xc0006c7dd0 pc=0x10af265
google.golang.org/grpc/internal/grpcsync.(*CallbackSerializer).run(0xc000ce4a80, {0x887ed0, 0xc000abff90})
	/-S/vendor/google.golang.org/grpc/internal/grpcsync/callback_serializer.go:83 +0x112 fp=0xc0006c7fb8 sp=0xc0006c7ef0 pc=0x1424732
google.golang.org/grpc/internal/grpcsync.NewCallbackSerializer.func1()
	/-S/vendor/google.golang.org/grpc/internal/grpcsync/callback_serializer.go:55 +0x28 fp=0xc0006c7fe0 sp=0xc0006c7fb8 pc=0x1424468
runtime.goexit()
	/-S/contrib/go/_std_1.21/src/runtime/asm_amd64.s:1650 +0x1 fp=0xc0006c7fe8 sp=0xc0006c7fe0 pc=0x10d2021
created by google.golang.org/grpc/internal/grpcsync.NewCallbackSerializer in goroutine 139
	/-S/vendor/google.golang.org/grpc/internal/grpcsync/callback_serializer.go:55 +0x129

goroutine 78 [select, 4 minutes]:
runtime.gopark(0xc000592760?, 0x3?, 0x5?, 0x0?, 0xc0005926ea?)
	/-S/contrib/go/_std_1.21/src/runtime/proc.go:398 +0xce fp=0xc000592580 sp=0xc000592560 pc=0x109ed6e
runtime.selectgo(0xc000592760, 0xc0005926e4, 0x0?, 0x0, 0x3?, 0x1)
	/-S/contrib/go/_std_1.21/src/runtime/select.go:327 +0x725 fp=0xc0005926a0 sp=0xc000592580 pc=0x10af265
github.com/ydb-platform/ydb-go-sdk/v3/internal/table.(*Client).internalPoolGC(0xc000542a80, {0x887e98, 0xc0005e0ae0}, 0x45d964b800)
	/-S/vendor/github.com/ydb-platform/ydb-go-sdk/v3/internal/table/client.go:754 +0x22e fp=0xc0005927b0 sp=0xc0005926a0 pc=0x1759b2e
github.com/ydb-platform/ydb-go-sdk/v3/internal/table.newClient.func3()
	/-S/vendor/github.com/ydb-platform/ydb-go-sdk/v3/internal/table/client.go:73 +0x2c fp=0xc0005927e0 sp=0xc0005927b0 pc=0x175452c
runtime.goexit()
	/-S/contrib/go/_std_1.21/src/runtime/asm_amd64.s:1650 +0x1 fp=0xc0005927e8 sp=0xc0005927e0 pc=0x10d2021
created by github.com/ydb-platform/ydb-go-sdk/v3/internal/table.newClient in goroutine 99
	/-S/vendor/github.com/ydb-platform/ydb-go-sdk/v3/internal/table/client.go:73 +0x49a

goroutine 143 [select]:
runtime.gopark(0xc0006c6f80?, 0x2?, 0x2?, 0x0?, 0xc0006c6f44?)
	/-S/contrib/go/_std_1.21/src/runtime/proc.go:398 +0xce fp=0xc0006c6dd0 sp=0xc0006c6db0 pc=0x109ed6e
runtime.selectgo(0xc0006c6f80, 0xc0006c6f40, 0x1424b20?, 0x0, 0xc000592eff?, 0x1)
	/-S/contrib/go/_std_1.21/src/runtime/select.go:327 +0x725 fp=0xc0006c6ef0 sp=0xc0006c6dd0 pc=0x10af265
google.golang.org/grpc/internal/grpcsync.(*CallbackSerializer).run(0xc000ce4d00, {0x887ed0, 0xc000da0280})
	/-S/vendor/google.golang.org/grpc/internal/grpcsync/callback_serializer.go:83 +0x112 fp=0xc0006c6fb8 sp=0xc0006c6ef0 pc=0x1424732
google.golang.org/grpc/internal/grpcsync.NewCallbackSerializer.func1()
	/-S/vendor/google.golang.org/grpc/internal/grpcsync/callback_serializer.go:55 +0x28 fp=0xc0006c6fe0 sp=0xc0006c6fb8 pc=0x1424468
runtime.goexit()
	/-S/contrib/go/_std_1.21/src/runtime/asm_amd64.s:1650 +0x1 fp=0xc0006c6fe8 sp=0xc0006c6fe0 pc=0x10d2021
created by google.golang.org/grpc/internal/grpcsync.NewCallbackSerializer in goroutine 139
	/-S/vendor/google.golang.org/grpc/internal/grpcsync/callback_serializer.go:55 +0x129

goroutine 152 [select]:
runtime.gopark(0xc0004bf770?, 0x2?, 0xfe?, 0xbd?, 0xc0004bf71c?)
	/-S/contrib/go/_std_1.21/src/runtime/proc.go:398 +0xce fp=0xc0004bf598 sp=0xc0004bf578 pc=0x109ed6e
runtime.selectgo(0xc0004bf770, 0xc0004bf718, 0x878a20?, 0x0, 0x0?, 0x1)
	/-S/contrib/go/_std_1.21/src/runtime/select.go:327 +0x725 fp=0xc0004bf6b8 sp=0xc0004bf598 pc=0x10af265
google.golang.org/grpc/internal/transport.(*http2Client).keepalive(0xc0004f66c0)
	/-S/vendor/google.golang.org/grpc/internal/transport/http2_client.go:1669 +0x151 fp=0xc0004bf7c8 sp=0xc0004bf6b8 pc=0x14de531
google.golang.org/grpc/internal/transport.newHTTP2Client.func10()
	/-S/vendor/google.golang.org/grpc/internal/transport/http2_client.go:387 +0x25 fp=0xc0004bf7e0 sp=0xc0004bf7c8 pc=0x14d3a25
runtime.goexit()
	/-S/contrib/go/_std_1.21/src/runtime/asm_amd64.s:1650 +0x1 fp=0xc0004bf7e8 sp=0xc0004bf7e0 pc=0x10d2021
created by google.golang.org/grpc/internal/transport.newHTTP2Client in goroutine 164
	/-S/vendor/google.golang.org/grpc/internal/transport/http2_client.go:387 +0x1e2b

goroutine 153 [IO wait]:
runtime.gopark(0xc000690b28?, 0xb?, 0x0?, 0x0?, 0xc?)
	/-S/contrib/go/_std_1.21/src/runtime/proc.go:398 +0xce fp=0xc000690ae0 sp=0xc000690ac0 pc=0x109ed6e
runtime.netpollblock(0x10e77f8?, 0x1067ce6?, 0x0?)
	/-S/contrib/go/_std_1.21/src/runtime/netpoll.go:564 +0xf7 fp=0xc000690b18 sp=0xc000690ae0 pc=0x10974f7
internal/poll.runtime_pollWait(0x7f46d1a0e910, 0x72)
	/-S/contrib/go/_std_1.21/src/runtime/netpoll.go:343 +0x85 fp=0xc000690b38 sp=0xc000690b18 pc=0x10cc3e5
internal/poll.(*pollDesc).wait(0xc0005e6000?, 0xc000b6a000?, 0x0)
	/-S/contrib/go/_std_1.21/src/internal/poll/fd_poll_runtime.go:85 +0x27 fp=0xc000690b60 sp=0xc000690b38 pc=0x1109b47
internal/poll.(*pollDesc).waitRead(...)
	/-S/contrib/go/_std_1.21/src/internal/poll/fd_poll_runtime.go:90
internal/poll.(*FD).Read(0xc0005e6000, {0xc000b6a000, 0x8000, 0x8000})
	/-S/contrib/go/_std_1.21/src/internal/poll/fd_unix.go:164 +0x27a fp=0xc000690bf8 sp=0xc000690b60 pc=0x110ae3a
net.(*netFD).Read(0xc0005e6000, {0xc000b6a000?, 0x1060100000000?, 0x8?})
	/-S/contrib/go/_std_1.21/src/net/fd_posix.go:55 +0x25 fp=0xc000690c40 sp=0xc000690bf8 pc=0x12e9905
net.(*conn).Read(0xc00069c000, {0xc000b6a000?, 0x18?, 0x0?})
	/-S/contrib/go/_std_1.21/src/net/net.go:179 +0x45 fp=0xc000690c88 sp=0xc000690c40 pc=0x12f9b25
net.(*TCPConn).Read(0x801010601?, {0xc000b6a000?, 0xc000690d30?, 0x801010601?})
	&amp;lt;autogenerated&amp;gt;:1 +0x25 fp=0xc000690cb8 sp=0xc000690c88 pc=0x130a465
bufio.(*Reader).Read(0xc000b44000, {0xc000b46040, 0x9, 0x7f471af445b8?})
	/-S/contrib/go/_std_1.21/src/bufio/bufio.go:244 +0x197 fp=0xc000690cf0 sp=0xc000690cb8 pc=0x118e657
io.ReadAtLeast({0x876800, 0xc000b44000}, {0xc000b46040, 0x9, 0x9}, 0x9)
	/-S/contrib/go/_std_1.21/src/io/io.go:335 +0x90 fp=0xc000690d38 sp=0xc000690cf0 pc=0x1105830
io.ReadFull(...)
	/-S/contrib/go/_std_1.21/src/io/io.go:354
golang.org/x/net/http2.readFrameHeader({0xc000b46040, 0x9, 0xc0000463d8?}, {0x876800?, 0xc000b44000?})
	/-S/vendor/golang.org/x/net/http2/frame.go:237 +0x65 fp=0xc000690d88 sp=0xc000690d38 pc=0x1496485
golang.org/x/net/http2.(*Framer).ReadFrame(0xc000b46000)
	/-S/vendor/golang.org/x/net/http2/frame.go:498 +0x85 fp=0xc000690e30 sp=0xc000690d88 pc=0x1496bc5
google.golang.org/grpc/internal/transport.(*http2Client).reader(0xc0004f66c0, 0x0?)
	/-S/vendor/google.golang.org/grpc/internal/transport/http2_client.go:1595 +0x245 fp=0xc000690fc0 sp=0xc000690e30 pc=0x14ddd65
google.golang.org/grpc/internal/transport.newHTTP2Client.func11()
	/-S/vendor/google.golang.org/grpc/internal/transport/http2_client.go:397 +0x25 fp=0xc000690fe0 sp=0xc000690fc0 pc=0x14d39c5
runtime.goexit()
	/-S/contrib/go/_std_1.21/src/runtime/asm_amd64.s:1650 +0x1 fp=0xc000690fe8 sp=0xc000690fe0 pc=0x10d2021
created by google.golang.org/grpc/internal/transport.newHTTP2Client in goroutine 164
	/-S/vendor/google.golang.org/grpc/internal/transport/http2_client.go:397 +0x1e9e

goroutine 154 [select]:
runtime.gopark(0xc0003a1f00?, 0x2?, 0x0?, 0x0?, 0xc0003a1ecc?)
	/-S/contrib/go/_std_1.21/src/runtime/proc.go:398 +0xce fp=0xc0003a1d78 sp=0xc0003a1d58 pc=0x109ed6e
runtime.selectgo(0xc0003a1f00, 0xc0003a1ec8, 0x0?, 0x0, 0x130a765?, 0x1)
	/-S/contrib/go/_std_1.21/src/runtime/select.go:327 +0x725 fp=0xc0003a1e98 sp=0xc0003a1d78 pc=0x10af265
google.golang.org/grpc/internal/transport.(*controlBuffer).get(0xc000b0a0a0, 0x1)
	/-S/vendor/google.golang.org/grpc/internal/transport/controlbuf.go:418 +0x113 fp=0xc0003a1f30 sp=0xc0003a1e98 pc=0x14c99b3
google.golang.org/grpc/internal/transport.(*loopyWriter).run(0xc000b5c000)
	/-S/vendor/google.golang.org/grpc/internal/transport/controlbuf.go:552 +0x86 fp=0xc0003a1f90 sp=0xc0003a1f30 pc=0x14ca0e6
google.golang.org/grpc/internal/transport.newHTTP2Client.func6()
	/-S/vendor/google.golang.org/grpc/internal/transport/http2_client.go:451 +0x85 fp=0xc0003a1fe0 sp=0xc0003a1f90 pc=0x14d38c5
runtime.goexit()
	/-S/contrib/go/_std_1.21/src/runtime/asm_amd64.s:1650 +0x1 fp=0xc0003a1fe8 sp=0xc0003a1fe0 pc=0x10d2021
created by google.golang.org/grpc/internal/transport.newHTTP2Client in goroutine 164
	/-S/vendor/google.golang.org/grpc/internal/transport/http2_client.go:449 +0x2450

goroutine 140 [select, 59 minutes]:
runtime.gopark(0xc000108f80?, 0x2?, 0x0?, 0x0?, 0xc000108f44?)
	/-S/contrib/go/_std_1.21/src/runtime/proc.go:398 +0xce fp=0xc000108dd0 sp=0xc000108db0 pc=0x109ed6e
runtime.selectgo(0xc000108f80, 0xc000108f40, 0x5ad?, 0x0, 0x1187e40?, 0x1)
	/-S/contrib/go/_std_1.21/src/runtime/select.go:327 +0x725 fp=0xc000108ef0 sp=0xc000108dd0 pc=0x10af265
google.golang.org/grpc/internal/grpcsync.(*CallbackSerializer).run(0xc000ce4a20, {0x887ed0, 0xc000abff40})
	/-S/vendor/google.golang.org/grpc/internal/grpcsync/callback_serializer.go:83 +0x112 fp=0xc000108fb8 sp=0xc000108ef0 pc=0x1424732
google.golang.org/grpc/internal/grpcsync.NewCallbackSerializer.func1()
	/-S/vendor/google.golang.org/grpc/internal/grpcsync/callback_serializer.go:55 +0x28 fp=0xc000108fe0 sp=0xc000108fb8 pc=0x1424468
runtime.goexit()
	/-S/contrib/go/_std_1.21/src/runtime/asm_amd64.s:1650 +0x1 fp=0xc000108fe8 sp=0xc000108fe0 pc=0x10d2021
created by google.golang.org/grpc/internal/grpcsync.NewCallbackSerializer in goroutine 139
	/-S/vendor/google.golang.org/grpc/internal/grpcsync/callback_serializer.go:55 +0x129

goroutine 80 [select, 59 minutes]:
runtime.gopark(0xc0006a9f80?, 0x2?, 0x0?, 0x0?, 0xc0006a9f44?)
	/-S/contrib/go/_std_1.21/src/runtime/proc.go:398 +0xce fp=0xc00010add0 sp=0xc00010adb0 pc=0x109ed6e
runtime.selectgo(0xc00010af80, 0xc0006a9f40, 0xc000a21a70?, 0x0, 0xc000542a80?, 0x1)
	/-S/contrib/go/_std_1.21/src/runtime/select.go:327 +0x725 fp=0xc00010aef0 sp=0xc00010add0 pc=0x10af265
google.golang.org/grpc/internal/grpcsync.(*CallbackSerializer).run(0xc000b611a0, {0x887ed0, 0xc000a1f400})
	/-S/vendor/google.golang.org/grpc/internal/grpcsync/callback_serializer.go:83 +0x112 fp=0xc00010afb8 sp=0xc00010aef0 pc=0x1424732
google.golang.org/grpc/internal/grpcsync.NewCallbackSerializer.func1()
	/-S/vendor/google.golang.org/grpc/internal/grpcsync/callback_serializer.go:55 +0x28 fp=0xc00010afe0 sp=0xc00010afb8 pc=0x1424468
runtime.goexit()
	/-S/contrib/go/_std_1.21/src/runtime/asm_amd64.s:1650 +0x1 fp=0xc00010afe8 sp=0xc00010afe0 pc=0x10d2021
created by google.golang.org/grpc/internal/grpcsync.NewCallbackSerializer in goroutine 79
	/-S/vendor/google.golang.org/grpc/internal/grpcsync/callback_serializer.go:55 +0x129

goroutine 81 [select, 59 minutes]:
runtime.gopark(0xc000693f80?, 0x2?, 0x3?, 0x0?, 0xc000693f44?)
	/-S/contrib/go/_std_1.21/src/runtime/proc.go:398 +0xce fp=0xc000693dd0 sp=0xc000693db0 pc=0x109ed6e
runtime.selectgo(0xc000693f80, 0xc000693f40, 0x0?, 0x0, 0x0?, 0x1)
	/-S/contrib/go/_std_1.21/src/runtime/select.go:327 +0x725 fp=0xc000693ef0 sp=0xc000693dd0 pc=0x10af265
google.golang.org/grpc/internal/grpcsync.(*CallbackSerializer).run(0xc000b61200, {0x887ed0, 0xc000a1f450})
	/-S/vendor/google.golang.org/grpc/internal/grpcsync/callback_serializer.go:83 +0x112 fp=0xc000693fb8 sp=0xc000693ef0 pc=0x1424732
google.golang.org/grpc/internal/grpcsync.NewCallbackSerializer.func1()
	/-S/vendor/google.golang.org/grpc/internal/grpcsync/callback_serializer.go:55 +0x28 fp=0xc000693fe0 sp=0xc000693fb8 pc=0x1424468
runtime.goexit()
	/-S/contrib/go/_std_1.21/src/runtime/asm_amd64.s:1650 +0x1 fp=0xc000693fe8 sp=0xc000693fe0 pc=0x10d2021
created by google.golang.org/grpc/internal/grpcsync.NewCallbackSerializer in goroutine 79
	/-S/vendor/google.golang.org/grpc/internal/grpcsync/callback_serializer.go:55 +0x129

goroutine 178 [select, 59 minutes]:
runtime.gopark(0xc000af5f68?, 0x2?, 0x20?, 0x84?, 0xc000af5f2c?)
	/-S/contrib/go/_std_1.21/src/runtime/proc.go:398 +0xce fp=0xc000bbfdb8 sp=0xc000bbfd98 pc=0x109ed6e
runtime.selectgo(0xc000bbff68, 0xc000af5f28, 0x1?, 0x0, 0x0?, 0x1)
	/-S/contrib/go/_std_1.21/src/runtime/select.go:327 +0x725 fp=0xc000bbfed8 sp=0xc000bbfdb8 pc=0x10af265
google.golang.org/grpc/internal/resolver/dns.(*dnsResolver).watcher(0xc000a8b180)
	/-S/vendor/google.golang.org/grpc/internal/resolver/dns/dns_resolver.go:227 +0x1d3 fp=0xc000bbffc8 sp=0xc000bbfed8 pc=0x14f1913
google.golang.org/grpc/internal/resolver/dns.(*dnsBuilder).Build.func1()
	/-S/vendor/google.golang.org/grpc/internal/resolver/dns/dns_resolver.go:153 +0x25 fp=0xc000bbffe0 sp=0xc000bbffc8 pc=0x14f1605
runtime.goexit()
	/-S/contrib/go/_std_1.21/src/runtime/asm_amd64.s:1650 +0x1 fp=0xc000bbffe8 sp=0xc000bbffe0 pc=0x10d2021
created by google.golang.org/grpc/internal/resolver/dns.(*dnsBuilder).Build in goroutine 79
	/-S/vendor/google.golang.org/grpc/internal/resolver/dns/dns_resolver.go:153 +0x445

goroutine 275 [select, 59 minutes]:
runtime.gopark(0xc0006fff00?, 0x2?, 0xc4?, 0x55?, 0xc0006ffecc?)
	/-S/contrib/go/_std_1.21/src/runtime/proc.go:398 +0xce fp=0xc000694d78 sp=0xc000694d58 pc=0x109ed6e
runtime.selectgo(0xc000694f00, 0xc0006ffec8, 0xc0006ffe90?, 0x0, 0x1412929?, 0x1)
	/-S/contrib/go/_std_1.21/src/runtime/select.go:327 +0x725 fp=0xc000694e98 sp=0xc000694d78 pc=0x10af265
google.golang.org/grpc/internal/transport.(*controlBuffer).get(0xc000b0ae10, 0x1)
	/-S/vendor/google.golang.org/grpc/internal/transport/controlbuf.go:418 +0x113 fp=0xc000694f30 sp=0xc000694e98 pc=0x14c99b3
google.golang.org/grpc/internal/transport.(*loopyWriter).run(0xc000b5ce00)
	/-S/vendor/google.golang.org/grpc/internal/transport/controlbuf.go:552 +0x86 fp=0xc000694f90 sp=0xc000694f30 pc=0x14ca0e6
google.golang.org/grpc/internal/transport.newHTTP2Client.func6()
	/-S/vendor/google.golang.org/grpc/internal/transport/http2_client.go:451 +0x85 fp=0xc000694fe0 sp=0xc000694f90 pc=0x14d38c5
runtime.goexit()
	/-S/contrib/go/_std_1.21/src/runtime/asm_amd64.s:1650 +0x1 fp=0xc000694fe8 sp=0xc000694fe0 pc=0x10d2021
created by google.golang.org/grpc/internal/transport.newHTTP2Client in goroutine 258
	/-S/vendor/google.golang.org/grpc/internal/transport/http2_client.go:449 +0x2450

goroutine 181 [select]:
runtime.gopark(0xc0004bd770?, 0x2?, 0xfe?, 0xbd?, 0xc0004bd71c?)
	/-S/contrib/go/_std_1.21/src/runtime/proc.go:398 +0xce fp=0xc0004bd598 sp=0xc0004bd578 pc=0x109ed6e
runtime.selectgo(0xc0004bd770, 0xc0004bd718, 0x878a20?, 0x0, 0x2?, 0x1)
	/-S/contrib/go/_std_1.21/src/runtime/select.go:327 +0x725 fp=0xc0004bd6b8 sp=0xc0004bd598 pc=0x10af265
google.golang.org/grpc/internal/transport.(*http2Client).keepalive(0xc00067a240)
	/-S/vendor/google.golang.org/grpc/internal/transport/http2_client.go:1669 +0x151 fp=0xc0004bd7c8 sp=0xc0004bd6b8 pc=0x14de531
google.golang.org/grpc/internal/transport.newHTTP2Client.func10()
	/-S/vendor/google.golang.org/grpc/internal/transport/http2_client.go:387 +0x25 fp=0xc0004bd7e0 sp=0xc0004bd7c8 pc=0x14d3a25
runtime.goexit()
	/-S/contrib/go/_std_1.21/src/runtime/asm_amd64.s:1650 +0x1 fp=0xc0004bd7e8 sp=0xc0004bd7e0 pc=0x10d2021
created by google.golang.org/grpc/internal/transport.newHTTP2Client in goroutine 136
	/-S/vendor/google.golang.org/grpc/internal/transport/http2_client.go:387 +0x1e2b

goroutine 182 [IO wait]:
runtime.gopark(0xc00083fb28?, 0xb?, 0x0?, 0x0?, 0xd?)
	/-S/contrib/go/_std_1.21/src/runtime/proc.go:398 +0xce fp=0xc00083fae0 sp=0xc00083fac0 pc=0x109ed6e
runtime.netpollblock(0x10e77f8?, 0x1067ce6?, 0x0?)
	/-S/contrib/go/_std_1.21/src/runtime/netpoll.go:564 +0xf7 fp=0xc00083fb18 sp=0xc00083fae0 pc=0x10974f7
internal/poll.runtime_pollWait(0x7f46d1a0e818, 0x72)
	/-S/contrib/go/_std_1.21/src/runtime/netpoll.go:343 +0x85 fp=0xc00083fb38 sp=0xc00083fb18 pc=0x10cc3e5
internal/poll.(*pollDesc).wait(0xc000a8b280?, 0xc000c88000?, 0x0)
	/-S/contrib/go/_std_1.21/src/internal/poll/fd_poll_runtime.go:85 +0x27 fp=0xc00083fb60 sp=0xc00083fb38 pc=0x1109b47
internal/poll.(*pollDesc).waitRead(...)
	/-S/contrib/go/_std_1.21/src/internal/poll/fd_poll_runtime.go:90
internal/poll.(*FD).Read(0xc000a8b280, {0xc000c88000, 0x8000, 0x8000})
	/-S/contrib/go/_std_1.21/src/internal/poll/fd_unix.go:164 +0x27a fp=0xc00083fbf8 sp=0xc00083fb60 pc=0x110ae3a
net.(*netFD).Read(0xc000a8b280, {0xc000c88000?, 0x1060100000000?, 0x8?})
	/-S/contrib/go/_std_1.21/src/net/fd_posix.go:55 +0x25 fp=0xc00083fc40 sp=0xc00083fbf8 pc=0x12e9905
net.(*conn).Read(0xc00085c270, {0xc000c88000?, 0x1a559c0?, 0x0?})
	/-S/contrib/go/_std_1.21/src/net/net.go:179 +0x45 fp=0xc00083fc88 sp=0xc00083fc40 pc=0x12f9b25
net.(*TCPConn).Read(0x801010601?, {0xc000c88000?, 0xc00083fd30?, 0x801010601?})
	&amp;lt;autogenerated&amp;gt;:1 +0x25 fp=0xc00083fcb8 sp=0xc00083fc88 pc=0x130a465
bufio.(*Reader).Read(0xc000a952c0, {0xc000a67a80, 0x9, 0x7f471af445b8?})
	/-S/contrib/go/_std_1.21/src/bufio/bufio.go:244 +0x197 fp=0xc00083fcf0 sp=0xc00083fcb8 pc=0x118e657
io.ReadAtLeast({0x876800, 0xc000a952c0}, {0xc000a67a80, 0x9, 0x9}, 0x9)
	/-S/contrib/go/_std_1.21/src/io/io.go:335 +0x90 fp=0xc00083fd38 sp=0xc00083fcf0 pc=0x1105830
io.ReadFull(...)
	/-S/contrib/go/_std_1.21/src/io/io.go:354
golang.org/x/net/http2.readFrameHeader({0xc000a67a80, 0x9, 0xc000046438?}, {0x876800?, 0xc000a952c0?})
	/-S/vendor/golang.org/x/net/http2/frame.go:237 +0x65 fp=0xc00083fd88 sp=0xc00083fd38 pc=0x1496485
golang.org/x/net/http2.(*Framer).ReadFrame(0xc000a67a40)
	/-S/vendor/golang.org/x/net/http2/frame.go:498 +0x85 fp=0xc00083fe30 sp=0xc00083fd88 pc=0x1496bc5
google.golang.org/grpc/internal/transport.(*http2Client).reader(0xc00067a240, 0x0?)
	/-S/vendor/google.golang.org/grpc/internal/transport/http2_client.go:1595 +0x245 fp=0xc00083ffc0 sp=0xc00083fe30 pc=0x14ddd65
google.golang.org/grpc/internal/transport.newHTTP2Client.func11()
	/-S/vendor/google.golang.org/grpc/internal/transport/http2_client.go:397 +0x25 fp=0xc00083ffe0 sp=0xc00083ffc0 pc=0x14d39c5
runtime.goexit()
	/-S/contrib/go/_std_1.21/src/runtime/asm_amd64.s:1650 +0x1 fp=0xc00083ffe8 sp=0xc00083ffe0 pc=0x10d2021
created by google.golang.org/grpc/internal/transport.newHTTP2Client in goroutine 136
	/-S/vendor/google.golang.org/grpc/internal/transport/http2_client.go:397 +0x1e9e

goroutine 183 [select]:
runtime.gopark(0xc00038ff00?, 0x2?, 0x0?, 0x0?, 0xc00038fecc?)
	/-S/contrib/go/_std_1.21/src/runtime/proc.go:398 +0xce fp=0xc00038fd78 sp=0xc00038fd58 pc=0x109ed6e
runtime.selectgo(0xc00038ff00, 0xc00038fec8, 0x0?, 0x0, 0x130a765?, 0x1)
	/-S/contrib/go/_std_1.21/src/runtime/select.go:327 +0x725 fp=0xc00038fe98 sp=0xc00038fd78 pc=0x10af265
google.golang.org/grpc/internal/transport.(*controlBuffer).get(0xc000a1f680, 0x1)
	/-S/vendor/google.golang.org/grpc/internal/transport/controlbuf.go:418 +0x113 fp=0xc00038ff30 sp=0xc00038fe98 pc=0x14c99b3
google.golang.org/grpc/internal/transport.(*loopyWriter).run(0xc000527810)
	/-S/vendor/google.golang.org/grpc/internal/transport/controlbuf.go:552 +0x86 fp=0xc00038ff90 sp=0xc00038ff30 pc=0x14ca0e6
google.golang.org/grpc/internal/transport.newHTTP2Client.func6()
	/-S/vendor/google.golang.org/grpc/internal/transport/http2_client.go:451 +0x85 fp=0xc00038ffe0 sp=0xc00038ff90 pc=0x14d38c5
runtime.goexit()
	/-S/contrib/go/_std_1.21/src/runtime/asm_amd64.s:1650 +0x1 fp=0xc00038ffe8 sp=0xc00038ffe0 pc=0x10d2021
created by google.golang.org/grpc/internal/transport.newHTTP2Client in goroutine 136
	/-S/vendor/google.golang.org/grpc/internal/transport/http2_client.go:449 +0x2450

goroutine 170 [select, 59 minutes]:
runtime.gopark(0xc000841f80?, 0x2?, 0x2?, 0x0?, 0xc000841f44?)
	/-S/contrib/go/_std_1.21/src/runtime/proc.go:398 +0xce fp=0xc000841dd0 sp=0xc000841db0 pc=0x109ed6e
runtime.selectgo(0xc000841f80, 0xc000841f40, 0x0?, 0x0, 0xc00058ff48?, 0x1)
	/-S/contrib/go/_std_1.21/src/runtime/select.go:327 +0x725 fp=0xc000841ef0 sp=0xc000841dd0 pc=0x10af265
google.golang.org/grpc/internal/grpcsync.(*CallbackSerializer).run(0xc00084c380, {0x887ed0, 0xc00097a3c0})
	/-S/vendor/google.golang.org/grpc/internal/grpcsync/callback_serializer.go:83 +0x112 fp=0xc000841fb8 sp=0xc000841ef0 pc=0x1424732
google.golang.org/grpc/internal/grpcsync.NewCallbackSerializer.func1()
	/-S/vendor/google.golang.org/grpc/internal/grpcsync/callback_serializer.go:55 +0x28 fp=0xc000841fe0 sp=0xc000841fb8 pc=0x1424468
runtime.goexit()
	/-S/contrib/go/_std_1.21/src/runtime/asm_amd64.s:1650 +0x1 fp=0xc000841fe8 sp=0xc000841fe0 pc=0x10d2021
created by google.golang.org/grpc/internal/grpcsync.NewCallbackSerializer in goroutine 139
	/-S/vendor/google.golang.org/grpc/internal/grpcsync/callback_serializer.go:55 +0x129

goroutine 171 [select, 59 minutes]:
runtime.gopark(0xc00083cf80?, 0x2?, 0x3?, 0x0?, 0xc00083cf44?)
	/-S/contrib/go/_std_1.21/src/runtime/proc.go:398 +0xce fp=0xc00083cdd0 sp=0xc00083cdb0 pc=0x109ed6e
runtime.selectgo(0xc00083cf80, 0xc00083cf40, 0x0?, 0x0, 0x0?, 0x1)
	/-S/contrib/go/_std_1.21/src/runtime/select.go:327 +0x725 fp=0xc00083cef0 sp=0xc00083cdd0 pc=0x10af265
google.golang.org/grpc/internal/grpcsync.(*CallbackSerializer).run(0xc00084c3e0, {0x887ed0, 0xc00097a410})
	/-S/vendor/google.golang.org/grpc/internal/grpcsync/callback_serializer.go:83 +0x112 fp=0xc00083cfb8 sp=0xc00083cef0 pc=0x1424732
google.golang.org/grpc/internal/grpcsync.NewCallbackSerializer.func1()
	/-S/vendor/google.golang.org/grpc/internal/grpcsync/callback_serializer.go:55 +0x28 fp=0xc00083cfe0 sp=0xc00083cfb8 pc=0x1424468
runtime.goexit()
	/-S/contrib/go/_std_1.21/src/runtime/asm_amd64.s:1650 +0x1 fp=0xc00083cfe8 sp=0xc00083cfe0 pc=0x10d2021
created by google.golang.org/grpc/internal/grpcsync.NewCallbackSerializer in goroutine 139
	/-S/vendor/google.golang.org/grpc/internal/grpcsync/callback_serializer.go:55 +0x129

goroutine 173 [select, 59 minutes]:
runtime.gopark(0xc000843f80?, 0x2?, 0x2?, 0x0?, 0xc000843f44?)
	/-S/contrib/go/_std_1.21/src/runtime/proc.go:398 +0xce fp=0xc000843dd0 sp=0xc000843db0 pc=0x109ed6e
runtime.selectgo(0xc000843f80, 0xc000843f40, 0x0?, 0x0, 0x0?, 0x1)
	/-S/contrib/go/_std_1.21/src/runtime/select.go:327 +0x725 fp=0xc000843ef0 sp=0xc000843dd0 pc=0x10af265
google.golang.org/grpc/internal/grpcsync.(*CallbackSerializer).run(0xc00084c720, {0x887ed0, 0xc00097ac30})
	/-S/vendor/google.golang.org/grpc/internal/grpcsync/callback_serializer.go:83 +0x112 fp=0xc000843fb8 sp=0xc000843ef0 pc=0x1424732
google.golang.org/grpc/internal/grpcsync.NewCallbackSerializer.func1()
	/-S/vendor/google.golang.org/grpc/internal/grpcsync/callback_serializer.go:55 +0x28 fp=0xc000843fe0 sp=0xc000843fb8 pc=0x1424468
runtime.goexit()
	/-S/contrib/go/_std_1.21/src/runtime/asm_amd64.s:1650 +0x1 fp=0xc000843fe8 sp=0xc000843fe0 pc=0x10d2021
created by google.golang.org/grpc/internal/grpcsync.NewCallbackSerializer in goroutine 139
	/-S/vendor/google.golang.org/grpc/internal/grpcsync/callback_serializer.go:55 +0x129

goroutine 174 [select, 59 minutes]:
runtime.gopark(0xc000842f80?, 0x2?, 0x3?, 0x0?, 0xc000842f44?)
	/-S/contrib/go/_std_1.21/src/runtime/proc.go:398 +0xce fp=0xc000842dd0 sp=0xc000842db0 pc=0x109ed6e
runtime.selectgo(0xc000842f80, 0xc000842f40, 0x12dfd06?, 0x0, 0x887ed0?, 0x1)
	/-S/contrib/go/_std_1.21/src/runtime/select.go:327 +0x725 fp=0xc000842ef0 sp=0xc000842dd0 pc=0x10af265
google.golang.org/grpc/internal/grpcsync.(*CallbackSerializer).run(0xc00084c780, {0x887ed0, 0xc00097ac80})
	/-S/vendor/google.golang.org/grpc/internal/grpcsync/callback_serializer.go:83 +0x112 fp=0xc000842fb8 sp=0xc000842ef0 pc=0x1424732
google.golang.org/grpc/internal/grpcsync.NewCallbackSerializer.func1()
	/-S/vendor/google.golang.org/grpc/internal/grpcsync/callback_serializer.go:55 +0x28 fp=0xc000842fe0 sp=0xc000842fb8 pc=0x1424468
runtime.goexit()
	/-S/contrib/go/_std_1.21/src/runtime/asm_amd64.s:1650 +0x1 fp=0xc000842fe8 sp=0xc000842fe0 pc=0x10d2021
created by google.golang.org/grpc/internal/grpcsync.NewCallbackSerializer in goroutine 139
	/-S/vendor/google.golang.org/grpc/internal/grpcsync/callback_serializer.go:55 +0x129

goroutine 176 [select, 59 minutes]:
runtime.gopark(0xc0005faf80?, 0x2?, 0x2?, 0x0?, 0xc0005faf44?)
	/-S/contrib/go/_std_1.21/src/runtime/proc.go:398 +0xce fp=0xc0005fadd0 sp=0xc0005fadb0 pc=0x109ed6e
runtime.selectgo(0xc0005faf80, 0xc0005faf40, 0x12dfd06?, 0x0, 0x887ed0?, 0x1)
	/-S/contrib/go/_std_1.21/src/runtime/select.go:327 +0x725 fp=0xc0005faef0 sp=0xc0005fadd0 pc=0x10af265
google.golang.org/grpc/internal/grpcsync.(*CallbackSerializer).run(0xc00084cac0, {0x887ed0, 0xc00097afa0})
	/-S/vendor/google.golang.org/grpc/internal/grpcsync/callback_serializer.go:83 +0x112 fp=0xc0005fafb8 sp=0xc0005faef0 pc=0x1424732
google.golang.org/grpc/internal/grpcsync.NewCallbackSerializer.func1()
	/-S/vendor/google.golang.org/grpc/internal/grpcsync/callback_serializer.go:55 +0x28 fp=0xc0005fafe0 sp=0xc0005fafb8 pc=0x1424468
runtime.goexit()
	/-S/contrib/go/_std_1.21/src/runtime/asm_amd64.s:1650 +0x1 fp=0xc0005fafe8 sp=0xc0005fafe0 pc=0x10d2021
created by google.golang.org/grpc/internal/grpcsync.NewCallbackSerializer in goroutine 139
	/-S/vendor/google.golang.org/grpc/internal/grpcsync/callback_serializer.go:55 +0x129

goroutine 177 [select, 59 minutes]:
runtime.gopark(0xc0005f9f80?, 0x2?, 0x3?, 0x0?, 0xc0005f9f44?)
	/-S/contrib/go/_std_1.21/src/runtime/proc.go:398 +0xce fp=0xc0005f9dd0 sp=0xc0005f9db0 pc=0x109ed6e
runtime.selectgo(0xc0005f9f80, 0xc0005f9f40, 0x13d9fa0?, 0x0, 0x14de380?, 0x1)
	/-S/contrib/go/_std_1.21/src/runtime/select.go:327 +0x725 fp=0xc0005f9ef0 sp=0xc0005f9dd0 pc=0x10af265
google.golang.org/grpc/internal/grpcsync.(*CallbackSerializer).run(0xc00084cb20, {0x887ed0, 0xc00097aff0})
	/-S/vendor/google.golang.org/grpc/internal/grpcsync/callback_serializer.go:83 +0x112 fp=0xc0005f9fb8 sp=0xc0005f9ef0 pc=0x1424732
google.golang.org/grpc/internal/grpcsync.NewCallbackSerializer.func1()
	/-S/vendor/google.golang.org/grpc/internal/grpcsync/callback_serializer.go:55 +0x28 fp=0xc0005f9fe0 sp=0xc0005f9fb8 pc=0x1424468
runtime.goexit()
	/-S/contrib/go/_std_1.21/src/runtime/asm_amd64.s:1650 +0x1 fp=0xc0005f9fe8 sp=0xc0005f9fe0 pc=0x10d2021
created by google.golang.org/grpc/internal/grpcsync.NewCallbackSerializer in goroutine 139
	/-S/vendor/google.golang.org/grpc/internal/grpcsync/callback_serializer.go:55 +0x129

goroutine 233 [IO wait, 59 minutes]:
runtime.gopark(0xe7c0aa9837ef3f57?, 0xb?, 0x0?, 0x0?, 0xf?)
	/-S/contrib/go/_std_1.21/src/runtime/proc.go:398 +0xce fp=0xc000c3d5c0 sp=0xc000c3d5a0 pc=0x109ed6e
runtime.netpollblock(0x10e77f8?, 0x1067ce6?, 0x0?)
	/-S/contrib/go/_std_1.21/src/runtime/netpoll.go:564 +0xf7 fp=0xc000c3d5f8 sp=0xc000c3d5c0 pc=0x10974f7
internal/poll.runtime_pollWait(0x7f46d1a0e628, 0x72)
	/-S/contrib/go/_std_1.21/src/runtime/netpoll.go:343 +0x85 fp=0xc000c3d618 sp=0xc000c3d5f8 pc=0x10cc3e5
internal/poll.(*pollDesc).wait(0xc000d28d80?, 0xc000a14a80?, 0x0)
	/-S/contrib/go/_std_1.21/src/internal/poll/fd_poll_runtime.go:85 +0x27 fp=0xc000c3d640 sp=0xc000c3d618 pc=0x1109b47
internal/poll.(*pollDesc).waitRead(...)
	/-S/contrib/go/_std_1.21/src/internal/poll/fd_poll_runtime.go:90
internal/poll.(*FD).Read(0xc000d28d80, {0xc000a14a80, 0xa80, 0xa80})
	/-S/contrib/go/_std_1.21/src/internal/poll/fd_unix.go:164 +0x27a fp=0xc000c3d6d8 sp=0xc000c3d640 pc=0x110ae3a
net.(*netFD).Read(0xc000d28d80, {0xc000a14a80?, 0xc000a14a85?, 0x22?})
	/-S/contrib/go/_std_1.21/src/net/fd_posix.go:55 +0x25 fp=0xc000c3d720 sp=0xc000c3d6d8 pc=0x12e9905
net.(*conn).Read(0xc00069c0e0, {0xc000a14a80?, 0x13d55be?, 0xc00053b6b8?})
	/-S/contrib/go/_std_1.21/src/net/net.go:179 +0x45 fp=0xc000c3d768 sp=0xc000c3d720 pc=0x12f9b25
net.(*TCPConn).Read(0xc000c3d800?, {0xc000a14a80?, 0xc000e20048?, 0x18?})
	&amp;lt;autogenerated&amp;gt;:1 +0x25 fp=0xc000c3d798 sp=0xc000c3d768 pc=0x130a465
crypto/tls.(*atLeastReader).Read(0xc000e20048, {0xc000a14a80?, 0xc000e20048?, 0x0?})
	/-S/contrib/go/_std_1.21/src/crypto/tls/conn.go:805 +0x3b fp=0xc000c3d7e0 sp=0xc000c3d798 pc=0x13d53db
bytes.(*Buffer).ReadFrom(0xc00053b7a8, {0x87c020, 0xc000e20048})
	/-S/contrib/go/_std_1.21/src/bytes/buffer.go:211 +0x98 fp=0xc000c3d838 sp=0xc000c3d7e0 pc=0x116cc78
crypto/tls.(*Conn).readFromUntil(0xc00053b500, {0x878c60?, 0xc00069c0e0}, 0xa80?)
	/-S/contrib/go/_std_1.21/src/crypto/tls/conn.go:827 +0xde fp=0xc000c3d878 sp=0xc000c3d838 pc=0x13d55be
crypto/tls.(*Conn).readRecordOrCCS(0xc00053b500, 0x0)
	/-S/contrib/go/_std_1.21/src/crypto/tls/conn.go:625 +0x250 fp=0xc000c3dc18 sp=0xc000c3d878 pc=0x13d2b90
crypto/tls.(*Conn).readRecord(...)
	/-S/contrib/go/_std_1.21/src/crypto/tls/conn.go:587
crypto/tls.(*Conn).Read(0xc00053b500, {0xc000662000, 0x8000, 0x1ad33e8?})
	/-S/contrib/go/_std_1.21/src/crypto/tls/conn.go:1369 +0x158 fp=0xc000c3dc88 sp=0xc000c3dc18 pc=0x13d8e58
google.golang.org/grpc/internal/credentials.(*syscallConn).Read(0x10d0092?, {0xc000662000?, 0x1069f13?, 0xc000c3dcf0?})
	&amp;lt;autogenerated&amp;gt;:1 +0x29 fp=0xc000c3dcb8 sp=0xc000c3dc88 pc=0x1412269
bufio.(*Reader).Read(0xc000c3b9e0, {0xc0008ee120, 0x9, 0xc000c3dd78?})
	/-S/contrib/go/_std_1.21/src/bufio/bufio.go:244 +0x197 fp=0xc000c3dcf0 sp=0xc000c3dcb8 pc=0x118e657
io.ReadAtLeast({0x876800, 0xc000c3b9e0}, {0xc0008ee120, 0x9, 0x9}, 0x9)
	/-S/contrib/go/_std_1.21/src/io/io.go:335 +0x90 fp=0xc000c3dd38 sp=0xc000c3dcf0 pc=0x1105830
io.ReadFull(...)
	/-S/contrib/go/_std_1.21/src/io/io.go:354
golang.org/x/net/http2.readFrameHeader({0xc0008ee120, 0x9, 0x390500?}, {0x876800?, 0xc000c3b9e0?})
	/-S/vendor/golang.org/x/net/http2/frame.go:237 +0x65 fp=0xc000c3dd88 sp=0xc000c3dd38 pc=0x1496485
golang.org/x/net/http2.(*Framer).ReadFrame(0xc0008ee0e0)
	/-S/vendor/golang.org/x/net/http2/frame.go:498 +0x85 fp=0xc000c3de30 sp=0xc000c3dd88 pc=0x1496bc5
google.golang.org/grpc/internal/transport.(*http2Client).reader(0xc000872000, 0x0?)
	/-S/vendor/google.golang.org/grpc/internal/transport/http2_client.go:1595 +0x245 fp=0xc000c3dfc0 sp=0xc000c3de30 pc=0x14ddd65
google.golang.org/grpc/internal/transport.newHTTP2Client.func11()
	/-S/vendor/google.golang.org/grpc/internal/transport/http2_client.go:397 +0x25 fp=0xc000c3dfe0 sp=0xc000c3dfc0 pc=0x14d39c5
runtime.goexit()
	/-S/contrib/go/_std_1.21/src/runtime/asm_amd64.s:1650 +0x1 fp=0xc000c3dfe8 sp=0xc000c3dfe0 pc=0x10d2021
created by google.golang.org/grpc/internal/transport.newHTTP2Client in goroutine 175
	/-S/vendor/google.golang.org/grpc/internal/transport/http2_client.go:397 +0x1e9e

goroutine 274 [IO wait, 59 minutes]:
runtime.gopark(0x2d4291bd70f3895a?, 0xb?, 0x0?, 0x0?, 0x11?)
	/-S/contrib/go/_std_1.21/src/runtime/proc.go:398 +0xce fp=0xc0005f55c0 sp=0xc0005f55a0 pc=0x109ed6e
runtime.netpollblock(0x10e77f8?, 0x1067ce6?, 0x0?)
	/-S/contrib/go/_std_1.21/src/runtime/netpoll.go:564 +0xf7 fp=0xc0005f55f8 sp=0xc0005f55c0 pc=0x10974f7
internal/poll.runtime_pollWait(0x7f46d1a0e438, 0x72)
	/-S/contrib/go/_std_1.21/src/runtime/netpoll.go:343 +0x85 fp=0xc0005f5618 sp=0xc0005f55f8 pc=0x10cc3e5
internal/poll.(*pollDesc).wait(0xc000da4200?, 0xc0008b5500?, 0x0)
	/-S/contrib/go/_std_1.21/src/internal/poll/fd_poll_runtime.go:85 +0x27 fp=0xc0005f5640 sp=0xc0005f5618 pc=0x1109b47
internal/poll.(*pollDesc).waitRead(...)
	/-S/contrib/go/_std_1.21/src/internal/poll/fd_poll_runtime.go:90
internal/poll.(*FD).Read(0xc000da4200, {0xc0008b5500, 0xa80, 0xa80})
	/-S/contrib/go/_std_1.21/src/internal/poll/fd_unix.go:164 +0x27a fp=0xc0005f56d8 sp=0xc0005f5640 pc=0x110ae3a
net.(*netFD).Read(0xc000da4200, {0xc0008b5500?, 0xc0008b5505?, 0x1a?})
	/-S/contrib/go/_std_1.21/src/net/fd_posix.go:55 +0x25 fp=0xc0005f5720 sp=0xc0005f56d8 pc=0x12e9905
net.(*conn).Read(0xc00085c180, {0xc0008b5500?, 0x13d55be?, 0xc000d8a8b8?})
	/-S/contrib/go/_std_1.21/src/net/net.go:179 +0x45 fp=0xc0005f5768 sp=0xc0005f5720 pc=0x12f9b25
net.(*TCPConn).Read(0xc0005f5800?, {0xc0008b5500?, 0xc000b0e9c0?, 0x18?})
	&amp;lt;autogenerated&amp;gt;:1 +0x25 fp=0xc0005f5798 sp=0xc0005f5768 pc=0x130a465
crypto/tls.(*atLeastReader).Read(0xc000b0e9c0, {0xc0008b5500?, 0xc000b0e9c0?, 0x0?})
	/-S/contrib/go/_std_1.21/src/crypto/tls/conn.go:805 +0x3b fp=0xc0005f57e0 sp=0xc0005f5798 pc=0x13d53db
bytes.(*Buffer).ReadFrom(0xc000d8a9a8, {0x87c020, 0xc000b0e9c0})
	/-S/contrib/go/_std_1.21/src/bytes/buffer.go:211 +0x98 fp=0xc0005f5838 sp=0xc0005f57e0 pc=0x116cc78
crypto/tls.(*Conn).readFromUntil(0xc000d8a700, {0x878c60?, 0xc00085c180}, 0xa80?)
	/-S/contrib/go/_std_1.21/src/crypto/tls/conn.go:827 +0xde fp=0xc0005f5878 sp=0xc0005f5838 pc=0x13d55be
crypto/tls.(*Conn).readRecordOrCCS(0xc000d8a700, 0x0)
	/-S/contrib/go/_std_1.21/src/crypto/tls/conn.go:625 +0x250 fp=0xc0005f5c18 sp=0xc0005f5878 pc=0x13d2b90
crypto/tls.(*Conn).readRecord(...)
	/-S/contrib/go/_std_1.21/src/crypto/tls/conn.go:587
crypto/tls.(*Conn).Read(0xc000d8a700, {0xc0006de000, 0x8000, 0x14da75f?})
	/-S/contrib/go/_std_1.21/src/crypto/tls/conn.go:1369 +0x158 fp=0xc0005f5c88 sp=0xc0005f5c18 pc=0x13d8e58
google.golang.org/grpc/internal/credentials.(*syscallConn).Read(0x10401?, {0xc0006de000?, 0x1071525?, 0x10401?})
	&amp;lt;autogenerated&amp;gt;:1 +0x29 fp=0xc0005f5cb8 sp=0xc0005f5c88 pc=0x1412269
bufio.(*Reader).Read(0xc000a33020, {0xc000d462e0, 0x9, 0x30?})
	/-S/contrib/go/_std_1.21/src/bufio/bufio.go:244 +0x197 fp=0xc0005f5cf0 sp=0xc0005f5cb8 pc=0x118e657
io.ReadAtLeast({0x876800, 0xc000a33020}, {0xc000d462e0, 0x9, 0x9}, 0x9)
	/-S/contrib/go/_std_1.21/src/io/io.go:335 +0x90 fp=0xc0005f5d38 sp=0xc0005f5cf0 pc=0x1105830
io.ReadFull(...)
	/-S/contrib/go/_std_1.21/src/io/io.go:354
golang.org/x/net/http2.readFrameHeader({0xc000d462e0, 0x9, 0xc000b099e0?}, {0x876800?, 0xc000a33020?})
	/-S/vendor/golang.org/x/net/http2/frame.go:237 +0x65 fp=0xc0005f5d88 sp=0xc0005f5d38 pc=0x1496485
golang.org/x/net/http2.(*Framer).ReadFrame(0xc000d462a0)
	/-S/vendor/golang.org/x/net/http2/frame.go:498 +0x85 fp=0xc0005f5e30 sp=0xc0005f5d88 pc=0x1496bc5
google.golang.org/grpc/internal/transport.(*http2Client).reader(0xc00067ab40, 0x0?)
	/-S/vendor/google.golang.org/grpc/internal/transport/http2_client.go:1595 +0x245 fp=0xc0005f5fc0 sp=0xc0005f5e30 pc=0x14ddd65
google.golang.org/grpc/internal/transport.newHTTP2Client.func11()
	/-S/vendor/google.golang.org/grpc/internal/transport/http2_client.go:397 +0x25 fp=0xc0005f5fe0 sp=0xc0005f5fc0 pc=0x14d39c5
runtime.goexit()
	/-S/contrib/go/_std_1.21/src/runtime/asm_amd64.s:1650 +0x1 fp=0xc0005f5fe8 sp=0xc0005f5fe0 pc=0x10d2021
created by google.golang.org/grpc/internal/transport.newHTTP2Client in goroutine 258
	/-S/vendor/google.golang.org/grpc/internal/transport/http2_client.go:397 +0x1e9e

goroutine 266 [select, 59 minutes]:
runtime.gopark(0xc00087bf00?, 0x2?, 0x0?, 0x0?, 0xc00087becc?)
	/-S/contrib/go/_std_1.21/src/runtime/proc.go:398 +0xce fp=0xc000bc1d78 sp=0xc000bc1d58 pc=0x109ed6e
runtime.selectgo(0xc000bc1f00, 0xc00087bec8, 0xc00087be90?, 0x0, 0x1412929?, 0x1)
	/-S/contrib/go/_std_1.21/src/runtime/select.go:327 +0x725 fp=0xc000bc1e98 sp=0xc000bc1d78 pc=0x10af265
google.golang.org/grpc/internal/transport.(*controlBuffer).get(0xc00097bae0, 0x1)
	/-S/vendor/google.golang.org/grpc/internal/transport/controlbuf.go:418 +0x113 fp=0xc000bc1f30 sp=0xc000bc1e98 pc=0x14c99b3
google.golang.org/grpc/internal/transport.(*loopyWriter).run(0xc000f8c540)
	/-S/vendor/google.golang.org/grpc/internal/transport/controlbuf.go:552 +0x86 fp=0xc000bc1f90 sp=0xc000bc1f30 pc=0x14ca0e6
google.golang.org/grpc/internal/transport.newHTTP2Client.func6()
	/-S/vendor/google.golang.org/grpc/internal/transport/http2_client.go:451 +0x85 fp=0xc000bc1fe0 sp=0xc000bc1f90 pc=0x14d38c5
runtime.goexit()
	/-S/contrib/go/_std_1.21/src/runtime/asm_amd64.s:1650 +0x1 fp=0xc000bc1fe8 sp=0xc000bc1fe0 pc=0x10d2021
created by google.golang.org/grpc/internal/transport.newHTTP2Client in goroutine 172
	/-S/vendor/google.golang.org/grpc/internal/transport/http2_client.go:449 +0x2450

goroutine 234 [select, 59 minutes]:
runtime.gopark(0xc000387f00?, 0x2?, 0x0?, 0x0?, 0xc000387ecc?)
	/-S/contrib/go/_std_1.21/src/runtime/proc.go:398 +0xce fp=0xc000c3ed78 sp=0xc000c3ed58 pc=0x109ed6e
runtime.selectgo(0xc000c3ef00, 0xc000387ec8, 0xc000387e90?, 0x0, 0x1412929?, 0x1)
	/-S/contrib/go/_std_1.21/src/runtime/select.go:327 +0x725 fp=0xc000c3ee98 sp=0xc000c3ed78 pc=0x10af265
google.golang.org/grpc/internal/transport.(*controlBuffer).get(0xc000c54500, 0x1)
	/-S/vendor/google.golang.org/grpc/internal/transport/controlbuf.go:418 +0x113 fp=0xc000c3ef30 sp=0xc000c3ee98 pc=0x14c99b3
google.golang.org/grpc/internal/transport.(*loopyWriter).run(0xc000c588c0)
	/-S/vendor/google.golang.org/grpc/internal/transport/controlbuf.go:552 +0x86 fp=0xc000c3ef90 sp=0xc000c3ef30 pc=0x14ca0e6
google.golang.org/grpc/internal/transport.newHTTP2Client.func6()
	/-S/vendor/google.golang.org/grpc/internal/transport/http2_client.go:451 +0x85 fp=0xc000c3efe0 sp=0xc000c3ef90 pc=0x14d38c5
runtime.goexit()
	/-S/contrib/go/_std_1.21/src/runtime/asm_amd64.s:1650 +0x1 fp=0xc000c3efe8 sp=0xc000c3efe0 pc=0x10d2021
created by google.golang.org/grpc/internal/transport.newHTTP2Client in goroutine 175
	/-S/vendor/google.golang.org/grpc/internal/transport/http2_client.go:449 +0x2450

goroutine 5761 [select]:
runtime.gopark(0xc000f5bf00?, 0x2?, 0x0?, 0x0?, 0xc000f5becc?)
	/-S/contrib/go/_std_1.21/src/runtime/proc.go:398 +0xce fp=0xc000f5bd78 sp=0xc000f5bd58 pc=0x109ed6e
runtime.selectgo(0xc000f5bf00, 0xc000f5bec8, 0xc000f5be90?, 0x0, 0x1412929?, 0x1)
	/-S/contrib/go/_std_1.21/src/runtime/select.go:327 +0x725 fp=0xc000f5be98 sp=0xc000f5bd78 pc=0x10af265
google.golang.org/grpc/internal/transport.(*controlBuffer).get(0xc000dd2910, 0x1)
	/-S/vendor/google.golang.org/grpc/internal/transport/controlbuf.go:418 +0x113 fp=0xc000f5bf30 sp=0xc000f5be98 pc=0x14c99b3
google.golang.org/grpc/internal/transport.(*loopyWriter).run(0xc000f8d340)
	/-S/vendor/google.golang.org/grpc/internal/transport/controlbuf.go:552 +0x86 fp=0xc000f5bf90 sp=0xc000f5bf30 pc=0x14ca0e6
google.golang.org/grpc/internal/transport.newHTTP2Client.func6()
	/-S/vendor/google.golang.org/grpc/internal/transport/http2_client.go:451 +0x85 fp=0xc000f5bfe0 sp=0xc000f5bf90 pc=0x14d38c5
runtime.goexit()
	/-S/contrib/go/_std_1.21/src/runtime/asm_amd64.s:1650 +0x1 fp=0xc000f5bfe8 sp=0xc000f5bfe0 pc=0x10d2021
created by google.golang.org/grpc/internal/transport.newHTTP2Client in goroutine 5754
	/-S/vendor/google.golang.org/grpc/internal/transport/http2_client.go:449 +0x2450
Chunk exceeded 3600s timeout and was killed
List of the tests involved in the launch:
image_service_nemesis_test::TestImageServiceCancelCreateImageFromImage (timeout) duration: 3598.99s
image_service_nemesis_test::TestImageServiceCancelCreateImageFromURL (good) duration: 0.37s
2 tests were not launched inside chunk.

logsdir:
/home/github/tmp/out/cloud/disk_manager/internal/pkg/facade/image_service_nemesis_test/test-results/image_service_nemesis_test/chunk0/testing_out_stuff
backtrace:
/home/github/tmp/out/cloud/disk_manager/internal/pkg/facade/image_service_nemesis_test/test-results/image_service_nemesis_test/chunk0/testing_out_stuff/backtrace.txt
stderr:
/home/github/tmp/out/cloud/disk_manager/internal/pkg/facade/image_service_nemesis_test/test-results/image_service_nemesis_test/chunk0/testing_out_stuff/stderr
log:
/home/github/tmp/out/cloud/disk_manager/internal/pkg/facade/image_service_nemesis_test/test-results/image_service_nemesis_test/run_test.log</failure>
		</testcase>
		<testcase name="image_service_nemesis_test.TestImageServiceCancelCreateImageFromDisk" time="0.0">
			<skipped>Test was not launched, because other tests have used all allotted time (3600 s)</skipped>
		</testcase>
		<testcase name="image_service_nemesis_test.TestImageServiceCancelCreateImageFromImage" time="3598.992849235535">
			<failure>Killed by timeout (3600 s)

logsdir:
/home/github/tmp/out/cloud/disk_manager/internal/pkg/facade/image_service_nemesis_test/test-results/image_service_nemesis_test/chunk0/testing_out_stuff
log:
/home/github/tmp/out/cloud/disk_manager/internal/pkg/facade/image_service_nemesis_test/test-results/image_service_nemesis_test/chunk0/testing_out_stuff/image_service_nemesis_test.TestImageServiceCancelCreateImageFromImage.log</failure>
		</testcase>
		<testcase name="image_service_nemesis_test.TestImageServiceCancelCreateImageFromSnapshot" time="0.0">
			<skipped>Test was not launched, because other tests have used all allotted time (3600 s)</skipped>
		</testcase>
		<testcase name="image_service_nemesis_test.TestImageServiceCancelCreateImageFromURL" time="0.37"/>
		<testcase name="image_service_nemesis_test.TestImageServiceCreateGeneratedVMDKImageFromURL" time="22.96"/>
		<testcase name="image_service_nemesis_test.TestImageServiceCreateImageFromDisk" time="19.1"/>
		<testcase name="image_service_nemesis_test.TestImageServiceCreateImageFromImage" time="16.53"/>
		<testcase name="image_service_nemesis_test.TestImageServiceCreateImageFromSnapshot" time="23.29"/>
		<testcase name="[2/4] chunk chunk" time="0.0">
			<failure>Chunk exceeded timeout - dumping goroutine stacktraces
PC=0x10d3e41 m=0 sigcode=0

goroutine 0 [idle]:
runtime.futex()
	/-S/contrib/go/_std_1.21/src/runtime/sys_linux_amd64.s:557 +0x21 fp=0x7ffd19c14638 sp=0x7ffd19c14630 pc=0x10d3e41
runtime.futexsleep(0x16d0a0a3?, 0x19c146b8?, 0x10aaf87?)
	/-S/contrib/go/_std_1.21/src/runtime/os_linux.go:69 +0x30 fp=0x7ffd19c14688 sp=0x7ffd19c14638 pc=0x1098130
runtime.notesleep(0x1aab268)
	/-S/contrib/go/_std_1.21/src/runtime/lock_futex.go:160 +0x87 fp=0x7ffd19c146c0 sp=0x7ffd19c14688 pc=0x106fce7
runtime.mPark(...)
	/-S/contrib/go/_std_1.21/src/runtime/proc.go:1632
runtime.stopm()
	/-S/contrib/go/_std_1.21/src/runtime/proc.go:2536 +0x8c fp=0x7ffd19c146f0 sp=0x7ffd19c146c0 pc=0x10a2b0c
runtime.findRunnable()
	/-S/contrib/go/_std_1.21/src/runtime/proc.go:3229 +0xb9c fp=0x7ffd19c14800 sp=0x7ffd19c146f0 pc=0x10a443c
runtime.schedule()
	/-S/contrib/go/_std_1.21/src/runtime/proc.go:3582 +0xb1 fp=0x7ffd19c14838 sp=0x7ffd19c14800 pc=0x10a5231
runtime.park_m(0xc0000071e0?)
	/-S/contrib/go/_std_1.21/src/runtime/proc.go:3745 +0x11f fp=0x7ffd19c14880 sp=0x7ffd19c14838 pc=0x10a573f
traceback: unexpected SPWRITE function runtime.mcall
runtime.mcall()
	/-S/contrib/go/_std_1.21/src/runtime/asm_amd64.s:458 +0x4e fp=0x7ffd19c14898 sp=0x7ffd19c14880 pc=0x10d002e

goroutine 1 [chan receive, 15 minutes]:
runtime.gopark(0xc0005a99e8?, 0x1071525?, 0xf0?, 0x80?, 0x18?)
	/-S/contrib/go/_std_1.21/src/runtime/proc.go:398 +0xce fp=0xc0005a9980 sp=0xc0005a9960 pc=0x109ed6e
runtime.chanrecv(0xc0006b47e0, 0xc0005a9a67, 0x1)
	/-S/contrib/go/_std_1.21/src/runtime/chan.go:583 +0x3cd fp=0xc0005a99f8 sp=0xc0005a9980 pc=0x106a92d
runtime.chanrecv1(0x1aa5de0?, 0x293000?)
	/-S/contrib/go/_std_1.21/src/runtime/chan.go:442 +0x12 fp=0xc0005a9a20 sp=0xc0005a99f8 pc=0x106a532
testing.(*T).Run(0xc0005169c0, {0x507254?, 0x118781c?}, 0x543c20)
	/-S/contrib/go/_std_1.21/src/testing/testing.go:1649 +0x3c8 fp=0xc0005a9ae0 sp=0xc0005a9a20 pc=0x1188d68
testing.runTests.func1(0x1aab120?)
	/-S/contrib/go/_std_1.21/src/testing/testing.go:2054 +0x3e fp=0xc0005a9b30 sp=0xc0005a9ae0 pc=0x118ae7e
testing.tRunner(0xc0005169c0, 0xc0003bfc48)
	/-S/contrib/go/_std_1.21/src/testing/testing.go:1595 +0xff fp=0xc0005a9b80 sp=0xc0005a9b30 pc=0x1187f3f
testing.runTests(0xc0001ffb80?, {0x1a1a620, 0x10, 0x10}, {0x10777ff?, 0xc0003bfd08?, 0x0?})
	/-S/contrib/go/_std_1.21/src/testing/testing.go:2052 +0x445 fp=0xc0005a9c78 sp=0xc0005a9b80 pc=0x118ad65
testing.(*M).Run(0xc0001ffb80)
	/-S/contrib/go/_std_1.21/src/testing/testing.go:1925 +0x636 fp=0xc0005a9ec0 sp=0xc0005a9c78 pc=0x1189756
main.main()
	/-B/cloud/disk_manager/internal/pkg/facade/image_service_nemesis_test/_test_main.go:43 +0x19c fp=0xc0005a9f40 sp=0xc0005a9ec0 pc=0x19fea7c
runtime.main()
	/-S/contrib/go/_std_1.21/src/runtime/proc.go:267 +0x2bb fp=0xc0005a9fe0 sp=0xc0005a9f40 pc=0x109e8fb
runtime.goexit()
	/-S/contrib/go/_std_1.21/src/runtime/asm_amd64.s:1650 +0x1 fp=0xc0005a9fe8 sp=0xc0005a9fe0 pc=0x10d2021

goroutine 2 [force gc (idle), 3 minutes]:
runtime.gopark(0x9c07fc69b9a?, 0x0?, 0x0?, 0x0?, 0x0?)
	/-S/contrib/go/_std_1.21/src/runtime/proc.go:398 +0xce fp=0xc0000f6fa8 sp=0xc0000f6f88 pc=0x109ed6e
runtime.goparkunlock(...)
	/-S/contrib/go/_std_1.21/src/runtime/proc.go:404
runtime.forcegchelper()
	/-S/contrib/go/_std_1.21/src/runtime/proc.go:322 +0xb3 fp=0xc0000f6fe0 sp=0xc0000f6fa8 pc=0x109ebd3
runtime.goexit()
	/-S/contrib/go/_std_1.21/src/runtime/asm_amd64.s:1650 +0x1 fp=0xc0000f6fe8 sp=0xc0000f6fe0 pc=0x10d2021
created by runtime.init.6 in goroutine 1
	/-S/contrib/go/_std_1.21/src/runtime/proc.go:310 +0x1a

goroutine 3 [GC sweep wait]:
runtime.gopark(0x1aa6101?, 0x0?, 0x0?, 0x0?, 0x0?)
	/-S/contrib/go/_std_1.21/src/runtime/proc.go:398 +0xce fp=0xc0000f7778 sp=0xc0000f7758 pc=0x109ed6e
runtime.goparkunlock(...)
	/-S/contrib/go/_std_1.21/src/runtime/proc.go:404
runtime.bgsweep(0x0?)
	/-S/contrib/go/_std_1.21/src/runtime/mgcsweep.go:321 +0xdf fp=0xc0000f77c8 sp=0xc0000f7778 pc=0x108905f
runtime.gcenable.func1()
	/-S/contrib/go/_std_1.21/src/runtime/mgc.go:200 +0x25 fp=0xc0000f77e0 sp=0xc0000f77c8 pc=0x107e1a5
runtime.goexit()
	/-S/contrib/go/_std_1.21/src/runtime/asm_amd64.s:1650 +0x1 fp=0xc0000f77e8 sp=0xc0000f77e0 pc=0x10d2021
created by runtime.gcenable in goroutine 1
	/-S/contrib/go/_std_1.21/src/runtime/mgc.go:200 +0x66

goroutine 4 [GC scavenge wait]:
runtime.gopark(0x454676?, 0xb0c09?, 0x0?, 0x0?, 0x0?)
	/-S/contrib/go/_std_1.21/src/runtime/proc.go:398 +0xce fp=0xc0000f7f70 sp=0xc0000f7f50 pc=0x109ed6e
runtime.goparkunlock(...)
	/-S/contrib/go/_std_1.21/src/runtime/proc.go:404
runtime.(*scavengerState).park(0x1aaa3e0)
	/-S/contrib/go/_std_1.21/src/runtime/mgcscavenge.go:425 +0x49 fp=0xc0000f7fa0 sp=0xc0000f7f70 pc=0x10868a9
runtime.bgscavenge(0x0?)
	/-S/contrib/go/_std_1.21/src/runtime/mgcscavenge.go:658 +0x59 fp=0xc0000f7fc8 sp=0xc0000f7fa0 pc=0x1086e59
runtime.gcenable.func2()
	/-S/contrib/go/_std_1.21/src/runtime/mgc.go:201 +0x25 fp=0xc0000f7fe0 sp=0xc0000f7fc8 pc=0x107e145
runtime.goexit()
	/-S/contrib/go/_std_1.21/src/runtime/asm_amd64.s:1650 +0x1 fp=0xc0000f7fe8 sp=0xc0000f7fe0 pc=0x10d2021
created by runtime.gcenable in goroutine 1
	/-S/contrib/go/_std_1.21/src/runtime/mgc.go:201 +0xa5

goroutine 5 [finalizer wait, 47 minutes]:
runtime.gopark(0x0?, 0xc00065c660?, 0x0?, 0x0?, 0x1000000010?)
	/-S/contrib/go/_std_1.21/src/runtime/proc.go:398 +0xce fp=0xc0000f6628 sp=0xc0000f6608 pc=0x109ed6e
runtime.runfinq()
	/-S/contrib/go/_std_1.21/src/runtime/mfinal.go:193 +0x107 fp=0xc0000f67e0 sp=0xc0000f6628 pc=0x107d227
runtime.goexit()
	/-S/contrib/go/_std_1.21/src/runtime/asm_amd64.s:1650 +0x1 fp=0xc0000f67e8 sp=0xc0000f67e0 pc=0x10d2021
created by runtime.createfing in goroutine 1
	/-S/contrib/go/_std_1.21/src/runtime/mfinal.go:163 +0x3d

goroutine 6 [GC worker (idle), 59 minutes]:
runtime.gopark(0x0?, 0x0?, 0x0?, 0x0?, 0x0?)
	/-S/contrib/go/_std_1.21/src/runtime/proc.go:398 +0xce fp=0xc0000f8750 sp=0xc0000f8730 pc=0x109ed6e
runtime.gcBgMarkWorker()
	/-S/contrib/go/_std_1.21/src/runtime/mgc.go:1293 +0xe5 fp=0xc0000f87e0 sp=0xc0000f8750 pc=0x107fd25
runtime.goexit()
	/-S/contrib/go/_std_1.21/src/runtime/asm_amd64.s:1650 +0x1 fp=0xc0000f87e8 sp=0xc0000f87e0 pc=0x10d2021
created by runtime.gcBgMarkStartWorkers in goroutine 1
	/-S/contrib/go/_std_1.21/src/runtime/mgc.go:1217 +0x1c

goroutine 7 [GC worker (idle), 59 minutes]:
runtime.gopark(0x0?, 0x0?, 0x0?, 0x0?, 0x0?)
	/-S/contrib/go/_std_1.21/src/runtime/proc.go:398 +0xce fp=0xc0000f8f50 sp=0xc0000f8f30 pc=0x109ed6e
runtime.gcBgMarkWorker()
	/-S/contrib/go/_std_1.21/src/runtime/mgc.go:1293 +0xe5 fp=0xc0000f8fe0 sp=0xc0000f8f50 pc=0x107fd25
runtime.goexit()
	/-S/contrib/go/_std_1.21/src/runtime/asm_amd64.s:1650 +0x1 fp=0xc0000f8fe8 sp=0xc0000f8fe0 pc=0x10d2021
created by runtime.gcBgMarkStartWorkers in goroutine 1
	/-S/contrib/go/_std_1.21/src/runtime/mgc.go:1217 +0x1c

goroutine 18 [GC worker (idle), 59 minutes]:
runtime.gopark(0x0?, 0x0?, 0x0?, 0x0?, 0x0?)
	/-S/contrib/go/_std_1.21/src/runtime/proc.go:398 +0xce fp=0xc0000f2750 sp=0xc0000f2730 pc=0x109ed6e
runtime.gcBgMarkWorker()
	/-S/contrib/go/_std_1.21/src/runtime/mgc.go:1293 +0xe5 fp=0xc0000f27e0 sp=0xc0000f2750 pc=0x107fd25
runtime.goexit()
	/-S/contrib/go/_std_1.21/src/runtime/asm_amd64.s:1650 +0x1 fp=0xc0000f27e8 sp=0xc0000f27e0 pc=0x10d2021
created by runtime.gcBgMarkStartWorkers in goroutine 1
	/-S/contrib/go/_std_1.21/src/runtime/mgc.go:1217 +0x1c

goroutine 34 [GC worker (idle), 59 minutes]:
runtime.gopark(0x0?, 0x0?, 0x0?, 0x0?, 0x0?)
	/-S/contrib/go/_std_1.21/src/runtime/proc.go:398 +0xce fp=0xc000192750 sp=0xc000192730 pc=0x109ed6e
runtime.gcBgMarkWorker()
	/-S/contrib/go/_std_1.21/src/runtime/mgc.go:1293 +0xe5 fp=0xc0001927e0 sp=0xc000192750 pc=0x107fd25
runtime.goexit()
	/-S/contrib/go/_std_1.21/src/runtime/asm_amd64.s:1650 +0x1 fp=0xc0001927e8 sp=0xc0001927e0 pc=0x10d2021
created by runtime.gcBgMarkStartWorkers in goroutine 1
	/-S/contrib/go/_std_1.21/src/runtime/mgc.go:1217 +0x1c

goroutine 35 [GC worker (idle), 59 minutes]:
runtime.gopark(0x0?, 0x0?, 0x0?, 0x0?, 0x0?)
	/-S/contrib/go/_std_1.21/src/runtime/proc.go:398 +0xce fp=0xc000192f50 sp=0xc000192f30 pc=0x109ed6e
runtime.gcBgMarkWorker()
	/-S/contrib/go/_std_1.21/src/runtime/mgc.go:1293 +0xe5 fp=0xc000192fe0 sp=0xc000192f50 pc=0x107fd25
runtime.goexit()
	/-S/contrib/go/_std_1.21/src/runtime/asm_amd64.s:1650 +0x1 fp=0xc000192fe8 sp=0xc000192fe0 pc=0x10d2021
created by runtime.gcBgMarkStartWorkers in goroutine 1
	/-S/contrib/go/_std_1.21/src/runtime/mgc.go:1217 +0x1c

goroutine 8 [GC worker (idle), 59 minutes]:
runtime.gopark(0x0?, 0x0?, 0x0?, 0x0?, 0x0?)
	/-S/contrib/go/_std_1.21/src/runtime/proc.go:398 +0xce fp=0xc0000f9750 sp=0xc0000f9730 pc=0x109ed6e
runtime.gcBgMarkWorker()
	/-S/contrib/go/_std_1.21/src/runtime/mgc.go:1293 +0xe5 fp=0xc0000f97e0 sp=0xc0000f9750 pc=0x107fd25
runtime.goexit()
	/-S/contrib/go/_std_1.21/src/runtime/asm_amd64.s:1650 +0x1 fp=0xc0000f97e8 sp=0xc0000f97e0 pc=0x10d2021
created by runtime.gcBgMarkStartWorkers in goroutine 1
	/-S/contrib/go/_std_1.21/src/runtime/mgc.go:1217 +0x1c

goroutine 9 [GC worker (idle), 59 minutes]:
runtime.gopark(0x0?, 0x0?, 0x0?, 0x0?, 0x0?)
	/-S/contrib/go/_std_1.21/src/runtime/proc.go:398 +0xce fp=0xc0000f9f50 sp=0xc0000f9f30 pc=0x109ed6e
runtime.gcBgMarkWorker()
	/-S/contrib/go/_std_1.21/src/runtime/mgc.go:1293 +0xe5 fp=0xc0000f9fe0 sp=0xc0000f9f50 pc=0x107fd25
runtime.goexit()
	/-S/contrib/go/_std_1.21/src/runtime/asm_amd64.s:1650 +0x1 fp=0xc0000f9fe8 sp=0xc0000f9fe0 pc=0x10d2021
created by runtime.gcBgMarkStartWorkers in goroutine 1
	/-S/contrib/go/_std_1.21/src/runtime/mgc.go:1217 +0x1c

goroutine 19 [GC worker (idle), 59 minutes]:
runtime.gopark(0x0?, 0x0?, 0x0?, 0x0?, 0x0?)
	/-S/contrib/go/_std_1.21/src/runtime/proc.go:398 +0xce fp=0xc0000f2f50 sp=0xc0000f2f30 pc=0x109ed6e
runtime.gcBgMarkWorker()
	/-S/contrib/go/_std_1.21/src/runtime/mgc.go:1293 +0xe5 fp=0xc0000f2fe0 sp=0xc0000f2f50 pc=0x107fd25
runtime.goexit()
	/-S/contrib/go/_std_1.21/src/runtime/asm_amd64.s:1650 +0x1 fp=0xc0000f2fe8 sp=0xc0000f2fe0 pc=0x10d2021
created by runtime.gcBgMarkStartWorkers in goroutine 1
	/-S/contrib/go/_std_1.21/src/runtime/mgc.go:1217 +0x1c

goroutine 36 [GC worker (idle), 59 minutes]:
runtime.gopark(0x0?, 0x0?, 0x0?, 0x0?, 0x0?)
	/-S/contrib/go/_std_1.21/src/runtime/proc.go:398 +0xce fp=0xc000193750 sp=0xc000193730 pc=0x109ed6e
runtime.gcBgMarkWorker()
	/-S/contrib/go/_std_1.21/src/runtime/mgc.go:1293 +0xe5 fp=0xc0001937e0 sp=0xc000193750 pc=0x107fd25
runtime.goexit()
	/-S/contrib/go/_std_1.21/src/runtime/asm_amd64.s:1650 +0x1 fp=0xc0001937e8 sp=0xc0001937e0 pc=0x10d2021
created by runtime.gcBgMarkStartWorkers in goroutine 1
	/-S/contrib/go/_std_1.21/src/runtime/mgc.go:1217 +0x1c

goroutine 20 [GC worker (idle), 59 minutes]:
runtime.gopark(0x0?, 0x0?, 0x0?, 0x0?, 0x0?)
	/-S/contrib/go/_std_1.21/src/runtime/proc.go:398 +0xce fp=0xc0000f3750 sp=0xc0000f3730 pc=0x109ed6e
runtime.gcBgMarkWorker()
	/-S/contrib/go/_std_1.21/src/runtime/mgc.go:1293 +0xe5 fp=0xc0000f37e0 sp=0xc0000f3750 pc=0x107fd25
runtime.goexit()
	/-S/contrib/go/_std_1.21/src/runtime/asm_amd64.s:1650 +0x1 fp=0xc0000f37e8 sp=0xc0000f37e0 pc=0x10d2021
created by runtime.gcBgMarkStartWorkers in goroutine 1
	/-S/contrib/go/_std_1.21/src/runtime/mgc.go:1217 +0x1c

goroutine 37 [GC worker (idle), 59 minutes]:
runtime.gopark(0x0?, 0x0?, 0x0?, 0x0?, 0x0?)
	/-S/contrib/go/_std_1.21/src/runtime/proc.go:398 +0xce fp=0xc000193f50 sp=0xc000193f30 pc=0x109ed6e
runtime.gcBgMarkWorker()
	/-S/contrib/go/_std_1.21/src/runtime/mgc.go:1293 +0xe5 fp=0xc000193fe0 sp=0xc000193f50 pc=0x107fd25
runtime.goexit()
	/-S/contrib/go/_std_1.21/src/runtime/asm_amd64.s:1650 +0x1 fp=0xc000193fe8 sp=0xc000193fe0 pc=0x10d2021
created by runtime.gcBgMarkStartWorkers in goroutine 1
	/-S/contrib/go/_std_1.21/src/runtime/mgc.go:1217 +0x1c

goroutine 10 [GC worker (idle), 59 minutes]:
runtime.gopark(0x0?, 0x0?, 0x0?, 0x0?, 0x0?)
	/-S/contrib/go/_std_1.21/src/runtime/proc.go:398 +0xce fp=0xc00018e750 sp=0xc00018e730 pc=0x109ed6e
runtime.gcBgMarkWorker()
	/-S/contrib/go/_std_1.21/src/runtime/mgc.go:1293 +0xe5 fp=0xc00018e7e0 sp=0xc00018e750 pc=0x107fd25
runtime.goexit()
	/-S/contrib/go/_std_1.21/src/runtime/asm_amd64.s:1650 +0x1 fp=0xc00018e7e8 sp=0xc00018e7e0 pc=0x10d2021
created by runtime.gcBgMarkStartWorkers in goroutine 1
	/-S/contrib/go/_std_1.21/src/runtime/mgc.go:1217 +0x1c

goroutine 50 [GC worker (idle), 59 minutes]:
runtime.gopark(0x0?, 0x0?, 0x0?, 0x0?, 0x0?)
	/-S/contrib/go/_std_1.21/src/runtime/proc.go:398 +0xce fp=0xc000588750 sp=0xc000588730 pc=0x109ed6e
runtime.gcBgMarkWorker()
	/-S/contrib/go/_std_1.21/src/runtime/mgc.go:1293 +0xe5 fp=0xc0005887e0 sp=0xc000588750 pc=0x107fd25
runtime.goexit()
	/-S/contrib/go/_std_1.21/src/runtime/asm_amd64.s:1650 +0x1 fp=0xc0005887e8 sp=0xc0005887e0 pc=0x10d2021
created by runtime.gcBgMarkStartWorkers in goroutine 1
	/-S/contrib/go/_std_1.21/src/runtime/mgc.go:1217 +0x1c

goroutine 11 [GC worker (idle), 59 minutes]:
runtime.gopark(0x0?, 0x0?, 0x0?, 0x0?, 0x0?)
	/-S/contrib/go/_std_1.21/src/runtime/proc.go:398 +0xce fp=0xc00018ef50 sp=0xc00018ef30 pc=0x109ed6e
runtime.gcBgMarkWorker()
	/-S/contrib/go/_std_1.21/src/runtime/mgc.go:1293 +0xe5 fp=0xc00018efe0 sp=0xc00018ef50 pc=0x107fd25
runtime.goexit()
	/-S/contrib/go/_std_1.21/src/runtime/asm_amd64.s:1650 +0x1 fp=0xc00018efe8 sp=0xc00018efe0 pc=0x10d2021
created by runtime.gcBgMarkStartWorkers in goroutine 1
	/-S/contrib/go/_std_1.21/src/runtime/mgc.go:1217 +0x1c

goroutine 12 [GC worker (idle), 59 minutes]:
runtime.gopark(0x0?, 0x0?, 0x0?, 0x0?, 0x0?)
	/-S/contrib/go/_std_1.21/src/runtime/proc.go:398 +0xce fp=0xc00018f750 sp=0xc00018f730 pc=0x109ed6e
runtime.gcBgMarkWorker()
	/-S/contrib/go/_std_1.21/src/runtime/mgc.go:1293 +0xe5 fp=0xc00018f7e0 sp=0xc00018f750 pc=0x107fd25
runtime.goexit()
	/-S/contrib/go/_std_1.21/src/runtime/asm_amd64.s:1650 +0x1 fp=0xc00018f7e8 sp=0xc00018f7e0 pc=0x10d2021
created by runtime.gcBgMarkStartWorkers in goroutine 1
	/-S/contrib/go/_std_1.21/src/runtime/mgc.go:1217 +0x1c

goroutine 21 [GC worker (idle), 59 minutes]:
runtime.gopark(0x0?, 0x0?, 0x0?, 0x0?, 0x0?)
	/-S/contrib/go/_std_1.21/src/runtime/proc.go:398 +0xce fp=0xc0000f3f50 sp=0xc0000f3f30 pc=0x109ed6e
runtime.gcBgMarkWorker()
	/-S/contrib/go/_std_1.21/src/runtime/mgc.go:1293 +0xe5 fp=0xc0000f3fe0 sp=0xc0000f3f50 pc=0x107fd25
runtime.goexit()
	/-S/contrib/go/_std_1.21/src/runtime/asm_amd64.s:1650 +0x1 fp=0xc0000f3fe8 sp=0xc0000f3fe0 pc=0x10d2021
created by runtime.gcBgMarkStartWorkers in goroutine 1
	/-S/contrib/go/_std_1.21/src/runtime/mgc.go:1217 +0x1c

goroutine 22 [GC worker (idle), 59 minutes]:
runtime.gopark(0x0?, 0x0?, 0x0?, 0x0?, 0x0?)
	/-S/contrib/go/_std_1.21/src/runtime/proc.go:398 +0xce fp=0xc0000f4750 sp=0xc0000f4730 pc=0x109ed6e
runtime.gcBgMarkWorker()
	/-S/contrib/go/_std_1.21/src/runtime/mgc.go:1293 +0xe5 fp=0xc0000f47e0 sp=0xc0000f4750 pc=0x107fd25
runtime.goexit()
	/-S/contrib/go/_std_1.21/src/runtime/asm_amd64.s:1650 +0x1 fp=0xc0000f47e8 sp=0xc0000f47e0 pc=0x10d2021
created by runtime.gcBgMarkStartWorkers in goroutine 1
	/-S/contrib/go/_std_1.21/src/runtime/mgc.go:1217 +0x1c

goroutine 51 [GC worker (idle), 59 minutes]:
runtime.gopark(0x0?, 0x0?, 0x0?, 0x0?, 0x0?)
	/-S/contrib/go/_std_1.21/src/runtime/proc.go:398 +0xce fp=0xc000588f50 sp=0xc000588f30 pc=0x109ed6e
runtime.gcBgMarkWorker()
	/-S/contrib/go/_std_1.21/src/runtime/mgc.go:1293 +0xe5 fp=0xc000588fe0 sp=0xc000588f50 pc=0x107fd25
runtime.goexit()
	/-S/contrib/go/_std_1.21/src/runtime/asm_amd64.s:1650 +0x1 fp=0xc000588fe8 sp=0xc000588fe0 pc=0x10d2021
created by runtime.gcBgMarkStartWorkers in goroutine 1
	/-S/contrib/go/_std_1.21/src/runtime/mgc.go:1217 +0x1c

goroutine 13 [GC worker (idle), 59 minutes]:
runtime.gopark(0x0?, 0x0?, 0x0?, 0x0?, 0x0?)
	/-S/contrib/go/_std_1.21/src/runtime/proc.go:398 +0xce fp=0xc00018ff50 sp=0xc00018ff30 pc=0x109ed6e
runtime.gcBgMarkWorker()
	/-S/contrib/go/_std_1.21/src/runtime/mgc.go:1293 +0xe5 fp=0xc00018ffe0 sp=0xc00018ff50 pc=0x107fd25
runtime.goexit()
	/-S/contrib/go/_std_1.21/src/runtime/asm_amd64.s:1650 +0x1 fp=0xc00018ffe8 sp=0xc00018ffe0 pc=0x10d2021
created by runtime.gcBgMarkStartWorkers in goroutine 1
	/-S/contrib/go/_std_1.21/src/runtime/mgc.go:1217 +0x1c

goroutine 52 [GC worker (idle), 59 minutes]:
runtime.gopark(0x0?, 0x0?, 0x0?, 0x0?, 0x0?)
	/-S/contrib/go/_std_1.21/src/runtime/proc.go:398 +0xce fp=0xc000589750 sp=0xc000589730 pc=0x109ed6e
runtime.gcBgMarkWorker()
	/-S/contrib/go/_std_1.21/src/runtime/mgc.go:1293 +0xe5 fp=0xc0005897e0 sp=0xc000589750 pc=0x107fd25
runtime.goexit()
	/-S/contrib/go/_std_1.21/src/runtime/asm_amd64.s:1650 +0x1 fp=0xc0005897e8 sp=0xc0005897e0 pc=0x10d2021
created by runtime.gcBgMarkStartWorkers in goroutine 1
	/-S/contrib/go/_std_1.21/src/runtime/mgc.go:1217 +0x1c

goroutine 14 [GC worker (idle), 59 minutes]:
runtime.gopark(0x0?, 0x0?, 0x0?, 0x0?, 0x0?)
	/-S/contrib/go/_std_1.21/src/runtime/proc.go:398 +0xce fp=0xc000190750 sp=0xc000190730 pc=0x109ed6e
runtime.gcBgMarkWorker()
	/-S/contrib/go/_std_1.21/src/runtime/mgc.go:1293 +0xe5 fp=0xc0001907e0 sp=0xc000190750 pc=0x107fd25
runtime.goexit()
	/-S/contrib/go/_std_1.21/src/runtime/asm_amd64.s:1650 +0x1 fp=0xc0001907e8 sp=0xc0001907e0 pc=0x10d2021
created by runtime.gcBgMarkStartWorkers in goroutine 1
	/-S/contrib/go/_std_1.21/src/runtime/mgc.go:1217 +0x1c

goroutine 15 [GC worker (idle), 59 minutes]:
runtime.gopark(0x0?, 0x0?, 0x0?, 0x0?, 0x0?)
	/-S/contrib/go/_std_1.21/src/runtime/proc.go:398 +0xce fp=0xc000190f50 sp=0xc000190f30 pc=0x109ed6e
runtime.gcBgMarkWorker()
	/-S/contrib/go/_std_1.21/src/runtime/mgc.go:1293 +0xe5 fp=0xc000190fe0 sp=0xc000190f50 pc=0x107fd25
runtime.goexit()
	/-S/contrib/go/_std_1.21/src/runtime/asm_amd64.s:1650 +0x1 fp=0xc000190fe8 sp=0xc000190fe0 pc=0x10d2021
created by runtime.gcBgMarkStartWorkers in goroutine 1
	/-S/contrib/go/_std_1.21/src/runtime/mgc.go:1217 +0x1c

goroutine 16 [GC worker (idle), 59 minutes]:
runtime.gopark(0x0?, 0x0?, 0x0?, 0x0?, 0x0?)
	/-S/contrib/go/_std_1.21/src/runtime/proc.go:398 +0xce fp=0xc000191750 sp=0xc000191730 pc=0x109ed6e
runtime.gcBgMarkWorker()
	/-S/contrib/go/_std_1.21/src/runtime/mgc.go:1293 +0xe5 fp=0xc0001917e0 sp=0xc000191750 pc=0x107fd25
runtime.goexit()
	/-S/contrib/go/_std_1.21/src/runtime/asm_amd64.s:1650 +0x1 fp=0xc0001917e8 sp=0xc0001917e0 pc=0x10d2021
created by runtime.gcBgMarkStartWorkers in goroutine 1
	/-S/contrib/go/_std_1.21/src/runtime/mgc.go:1217 +0x1c

goroutine 23 [GC worker (idle), 59 minutes]:
runtime.gopark(0x0?, 0x0?, 0x0?, 0x0?, 0x0?)
	/-S/contrib/go/_std_1.21/src/runtime/proc.go:398 +0xce fp=0xc0000f4f50 sp=0xc0000f4f30 pc=0x109ed6e
runtime.gcBgMarkWorker()
	/-S/contrib/go/_std_1.21/src/runtime/mgc.go:1293 +0xe5 fp=0xc0000f4fe0 sp=0xc0000f4f50 pc=0x107fd25
runtime.goexit()
	/-S/contrib/go/_std_1.21/src/runtime/asm_amd64.s:1650 +0x1 fp=0xc0000f4fe8 sp=0xc0000f4fe0 pc=0x10d2021
created by runtime.gcBgMarkStartWorkers in goroutine 1
	/-S/contrib/go/_std_1.21/src/runtime/mgc.go:1217 +0x1c

goroutine 24 [GC worker (idle), 59 minutes]:
runtime.gopark(0x0?, 0x0?, 0x0?, 0x0?, 0x0?)
	/-S/contrib/go/_std_1.21/src/runtime/proc.go:398 +0xce fp=0xc0000f5750 sp=0xc0000f5730 pc=0x109ed6e
runtime.gcBgMarkWorker()
	/-S/contrib/go/_std_1.21/src/runtime/mgc.go:1293 +0xe5 fp=0xc0000f57e0 sp=0xc0000f5750 pc=0x107fd25
runtime.goexit()
	/-S/contrib/go/_std_1.21/src/runtime/asm_amd64.s:1650 +0x1 fp=0xc0000f57e8 sp=0xc0000f57e0 pc=0x10d2021
created by runtime.gcBgMarkStartWorkers in goroutine 1
	/-S/contrib/go/_std_1.21/src/runtime/mgc.go:1217 +0x1c

goroutine 66 [GC worker (idle), 59 minutes]:
runtime.gopark(0x0?, 0x0?, 0x0?, 0x0?, 0x0?)
	/-S/contrib/go/_std_1.21/src/runtime/proc.go:398 +0xce fp=0xc000191f50 sp=0xc000191f30 pc=0x109ed6e
runtime.gcBgMarkWorker()
	/-S/contrib/go/_std_1.21/src/runtime/mgc.go:1293 +0xe5 fp=0xc000191fe0 sp=0xc000191f50 pc=0x107fd25
runtime.goexit()
	/-S/contrib/go/_std_1.21/src/runtime/asm_amd64.s:1650 +0x1 fp=0xc000191fe8 sp=0xc000191fe0 pc=0x10d2021
created by runtime.gcBgMarkStartWorkers in goroutine 1
	/-S/contrib/go/_std_1.21/src/runtime/mgc.go:1217 +0x1c

goroutine 53 [GC worker (idle), 59 minutes]:
runtime.gopark(0x0?, 0x0?, 0x0?, 0x0?, 0x0?)
	/-S/contrib/go/_std_1.21/src/runtime/proc.go:398 +0xce fp=0xc000589f50 sp=0xc000589f30 pc=0x109ed6e
runtime.gcBgMarkWorker()
	/-S/contrib/go/_std_1.21/src/runtime/mgc.go:1293 +0xe5 fp=0xc000589fe0 sp=0xc000589f50 pc=0x107fd25
runtime.goexit()
	/-S/contrib/go/_std_1.21/src/runtime/asm_amd64.s:1650 +0x1 fp=0xc000589fe8 sp=0xc000589fe0 pc=0x10d2021
created by runtime.gcBgMarkStartWorkers in goroutine 1
	/-S/contrib/go/_std_1.21/src/runtime/mgc.go:1217 +0x1c

goroutine 67 [GC worker (idle), 59 minutes]:
runtime.gopark(0x0?, 0x0?, 0x0?, 0x0?, 0x0?)
	/-S/contrib/go/_std_1.21/src/runtime/proc.go:398 +0xce fp=0xc000584750 sp=0xc000584730 pc=0x109ed6e
runtime.gcBgMarkWorker()
	/-S/contrib/go/_std_1.21/src/runtime/mgc.go:1293 +0xe5 fp=0xc0005847e0 sp=0xc000584750 pc=0x107fd25
runtime.goexit()
	/-S/contrib/go/_std_1.21/src/runtime/asm_amd64.s:1650 +0x1 fp=0xc0005847e8 sp=0xc0005847e0 pc=0x10d2021
created by runtime.gcBgMarkStartWorkers in goroutine 1
	/-S/contrib/go/_std_1.21/src/runtime/mgc.go:1217 +0x1c

goroutine 68 [GC worker (idle), 59 minutes]:
runtime.gopark(0x0?, 0x0?, 0x0?, 0x0?, 0x0?)
	/-S/contrib/go/_std_1.21/src/runtime/proc.go:398 +0xce fp=0xc000584f50 sp=0xc000584f30 pc=0x109ed6e
runtime.gcBgMarkWorker()
	/-S/contrib/go/_std_1.21/src/runtime/mgc.go:1293 +0xe5 fp=0xc000584fe0 sp=0xc000584f50 pc=0x107fd25
runtime.goexit()
	/-S/contrib/go/_std_1.21/src/runtime/asm_amd64.s:1650 +0x1 fp=0xc000584fe8 sp=0xc000584fe0 pc=0x10d2021
created by runtime.gcBgMarkStartWorkers in goroutine 1
	/-S/contrib/go/_std_1.21/src/runtime/mgc.go:1217 +0x1c

goroutine 25 [GC worker (idle), 59 minutes]:
runtime.gopark(0x0?, 0x0?, 0x0?, 0x0?, 0x0?)
	/-S/contrib/go/_std_1.21/src/runtime/proc.go:398 +0xce fp=0xc0000f5f50 sp=0xc0000f5f30 pc=0x109ed6e
runtime.gcBgMarkWorker()
	/-S/contrib/go/_std_1.21/src/runtime/mgc.go:1293 +0xe5 fp=0xc0000f5fe0 sp=0xc0000f5f50 pc=0x107fd25
runtime.goexit()
	/-S/contrib/go/_std_1.21/src/runtime/asm_amd64.s:1650 +0x1 fp=0xc0000f5fe8 sp=0xc0000f5fe0 pc=0x10d2021
created by runtime.gcBgMarkStartWorkers in goroutine 1
	/-S/contrib/go/_std_1.21/src/runtime/mgc.go:1217 +0x1c

goroutine 26 [GC worker (idle), 59 minutes]:
runtime.gopark(0x0?, 0x0?, 0x0?, 0x0?, 0x0?)
	/-S/contrib/go/_std_1.21/src/runtime/proc.go:398 +0xce fp=0xc00050a750 sp=0xc00050a730 pc=0x109ed6e
runtime.gcBgMarkWorker()
	/-S/contrib/go/_std_1.21/src/runtime/mgc.go:1293 +0xe5 fp=0xc00050a7e0 sp=0xc00050a750 pc=0x107fd25
runtime.goexit()
	/-S/contrib/go/_std_1.21/src/runtime/asm_amd64.s:1650 +0x1 fp=0xc00050a7e8 sp=0xc00050a7e0 pc=0x10d2021
created by runtime.gcBgMarkStartWorkers in goroutine 1
	/-S/contrib/go/_std_1.21/src/runtime/mgc.go:1217 +0x1c

goroutine 54 [GC worker (idle), 59 minutes]:
runtime.gopark(0x0?, 0x0?, 0x0?, 0x0?, 0x0?)
	/-S/contrib/go/_std_1.21/src/runtime/proc.go:398 +0xce fp=0xc00058a750 sp=0xc00058a730 pc=0x109ed6e
runtime.gcBgMarkWorker()
	/-S/contrib/go/_std_1.21/src/runtime/mgc.go:1293 +0xe5 fp=0xc00058a7e0 sp=0xc00058a750 pc=0x107fd25
runtime.goexit()
	/-S/contrib/go/_std_1.21/src/runtime/asm_amd64.s:1650 +0x1 fp=0xc00058a7e8 sp=0xc00058a7e0 pc=0x10d2021
created by runtime.gcBgMarkStartWorkers in goroutine 1
	/-S/contrib/go/_std_1.21/src/runtime/mgc.go:1217 +0x1c

goroutine 27 [GC worker (idle), 59 minutes]:
runtime.gopark(0x0?, 0x0?, 0x0?, 0x0?, 0x0?)
	/-S/contrib/go/_std_1.21/src/runtime/proc.go:398 +0xce fp=0xc00050af50 sp=0xc00050af30 pc=0x109ed6e
runtime.gcBgMarkWorker()
	/-S/contrib/go/_std_1.21/src/runtime/mgc.go:1293 +0xe5 fp=0xc00050afe0 sp=0xc00050af50 pc=0x107fd25
runtime.goexit()
	/-S/contrib/go/_std_1.21/src/runtime/asm_amd64.s:1650 +0x1 fp=0xc00050afe8 sp=0xc00050afe0 pc=0x10d2021
created by runtime.gcBgMarkStartWorkers in goroutine 1
	/-S/contrib/go/_std_1.21/src/runtime/mgc.go:1217 +0x1c

goroutine 28 [GC worker (idle), 59 minutes]:
runtime.gopark(0x0?, 0x0?, 0x0?, 0x0?, 0x0?)
	/-S/contrib/go/_std_1.21/src/runtime/proc.go:398 +0xce fp=0xc00050b750 sp=0xc00050b730 pc=0x109ed6e
runtime.gcBgMarkWorker()
	/-S/contrib/go/_std_1.21/src/runtime/mgc.go:1293 +0xe5 fp=0xc00050b7e0 sp=0xc00050b750 pc=0x107fd25
runtime.goexit()
	/-S/contrib/go/_std_1.21/src/runtime/asm_amd64.s:1650 +0x1 fp=0xc00050b7e8 sp=0xc00050b7e0 pc=0x10d2021
created by runtime.gcBgMarkStartWorkers in goroutine 1
	/-S/contrib/go/_std_1.21/src/runtime/mgc.go:1217 +0x1c

goroutine 69 [GC worker (idle), 59 minutes]:
runtime.gopark(0x0?, 0x0?, 0x0?, 0x0?, 0x0?)
	/-S/contrib/go/_std_1.21/src/runtime/proc.go:398 +0xce fp=0xc000585750 sp=0xc000585730 pc=0x109ed6e
runtime.gcBgMarkWorker()
	/-S/contrib/go/_std_1.21/src/runtime/mgc.go:1293 +0xe5 fp=0xc0005857e0 sp=0xc000585750 pc=0x107fd25
runtime.goexit()
	/-S/contrib/go/_std_1.21/src/runtime/asm_amd64.s:1650 +0x1 fp=0xc0005857e8 sp=0xc0005857e0 pc=0x10d2021
created by runtime.gcBgMarkStartWorkers in goroutine 1
	/-S/contrib/go/_std_1.21/src/runtime/mgc.go:1217 +0x1c

goroutine 70 [GC worker (idle), 59 minutes]:
runtime.gopark(0x0?, 0x0?, 0x0?, 0x0?, 0x0?)
	/-S/contrib/go/_std_1.21/src/runtime/proc.go:398 +0xce fp=0xc000585f50 sp=0xc000585f30 pc=0x109ed6e
runtime.gcBgMarkWorker()
	/-S/contrib/go/_std_1.21/src/runtime/mgc.go:1293 +0xe5 fp=0xc000585fe0 sp=0xc000585f50 pc=0x107fd25
runtime.goexit()
	/-S/contrib/go/_std_1.21/src/runtime/asm_amd64.s:1650 +0x1 fp=0xc000585fe8 sp=0xc000585fe0 pc=0x10d2021
created by runtime.gcBgMarkStartWorkers in goroutine 1
	/-S/contrib/go/_std_1.21/src/runtime/mgc.go:1217 +0x1c

goroutine 71 [GC worker (idle), 59 minutes]:
runtime.gopark(0x0?, 0x0?, 0x0?, 0x0?, 0x0?)
	/-S/contrib/go/_std_1.21/src/runtime/proc.go:398 +0xce fp=0xc000586750 sp=0xc000586730 pc=0x109ed6e
runtime.gcBgMarkWorker()
	/-S/contrib/go/_std_1.21/src/runtime/mgc.go:1293 +0xe5 fp=0xc0005867e0 sp=0xc000586750 pc=0x107fd25
runtime.goexit()
	/-S/contrib/go/_std_1.21/src/runtime/asm_amd64.s:1650 +0x1 fp=0xc0005867e8 sp=0xc0005867e0 pc=0x10d2021
created by runtime.gcBgMarkStartWorkers in goroutine 1
	/-S/contrib/go/_std_1.21/src/runtime/mgc.go:1217 +0x1c

goroutine 29 [GC worker (idle), 59 minutes]:
runtime.gopark(0x0?, 0x0?, 0x0?, 0x0?, 0x0?)
	/-S/contrib/go/_std_1.21/src/runtime/proc.go:398 +0xce fp=0xc00050bf50 sp=0xc00050bf30 pc=0x109ed6e
runtime.gcBgMarkWorker()
	/-S/contrib/go/_std_1.21/src/runtime/mgc.go:1293 +0xe5 fp=0xc00050bfe0 sp=0xc00050bf50 pc=0x107fd25
runtime.goexit()
	/-S/contrib/go/_std_1.21/src/runtime/asm_amd64.s:1650 +0x1 fp=0xc00050bfe8 sp=0xc00050bfe0 pc=0x10d2021
created by runtime.gcBgMarkStartWorkers in goroutine 1
	/-S/contrib/go/_std_1.21/src/runtime/mgc.go:1217 +0x1c

goroutine 72 [GC worker (idle), 59 minutes]:
runtime.gopark(0x0?, 0x0?, 0x0?, 0x0?, 0x0?)
	/-S/contrib/go/_std_1.21/src/runtime/proc.go:398 +0xce fp=0xc000586f50 sp=0xc000586f30 pc=0x109ed6e
runtime.gcBgMarkWorker()
	/-S/contrib/go/_std_1.21/src/runtime/mgc.go:1293 +0xe5 fp=0xc000586fe0 sp=0xc000586f50 pc=0x107fd25
runtime.goexit()
	/-S/contrib/go/_std_1.21/src/runtime/asm_amd64.s:1650 +0x1 fp=0xc000586fe8 sp=0xc000586fe0 pc=0x10d2021
created by runtime.gcBgMarkStartWorkers in goroutine 1
	/-S/contrib/go/_std_1.21/src/runtime/mgc.go:1217 +0x1c

goroutine 55 [GC worker (idle), 59 minutes]:
runtime.gopark(0x0?, 0x0?, 0x0?, 0x0?, 0x0?)
	/-S/contrib/go/_std_1.21/src/runtime/proc.go:398 +0xce fp=0xc00058af50 sp=0xc00058af30 pc=0x109ed6e
runtime.gcBgMarkWorker()
	/-S/contrib/go/_std_1.21/src/runtime/mgc.go:1293 +0xe5 fp=0xc00058afe0 sp=0xc00058af50 pc=0x107fd25
runtime.goexit()
	/-S/contrib/go/_std_1.21/src/runtime/asm_amd64.s:1650 +0x1 fp=0xc00058afe8 sp=0xc00058afe0 pc=0x10d2021
created by runtime.gcBgMarkStartWorkers in goroutine 1
	/-S/contrib/go/_std_1.21/src/runtime/mgc.go:1217 +0x1c

goroutine 30 [GC worker (idle), 59 minutes]:
runtime.gopark(0x0?, 0x0?, 0x0?, 0x0?, 0x0?)
	/-S/contrib/go/_std_1.21/src/runtime/proc.go:398 +0xce fp=0xc00050c750 sp=0xc00050c730 pc=0x109ed6e
runtime.gcBgMarkWorker()
	/-S/contrib/go/_std_1.21/src/runtime/mgc.go:1293 +0xe5 fp=0xc00050c7e0 sp=0xc00050c750 pc=0x107fd25
runtime.goexit()
	/-S/contrib/go/_std_1.21/src/runtime/asm_amd64.s:1650 +0x1 fp=0xc00050c7e8 sp=0xc00050c7e0 pc=0x10d2021
created by runtime.gcBgMarkStartWorkers in goroutine 1
	/-S/contrib/go/_std_1.21/src/runtime/mgc.go:1217 +0x1c

goroutine 73 [GC worker (idle), 59 minutes]:
runtime.gopark(0x0?, 0x0?, 0x0?, 0x0?, 0x0?)
	/-S/contrib/go/_std_1.21/src/runtime/proc.go:398 +0xce fp=0xc000587750 sp=0xc000587730 pc=0x109ed6e
runtime.gcBgMarkWorker()
	/-S/contrib/go/_std_1.21/src/runtime/mgc.go:1293 +0xe5 fp=0xc0005877e0 sp=0xc000587750 pc=0x107fd25
runtime.goexit()
	/-S/contrib/go/_std_1.21/src/runtime/asm_amd64.s:1650 +0x1 fp=0xc0005877e8 sp=0xc0005877e0 pc=0x10d2021
created by runtime.gcBgMarkStartWorkers in goroutine 1
	/-S/contrib/go/_std_1.21/src/runtime/mgc.go:1217 +0x1c

goroutine 74 [GC worker (idle), 59 minutes]:
runtime.gopark(0x0?, 0x0?, 0x0?, 0x0?, 0x0?)
	/-S/contrib/go/_std_1.21/src/runtime/proc.go:398 +0xce fp=0xc000587f50 sp=0xc000587f30 pc=0x109ed6e
runtime.gcBgMarkWorker()
	/-S/contrib/go/_std_1.21/src/runtime/mgc.go:1293 +0xe5 fp=0xc000587fe0 sp=0xc000587f50 pc=0x107fd25
runtime.goexit()
	/-S/contrib/go/_std_1.21/src/runtime/asm_amd64.s:1650 +0x1 fp=0xc000587fe8 sp=0xc000587fe0 pc=0x10d2021
created by runtime.gcBgMarkStartWorkers in goroutine 1
	/-S/contrib/go/_std_1.21/src/runtime/mgc.go:1217 +0x1c

goroutine 56 [GC worker (idle), 59 minutes]:
runtime.gopark(0x0?, 0x0?, 0x0?, 0x0?, 0x0?)
	/-S/contrib/go/_std_1.21/src/runtime/proc.go:398 +0xce fp=0xc00058b750 sp=0xc00058b730 pc=0x109ed6e
runtime.gcBgMarkWorker()
	/-S/contrib/go/_std_1.21/src/runtime/mgc.go:1293 +0xe5 fp=0xc00058b7e0 sp=0xc00058b750 pc=0x107fd25
runtime.goexit()
	/-S/contrib/go/_std_1.21/src/runtime/asm_amd64.s:1650 +0x1 fp=0xc00058b7e8 sp=0xc00058b7e0 pc=0x10d2021
created by runtime.gcBgMarkStartWorkers in goroutine 1
	/-S/contrib/go/_std_1.21/src/runtime/mgc.go:1217 +0x1c

goroutine 38 [GC worker (idle), 59 minutes]:
runtime.gopark(0x0?, 0x0?, 0x0?, 0x0?, 0x0?)
	/-S/contrib/go/_std_1.21/src/runtime/proc.go:398 +0xce fp=0xc000194750 sp=0xc000194730 pc=0x109ed6e
runtime.gcBgMarkWorker()
	/-S/contrib/go/_std_1.21/src/runtime/mgc.go:1293 +0xe5 fp=0xc0001947e0 sp=0xc000194750 pc=0x107fd25
runtime.goexit()
	/-S/contrib/go/_std_1.21/src/runtime/asm_amd64.s:1650 +0x1 fp=0xc0001947e8 sp=0xc0001947e0 pc=0x10d2021
created by runtime.gcBgMarkStartWorkers in goroutine 1
	/-S/contrib/go/_std_1.21/src/runtime/mgc.go:1217 +0x1c

goroutine 31 [GC worker (idle)]:
runtime.gopark(0x9c07fd90921?, 0x1?, 0xe2?, 0xc?, 0x0?)
	/-S/contrib/go/_std_1.21/src/runtime/proc.go:398 +0xce fp=0xc00050cf50 sp=0xc00050cf30 pc=0x109ed6e
runtime.gcBgMarkWorker()
	/-S/contrib/go/_std_1.21/src/runtime/mgc.go:1293 +0xe5 fp=0xc00050cfe0 sp=0xc00050cf50 pc=0x107fd25
runtime.goexit()
	/-S/contrib/go/_std_1.21/src/runtime/asm_amd64.s:1650 +0x1 fp=0xc00050cfe8 sp=0xc00050cfe0 pc=0x10d2021
created by runtime.gcBgMarkStartWorkers in goroutine 1
	/-S/contrib/go/_std_1.21/src/runtime/mgc.go:1217 +0x1c

goroutine 75 [GC worker (idle), 3 minutes]:
runtime.gopark(0x1adc420?, 0x1?, 0x11?, 0x6f?, 0x0?)
	/-S/contrib/go/_std_1.21/src/runtime/proc.go:398 +0xce fp=0xc000506750 sp=0xc000506730 pc=0x109ed6e
runtime.gcBgMarkWorker()
	/-S/contrib/go/_std_1.21/src/runtime/mgc.go:1293 +0xe5 fp=0xc0005067e0 sp=0xc000506750 pc=0x107fd25
runtime.goexit()
	/-S/contrib/go/_std_1.21/src/runtime/asm_amd64.s:1650 +0x1 fp=0xc0005067e8 sp=0xc0005067e0 pc=0x10d2021
created by runtime.gcBgMarkStartWorkers in goroutine 1
	/-S/contrib/go/_std_1.21/src/runtime/mgc.go:1217 +0x1c

goroutine 76 [GC worker (idle)]:
runtime.gopark(0x9c07fd80cd9?, 0x1?, 0xcc?, 0x9?, 0x0?)
	/-S/contrib/go/_std_1.21/src/runtime/proc.go:398 +0xce fp=0xc000506f50 sp=0xc000506f30 pc=0x109ed6e
runtime.gcBgMarkWorker()
	/-S/contrib/go/_std_1.21/src/runtime/mgc.go:1293 +0xe5 fp=0xc000506fe0 sp=0xc000506f50 pc=0x107fd25
runtime.goexit()
	/-S/contrib/go/_std_1.21/src/runtime/asm_amd64.s:1650 +0x1 fp=0xc000506fe8 sp=0xc000506fe0 pc=0x10d2021
created by runtime.gcBgMarkStartWorkers in goroutine 1
	/-S/contrib/go/_std_1.21/src/runtime/mgc.go:1217 +0x1c

goroutine 57 [GC worker (idle)]:
runtime.gopark(0x9c07fd912d3?, 0x1?, 0x44?, 0x32?, 0x0?)
	/-S/contrib/go/_std_1.21/src/runtime/proc.go:398 +0xce fp=0xc00058bf50 sp=0xc00058bf30 pc=0x109ed6e
runtime.gcBgMarkWorker()
	/-S/contrib/go/_std_1.21/src/runtime/mgc.go:1293 +0xe5 fp=0xc00058bfe0 sp=0xc00058bf50 pc=0x107fd25
runtime.goexit()
	/-S/contrib/go/_std_1.21/src/runtime/asm_amd64.s:1650 +0x1 fp=0xc00058bfe8 sp=0xc00058bfe0 pc=0x10d2021
created by runtime.gcBgMarkStartWorkers in goroutine 1
	/-S/contrib/go/_std_1.21/src/runtime/mgc.go:1217 +0x1c

goroutine 39 [GC worker (idle)]:
runtime.gopark(0x1adc420?, 0x1?, 0x85?, 0xb3?, 0x0?)
	/-S/contrib/go/_std_1.21/src/runtime/proc.go:398 +0xce fp=0xc000194f50 sp=0xc000194f30 pc=0x109ed6e
runtime.gcBgMarkWorker()
	/-S/contrib/go/_std_1.21/src/runtime/mgc.go:1293 +0xe5 fp=0xc000194fe0 sp=0xc000194f50 pc=0x107fd25
runtime.goexit()
	/-S/contrib/go/_std_1.21/src/runtime/asm_amd64.s:1650 +0x1 fp=0xc000194fe8 sp=0xc000194fe0 pc=0x10d2021
created by runtime.gcBgMarkStartWorkers in goroutine 1
	/-S/contrib/go/_std_1.21/src/runtime/mgc.go:1217 +0x1c

goroutine 32 [GC worker (idle), 3 minutes]:
runtime.gopark(0x1adc420?, 0x1?, 0x78?, 0xc8?, 0x0?)
	/-S/contrib/go/_std_1.21/src/runtime/proc.go:398 +0xce fp=0xc00050d750 sp=0xc00050d730 pc=0x109ed6e
runtime.gcBgMarkWorker()
	/-S/contrib/go/_std_1.21/src/runtime/mgc.go:1293 +0xe5 fp=0xc00050d7e0 sp=0xc00050d750 pc=0x107fd25
runtime.goexit()
	/-S/contrib/go/_std_1.21/src/runtime/asm_amd64.s:1650 +0x1 fp=0xc00050d7e8 sp=0xc00050d7e0 pc=0x10d2021
created by runtime.gcBgMarkStartWorkers in goroutine 1
	/-S/contrib/go/_std_1.21/src/runtime/mgc.go:1217 +0x1c

goroutine 33 [GC worker (idle)]:
runtime.gopark(0x9c07fd919a0?, 0x1?, 0xcc?, 0x4e?, 0x0?)
	/-S/contrib/go/_std_1.21/src/runtime/proc.go:398 +0xce fp=0xc00050df50 sp=0xc00050df30 pc=0x109ed6e
runtime.gcBgMarkWorker()
	/-S/contrib/go/_std_1.21/src/runtime/mgc.go:1293 +0xe5 fp=0xc00050dfe0 sp=0xc00050df50 pc=0x107fd25
runtime.goexit()
	/-S/contrib/go/_std_1.21/src/runtime/asm_amd64.s:1650 +0x1 fp=0xc00050dfe8 sp=0xc00050dfe0 pc=0x10d2021
created by runtime.gcBgMarkStartWorkers in goroutine 1
	/-S/contrib/go/_std_1.21/src/runtime/mgc.go:1217 +0x1c

goroutine 82 [GC worker (idle)]:
runtime.gopark(0x543e80?, 0xc00004e920?, 0x1a?, 0x14?, 0x0?)
	/-S/contrib/go/_std_1.21/src/runtime/proc.go:398 +0xce fp=0xc000512750 sp=0xc000512730 pc=0x109ed6e
runtime.gcBgMarkWorker()
	/-S/contrib/go/_std_1.21/src/runtime/mgc.go:1293 +0xe5 fp=0xc0005127e0 sp=0xc000512750 pc=0x107fd25
runtime.goexit()
	/-S/contrib/go/_std_1.21/src/runtime/asm_amd64.s:1650 +0x1 fp=0xc0005127e8 sp=0xc0005127e0 pc=0x10d2021
created by runtime.gcBgMarkStartWorkers in goroutine 1
	/-S/contrib/go/_std_1.21/src/runtime/mgc.go:1217 +0x1c

goroutine 77 [GC worker (idle)]:
runtime.gopark(0x1adc420?, 0x1?, 0x90?, 0x7f?, 0x0?)
	/-S/contrib/go/_std_1.21/src/runtime/proc.go:398 +0xce fp=0xc000507750 sp=0xc000507730 pc=0x109ed6e
runtime.gcBgMarkWorker()
	/-S/contrib/go/_std_1.21/src/runtime/mgc.go:1293 +0xe5 fp=0xc0005077e0 sp=0xc000507750 pc=0x107fd25
runtime.goexit()
	/-S/contrib/go/_std_1.21/src/runtime/asm_amd64.s:1650 +0x1 fp=0xc0005077e8 sp=0xc0005077e0 pc=0x10d2021
created by runtime.gcBgMarkStartWorkers in goroutine 1
	/-S/contrib/go/_std_1.21/src/runtime/mgc.go:1217 +0x1c

goroutine 83 [GC worker (idle)]:
runtime.gopark(0x9c07fd91bae?, 0x1?, 0x7d?, 0x5f?, 0x0?)
	/-S/contrib/go/_std_1.21/src/runtime/proc.go:398 +0xce fp=0xc000512f50 sp=0xc000512f30 pc=0x109ed6e
runtime.gcBgMarkWorker()
	/-S/contrib/go/_std_1.21/src/runtime/mgc.go:1293 +0xe5 fp=0xc000512fe0 sp=0xc000512f50 pc=0x107fd25
runtime.goexit()
	/-S/contrib/go/_std_1.21/src/runtime/asm_amd64.s:1650 +0x1 fp=0xc000512fe8 sp=0xc000512fe0 pc=0x10d2021
created by runtime.gcBgMarkStartWorkers in goroutine 1
	/-S/contrib/go/_std_1.21/src/runtime/mgc.go:1217 +0x1c

goroutine 84 [GC worker (idle)]:
runtime.gopark(0x1adc420?, 0x1?, 0xa3?, 0xe4?, 0x0?)
	/-S/contrib/go/_std_1.21/src/runtime/proc.go:398 +0xce fp=0xc000513750 sp=0xc000513730 pc=0x109ed6e
runtime.gcBgMarkWorker()
	/-S/contrib/go/_std_1.21/src/runtime/mgc.go:1293 +0xe5 fp=0xc0005137e0 sp=0xc000513750 pc=0x107fd25
runtime.goexit()
	/-S/contrib/go/_std_1.21/src/runtime/asm_amd64.s:1650 +0x1 fp=0xc0005137e8 sp=0xc0005137e0 pc=0x10d2021
created by runtime.gcBgMarkStartWorkers in goroutine 1
	/-S/contrib/go/_std_1.21/src/runtime/mgc.go:1217 +0x1c

goroutine 85 [GC worker (idle)]:
runtime.gopark(0x1adc420?, 0x1?, 0xae?, 0x69?, 0x0?)
	/-S/contrib/go/_std_1.21/src/runtime/proc.go:398 +0xce fp=0xc000513f50 sp=0xc000513f30 pc=0x109ed6e
runtime.gcBgMarkWorker()
	/-S/contrib/go/_std_1.21/src/runtime/mgc.go:1293 +0xe5 fp=0xc000513fe0 sp=0xc000513f50 pc=0x107fd25
runtime.goexit()
	/-S/contrib/go/_std_1.21/src/runtime/asm_amd64.s:1650 +0x1 fp=0xc000513fe8 sp=0xc000513fe0 pc=0x10d2021
created by runtime.gcBgMarkStartWorkers in goroutine 1
	/-S/contrib/go/_std_1.21/src/runtime/mgc.go:1217 +0x1c

goroutine 86 [GC worker (idle)]:
runtime.gopark(0x9c07fd88232?, 0x1?, 0x7a?, 0xc1?, 0x0?)
	/-S/contrib/go/_std_1.21/src/runtime/proc.go:398 +0xce fp=0xc000514750 sp=0xc000514730 pc=0x109ed6e
runtime.gcBgMarkWorker()
	/-S/contrib/go/_std_1.21/src/runtime/mgc.go:1293 +0xe5 fp=0xc0005147e0 sp=0xc000514750 pc=0x107fd25
runtime.goexit()
	/-S/contrib/go/_std_1.21/src/runtime/asm_amd64.s:1650 +0x1 fp=0xc0005147e8 sp=0xc0005147e0 pc=0x10d2021
created by runtime.gcBgMarkStartWorkers in goroutine 1
	/-S/contrib/go/_std_1.21/src/runtime/mgc.go:1217 +0x1c

goroutine 78 [GC worker (idle)]:
runtime.gopark(0x1adc420?, 0x1?, 0x0?, 0x95?, 0x0?)
	/-S/contrib/go/_std_1.21/src/runtime/proc.go:398 +0xce fp=0xc000507f50 sp=0xc000507f30 pc=0x109ed6e
runtime.gcBgMarkWorker()
	/-S/contrib/go/_std_1.21/src/runtime/mgc.go:1293 +0xe5 fp=0xc000507fe0 sp=0xc000507f50 pc=0x107fd25
runtime.goexit()
	/-S/contrib/go/_std_1.21/src/runtime/asm_amd64.s:1650 +0x1 fp=0xc000507fe8 sp=0xc000507fe0 pc=0x10d2021
created by runtime.gcBgMarkStartWorkers in goroutine 1
	/-S/contrib/go/_std_1.21/src/runtime/mgc.go:1217 +0x1c

goroutine 87 [GC worker (idle), 3 minutes]:
runtime.gopark(0x1adc420?, 0x1?, 0x32?, 0xbb?, 0x0?)
	/-S/contrib/go/_std_1.21/src/runtime/proc.go:398 +0xce fp=0xc000514f50 sp=0xc000514f30 pc=0x109ed6e
runtime.gcBgMarkWorker()
	/-S/contrib/go/_std_1.21/src/runtime/mgc.go:1293 +0xe5 fp=0xc000514fe0 sp=0xc000514f50 pc=0x107fd25
runtime.goexit()
	/-S/contrib/go/_std_1.21/src/runtime/asm_amd64.s:1650 +0x1 fp=0xc000514fe8 sp=0xc000514fe0 pc=0x10d2021
created by runtime.gcBgMarkStartWorkers in goroutine 1
	/-S/contrib/go/_std_1.21/src/runtime/mgc.go:1217 +0x1c

goroutine 3430 [select]:
runtime.gopark(0xc0005abb18?, 0x2?, 0x0?, 0x83?, 0xc0005abb04?)
	/-S/contrib/go/_std_1.21/src/runtime/proc.go:398 +0xce fp=0xc0005ab9a0 sp=0xc0005ab980 pc=0x109ed6e
runtime.selectgo(0xc0005abb18, 0xc0005abb00, 0x505feb?, 0x0, 0xc0000ffac0?, 0x1)
	/-S/contrib/go/_std_1.21/src/runtime/select.go:327 +0x725 fp=0xc0005abac0 sp=0xc0005ab9a0 pc=0x10af265
github.com/grpc-ecosystem/go-grpc-middleware/retry.waitRetryBackoff(0x39d, {0x887e98, 0xc000320bd0}, 0x23?)
	/-S/vendor/github.com/grpc-ecosystem/go-grpc-middleware/retry/retry.go:261 +0x185 fp=0xc0005abb48 sp=0xc0005abac0 pc=0x19f13a5
github.com/grpc-ecosystem/go-grpc-middleware/retry.UnaryClientInterceptor.func1({0x887e98, 0xc000320bd0}, {0x519376, 0x36}, {0x48d0c0, 0xc000505780}, {0x48cd00, 0xc00089ab40}, 0x7f03871f99f8?, 0x5446a0, ...)
	/-S/vendor/github.com/grpc-ecosystem/go-grpc-middleware/retry/retry.go:40 +0x4b8 fp=0xc0005abc68 sp=0xc0005abb48 pc=0x19f0df8
google.golang.org/grpc.(*ClientConn).Invoke(0xc000181000, {0x887e98, 0xc000320bd0}, {0x519376, 0x36}, {0x48d0c0, 0xc000505780}, {0x48cd00, 0xc00089ab40}, {0x0, ...})
	/-S/vendor/google.golang.org/grpc/call.go:40 +0x23c fp=0xc0005abd30 sp=0xc0005abc68 pc=0x153f5dc
github.com/ydb-platform/nbs/cloud/disk_manager/api/yandex/cloud/priv/disk_manager/v1.(*imageServiceClient).Create(0xc0005f5240, {0x887e98, 0xc000320bd0}, 0x10718a5?, {0x0, 0x0, 0x0})
	/-B/cloud/disk_manager/api/yandex/cloud/priv/disk_manager/v1/image_service.pb.go:789 +0xc8 fp=0xc0005abdb0 sp=0xc0005abd30 pc=0x1571e48
github.com/ydb-platform/nbs/cloud/disk_manager/pkg/client.(*client).CreateImage(0x882e38?, {0x887e98?, 0xc000320bd0?}, 0x0?)
	/-S/cloud/disk_manager/pkg/client/client.go:173 +0x2e fp=0xc0005abdf8 sp=0xc0005abdb0 pc=0x19f38ee
github.com/ydb-platform/nbs/cloud/disk_manager/internal/pkg/facade_test.testCreateImageFromURL(0xc000285ba0, {0xc000046378, 0x16}, 0x7000000, 0x1a3a000?)
	/-S/cloud/disk_manager/internal/pkg/facade/image_service_test/image_service_test.go:411 +0x252 fp=0xc0005abf00 sp=0xc0005abdf8 pc=0x19fa9f2
github.com/ydb-platform/nbs/cloud/disk_manager/internal/pkg/facade_test.testCreateQCOW2ImageFromURL(0x10f574f?)
	/-S/cloud/disk_manager/internal/pkg/facade/image_service_test/image_service_test.go:475 +0x56 fp=0xc0005abf58 sp=0xc0005abf00 pc=0x19fb036
github.com/ydb-platform/nbs/cloud/disk_manager/internal/pkg/facade_test.TestImageServiceCreateQCOW2ImageFromURL(0xf?)
	/-S/cloud/disk_manager/internal/pkg/facade/image_service_test/image_service_test.go:541 +0x13 fp=0xc0005abf70 sp=0xc0005abf58 pc=0x19fb533
testing.tRunner(0xc000285ba0, 0x543c20)
	/-S/contrib/go/_std_1.21/src/testing/testing.go:1595 +0xff fp=0xc0005abfc0 sp=0xc0005abf70 pc=0x1187f3f
testing.(*T).Run.func1()
	/-S/contrib/go/_std_1.21/src/testing/testing.go:1648 +0x25 fp=0xc0005abfe0 sp=0xc0005abfc0 pc=0x1188ec5
runtime.goexit()
	/-S/contrib/go/_std_1.21/src/runtime/asm_amd64.s:1650 +0x1 fp=0xc0005abfe8 sp=0xc0005abfe0 pc=0x10d2021
created by testing.(*T).Run in goroutine 1
	/-S/contrib/go/_std_1.21/src/testing/testing.go:1648 +0x3ad

goroutine 3432 [select, 15 minutes]:
runtime.gopark(0xc000b0df80?, 0x2?, 0x3?, 0x0?, 0xc000b0df44?)
	/-S/contrib/go/_std_1.21/src/runtime/proc.go:398 +0xce fp=0xc000b0ddd0 sp=0xc000b0ddb0 pc=0x109ed6e
runtime.selectgo(0xc000b0df80, 0xc000b0df40, 0x0?, 0x0, 0xc000648748?, 0x1)
	/-S/contrib/go/_std_1.21/src/runtime/select.go:327 +0x725 fp=0xc000b0def0 sp=0xc000b0ddd0 pc=0x10af265
google.golang.org/grpc/internal/grpcsync.(*CallbackSerializer).run(0xc000984720, {0x887ed0, 0xc00092cd70})
	/-S/vendor/google.golang.org/grpc/internal/grpcsync/callback_serializer.go:83 +0x112 fp=0xc000b0dfb8 sp=0xc000b0def0 pc=0x1424732
google.golang.org/grpc/internal/grpcsync.NewCallbackSerializer.func1()
	/-S/vendor/google.golang.org/grpc/internal/grpcsync/callback_serializer.go:55 +0x28 fp=0xc000b0dfe0 sp=0xc000b0dfb8 pc=0x1424468
runtime.goexit()
	/-S/contrib/go/_std_1.21/src/runtime/asm_amd64.s:1650 +0x1 fp=0xc000b0dfe8 sp=0xc000b0dfe0 pc=0x10d2021
created by google.golang.org/grpc/internal/grpcsync.NewCallbackSerializer in goroutine 3430
	/-S/vendor/google.golang.org/grpc/internal/grpcsync/callback_serializer.go:55 +0x129

goroutine 3431 [select]:
runtime.gopark(0xc000b0bf80?, 0x2?, 0x3?, 0x0?, 0xc000b0bf44?)
	/-S/contrib/go/_std_1.21/src/runtime/proc.go:398 +0xce fp=0xc000b0bdd0 sp=0xc000b0bdb0 pc=0x109ed6e
runtime.selectgo(0xc000b0bf80, 0xc000b0bf40, 0x0?, 0x0, 0xc000694748?, 0x1)
	/-S/contrib/go/_std_1.21/src/runtime/select.go:327 +0x725 fp=0xc000b0bef0 sp=0xc000b0bdd0 pc=0x10af265
google.golang.org/grpc/internal/grpcsync.(*CallbackSerializer).run(0xc0009846c0, {0x887ed0, 0xc00092cd20})
	/-S/vendor/google.golang.org/grpc/internal/grpcsync/callback_serializer.go:83 +0x112 fp=0xc000b0bfb8 sp=0xc000b0bef0 pc=0x1424732
google.golang.org/grpc/internal/grpcsync.NewCallbackSerializer.func1()
	/-S/vendor/google.golang.org/grpc/internal/grpcsync/callback_serializer.go:55 +0x28 fp=0xc000b0bfe0 sp=0xc000b0bfb8 pc=0x1424468
runtime.goexit()
	/-S/contrib/go/_std_1.21/src/runtime/asm_amd64.s:1650 +0x1 fp=0xc000b0bfe8 sp=0xc000b0bfe0 pc=0x10d2021
created by google.golang.org/grpc/internal/grpcsync.NewCallbackSerializer in goroutine 3430
	/-S/vendor/google.golang.org/grpc/internal/grpcsync/callback_serializer.go:55 +0x129

goroutine 4365 [select]:
runtime.gopark(0xc0005adf38?, 0x3?, 0x60?, 0x40?, 0xc0005adef2?)
	/-S/contrib/go/_std_1.21/src/runtime/proc.go:398 +0xce fp=0xc0005add40 sp=0xc0005add20 pc=0x109ed6e
runtime.selectgo(0xc0005adf38, 0xc0005adeec, 0x877400?, 0x0, 0x1?, 0x1)
	/-S/contrib/go/_std_1.21/src/runtime/select.go:327 +0x725 fp=0xc0005ade60 sp=0xc0005add40 pc=0x10af265
google.golang.org/grpc.(*addrConn).resetTransport(0xc0002d82c0)
	/-S/vendor/google.golang.org/grpc/clientconn.go:1352 +0x3a9 fp=0xc0005adf78 sp=0xc0005ade60 pc=0x1546529
google.golang.org/grpc.(*addrConn).connect(0xc0002d82c0)
	/-S/vendor/google.golang.org/grpc/clientconn.go:978 +0x99 fp=0xc0005adfc8 sp=0xc0005adf78 pc=0x15445d9
google.golang.org/grpc.(*acBalancerWrapper).Connect.func1()
	/-S/vendor/google.golang.org/grpc/balancer_conn_wrappers.go:398 +0x25 fp=0xc0005adfe0 sp=0xc0005adfc8 pc=0x153ebc5
runtime.goexit()
	/-S/contrib/go/_std_1.21/src/runtime/asm_amd64.s:1650 +0x1 fp=0xc0005adfe8 sp=0xc0005adfe0 pc=0x10d2021
created by google.golang.org/grpc.(*acBalancerWrapper).Connect in goroutine 3431
	/-S/vendor/google.golang.org/grpc/balancer_conn_wrappers.go:398 +0x56
Chunk exceeded 3600s timeout and was killed
List of the tests involved in the launch:
image_service_nemesis_test::TestImageServiceCreateQCOW2PanicImageFromURL (fail) duration: 1668.84s
image_service_nemesis_test::TestImageServiceCreateRawImageFromURL (fail) duration: 1002.67s
image_service_nemesis_test::TestImageServiceCreateQCOW2ImageFromURL (timeout) duration: 927.89s
image_service_nemesis_test::TestImageServiceCreateQCOW2ImageFromURLWhichIsOverwrittenInProcess test was not launched inside chunk.
RecipeTearDownError: recipe-2 failed
Stderr tail:serWarning: Global allow truncated response is deprecated behaviour.
Traceback (most recent call last):
  File &quot;contrib/tools/python3/src/Lib/runpy.py&quot;, line 198, in _run_module_as_main
    return _run_code(code, main_globals, None,
           ^^^^^^^^^^^^^^^^^^^^^^^^^^^^^^^^^^^
  File &quot;contrib/tools/python3/src/Lib/runpy.py&quot;, line 88, in _run_code
    exec(code, run_globals)
  File &quot;cloud/disk_manager/test/recipe/__main__.py&quot;, line 232, in &amp;lt;module&amp;gt;
    declare_recipe(start, stop)
  File &quot;library/python/testing/recipe/__init__.py&quot;, line 109, in declare_recipe
    stop(argv[1:])
  File &quot;cloud/disk_manager/test/recipe/__main__.py&quot;, line 227, in stop
    YDBLauncher.stop()
  File &quot;cloud/disk_manager/test/recipe/ydb_launcher.py&quot;, line 35, in stop
    kill_processes(SERVICE_NAME)
  File &quot;cloud/tasks/test/common/processes.py&quot;, line 53, in kill_processes
    raise e
  File &quot;cloud/tasks/test/common/processes.py&quot;, line 46, in kill_processes
    os.kill(pid, signal.SIGTERM)
ProcessLookupError: [Errno 3] No such process

logsdir:
/home/github/tmp/out/cloud/disk_manager/internal/pkg/facade/image_service_nemesis_test/test-results/image_service_nemesis_test/chunk2/testing_out_stuff
backtrace:
/home/github/tmp/out/cloud/disk_manager/internal/pkg/facade/image_service_nemesis_test/test-results/image_service_nemesis_test/chunk2/testing_out_stuff/backtrace.txt
recipe stderr:
/home/github/tmp/out/cloud/disk_manager/internal/pkg/facade/image_service_nemesis_test/test-results/image_service_nemesis_test/chunk2/testing_out_stuff/recipe_stop_recipe-2.err
recipe stdout:
/home/github/tmp/out/cloud/disk_manager/internal/pkg/facade/image_service_nemesis_test/test-results/image_service_nemesis_test/chunk2/testing_out_stuff/recipe_stop_recipe-2.out
stderr:
/home/github/tmp/out/cloud/disk_manager/internal/pkg/facade/image_service_nemesis_test/test-results/image_service_nemesis_test/chunk2/testing_out_stuff/stderr
log:
/home/github/tmp/out/cloud/disk_manager/internal/pkg/facade/image_service_nemesis_test/test-results/image_service_nemesis_test/run_test.log</failure>
		</testcase>
		<testcase name="image_service_nemesis_test.TestImageServiceCreateQCOW2ImageFromURL" time="927.8900513553622">
			<failure>Killed by timeout (3600 s)

logsdir:
/home/github/tmp/out/cloud/disk_manager/internal/pkg/facade/image_service_nemesis_test/test-results/image_service_nemesis_test/chunk2/testing_out_stuff
log:
/home/github/tmp/out/cloud/disk_manager/internal/pkg/facade/image_service_nemesis_test/test-results/image_service_nemesis_test/chunk2/testing_out_stuff/image_service_nemesis_test.TestImageServiceCreateQCOW2ImageFromURL.log</failure>
		</testcase>
		<testcase name="image_service_nemesis_test.TestImageServiceCreateQCOW2ImageFromURLWhichIsOverwrittenInProcess" time="0.0">
			<skipped>Test was not launched, because other tests have used all allotted time (3600 s)</skipped>
		</testcase>
		<testcase name="image_service_nemesis_test.TestImageServiceCreateQCOW2PanicImageFromURL" time="1668.84">
			<failure>2024-01-26T03:53:29.234Z	DEBUG	client/client.go:53	Waiting for operation d4edeebd-bc25-4303-8f69-aef8e64a3352	{&quot;SYSLOG_IDENTIFIER&quot;: &quot;disk-manager&quot;}
2024-01-26T03:54:01.302Z	DEBUG	client/client.go:76	Operation d4edeebd-bc25-4303-8f69-aef8e64a3352 finished	{&quot;SYSLOG_IDENTIFIER&quot;: &quot;disk-manager&quot;}
2024-01-26T03:54:01.430Z	DEBUG	client/client.go:53	Waiting for operation eda0e692-49b2-44de-bd13-bb33f0295c7d	{&quot;SYSLOG_IDENTIFIER&quot;: &quot;disk-manager&quot;}
    image_service_test.go:452: 
        	Error Trace:	/-S/cloud/disk_manager/internal/pkg/facade/image_service_test/image_service_test.go:452
        	            				/-S/cloud/disk_manager/internal/pkg/facade/image_service_test/image_service_test.go:498
        	Error:      	Received unexpected error:
        	            	rpc error: code = Unavailable desc = connection error: desc = &quot;transport: Error while dialing: dial tcp [::1]:13580: connect: connection refused&quot;
        	Test:       	TestImageServiceCreateQCOW2PanicImageFromURL

logsdir:
/home/github/tmp/out/cloud/disk_manager/internal/pkg/facade/image_service_nemesis_test/test-results/image_service_nemesis_test/chunk2/testing_out_stuff
log:
/home/github/tmp/out/cloud/disk_manager/internal/pkg/facade/image_service_nemesis_test/test-results/image_service_nemesis_test/chunk2/testing_out_stuff/image_service_nemesis_test.TestImageServiceCreateQCOW2PanicImageFromURL.log</failure>
		</testcase>
		<testcase name="image_service_nemesis_test.TestImageServiceCreateRawImageFromURL" time="1002.67">
			<failure>image_service_test.go:421: 
        	Error Trace:	/-S/cloud/disk_manager/internal/pkg/facade/image_service_test/image_service_test.go:421
        	            				/-S/cloud/disk_manager/internal/pkg/facade/image_service_test/image_service_test.go:466
        	            				/-S/cloud/disk_manager/internal/pkg/facade/image_service_test/image_service_test.go:537
        	Error:      	Received unexpected error:
        	            	rpc error: code = Unavailable desc = connection error: desc = &quot;transport: Error while dialing: dial tcp [::1]:13580: connect: connection refused&quot;
        	Test:       	TestImageServiceCreateRawImageFromURL

logsdir:
/home/github/tmp/out/cloud/disk_manager/internal/pkg/facade/image_service_nemesis_test/test-results/image_service_nemesis_test/chunk2/testing_out_stuff
log:
/home/github/tmp/out/cloud/disk_manager/internal/pkg/facade/image_service_nemesis_test/test-results/image_service_nemesis_test/chunk2/testing_out_stuff/image_service_nemesis_test.TestImageServiceCreateRawImageFromURL.log</failure>
		</testcase>
		<testcase name="image_service_nemesis_test.TestImageServiceDeleteImage" time="9.62"/>
		<testcase name="image_service_nemesis_test.TestImageServiceFuzzCreateQCOW2ImageFromURL" time="3.19"/>
		<testcase name="image_service_nemesis_test.TestImageServiceShouldFailCreateImageFromNonExistentFile" time="1.34"/>
		<testcase name="image_service_nemesis_test.TestImageServiceShouldFailCreateQCOW2ImageFromInvalidFile" time="3.2"/>
	</testsuite>
	<testsuite name="cloud/disk_manager/internal/pkg/facade/image_service_test" tests="1" time="0.015040159225463867" failures="0" skipped="0">
		<testcase name="image_service_test.go.gofmt" time="0.015040159225463867"/>
	</testsuite>
	<testsuite name="cloud/disk_manager/internal/pkg/facade/image_service_test" tests="16" time="3707.687966194153" failures="3" skipped="1">
		<testcase name="image_service_test.TestImageServiceCancelCreateImageFromDisk" time="1.24"/>
		<testcase name="image_service_test.TestImageServiceCancelCreateImageFromImage" time="5.8"/>
		<testcase name="image_service_test.TestImageServiceCancelCreateImageFromSnapshot" time="7.32"/>
		<testcase name="image_service_test.TestImageServiceCancelCreateImageFromURL" time="0.4"/>
		<testcase name="image_service_test.TestImageServiceCreateGeneratedVMDKImageFromURL" time="20.69"/>
		<testcase name="image_service_test.TestImageServiceCreateImageFromDisk" time="14.82"/>
		<testcase name="image_service_test.TestImageServiceCreateImageFromImage" time="17.36"/>
		<testcase name="image_service_test.TestImageServiceCreateImageFromSnapshot" time="25.86"/>
		<testcase name="[2/4] chunk chunk" time="0.0">
			<failure>Chunk exceeded timeout - dumping goroutine stacktraces
PC=0x10d3e41 m=0 sigcode=0

goroutine 0 [idle]:
runtime.futex()
	/-S/contrib/go/_std_1.21/src/runtime/sys_linux_amd64.s:557 +0x21 fp=0x7ffef5c1f578 sp=0x7ffef5c1f570 pc=0x10d3e41
runtime.futexsleep(0x0?, 0xf5c1f5f8?, 0x10aaf87?)
	/-S/contrib/go/_std_1.21/src/runtime/os_linux.go:69 +0x30 fp=0x7ffef5c1f5c8 sp=0x7ffef5c1f578 pc=0x1098130
runtime.notesleep(0x1aab268)
	/-S/contrib/go/_std_1.21/src/runtime/lock_futex.go:160 +0x87 fp=0x7ffef5c1f600 sp=0x7ffef5c1f5c8 pc=0x106fce7
runtime.mPark(...)
	/-S/contrib/go/_std_1.21/src/runtime/proc.go:1632
runtime.stopm()
	/-S/contrib/go/_std_1.21/src/runtime/proc.go:2536 +0x8c fp=0x7ffef5c1f630 sp=0x7ffef5c1f600 pc=0x10a2b0c
runtime.findRunnable()
	/-S/contrib/go/_std_1.21/src/runtime/proc.go:3229 +0xb9c fp=0x7ffef5c1f740 sp=0x7ffef5c1f630 pc=0x10a443c
runtime.schedule()
	/-S/contrib/go/_std_1.21/src/runtime/proc.go:3582 +0xb1 fp=0x7ffef5c1f778 sp=0x7ffef5c1f740 pc=0x10a5231
runtime.park_m(0xc000183380?)
	/-S/contrib/go/_std_1.21/src/runtime/proc.go:3745 +0x11f fp=0x7ffef5c1f7c0 sp=0x7ffef5c1f778 pc=0x10a573f
traceback: unexpected SPWRITE function runtime.mcall
runtime.mcall()
	/-S/contrib/go/_std_1.21/src/runtime/asm_amd64.s:458 +0x4e fp=0x7ffef5c1f7d8 sp=0x7ffef5c1f7c0 pc=0x10d002e

goroutine 1 [chan receive, 23 minutes]:
runtime.gopark(0xc0017059e8?, 0x1071525?, 0x88?, 0xf4?, 0x18?)
	/-S/contrib/go/_std_1.21/src/runtime/proc.go:398 +0xce fp=0xc001705980 sp=0xc001705960 pc=0x109ed6e
runtime.chanrecv(0xc00004a7e0, 0xc001705a67, 0x1)
	/-S/contrib/go/_std_1.21/src/runtime/chan.go:583 +0x3cd fp=0xc0017059f8 sp=0xc001705980 pc=0x106a92d
runtime.chanrecv1(0x1aa5de0?, 0x293000?)
	/-S/contrib/go/_std_1.21/src/runtime/chan.go:442 +0x12 fp=0xc001705a20 sp=0xc0017059f8 pc=0x106a532
testing.(*T).Run(0xc000581ba0, {0x507254?, 0x118781c?}, 0x543c20)
	/-S/contrib/go/_std_1.21/src/testing/testing.go:1649 +0x3c8 fp=0xc001705ae0 sp=0xc001705a20 pc=0x1188d68
testing.runTests.func1(0x1aab120?)
	/-S/contrib/go/_std_1.21/src/testing/testing.go:2054 +0x3e fp=0xc001705b30 sp=0xc001705ae0 pc=0x118ae7e
testing.tRunner(0xc000581ba0, 0xc0003bfc48)
	/-S/contrib/go/_std_1.21/src/testing/testing.go:1595 +0xff fp=0xc001705b80 sp=0xc001705b30 pc=0x1187f3f
testing.runTests(0xc00021bc20?, {0x1a1a620, 0x10, 0x10}, {0x10777ff?, 0xc0003bfd08?, 0x0?})
	/-S/contrib/go/_std_1.21/src/testing/testing.go:2052 +0x445 fp=0xc001705c78 sp=0xc001705b80 pc=0x118ad65
testing.(*M).Run(0xc00021bc20)
	/-S/contrib/go/_std_1.21/src/testing/testing.go:1925 +0x636 fp=0xc001705ec0 sp=0xc001705c78 pc=0x1189756
main.main()
	/-B/cloud/disk_manager/internal/pkg/facade/image_service_test/_test_main.go:43 +0x19c fp=0xc001705f40 sp=0xc001705ec0 pc=0x19fea7c
runtime.main()
	/-S/contrib/go/_std_1.21/src/runtime/proc.go:267 +0x2bb fp=0xc001705fe0 sp=0xc001705f40 pc=0x109e8fb
runtime.goexit()
	/-S/contrib/go/_std_1.21/src/runtime/asm_amd64.s:1650 +0x1 fp=0xc001705fe8 sp=0xc001705fe0 pc=0x10d2021

goroutine 2 [force gc (idle), 3 minutes]:
runtime.gopark(0x91b9cef4005?, 0x0?, 0x0?, 0x0?, 0x0?)
	/-S/contrib/go/_std_1.21/src/runtime/proc.go:398 +0xce fp=0xc0000f6fa8 sp=0xc0000f6f88 pc=0x109ed6e
runtime.goparkunlock(...)
	/-S/contrib/go/_std_1.21/src/runtime/proc.go:404
runtime.forcegchelper()
	/-S/contrib/go/_std_1.21/src/runtime/proc.go:322 +0xb3 fp=0xc0000f6fe0 sp=0xc0000f6fa8 pc=0x109ebd3
runtime.goexit()
	/-S/contrib/go/_std_1.21/src/runtime/asm_amd64.s:1650 +0x1 fp=0xc0000f6fe8 sp=0xc0000f6fe0 pc=0x10d2021
created by runtime.init.6 in goroutine 1
	/-S/contrib/go/_std_1.21/src/runtime/proc.go:310 +0x1a

goroutine 3 [GC sweep wait]:
runtime.gopark(0x1aa6101?, 0x1aa61c0?, 0xc?, 0x14?, 0x1?)
	/-S/contrib/go/_std_1.21/src/runtime/proc.go:398 +0xce fp=0xc0000f7778 sp=0xc0000f7758 pc=0x109ed6e
runtime.goparkunlock(...)
	/-S/contrib/go/_std_1.21/src/runtime/proc.go:404
runtime.bgsweep(0x0?)
	/-S/contrib/go/_std_1.21/src/runtime/mgcsweep.go:321 +0xdf fp=0xc0000f77c8 sp=0xc0000f7778 pc=0x108905f
runtime.gcenable.func1()
	/-S/contrib/go/_std_1.21/src/runtime/mgc.go:200 +0x25 fp=0xc0000f77e0 sp=0xc0000f77c8 pc=0x107e1a5
runtime.goexit()
	/-S/contrib/go/_std_1.21/src/runtime/asm_amd64.s:1650 +0x1 fp=0xc0000f77e8 sp=0xc0000f77e0 pc=0x10d2021
created by runtime.gcenable in goroutine 1
	/-S/contrib/go/_std_1.21/src/runtime/mgc.go:200 +0x66

goroutine 4 [GC scavenge wait]:
runtime.gopark(0xa71fb?, 0x5a57f?, 0x0?, 0x0?, 0x0?)
	/-S/contrib/go/_std_1.21/src/runtime/proc.go:398 +0xce fp=0xc0000f7f70 sp=0xc0000f7f50 pc=0x109ed6e
runtime.goparkunlock(...)
	/-S/contrib/go/_std_1.21/src/runtime/proc.go:404
runtime.(*scavengerState).park(0x1aaa3e0)
	/-S/contrib/go/_std_1.21/src/runtime/mgcscavenge.go:425 +0x49 fp=0xc0000f7fa0 sp=0xc0000f7f70 pc=0x10868a9
runtime.bgscavenge(0x0?)
	/-S/contrib/go/_std_1.21/src/runtime/mgcscavenge.go:658 +0x59 fp=0xc0000f7fc8 sp=0xc0000f7fa0 pc=0x1086e59
runtime.gcenable.func2()
	/-S/contrib/go/_std_1.21/src/runtime/mgc.go:201 +0x25 fp=0xc0000f7fe0 sp=0xc0000f7fc8 pc=0x107e145
runtime.goexit()
	/-S/contrib/go/_std_1.21/src/runtime/asm_amd64.s:1650 +0x1 fp=0xc0000f7fe8 sp=0xc0000f7fe0 pc=0x10d2021
created by runtime.gcenable in goroutine 1
	/-S/contrib/go/_std_1.21/src/runtime/mgc.go:201 +0xa5

goroutine 5 [finalizer wait, 21 minutes]:
runtime.gopark(0x0?, 0xc0006760c0?, 0x0?, 0x40?, 0x1000000010?)
	/-S/contrib/go/_std_1.21/src/runtime/proc.go:398 +0xce fp=0xc0000f6628 sp=0xc0000f6608 pc=0x109ed6e
runtime.runfinq()
	/-S/contrib/go/_std_1.21/src/runtime/mfinal.go:193 +0x107 fp=0xc0000f67e0 sp=0xc0000f6628 pc=0x107d227
runtime.goexit()
	/-S/contrib/go/_std_1.21/src/runtime/asm_amd64.s:1650 +0x1 fp=0xc0000f67e8 sp=0xc0000f67e0 pc=0x10d2021
created by runtime.createfing in goroutine 1
	/-S/contrib/go/_std_1.21/src/runtime/mfinal.go:163 +0x3d

goroutine 6 [GC worker (idle), 59 minutes]:
runtime.gopark(0x0?, 0x0?, 0x0?, 0x0?, 0x0?)
	/-S/contrib/go/_std_1.21/src/runtime/proc.go:398 +0xce fp=0xc0000f8750 sp=0xc0000f8730 pc=0x109ed6e
runtime.gcBgMarkWorker()
	/-S/contrib/go/_std_1.21/src/runtime/mgc.go:1293 +0xe5 fp=0xc0000f87e0 sp=0xc0000f8750 pc=0x107fd25
runtime.goexit()
	/-S/contrib/go/_std_1.21/src/runtime/asm_amd64.s:1650 +0x1 fp=0xc0000f87e8 sp=0xc0000f87e0 pc=0x10d2021
created by runtime.gcBgMarkStartWorkers in goroutine 1
	/-S/contrib/go/_std_1.21/src/runtime/mgc.go:1217 +0x1c

goroutine 18 [GC worker (idle), 59 minutes]:
runtime.gopark(0x0?, 0x0?, 0x0?, 0x0?, 0x0?)
	/-S/contrib/go/_std_1.21/src/runtime/proc.go:398 +0xce fp=0xc0000f2750 sp=0xc0000f2730 pc=0x109ed6e
runtime.gcBgMarkWorker()
	/-S/contrib/go/_std_1.21/src/runtime/mgc.go:1293 +0xe5 fp=0xc0000f27e0 sp=0xc0000f2750 pc=0x107fd25
runtime.goexit()
	/-S/contrib/go/_std_1.21/src/runtime/asm_amd64.s:1650 +0x1 fp=0xc0000f27e8 sp=0xc0000f27e0 pc=0x10d2021
created by runtime.gcBgMarkStartWorkers in goroutine 1
	/-S/contrib/go/_std_1.21/src/runtime/mgc.go:1217 +0x1c

goroutine 34 [GC worker (idle), 59 minutes]:
runtime.gopark(0x0?, 0x0?, 0x0?, 0x0?, 0x0?)
	/-S/contrib/go/_std_1.21/src/runtime/proc.go:398 +0xce fp=0xc000508750 sp=0xc000508730 pc=0x109ed6e
runtime.gcBgMarkWorker()
	/-S/contrib/go/_std_1.21/src/runtime/mgc.go:1293 +0xe5 fp=0xc0005087e0 sp=0xc000508750 pc=0x107fd25
runtime.goexit()
	/-S/contrib/go/_std_1.21/src/runtime/asm_amd64.s:1650 +0x1 fp=0xc0005087e8 sp=0xc0005087e0 pc=0x10d2021
created by runtime.gcBgMarkStartWorkers in goroutine 1
	/-S/contrib/go/_std_1.21/src/runtime/mgc.go:1217 +0x1c

goroutine 7 [GC worker (idle), 59 minutes]:
runtime.gopark(0x0?, 0x0?, 0x0?, 0x0?, 0x0?)
	/-S/contrib/go/_std_1.21/src/runtime/proc.go:398 +0xce fp=0xc0000f8f50 sp=0xc0000f8f30 pc=0x109ed6e
runtime.gcBgMarkWorker()
	/-S/contrib/go/_std_1.21/src/runtime/mgc.go:1293 +0xe5 fp=0xc0000f8fe0 sp=0xc0000f8f50 pc=0x107fd25
runtime.goexit()
	/-S/contrib/go/_std_1.21/src/runtime/asm_amd64.s:1650 +0x1 fp=0xc0000f8fe8 sp=0xc0000f8fe0 pc=0x10d2021
created by runtime.gcBgMarkStartWorkers in goroutine 1
	/-S/contrib/go/_std_1.21/src/runtime/mgc.go:1217 +0x1c

goroutine 8 [GC worker (idle), 59 minutes]:
runtime.gopark(0x0?, 0x0?, 0x0?, 0x0?, 0x0?)
	/-S/contrib/go/_std_1.21/src/runtime/proc.go:398 +0xce fp=0xc0000f9750 sp=0xc0000f9730 pc=0x109ed6e
runtime.gcBgMarkWorker()
	/-S/contrib/go/_std_1.21/src/runtime/mgc.go:1293 +0xe5 fp=0xc0000f97e0 sp=0xc0000f9750 pc=0x107fd25
runtime.goexit()
	/-S/contrib/go/_std_1.21/src/runtime/asm_amd64.s:1650 +0x1 fp=0xc0000f97e8 sp=0xc0000f97e0 pc=0x10d2021
created by runtime.gcBgMarkStartWorkers in goroutine 1
	/-S/contrib/go/_std_1.21/src/runtime/mgc.go:1217 +0x1c

goroutine 9 [GC worker (idle), 59 minutes]:
runtime.gopark(0x0?, 0x0?, 0x0?, 0x0?, 0x0?)
	/-S/contrib/go/_std_1.21/src/runtime/proc.go:398 +0xce fp=0xc0000f9f50 sp=0xc0000f9f30 pc=0x109ed6e
runtime.gcBgMarkWorker()
	/-S/contrib/go/_std_1.21/src/runtime/mgc.go:1293 +0xe5 fp=0xc0000f9fe0 sp=0xc0000f9f50 pc=0x107fd25
runtime.goexit()
	/-S/contrib/go/_std_1.21/src/runtime/asm_amd64.s:1650 +0x1 fp=0xc0000f9fe8 sp=0xc0000f9fe0 pc=0x10d2021
created by runtime.gcBgMarkStartWorkers in goroutine 1
	/-S/contrib/go/_std_1.21/src/runtime/mgc.go:1217 +0x1c

goroutine 19 [GC worker (idle), 59 minutes]:
runtime.gopark(0x0?, 0x0?, 0x0?, 0x0?, 0x0?)
	/-S/contrib/go/_std_1.21/src/runtime/proc.go:398 +0xce fp=0xc0000f2f50 sp=0xc0000f2f30 pc=0x109ed6e
runtime.gcBgMarkWorker()
	/-S/contrib/go/_std_1.21/src/runtime/mgc.go:1293 +0xe5 fp=0xc0000f2fe0 sp=0xc0000f2f50 pc=0x107fd25
runtime.goexit()
	/-S/contrib/go/_std_1.21/src/runtime/asm_amd64.s:1650 +0x1 fp=0xc0000f2fe8 sp=0xc0000f2fe0 pc=0x10d2021
created by runtime.gcBgMarkStartWorkers in goroutine 1
	/-S/contrib/go/_std_1.21/src/runtime/mgc.go:1217 +0x1c

goroutine 20 [GC worker (idle), 59 minutes]:
runtime.gopark(0x0?, 0x0?, 0x0?, 0x0?, 0x0?)
	/-S/contrib/go/_std_1.21/src/runtime/proc.go:398 +0xce fp=0xc0000f3750 sp=0xc0000f3730 pc=0x109ed6e
runtime.gcBgMarkWorker()
	/-S/contrib/go/_std_1.21/src/runtime/mgc.go:1293 +0xe5 fp=0xc0000f37e0 sp=0xc0000f3750 pc=0x107fd25
runtime.goexit()
	/-S/contrib/go/_std_1.21/src/runtime/asm_amd64.s:1650 +0x1 fp=0xc0000f37e8 sp=0xc0000f37e0 pc=0x10d2021
created by runtime.gcBgMarkStartWorkers in goroutine 1
	/-S/contrib/go/_std_1.21/src/runtime/mgc.go:1217 +0x1c

goroutine 35 [GC worker (idle), 59 minutes]:
runtime.gopark(0x0?, 0x0?, 0x0?, 0x0?, 0x0?)
	/-S/contrib/go/_std_1.21/src/runtime/proc.go:398 +0xce fp=0xc000508f50 sp=0xc000508f30 pc=0x109ed6e
runtime.gcBgMarkWorker()
	/-S/contrib/go/_std_1.21/src/runtime/mgc.go:1293 +0xe5 fp=0xc000508fe0 sp=0xc000508f50 pc=0x107fd25
runtime.goexit()
	/-S/contrib/go/_std_1.21/src/runtime/asm_amd64.s:1650 +0x1 fp=0xc000508fe8 sp=0xc000508fe0 pc=0x10d2021
created by runtime.gcBgMarkStartWorkers in goroutine 1
	/-S/contrib/go/_std_1.21/src/runtime/mgc.go:1217 +0x1c

goroutine 21 [GC worker (idle), 59 minutes]:
runtime.gopark(0x0?, 0x0?, 0x0?, 0x0?, 0x0?)
	/-S/contrib/go/_std_1.21/src/runtime/proc.go:398 +0xce fp=0xc0000f3f50 sp=0xc0000f3f30 pc=0x109ed6e
runtime.gcBgMarkWorker()
	/-S/contrib/go/_std_1.21/src/runtime/mgc.go:1293 +0xe5 fp=0xc0000f3fe0 sp=0xc0000f3f50 pc=0x107fd25
runtime.goexit()
	/-S/contrib/go/_std_1.21/src/runtime/asm_amd64.s:1650 +0x1 fp=0xc0000f3fe8 sp=0xc0000f3fe0 pc=0x10d2021
created by runtime.gcBgMarkStartWorkers in goroutine 1
	/-S/contrib/go/_std_1.21/src/runtime/mgc.go:1217 +0x1c

goroutine 22 [GC worker (idle), 59 minutes]:
runtime.gopark(0x0?, 0x0?, 0x0?, 0x0?, 0x0?)
	/-S/contrib/go/_std_1.21/src/runtime/proc.go:398 +0xce fp=0xc0000f4750 sp=0xc0000f4730 pc=0x109ed6e
runtime.gcBgMarkWorker()
	/-S/contrib/go/_std_1.21/src/runtime/mgc.go:1293 +0xe5 fp=0xc0000f47e0 sp=0xc0000f4750 pc=0x107fd25
runtime.goexit()
	/-S/contrib/go/_std_1.21/src/runtime/asm_amd64.s:1650 +0x1 fp=0xc0000f47e8 sp=0xc0000f47e0 pc=0x10d2021
created by runtime.gcBgMarkStartWorkers in goroutine 1
	/-S/contrib/go/_std_1.21/src/runtime/mgc.go:1217 +0x1c

goroutine 50 [GC worker (idle), 59 minutes]:
runtime.gopark(0x0?, 0x0?, 0x0?, 0x0?, 0x0?)
	/-S/contrib/go/_std_1.21/src/runtime/proc.go:398 +0xce fp=0xc000504750 sp=0xc000504730 pc=0x109ed6e
runtime.gcBgMarkWorker()
	/-S/contrib/go/_std_1.21/src/runtime/mgc.go:1293 +0xe5 fp=0xc0005047e0 sp=0xc000504750 pc=0x107fd25
runtime.goexit()
	/-S/contrib/go/_std_1.21/src/runtime/asm_amd64.s:1650 +0x1 fp=0xc0005047e8 sp=0xc0005047e0 pc=0x10d2021
created by runtime.gcBgMarkStartWorkers in goroutine 1
	/-S/contrib/go/_std_1.21/src/runtime/mgc.go:1217 +0x1c

goroutine 10 [GC worker (idle), 59 minutes]:
runtime.gopark(0x0?, 0x0?, 0x0?, 0x0?, 0x0?)
	/-S/contrib/go/_std_1.21/src/runtime/proc.go:398 +0xce fp=0xc0004de750 sp=0xc0004de730 pc=0x109ed6e
runtime.gcBgMarkWorker()
	/-S/contrib/go/_std_1.21/src/runtime/mgc.go:1293 +0xe5 fp=0xc0004de7e0 sp=0xc0004de750 pc=0x107fd25
runtime.goexit()
	/-S/contrib/go/_std_1.21/src/runtime/asm_amd64.s:1650 +0x1 fp=0xc0004de7e8 sp=0xc0004de7e0 pc=0x10d2021
created by runtime.gcBgMarkStartWorkers in goroutine 1
	/-S/contrib/go/_std_1.21/src/runtime/mgc.go:1217 +0x1c

goroutine 51 [GC worker (idle), 59 minutes]:
runtime.gopark(0x0?, 0x0?, 0x0?, 0x0?, 0x0?)
	/-S/contrib/go/_std_1.21/src/runtime/proc.go:398 +0xce fp=0xc000504f50 sp=0xc000504f30 pc=0x109ed6e
runtime.gcBgMarkWorker()
	/-S/contrib/go/_std_1.21/src/runtime/mgc.go:1293 +0xe5 fp=0xc000504fe0 sp=0xc000504f50 pc=0x107fd25
runtime.goexit()
	/-S/contrib/go/_std_1.21/src/runtime/asm_amd64.s:1650 +0x1 fp=0xc000504fe8 sp=0xc000504fe0 pc=0x10d2021
created by runtime.gcBgMarkStartWorkers in goroutine 1
	/-S/contrib/go/_std_1.21/src/runtime/mgc.go:1217 +0x1c

goroutine 23 [GC worker (idle), 59 minutes]:
runtime.gopark(0x0?, 0x0?, 0x0?, 0x0?, 0x0?)
	/-S/contrib/go/_std_1.21/src/runtime/proc.go:398 +0xce fp=0xc0000f4f50 sp=0xc0000f4f30 pc=0x109ed6e
runtime.gcBgMarkWorker()
	/-S/contrib/go/_std_1.21/src/runtime/mgc.go:1293 +0xe5 fp=0xc0000f4fe0 sp=0xc0000f4f50 pc=0x107fd25
runtime.goexit()
	/-S/contrib/go/_std_1.21/src/runtime/asm_amd64.s:1650 +0x1 fp=0xc0000f4fe8 sp=0xc0000f4fe0 pc=0x10d2021
created by runtime.gcBgMarkStartWorkers in goroutine 1
	/-S/contrib/go/_std_1.21/src/runtime/mgc.go:1217 +0x1c

goroutine 52 [GC worker (idle), 59 minutes]:
runtime.gopark(0x0?, 0x0?, 0x0?, 0x0?, 0x0?)
	/-S/contrib/go/_std_1.21/src/runtime/proc.go:398 +0xce fp=0xc000505750 sp=0xc000505730 pc=0x109ed6e
runtime.gcBgMarkWorker()
	/-S/contrib/go/_std_1.21/src/runtime/mgc.go:1293 +0xe5 fp=0xc0005057e0 sp=0xc000505750 pc=0x107fd25
runtime.goexit()
	/-S/contrib/go/_std_1.21/src/runtime/asm_amd64.s:1650 +0x1 fp=0xc0005057e8 sp=0xc0005057e0 pc=0x10d2021
created by runtime.gcBgMarkStartWorkers in goroutine 1
	/-S/contrib/go/_std_1.21/src/runtime/mgc.go:1217 +0x1c

goroutine 11 [GC worker (idle), 59 minutes]:
runtime.gopark(0x0?, 0x0?, 0x0?, 0x0?, 0x0?)
	/-S/contrib/go/_std_1.21/src/runtime/proc.go:398 +0xce fp=0xc0004def50 sp=0xc0004def30 pc=0x109ed6e
runtime.gcBgMarkWorker()
	/-S/contrib/go/_std_1.21/src/runtime/mgc.go:1293 +0xe5 fp=0xc0004defe0 sp=0xc0004def50 pc=0x107fd25
runtime.goexit()
	/-S/contrib/go/_std_1.21/src/runtime/asm_amd64.s:1650 +0x1 fp=0xc0004defe8 sp=0xc0004defe0 pc=0x10d2021
created by runtime.gcBgMarkStartWorkers in goroutine 1
	/-S/contrib/go/_std_1.21/src/runtime/mgc.go:1217 +0x1c

goroutine 53 [GC worker (idle), 59 minutes]:
runtime.gopark(0x0?, 0x0?, 0x0?, 0x0?, 0x0?)
	/-S/contrib/go/_std_1.21/src/runtime/proc.go:398 +0xce fp=0xc000505f50 sp=0xc000505f30 pc=0x109ed6e
runtime.gcBgMarkWorker()
	/-S/contrib/go/_std_1.21/src/runtime/mgc.go:1293 +0xe5 fp=0xc000505fe0 sp=0xc000505f50 pc=0x107fd25
runtime.goexit()
	/-S/contrib/go/_std_1.21/src/runtime/asm_amd64.s:1650 +0x1 fp=0xc000505fe8 sp=0xc000505fe0 pc=0x10d2021
created by runtime.gcBgMarkStartWorkers in goroutine 1
	/-S/contrib/go/_std_1.21/src/runtime/mgc.go:1217 +0x1c

goroutine 24 [GC worker (idle), 59 minutes]:
runtime.gopark(0x0?, 0x0?, 0x0?, 0x0?, 0x0?)
	/-S/contrib/go/_std_1.21/src/runtime/proc.go:398 +0xce fp=0xc0000f5750 sp=0xc0000f5730 pc=0x109ed6e
runtime.gcBgMarkWorker()
	/-S/contrib/go/_std_1.21/src/runtime/mgc.go:1293 +0xe5 fp=0xc0000f57e0 sp=0xc0000f5750 pc=0x107fd25
runtime.goexit()
	/-S/contrib/go/_std_1.21/src/runtime/asm_amd64.s:1650 +0x1 fp=0xc0000f57e8 sp=0xc0000f57e0 pc=0x10d2021
created by runtime.gcBgMarkStartWorkers in goroutine 1
	/-S/contrib/go/_std_1.21/src/runtime/mgc.go:1217 +0x1c

goroutine 25 [GC worker (idle), 59 minutes]:
runtime.gopark(0x0?, 0x0?, 0x0?, 0x0?, 0x0?)
	/-S/contrib/go/_std_1.21/src/runtime/proc.go:398 +0xce fp=0xc0000f5f50 sp=0xc0000f5f30 pc=0x109ed6e
runtime.gcBgMarkWorker()
	/-S/contrib/go/_std_1.21/src/runtime/mgc.go:1293 +0xe5 fp=0xc0000f5fe0 sp=0xc0000f5f50 pc=0x107fd25
runtime.goexit()
	/-S/contrib/go/_std_1.21/src/runtime/asm_amd64.s:1650 +0x1 fp=0xc0000f5fe8 sp=0xc0000f5fe0 pc=0x10d2021
created by runtime.gcBgMarkStartWorkers in goroutine 1
	/-S/contrib/go/_std_1.21/src/runtime/mgc.go:1217 +0x1c

goroutine 54 [GC worker (idle), 59 minutes]:
runtime.gopark(0x0?, 0x0?, 0x0?, 0x0?, 0x0?)
	/-S/contrib/go/_std_1.21/src/runtime/proc.go:398 +0xce fp=0xc000506750 sp=0xc000506730 pc=0x109ed6e
runtime.gcBgMarkWorker()
	/-S/contrib/go/_std_1.21/src/runtime/mgc.go:1293 +0xe5 fp=0xc0005067e0 sp=0xc000506750 pc=0x107fd25
runtime.goexit()
	/-S/contrib/go/_std_1.21/src/runtime/asm_amd64.s:1650 +0x1 fp=0xc0005067e8 sp=0xc0005067e0 pc=0x10d2021
created by runtime.gcBgMarkStartWorkers in goroutine 1
	/-S/contrib/go/_std_1.21/src/runtime/mgc.go:1217 +0x1c

goroutine 26 [GC worker (idle), 59 minutes]:
runtime.gopark(0x0?, 0x0?, 0x0?, 0x0?, 0x0?)
	/-S/contrib/go/_std_1.21/src/runtime/proc.go:398 +0xce fp=0xc0004da750 sp=0xc0004da730 pc=0x109ed6e
runtime.gcBgMarkWorker()
	/-S/contrib/go/_std_1.21/src/runtime/mgc.go:1293 +0xe5 fp=0xc0004da7e0 sp=0xc0004da750 pc=0x107fd25
runtime.goexit()
	/-S/contrib/go/_std_1.21/src/runtime/asm_amd64.s:1650 +0x1 fp=0xc0004da7e8 sp=0xc0004da7e0 pc=0x10d2021
created by runtime.gcBgMarkStartWorkers in goroutine 1
	/-S/contrib/go/_std_1.21/src/runtime/mgc.go:1217 +0x1c

goroutine 12 [GC worker (idle), 59 minutes]:
runtime.gopark(0x0?, 0x0?, 0x0?, 0x0?, 0x0?)
	/-S/contrib/go/_std_1.21/src/runtime/proc.go:398 +0xce fp=0xc0004df750 sp=0xc0004df730 pc=0x109ed6e
runtime.gcBgMarkWorker()
	/-S/contrib/go/_std_1.21/src/runtime/mgc.go:1293 +0xe5 fp=0xc0004df7e0 sp=0xc0004df750 pc=0x107fd25
runtime.goexit()
	/-S/contrib/go/_std_1.21/src/runtime/asm_amd64.s:1650 +0x1 fp=0xc0004df7e8 sp=0xc0004df7e0 pc=0x10d2021
created by runtime.gcBgMarkStartWorkers in goroutine 1
	/-S/contrib/go/_std_1.21/src/runtime/mgc.go:1217 +0x1c

goroutine 13 [GC worker (idle), 59 minutes]:
runtime.gopark(0x0?, 0x0?, 0x0?, 0x0?, 0x0?)
	/-S/contrib/go/_std_1.21/src/runtime/proc.go:398 +0xce fp=0xc0004dff50 sp=0xc0004dff30 pc=0x109ed6e
runtime.gcBgMarkWorker()
	/-S/contrib/go/_std_1.21/src/runtime/mgc.go:1293 +0xe5 fp=0xc0004dffe0 sp=0xc0004dff50 pc=0x107fd25
runtime.goexit()
	/-S/contrib/go/_std_1.21/src/runtime/asm_amd64.s:1650 +0x1 fp=0xc0004dffe8 sp=0xc0004dffe0 pc=0x10d2021
created by runtime.gcBgMarkStartWorkers in goroutine 1
	/-S/contrib/go/_std_1.21/src/runtime/mgc.go:1217 +0x1c

goroutine 27 [GC worker (idle), 59 minutes]:
runtime.gopark(0x0?, 0x0?, 0x0?, 0x0?, 0x0?)
	/-S/contrib/go/_std_1.21/src/runtime/proc.go:398 +0xce fp=0xc0004daf50 sp=0xc0004daf30 pc=0x109ed6e
runtime.gcBgMarkWorker()
	/-S/contrib/go/_std_1.21/src/runtime/mgc.go:1293 +0xe5 fp=0xc0004dafe0 sp=0xc0004daf50 pc=0x107fd25
runtime.goexit()
	/-S/contrib/go/_std_1.21/src/runtime/asm_amd64.s:1650 +0x1 fp=0xc0004dafe8 sp=0xc0004dafe0 pc=0x10d2021
created by runtime.gcBgMarkStartWorkers in goroutine 1
	/-S/contrib/go/_std_1.21/src/runtime/mgc.go:1217 +0x1c

goroutine 55 [GC worker (idle), 56 minutes]:
runtime.gopark(0x61dcd13a620?, 0x3?, 0x6d?, 0x9?, 0x0?)
	/-S/contrib/go/_std_1.21/src/runtime/proc.go:398 +0xce fp=0xc000506f50 sp=0xc000506f30 pc=0x109ed6e
runtime.gcBgMarkWorker()
	/-S/contrib/go/_std_1.21/src/runtime/mgc.go:1293 +0xe5 fp=0xc000506fe0 sp=0xc000506f50 pc=0x107fd25
runtime.goexit()
	/-S/contrib/go/_std_1.21/src/runtime/asm_amd64.s:1650 +0x1 fp=0xc000506fe8 sp=0xc000506fe0 pc=0x10d2021
created by runtime.gcBgMarkStartWorkers in goroutine 1
	/-S/contrib/go/_std_1.21/src/runtime/mgc.go:1217 +0x1c

goroutine 56 [GC worker (idle)]:
runtime.gopark(0x1adc420?, 0x1?, 0x54?, 0x16?, 0x0?)
	/-S/contrib/go/_std_1.21/src/runtime/proc.go:398 +0xce fp=0xc000507750 sp=0xc000507730 pc=0x109ed6e
runtime.gcBgMarkWorker()
	/-S/contrib/go/_std_1.21/src/runtime/mgc.go:1293 +0xe5 fp=0xc0005077e0 sp=0xc000507750 pc=0x107fd25
runtime.goexit()
	/-S/contrib/go/_std_1.21/src/runtime/asm_amd64.s:1650 +0x1 fp=0xc0005077e8 sp=0xc0005077e0 pc=0x10d2021
created by runtime.gcBgMarkStartWorkers in goroutine 1
	/-S/contrib/go/_std_1.21/src/runtime/mgc.go:1217 +0x1c

goroutine 57 [GC worker (idle), 55 minutes]:
runtime.gopark(0x1adc420?, 0x3?, 0x87?, 0x86?, 0x0?)
	/-S/contrib/go/_std_1.21/src/runtime/proc.go:398 +0xce fp=0xc000507f50 sp=0xc000507f30 pc=0x109ed6e
runtime.gcBgMarkWorker()
	/-S/contrib/go/_std_1.21/src/runtime/mgc.go:1293 +0xe5 fp=0xc000507fe0 sp=0xc000507f50 pc=0x107fd25
runtime.goexit()
	/-S/contrib/go/_std_1.21/src/runtime/asm_amd64.s:1650 +0x1 fp=0xc000507fe8 sp=0xc000507fe0 pc=0x10d2021
created by runtime.gcBgMarkStartWorkers in goroutine 1
	/-S/contrib/go/_std_1.21/src/runtime/mgc.go:1217 +0x1c

goroutine 58 [GC worker (idle), 56 minutes]:
runtime.gopark(0x61dcd14253b?, 0x1?, 0xa?, 0xe4?, 0x0?)
	/-S/contrib/go/_std_1.21/src/runtime/proc.go:398 +0xce fp=0xc000596750 sp=0xc000596730 pc=0x109ed6e
runtime.gcBgMarkWorker()
	/-S/contrib/go/_std_1.21/src/runtime/mgc.go:1293 +0xe5 fp=0xc0005967e0 sp=0xc000596750 pc=0x107fd25
runtime.goexit()
	/-S/contrib/go/_std_1.21/src/runtime/asm_amd64.s:1650 +0x1 fp=0xc0005967e8 sp=0xc0005967e0 pc=0x10d2021
created by runtime.gcBgMarkStartWorkers in goroutine 1
	/-S/contrib/go/_std_1.21/src/runtime/mgc.go:1217 +0x1c

goroutine 59 [GC worker (idle)]:
runtime.gopark(0x91b9d01b95b?, 0x1?, 0x6f?, 0xb4?, 0x0?)
	/-S/contrib/go/_std_1.21/src/runtime/proc.go:398 +0xce fp=0xc000596f50 sp=0xc000596f30 pc=0x109ed6e
runtime.gcBgMarkWorker()
	/-S/contrib/go/_std_1.21/src/runtime/mgc.go:1293 +0xe5 fp=0xc000596fe0 sp=0xc000596f50 pc=0x107fd25
runtime.goexit()
	/-S/contrib/go/_std_1.21/src/runtime/asm_amd64.s:1650 +0x1 fp=0xc000596fe8 sp=0xc000596fe0 pc=0x10d2021
created by runtime.gcBgMarkStartWorkers in goroutine 1
	/-S/contrib/go/_std_1.21/src/runtime/mgc.go:1217 +0x1c

goroutine 60 [GC worker (idle)]:
runtime.gopark(0x1adc420?, 0x1?, 0x6a?, 0x0?, 0x0?)
	/-S/contrib/go/_std_1.21/src/runtime/proc.go:398 +0xce fp=0xc000597750 sp=0xc000597730 pc=0x109ed6e
runtime.gcBgMarkWorker()
	/-S/contrib/go/_std_1.21/src/runtime/mgc.go:1293 +0xe5 fp=0xc0005977e0 sp=0xc000597750 pc=0x107fd25
runtime.goexit()
	/-S/contrib/go/_std_1.21/src/runtime/asm_amd64.s:1650 +0x1 fp=0xc0005977e8 sp=0xc0005977e0 pc=0x10d2021
created by runtime.gcBgMarkStartWorkers in goroutine 1
	/-S/contrib/go/_std_1.21/src/runtime/mgc.go:1217 +0x1c

goroutine 36 [GC worker (idle)]:
runtime.gopark(0x91b9d019b25?, 0x1?, 0x78?, 0x38?, 0x0?)
	/-S/contrib/go/_std_1.21/src/runtime/proc.go:398 +0xce fp=0xc000509750 sp=0xc000509730 pc=0x109ed6e
runtime.gcBgMarkWorker()
	/-S/contrib/go/_std_1.21/src/runtime/mgc.go:1293 +0xe5 fp=0xc0005097e0 sp=0xc000509750 pc=0x107fd25
runtime.goexit()
	/-S/contrib/go/_std_1.21/src/runtime/asm_amd64.s:1650 +0x1 fp=0xc0005097e8 sp=0xc0005097e0 pc=0x10d2021
created by runtime.gcBgMarkStartWorkers in goroutine 1
	/-S/contrib/go/_std_1.21/src/runtime/mgc.go:1217 +0x1c

goroutine 14 [GC worker (idle), 56 minutes]:
runtime.gopark(0x619bb43f752?, 0x3?, 0x14?, 0xe9?, 0x0?)
	/-S/contrib/go/_std_1.21/src/runtime/proc.go:398 +0xce fp=0xc0004e0750 sp=0xc0004e0730 pc=0x109ed6e
runtime.gcBgMarkWorker()
	/-S/contrib/go/_std_1.21/src/runtime/mgc.go:1293 +0xe5 fp=0xc0004e07e0 sp=0xc0004e0750 pc=0x107fd25
runtime.goexit()
	/-S/contrib/go/_std_1.21/src/runtime/asm_amd64.s:1650 +0x1 fp=0xc0004e07e8 sp=0xc0004e07e0 pc=0x10d2021
created by runtime.gcBgMarkStartWorkers in goroutine 1
	/-S/contrib/go/_std_1.21/src/runtime/mgc.go:1217 +0x1c

goroutine 15 [GC worker (idle), 56 minutes]:
runtime.gopark(0x622e33b172d?, 0x3?, 0xc7?, 0x6a?, 0x0?)
	/-S/contrib/go/_std_1.21/src/runtime/proc.go:398 +0xce fp=0xc0004e0f50 sp=0xc0004e0f30 pc=0x109ed6e
runtime.gcBgMarkWorker()
	/-S/contrib/go/_std_1.21/src/runtime/mgc.go:1293 +0xe5 fp=0xc0004e0fe0 sp=0xc0004e0f50 pc=0x107fd25
runtime.goexit()
	/-S/contrib/go/_std_1.21/src/runtime/asm_amd64.s:1650 +0x1 fp=0xc0004e0fe8 sp=0xc0004e0fe0 pc=0x10d2021
created by runtime.gcBgMarkStartWorkers in goroutine 1
	/-S/contrib/go/_std_1.21/src/runtime/mgc.go:1217 +0x1c

goroutine 16 [GC worker (idle), 56 minutes]:
runtime.gopark(0x619bb41e852?, 0x3?, 0xec?, 0x37?, 0x0?)
	/-S/contrib/go/_std_1.21/src/runtime/proc.go:398 +0xce fp=0xc0004e1750 sp=0xc0004e1730 pc=0x109ed6e
runtime.gcBgMarkWorker()
	/-S/contrib/go/_std_1.21/src/runtime/mgc.go:1293 +0xe5 fp=0xc0004e17e0 sp=0xc0004e1750 pc=0x107fd25
runtime.goexit()
	/-S/contrib/go/_std_1.21/src/runtime/asm_amd64.s:1650 +0x1 fp=0xc0004e17e8 sp=0xc0004e17e0 pc=0x10d2021
created by runtime.gcBgMarkStartWorkers in goroutine 1
	/-S/contrib/go/_std_1.21/src/runtime/mgc.go:1217 +0x1c

goroutine 66 [GC worker (idle), 3 minutes]:
runtime.gopark(0x1adc420?, 0x1?, 0x5a?, 0xa6?, 0x0?)
	/-S/contrib/go/_std_1.21/src/runtime/proc.go:398 +0xce fp=0xc0004e1f50 sp=0xc0004e1f30 pc=0x109ed6e
runtime.gcBgMarkWorker()
	/-S/contrib/go/_std_1.21/src/runtime/mgc.go:1293 +0xe5 fp=0xc0004e1fe0 sp=0xc0004e1f50 pc=0x107fd25
runtime.goexit()
	/-S/contrib/go/_std_1.21/src/runtime/asm_amd64.s:1650 +0x1 fp=0xc0004e1fe8 sp=0xc0004e1fe0 pc=0x10d2021
created by runtime.gcBgMarkStartWorkers in goroutine 1
	/-S/contrib/go/_std_1.21/src/runtime/mgc.go:1217 +0x1c

goroutine 28 [GC worker (idle)]:
runtime.gopark(0x91b9d0227f6?, 0x1?, 0x69?, 0xb3?, 0x0?)
	/-S/contrib/go/_std_1.21/src/runtime/proc.go:398 +0xce fp=0xc0004db750 sp=0xc0004db730 pc=0x109ed6e
runtime.gcBgMarkWorker()
	/-S/contrib/go/_std_1.21/src/runtime/mgc.go:1293 +0xe5 fp=0xc0004db7e0 sp=0xc0004db750 pc=0x107fd25
runtime.goexit()
	/-S/contrib/go/_std_1.21/src/runtime/asm_amd64.s:1650 +0x1 fp=0xc0004db7e8 sp=0xc0004db7e0 pc=0x10d2021
created by runtime.gcBgMarkStartWorkers in goroutine 1
	/-S/contrib/go/_std_1.21/src/runtime/mgc.go:1217 +0x1c

goroutine 67 [GC worker (idle)]:
runtime.gopark(0x91b9d01ba1b?, 0x1?, 0x1b?, 0xb7?, 0x0?)
	/-S/contrib/go/_std_1.21/src/runtime/proc.go:398 +0xce fp=0xc000592750 sp=0xc000592730 pc=0x109ed6e
runtime.gcBgMarkWorker()
	/-S/contrib/go/_std_1.21/src/runtime/mgc.go:1293 +0xe5 fp=0xc0005927e0 sp=0xc000592750 pc=0x107fd25
runtime.goexit()
	/-S/contrib/go/_std_1.21/src/runtime/asm_amd64.s:1650 +0x1 fp=0xc0005927e8 sp=0xc0005927e0 pc=0x10d2021
created by runtime.gcBgMarkStartWorkers in goroutine 1
	/-S/contrib/go/_std_1.21/src/runtime/mgc.go:1217 +0x1c

goroutine 68 [GC worker (idle)]:
runtime.gopark(0x91b9d01c364?, 0x1?, 0x7f?, 0xd4?, 0x0?)
	/-S/contrib/go/_std_1.21/src/runtime/proc.go:398 +0xce fp=0xc000592f50 sp=0xc000592f30 pc=0x109ed6e
runtime.gcBgMarkWorker()
	/-S/contrib/go/_std_1.21/src/runtime/mgc.go:1293 +0xe5 fp=0xc000592fe0 sp=0xc000592f50 pc=0x107fd25
runtime.goexit()
	/-S/contrib/go/_std_1.21/src/runtime/asm_amd64.s:1650 +0x1 fp=0xc000592fe8 sp=0xc000592fe0 pc=0x10d2021
created by runtime.gcBgMarkStartWorkers in goroutine 1
	/-S/contrib/go/_std_1.21/src/runtime/mgc.go:1217 +0x1c

goroutine 37 [GC worker (idle), 56 minutes]:
runtime.gopark(0x619bb41e9be?, 0x1?, 0x9a?, 0x5e?, 0x0?)
	/-S/contrib/go/_std_1.21/src/runtime/proc.go:398 +0xce fp=0xc000509f50 sp=0xc000509f30 pc=0x109ed6e
runtime.gcBgMarkWorker()
	/-S/contrib/go/_std_1.21/src/runtime/mgc.go:1293 +0xe5 fp=0xc000509fe0 sp=0xc000509f50 pc=0x107fd25
runtime.goexit()
	/-S/contrib/go/_std_1.21/src/runtime/asm_amd64.s:1650 +0x1 fp=0xc000509fe8 sp=0xc000509fe0 pc=0x10d2021
created by runtime.gcBgMarkStartWorkers in goroutine 1
	/-S/contrib/go/_std_1.21/src/runtime/mgc.go:1217 +0x1c

goroutine 38 [GC worker (idle), 55 minutes]:
runtime.gopark(0x6264d3d2198?, 0x1?, 0xe4?, 0xfd?, 0x0?)
	/-S/contrib/go/_std_1.21/src/runtime/proc.go:398 +0xce fp=0xc00050a750 sp=0xc00050a730 pc=0x109ed6e
runtime.gcBgMarkWorker()
	/-S/contrib/go/_std_1.21/src/runtime/mgc.go:1293 +0xe5 fp=0xc00050a7e0 sp=0xc00050a750 pc=0x107fd25
runtime.goexit()
	/-S/contrib/go/_std_1.21/src/runtime/asm_amd64.s:1650 +0x1 fp=0xc00050a7e8 sp=0xc00050a7e0 pc=0x10d2021
created by runtime.gcBgMarkStartWorkers in goroutine 1
	/-S/contrib/go/_std_1.21/src/runtime/mgc.go:1217 +0x1c

goroutine 39 [GC worker (idle), 56 minutes]:
runtime.gopark(0x619bb451958?, 0x1?, 0xef?, 0x41?, 0x0?)
	/-S/contrib/go/_std_1.21/src/runtime/proc.go:398 +0xce fp=0xc00050af50 sp=0xc00050af30 pc=0x109ed6e
runtime.gcBgMarkWorker()
	/-S/contrib/go/_std_1.21/src/runtime/mgc.go:1293 +0xe5 fp=0xc00050afe0 sp=0xc00050af50 pc=0x107fd25
runtime.goexit()
	/-S/contrib/go/_std_1.21/src/runtime/asm_amd64.s:1650 +0x1 fp=0xc00050afe8 sp=0xc00050afe0 pc=0x10d2021
created by runtime.gcBgMarkStartWorkers in goroutine 1
	/-S/contrib/go/_std_1.21/src/runtime/mgc.go:1217 +0x1c

goroutine 40 [GC worker (idle), 56 minutes]:
runtime.gopark(0x1adc420?, 0x3?, 0xf3?, 0x14?, 0x0?)
	/-S/contrib/go/_std_1.21/src/runtime/proc.go:398 +0xce fp=0xc00050b750 sp=0xc00050b730 pc=0x109ed6e
runtime.gcBgMarkWorker()
	/-S/contrib/go/_std_1.21/src/runtime/mgc.go:1293 +0xe5 fp=0xc00050b7e0 sp=0xc00050b750 pc=0x107fd25
runtime.goexit()
	/-S/contrib/go/_std_1.21/src/runtime/asm_amd64.s:1650 +0x1 fp=0xc00050b7e8 sp=0xc00050b7e0 pc=0x10d2021
created by runtime.gcBgMarkStartWorkers in goroutine 1
	/-S/contrib/go/_std_1.21/src/runtime/mgc.go:1217 +0x1c

goroutine 41 [GC worker (idle), 56 minutes]:
runtime.gopark(0x1adc420?, 0x1?, 0x20?, 0xf?, 0x0?)
	/-S/contrib/go/_std_1.21/src/runtime/proc.go:398 +0xce fp=0xc00050bf50 sp=0xc00050bf30 pc=0x109ed6e
runtime.gcBgMarkWorker()
	/-S/contrib/go/_std_1.21/src/runtime/mgc.go:1293 +0xe5 fp=0xc00050bfe0 sp=0xc00050bf50 pc=0x107fd25
runtime.goexit()
	/-S/contrib/go/_std_1.21/src/runtime/asm_amd64.s:1650 +0x1 fp=0xc00050bfe8 sp=0xc00050bfe0 pc=0x10d2021
created by runtime.gcBgMarkStartWorkers in goroutine 1
	/-S/contrib/go/_std_1.21/src/runtime/mgc.go:1217 +0x1c

goroutine 69 [GC worker (idle), 56 minutes]:
runtime.gopark(0x1adc420?, 0x1?, 0x1f?, 0x5?, 0x0?)
	/-S/contrib/go/_std_1.21/src/runtime/proc.go:398 +0xce fp=0xc000593750 sp=0xc000593730 pc=0x109ed6e
runtime.gcBgMarkWorker()
	/-S/contrib/go/_std_1.21/src/runtime/mgc.go:1293 +0xe5 fp=0xc0005937e0 sp=0xc000593750 pc=0x107fd25
runtime.goexit()
	/-S/contrib/go/_std_1.21/src/runtime/asm_amd64.s:1650 +0x1 fp=0xc0005937e8 sp=0xc0005937e0 pc=0x10d2021
created by runtime.gcBgMarkStartWorkers in goroutine 1
	/-S/contrib/go/_std_1.21/src/runtime/mgc.go:1217 +0x1c

goroutine 70 [GC worker (idle), 56 minutes]:
runtime.gopark(0x619bb3ef1a5?, 0x1?, 0x30?, 0x5a?, 0x0?)
	/-S/contrib/go/_std_1.21/src/runtime/proc.go:398 +0xce fp=0xc000593f50 sp=0xc000593f30 pc=0x109ed6e
runtime.gcBgMarkWorker()
	/-S/contrib/go/_std_1.21/src/runtime/mgc.go:1293 +0xe5 fp=0xc000593fe0 sp=0xc000593f50 pc=0x107fd25
runtime.goexit()
	/-S/contrib/go/_std_1.21/src/runtime/asm_amd64.s:1650 +0x1 fp=0xc000593fe8 sp=0xc000593fe0 pc=0x10d2021
created by runtime.gcBgMarkStartWorkers in goroutine 1
	/-S/contrib/go/_std_1.21/src/runtime/mgc.go:1217 +0x1c

goroutine 71 [GC worker (idle), 56 minutes]:
runtime.gopark(0x1adc420?, 0x3?, 0xa1?, 0xdb?, 0x0?)
	/-S/contrib/go/_std_1.21/src/runtime/proc.go:398 +0xce fp=0xc000594750 sp=0xc000594730 pc=0x109ed6e
runtime.gcBgMarkWorker()
	/-S/contrib/go/_std_1.21/src/runtime/mgc.go:1293 +0xe5 fp=0xc0005947e0 sp=0xc000594750 pc=0x107fd25
runtime.goexit()
	/-S/contrib/go/_std_1.21/src/runtime/asm_amd64.s:1650 +0x1 fp=0xc0005947e8 sp=0xc0005947e0 pc=0x10d2021
created by runtime.gcBgMarkStartWorkers in goroutine 1
	/-S/contrib/go/_std_1.21/src/runtime/mgc.go:1217 +0x1c

goroutine 29 [GC worker (idle)]:
runtime.gopark(0x1adc420?, 0x1?, 0xfc?, 0x5b?, 0x0?)
	/-S/contrib/go/_std_1.21/src/runtime/proc.go:398 +0xce fp=0xc0004dbf50 sp=0xc0004dbf30 pc=0x109ed6e
runtime.gcBgMarkWorker()
	/-S/contrib/go/_std_1.21/src/runtime/mgc.go:1293 +0xe5 fp=0xc0004dbfe0 sp=0xc0004dbf50 pc=0x107fd25
runtime.goexit()
	/-S/contrib/go/_std_1.21/src/runtime/asm_amd64.s:1650 +0x1 fp=0xc0004dbfe8 sp=0xc0004dbfe0 pc=0x10d2021
created by runtime.gcBgMarkStartWorkers in goroutine 1
	/-S/contrib/go/_std_1.21/src/runtime/mgc.go:1217 +0x1c

goroutine 61 [GC worker (idle), 56 minutes]:
runtime.gopark(0x619bb3f05a4?, 0xc00018e1a0?, 0x1a?, 0x14?, 0x0?)
	/-S/contrib/go/_std_1.21/src/runtime/proc.go:398 +0xce fp=0xc000597f50 sp=0xc000597f30 pc=0x109ed6e
runtime.gcBgMarkWorker()
	/-S/contrib/go/_std_1.21/src/runtime/mgc.go:1293 +0xe5 fp=0xc000597fe0 sp=0xc000597f50 pc=0x107fd25
runtime.goexit()
	/-S/contrib/go/_std_1.21/src/runtime/asm_amd64.s:1650 +0x1 fp=0xc000597fe8 sp=0xc000597fe0 pc=0x10d2021
created by runtime.gcBgMarkStartWorkers in goroutine 1
	/-S/contrib/go/_std_1.21/src/runtime/mgc.go:1217 +0x1c

goroutine 42 [GC worker (idle), 56 minutes]:
runtime.gopark(0x619bb4551b6?, 0x3?, 0x5d?, 0x1d?, 0x0?)
	/-S/contrib/go/_std_1.21/src/runtime/proc.go:398 +0xce fp=0xc000512750 sp=0xc000512730 pc=0x109ed6e
runtime.gcBgMarkWorker()
	/-S/contrib/go/_std_1.21/src/runtime/mgc.go:1293 +0xe5 fp=0xc0005127e0 sp=0xc000512750 pc=0x107fd25
runtime.goexit()
	/-S/contrib/go/_std_1.21/src/runtime/asm_amd64.s:1650 +0x1 fp=0xc0005127e8 sp=0xc0005127e0 pc=0x10d2021
created by runtime.gcBgMarkStartWorkers in goroutine 1
	/-S/contrib/go/_std_1.21/src/runtime/mgc.go:1217 +0x1c

goroutine 43 [GC worker (idle), 56 minutes]:
runtime.gopark(0x619bb45178c?, 0x1?, 0x91?, 0x42?, 0x0?)
	/-S/contrib/go/_std_1.21/src/runtime/proc.go:398 +0xce fp=0xc000512f50 sp=0xc000512f30 pc=0x109ed6e
runtime.gcBgMarkWorker()
	/-S/contrib/go/_std_1.21/src/runtime/mgc.go:1293 +0xe5 fp=0xc000512fe0 sp=0xc000512f50 pc=0x107fd25
runtime.goexit()
	/-S/contrib/go/_std_1.21/src/runtime/asm_amd64.s:1650 +0x1 fp=0xc000512fe8 sp=0xc000512fe0 pc=0x10d2021
created by runtime.gcBgMarkStartWorkers in goroutine 1
	/-S/contrib/go/_std_1.21/src/runtime/mgc.go:1217 +0x1c

goroutine 62 [GC worker (idle)]:
runtime.gopark(0x91b9d021432?, 0x1?, 0x9a?, 0xae?, 0x0?)
	/-S/contrib/go/_std_1.21/src/runtime/proc.go:398 +0xce fp=0xc000598750 sp=0xc000598730 pc=0x109ed6e
runtime.gcBgMarkWorker()
	/-S/contrib/go/_std_1.21/src/runtime/mgc.go:1293 +0xe5 fp=0xc0005987e0 sp=0xc000598750 pc=0x107fd25
runtime.goexit()
	/-S/contrib/go/_std_1.21/src/runtime/asm_amd64.s:1650 +0x1 fp=0xc0005987e8 sp=0xc0005987e0 pc=0x10d2021
created by runtime.gcBgMarkStartWorkers in goroutine 1
	/-S/contrib/go/_std_1.21/src/runtime/mgc.go:1217 +0x1c

goroutine 30 [GC worker (idle), 3 minutes]:
runtime.gopark(0x1adc420?, 0x1?, 0x23?, 0xbf?, 0x0?)
	/-S/contrib/go/_std_1.21/src/runtime/proc.go:398 +0xce fp=0xc0004dc750 sp=0xc0004dc730 pc=0x109ed6e
runtime.gcBgMarkWorker()
	/-S/contrib/go/_std_1.21/src/runtime/mgc.go:1293 +0xe5 fp=0xc0004dc7e0 sp=0xc0004dc750 pc=0x107fd25
runtime.goexit()
	/-S/contrib/go/_std_1.21/src/runtime/asm_amd64.s:1650 +0x1 fp=0xc0004dc7e8 sp=0xc0004dc7e0 pc=0x10d2021
created by runtime.gcBgMarkStartWorkers in goroutine 1
	/-S/contrib/go/_std_1.21/src/runtime/mgc.go:1217 +0x1c

goroutine 82 [GC worker (idle), 3 minutes]:
runtime.gopark(0x1adc420?, 0x1?, 0x5a?, 0x4e?, 0x0?)
	/-S/contrib/go/_std_1.21/src/runtime/proc.go:398 +0xce fp=0xc00050e750 sp=0xc00050e730 pc=0x109ed6e
runtime.gcBgMarkWorker()
	/-S/contrib/go/_std_1.21/src/runtime/mgc.go:1293 +0xe5 fp=0xc00050e7e0 sp=0xc00050e750 pc=0x107fd25
runtime.goexit()
	/-S/contrib/go/_std_1.21/src/runtime/asm_amd64.s:1650 +0x1 fp=0xc00050e7e8 sp=0xc00050e7e0 pc=0x10d2021
created by runtime.gcBgMarkStartWorkers in goroutine 1
	/-S/contrib/go/_std_1.21/src/runtime/mgc.go:1217 +0x1c

goroutine 44 [GC worker (idle)]:
runtime.gopark(0x91b9d03b07b?, 0x1?, 0x55?, 0xa5?, 0x0?)
	/-S/contrib/go/_std_1.21/src/runtime/proc.go:398 +0xce fp=0xc000513750 sp=0xc000513730 pc=0x109ed6e
runtime.gcBgMarkWorker()
	/-S/contrib/go/_std_1.21/src/runtime/mgc.go:1293 +0xe5 fp=0xc0005137e0 sp=0xc000513750 pc=0x107fd25
runtime.goexit()
	/-S/contrib/go/_std_1.21/src/runtime/asm_amd64.s:1650 +0x1 fp=0xc0005137e8 sp=0xc0005137e0 pc=0x10d2021
created by runtime.gcBgMarkStartWorkers in goroutine 1
	/-S/contrib/go/_std_1.21/src/runtime/mgc.go:1217 +0x1c

goroutine 31 [GC worker (idle), 56 minutes]:
runtime.gopark(0x619bb441357?, 0x1?, 0x19?, 0x39?, 0x0?)
	/-S/contrib/go/_std_1.21/src/runtime/proc.go:398 +0xce fp=0xc0004dcf50 sp=0xc0004dcf30 pc=0x109ed6e
runtime.gcBgMarkWorker()
	/-S/contrib/go/_std_1.21/src/runtime/mgc.go:1293 +0xe5 fp=0xc0004dcfe0 sp=0xc0004dcf50 pc=0x107fd25
runtime.goexit()
	/-S/contrib/go/_std_1.21/src/runtime/asm_amd64.s:1650 +0x1 fp=0xc0004dcfe8 sp=0xc0004dcfe0 pc=0x10d2021
created by runtime.gcBgMarkStartWorkers in goroutine 1
	/-S/contrib/go/_std_1.21/src/runtime/mgc.go:1217 +0x1c

goroutine 72 [GC worker (idle), 56 minutes]:
runtime.gopark(0x1adc420?, 0x3?, 0x38?, 0x57?, 0x0?)
	/-S/contrib/go/_std_1.21/src/runtime/proc.go:398 +0xce fp=0xc000594f50 sp=0xc000594f30 pc=0x109ed6e
runtime.gcBgMarkWorker()
	/-S/contrib/go/_std_1.21/src/runtime/mgc.go:1293 +0xe5 fp=0xc000594fe0 sp=0xc000594f50 pc=0x107fd25
runtime.goexit()
	/-S/contrib/go/_std_1.21/src/runtime/asm_amd64.s:1650 +0x1 fp=0xc000594fe8 sp=0xc000594fe0 pc=0x10d2021
created by runtime.gcBgMarkStartWorkers in goroutine 1
	/-S/contrib/go/_std_1.21/src/runtime/mgc.go:1217 +0x1c

goroutine 45 [GC worker (idle)]:
runtime.gopark(0x91b9d01c1a5?, 0x1?, 0x22?, 0xa8?, 0x0?)
	/-S/contrib/go/_std_1.21/src/runtime/proc.go:398 +0xce fp=0xc000513f50 sp=0xc000513f30 pc=0x109ed6e
runtime.gcBgMarkWorker()
	/-S/contrib/go/_std_1.21/src/runtime/mgc.go:1293 +0xe5 fp=0xc000513fe0 sp=0xc000513f50 pc=0x107fd25
runtime.goexit()
	/-S/contrib/go/_std_1.21/src/runtime/asm_amd64.s:1650 +0x1 fp=0xc000513fe8 sp=0xc000513fe0 pc=0x10d2021
created by runtime.gcBgMarkStartWorkers in goroutine 1
	/-S/contrib/go/_std_1.21/src/runtime/mgc.go:1217 +0x1c

goroutine 46 [GC worker (idle)]:
runtime.gopark(0x91b9d01a168?, 0x1?, 0x4d?, 0xf0?, 0x0?)
	/-S/contrib/go/_std_1.21/src/runtime/proc.go:398 +0xce fp=0xc000514750 sp=0xc000514730 pc=0x109ed6e
runtime.gcBgMarkWorker()
	/-S/contrib/go/_std_1.21/src/runtime/mgc.go:1293 +0xe5 fp=0xc0005147e0 sp=0xc000514750 pc=0x107fd25
runtime.goexit()
	/-S/contrib/go/_std_1.21/src/runtime/asm_amd64.s:1650 +0x1 fp=0xc0005147e8 sp=0xc0005147e0 pc=0x10d2021
created by runtime.gcBgMarkStartWorkers in goroutine 1
	/-S/contrib/go/_std_1.21/src/runtime/mgc.go:1217 +0x1c

goroutine 83 [GC worker (idle), 56 minutes]:
runtime.gopark(0x619bb457b35?, 0x1?, 0x10?, 0x39?, 0x0?)
	/-S/contrib/go/_std_1.21/src/runtime/proc.go:398 +0xce fp=0xc00050ef50 sp=0xc00050ef30 pc=0x109ed6e
runtime.gcBgMarkWorker()
	/-S/contrib/go/_std_1.21/src/runtime/mgc.go:1293 +0xe5 fp=0xc00050efe0 sp=0xc00050ef50 pc=0x107fd25
runtime.goexit()
	/-S/contrib/go/_std_1.21/src/runtime/asm_amd64.s:1650 +0x1 fp=0xc00050efe8 sp=0xc00050efe0 pc=0x10d2021
created by runtime.gcBgMarkStartWorkers in goroutine 1
	/-S/contrib/go/_std_1.21/src/runtime/mgc.go:1217 +0x1c

goroutine 1716 [select]:
runtime.gopark(0xc0005a1818?, 0x2?, 0xa0?, 0x7d?, 0xc0005a1814?)
	/-S/contrib/go/_std_1.21/src/runtime/proc.go:398 +0xce fp=0xc0005a16c0 sp=0xc0005a16a0 pc=0x109ed6e
runtime.selectgo(0xc0005a1818, 0xc0005a1810, 0xc000680400?, 0x0, 0x0?, 0x1)
	/-S/contrib/go/_std_1.21/src/runtime/select.go:327 +0x725 fp=0xc0005a17e0 sp=0xc0005a16c0 pc=0x10af265
google.golang.org/grpc/internal/transport.(*Stream).waitOnHeader(0xc0008e1b00)
	/-S/vendor/google.golang.org/grpc/internal/transport/transport.go:331 +0x7c fp=0xc0005a1848 sp=0xc0005a17e0 pc=0x14ed6fc
google.golang.org/grpc/internal/transport.(*Stream).RecvCompress(...)
	/-S/vendor/google.golang.org/grpc/internal/transport/transport.go:346
google.golang.org/grpc.(*csAttempt).recvMsg(0xc000609520, {0x48cd00?, 0xc0009894d0}, 0xc000e4dc00?)
	/-S/vendor/google.golang.org/grpc/stream.go:1066 +0xba fp=0xc0005a1970 sp=0xc0005a1848 pc=0x1561b1a
google.golang.org/grpc.(*clientStream).RecvMsg.func1(0x0?)
	/-S/vendor/google.golang.org/grpc/stream.go:917 +0x1f fp=0xc0005a19a0 sp=0xc0005a1970 pc=0x1560f3f
google.golang.org/grpc.(*clientStream).withRetry(0xc0008e18c0, 0xc0005a1ab0, 0xc0005a1a80)
	/-S/vendor/google.golang.org/grpc/stream.go:768 +0x13a fp=0xc0005a1a10 sp=0xc0005a19a0 pc=0x155fa3a
google.golang.org/grpc.(*clientStream).RecvMsg(0xc0008e18c0, {0x48cd00?, 0xc0009894d0?})
	/-S/vendor/google.golang.org/grpc/stream.go:916 +0x125 fp=0xc0005a1ae0 sp=0xc0005a1a10 pc=0x1560bc5
google.golang.org/grpc.invoke({0x887e98?, 0xc0003b6ff0?}, {0x519376?, 0x2?}, {0x48d0c0, 0xc000e4dc00}, {0x48cd00, 0xc0009894d0}, 0xc000b01400?, {0x0, ...})
	/-S/vendor/google.golang.org/grpc/call.go:78 +0xcb fp=0xc0005a1b48 sp=0xc0005a1ae0 pc=0x153f88b
github.com/grpc-ecosystem/go-grpc-middleware/retry.UnaryClientInterceptor.func1({0x887e98, 0xc000b56030}, {0x519376, 0x36}, {0x48d0c0, 0xc000e4dc00}, {0x48cd00, 0xc0009894d0}, 0x7f31b4706e88?, 0x5446a0, ...)
	/-S/vendor/github.com/grpc-ecosystem/go-grpc-middleware/retry/retry.go:44 +0x55d fp=0xc0005a1c68 sp=0xc0005a1b48 pc=0x19f0e9d
google.golang.org/grpc.(*ClientConn).Invoke(0xc000b01400, {0x887e98, 0xc000b56030}, {0x519376, 0x36}, {0x48d0c0, 0xc000e4dc00}, {0x48cd00, 0xc0009894d0}, {0x0, ...})
	/-S/vendor/google.golang.org/grpc/call.go:40 +0x23c fp=0xc0005a1d30 sp=0xc0005a1c68 pc=0x153f5dc
github.com/ydb-platform/nbs/cloud/disk_manager/api/yandex/cloud/priv/disk_manager/v1.(*imageServiceClient).Create(0xc000b0f0e0, {0x887e98, 0xc000b56030}, 0x10718a5?, {0x0, 0x0, 0x0})
	/-B/cloud/disk_manager/api/yandex/cloud/priv/disk_manager/v1/image_service.pb.go:789 +0xc8 fp=0xc0005a1db0 sp=0xc0005a1d30 pc=0x1571e48
github.com/ydb-platform/nbs/cloud/disk_manager/pkg/client.(*client).CreateImage(0x882e38?, {0x887e98?, 0xc000b56030?}, 0x0?)
	/-S/cloud/disk_manager/pkg/client/client.go:173 +0x2e fp=0xc0005a1df8 sp=0xc0005a1db0 pc=0x19f38ee
github.com/ydb-platform/nbs/cloud/disk_manager/internal/pkg/facade_test.testCreateImageFromURL(0xc001c82680, {0xc000bf0810, 0x15}, 0x7000000, 0x1a3a000?)
	/-S/cloud/disk_manager/internal/pkg/facade/image_service_test/image_service_test.go:411 +0x252 fp=0xc0005a1f00 sp=0xc0005a1df8 pc=0x19fa9f2
github.com/ydb-platform/nbs/cloud/disk_manager/internal/pkg/facade_test.testCreateQCOW2ImageFromURL(0x10f574f?)
	/-S/cloud/disk_manager/internal/pkg/facade/image_service_test/image_service_test.go:475 +0x56 fp=0xc0005a1f58 sp=0xc0005a1f00 pc=0x19fb036
github.com/ydb-platform/nbs/cloud/disk_manager/internal/pkg/facade_test.TestImageServiceCreateQCOW2ImageFromURL(0x0?)
	/-S/cloud/disk_manager/internal/pkg/facade/image_service_test/image_service_test.go:541 +0x13 fp=0xc0005a1f70 sp=0xc0005a1f58 pc=0x19fb533
testing.tRunner(0xc001c82680, 0x543c20)
	/-S/contrib/go/_std_1.21/src/testing/testing.go:1595 +0xff fp=0xc0005a1fc0 sp=0xc0005a1f70 pc=0x1187f3f
testing.(*T).Run.func1()
	/-S/contrib/go/_std_1.21/src/testing/testing.go:1648 +0x25 fp=0xc0005a1fe0 sp=0xc0005a1fc0 pc=0x1188ec5
runtime.goexit()
	/-S/contrib/go/_std_1.21/src/runtime/asm_amd64.s:1650 +0x1 fp=0xc0005a1fe8 sp=0xc0005a1fe0 pc=0x10d2021
created by testing.(*T).Run in goroutine 1
	/-S/contrib/go/_std_1.21/src/testing/testing.go:1648 +0x3ad

goroutine 276 [select, 57 minutes]:
runtime.gopark(0xc0005dbf00?, 0x2?, 0x0?, 0x0?, 0xc0005dbecc?)
	/-S/contrib/go/_std_1.21/src/runtime/proc.go:398 +0xce fp=0xc000611d78 sp=0xc000611d58 pc=0x109ed6e
runtime.selectgo(0xc000611f00, 0xc0005dbec8, 0xc0005dbe90?, 0x0, 0x1412929?, 0x1)
	/-S/contrib/go/_std_1.21/src/runtime/select.go:327 +0x725 fp=0xc000611e98 sp=0xc000611d78 pc=0x10af265
google.golang.org/grpc/internal/transport.(*controlBuffer).get(0xc0006c8d20, 0x1)
	/-S/vendor/google.golang.org/grpc/internal/transport/controlbuf.go:418 +0x113 fp=0xc000611f30 sp=0xc000611e98 pc=0x14c99b3
google.golang.org/grpc/internal/transport.(*loopyWriter).run(0xc0001ca930)
	/-S/vendor/google.golang.org/grpc/internal/transport/controlbuf.go:552 +0x86 fp=0xc000611f90 sp=0xc000611f30 pc=0x14ca0e6
google.golang.org/grpc/internal/transport.newHTTP2Client.func6()
	/-S/vendor/google.golang.org/grpc/internal/transport/http2_client.go:451 +0x85 fp=0xc000611fe0 sp=0xc000611f90 pc=0x14d38c5
runtime.goexit()
	/-S/contrib/go/_std_1.21/src/runtime/asm_amd64.s:1650 +0x1 fp=0xc000611fe8 sp=0xc000611fe0 pc=0x10d2021
created by google.golang.org/grpc/internal/transport.newHTTP2Client in goroutine 244
	/-S/vendor/google.golang.org/grpc/internal/transport/http2_client.go:449 +0x2450

goroutine 233 [IO wait, 57 minutes]:
runtime.gopark(0x3a369b30b180455a?, 0xb?, 0x0?, 0x0?, 0x8?)
	/-S/contrib/go/_std_1.21/src/runtime/proc.go:398 +0xce fp=0xc0006105c0 sp=0xc0006105a0 pc=0x109ed6e
runtime.netpollblock(0x10e77f8?, 0x1067ce6?, 0x0?)
	/-S/contrib/go/_std_1.21/src/runtime/netpoll.go:564 +0xf7 fp=0xc0006105f8 sp=0xc0006105c0 pc=0x10974f7
internal/poll.runtime_pollWait(0x7f31bd22bc90, 0x72)
	/-S/contrib/go/_std_1.21/src/runtime/netpoll.go:343 +0x85 fp=0xc000610618 sp=0xc0006105f8 pc=0x10cc3e5
internal/poll.(*pollDesc).wait(0xc00050d200?, 0xc000652000?, 0x0)
	/-S/contrib/go/_std_1.21/src/internal/poll/fd_poll_runtime.go:85 +0x27 fp=0xc000610640 sp=0xc000610618 pc=0x1109b47
internal/poll.(*pollDesc).waitRead(...)
	/-S/contrib/go/_std_1.21/src/internal/poll/fd_poll_runtime.go:90
internal/poll.(*FD).Read(0xc00050d200, {0xc000652000, 0xa80, 0xa80})
	/-S/contrib/go/_std_1.21/src/internal/poll/fd_unix.go:164 +0x27a fp=0xc0006106d8 sp=0xc000610640 pc=0x110ae3a
net.(*netFD).Read(0xc00050d200, {0xc000652000?, 0xc000652247?, 0x1a?})
	/-S/contrib/go/_std_1.21/src/net/fd_posix.go:55 +0x25 fp=0xc000610720 sp=0xc0006106d8 pc=0x12e9905
net.(*conn).Read(0xc000b120e8, {0xc000652000?, 0xc0006107c0?, 0xc0003208b8?})
	/-S/contrib/go/_std_1.21/src/net/net.go:179 +0x45 fp=0xc000610768 sp=0xc000610720 pc=0x12f9b25
net.(*TCPConn).Read(0xc000610800?, {0xc000652000?, 0xc00086e660?, 0x18?})
	&amp;lt;autogenerated&amp;gt;:1 +0x25 fp=0xc000610798 sp=0xc000610768 pc=0x130a465
crypto/tls.(*atLeastReader).Read(0xc00086e660, {0xc000652000?, 0xc00086e660?, 0x0?})
	/-S/contrib/go/_std_1.21/src/crypto/tls/conn.go:805 +0x3b fp=0xc0006107e0 sp=0xc000610798 pc=0x13d53db
bytes.(*Buffer).ReadFrom(0xc0003209a8, {0x87c020, 0xc00086e660})
	/-S/contrib/go/_std_1.21/src/bytes/buffer.go:211 +0x98 fp=0xc000610838 sp=0xc0006107e0 pc=0x116cc78
crypto/tls.(*Conn).readFromUntil(0xc000320700, {0x878c60?, 0xc000b120e8}, 0x83e?)
	/-S/contrib/go/_std_1.21/src/crypto/tls/conn.go:827 +0xde fp=0xc000610878 sp=0xc000610838 pc=0x13d55be
crypto/tls.(*Conn).readRecordOrCCS(0xc000320700, 0x0)
	/-S/contrib/go/_std_1.21/src/crypto/tls/conn.go:625 +0x250 fp=0xc000610c18 sp=0xc000610878 pc=0x13d2b90
crypto/tls.(*Conn).readRecord(...)
	/-S/contrib/go/_std_1.21/src/crypto/tls/conn.go:587
crypto/tls.(*Conn).Read(0xc000320700, {0xc000808000, 0x8000, 0x14da75f?})
	/-S/contrib/go/_std_1.21/src/crypto/tls/conn.go:1369 +0x158 fp=0xc000610c88 sp=0xc000610c18 pc=0x13d8e58
google.golang.org/grpc/internal/credentials.(*syscallConn).Read(0x10401?, {0xc000808000?, 0x1071525?, 0x10401?})
	&amp;lt;autogenerated&amp;gt;:1 +0x29 fp=0xc000610cb8 sp=0xc000610c88 pc=0x1412269
bufio.(*Reader).Read(0xc000839980, {0xc000388580, 0x9, 0x30?})
	/-S/contrib/go/_std_1.21/src/bufio/bufio.go:244 +0x197 fp=0xc000610cf0 sp=0xc000610cb8 pc=0x118e657
io.ReadAtLeast({0x876800, 0xc000839980}, {0xc000388580, 0x9, 0x9}, 0x9)
	/-S/contrib/go/_std_1.21/src/io/io.go:335 +0x90 fp=0xc000610d38 sp=0xc000610cf0 pc=0x1105830
io.ReadFull(...)
	/-S/contrib/go/_std_1.21/src/io/io.go:354
golang.org/x/net/http2.readFrameHeader({0xc000388580, 0x9, 0xc0005b2900?}, {0x876800?, 0xc000839980?})
	/-S/vendor/golang.org/x/net/http2/frame.go:237 +0x65 fp=0xc000610d88 sp=0xc000610d38 pc=0x1496485
golang.org/x/net/http2.(*Framer).ReadFrame(0xc000388540)
	/-S/vendor/golang.org/x/net/http2/frame.go:498 +0x85 fp=0xc000610e30 sp=0xc000610d88 pc=0x1496bc5
google.golang.org/grpc/internal/transport.(*http2Client).reader(0xc0001f9440, 0x0?)
	/-S/vendor/google.golang.org/grpc/internal/transport/http2_client.go:1595 +0x245 fp=0xc000610fc0 sp=0xc000610e30 pc=0x14ddd65
google.golang.org/grpc/internal/transport.newHTTP2Client.func11()
	/-S/vendor/google.golang.org/grpc/internal/transport/http2_client.go:397 +0x25 fp=0xc000610fe0 sp=0xc000610fc0 pc=0x14d39c5
runtime.goexit()
	/-S/contrib/go/_std_1.21/src/runtime/asm_amd64.s:1650 +0x1 fp=0xc000610fe8 sp=0xc000610fe0 pc=0x10d2021
created by google.golang.org/grpc/internal/transport.newHTTP2Client in goroutine 261
	/-S/vendor/google.golang.org/grpc/internal/transport/http2_client.go:397 +0x1e9e

goroutine 288 [select, 55 minutes]:
runtime.gopark(0xc000faef80?, 0x2?, 0x3?, 0x0?, 0xc000faef44?)
	/-S/contrib/go/_std_1.21/src/runtime/proc.go:398 +0xce fp=0xc000faedd0 sp=0xc000faedb0 pc=0x109ed6e
runtime.selectgo(0xc000faef80, 0xc000faef40, 0x1424b20?, 0x0, 0xc00082f6ff?, 0x1)
	/-S/contrib/go/_std_1.21/src/runtime/select.go:327 +0x725 fp=0xc000faeef0 sp=0xc000faedd0 pc=0x10af265
google.golang.org/grpc/internal/grpcsync.(*CallbackSerializer).run(0xc00061c9e0, {0x887ed0, 0xc000624d20})
	/-S/vendor/google.golang.org/grpc/internal/grpcsync/callback_serializer.go:83 +0x112 fp=0xc000faefb8 sp=0xc000faeef0 pc=0x1424732
google.golang.org/grpc/internal/grpcsync.NewCallbackSerializer.func1()
	/-S/vendor/google.golang.org/grpc/internal/grpcsync/callback_serializer.go:55 +0x28 fp=0xc000faefe0 sp=0xc000faefb8 pc=0x1424468
runtime.goexit()
	/-S/contrib/go/_std_1.21/src/runtime/asm_amd64.s:1650 +0x1 fp=0xc000faefe8 sp=0xc000faefe0 pc=0x10d2021
created by google.golang.org/grpc/internal/grpcsync.NewCallbackSerializer in goroutine 73
	/-S/vendor/google.golang.org/grpc/internal/grpcsync/callback_serializer.go:55 +0x129

goroutine 330 [IO wait, 55 minutes]:
runtime.gopark(0xf582fa7b80f2c0fd?, 0xb?, 0x0?, 0x0?, 0xc?)
	/-S/contrib/go/_std_1.21/src/runtime/proc.go:398 +0xce fp=0xc0006de5c0 sp=0xc0006de5a0 pc=0x109ed6e
runtime.netpollblock(0x10e77f8?, 0x1067ce6?, 0x0?)
	/-S/contrib/go/_std_1.21/src/runtime/netpoll.go:564 +0xf7 fp=0xc0006de5f8 sp=0xc0006de5c0 pc=0x10974f7
internal/poll.runtime_pollWait(0x7f31bd22b9a8, 0x72)
	/-S/contrib/go/_std_1.21/src/runtime/netpoll.go:343 +0x85 fp=0xc0006de618 sp=0xc0006de5f8 pc=0x10cc3e5
internal/poll.(*pollDesc).wait(0xc000204400?, 0xc000fc4000?, 0x0)
	/-S/contrib/go/_std_1.21/src/internal/poll/fd_poll_runtime.go:85 +0x27 fp=0xc0006de640 sp=0xc0006de618 pc=0x1109b47
internal/poll.(*pollDesc).waitRead(...)
	/-S/contrib/go/_std_1.21/src/internal/poll/fd_poll_runtime.go:90
internal/poll.(*FD).Read(0xc000204400, {0xc000fc4000, 0xa80, 0xa80})
	/-S/contrib/go/_std_1.21/src/internal/poll/fd_unix.go:164 +0x27a fp=0xc0006de6d8 sp=0xc0006de640 pc=0x110ae3a
net.(*netFD).Read(0xc000204400, {0xc000fc4000?, 0xc000fc4005?, 0x22?})
	/-S/contrib/go/_std_1.21/src/net/fd_posix.go:55 +0x25 fp=0xc0006de720 sp=0xc0006de6d8 pc=0x12e9905
net.(*conn).Read(0xc0000fa510, {0xc000fc4000?, 0x13d55be?, 0xc000837db8?})
	/-S/contrib/go/_std_1.21/src/net/net.go:179 +0x45 fp=0xc0006de768 sp=0xc0006de720 pc=0x12f9b25
net.(*TCPConn).Read(0xc0006de800?, {0xc000fc4000?, 0xc000b104f8?, 0x18?})
	&amp;lt;autogenerated&amp;gt;:1 +0x25 fp=0xc0006de798 sp=0xc0006de768 pc=0x130a465
crypto/tls.(*atLeastReader).Read(0xc000b104f8, {0xc000fc4000?, 0xc000b104f8?, 0x0?})
	/-S/contrib/go/_std_1.21/src/crypto/tls/conn.go:805 +0x3b fp=0xc0006de7e0 sp=0xc0006de798 pc=0x13d53db
bytes.(*Buffer).ReadFrom(0xc000837ea8, {0x87c020, 0xc000b104f8})
	/-S/contrib/go/_std_1.21/src/bytes/buffer.go:211 +0x98 fp=0xc0006de838 sp=0xc0006de7e0 pc=0x116cc78
crypto/tls.(*Conn).readFromUntil(0xc000837c00, {0x878c60?, 0xc0000fa510}, 0xa80?)
	/-S/contrib/go/_std_1.21/src/crypto/tls/conn.go:827 +0xde fp=0xc0006de878 sp=0xc0006de838 pc=0x13d55be
crypto/tls.(*Conn).readRecordOrCCS(0xc000837c00, 0x0)
	/-S/contrib/go/_std_1.21/src/crypto/tls/conn.go:625 +0x250 fp=0xc0006dec18 sp=0xc0006de878 pc=0x13d2b90
crypto/tls.(*Conn).readRecord(...)
	/-S/contrib/go/_std_1.21/src/crypto/tls/conn.go:587
crypto/tls.(*Conn).Read(0xc000837c00, {0xc000fdc000, 0x8000, 0x5?})
	/-S/contrib/go/_std_1.21/src/crypto/tls/conn.go:1369 +0x158 fp=0xc0006dec88 sp=0xc0006dec18 pc=0x13d8e58
google.golang.org/grpc/internal/credentials.(*syscallConn).Read(0x10d0092?, {0xc000fdc000?, 0x1069f13?, 0xc0006decf0?})
	&amp;lt;autogenerated&amp;gt;:1 +0x29 fp=0xc0006decb8 sp=0xc0006dec88 pc=0x1412269
bufio.(*Reader).Read(0xc0008c1f20, {0xc000388820, 0x9, 0xc0006ded78?})
	/-S/contrib/go/_std_1.21/src/bufio/bufio.go:244 +0x197 fp=0xc0006decf0 sp=0xc0006decb8 pc=0x118e657
io.ReadAtLeast({0x876800, 0xc0008c1f20}, {0xc000388820, 0x9, 0x9}, 0x9)
	/-S/contrib/go/_std_1.21/src/io/io.go:335 +0x90 fp=0xc0006ded38 sp=0xc0006decf0 pc=0x1105830
io.ReadFull(...)
	/-S/contrib/go/_std_1.21/src/io/io.go:354
golang.org/x/net/http2.readFrameHeader({0xc000388820, 0x9, 0x390500?}, {0x876800?, 0xc0008c1f20?})
	/-S/vendor/golang.org/x/net/http2/frame.go:237 +0x65 fp=0xc0006ded88 sp=0xc0006ded38 pc=0x1496485
golang.org/x/net/http2.(*Framer).ReadFrame(0xc0003887e0)
	/-S/vendor/golang.org/x/net/http2/frame.go:498 +0x85 fp=0xc0006dee30 sp=0xc0006ded88 pc=0x1496bc5
google.golang.org/grpc/internal/transport.(*http2Client).reader(0xc0002be240, 0x0?)
	/-S/vendor/google.golang.org/grpc/internal/transport/http2_client.go:1595 +0x245 fp=0xc0006defc0 sp=0xc0006dee30 pc=0x14ddd65
google.golang.org/grpc/internal/transport.newHTTP2Client.func11()
	/-S/vendor/google.golang.org/grpc/internal/transport/http2_client.go:397 +0x25 fp=0xc0006defe0 sp=0xc0006defc0 pc=0x14d39c5
runtime.goexit()
	/-S/contrib/go/_std_1.21/src/runtime/asm_amd64.s:1650 +0x1 fp=0xc0006defe8 sp=0xc0006defe0 pc=0x10d2021
created by google.golang.org/grpc/internal/transport.newHTTP2Client in goroutine 324
	/-S/vendor/google.golang.org/grpc/internal/transport/http2_client.go:397 +0x1e9e

goroutine 64 [select, 57 minutes]:
runtime.gopark(0xc00010df80?, 0x2?, 0x2?, 0x0?, 0xc00010df44?)
	/-S/contrib/go/_std_1.21/src/runtime/proc.go:398 +0xce fp=0xc00010ddd0 sp=0xc00010ddb0 pc=0x109ed6e
runtime.selectgo(0xc00010df80, 0xc00010df40, 0x0?, 0x0, 0xc00082df48?, 0x1)
	/-S/contrib/go/_std_1.21/src/runtime/select.go:327 +0x725 fp=0xc00010def0 sp=0xc00010ddd0 pc=0x10af265
google.golang.org/grpc/internal/grpcsync.(*CallbackSerializer).run(0xc0000ff400, {0x887ed0, 0xc00012a6e0})
	/-S/vendor/google.golang.org/grpc/internal/grpcsync/callback_serializer.go:83 +0x112 fp=0xc00010dfb8 sp=0xc00010def0 pc=0x1424732
google.golang.org/grpc/internal/grpcsync.NewCallbackSerializer.func1()
	/-S/vendor/google.golang.org/grpc/internal/grpcsync/callback_serializer.go:55 +0x28 fp=0xc00010dfe0 sp=0xc00010dfb8 pc=0x1424468
runtime.goexit()
	/-S/contrib/go/_std_1.21/src/runtime/asm_amd64.s:1650 +0x1 fp=0xc00010dfe8 sp=0xc00010dfe0 pc=0x10d2021
created by google.golang.org/grpc/internal/grpcsync.NewCallbackSerializer in goroutine 73
	/-S/vendor/google.golang.org/grpc/internal/grpcsync/callback_serializer.go:55 +0x129

goroutine 65 [select, 57 minutes]:
runtime.gopark(0xc00010af80?, 0x2?, 0x3?, 0x0?, 0xc00010af44?)
	/-S/contrib/go/_std_1.21/src/runtime/proc.go:398 +0xce fp=0xc00010add0 sp=0xc00010adb0 pc=0x109ed6e
runtime.selectgo(0xc00010af80, 0xc00010af40, 0x0?, 0x0, 0x0?, 0x1)
	/-S/contrib/go/_std_1.21/src/runtime/select.go:327 +0x725 fp=0xc00010aef0 sp=0xc00010add0 pc=0x10af265
google.golang.org/grpc/internal/grpcsync.(*CallbackSerializer).run(0xc0000ff720, {0x887ed0, 0xc00012a730})
	/-S/vendor/google.golang.org/grpc/internal/grpcsync/callback_serializer.go:83 +0x112 fp=0xc00010afb8 sp=0xc00010aef0 pc=0x1424732
google.golang.org/grpc/internal/grpcsync.NewCallbackSerializer.func1()
	/-S/vendor/google.golang.org/grpc/internal/grpcsync/callback_serializer.go:55 +0x28 fp=0xc00010afe0 sp=0xc00010afb8 pc=0x1424468
runtime.goexit()
	/-S/contrib/go/_std_1.21/src/runtime/asm_amd64.s:1650 +0x1 fp=0xc00010afe8 sp=0xc00010afe0 pc=0x10d2021
created by google.golang.org/grpc/internal/grpcsync.NewCallbackSerializer in goroutine 73
	/-S/vendor/google.golang.org/grpc/internal/grpcsync/callback_serializer.go:55 +0x129

goroutine 238 [select]:
runtime.gopark(0xc00082f760?, 0x3?, 0x2?, 0x0?, 0xc00082f6ea?)
	/-S/contrib/go/_std_1.21/src/runtime/proc.go:398 +0xce fp=0xc00082f580 sp=0xc00082f560 pc=0x109ed6e
runtime.selectgo(0xc00082f760, 0xc00082f6e4, 0xc00057e614?, 0x0, 0xc00057e610?, 0x1)
	/-S/contrib/go/_std_1.21/src/runtime/select.go:327 +0x725 fp=0xc00082f6a0 sp=0xc00082f580 pc=0x10af265
github.com/ydb-platform/ydb-go-sdk/v3/internal/table.(*Client).internalPoolGC(0xc000e589c0, {0x887e98, 0xc000328b10}, 0x45d964b800)
	/-S/vendor/github.com/ydb-platform/ydb-go-sdk/v3/internal/table/client.go:754 +0x22e fp=0xc00082f7b0 sp=0xc00082f6a0 pc=0x1759b2e
github.com/ydb-platform/ydb-go-sdk/v3/internal/table.newClient.func3()
	/-S/vendor/github.com/ydb-platform/ydb-go-sdk/v3/internal/table/client.go:73 +0x2c fp=0xc00082f7e0 sp=0xc00082f7b0 pc=0x175452c
runtime.goexit()
	/-S/contrib/go/_std_1.21/src/runtime/asm_amd64.s:1650 +0x1 fp=0xc00082f7e8 sp=0xc00082f7e0 pc=0x10d2021
created by github.com/ydb-platform/ydb-go-sdk/v3/internal/table.newClient in goroutine 73
	/-S/vendor/github.com/ydb-platform/ydb-go-sdk/v3/internal/table/client.go:73 +0x49a

goroutine 259 [select, 57 minutes]:
runtime.gopark(0xc00010ff80?, 0x2?, 0x2?, 0x0?, 0xc00010ff44?)
	/-S/contrib/go/_std_1.21/src/runtime/proc.go:398 +0xce fp=0xc00010fdd0 sp=0xc00010fdb0 pc=0x109ed6e
runtime.selectgo(0xc00010ff80, 0xc00010ff40, 0x0?, 0x0, 0x0?, 0x1)
	/-S/contrib/go/_std_1.21/src/runtime/select.go:327 +0x725 fp=0xc00010fef0 sp=0xc00010fdd0 pc=0x10af265
google.golang.org/grpc/internal/grpcsync.(*CallbackSerializer).run(0xc0000ffd60, {0x887ed0, 0xc00012b130})
	/-S/vendor/google.golang.org/grpc/internal/grpcsync/callback_serializer.go:83 +0x112 fp=0xc00010ffb8 sp=0xc00010fef0 pc=0x1424732
google.golang.org/grpc/internal/grpcsync.NewCallbackSerializer.func1()
	/-S/vendor/google.golang.org/grpc/internal/grpcsync/callback_serializer.go:55 +0x28 fp=0xc00010ffe0 sp=0xc00010ffb8 pc=0x1424468
runtime.goexit()
	/-S/contrib/go/_std_1.21/src/runtime/asm_amd64.s:1650 +0x1 fp=0xc00010ffe8 sp=0xc00010ffe0 pc=0x10d2021
created by google.golang.org/grpc/internal/grpcsync.NewCallbackSerializer in goroutine 73
	/-S/vendor/google.golang.org/grpc/internal/grpcsync/callback_serializer.go:55 +0x129

goroutine 260 [select, 57 minutes]:
runtime.gopark(0xc00010ef80?, 0x2?, 0x3?, 0x0?, 0xc00010ef44?)
	/-S/contrib/go/_std_1.21/src/runtime/proc.go:398 +0xce fp=0xc00010edd0 sp=0xc00010edb0 pc=0x109ed6e
runtime.selectgo(0xc00010ef80, 0xc00010ef40, 0x0?, 0x0, 0x0?, 0x1)
	/-S/contrib/go/_std_1.21/src/runtime/select.go:327 +0x725 fp=0xc00010eef0 sp=0xc00010edd0 pc=0x10af265
google.golang.org/grpc/internal/grpcsync.(*CallbackSerializer).run(0xc0000ffdc0, {0x887ed0, 0xc00012b180})
	/-S/vendor/google.golang.org/grpc/internal/grpcsync/callback_serializer.go:83 +0x112 fp=0xc00010efb8 sp=0xc00010eef0 pc=0x1424732
google.golang.org/grpc/internal/grpcsync.NewCallbackSerializer.func1()
	/-S/vendor/google.golang.org/grpc/internal/grpcsync/callback_serializer.go:55 +0x28 fp=0xc00010efe0 sp=0xc00010efb8 pc=0x1424468
runtime.goexit()
	/-S/contrib/go/_std_1.21/src/runtime/asm_amd64.s:1650 +0x1 fp=0xc00010efe8 sp=0xc00010efe0 pc=0x10d2021
created by google.golang.org/grpc/internal/grpcsync.NewCallbackSerializer in goroutine 73
	/-S/vendor/google.golang.org/grpc/internal/grpcsync/callback_serializer.go:55 +0x129

goroutine 287 [select, 55 minutes]:
runtime.gopark(0xc000faff80?, 0x2?, 0x2?, 0x0?, 0xc000faff44?)
	/-S/contrib/go/_std_1.21/src/runtime/proc.go:398 +0xce fp=0xc000fafdd0 sp=0xc000fafdb0 pc=0x109ed6e
runtime.selectgo(0xc000faff80, 0xc000faff40, 0x0?, 0x0, 0xc000599748?, 0x1)
	/-S/contrib/go/_std_1.21/src/runtime/select.go:327 +0x725 fp=0xc000fafef0 sp=0xc000fafdd0 pc=0x10af265
google.golang.org/grpc/internal/grpcsync.(*CallbackSerializer).run(0xc00061c980, {0x887ed0, 0xc000624cd0})
	/-S/vendor/google.golang.org/grpc/internal/grpcsync/callback_serializer.go:83 +0x112 fp=0xc000faffb8 sp=0xc000fafef0 pc=0x1424732
google.golang.org/grpc/internal/grpcsync.NewCallbackSerializer.func1()
	/-S/vendor/google.golang.org/grpc/internal/grpcsync/callback_serializer.go:55 +0x28 fp=0xc000faffe0 sp=0xc000faffb8 pc=0x1424468
runtime.goexit()
	/-S/contrib/go/_std_1.21/src/runtime/asm_amd64.s:1650 +0x1 fp=0xc000faffe8 sp=0xc000faffe0 pc=0x10d2021
created by google.golang.org/grpc/internal/grpcsync.NewCallbackSerializer in goroutine 73
	/-S/vendor/google.golang.org/grpc/internal/grpcsync/callback_serializer.go:55 +0x129

goroutine 262 [select, 57 minutes]:
runtime.gopark(0xc0006e3f80?, 0x2?, 0x2?, 0x0?, 0xc0006e3f44?)
	/-S/contrib/go/_std_1.21/src/runtime/proc.go:398 +0xce fp=0xc0006e3dd0 sp=0xc0006e3db0 pc=0x109ed6e
runtime.selectgo(0xc0006e3f80, 0xc0006e3f40, 0x0?, 0x0, 0x0?, 0x1)
	/-S/contrib/go/_std_1.21/src/runtime/select.go:327 +0x725 fp=0xc0006e3ef0 sp=0xc0006e3dd0 pc=0x10af265
google.golang.org/grpc/internal/grpcsync.(*CallbackSerializer).run(0xc0005cc1c0, {0x887ed0, 0xc00012b590})
	/-S/vendor/google.golang.org/grpc/internal/grpcsync/callback_serializer.go:83 +0x112 fp=0xc0006e3fb8 sp=0xc0006e3ef0 pc=0x1424732
google.golang.org/grpc/internal/grpcsync.NewCallbackSerializer.func1()
	/-S/vendor/google.golang.org/grpc/internal/grpcsync/callback_serializer.go:55 +0x28 fp=0xc0006e3fe0 sp=0xc0006e3fb8 pc=0x1424468
runtime.goexit()
	/-S/contrib/go/_std_1.21/src/runtime/asm_amd64.s:1650 +0x1 fp=0xc0006e3fe8 sp=0xc0006e3fe0 pc=0x10d2021
created by google.golang.org/grpc/internal/grpcsync.NewCallbackSerializer in goroutine 73
	/-S/vendor/google.golang.org/grpc/internal/grpcsync/callback_serializer.go:55 +0x129

goroutine 263 [select, 57 minutes]:
runtime.gopark(0xc00060ff80?, 0x2?, 0x3?, 0x0?, 0xc00060ff44?)
	/-S/contrib/go/_std_1.21/src/runtime/proc.go:398 +0xce fp=0xc00060fdd0 sp=0xc00060fdb0 pc=0x109ed6e
runtime.selectgo(0xc00060ff80, 0xc00060ff40, 0x0?, 0x0, 0x0?, 0x1)
	/-S/contrib/go/_std_1.21/src/runtime/select.go:327 +0x725 fp=0xc00060fef0 sp=0xc00060fdd0 pc=0x10af265
google.golang.org/grpc/internal/grpcsync.(*CallbackSerializer).run(0xc0005cc220, {0x887ed0, 0xc00012b5e0})
	/-S/vendor/google.golang.org/grpc/internal/grpcsync/callback_serializer.go:83 +0x112 fp=0xc00060ffb8 sp=0xc00060fef0 pc=0x1424732
google.golang.org/grpc/internal/grpcsync.NewCallbackSerializer.func1()
	/-S/vendor/google.golang.org/grpc/internal/grpcsync/callback_serializer.go:55 +0x28 fp=0xc00060ffe0 sp=0xc00060ffb8 pc=0x1424468
runtime.goexit()
	/-S/contrib/go/_std_1.21/src/runtime/asm_amd64.s:1650 +0x1 fp=0xc00060ffe8 sp=0xc00060ffe0 pc=0x10d2021
created by google.golang.org/grpc/internal/grpcsync.NewCallbackSerializer in goroutine 73
	/-S/vendor/google.golang.org/grpc/internal/grpcsync/callback_serializer.go:55 +0x129

goroutine 273 [IO wait, 55 minutes]:
runtime.gopark(0xdf470b95d440f199?, 0xb?, 0x0?, 0x0?, 0xb?)
	/-S/contrib/go/_std_1.21/src/runtime/proc.go:398 +0xce fp=0xc0006125c0 sp=0xc0006125a0 pc=0x109ed6e
runtime.netpollblock(0x10e77f8?, 0x1067ce6?, 0x0?)
	/-S/contrib/go/_std_1.21/src/runtime/netpoll.go:564 +0xf7 fp=0xc0006125f8 sp=0xc0006125c0 pc=0x10974f7
internal/poll.runtime_pollWait(0x7f31bd22baa0, 0x72)
	/-S/contrib/go/_std_1.21/src/runtime/netpoll.go:343 +0x85 fp=0xc000612618 sp=0xc0006125f8 pc=0x10cc3e5
internal/poll.(*pollDesc).wait(0xc0008d8880?, 0xc000881500?, 0x0)
	/-S/contrib/go/_std_1.21/src/internal/poll/fd_poll_runtime.go:85 +0x27 fp=0xc000612640 sp=0xc000612618 pc=0x1109b47
internal/poll.(*pollDesc).waitRead(...)
	/-S/contrib/go/_std_1.21/src/internal/poll/fd_poll_runtime.go:90
internal/poll.(*FD).Read(0xc0008d8880, {0xc000881500, 0xa80, 0xa80})
	/-S/contrib/go/_std_1.21/src/internal/poll/fd_unix.go:164 +0x27a fp=0xc0006126d8 sp=0xc000612640 pc=0x110ae3a
net.(*netFD).Read(0xc0008d8880, {0xc000881500?, 0xc000881549?, 0x1a?})
	/-S/contrib/go/_std_1.21/src/net/fd_posix.go:55 +0x25 fp=0xc000612720 sp=0xc0006126d8 pc=0x12e9905
net.(*conn).Read(0xc00062c0b8, {0xc000881500?, 0x13d55be?, 0xc0006f61b8?})
	/-S/contrib/go/_std_1.21/src/net/net.go:179 +0x45 fp=0xc000612768 sp=0xc000612720 pc=0x12f9b25
net.(*TCPConn).Read(0xc000612800?, {0xc000881500?, 0xc00086e1f8?, 0x18?})
	&amp;lt;autogenerated&amp;gt;:1 +0x25 fp=0xc000612798 sp=0xc000612768 pc=0x130a465
crypto/tls.(*atLeastReader).Read(0xc00086e1f8, {0xc000881500?, 0xc00086e1f8?, 0x0?})
	/-S/contrib/go/_std_1.21/src/crypto/tls/conn.go:805 +0x3b fp=0xc0006127e0 sp=0xc000612798 pc=0x13d53db
bytes.(*Buffer).ReadFrom(0xc0006f62a8, {0x87c020, 0xc00086e1f8})
	/-S/contrib/go/_std_1.21/src/bytes/buffer.go:211 +0x98 fp=0xc000612838 sp=0xc0006127e0 pc=0x116cc78
crypto/tls.(*Conn).readFromUntil(0xc0006f6000, {0x878c60?, 0xc00062c0b8}, 0xa3c?)
	/-S/contrib/go/_std_1.21/src/crypto/tls/conn.go:827 +0xde fp=0xc000612878 sp=0xc000612838 pc=0x13d55be
crypto/tls.(*Conn).readRecordOrCCS(0xc0006f6000, 0x0)
	/-S/contrib/go/_std_1.21/src/crypto/tls/conn.go:625 +0x250 fp=0xc000612c18 sp=0xc000612878 pc=0x13d2b90
crypto/tls.(*Conn).readRecord(...)
	/-S/contrib/go/_std_1.21/src/crypto/tls/conn.go:587
crypto/tls.(*Conn).Read(0xc0006f6000, {0xc000696000, 0x8000, 0x14da75f?})
	/-S/contrib/go/_std_1.21/src/crypto/tls/conn.go:1369 +0x158 fp=0xc000612c88 sp=0xc000612c18 pc=0x13d8e58
google.golang.org/grpc/internal/credentials.(*syscallConn).Read(0x10401?, {0xc000696000?, 0x1071525?, 0x10401?})
	&amp;lt;autogenerated&amp;gt;:1 +0x29 fp=0xc000612cb8 sp=0xc000612c88 pc=0x1412269
bufio.(*Reader).Read(0xc000961f20, {0xc000954040, 0x9, 0x30?})
	/-S/contrib/go/_std_1.21/src/bufio/bufio.go:244 +0x197 fp=0xc000612cf0 sp=0xc000612cb8 pc=0x118e657
io.ReadAtLeast({0x876800, 0xc000961f20}, {0xc000954040, 0x9, 0x9}, 0x9)
	/-S/contrib/go/_std_1.21/src/io/io.go:335 +0x90 fp=0xc000612d38 sp=0xc000612cf0 pc=0x1105830
io.ReadFull(...)
	/-S/contrib/go/_std_1.21/src/io/io.go:354
golang.org/x/net/http2.readFrameHeader({0xc000954040, 0x9, 0xc0005b2d80?}, {0x876800?, 0xc000961f20?})
	/-S/vendor/golang.org/x/net/http2/frame.go:237 +0x65 fp=0xc000612d88 sp=0xc000612d38 pc=0x1496485
golang.org/x/net/http2.(*Framer).ReadFrame(0xc000954000)
	/-S/vendor/golang.org/x/net/http2/frame.go:498 +0x85 fp=0xc000612e30 sp=0xc000612d88 pc=0x1496bc5
google.golang.org/grpc/internal/transport.(*http2Client).reader(0xc0001f8fc0, 0x0?)
	/-S/vendor/google.golang.org/grpc/internal/transport/http2_client.go:1595 +0x245 fp=0xc000612fc0 sp=0xc000612e30 pc=0x14ddd65
google.golang.org/grpc/internal/transport.newHTTP2Client.func11()
	/-S/vendor/google.golang.org/grpc/internal/transport/http2_client.go:397 +0x25 fp=0xc000612fe0 sp=0xc000612fc0 pc=0x14d39c5
runtime.goexit()
	/-S/contrib/go/_std_1.21/src/runtime/asm_amd64.s:1650 +0x1 fp=0xc000612fe8 sp=0xc000612fe0 pc=0x10d2021
created by google.golang.org/grpc/internal/transport.newHTTP2Client in goroutine 289
	/-S/vendor/google.golang.org/grpc/internal/transport/http2_client.go:397 +0x1e9e

goroutine 285 [select, 55 minutes]:
runtime.gopark(0xc0006e4f80?, 0x2?, 0x3?, 0x0?, 0xc0006e4f44?)
	/-S/contrib/go/_std_1.21/src/runtime/proc.go:398 +0xce fp=0xc0006e4dd0 sp=0xc0006e4db0 pc=0x109ed6e
runtime.selectgo(0xc0006e4f80, 0xc0006e4f40, 0xc000833f18?, 0x0, 0xc00086f308?, 0x1)
	/-S/contrib/go/_std_1.21/src/runtime/select.go:327 +0x725 fp=0xc0006e4ef0 sp=0xc0006e4dd0 pc=0x10af265
google.golang.org/grpc/internal/grpcsync.(*CallbackSerializer).run(0xc00061c5a0, {0x887ed0, 0xc000624910})
	/-S/vendor/google.golang.org/grpc/internal/grpcsync/callback_serializer.go:83 +0x112 fp=0xc0006e4fb8 sp=0xc0006e4ef0 pc=0x1424732
google.golang.org/grpc/internal/grpcsync.NewCallbackSerializer.func1()
	/-S/vendor/google.golang.org/grpc/internal/grpcsync/callback_serializer.go:55 +0x28 fp=0xc0006e4fe0 sp=0xc0006e4fb8 pc=0x1424468
runtime.goexit()
	/-S/contrib/go/_std_1.21/src/runtime/asm_amd64.s:1650 +0x1 fp=0xc0006e4fe8 sp=0xc0006e4fe0 pc=0x10d2021
created by google.golang.org/grpc/internal/grpcsync.NewCallbackSerializer in goroutine 73
	/-S/vendor/google.golang.org/grpc/internal/grpcsync/callback_serializer.go:55 +0x129

goroutine 338 [select, 55 minutes]:
runtime.gopark(0xc0006eff00?, 0x2?, 0x0?, 0x0?, 0xc0006efecc?)
	/-S/contrib/go/_std_1.21/src/runtime/proc.go:398 +0xce fp=0xc000d88d78 sp=0xc000d88d58 pc=0x109ed6e
runtime.selectgo(0xc000d88f00, 0xc0006efec8, 0xc0006efe90?, 0x0, 0x1412929?, 0x1)
	/-S/contrib/go/_std_1.21/src/runtime/select.go:327 +0x725 fp=0xc000d88e98 sp=0xc000d88d78 pc=0x10af265
google.golang.org/grpc/internal/transport.(*controlBuffer).get(0xc0002bc730, 0x1)
	/-S/vendor/google.golang.org/grpc/internal/transport/controlbuf.go:418 +0x113 fp=0xc000d88f30 sp=0xc000d88e98 pc=0x14c99b3
google.golang.org/grpc/internal/transport.(*loopyWriter).run(0xc0001f70a0)
	/-S/vendor/google.golang.org/grpc/internal/transport/controlbuf.go:552 +0x86 fp=0xc000d88f90 sp=0xc000d88f30 pc=0x14ca0e6
google.golang.org/grpc/internal/transport.newHTTP2Client.func6()
	/-S/vendor/google.golang.org/grpc/internal/transport/http2_client.go:451 +0x85 fp=0xc000d88fe0 sp=0xc000d88f90 pc=0x14d38c5
runtime.goexit()
	/-S/contrib/go/_std_1.21/src/runtime/asm_amd64.s:1650 +0x1 fp=0xc000d88fe8 sp=0xc000d88fe0 pc=0x10d2021
created by google.golang.org/grpc/internal/transport.newHTTP2Client in goroutine 289
	/-S/vendor/google.golang.org/grpc/internal/transport/http2_client.go:449 +0x2450

goroutine 235 [IO wait, 57 minutes]:
runtime.gopark(0x15c44b8d1c27b5d9?, 0xb?, 0x0?, 0x0?, 0x9?)
	/-S/contrib/go/_std_1.21/src/runtime/proc.go:398 +0xce fp=0xc0006e05c0 sp=0xc0006e05a0 pc=0x109ed6e
runtime.netpollblock(0x10e77f8?, 0x1067ce6?, 0x0?)
	/-S/contrib/go/_std_1.21/src/runtime/netpoll.go:564 +0xf7 fp=0xc0006e05f8 sp=0xc0006e05c0 pc=0x10974f7
internal/poll.runtime_pollWait(0x7f31bd22bd88, 0x72)
	/-S/contrib/go/_std_1.21/src/runtime/netpoll.go:343 +0x85 fp=0xc0006e0618 sp=0xc0006e05f8 pc=0x10cc3e5
internal/poll.(*pollDesc).wait(0xc000630380?, 0xc000652a80?, 0x0)
	/-S/contrib/go/_std_1.21/src/internal/poll/fd_poll_runtime.go:85 +0x27 fp=0xc0006e0640 sp=0xc0006e0618 pc=0x1109b47
internal/poll.(*pollDesc).waitRead(...)
	/-S/contrib/go/_std_1.21/src/internal/poll/fd_poll_runtime.go:90
internal/poll.(*FD).Read(0xc000630380, {0xc000652a80, 0xa80, 0xa80})
	/-S/contrib/go/_std_1.21/src/internal/poll/fd_unix.go:164 +0x27a fp=0xc0006e06d8 sp=0xc0006e0640 pc=0x110ae3a
net.(*netFD).Read(0xc000630380, {0xc000652a80?, 0xc000652a85?, 0x22?})
	/-S/contrib/go/_std_1.21/src/net/fd_posix.go:55 +0x25 fp=0xc0006e0720 sp=0xc0006e06d8 pc=0x12e9905
net.(*conn).Read(0xc0000fa170, {0xc000652a80?, 0x13d55be?, 0xc0001721b8?})
	/-S/contrib/go/_std_1.21/src/net/net.go:179 +0x45 fp=0xc0006e0768 sp=0xc0006e0720 pc=0x12f9b25
net.(*TCPConn).Read(0xc0006e0800?, {0xc000652a80?, 0xc000676048?, 0x18?})
	&amp;lt;autogenerated&amp;gt;:1 +0x25 fp=0xc0006e0798 sp=0xc0006e0768 pc=0x130a465
crypto/tls.(*atLeastReader).Read(0xc000676048, {0xc000652a80?, 0xc000676048?, 0x0?})
	/-S/contrib/go/_std_1.21/src/crypto/tls/conn.go:805 +0x3b fp=0xc0006e07e0 sp=0xc0006e0798 pc=0x13d53db
bytes.(*Buffer).ReadFrom(0xc0001722a8, {0x87c020, 0xc000676048})
	/-S/contrib/go/_std_1.21/src/bytes/buffer.go:211 +0x98 fp=0xc0006e0838 sp=0xc0006e07e0 pc=0x116cc78
crypto/tls.(*Conn).readFromUntil(0xc000172000, {0x878c60?, 0xc0000fa170}, 0xa80?)
	/-S/contrib/go/_std_1.21/src/crypto/tls/conn.go:827 +0xde fp=0xc0006e0878 sp=0xc0006e0838 pc=0x13d55be
crypto/tls.(*Conn).readRecordOrCCS(0xc000172000, 0x0)
	/-S/contrib/go/_std_1.21/src/crypto/tls/conn.go:625 +0x250 fp=0xc0006e0c18 sp=0xc0006e0878 pc=0x13d2b90
crypto/tls.(*Conn).readRecord(...)
	/-S/contrib/go/_std_1.21/src/crypto/tls/conn.go:587
crypto/tls.(*Conn).Read(0xc000172000, {0xc000870000, 0x8000, 0x1ad33e8?})
	/-S/contrib/go/_std_1.21/src/crypto/tls/conn.go:1369 +0x158 fp=0xc0006e0c88 sp=0xc0006e0c18 pc=0x13d8e58
google.golang.org/grpc/internal/credentials.(*syscallConn).Read(0x10d0092?, {0xc000870000?, 0x1069f13?, 0xc0006e0cf0?})
	&amp;lt;autogenerated&amp;gt;:1 +0x29 fp=0xc0006e0cb8 sp=0xc0006e0c88 pc=0x1412269
bufio.(*Reader).Read(0xc0006ad140, {0xc000388660, 0x9, 0xc0006e0d78?})
	/-S/contrib/go/_std_1.21/src/bufio/bufio.go:244 +0x197 fp=0xc0006e0cf0 sp=0xc0006e0cb8 pc=0x118e657
io.ReadAtLeast({0x876800, 0xc0006ad140}, {0xc000388660, 0x9, 0x9}, 0x9)
	/-S/contrib/go/_std_1.21/src/io/io.go:335 +0x90 fp=0xc0006e0d38 sp=0xc0006e0cf0 pc=0x1105830
io.ReadFull(...)
	/-S/contrib/go/_std_1.21/src/io/io.go:354
golang.org/x/net/http2.readFrameHeader({0xc000388660, 0x9, 0x390500?}, {0x876800?, 0xc0006ad140?})
	/-S/vendor/golang.org/x/net/http2/frame.go:237 +0x65 fp=0xc0006e0d88 sp=0xc0006e0d38 pc=0x1496485
golang.org/x/net/http2.(*Framer).ReadFrame(0xc000388620)
	/-S/vendor/golang.org/x/net/http2/frame.go:498 +0x85 fp=0xc0006e0e30 sp=0xc0006e0d88 pc=0x1496bc5
google.golang.org/grpc/internal/transport.(*http2Client).reader(0xc0001f9680, 0x0?)
	/-S/vendor/google.golang.org/grpc/internal/transport/http2_client.go:1595 +0x245 fp=0xc0006e0fc0 sp=0xc0006e0e30 pc=0x14ddd65
google.golang.org/grpc/internal/transport.newHTTP2Client.func11()
	/-S/vendor/google.golang.org/grpc/internal/transport/http2_client.go:397 +0x25 fp=0xc0006e0fe0 sp=0xc0006e0fc0 pc=0x14d39c5
runtime.goexit()
	/-S/contrib/go/_std_1.21/src/runtime/asm_amd64.s:1650 +0x1 fp=0xc0006e0fe8 sp=0xc0006e0fe0 pc=0x10d2021
created by google.golang.org/grpc/internal/transport.newHTTP2Client in goroutine 258
	/-S/vendor/google.golang.org/grpc/internal/transport/http2_client.go:397 +0x1e9e

goroutine 275 [IO wait, 57 minutes]:
runtime.gopark(0x11c0f6f474c198df?, 0xb?, 0x0?, 0x0?, 0xa?)
	/-S/contrib/go/_std_1.21/src/runtime/proc.go:398 +0xce fp=0xc0006145c0 sp=0xc0006145a0 pc=0x109ed6e
runtime.netpollblock(0x10e77f8?, 0x1067ce6?, 0x0?)
	/-S/contrib/go/_std_1.21/src/runtime/netpoll.go:564 +0xf7 fp=0xc0006145f8 sp=0xc0006145c0 pc=0x10974f7
internal/poll.runtime_pollWait(0x7f31bd22bb98, 0x72)
	/-S/contrib/go/_std_1.21/src/runtime/netpoll.go:343 +0x85 fp=0xc000614618 sp=0xc0006145f8 pc=0x10cc3e5
internal/poll.(*pollDesc).wait(0xc000204680?, 0xc000880000?, 0x0)
	/-S/contrib/go/_std_1.21/src/internal/poll/fd_poll_runtime.go:85 +0x27 fp=0xc000614640 sp=0xc000614618 pc=0x1109b47
internal/poll.(*pollDesc).waitRead(...)
	/-S/contrib/go/_std_1.21/src/internal/poll/fd_poll_runtime.go:90
internal/poll.(*FD).Read(0xc000204680, {0xc000880000, 0xa80, 0xa80})
	/-S/contrib/go/_std_1.21/src/internal/poll/fd_unix.go:164 +0x27a fp=0xc0006146d8 sp=0xc000614640 pc=0x110ae3a
net.(*netFD).Read(0xc000204680, {0xc000880000?, 0xc000880005?, 0x1a?})
	/-S/contrib/go/_std_1.21/src/net/fd_posix.go:55 +0x25 fp=0xc000614720 sp=0xc0006146d8 pc=0x12e9905
net.(*conn).Read(0xc00062c050, {0xc000880000?, 0x13d55be?, 0xc0008361b8?})
	/-S/contrib/go/_std_1.21/src/net/net.go:179 +0x45 fp=0xc000614768 sp=0xc000614720 pc=0x12f9b25
net.(*TCPConn).Read(0xc000614800?, {0xc000880000?, 0xc0000134d0?, 0x18?})
	&amp;lt;autogenerated&amp;gt;:1 +0x25 fp=0xc000614798 sp=0xc000614768 pc=0x130a465
crypto/tls.(*atLeastReader).Read(0xc0000134d0, {0xc000880000?, 0xc0000134d0?, 0x0?})
	/-S/contrib/go/_std_1.21/src/crypto/tls/conn.go:805 +0x3b fp=0xc0006147e0 sp=0xc000614798 pc=0x13d53db
bytes.(*Buffer).ReadFrom(0xc0008362a8, {0x87c020, 0xc0000134d0})
	/-S/contrib/go/_std_1.21/src/bytes/buffer.go:211 +0x98 fp=0xc000614838 sp=0xc0006147e0 pc=0x116cc78
crypto/tls.(*Conn).readFromUntil(0xc000836000, {0x878c60?, 0xc00062c050}, 0xa80?)
	/-S/contrib/go/_std_1.21/src/crypto/tls/conn.go:827 +0xde fp=0xc000614878 sp=0xc000614838 pc=0x13d55be
crypto/tls.(*Conn).readRecordOrCCS(0xc000836000, 0x0)
	/-S/contrib/go/_std_1.21/src/crypto/tls/conn.go:625 +0x250 fp=0xc000614c18 sp=0xc000614878 pc=0x13d2b90
crypto/tls.(*Conn).readRecord(...)
	/-S/contrib/go/_std_1.21/src/crypto/tls/conn.go:587
crypto/tls.(*Conn).Read(0xc000836000, {0xc0008a6000, 0x8000, 0x14da75f?})
	/-S/contrib/go/_std_1.21/src/crypto/tls/conn.go:1369 +0x158 fp=0xc000614c88 sp=0xc000614c18 pc=0x13d8e58
google.golang.org/grpc/internal/credentials.(*syscallConn).Read(0x10401?, {0xc0008a6000?, 0x1071525?, 0x10401?})
	&amp;lt;autogenerated&amp;gt;:1 +0x29 fp=0xc000614cb8 sp=0xc000614c88 pc=0x1412269
bufio.(*Reader).Read(0xc000695ec0, {0xc0008be040, 0x9, 0x30?})
	/-S/contrib/go/_std_1.21/src/bufio/bufio.go:244 +0x197 fp=0xc000614cf0 sp=0xc000614cb8 pc=0x118e657
io.ReadAtLeast({0x876800, 0xc000695ec0}, {0xc0008be040, 0x9, 0x9}, 0x9)
	/-S/contrib/go/_std_1.21/src/io/io.go:335 +0x90 fp=0xc000614d38 sp=0xc000614cf0 pc=0x1105830
io.ReadFull(...)
	/-S/contrib/go/_std_1.21/src/io/io.go:354
golang.org/x/net/http2.readFrameHeader({0xc0008be040, 0x9, 0xc0006279e0?}, {0x876800?, 0xc000695ec0?})
	/-S/vendor/golang.org/x/net/http2/frame.go:237 +0x65 fp=0xc000614d88 sp=0xc000614d38 pc=0x1496485
golang.org/x/net/http2.(*Framer).ReadFrame(0xc0008be000)
	/-S/vendor/golang.org/x/net/http2/frame.go:498 +0x85 fp=0xc000614e30 sp=0xc000614d88 pc=0x1496bc5
google.golang.org/grpc/internal/transport.(*http2Client).reader(0xc0002be6c0, 0x0?)
	/-S/vendor/google.golang.org/grpc/internal/transport/http2_client.go:1595 +0x245 fp=0xc000614fc0 sp=0xc000614e30 pc=0x14ddd65
google.golang.org/grpc/internal/transport.newHTTP2Client.func11()
	/-S/vendor/google.golang.org/grpc/internal/transport/http2_client.go:397 +0x25 fp=0xc000614fe0 sp=0xc000614fc0 pc=0x14d39c5
runtime.goexit()
	/-S/contrib/go/_std_1.21/src/runtime/asm_amd64.s:1650 +0x1 fp=0xc000614fe8 sp=0xc000614fe0 pc=0x10d2021
created by google.golang.org/grpc/internal/transport.newHTTP2Client in goroutine 244
	/-S/vendor/google.golang.org/grpc/internal/transport/http2_client.go:397 +0x1e9e

goroutine 234 [select, 57 minutes]:
runtime.gopark(0xc00087ff00?, 0x2?, 0x0?, 0x0?, 0xc00087fecc?)
	/-S/contrib/go/_std_1.21/src/runtime/proc.go:398 +0xce fp=0xc0006e1d78 sp=0xc0006e1d58 pc=0x109ed6e
runtime.selectgo(0xc0006e1f00, 0xc00087fec8, 0xc00087fe90?, 0x0, 0x1412929?, 0x1)
	/-S/contrib/go/_std_1.21/src/runtime/select.go:327 +0x725 fp=0xc0006e1e98 sp=0xc0006e1d78 pc=0x10af265
google.golang.org/grpc/internal/transport.(*controlBuffer).get(0xc0006250e0, 0x1)
	/-S/vendor/google.golang.org/grpc/internal/transport/controlbuf.go:418 +0x113 fp=0xc0006e1f30 sp=0xc0006e1e98 pc=0x14c99b3
google.golang.org/grpc/internal/transport.(*loopyWriter).run(0xc00062aa10)
	/-S/vendor/google.golang.org/grpc/internal/transport/controlbuf.go:552 +0x86 fp=0xc0006e1f90 sp=0xc0006e1f30 pc=0x14ca0e6
google.golang.org/grpc/internal/transport.newHTTP2Client.func6()
	/-S/vendor/google.golang.org/grpc/internal/transport/http2_client.go:451 +0x85 fp=0xc0006e1fe0 sp=0xc0006e1f90 pc=0x14d38c5
runtime.goexit()
	/-S/contrib/go/_std_1.21/src/runtime/asm_amd64.s:1650 +0x1 fp=0xc0006e1fe8 sp=0xc0006e1fe0 pc=0x10d2021
created by google.golang.org/grpc/internal/transport.newHTTP2Client in goroutine 261
	/-S/vendor/google.golang.org/grpc/internal/transport/http2_client.go:449 +0x2450

goroutine 236 [select, 57 minutes]:
runtime.gopark(0xc000665f00?, 0x2?, 0xea?, 0x7?, 0xc000665ecc?)
	/-S/contrib/go/_std_1.21/src/runtime/proc.go:398 +0xce fp=0xc00060ed78 sp=0xc00060ed58 pc=0x109ed6e
runtime.selectgo(0xc00060ef00, 0xc000665ec8, 0xc000665e90?, 0x0, 0x1412929?, 0x1)
	/-S/contrib/go/_std_1.21/src/runtime/select.go:327 +0x725 fp=0xc00060ee98 sp=0xc00060ed78 pc=0x10af265
google.golang.org/grpc/internal/transport.(*controlBuffer).get(0xc000625270, 0x1)
	/-S/vendor/google.golang.org/grpc/internal/transport/controlbuf.go:418 +0x113 fp=0xc00060ef30 sp=0xc00060ee98 pc=0x14c99b3
google.golang.org/grpc/internal/transport.(*loopyWriter).run(0xc00062b260)
	/-S/vendor/google.golang.org/grpc/internal/transport/controlbuf.go:552 +0x86 fp=0xc00060ef90 sp=0xc00060ef30 pc=0x14ca0e6
google.golang.org/grpc/internal/transport.newHTTP2Client.func6()
	/-S/vendor/google.golang.org/grpc/internal/transport/http2_client.go:451 +0x85 fp=0xc00060efe0 sp=0xc00060ef90 pc=0x14d38c5
runtime.goexit()
	/-S/contrib/go/_std_1.21/src/runtime/asm_amd64.s:1650 +0x1 fp=0xc00060efe8 sp=0xc00060efe0 pc=0x10d2021
created by google.golang.org/grpc/internal/transport.newHTTP2Client in goroutine 258
	/-S/vendor/google.golang.org/grpc/internal/transport/http2_client.go:449 +0x2450

goroutine 314 [IO wait, 55 minutes]:
runtime.gopark(0x5c26c78707286343?, 0xb?, 0x0?, 0x0?, 0xd?)
	/-S/contrib/go/_std_1.21/src/runtime/proc.go:398 +0xce fp=0xc0006155c0 sp=0xc0006155a0 pc=0x109ed6e
runtime.netpollblock(0x10e77f8?, 0x1067ce6?, 0x0?)
	/-S/contrib/go/_std_1.21/src/runtime/netpoll.go:564 +0xf7 fp=0xc0006155f8 sp=0xc0006155c0 pc=0x10974f7
internal/poll.runtime_pollWait(0x7f31bd22b8b0, 0x72)
	/-S/contrib/go/_std_1.21/src/runtime/netpoll.go:343 +0x85 fp=0xc000615618 sp=0xc0006155f8 pc=0x10cc3e5
internal/poll.(*pollDesc).wait(0xc000a61380?, 0xc000653500?, 0x0)
	/-S/contrib/go/_std_1.21/src/internal/poll/fd_poll_runtime.go:85 +0x27 fp=0xc000615640 sp=0xc000615618 pc=0x1109b47
internal/poll.(*pollDesc).waitRead(...)
	/-S/contrib/go/_std_1.21/src/internal/poll/fd_poll_runtime.go:90
internal/poll.(*FD).Read(0xc000a61380, {0xc000653500, 0xa80, 0xa80})
	/-S/contrib/go/_std_1.21/src/internal/poll/fd_unix.go:164 +0x27a fp=0xc0006156d8 sp=0xc000615640 pc=0x110ae3a
net.(*netFD).Read(0xc000a61380, {0xc000653500?, 0xc000653505?, 0x1a?})
	/-S/contrib/go/_std_1.21/src/net/fd_posix.go:55 +0x25 fp=0xc000615720 sp=0xc0006156d8 pc=0x12e9905
net.(*conn).Read(0xc000692008, {0xc000653500?, 0x13d55be?, 0xc000a541b8?})
	/-S/contrib/go/_std_1.21/src/net/net.go:179 +0x45 fp=0xc000615768 sp=0xc000615720 pc=0x12f9b25
net.(*TCPConn).Read(0xc000615800?, {0xc000653500?, 0xc000b10348?, 0x18?})
	&amp;lt;autogenerated&amp;gt;:1 +0x25 fp=0xc000615798 sp=0xc000615768 pc=0x130a465
crypto/tls.(*atLeastReader).Read(0xc000b10348, {0xc000653500?, 0xc000b10348?, 0x0?})
	/-S/contrib/go/_std_1.21/src/crypto/tls/conn.go:805 +0x3b fp=0xc0006157e0 sp=0xc000615798 pc=0x13d53db
bytes.(*Buffer).ReadFrom(0xc000a542a8, {0x87c020, 0xc000b10348})
	/-S/contrib/go/_std_1.21/src/bytes/buffer.go:211 +0x98 fp=0xc000615838 sp=0xc0006157e0 pc=0x116cc78
crypto/tls.(*Conn).readFromUntil(0xc000a54000, {0x878c60?, 0xc000692008}, 0xa80?)
	/-S/contrib/go/_std_1.21/src/crypto/tls/conn.go:827 +0xde fp=0xc000615878 sp=0xc000615838 pc=0x13d55be
crypto/tls.(*Conn).readRecordOrCCS(0xc000a54000, 0x0)
	/-S/contrib/go/_std_1.21/src/crypto/tls/conn.go:625 +0x250 fp=0xc000615c18 sp=0xc000615878 pc=0x13d2b90
crypto/tls.(*Conn).readRecord(...)
	/-S/contrib/go/_std_1.21/src/crypto/tls/conn.go:587
crypto/tls.(*Conn).Read(0xc000a54000, {0xc000646000, 0x8000, 0x14da75f?})
	/-S/contrib/go/_std_1.21/src/crypto/tls/conn.go:1369 +0x158 fp=0xc000615c88 sp=0xc000615c18 pc=0x13d8e58
google.golang.org/grpc/internal/credentials.(*syscallConn).Read(0x10401?, {0xc000646000?, 0x1071525?, 0x10401?})
	&amp;lt;autogenerated&amp;gt;:1 +0x29 fp=0xc000615cb8 sp=0xc000615c88 pc=0x1412269
bufio.(*Reader).Read(0xc000607aa0, {0xc0001da200, 0x9, 0x30?})
	/-S/contrib/go/_std_1.21/src/bufio/bufio.go:244 +0x197 fp=0xc000615cf0 sp=0xc000615cb8 pc=0x118e657
io.ReadAtLeast({0x876800, 0xc000607aa0}, {0xc0001da200, 0x9, 0x9}, 0x9)
	/-S/contrib/go/_std_1.21/src/io/io.go:335 +0x90 fp=0xc000615d38 sp=0xc000615cf0 pc=0x1105830
io.ReadFull(...)
	/-S/contrib/go/_std_1.21/src/io/io.go:354
golang.org/x/net/http2.readFrameHeader({0xc0001da200, 0x9, 0xc000a63380?}, {0x876800?, 0xc000607aa0?})
	/-S/vendor/golang.org/x/net/http2/frame.go:237 +0x65 fp=0xc000615d88 sp=0xc000615d38 pc=0x1496485
golang.org/x/net/http2.(*Framer).ReadFrame(0xc0001da1c0)
	/-S/vendor/golang.org/x/net/http2/frame.go:498 +0x85 fp=0xc000615e30 sp=0xc000615d88 pc=0x1496bc5
google.golang.org/grpc/internal/transport.(*http2Client).reader(0xc0006da240, 0x0?)
	/-S/vendor/google.golang.org/grpc/internal/transport/http2_client.go:1595 +0x245 fp=0xc000615fc0 sp=0xc000615e30 pc=0x14ddd65
google.golang.org/grpc/internal/transport.newHTTP2Client.func11()
	/-S/vendor/google.golang.org/grpc/internal/transport/http2_client.go:397 +0x25 fp=0xc000615fe0 sp=0xc000615fc0 pc=0x14d39c5
runtime.goexit()
	/-S/contrib/go/_std_1.21/src/runtime/asm_amd64.s:1650 +0x1 fp=0xc000615fe8 sp=0xc000615fe0 pc=0x10d2021
created by google.golang.org/grpc/internal/transport.newHTTP2Client in goroutine 286
	/-S/vendor/google.golang.org/grpc/internal/transport/http2_client.go:397 +0x1e9e

goroutine 284 [select, 55 minutes]:
runtime.gopark(0xc0006dff80?, 0x2?, 0x2?, 0x0?, 0xc0006dff44?)
	/-S/contrib/go/_std_1.21/src/runtime/proc.go:398 +0xce fp=0xc0006dfdd0 sp=0xc0006dfdb0 pc=0x109ed6e
runtime.selectgo(0xc0006dff80, 0xc0006dff40, 0x0?, 0x0, 0xc000599748?, 0x1)
	/-S/contrib/go/_std_1.21/src/runtime/select.go:327 +0x725 fp=0xc0006dfef0 sp=0xc0006dfdd0 pc=0x10af265
google.golang.org/grpc/internal/grpcsync.(*CallbackSerializer).run(0xc00061c4a0, {0x887ed0, 0xc0006248c0})
	/-S/vendor/google.golang.org/grpc/internal/grpcsync/callback_serializer.go:83 +0x112 fp=0xc0006dffb8 sp=0xc0006dfef0 pc=0x1424732
google.golang.org/grpc/internal/grpcsync.NewCallbackSerializer.func1()
	/-S/vendor/google.golang.org/grpc/internal/grpcsync/callback_serializer.go:55 +0x28 fp=0xc0006dffe0 sp=0xc0006dffb8 pc=0x1424468
runtime.goexit()
	/-S/contrib/go/_std_1.21/src/runtime/asm_amd64.s:1650 +0x1 fp=0xc0006dffe8 sp=0xc0006dffe0 pc=0x10d2021
created by google.golang.org/grpc/internal/grpcsync.NewCallbackSerializer in goroutine 73
	/-S/vendor/google.golang.org/grpc/internal/grpcsync/callback_serializer.go:55 +0x129

goroutine 322 [select, 55 minutes]:
runtime.gopark(0xc000fb1f80?, 0x2?, 0x2?, 0x0?, 0xc000fb1f44?)
	/-S/contrib/go/_std_1.21/src/runtime/proc.go:398 +0xce fp=0xc000fb1dd0 sp=0xc000fb1db0 pc=0x109ed6e
runtime.selectgo(0xc000fb1f80, 0xc000fb1f40, 0x0?, 0x0, 0xc000599748?, 0x1)
	/-S/contrib/go/_std_1.21/src/runtime/select.go:327 +0x725 fp=0xc000fb1ef0 sp=0xc000fb1dd0 pc=0x10af265
google.golang.org/grpc/internal/grpcsync.(*CallbackSerializer).run(0xc00061cd20, {0x887ed0, 0xc000625040})
	/-S/vendor/google.golang.org/grpc/internal/grpcsync/callback_serializer.go:83 +0x112 fp=0xc000fb1fb8 sp=0xc000fb1ef0 pc=0x1424732
google.golang.org/grpc/internal/grpcsync.NewCallbackSerializer.func1()
	/-S/vendor/google.golang.org/grpc/internal/grpcsync/callback_serializer.go:55 +0x28 fp=0xc000fb1fe0 sp=0xc000fb1fb8 pc=0x1424468
runtime.goexit()
	/-S/contrib/go/_std_1.21/src/runtime/asm_amd64.s:1650 +0x1 fp=0xc000fb1fe8 sp=0xc000fb1fe0 pc=0x10d2021
created by google.golang.org/grpc/internal/grpcsync.NewCallbackSerializer in goroutine 73
	/-S/vendor/google.golang.org/grpc/internal/grpcsync/callback_serializer.go:55 +0x129

goroutine 323 [select, 55 minutes]:
runtime.gopark(0xc000fb0f80?, 0x2?, 0x3?, 0x0?, 0xc000fb0f44?)
	/-S/contrib/go/_std_1.21/src/runtime/proc.go:398 +0xce fp=0xc000fb0dd0 sp=0xc000fb0db0 pc=0x109ed6e
runtime.selectgo(0xc000fb0f80, 0xc000fb0f40, 0x1424b20?, 0x0, 0xc00082f6ff?, 0x1)
	/-S/contrib/go/_std_1.21/src/runtime/select.go:327 +0x725 fp=0xc000fb0ef0 sp=0xc000fb0dd0 pc=0x10af265
google.golang.org/grpc/internal/grpcsync.(*CallbackSerializer).run(0xc00061cd80, {0x887ed0, 0xc000625180})
	/-S/vendor/google.golang.org/grpc/internal/grpcsync/callback_serializer.go:83 +0x112 fp=0xc000fb0fb8 sp=0xc000fb0ef0 pc=0x1424732
google.golang.org/grpc/internal/grpcsync.NewCallbackSerializer.func1()
	/-S/vendor/google.golang.org/grpc/internal/grpcsync/callback_serializer.go:55 +0x28 fp=0xc000fb0fe0 sp=0xc000fb0fb8 pc=0x1424468
runtime.goexit()
	/-S/contrib/go/_std_1.21/src/runtime/asm_amd64.s:1650 +0x1 fp=0xc000fb0fe8 sp=0xc000fb0fe0 pc=0x10d2021
created by google.golang.org/grpc/internal/grpcsync.NewCallbackSerializer in goroutine 73
	/-S/vendor/google.golang.org/grpc/internal/grpcsync/callback_serializer.go:55 +0x129

goroutine 345 [select]:
runtime.gopark(0xc000a31f80?, 0x2?, 0x0?, 0x0?, 0xc000a31f44?)
	/-S/contrib/go/_std_1.21/src/runtime/proc.go:398 +0xce fp=0xc000a31dd0 sp=0xc000a31db0 pc=0x109ed6e
runtime.selectgo(0xc000a31f80, 0xc000a31f40, 0x15c5745?, 0x0, 0xc00082f7d0?, 0x1)
	/-S/contrib/go/_std_1.21/src/runtime/select.go:327 +0x725 fp=0xc000a31ef0 sp=0xc000a31dd0 pc=0x10af265
google.golang.org/grpc/internal/grpcsync.(*CallbackSerializer).run(0xc000cc5fc0, {0x887ed0, 0xc000d1cb90})
	/-S/vendor/google.golang.org/grpc/internal/grpcsync/callback_serializer.go:83 +0x112 fp=0xc000a31fb8 sp=0xc000a31ef0 pc=0x1424732
google.golang.org/grpc/internal/grpcsync.NewCallbackSerializer.func1()
	/-S/vendor/google.golang.org/grpc/internal/grpcsync/callback_serializer.go:55 +0x28 fp=0xc000a31fe0 sp=0xc000a31fb8 pc=0x1424468
runtime.goexit()
	/-S/contrib/go/_std_1.21/src/runtime/asm_amd64.s:1650 +0x1 fp=0xc000a31fe8 sp=0xc000a31fe0 pc=0x10d2021
created by google.golang.org/grpc/internal/grpcsync.NewCallbackSerializer in goroutine 73
	/-S/vendor/google.golang.org/grpc/internal/grpcsync/callback_serializer.go:55 +0x129

goroutine 346 [select]:
runtime.gopark(0xc000fadf80?, 0x2?, 0x3?, 0x0?, 0xc000fadf44?)
	/-S/contrib/go/_std_1.21/src/runtime/proc.go:398 +0xce fp=0xc000faddd0 sp=0xc000faddb0 pc=0x109ed6e
runtime.selectgo(0xc000fadf80, 0xc000fadf40, 0xc00004d3e0?, 0x0, 0xc00004d5c0?, 0x1)
	/-S/contrib/go/_std_1.21/src/runtime/select.go:327 +0x725 fp=0xc000fadef0 sp=0xc000faddd0 pc=0x10af265
google.golang.org/grpc/internal/grpcsync.(*CallbackSerializer).run(0xc000d48020, {0x887ed0, 0xc000d1cbe0})
	/-S/vendor/google.golang.org/grpc/internal/grpcsync/callback_serializer.go:83 +0x112 fp=0xc000fadfb8 sp=0xc000fadef0 pc=0x1424732
google.golang.org/grpc/internal/grpcsync.NewCallbackSerializer.func1()
	/-S/vendor/google.golang.org/grpc/internal/grpcsync/callback_serializer.go:55 +0x28 fp=0xc000fadfe0 sp=0xc000fadfb8 pc=0x1424468
runtime.goexit()
	/-S/contrib/go/_std_1.21/src/runtime/asm_amd64.s:1650 +0x1 fp=0xc000fadfe8 sp=0xc000fadfe0 pc=0x10d2021
created by google.golang.org/grpc/internal/grpcsync.NewCallbackSerializer in goroutine 73
	/-S/vendor/google.golang.org/grpc/internal/grpcsync/callback_serializer.go:55 +0x129

goroutine 241 [select]:
runtime.gopark(0xc000d8ff80?, 0x2?, 0x3?, 0x0?, 0xc000d8ff44?)
	/-S/contrib/go/_std_1.21/src/runtime/proc.go:398 +0xce fp=0xc000d8fdd0 sp=0xc000d8fdb0 pc=0x109ed6e
runtime.selectgo(0xc000d8ff80, 0xc000d8ff40, 0xc000510f18?, 0x0, 0xc000156c30?, 0x1)
	/-S/contrib/go/_std_1.21/src/runtime/select.go:327 +0x725 fp=0xc000d8fef0 sp=0xc000d8fdd0 pc=0x10af265
google.golang.org/grpc/internal/grpcsync.(*CallbackSerializer).run(0xc0005cd540, {0x887ed0, 0xc000e02b90})
	/-S/vendor/google.golang.org/grpc/internal/grpcsync/callback_serializer.go:83 +0x112 fp=0xc000d8ffb8 sp=0xc000d8fef0 pc=0x1424732
google.golang.org/grpc/internal/grpcsync.NewCallbackSerializer.func1()
	/-S/vendor/google.golang.org/grpc/internal/grpcsync/callback_serializer.go:55 +0x28 fp=0xc000d8ffe0 sp=0xc000d8ffb8 pc=0x1424468
runtime.goexit()
	/-S/contrib/go/_std_1.21/src/runtime/asm_amd64.s:1650 +0x1 fp=0xc000d8ffe8 sp=0xc000d8ffe0 pc=0x10d2021
created by google.golang.org/grpc/internal/grpcsync.NewCallbackSerializer in goroutine 239
	/-S/vendor/google.golang.org/grpc/internal/grpcsync/callback_serializer.go:55 +0x129

goroutine 315 [select, 55 minutes]:
runtime.gopark(0xc000665f00?, 0x2?, 0x0?, 0x0?, 0xc000665ecc?)
	/-S/contrib/go/_std_1.21/src/runtime/proc.go:398 +0xce fp=0xc000f0ad78 sp=0xc000f0ad58 pc=0x109ed6e
runtime.selectgo(0xc000f0af00, 0xc000665ec8, 0xc000665e90?, 0x0, 0x1412929?, 0x1)
	/-S/contrib/go/_std_1.21/src/runtime/select.go:327 +0x725 fp=0xc000f0ae98 sp=0xc000f0ad78 pc=0x10af265
google.golang.org/grpc/internal/transport.(*controlBuffer).get(0xc0006f45f0, 0x1)
	/-S/vendor/google.golang.org/grpc/internal/transport/controlbuf.go:418 +0x113 fp=0xc000f0af30 sp=0xc000f0ae98 pc=0x14c99b3
google.golang.org/grpc/internal/transport.(*loopyWriter).run(0xc00016f500)
	/-S/vendor/google.golang.org/grpc/internal/transport/controlbuf.go:552 +0x86 fp=0xc000f0af90 sp=0xc000f0af30 pc=0x14ca0e6
google.golang.org/grpc/internal/transport.newHTTP2Client.func6()
	/-S/vendor/google.golang.org/grpc/internal/transport/http2_client.go:451 +0x85 fp=0xc000f0afe0 sp=0xc000f0af90 pc=0x14d38c5
runtime.goexit()
	/-S/contrib/go/_std_1.21/src/runtime/asm_amd64.s:1650 +0x1 fp=0xc000f0afe8 sp=0xc000f0afe0 pc=0x10d2021
created by google.golang.org/grpc/internal/transport.newHTTP2Client in goroutine 286
	/-S/vendor/google.golang.org/grpc/internal/transport/http2_client.go:449 +0x2450

goroutine 331 [select, 55 minutes]:
runtime.gopark(0xc000e37f00?, 0x2?, 0x0?, 0x0?, 0xc000e37ecc?)
	/-S/contrib/go/_std_1.21/src/runtime/proc.go:398 +0xce fp=0xc000d8cd78 sp=0xc000d8cd58 pc=0x109ed6e
runtime.selectgo(0xc000d8cf00, 0xc000e37ec8, 0xc000e37e90?, 0x0, 0x1412929?, 0x1)
	/-S/contrib/go/_std_1.21/src/runtime/select.go:327 +0x725 fp=0xc000d8ce98 sp=0xc000d8cd78 pc=0x10af265
google.golang.org/grpc/internal/transport.(*controlBuffer).get(0xc000625c70, 0x1)
	/-S/vendor/google.golang.org/grpc/internal/transport/controlbuf.go:418 +0x113 fp=0xc000d8cf30 sp=0xc000d8ce98 pc=0x14c99b3
google.golang.org/grpc/internal/transport.(*loopyWriter).run(0xc0002f3030)
	/-S/vendor/google.golang.org/grpc/internal/transport/controlbuf.go:552 +0x86 fp=0xc000d8cf90 sp=0xc000d8cf30 pc=0x14ca0e6
google.golang.org/grpc/internal/transport.newHTTP2Client.func6()
	/-S/vendor/google.golang.org/grpc/internal/transport/http2_client.go:451 +0x85 fp=0xc000d8cfe0 sp=0xc000d8cf90 pc=0x14d38c5
runtime.goexit()
	/-S/contrib/go/_std_1.21/src/runtime/asm_amd64.s:1650 +0x1 fp=0xc000d8cfe8 sp=0xc000d8cfe0 pc=0x10d2021
created by google.golang.org/grpc/internal/transport.newHTTP2Client in goroutine 324
	/-S/vendor/google.golang.org/grpc/internal/transport/http2_client.go:449 +0x2450

goroutine 370 [select]:
runtime.gopark(0xc0005e5f68?, 0x2?, 0x60?, 0x89?, 0xc0005e5f2c?)
	/-S/contrib/go/_std_1.21/src/runtime/proc.go:398 +0xce fp=0xc0005e5db8 sp=0xc0005e5d98 pc=0x109ed6e
runtime.selectgo(0xc0005e5f68, 0xc0005e5f28, 0x1?, 0x0, 0x0?, 0x1)
	/-S/contrib/go/_std_1.21/src/runtime/select.go:327 +0x725 fp=0xc0005e5ed8 sp=0xc0005e5db8 pc=0x10af265
google.golang.org/grpc/internal/resolver/dns.(*dnsResolver).watcher(0xc000e4dd00)
	/-S/vendor/google.golang.org/grpc/internal/resolver/dns/dns_resolver.go:227 +0x1d3 fp=0xc0005e5fc8 sp=0xc0005e5ed8 pc=0x14f1913
google.golang.org/grpc/internal/resolver/dns.(*dnsBuilder).Build.func1()
	/-S/vendor/google.golang.org/grpc/internal/resolver/dns/dns_resolver.go:153 +0x25 fp=0xc0005e5fe0 sp=0xc0005e5fc8 pc=0x14f1605
runtime.goexit()
	/-S/contrib/go/_std_1.21/src/runtime/asm_amd64.s:1650 +0x1 fp=0xc0005e5fe8 sp=0xc0005e5fe0 pc=0x10d2021
created by google.golang.org/grpc/internal/resolver/dns.(*dnsBuilder).Build in goroutine 239
	/-S/vendor/google.golang.org/grpc/internal/resolver/dns/dns_resolver.go:153 +0x445

goroutine 347 [select]:
runtime.gopark(0xc0005e9f68?, 0x2?, 0x60?, 0x98?, 0xc0005e9f2c?)
	/-S/contrib/go/_std_1.21/src/runtime/proc.go:398 +0xce fp=0xc0005e9db8 sp=0xc0005e9d98 pc=0x109ed6e
runtime.selectgo(0xc0005e9f68, 0xc0005e9f28, 0x2?, 0x0, 0x0?, 0x1)
	/-S/contrib/go/_std_1.21/src/runtime/select.go:327 +0x725 fp=0xc0005e9ed8 sp=0xc0005e9db8 pc=0x10af265
google.golang.org/grpc/internal/resolver/dns.(*dnsResolver).watcher(0xc000622d00)
	/-S/vendor/google.golang.org/grpc/internal/resolver/dns/dns_resolver.go:227 +0x1d3 fp=0xc0005e9fc8 sp=0xc0005e9ed8 pc=0x14f1913
google.golang.org/grpc/internal/resolver/dns.(*dnsBuilder).Build.func1()
	/-S/vendor/google.golang.org/grpc/internal/resolver/dns/dns_resolver.go:153 +0x25 fp=0xc0005e9fe0 sp=0xc0005e9fc8 pc=0x14f1605
runtime.goexit()
	/-S/contrib/go/_std_1.21/src/runtime/asm_amd64.s:1650 +0x1 fp=0xc0005e9fe8 sp=0xc0005e9fe0 pc=0x10d2021
created by google.golang.org/grpc/internal/resolver/dns.(*dnsBuilder).Build in goroutine 73
	/-S/vendor/google.golang.org/grpc/internal/resolver/dns/dns_resolver.go:153 +0x445

goroutine 240 [select]:
runtime.gopark(0xc00059df80?, 0x2?, 0x0?, 0x0?, 0xc00059df44?)
	/-S/contrib/go/_std_1.21/src/runtime/proc.go:398 +0xce fp=0xc00059ddd0 sp=0xc00059ddb0 pc=0x109ed6e
runtime.selectgo(0xc00059df80, 0xc00059df40, 0xc00091ff80?, 0x0, 0xc000e589c0?, 0x1)
	/-S/contrib/go/_std_1.21/src/runtime/select.go:327 +0x725 fp=0xc00059def0 sp=0xc00059ddd0 pc=0x10af265
google.golang.org/grpc/internal/grpcsync.(*CallbackSerializer).run(0xc0005cd4e0, {0x887ed0, 0xc000e02b40})
	/-S/vendor/google.golang.org/grpc/internal/grpcsync/callback_serializer.go:83 +0x112 fp=0xc00059dfb8 sp=0xc00059def0 pc=0x1424732
google.golang.org/grpc/internal/grpcsync.NewCallbackSerializer.func1()
	/-S/vendor/google.golang.org/grpc/internal/grpcsync/callback_serializer.go:55 +0x28 fp=0xc00059dfe0 sp=0xc00059dfb8 pc=0x1424468
runtime.goexit()
	/-S/contrib/go/_std_1.21/src/runtime/asm_amd64.s:1650 +0x1 fp=0xc00059dfe8 sp=0xc00059dfe0 pc=0x10d2021
created by google.golang.org/grpc/internal/grpcsync.NewCallbackSerializer in goroutine 239
	/-S/vendor/google.golang.org/grpc/internal/grpcsync/callback_serializer.go:55 +0x129

goroutine 237 [select]:
runtime.gopark(0xc00095dd90?, 0x3?, 0x0?, 0xd1?, 0xc00095dd2a?)
	/-S/contrib/go/_std_1.21/src/runtime/proc.go:398 +0xce fp=0xc00095dbb8 sp=0xc00095db98 pc=0x109ed6e
runtime.selectgo(0xc00095dd90, 0xc00095dd24, 0x3ff0000000000000?, 0x0, 0xc0005c86a0?, 0x1)
	/-S/contrib/go/_std_1.21/src/runtime/select.go:327 +0x725 fp=0xc00095dcd8 sp=0xc00095dbb8 pc=0x10af265
github.com/ydb-platform/ydb-go-sdk/v3/internal/repeater.(*repeater).worker.func1()
	/-S/vendor/github.com/ydb-platform/ydb-go-sdk/v3/internal/repeater/repeater.go:190 +0x19d fp=0xc00095ddd8 sp=0xc00095dcd8 pc=0x171e9dd
github.com/ydb-platform/ydb-go-sdk/v3/internal/repeater.(*repeater).worker(0xc000e02690, {0x888918, 0xc00063ecc0}, {0x8877e0?, 0xc000e026e0})
	/-S/vendor/github.com/ydb-platform/ydb-go-sdk/v3/internal/repeater/repeater.go:221 +0x3b7 fp=0xc00095dfa8 sp=0xc00095ddd8 pc=0x171e757
github.com/ydb-platform/ydb-go-sdk/v3/internal/repeater.New.func1()
	/-S/vendor/github.com/ydb-platform/ydb-go-sdk/v3/internal/repeater/repeater.go:116 +0x30 fp=0xc00095dfe0 sp=0xc00095dfa8 pc=0x171df30
runtime.goexit()
	/-S/contrib/go/_std_1.21/src/runtime/asm_amd64.s:1650 +0x1 fp=0xc00095dfe8 sp=0xc00095dfe0 pc=0x10d2021
created by github.com/ydb-platform/ydb-go-sdk/v3/internal/repeater.New in goroutine 73
	/-S/vendor/github.com/ydb-platform/ydb-go-sdk/v3/internal/repeater/repeater.go:116 +0x2e5

goroutine 2426 [select]:
runtime.gopark(0xc000a2df38?, 0x3?, 0xe0?, 0x81?, 0xc000a2def2?)
	/-S/contrib/go/_std_1.21/src/runtime/proc.go:398 +0xce fp=0xc000a2dd40 sp=0xc000a2dd20 pc=0x109ed6e
runtime.selectgo(0xc000a2df38, 0xc000a2deec, 0x877400?, 0x0, 0x1?, 0x1)
	/-S/contrib/go/_std_1.21/src/runtime/select.go:327 +0x725 fp=0xc000a2de60 sp=0xc000a2dd40 pc=0x10af265
google.golang.org/grpc.(*addrConn).resetTransport(0xc00032db80)
	/-S/vendor/google.golang.org/grpc/clientconn.go:1352 +0x3a9 fp=0xc000a2df78 sp=0xc000a2de60 pc=0x1546529
google.golang.org/grpc.(*addrConn).connect(0xc00032db80)
	/-S/vendor/google.golang.org/grpc/clientconn.go:978 +0x99 fp=0xc000a2dfc8 sp=0xc000a2df78 pc=0x15445d9
google.golang.org/grpc.(*acBalancerWrapper).Connect.func1()
	/-S/vendor/google.golang.org/grpc/balancer_conn_wrappers.go:398 +0x25 fp=0xc000a2dfe0 sp=0xc000a2dfc8 pc=0x153ebc5
runtime.goexit()
	/-S/contrib/go/_std_1.21/src/runtime/asm_amd64.s:1650 +0x1 fp=0xc000a2dfe8 sp=0xc000a2dfe0 pc=0x10d2021
created by google.golang.org/grpc.(*acBalancerWrapper).Connect in goroutine 345
	/-S/vendor/google.golang.org/grpc/balancer_conn_wrappers.go:398 +0x56

goroutine 1717 [select, 23 minutes]:
runtime.gopark(0xc000fabf80?, 0x2?, 0x2?, 0x0?, 0xc000fabf44?)
	/-S/contrib/go/_std_1.21/src/runtime/proc.go:398 +0xce fp=0xc000fabdd0 sp=0xc000fabdb0 pc=0x109ed6e
runtime.selectgo(0xc000fabf80, 0xc000fabf40, 0xc0006c50b0?, 0x0, 0xc000ca7f48?, 0x1)
	/-S/contrib/go/_std_1.21/src/runtime/select.go:327 +0x725 fp=0xc000fabef0 sp=0xc000fabdd0 pc=0x10af265
google.golang.org/grpc/internal/grpcsync.(*CallbackSerializer).run(0xc00061c140, {0x887ed0, 0xc0002bc2d0})
	/-S/vendor/google.golang.org/grpc/internal/grpcsync/callback_serializer.go:83 +0x112 fp=0xc000fabfb8 sp=0xc000fabef0 pc=0x1424732
google.golang.org/grpc/internal/grpcsync.NewCallbackSerializer.func1()
	/-S/vendor/google.golang.org/grpc/internal/grpcsync/callback_serializer.go:55 +0x28 fp=0xc000fabfe0 sp=0xc000fabfb8 pc=0x1424468
runtime.goexit()
	/-S/contrib/go/_std_1.21/src/runtime/asm_amd64.s:1650 +0x1 fp=0xc000fabfe8 sp=0xc000fabfe0 pc=0x10d2021
created by google.golang.org/grpc/internal/grpcsync.NewCallbackSerializer in goroutine 1716
	/-S/vendor/google.golang.org/grpc/internal/grpcsync/callback_serializer.go:55 +0x129

goroutine 2414 [select]:
runtime.gopark(0xc000a2ff38?, 0x3?, 0x60?, 0x29?, 0xc000a2fef2?)
	/-S/contrib/go/_std_1.21/src/runtime/proc.go:398 +0xce fp=0xc000a2fd40 sp=0xc000a2fd20 pc=0x109ed6e
runtime.selectgo(0xc000a2ff38, 0xc000a2feec, 0x877400?, 0x0, 0x1?, 0x1)
	/-S/contrib/go/_std_1.21/src/runtime/select.go:327 +0x725 fp=0xc000a2fe60 sp=0xc000a2fd40 pc=0x10af265
google.golang.org/grpc.(*addrConn).resetTransport(0xc000658b00)
	/-S/vendor/google.golang.org/grpc/clientconn.go:1352 +0x3a9 fp=0xc000a2ff78 sp=0xc000a2fe60 pc=0x1546529
google.golang.org/grpc.(*addrConn).connect(0xc000658b00)
	/-S/vendor/google.golang.org/grpc/clientconn.go:978 +0x99 fp=0xc000a2ffc8 sp=0xc000a2ff78 pc=0x15445d9
google.golang.org/grpc.(*acBalancerWrapper).Connect.func1()
	/-S/vendor/google.golang.org/grpc/balancer_conn_wrappers.go:398 +0x25 fp=0xc000a2ffe0 sp=0xc000a2ffc8 pc=0x153ebc5
runtime.goexit()
	/-S/contrib/go/_std_1.21/src/runtime/asm_amd64.s:1650 +0x1 fp=0xc000a2ffe8 sp=0xc000a2ffe0 pc=0x10d2021
created by google.golang.org/grpc.(*acBalancerWrapper).Connect in goroutine 345
	/-S/vendor/google.golang.org/grpc/balancer_conn_wrappers.go:398 +0x56

goroutine 2367 [select]:
runtime.gopark(0xc0005a3f38?, 0x3?, 0x80?, 0x3d?, 0xc0005a3ef2?)
	/-S/contrib/go/_std_1.21/src/runtime/proc.go:398 +0xce fp=0xc0005a3d40 sp=0xc0005a3d20 pc=0x109ed6e
runtime.selectgo(0xc0005a3f38, 0xc0005a3eec, 0x877400?, 0x0, 0x1?, 0x1)
	/-S/contrib/go/_std_1.21/src/runtime/select.go:327 +0x725 fp=0xc0005a3e60 sp=0xc0005a3d40 pc=0x10af265
google.golang.org/grpc.(*addrConn).resetTransport(0xc0009b2000)
	/-S/vendor/google.golang.org/grpc/clientconn.go:1352 +0x3a9 fp=0xc0005a3f78 sp=0xc0005a3e60 pc=0x1546529
google.golang.org/grpc.(*addrConn).connect(0xc0009b2000)
	/-S/vendor/google.golang.org/grpc/clientconn.go:978 +0x99 fp=0xc0005a3fc8 sp=0xc0005a3f78 pc=0x15445d9
google.golang.org/grpc.(*acBalancerWrapper).Connect.func1()
	/-S/vendor/google.golang.org/grpc/balancer_conn_wrappers.go:398 +0x25 fp=0xc0005a3fe0 sp=0xc0005a3fc8 pc=0x153ebc5
runtime.goexit()
	/-S/contrib/go/_std_1.21/src/runtime/asm_amd64.s:1650 +0x1 fp=0xc0005a3fe8 sp=0xc0005a3fe0 pc=0x10d2021
created by google.golang.org/grpc.(*acBalancerWrapper).Connect in goroutine 240
	/-S/vendor/google.golang.org/grpc/balancer_conn_wrappers.go:398 +0x56

goroutine 1718 [select, 23 minutes]:
runtime.gopark(0xc000109f80?, 0x2?, 0x3?, 0x0?, 0xc000109f44?)
	/-S/contrib/go/_std_1.21/src/runtime/proc.go:398 +0xce fp=0xc000109dd0 sp=0xc000109db0 pc=0x109ed6e
runtime.selectgo(0xc000109f80, 0xc000109f40, 0xc000aa8330?, 0x0, 0xc000514f48?, 0x1)
	/-S/contrib/go/_std_1.21/src/runtime/select.go:327 +0x725 fp=0xc000109ef0 sp=0xc000109dd0 pc=0x10af265
google.golang.org/grpc/internal/grpcsync.(*CallbackSerializer).run(0xc00061c1c0, {0x887ed0, 0xc0002bc320})
	/-S/vendor/google.golang.org/grpc/internal/grpcsync/callback_serializer.go:83 +0x112 fp=0xc000109fb8 sp=0xc000109ef0 pc=0x1424732
google.golang.org/grpc/internal/grpcsync.NewCallbackSerializer.func1()
	/-S/vendor/google.golang.org/grpc/internal/grpcsync/callback_serializer.go:55 +0x28 fp=0xc000109fe0 sp=0xc000109fb8 pc=0x1424468
runtime.goexit()
	/-S/contrib/go/_std_1.21/src/runtime/asm_amd64.s:1650 +0x1 fp=0xc000109fe8 sp=0xc000109fe0 pc=0x10d2021
created by google.golang.org/grpc/internal/grpcsync.NewCallbackSerializer in goroutine 1716
	/-S/vendor/google.golang.org/grpc/internal/grpcsync/callback_serializer.go:55 +0x129

goroutine 1722 [IO wait]:
runtime.gopark(0x1fa5a5bf22d758df?, 0xb?, 0x0?, 0x0?, 0x7?)
	/-S/contrib/go/_std_1.21/src/runtime/proc.go:398 +0xce fp=0xc00010b5c0 sp=0xc00010b5a0 pc=0x109ed6e
runtime.netpollblock(0x10e77f8?, 0x1067ce6?, 0x0?)
	/-S/contrib/go/_std_1.21/src/runtime/netpoll.go:564 +0xf7 fp=0xc00010b5f8 sp=0xc00010b5c0 pc=0x10974f7
internal/poll.runtime_pollWait(0x7f31bd22be80, 0x72)
	/-S/contrib/go/_std_1.21/src/runtime/netpoll.go:343 +0x85 fp=0xc00010b618 sp=0xc00010b5f8 pc=0x10cc3e5
internal/poll.(*pollDesc).wait(0xc000a72700?, 0xc000e63b00?, 0x0)
	/-S/contrib/go/_std_1.21/src/internal/poll/fd_poll_runtime.go:85 +0x27 fp=0xc00010b640 sp=0xc00010b618 pc=0x1109b47
internal/poll.(*pollDesc).waitRead(...)
	/-S/contrib/go/_std_1.21/src/internal/poll/fd_poll_runtime.go:90
internal/poll.(*FD).Read(0xc000a72700, {0xc000e63b00, 0x900, 0x900})
	/-S/contrib/go/_std_1.21/src/internal/poll/fd_unix.go:164 +0x27a fp=0xc00010b6d8 sp=0xc00010b640 pc=0x110ae3a
net.(*netFD).Read(0xc000a72700, {0xc000e63b00?, 0xc000e63b05?, 0x2f?})
	/-S/contrib/go/_std_1.21/src/net/fd_posix.go:55 +0x25 fp=0xc00010b720 sp=0xc00010b6d8 pc=0x12e9905
net.(*conn).Read(0xc000c82720, {0xc000e63b00?, 0xc00010b7b8?, 0xc0008c2c38?})
	/-S/contrib/go/_std_1.21/src/net/net.go:179 +0x45 fp=0xc00010b768 sp=0xc00010b720 pc=0x12f9b25
net.(*TCPConn).Read(0xc00010b800?, {0xc000e63b00?, 0xc000157e00?, 0x18?})
	&amp;lt;autogenerated&amp;gt;:1 +0x25 fp=0xc00010b798 sp=0xc00010b768 pc=0x130a465
crypto/tls.(*atLeastReader).Read(0xc000157e00, {0xc000e63b00?, 0xc000157e00?, 0x0?})
	/-S/contrib/go/_std_1.21/src/crypto/tls/conn.go:805 +0x3b fp=0xc00010b7e0 sp=0xc00010b798 pc=0x13d53db
bytes.(*Buffer).ReadFrom(0xc0008c2d28, {0x87c020, 0xc000157e00})
	/-S/contrib/go/_std_1.21/src/bytes/buffer.go:211 +0x98 fp=0xc00010b838 sp=0xc00010b7e0 pc=0x116cc78
crypto/tls.(*Conn).readFromUntil(0xc0008c2a80, {0x878c60?, 0xc000c82720}, 0x900?)
	/-S/contrib/go/_std_1.21/src/crypto/tls/conn.go:827 +0xde fp=0xc00010b878 sp=0xc00010b838 pc=0x13d55be
crypto/tls.(*Conn).readRecordOrCCS(0xc0008c2a80, 0x0)
	/-S/contrib/go/_std_1.21/src/crypto/tls/conn.go:625 +0x250 fp=0xc00010bc18 sp=0xc00010b878 pc=0x13d2b90
crypto/tls.(*Conn).readRecord(...)
	/-S/contrib/go/_std_1.21/src/crypto/tls/conn.go:587
crypto/tls.(*Conn).Read(0xc0008c2a80, {0xc000b70000, 0x8000, 0x107807e?})
	/-S/contrib/go/_std_1.21/src/crypto/tls/conn.go:1369 +0x158 fp=0xc00010bc88 sp=0xc00010bc18 pc=0x13d8e58
google.golang.org/grpc/internal/credentials.(*syscallConn).Read(0x155?, {0xc000b70000?, 0x13f?, 0xc00010bd18?})
	&amp;lt;autogenerated&amp;gt;:1 +0x29 fp=0xc00010bcb8 sp=0xc00010bc88 pc=0x1412269
bufio.(*Reader).Read(0xc000e28780, {0xc0001dae40, 0x9, 0x7f31bd225618?})
	/-S/contrib/go/_std_1.21/src/bufio/bufio.go:244 +0x197 fp=0xc00010bcf0 sp=0xc00010bcb8 pc=0x118e657
io.ReadAtLeast({0x876800, 0xc000e28780}, {0xc0001dae40, 0x9, 0x9}, 0x9)
	/-S/contrib/go/_std_1.21/src/io/io.go:335 +0x90 fp=0xc00010bd38 sp=0xc00010bcf0 pc=0x1105830
io.ReadFull(...)
	/-S/contrib/go/_std_1.21/src/io/io.go:354
golang.org/x/net/http2.readFrameHeader({0xc0001dae40, 0x9, 0x3905e0?}, {0x876800?, 0xc000e28780?})
	/-S/vendor/golang.org/x/net/http2/frame.go:237 +0x65 fp=0xc00010bd88 sp=0xc00010bd38 pc=0x1496485
golang.org/x/net/http2.(*Framer).ReadFrame(0xc0001dae00)
	/-S/vendor/golang.org/x/net/http2/frame.go:498 +0x85 fp=0xc00010be30 sp=0xc00010bd88 pc=0x1496bc5
google.golang.org/grpc/internal/transport.(*http2Client).reader(0xc000b4d440, 0x0?)
	/-S/vendor/google.golang.org/grpc/internal/transport/http2_client.go:1595 +0x245 fp=0xc00010bfc0 sp=0xc00010be30 pc=0x14ddd65
google.golang.org/grpc/internal/transport.newHTTP2Client.func11()
	/-S/vendor/google.golang.org/grpc/internal/transport/http2_client.go:397 +0x25 fp=0xc00010bfe0 sp=0xc00010bfc0 pc=0x14d39c5
runtime.goexit()
	/-S/contrib/go/_std_1.21/src/runtime/asm_amd64.s:1650 +0x1 fp=0xc00010bfe8 sp=0xc00010bfe0 pc=0x10d2021
created by google.golang.org/grpc/internal/transport.newHTTP2Client in goroutine 1719
	/-S/vendor/google.golang.org/grpc/internal/transport/http2_client.go:397 +0x1e9e

goroutine 1723 [select]:
runtime.gopark(0xc0005dbf00?, 0x2?, 0x0?, 0x0?, 0xc0005dbecc?)
	/-S/contrib/go/_std_1.21/src/runtime/proc.go:398 +0xce fp=0xc0005dbd78 sp=0xc0005dbd58 pc=0x109ed6e
runtime.selectgo(0xc0005dbf00, 0xc0005dbec8, 0xc0005dbe90?, 0x0, 0x1412929?, 0x1)
	/-S/contrib/go/_std_1.21/src/runtime/select.go:327 +0x725 fp=0xc0005dbe98 sp=0xc0005dbd78 pc=0x10af265
google.golang.org/grpc/internal/transport.(*controlBuffer).get(0xc0002bc870, 0x1)
	/-S/vendor/google.golang.org/grpc/internal/transport/controlbuf.go:418 +0x113 fp=0xc0005dbf30 sp=0xc0005dbe98 pc=0x14c99b3
google.golang.org/grpc/internal/transport.(*loopyWriter).run(0xc0001ca2a0)
	/-S/vendor/google.golang.org/grpc/internal/transport/controlbuf.go:552 +0x86 fp=0xc0005dbf90 sp=0xc0005dbf30 pc=0x14ca0e6
google.golang.org/grpc/internal/transport.newHTTP2Client.func6()
	/-S/vendor/google.golang.org/grpc/internal/transport/http2_client.go:451 +0x85 fp=0xc0005dbfe0 sp=0xc0005dbf90 pc=0x14d38c5
runtime.goexit()
	/-S/contrib/go/_std_1.21/src/runtime/asm_amd64.s:1650 +0x1 fp=0xc0005dbfe8 sp=0xc0005dbfe0 pc=0x10d2021
created by google.golang.org/grpc/internal/transport.newHTTP2Client in goroutine 1719
	/-S/vendor/google.golang.org/grpc/internal/transport/http2_client.go:449 +0x2450
Chunk exceeded 3600s timeout and was killed
List of the tests involved in the launch:
image_service_test::TestImageServiceCreateRawImageFromURL (fail) duration: 2043.98s
image_service_test::TestImageServiceCreateQCOW2ImageFromURL (timeout) duration: 1304.65s
image_service_test::TestImageServiceCreateQCOW2PanicImageFromURL (good) duration: 250.22s
image_service_test::TestImageServiceCreateQCOW2ImageFromURLWhichIsOverwrittenInProcess test was not launched inside chunk.
RecipeTearDownError: recipe-2 failed
Stderr tail:serWarning: Global allow truncated response is deprecated behaviour.
Traceback (most recent call last):
  File &quot;contrib/tools/python3/src/Lib/runpy.py&quot;, line 198, in _run_module_as_main
    return _run_code(code, main_globals, None,
           ^^^^^^^^^^^^^^^^^^^^^^^^^^^^^^^^^^^
  File &quot;contrib/tools/python3/src/Lib/runpy.py&quot;, line 88, in _run_code
    exec(code, run_globals)
  File &quot;cloud/disk_manager/test/recipe/__main__.py&quot;, line 232, in &amp;lt;module&amp;gt;
    declare_recipe(start, stop)
  File &quot;library/python/testing/recipe/__init__.py&quot;, line 109, in declare_recipe
    stop(argv[1:])
  File &quot;cloud/disk_manager/test/recipe/__main__.py&quot;, line 227, in stop
    YDBLauncher.stop()
  File &quot;cloud/disk_manager/test/recipe/ydb_launcher.py&quot;, line 35, in stop
    kill_processes(SERVICE_NAME)
  File &quot;cloud/tasks/test/common/processes.py&quot;, line 53, in kill_processes
    raise e
  File &quot;cloud/tasks/test/common/processes.py&quot;, line 46, in kill_processes
    os.kill(pid, signal.SIGTERM)
ProcessLookupError: [Errno 3] No such process

logsdir:
/home/github/tmp/out/cloud/disk_manager/internal/pkg/facade/image_service_test/test-results/image_service_test/chunk2/testing_out_stuff
backtrace:
/home/github/tmp/out/cloud/disk_manager/internal/pkg/facade/image_service_test/test-results/image_service_test/chunk2/testing_out_stuff/backtrace.txt
recipe stderr:
/home/github/tmp/out/cloud/disk_manager/internal/pkg/facade/image_service_test/test-results/image_service_test/chunk2/testing_out_stuff/recipe_stop_recipe-2.err
recipe stdout:
/home/github/tmp/out/cloud/disk_manager/internal/pkg/facade/image_service_test/test-results/image_service_test/chunk2/testing_out_stuff/recipe_stop_recipe-2.out
stderr:
/home/github/tmp/out/cloud/disk_manager/internal/pkg/facade/image_service_test/test-results/image_service_test/chunk2/testing_out_stuff/stderr
log:
/home/github/tmp/out/cloud/disk_manager/internal/pkg/facade/image_service_test/test-results/image_service_test/run_test.log</failure>
		</testcase>
		<testcase name="image_service_test.TestImageServiceCreateQCOW2ImageFromURL" time="1304.647966194153">
			<failure>Killed by timeout (3600 s)

logsdir:
/home/github/tmp/out/cloud/disk_manager/internal/pkg/facade/image_service_test/test-results/image_service_test/chunk2/testing_out_stuff
log:
/home/github/tmp/out/cloud/disk_manager/internal/pkg/facade/image_service_test/test-results/image_service_test/chunk2/testing_out_stuff/image_service_test.TestImageServiceCreateQCOW2ImageFromURL.log</failure>
		</testcase>
		<testcase name="image_service_test.TestImageServiceCreateQCOW2ImageFromURLWhichIsOverwrittenInProcess" time="0.0">
			<skipped>Test was not launched, because other tests have used all allotted time (3600 s)</skipped>
		</testcase>
		<testcase name="image_service_test.TestImageServiceCreateQCOW2PanicImageFromURL" time="250.22"/>
		<testcase name="image_service_test.TestImageServiceCreateRawImageFromURL" time="2043.98">
			<failure>2024-01-26T03:45:42.824Z	DEBUG	client/client.go:53	Waiting for operation 8006b7e5-9992-473f-8864-c60fa4890d5e	{&quot;SYSLOG_IDENTIFIER&quot;: &quot;disk-manager&quot;}
2024-01-26T03:45:47.079Z	DEBUG	client/client.go:76	Operation 8006b7e5-9992-473f-8864-c60fa4890d5e finished	{&quot;SYSLOG_IDENTIFIER&quot;: &quot;disk-manager&quot;}
2024-01-26T03:45:47.175Z	DEBUG	client/client.go:53	Waiting for operation 14109813-5bdd-4a43-b386-ea09f565841c	{&quot;SYSLOG_IDENTIFIER&quot;: &quot;disk-manager&quot;}
2024-01-26T03:46:42.661Z	DEBUG	ydb.driver.repeater.wake.up	persistence/ydb_logger.go:64	start	{&quot;name&quot;: &quot;discovery&quot;, &quot;event&quot;: &quot;tick&quot;}
2024-01-26T03:46:42.665Z	DEBUG	ydb.discovery.list.endpoints	persistence/ydb_logger.go:66	start	{&quot;address&quot;: &quot;localhost:28930&quot;, &quot;database&quot;: &quot;/Root&quot;}
2024-01-26T03:46:42.673Z	ERROR	ydb.discovery.list.endpoints	persistence/ydb_logger.go:72	failed	{&quot;error&quot;: &quot;connError{node_id:0,address:'localhost:28930'}: transport/Unavailable (code = 14, source error = \&quot;rpc error: code = Unavailable desc = last connection error: connection error: desc = \\\&quot;transport: Error while dialing: dial tcp 127.0.0.1:28930: connect: connection refused\\\&quot;\&quot;, address: \&quot;localhost:28930\&quot;, traceID: \&quot;84d88f34-ae21-4cd6-a947-4d930c2280fe\&quot;) at `github.com/ydb-platform/ydb-go-sdk/v3/internal/conn.(*conn).Invoke(conn.go:345)` at `github.com/ydb-platform/ydb-go-sdk/v3/internal/discovery.(*Client).Discover(discovery.go:68)`&quot;, &quot;latency&quot;: &quot;7.988799ms&quot;, &quot;version&quot;: &quot;3.54.3&quot;}
2024-01-26T03:46:42.676Z	ERROR	ydb.driver.repeater.wake.up	persistence/ydb_logger.go:72	failed	{&quot;error&quot;: &quot;connError{node_id:0,address:'localhost:28930'}: transport/Unavailable (code = 14, source error = \&quot;rpc error: code = Unavailable desc = last connection error: connection error: desc = \\\&quot;transport: Error while dialing: dial tcp 127.0.0.1:28930: connect: connection refused\\\&quot;\&quot;, address: \&quot;localhost:28930\&quot;, traceID: \&quot;84d88f34-ae21-4cd6-a947-4d930c2280fe\&quot;) at `github.com/ydb-platform/ydb-go-sdk/v3/internal/conn.(*conn).Invoke(conn.go:345)` at `github.com/ydb-platform/ydb-go-sdk/v3/internal/discovery.(*Client).Discover(discovery.go:68)` at `github.com/ydb-platform/ydb-go-sdk/v3/internal/balancer.(*Balancer).clusterDiscoveryAttempt(balancer.go:117)`&quot;, &quot;name&quot;: &quot;discovery&quot;, &quot;event&quot;: &quot;tick&quot;, &quot;latency&quot;: &quot;11.67117ms&quot;, &quot;version&quot;: &quot;3.54.3&quot;}
2024-01-26T03:46:43.679Z	DEBUG	ydb.driver.repeater.wake.up	persistence/ydb_logger.go:64	start	{&quot;name&quot;: &quot;discovery&quot;, &quot;event&quot;: &quot;force&quot;}
2024-01-26T03:46:43.679Z	DEBUG	ydb.discovery.list.endpoints	persistence/ydb_logger.go:66	start	{&quot;address&quot;: &quot;localhost:28930&quot;, &quot;database&quot;: &quot;/Root&quot;}
2024-01-26T03:46:43.680Z	ERROR	ydb.discovery.list.endpoints	persistence/ydb_logger.go:72	failed	{&quot;error&quot;: &quot;connError{node_id:0,address:'localhost:28930'}: transport/Unavailable (code = 14, source error = \&quot;rpc error: code = Unavailable desc = last connection error: connection error: desc = \\\&quot;transport: Error while dialing: dial tcp 127.0.0.1:28930: connect: connection refused\\\&quot;\&quot;, address: \&quot;localhost:28930\&quot;, traceID: \&quot;db665b66-c422-4a4a-95bf-f08be6913277\&quot;) at `github.com/ydb-platform/ydb-go-sdk/v3/internal/conn.(*conn).Invoke(conn.go:345)` at `github.com/ydb-platform/ydb-go-sdk/v3/internal/discovery.(*Client).Discover(discovery.go:68)`&quot;, &quot;latency&quot;: &quot;247.832µs&quot;, &quot;version&quot;: &quot;3.54.3&quot;}
2024-01-26T03:46:43.680Z	ERROR	ydb.driver.repeater.wake.up	persistence/ydb_logger.go:72	failed	{&quot;error&quot;: &quot;connError{node_id:0,address:'localhost:28930'}: transport/Unavailable (code = 14, source error = \&quot;rpc error: code = Unavailable desc = last connection error: connection error: desc = \\\&quot;transport: Error while dialing: dial tcp 127.0.0.1:28930: connect: connection refused\\\&quot;\&quot;, address: \&quot;localhost:28930\&quot;, traceID: \&quot;db665b66-c422-4a4a-95bf-f08be6913277\&quot;) at `github.com/ydb-platform/ydb-go-sdk/v3/internal/conn.(*conn).Invoke(conn.go:345)` at `github.com/ydb-platform/ydb-go-sdk/v3/internal/discovery.(*Client).Discover(discovery.go:68)` at `github.com/ydb-platform/ydb-go-sdk/v3/internal/balancer.(*Balancer).clusterDiscoveryAttempt(balancer.go:117)`&quot;, &quot;name&quot;: &quot;discovery&quot;, &quot;event&quot;: &quot;force&quot;, &quot;latency&quot;: &quot;574.491µs&quot;, &quot;version&quot;: &quot;3.54.3&quot;}
2024-01-26T03:46:45.683Z	DEBUG	ydb.driver.repeater.wake.up	persistence/ydb_logger.go:64	start	{&quot;name&quot;: &quot;discovery&quot;, &quot;event&quot;: &quot;force&quot;}
2024-01-26T03:46:45.683Z	DEBUG	ydb.discovery.list.endpoints	persistence/ydb_logger.go:66	start	{&quot;address&quot;: &quot;localhost:28930&quot;, &quot;database&quot;: &quot;/Root&quot;}
2024-01-26T03:46:45.684Z	ERROR	ydb.discovery.list.endpoints	persistence/ydb_logger.go:72	failed	{&quot;error&quot;: &quot;connError{node_id:0,address:'localhost:28930'}: transport/Unavailable (code = 14, source error = \&quot;rpc error: code = Unavailable desc = last connection error: connection error: desc = \\\&quot;transport: Error while dialing: dial tcp 127.0.0.1:28930: connect: connection refused\\\&quot;\&quot;, address: \&quot;localhost:28930\&quot;, traceID: \&quot;59c81e19-5bc1-4138-8cb0-5db14f7294f2\&quot;) at `github.com/ydb-platform/ydb-go-sdk/v3/internal/conn.(*conn).Invoke(conn.go:345)` at `github.com/ydb-platform/ydb-go-sdk/v3/internal/discovery.(*Client).Discover(discovery.go:68)`&quot;, &quot;latency&quot;: &quot;272.182µs&quot;, &quot;version&quot;: &quot;3.54.3&quot;}
2024-01-26T03:46:45.684Z	ERROR	ydb.driver.repeater.wake.up	persistence/ydb_logger.go:72	failed	{&quot;error&quot;: &quot;connError{node_id:0,address:'localhost:28930'}: transport/Unavailable (code = 14, source error = \&quot;rpc error: code = Unavailable desc = last connection error: connection error: desc = \\\&quot;transport: Error while dialing: dial tcp 127.0.0.1:28930: connect: connection refused\\\&quot;\&quot;, address: \&quot;localhost:28930\&quot;, traceID: \&quot;59c81e19-5bc1-4138-8cb0-5db14f7294f2\&quot;) at `github.com/ydb-platform/ydb-go-sdk/v3/internal/conn.(*conn).Invoke(conn.go:345)` at `github.com/ydb-platform/ydb-go-sdk/v3/internal/discovery.(*Client).Discover(discovery.go:68)` at `github.com/ydb-platform/ydb-go-sdk/v3/internal/balancer.(*Balancer).clusterDiscoveryAttempt(balancer.go:117)`&quot;, &quot;name&quot;: &quot;discovery&quot;, &quot;event&quot;: &quot;force&quot;, &quot;latency&quot;: &quot;534.828µs&quot;, &quot;version&quot;: &quot;3.54.3&quot;}
2024-01-26T03:46:49.687Z	DEBUG	ydb.driver.repeater.wake.up	persistence/ydb_logger.go:64	start	{&quot;name&quot;: &quot;discovery&quot;, &quot;event&quot;: &quot;force&quot;}
2024-01-26T03:46:49.687Z	DEBUG	ydb.discovery.list.endpoints	persistence/ydb_logger.go:66	start	{&quot;address&quot;: &quot;localhost:28930&quot;, &quot;database&quot;: &quot;/Root&quot;}
2024-01-26T03:46:49.687Z	ERROR	ydb.discovery.list.endpoints	persistence/ydb_logger.go:72	failed	{&quot;error&quot;: &quot;connError{node_id:0,address:'localhost:28930'}: transport/Unavailable (code = 14, source error = \&quot;rpc error: code = Unavailable desc = last connection error: connection error: desc = \\\&quot;transport: Error while dialing: dial tcp 127.0.0.1:28930: connect: connection refused\\\&quot;\&quot;, address: \&quot;localhost:28930\&quot;, traceID: \&quot;55a8a5b1-8748-44a6-96f1-cbba1a6362c3\&quot;) at `github.com/ydb-platform/ydb-go-sdk/v3/internal/conn.(*conn).Invoke(conn.go:345)` at `github.com/ydb-platform/ydb-go-sdk/v3/internal/discovery.(*Client).Discover(discovery.go:68)`&quot;, &quot;latency&quot;: &quot;240.619µs&quot;, &quot;version&quot;: &quot;3.54.3&quot;}
2024-01-26T03:46:49.688Z	ERROR	ydb.driver.repeater.wake.up	persistence/ydb_logger.go:72	failed	{&quot;error&quot;: &quot;connError{node_id:0,address:'localhost:28930'}: transport/Unavailable (code = 14, source error = \&quot;rpc error: code = Unavailable desc = last connection error: connection error: desc = \\\&quot;transport: Error while dialing: dial tcp 127.0.0.1:28930: connect: connection refused\\\&quot;\&quot;, address: \&quot;localhost:28930\&quot;, traceID: \&quot;55a8a5b1-8748-44a6-96f1-cbba1a6362c3\&quot;) at `github.com/ydb-platform/ydb-go-sdk/v3/internal/conn.(*conn).Invoke(conn.go:345)` at `github.com/ydb-platform/ydb-go-sdk/v3/internal/discovery.(*Client).Discover(discovery.go:68)` at `github.com/ydb-platform/ydb-go-sdk/v3/internal/balancer.(*Balancer).clusterDiscoveryAttempt(balancer.go:117)`&quot;, &quot;name&quot;: &quot;discovery&quot;, &quot;event&quot;: &quot;force&quot;, &quot;latency&quot;: &quot;450.309µs&quot;, &quot;version&quot;: &quot;3.54.3&quot;}
2024-01-26T03:46:57.691Z	DEBUG	ydb.driver.repeater.wake.up	persistence/ydb_logger.go:64	start	{&quot;name&quot;: &quot;discovery&quot;, &quot;event&quot;: &quot;force&quot;}
2024-01-26T03:46:57.691Z	DEBUG	ydb.discovery.list.endpoints	persistence/ydb_logger.go:66	start	{&quot;address&quot;: &quot;localhost:28930&quot;, &quot;database&quot;: &quot;/Root&quot;}
2024-01-26T03:46:57.691Z	ERROR	ydb.discovery.list.endpoints	persistence/ydb_logger.go:72	failed	{&quot;error&quot;: &quot;connError{node_id:0,address:'localhost:28930'}: transport/Unavailable (code = 14, source error = \&quot;rpc error: code = Unavailable desc = last connection error: connection error: desc = \\\&quot;transport: Error while dialing: dial tcp 127.0.0.1:28930: connect: connection refused\\\&quot;\&quot;, address: \&quot;localhost:28930\&quot;, traceID: \&quot;d2969a6f-3431-4342-92b8-fab2fd012801\&quot;) at `github.com/ydb-platform/ydb-go-sdk/v3/internal/conn.(*conn).Invoke(conn.go:345)` at `github.com/ydb-platform/ydb-go-sdk/v3/internal/discovery.(*Client).Discover(discovery.go:68)`&quot;, &quot;latency&quot;: &quot;217.056µs&quot;, &quot;version&quot;: &quot;3.54.3&quot;}
2024-01-26T03:46:57.692Z	ERROR	ydb.driver.repeater.wake.up	persistence/ydb_logger.go:72	failed	{&quot;error&quot;: &quot;connError{node_id:0,address:'localhost:28930'}: transport/Unavailable (code = 14, source error = \&quot;rpc error: code = Unavailable desc = last connection error: connection error: desc = \\\&quot;transport: Error while dialing: dial tcp 127.0.0.1:28930: connect: connection refused\\\&quot;\&quot;, address: \&quot;localhost:28930\&quot;, traceID: \&quot;d2969a6f-3431-4342-92b8-fab2fd012801\&quot;) at `github.com/ydb-platform/ydb-go-sdk/v3/internal/conn.(*conn).Invoke(conn.go:345)` at `github.com/ydb-platform/ydb-go-sdk/v3/internal/discovery.(*Client).Discover(discovery.go:68)` at `github.com/ydb-platform/ydb-go-sdk/v3/internal/balancer.(*Balancer).clusterDiscoveryAttempt(balancer.go:117)`&quot;, &quot;name&quot;: &quot;discovery&quot;, &quot;event&quot;: &quot;force&quot;, &quot;latency&quot;: &quot;517.937µs&quot;, &quot;version&quot;: &quot;3.54.3&quot;}
2024-01-26T03:47:13.692Z	DEBUG	ydb.driver.repeater.wake.up	persistence/ydb_logger.go:64	start	{&quot;name&quot;: &quot;discovery&quot;, &quot;event&quot;: &quot;force&quot;}
2024-01-26T03:47:13.693Z	DEBUG	ydb.discovery.list.endpoints	persistence/ydb_logger.go:66	start	{&quot;address&quot;: &quot;localhost:28930&quot;, &quot;database&quot;: &quot;/Root&quot;}
2024-01-26T03:47:13.693Z	ERROR	ydb.discovery.list.endpoints	persistence/ydb_logger.go:72	failed	{&quot;error&quot;: &quot;connError{node_id:0,address:'localhost:28930'}: transport/Unavailable (code = 14, source error = \&quot;rpc error: code = Unavailable desc = last connection error: connection error: desc = \\\&quot;transport: Error while dialing: dial tcp [::1]:28930: connect: connection refused\\\&quot;\&quot;, address: \&quot;localhost:28930\&quot;, traceID: \&quot;46ef9207-9426-4e0b-8e22-a573946cb8d6\&quot;) at `github.com/ydb-platform/ydb-go-sdk/v3/internal/conn.(*conn).Invoke(conn.go:345)` at `github.com/ydb-platform/ydb-go-sdk/v3/internal/discovery.(*Client).Discover(discovery.go:68)`&quot;, &quot;latency&quot;: &quot;315.095µs&quot;, &quot;version&quot;: &quot;3.54.3&quot;}
2024-01-26T03:47:13.693Z	ERROR	ydb.driver.repeater.wake.up	persistence/ydb_logger.go:72	failed	{&quot;error&quot;: &quot;connError{node_id:0,address:'localhost:28930'}: transport/Unavailable (code = 14, source error = \&quot;rpc error: code = Unavailable desc = last connection error: connection error: desc = \\\&quot;transport: Error while dialing: dial tcp [::1]:28930: connect: connection refused\\\&quot;\&quot;, address: \&quot;localhost:28930\&quot;, traceID: \&quot;46ef9207-9426-4e0b-8e22-a573946cb8d6\&quot;) at `github.com/ydb-platform/ydb-go-sdk/v3/internal/conn.(*conn).Invoke(conn.go:345)` at `github.com/ydb-platform/ydb-go-sdk/v3/internal/discovery.(*Client).Discover(discovery.go:68)` at `github.com/ydb-platform/ydb-go-sdk/v3/internal/balancer.(*Balancer).clusterDiscoveryAttempt(balancer.go:117)`&quot;, &quot;name&quot;: &quot;discovery&quot;, &quot;event&quot;: &quot;force&quot;, &quot;latency&quot;: &quot;570.809µs&quot;, &quot;version&quot;: &quot;3.54.3&quot;}
2024-01-26T03:47:42.655Z	DEBUG	ydb.driver.repeater.wake.up	persistence/ydb_logger.go:64	start	{&quot;name&quot;: &quot;discovery&quot;, &quot;event&quot;: &quot;tick&quot;}
2024-01-26T03:47:42.655Z	DEBUG	ydb.discovery.list.endpoints	persistence/ydb_logger.go:66	start	{&quot;address&quot;: &quot;localhost:28930&quot;, &quot;database&quot;: &quot;/Root&quot;}
2024-01-26T03:47:42.655Z	ERROR	ydb.discovery.list.endpoints	persistence/ydb_logger.go:72	failed	{&quot;error&quot;: &quot;connError{node_id:0,address:'localhost:28930'}: transport/Unavailable (code = 14, source error = \&quot;rpc error: code = Unavailable desc = last connection error: connection error: desc = \\\&quot;transport: Error while dialing: dial tcp [::1]:28930: connect: connection refused\\\&quot;\&quot;, address: \&quot;localhost:28930\&quot;, traceID: \&quot;0040fdc9-c712-4e97-b56d-cc904d44c742\&quot;) at `github.com/ydb-platform/ydb-go-sdk/v3/internal/conn.(*conn).Invoke(conn.go:345)` at `github.com/ydb-platform/ydb-go-sdk/v3/internal/discovery.(*Client).Discover(discovery.go:68)`&quot;, &quot;latency&quot;: &quot;229.211µs&quot;, &quot;version&quot;: &quot;3.54.3&quot;}
2024-01-26T03:47:42.655Z	ERROR	ydb.driver.repeater.wake.up	persistence/ydb_logger.go:72	failed	{&quot;error&quot;: &quot;connError{node_id:0,address:'localhost:28930'}: transport/Unavailable (code = 14, source error = \&quot;rpc error: code = Unavailable desc = last connection error: connection error: desc = \\\&quot;transport: Error while dialing: dial tcp [::1]:28930: connect: connection refused\\\&quot;\&quot;, address: \&quot;localhost:28930\&quot;, traceID: \&quot;0040fdc9-c712-4e97-b56d-cc904d44c742\&quot;) at `github.com/ydb-platform/ydb-go-sdk/v3/internal/conn.(*conn).Invoke(conn.go:345)` at `github.com/ydb-platform/ydb-go-sdk/v3/internal/discovery.(*Client).Discover(discovery.go:68)` at `github.com/ydb-platform/ydb-go-sdk/v3/internal/balancer.(*Balancer).clusterDiscoveryAttempt(balancer.go:117)`&quot;, &quot;name&quot;: &quot;discovery&quot;, &quot;event&quot;: &quot;tick&quot;, &quot;latency&quot;: &quot;507.014µs&quot;, &quot;version&quot;: &quot;3.54.3&quot;}
2024-01-26T03:48:14.656Z	DEBUG	ydb.driver.repeater.wake.up	persistence/ydb_logger.go:64	start	{&quot;name&quot;: &quot;discovery&quot;, &quot;event&quot;: &quot;force&quot;}
2024-01-26T03:48:14.657Z	DEBUG	ydb.discovery.list.endpoints	persistence/ydb_logger.go:66	start	{&quot;address&quot;: &quot;localhost:28930&quot;, &quot;database&quot;: &quot;/Root&quot;}
2024-01-26T03:48:14.657Z	ERROR	ydb.discovery.list.endpoints	persistence/ydb_logger.go:72	failed	{&quot;error&quot;: &quot;connError{node_id:0,address:'localhost:28930'}: transport/Unavailable (code = 14, source error = \&quot;rpc error: code = Unavailable desc = last connection error: connection error: desc = \\\&quot;transport: Error while dialing: dial tcp 127.0.0.1:28930: connect: connection refused\\\&quot;\&quot;, address: \&quot;localhost:28930\&quot;, traceID: \&quot;950890c3-8c3e-489d-9b06-917ebf33ee9c\&quot;) at `github.com/ydb-platform/ydb-go-sdk/v3/internal/conn.(*conn).Invoke(conn.go:345)` at `github.com/ydb-platform/ydb-go-sdk/v3/internal/discovery.(*Client).Discover(discovery.go:68)`&quot;, &quot;latency&quot;: &quot;228.528µs&quot;, &quot;version&quot;: &quot;3.54.3&quot;}
2024-01-26T03:48:14.657Z	ERROR	ydb.driver.repeater.wake.up	persistence/ydb_logger.go:72	failed	{&quot;error&quot;: &quot;connError{node_id:0,address:'localhost:28930'}: transport/Unavailable (code = 14, source error = \&quot;rpc error: code = Unavailable desc = last connection error: connection error: desc = \\\&quot;transport: Error while dialing: dial tcp 127.0.0.1:28930: connect: connection refused\\\&quot;\&quot;, address: \&quot;localhost:28930\&quot;, traceID: \&quot;950890c3-8c3e-489d-9b06-917ebf33ee9c\&quot;) at `github.com/ydb-platform/ydb-go-sdk/v3/internal/conn.(*conn).Invoke(conn.go:345)` at `github.com/ydb-platform/ydb-go-sdk/v3/internal/discovery.(*Client).Discover(discovery.go:68)` at `github.com/ydb-platform/ydb-go-sdk/v3/internal/balancer.(*Balancer).clusterDiscoveryAttempt(balancer.go:117)`&quot;, &quot;name&quot;: &quot;discovery&quot;, &quot;event&quot;: &quot;force&quot;, &quot;latency&quot;: &quot;583.269µs&quot;, &quot;version&quot;: &quot;3.54.3&quot;}
2024-01-26T03:48:42.650Z	DEBUG	ydb.driver.repeater.wake.up	persistence/ydb_logger.go:64	start	{&quot;name&quot;: &quot;discovery&quot;, &quot;event&quot;: &quot;tick&quot;}
2024-01-26T03:48:42.650Z	DEBUG	ydb.discovery.list.endpoints	persistence/ydb_logger.go:66	start	{&quot;address&quot;: &quot;localhost:28930&quot;, &quot;database&quot;: &quot;/Root&quot;}
2024-01-26T03:48:42.651Z	ERROR	ydb.discovery.list.endpoints	persistence/ydb_logger.go:72	failed	{&quot;error&quot;: &quot;connError{node_id:0,address:'localhost:28930'}: transport/Unavailable (code = 14, source error = \&quot;rpc error: code = Unavailable desc = last connection error: connection error: desc = \\\&quot;transport: Error while dialing: dial tcp 127.0.0.1:28930: connect: connection refused\\\&quot;\&quot;, address: \&quot;localhost:28930\&quot;, traceID: \&quot;8a83eb14-e0a3-415e-ad95-a942c63adac6\&quot;) at `github.com/ydb-platform/ydb-go-sdk/v3/internal/conn.(*conn).Invoke(conn.go:345)` at `github.com/ydb-platform/ydb-go-sdk/v3/internal/discovery.(*Client).Discover(discovery.go:68)`&quot;, &quot;latency&quot;: &quot;369.419µs&quot;, &quot;version&quot;: &quot;3.54.3&quot;}
2024-01-26T03:48:42.651Z	ERROR	ydb.driver.repeater.wake.up	persistence/ydb_logger.go:72	failed	{&quot;error&quot;: &quot;connError{node_id:0,address:'localhost:28930'}: transport/Unavailable (code = 14, source error = \&quot;rpc error: code = Unavailable desc = last connection error: connection error: desc = \\\&quot;transport: Error while dialing: dial tcp 127.0.0.1:28930: connect: connection refused\\\&quot;\&quot;, address: \&quot;localhost:28930\&quot;, traceID: \&quot;8a83eb14-e0a3-415e-ad95-a942c63adac6\&quot;) at `github.com/ydb-platform/ydb-go-sdk/v3/internal/conn.(*conn).Invoke(conn.go:345)` at `github.com/ydb-platform/ydb-go-sdk/v3/internal/discovery.(*Client).Discover(discovery.go:68)` at `github.com/ydb-platform/ydb-go-sdk/v3/internal/balancer.(*Balancer).clusterDiscoveryAttempt(balancer.go:117)`&quot;, &quot;name&quot;: &quot;discovery&quot;, &quot;event&quot;: &quot;tick&quot;, &quot;latency&quot;: &quot;617.643µs&quot;, &quot;version&quot;: &quot;3.54.3&quot;}
2024-01-26T03:49:14.652Z	DEBUG	ydb.driver.repeater.wake.up	persistence/ydb_logger.go:64	start	{&quot;name&quot;: &quot;discovery&quot;, &quot;event&quot;: &quot;force&quot;}
2024-01-26T03:49:14.652Z	DEBUG	ydb.discovery.list.endpoints	persistence/ydb_logger.go:66	start	{&quot;address&quot;: &quot;localhost:28930&quot;, &quot;database&quot;: &quot;/Root&quot;}
2024-01-26T03:49:14.653Z	ERROR	ydb.discovery.list.endpoints	persistence/ydb_logger.go:72	failed	{&quot;error&quot;: &quot;connError{node_id:0,address:'localhost:28930'}: transport/Unavailable (code = 14, source error = \&quot;rpc error: code = Unavailable desc = last connection error: connection error: desc = \\\&quot;transport: Error while dialing: dial tcp [::1]:28930: connect: connection refused\\\&quot;\&quot;, address: \&quot;localhost:28930\&quot;, traceID: \&quot;2ab7857d-75ca-47b6-aee2-f8c47d9dfd23\&quot;) at `github.com/ydb-platform/ydb-go-sdk/v3/internal/conn.(*conn).Invoke(conn.go:345)` at `github.com/ydb-platform/ydb-go-sdk/v3/internal/discovery.(*Client).Discover(discovery.go:68)`&quot;, &quot;latency&quot;: &quot;215.254µs&quot;, &quot;version&quot;: &quot;3.54.3&quot;}
2024-01-26T03:49:14.653Z	ERROR	ydb.driver.repeater.wake.up	persistence/ydb_logger.go:72	failed	{&quot;error&quot;: &quot;connError{node_id:0,address:'localhost:28930'}: transport/Unavailable (code = 14, source error = \&quot;rpc error: code = Unavailable desc = last connection error: connection error: desc = \\\&quot;transport: Error while dialing: dial tcp [::1]:28930: connect: connection refused\\\&quot;\&quot;, address: \&quot;localhost:28930\&quot;, traceID: \&quot;2ab7857d-75ca-47b6-aee2-f8c47d9dfd23\&quot;) at `github.com/ydb-platform/ydb-go-sdk/v3/internal/conn.(*conn).Invoke(conn.go:345)` at `github.com/ydb-platform/ydb-go-sdk/v3/internal/discovery.(*Client).Discover(discovery.go:68)` at `github.com/ydb-platform/ydb-go-sdk/v3/internal/balancer.(*Balancer).clusterDiscoveryAttempt(balancer.go:117)`&quot;, &quot;name&quot;: &quot;discovery&quot;, &quot;event&quot;: &quot;force&quot;, &quot;latency&quot;: &quot;458.283µs&quot;, &quot;version&quot;: &quot;3.54.3&quot;}
2024-01-26T03:49:42.650Z	DEBUG	ydb.driver.repeater.wake.up	persistence/ydb_logger.go:64	start	{&quot;name&quot;: &quot;discovery&quot;, &quot;event&quot;: &quot;tick&quot;}
2024-01-26T03:49:42.650Z	DEBUG	ydb.discovery.list.endpoints	persistence/ydb_logger.go:66	start	{&quot;address&quot;: &quot;localhost:28930&quot;, &quot;database&quot;: &quot;/Root&quot;}
2024-01-26T03:49:42.651Z	ERROR	ydb.discovery.list.endpoints	persistence/ydb_logger.go:72	failed	{&quot;error&quot;: &quot;connError{node_id:0,address:'localhost:28930'}: transport/Unavailable (code = 14, source error = \&quot;rpc error: code = Unavailable desc = last connection error: connection error: desc = \\\&quot;transport: Error while dialing: dial tcp [::1]:28930: connect: connection refused\\\&quot;\&quot;, address: \&quot;localhost:28930\&quot;, traceID: \&quot;2fe98758-44b3-42bc-85bb-18450ddfbfa9\&quot;) at `github.com/ydb-platform/ydb-go-sdk/v3/internal/conn.(*conn).Invoke(conn.go:345)` at `github.com/ydb-platform/ydb-go-sdk/v3/internal/discovery.(*Client).Discover(discovery.go:68)`&quot;, &quot;latency&quot;: &quot;430.467µs&quot;, &quot;version&quot;: &quot;3.54.3&quot;}
2024-01-26T03:49:42.651Z	ERROR	ydb.driver.repeater.wake.up	persistence/ydb_logger.go:72	failed	{&quot;error&quot;: &quot;connError{node_id:0,address:'localhost:28930'}: transport/Unavailable (code = 14, source error = \&quot;rpc error: code = Unavailable desc = last connection error: connection error: desc = \\\&quot;transport: Error while dialing: dial tcp [::1]:28930: connect: connection refused\\\&quot;\&quot;, address: \&quot;localhost:28930\&quot;, traceID: \&quot;2fe98758-44b3-42bc-85bb-18450ddfbfa9\&quot;) at `github.com/ydb-platform/ydb-go-sdk/v3/internal/conn.(*conn).Invoke(conn.go:345)` at `github.com/ydb-platform/ydb-go-sdk/v3/internal/discovery.(*Client).Discover(discovery.go:68)` at `github.com/ydb-platform/ydb-go-sdk/v3/internal/balancer.(*Balancer).clusterDiscoveryAttempt(balancer.go:117)`&quot;, &quot;name&quot;: &quot;discovery&quot;, &quot;event&quot;: &quot;tick&quot;, &quot;latency&quot;: &quot;707.584µs&quot;, &quot;version&quot;: &quot;3.54.3&quot;}
2024-01-26T03:50:14.652Z	DEBUG	ydb.driver.repeater.wake.up	persistence/ydb_logger.go:64	start	{&quot;name&quot;: &quot;discovery&quot;, &quot;event&quot;: &quot;force&quot;}
2024-01-26T03:50:14.652Z	DEBUG	ydb.discovery.list.endpoints	persistence/ydb_logger.go:66	start	{&quot;address&quot;: &quot;localhost:28930&quot;, &quot;database&quot;: &quot;/Root&quot;}
2024-01-26T03:50:14.652Z	ERROR	ydb.discovery.list.endpoints	persistence/ydb_logger.go:72	failed	{&quot;error&quot;: &quot;connError{node_id:0,address:'localhost:28930'}: transport/Unavailable (code = 14, source error = \&quot;rpc error: code = Unavailable desc = last connection error: connection error: desc = \\\&quot;transport: Error while dialing: dial tcp [::1]:28930: connect: connection refused\\\&quot;\&quot;, address: \&quot;localhost:28930\&quot;, traceID: \&quot;ef5d8ee2-068b-4254-b071-7a717a94c5ea\&quot;) at `github.com/ydb-platform/ydb-go-sdk/v3/internal/conn.(*conn).Invoke(conn.go:345)` at `github.com/ydb-platform/ydb-go-sdk/v3/internal/discovery.(*Client).Discover(discovery.go:68)`&quot;, &quot;latency&quot;: &quot;205.79µs&quot;, &quot;version&quot;: &quot;3.54.3&quot;}
2024-01-26T03:50:14.652Z	ERROR	ydb.driver.repeater.wake.up	persistence/ydb_logger.go:72	failed	{&quot;error&quot;: &quot;connError{node_id:0,address:'localhost:28930'}: transport/Unavailable (code = 14, source error = \&quot;rpc error: code = Unavailable desc = last connection error: connection error: desc = \\\&quot;transport: Error while dialing: dial tcp [::1]:28930: connect: connection refused\\\&quot;\&quot;, address: \&quot;localhost:28930\&quot;, traceID: \&quot;ef5d8ee2-068b-4254-b071-7a717a94c5ea\&quot;) at `github.com/ydb-platform/ydb-go-sdk/v3/internal/conn.(*conn).Invoke(conn.go:345)` at `github.com/ydb-platform/ydb-go-sdk/v3/internal/discovery.(*Client).Discover(discovery.go:68)` at `github.com/ydb-platform/ydb-go-sdk/v3/internal/balancer.(*Balancer).clusterDiscoveryAttempt(balancer.go:117)`&quot;, &quot;name&quot;: &quot;discovery&quot;, &quot;event&quot;: &quot;force&quot;, &quot;latency&quot;: &quot;504.334µs&quot;, &quot;version&quot;: &quot;3.54.3&quot;}
2024-01-26T03:50:42.655Z	DEBUG	ydb.driver.repeater.wake.up	persistence/ydb_logger.go:64	start	{&quot;name&quot;: &quot;discovery&quot;, &quot;event&quot;: &quot;tick&quot;}
2024-01-26T03:50:42.655Z	DEBUG	ydb.discovery.list.endpoints	persistence/ydb_logger.go:66	start	{&quot;address&quot;: &quot;localhost:28930&quot;, &quot;database&quot;: &quot;/Root&quot;}
2024-01-26T03:50:42.655Z	ERROR	ydb.discovery.list.endpoints	persistence/ydb_logger.go:72	failed	{&quot;error&quot;: &quot;connError{node_id:0,address:'localhost:28930'}: transport/Unavailable (code = 14, source error = \&quot;rpc error: code = Unavailable desc = last connection error: connection error: desc = \\\&quot;transport: Error while dialing: dial tcp [::1]:28930: connect: connection refused\\\&quot;\&quot;, address: \&quot;localhost:28930\&quot;, traceID: \&quot;5708aea7-0dd5-4fee-ba07-4f8e22ffc503\&quot;) at `github.com/ydb-platform/ydb-go-sdk/v3/internal/conn.(*conn).Invoke(conn.go:345)` at `github.com/ydb-platform/ydb-go-sdk/v3/internal/discovery.(*Client).Discover(discovery.go:68)`&quot;, &quot;latency&quot;: &quot;252.941µs&quot;, &quot;version&quot;: &quot;3.54.3&quot;}
2024-01-26T03:50:42.655Z	ERROR	ydb.driver.repeater.wake.up	persistence/ydb_logger.go:72	failed	{&quot;error&quot;: &quot;connError{node_id:0,address:'localhost:28930'}: transport/Unavailable (code = 14, source error = \&quot;rpc error: code = Unavailable desc = last connection error: connection error: desc = \\\&quot;transport: Error while dialing: dial tcp [::1]:28930: connect: connection refused\\\&quot;\&quot;, address: \&quot;localhost:28930\&quot;, traceID: \&quot;5708aea7-0dd5-4fee-ba07-4f8e22ffc503\&quot;) at `github.com/ydb-platform/ydb-go-sdk/v3/internal/conn.(*conn).Invoke(conn.go:345)` at `github.com/ydb-platform/ydb-go-sdk/v3/internal/discovery.(*Client).Discover(discovery.go:68)` at `github.com/ydb-platform/ydb-go-sdk/v3/internal/balancer.(*Balancer).clusterDiscoveryAttempt(balancer.go:117)`&quot;, &quot;name&quot;: &quot;discovery&quot;, &quot;event&quot;: &quot;tick&quot;, &quot;latency&quot;: &quot;477.969µs&quot;, &quot;version&quot;: &quot;3.54.3&quot;}
2024-01-26T03:51:14.659Z	DEBUG	ydb.driver.repeater.wake.up	persistence/ydb_logger.go:64	start	{&quot;name&quot;: &quot;discovery&quot;, &quot;event&quot;: &quot;force&quot;}
2024-01-26T03:51:14.659Z	DEBUG	ydb.discovery.list.endpoints	persistence/ydb_logger.go:66	start	{&quot;address&quot;: &quot;localhost:28930&quot;, &quot;database&quot;: &quot;/Root&quot;}
2024-01-26T03:51:14.659Z	ERROR	ydb.discovery.list.endpoints	persistence/ydb_logger.go:72	failed	{&quot;error&quot;: &quot;connError{node_id:0,address:'localhost:28930'}: transport/Unavailable (code = 14, source error = \&quot;rpc error: code = Unavailable desc = last connection error: connection error: desc = \\\&quot;transport: Error while dialing: dial tcp 127.0.0.1:28930: connect: connection refused\\\&quot;\&quot;, address: \&quot;localhost:28930\&quot;, traceID: \&quot;a44c87c9-12d7-4f96-9b31-ed8df7febc40\&quot;) at `github.com/ydb-platform/ydb-go-sdk/v3/internal/conn.(*conn).Invoke(conn.go:345)` at `github.com/ydb-platform/ydb-go-sdk/v3/internal/discovery.(*Client).Discover(discovery.go:68)`&quot;, &quot;latency&quot;: &quot;182.662µs&quot;, &quot;version&quot;: &quot;3.54.3&quot;}
2024-01-26T03:51:14.659Z	ERROR	ydb.driver.repeater.wake.up	persistence/ydb_logger.go:72	failed	{&quot;error&quot;: &quot;connError{node_id:0,address:'localhost:28930'}: transport/Unavailable (code = 14, source error = \&quot;rpc error: code = Unavailable desc = last connection error: connection error: desc = \\\&quot;transport: Error while dialing: dial tcp 127.0.0.1:28930: connect: connection refused\\\&quot;\&quot;, address: \&quot;localhost:28930\&quot;, traceID: \&quot;a44c87c9-12d7-4f96-9b31-ed8df7febc40\&quot;) at `github.com/ydb-platform/ydb-go-sdk/v3/internal/conn.(*conn).Invoke(conn.go:345)` at `github.com/ydb-platform/ydb-go-sdk/v3/internal/discovery.(*Client).Discover(discovery.go:68)` at `github.com/ydb-platform/ydb-go-sdk/v3/internal/balancer.(*Balancer).clusterDiscoveryAttempt(balancer.go:117)`&quot;, &quot;name&quot;: &quot;discovery&quot;, &quot;event&quot;: &quot;force&quot;, &quot;latency&quot;: &quot;413.561µs&quot;, &quot;version&quot;: &quot;3.54.3&quot;}
2024-01-26T03:51:42.653Z	DEBUG	ydb.driver.repeater.wake.up	persistence/ydb_logger.go:64	start	{&quot;name&quot;: &quot;discovery&quot;, &quot;event&quot;: &quot;tick&quot;}
2024-01-26T03:51:42.654Z	DEBUG	ydb.discovery.list.endpoints	persistence/ydb_logger.go:66	start	{&quot;address&quot;: &quot;localhost:28930&quot;, &quot;database&quot;: &quot;/Root&quot;}
2024-01-26T03:51:42.654Z	ERROR	ydb.discovery.list.endpoints	persistence/ydb_logger.go:72	failed	{&quot;error&quot;: &quot;connError{node_id:0,address:'localhost:28930'}: transport/Unavailable (code = 14, source error = \&quot;rpc error: code = Unavailable desc = last connection error: connection error: desc = \\\&quot;transport: Error while dialing: dial tcp 127.0.0.1:28930: connect: connection refused\\\&quot;\&quot;, address: \&quot;localhost:28930\&quot;, traceID: \&quot;bab3d705-7d24-4204-b6b2-e01e53e69c5a\&quot;) at `github.com/ydb-platform/ydb-go-sdk/v3/internal/conn.(*conn).Invoke(conn.go:345)` at `github.com/ydb-platform/ydb-go-sdk/v3/internal/discovery.(*Client).Discover(discovery.go:68)`&quot;, &quot;latency&quot;: &quot;228.639µs&quot;, &quot;version&quot;: &quot;3.54.3&quot;}
2024-01-26T03:51:42.654Z	ERROR	ydb.driver.repeater.wake.up	persistence/ydb_logger.go:72	failed	{&quot;error&quot;: &quot;connError{node_id:0,address:'localhost:28930'}: transport/Unavailable (code = 14, source error = \&quot;rpc error: code = Unavailable desc = last connection error: connection error: desc = \\\&quot;transport: Error while dialing: dial tcp 127.0.0.1:28930: connect: connection refused\\\&quot;\&quot;, address: \&quot;localhost:28930\&quot;, traceID: \&quot;bab3d705-7d24-4204-b6b2-e01e53e69c5a\&quot;) at `github.com/ydb-platform/ydb-go-sdk/v3/internal/conn.(*conn).Invoke(conn.go:345)` at `github.com/ydb-platform/ydb-go-sdk/v3/internal/discovery.(*Client).Discover(discovery.go:68)` at `github.com/ydb-platform/ydb-go-sdk/v3/internal/balancer.(*Balancer).clusterDiscoveryAttempt(balancer.go:117)`&quot;, &quot;name&quot;: &quot;discovery&quot;, &quot;event&quot;: &quot;tick&quot;, &quot;latency&quot;: &quot;423.743µs&quot;, &quot;version&quot;: &quot;3.54.3&quot;}
2024-01-26T03:52:14.657Z	DEBUG	ydb.driver.repeater.wake.up	persistence/ydb_logger.go:64	start	{&quot;name&quot;: &quot;discovery&quot;, &quot;event&quot;: &quot;force&quot;}
2024-01-26T03:52:14.657Z	DEBUG	ydb.discovery.list.endpoints	persistence/ydb_logger.go:66	start	{&quot;address&quot;: &quot;localhost:28930&quot;, &quot;database&quot;: &quot;/Root&quot;}
2024-01-26T03:52:14.657Z	ERROR	ydb.discovery.list.endpoints	persistence/ydb_logger.go:72	failed	{&quot;error&quot;: &quot;connError{node_id:0,address:'localhost:28930'}: transport/Unavailable (code = 14, source error = \&quot;rpc error: code = Unavailable desc = last connection error: connection error: desc = \\\&quot;transport: Error while dialing: dial tcp 127.0.0.1:28930: connect: connection refused\\\&quot;\&quot;, address: \&quot;localhost:28930\&quot;, traceID: \&quot;4fab5679-40ea-45f7-a4f5-95050716475e\&quot;) at `github.com/ydb-platform/ydb-go-sdk/v3/internal/conn.(*conn).Invoke(conn.go:345)` at `github.com/ydb-platform/ydb-go-sdk/v3/internal/discovery.(*Client).Discover(discovery.go:68)`&quot;, &quot;latency&quot;: &quot;239.668µs&quot;, &quot;version&quot;: &quot;3.54.3&quot;}
2024-01-26T03:52:14.657Z	ERROR	ydb.driver.repeater.wake.up	persistence/ydb_logger.go:72	failed	{&quot;error&quot;: &quot;connError{node_id:0,address:'localhost:28930'}: transport/Unavailable (code = 14, source error = \&quot;rpc error: code = Unavailable desc = last connection error: connection error: desc = \\\&quot;transport: Error while dialing: dial tcp 127.0.0.1:28930: connect: connection refused\\\&quot;\&quot;, address: \&quot;localhost:28930\&quot;, traceID: \&quot;4fab5679-40ea-45f7-a4f5-95050716475e\&quot;) at `github.com/ydb-platform/ydb-go-sdk/v3/internal/conn.(*conn).Invoke(conn.go:345)` at `github.com/ydb-platform/ydb-go-sdk/v3/internal/discovery.(*Client).Discover(discovery.go:68)` at `github.com/ydb-platform/ydb-go-sdk/v3/internal/balancer.(*Balancer).clusterDiscoveryAttempt(balancer.go:117)`&quot;, &quot;name&quot;: &quot;discovery&quot;, &quot;event&quot;: &quot;force&quot;, &quot;latency&quot;: &quot;510.601µs&quot;, &quot;version&quot;: &quot;3.54.3&quot;}
2024-01-26T03:52:42.652Z	DEBUG	ydb.driver.repeater.wake.up	persistence/ydb_logger.go:64	start	{&quot;name&quot;: &quot;discovery&quot;, &quot;event&quot;: &quot;tick&quot;}
2024-01-26T03:52:42.653Z	DEBUG	ydb.discovery.list.endpoints	persistence/ydb_logger.go:66	start	{&quot;address&quot;: &quot;localhost:28930&quot;, &quot;database&quot;: &quot;/Root&quot;}
2024-01-26T03:52:42.653Z	ERROR	ydb.discovery.list.endpoints	persistence/ydb_logger.go:72	failed	{&quot;error&quot;: &quot;connError{node_id:0,address:'localhost:28930'}: transport/Unavailable (code = 14, source error = \&quot;rpc error: code = Unavailable desc = last connection error: connection error: desc = \\\&quot;transport: Error while dialing: dial tcp 127.0.0.1:28930: connect: connection refused\\\&quot;\&quot;, address: \&quot;localhost:28930\&quot;, traceID: \&quot;1600266e-ca5b-4161-88ff-f1810a56ca61\&quot;) at `github.com/ydb-platform/ydb-go-sdk/v3/internal/conn.(*conn).Invoke(conn.go:345)` at `github.com/ydb-platform/ydb-go-sdk/v3/internal/discovery.(*Client).Discover(discovery.go:68)`&quot;, &quot;latency&quot;: &quot;222.021µs&quot;, &quot;version&quot;: &quot;3.54.3&quot;}
2024-01-26T03:52:42.653Z	ERROR	ydb.driver.repeater.wake.up	persistence/ydb_logger.go:72	failed	{&quot;error&quot;: &quot;connError{node_id:0,address:'localhost:28930'}: transport/Unavailable (code = 14, source error = \&quot;rpc error: code = Unavailable desc = last connection error: connection error: desc = \\\&quot;transport: Error while dialing: dial tcp 127.0.0.1:28930: connect: connection refused\\\&quot;\&quot;, address: \&quot;localhost:28930\&quot;, traceID: \&quot;1600266e-ca5b-4161-88ff-f1810a56ca61\&quot;) at `github.com/ydb-platform/ydb-go-sdk/v3/internal/conn.(*conn).Invoke(conn.go:345)` at `github.com/ydb-platform/ydb-go-sdk/v3/internal/discovery.(*Client).Discover(discovery.go:68)` at `github.com/ydb-platform/ydb-go-sdk/v3/internal/balancer.(*Balancer).clusterDiscoveryAttempt(balancer.go:117)`&quot;, &quot;name&quot;: &quot;discovery&quot;, &quot;event&quot;: &quot;tick&quot;, &quot;latency&quot;: &quot;423.191µs&quot;, &quot;version&quot;: &quot;3.54.3&quot;}
2024-01-26T03:53:12.657Z	DEBUG	ydb.table.pool.session.remove	persistence/ydb_logger.go:64	start	{&quot;id&quot;: &quot;ydb://session/3?node_id=1&amp;amp;id=ZmEwMGQ4ZmQtNTUyZTA1ZjgtYjY1M2UxZTgtNzM1ZjAyZTk=&quot;, &quot;status&quot;: &quot;closing&quot;}
2024-01-26T03:53:12.658Z	DEBUG	ydb.table.pool.state.change	persistence/ydb_logger.go:66		{&quot;size&quot;: 0, &quot;event&quot;: &quot;remove&quot;}
2024-01-26T03:53:14.656Z	DEBUG	ydb.driver.repeater.wake.up	persistence/ydb_logger.go:64	start	{&quot;name&quot;: &quot;discovery&quot;, &quot;event&quot;: &quot;force&quot;}
2024-01-26T03:53:14.656Z	DEBUG	ydb.discovery.list.endpoints	persistence/ydb_logger.go:66	start	{&quot;address&quot;: &quot;localhost:28930&quot;, &quot;database&quot;: &quot;/Root&quot;}
2024-01-26T03:53:14.656Z	ERROR	ydb.discovery.list.endpoints	persistence/ydb_logger.go:72	failed	{&quot;error&quot;: &quot;connError{node_id:0,address:'localhost:28930'}: transport/Unavailable (code = 14, source error = \&quot;rpc error: code = Unavailable desc = last connection error: connection error: desc = \\\&quot;transport: Error while dialing: dial tcp [::1]:28930: connect: connection refused\\\&quot;\&quot;, address: \&quot;localhost:28930\&quot;, traceID: \&quot;3c581605-f9f6-4d6d-8346-add174fbcdf3\&quot;) at `github.com/ydb-platform/ydb-go-sdk/v3/internal/conn.(*conn).Invoke(conn.go:345)` at `github.com/ydb-platform/ydb-go-sdk/v3/internal/discovery.(*Client).Discover(discovery.go:68)`&quot;, &quot;latency&quot;: &quot;209.007µs&quot;, &quot;version&quot;: &quot;3.54.3&quot;}
2024-01-26T03:53:14.656Z	ERROR	ydb.driver.repeater.wake.up	persistence/ydb_logger.go:72	failed	{&quot;error&quot;: &quot;connError{node_id:0,address:'localhost:28930'}: transport/Unavailable (code = 14, source error = \&quot;rpc error: code = Unavailable desc = last connection error: connection error: desc = \\\&quot;transport: Error while dialing: dial tcp [::1]:28930: connect: connection refused\\\&quot;\&quot;, address: \&quot;localhost:28930\&quot;, traceID: \&quot;3c581605-f9f6-4d6d-8346-add174fbcdf3\&quot;) at `github.com/ydb-platform/ydb-go-sdk/v3/internal/conn.(*conn).Invoke(conn.go:345)` at `github.com/ydb-platform/ydb-go-sdk/v3/internal/discovery.(*Client).Discover(discovery.go:68)` at `github.com/ydb-platform/ydb-go-sdk/v3/internal/balancer.(*Balancer).clusterDiscoveryAttempt(balancer.go:117)`&quot;, &quot;name&quot;: &quot;discovery&quot;, &quot;event&quot;: &quot;force&quot;, &quot;latency&quot;: &quot;431.164µs&quot;, &quot;version&quot;: &quot;3.54.3&quot;}
2024-01-26T03:53:42.651Z	DEBUG	ydb.driver.repeater.wake.up	persistence/ydb_logger.go:64	start	{&quot;name&quot;: &quot;discovery&quot;, &quot;event&quot;: &quot;tick&quot;}
2024-01-26T03:53:42.652Z	DEBUG	ydb.discovery.list.endpoints	persistence/ydb_logger.go:66	start	{&quot;address&quot;: &quot;localhost:28930&quot;, &quot;database&quot;: &quot;/Root&quot;}
2024-01-26T03:53:42.652Z	ERROR	ydb.discovery.list.endpoints	persistence/ydb_logger.go:72	failed	{&quot;error&quot;: &quot;connError{node_id:0,address:'localhost:28930'}: transport/Unavailable (code = 14, source error = \&quot;rpc error: code = Unavailable desc = last connection error: connection error: desc = \\\&quot;transport: Error while dialing: dial tcp [::1]:28930: connect: connection refused\\\&quot;\&quot;, address: \&quot;localhost:28930\&quot;, traceID: \&quot;5b68a6f3-8770-4663-b6ae-e73f92f77a29\&quot;) at `github.com/ydb-platform/ydb-go-sdk/v3/internal/conn.(*conn).Invoke(conn.go:345)` at `github.com/ydb-platform/ydb-go-sdk/v3/internal/discovery.(*Client).Discover(discovery.go:68)`&quot;, &quot;latency&quot;: &quot;282.994µs&quot;, &quot;version&quot;: &quot;3.54.3&quot;}
2024-01-26T03:53:42.652Z	ERROR	ydb.driver.repeater.wake.up	persistence/ydb_logger.go:72	failed	{&quot;error&quot;: &quot;connError{node_id:0,address:'localhost:28930'}: transport/Unavailable (code = 14, source error = \&quot;rpc error: code = Unavailable desc = last connection error: connection error: desc = \\\&quot;transport: Error while dialing: dial tcp [::1]:28930: connect: connection refused\\\&quot;\&quot;, address: \&quot;localhost:28930\&quot;, traceID: \&quot;5b68a6f3-8770-4663-b6ae-e73f92f77a29\&quot;) at `github.com/ydb-platform/ydb-go-sdk/v3/internal/conn.(*conn).Invoke(conn.go:345)` at `github.com/ydb-platform/ydb-go-sdk/v3/internal/discovery.(*Client).Discover(discovery.go:68)` at `github.com/ydb-platform/ydb-go-sdk/v3/internal/balancer.(*Balancer).clusterDiscoveryAttempt(balancer.go:117)`&quot;, &quot;name&quot;: &quot;discovery&quot;, &quot;event&quot;: &quot;tick&quot;, &quot;latency&quot;: &quot;495.033µs&quot;, &quot;version&quot;: &quot;3.54.3&quot;}
2024-01-26T03:54:14.652Z	DEBUG	ydb.driver.repeater.wake.up	persistence/ydb_logger.go:64	start	{&quot;name&quot;: &quot;discovery&quot;, &quot;event&quot;: &quot;force&quot;}
2024-01-26T03:54:14.652Z	DEBUG	ydb.discovery.list.endpoints	persistence/ydb_logger.go:66	start	{&quot;address&quot;: &quot;localhost:28930&quot;, &quot;database&quot;: &quot;/Root&quot;}
2024-01-26T03:54:14.653Z	ERROR	ydb.discovery.list.endpoints	persistence/ydb_logger.go:72	failed	{&quot;error&quot;: &quot;connError{node_id:0,address:'localhost:28930'}: transport/Unavailable (code = 14, source error = \&quot;rpc error: code = Unavailable desc = last connection error: connection error: desc = \\\&quot;transport: Error while dialing: dial tcp [::1]:28930: connect: connection refused\\\&quot;\&quot;, address: \&quot;localhost:28930\&quot;, traceID: \&quot;9cdcfece-2a71-4fb5-8650-e5af8847071c\&quot;) at `github.com/ydb-platform/ydb-go-sdk/v3/internal/conn.(*conn).Invoke(conn.go:345)` at `github.com/ydb-platform/ydb-go-sdk/v3/internal/discovery.(*Client).Discover(discovery.go:68)`&quot;, &quot;latency&quot;: &quot;251.37µs&quot;, &quot;version&quot;: &quot;3.54.3&quot;}
2024-01-26T03:54:14.653Z	ERROR	ydb.driver.repeater.wake.up	persistence/ydb_logger.go:72	failed	{&quot;error&quot;: &quot;connError{node_id:0,address:'localhost:28930'}: transport/Unavailable (code = 14, source error = \&quot;rpc error: code = Unavailable desc = last connection error: connection error: desc = \\\&quot;transport: Error while dialing: dial tcp [::1]:28930: connect: connection refused\\\&quot;\&quot;, address: \&quot;localhost:28930\&quot;, traceID: \&quot;9cdcfece-2a71-4fb5-8650-e5af8847071c\&quot;) at `github.com/ydb-platform/ydb-go-sdk/v3/internal/conn.(*conn).Invoke(conn.go:345)` at `github.com/ydb-platform/ydb-go-sdk/v3/internal/discovery.(*Client).Discover(discovery.go:68)` at `github.com/ydb-platform/ydb-go-sdk/v3/internal/balancer.(*Balancer).clusterDiscoveryAttempt(balancer.go:117)`&quot;, &quot;name&quot;: &quot;discovery&quot;, &quot;event&quot;: &quot;force&quot;, &quot;latency&quot;: &quot;563.955µs&quot;, &quot;version&quot;: &quot;3.54.3&quot;}
2024-01-26T03:54:42.651Z	DEBUG	ydb.driver.repeater.wake.up	persistence/ydb_logger.go:64	start	{&quot;name&quot;: &quot;discovery&quot;, &quot;event&quot;: &quot;tick&quot;}
2024-01-26T03:54:42.651Z	DEBUG	ydb.discovery.list.endpoints	persistence/ydb_logger.go:66	start	{&quot;address&quot;: &quot;localhost:28930&quot;, &quot;database&quot;: &quot;/Root&quot;}
2024-01-26T03:54:42.652Z	ERROR	ydb.discovery.list.endpoints	persistence/ydb_logger.go:72	failed	{&quot;error&quot;: &quot;connError{node_id:0,address:'localhost:28930'}: transport/Unavailable (code = 14, source error = \&quot;rpc error: code = Unavailable desc = last connection error: connection error: desc = \\\&quot;transport: Error while dialing: dial tcp 127.0.0.1:28930: connect: connection refused\\\&quot;\&quot;, address: \&quot;localhost:28930\&quot;, traceID: \&quot;a8dc9f63-7dd4-463a-83f8-5ac10a65060c\&quot;) at `github.com/ydb-platform/ydb-go-sdk/v3/internal/conn.(*conn).Invoke(conn.go:345)` at `github.com/ydb-platform/ydb-go-sdk/v3/internal/discovery.(*Client).Discover(discovery.go:68)`&quot;, &quot;latency&quot;: &quot;293.956µs&quot;, &quot;version&quot;: &quot;3.54.3&quot;}
2024-01-26T03:54:42.652Z	ERROR	ydb.driver.repeater.wake.up	persistence/ydb_logger.go:72	failed	{&quot;error&quot;: &quot;connError{node_id:0,address:'localhost:28930'}: transport/Unavailable (code = 14, source error = \&quot;rpc error: code = Unavailable desc = last connection error: connection error: desc = \\\&quot;transport: Error while dialing: dial tcp 127.0.0.1:28930: connect: connection refused\\\&quot;\&quot;, address: \&quot;localhost:28930\&quot;, traceID: \&quot;a8dc9f63-7dd4-463a-83f8-5ac10a65060c\&quot;) at `github.com/ydb-platform/ydb-go-sdk/v3/internal/conn.(*conn).Invoke(conn.go:345)` at `github.com/ydb-platform/ydb-go-sdk/v3/internal/discovery.(*Client).Discover(discovery.go:68)` at `github.com/ydb-platform/ydb-go-sdk/v3/internal/balancer.(*Balancer).clusterDiscoveryAttempt(balancer.go:117)`&quot;, &quot;name&quot;: &quot;discovery&quot;, &quot;event&quot;: &quot;tick&quot;, &quot;latency&quot;: &quot;528.948µs&quot;, &quot;version&quot;: &quot;3.54.3&quot;}
2024-01-26T03:55:14.655Z	DEBUG	ydb.driver.repeater.wake.up	persistence/ydb_logger.go:64	start	{&quot;name&quot;: &quot;discovery&quot;, &quot;event&quot;: &quot;force&quot;}
2024-01-26T03:55:14.771Z	DEBUG	ydb.discovery.list.endpoints	persistence/ydb_logger.go:66	start	{&quot;address&quot;: &quot;localhost:28930&quot;, &quot;database&quot;: &quot;/Root&quot;}
2024-01-26T03:55:14.772Z	ERROR	ydb.discovery.list.endpoints	persistence/ydb_logger.go:72	failed	{&quot;error&quot;: &quot;connError{node_id:0,address:'localhost:28930'}: transport/Unavailable (code = 14, source error = \&quot;rpc error: code = Unavailable desc = last connection error: connection error: desc = \\\&quot;transport: Error while dialing: dial tcp [::1]:28930: connect: connection refused\\\&quot;\&quot;, address: \&quot;localhost:28930\&quot;, traceID: \&quot;ca651036-65a8-4d25-b8e0-c99bba72472a\&quot;) at `github.com/ydb-platform/ydb-go-sdk/v3/internal/conn.(*conn).Invoke(conn.go:345)` at `github.com/ydb-platform/ydb-go-sdk/v3/internal/discovery.(*Client).Discover(discovery.go:68)`&quot;, &quot;latency&quot;: &quot;378.329µs&quot;, &quot;version&quot;: &quot;3.54.3&quot;}
2024-01-26T03:55:14.772Z	ERROR	ydb.driver.repeater.wake.up	persistence/ydb_logger.go:72	failed	{&quot;error&quot;: &quot;connError{node_id:0,address:'localhost:28930'}: transport/Unavailable (code = 14, source error = \&quot;rpc error: code = Unavailable desc = last connection error: connection error: desc = \\\&quot;transport: Error while dialing: dial tcp [::1]:28930: connect: connection refused\\\&quot;\&quot;, address: \&quot;localhost:28930\&quot;, traceID: \&quot;ca651036-65a8-4d25-b8e0-c99bba72472a\&quot;) at `github.com/ydb-platform/ydb-go-sdk/v3/internal/conn.(*conn).Invoke(conn.go:345)` at `github.com/ydb-platform/ydb-go-sdk/v3/internal/discovery.(*Client).Discover(discovery.go:68)` at `github.com/ydb-platform/ydb-go-sdk/v3/internal/balancer.(*Balancer).clusterDiscoveryAttempt(balancer.go:117)`&quot;, &quot;name&quot;: &quot;discovery&quot;, &quot;event&quot;: &quot;force&quot;, &quot;latency&quot;: &quot;781.777µs&quot;, &quot;version&quot;: &quot;3.54.3&quot;}
2024-01-26T03:55:42.650Z	DEBUG	ydb.driver.repeater.wake.up	persistence/ydb_logger.go:64	start	{&quot;name&quot;: &quot;discovery&quot;, &quot;event&quot;: &quot;tick&quot;}
2024-01-26T03:55:42.651Z	DEBUG	ydb.discovery.list.endpoints	persistence/ydb_logger.go:66	start	{&quot;address&quot;: &quot;localhost:28930&quot;, &quot;database&quot;: &quot;/Root&quot;}
2024-01-26T03:55:42.651Z	ERROR	ydb.discovery.list.endpoints	persistence/ydb_logger.go:72	failed	{&quot;error&quot;: &quot;connError{node_id:0,address:'localhost:28930'}: transport/Unavailable (code = 14, source error = \&quot;rpc error: code = Unavailable desc = last connection error: connection error: desc = \\\&quot;transport: Error while dialing: dial tcp [::1]:28930: connect: connection refused\\\&quot;\&quot;, address: \&quot;localhost:28930\&quot;, traceID: \&quot;e961e91d-7020-4407-b107-69a55ee2cc9a\&quot;) at `github.com/ydb-platform/ydb-go-sdk/v3/internal/conn.(*conn).Invoke(conn.go:345)` at `github.com/ydb-platform/ydb-go-sdk/v3/internal/discovery.(*Client).Discover(discovery.go:68)`&quot;, &quot;latency&quot;: &quot;285.797µs&quot;, &quot;version&quot;: &quot;3.54.3&quot;}
2024-01-26T03:55:42.651Z	ERROR	ydb.driver.repeater.wake.up	persistence/ydb_logger.go:72	failed	{&quot;error&quot;: &quot;connError{node_id:0,address:'localhost:28930'}: transport/Unavailable (code = 14, source error = \&quot;rpc error: code = Unavailable desc = last connection error: connection error: desc = \\\&quot;transport: Error while dialing: dial tcp [::1]:28930: connect: connection refused\\\&quot;\&quot;, address: \&quot;localhost:28930\&quot;, traceID: \&quot;e961e91d-7020-4407-b107-69a55ee2cc9a\&quot;) at `github.com/ydb-platform/ydb-go-sdk/v3/internal/conn.(*conn).Invoke(conn.go:345)` at `github.com/ydb-platform/ydb-go-sdk/v3/internal/discovery.(*Client).Discover(discovery.go:68)` at `github.com/ydb-platform/ydb-go-sdk/v3/internal/balancer.(*Balancer).clusterDiscoveryAttempt(balancer.go:117)`&quot;, &quot;name&quot;: &quot;discovery&quot;, &quot;event&quot;: &quot;tick&quot;, &quot;latency&quot;: &quot;616.563µs&quot;, &quot;version&quot;: &quot;3.54.3&quot;}
2024-01-26T03:56:14.652Z	DEBUG	ydb.driver.repeater.wake.up	persistence/ydb_logger.go:64	start	{&quot;name&quot;: &quot;discovery&quot;, &quot;event&quot;: &quot;force&quot;}
2024-01-26T03:56:14.652Z	DEBUG	ydb.discovery.list.endpoints	persistence/ydb_logger.go:66	start	{&quot;address&quot;: &quot;localhost:28930&quot;, &quot;database&quot;: &quot;/Root&quot;}
2024-01-26T03:56:14.652Z	ERROR	ydb.discovery.list.endpoints	persistence/ydb_logger.go:72	failed	{&quot;error&quot;: &quot;connError{node_id:0,address:'localhost:28930'}: transport/Unavailable (code = 14, source error = \&quot;rpc error: code = Unavailable desc = last connection error: connection error: desc = \\\&quot;transport: Error while dialing: dial tcp 127.0.0.1:28930: connect: connection refused\\\&quot;\&quot;, address: \&quot;localhost:28930\&quot;, traceID: \&quot;730351c6-c207-41f6-98fc-9e14145447f1\&quot;) at `github.com/ydb-platform/ydb-go-sdk/v3/internal/conn.(*conn).Invoke(conn.go:345)` at `github.com/ydb-platform/ydb-go-sdk/v3/internal/discovery.(*Client).Discover(discovery.go:68)`&quot;, &quot;latency&quot;: &quot;204.689µs&quot;, &quot;version&quot;: &quot;3.54.3&quot;}
2024-01-26T03:56:14.653Z	ERROR	ydb.driver.repeater.wake.up	persistence/ydb_logger.go:72	failed	{&quot;error&quot;: &quot;connError{node_id:0,address:'localhost:28930'}: transport/Unavailable (code = 14, source error = \&quot;rpc error: code = Unavailable desc = last connection error: connection error: desc = \\\&quot;transport: Error while dialing: dial tcp 127.0.0.1:28930: connect: connection refused\\\&quot;\&quot;, address: \&quot;localhost:28930\&quot;, traceID: \&quot;730351c6-c207-41f6-98fc-9e14145447f1\&quot;) at `github.com/ydb-platform/ydb-go-sdk/v3/internal/conn.(*conn).Invoke(conn.go:345)` at `github.com/ydb-platform/ydb-go-sdk/v3/internal/discovery.(*Client).Discover(discovery.go:68)` at `github.com/ydb-platform/ydb-go-sdk/v3/internal/balancer.(*Balancer).clusterDiscoveryAttempt(balancer.go:117)`&quot;, &quot;name&quot;: &quot;discovery&quot;, &quot;event&quot;: &quot;force&quot;, &quot;latency&quot;: &quot;498.225µs&quot;, &quot;version&quot;: &quot;3.54.3&quot;}
2024-01-26T03:56:42.655Z	DEBUG	ydb.driver.repeater.wake.up	persistence/ydb_logger.go:64	start	{&quot;name&quot;: &quot;discovery&quot;, &quot;event&quot;: &quot;tick&quot;}
2024-01-26T03:56:42.655Z	DEBUG	ydb.discovery.list.endpoints	persistence/ydb_logger.go:66	start	{&quot;address&quot;: &quot;localhost:28930&quot;, &quot;database&quot;: &quot;/Root&quot;}
2024-01-26T03:56:42.656Z	ERROR	ydb.discovery.list.endpoints	persistence/ydb_logger.go:72	failed	{&quot;error&quot;: &quot;connError{node_id:0,address:'localhost:28930'}: transport/Unavailable (code = 14, source error = \&quot;rpc error: code = Unavailable desc = last connection error: connection error: desc = \\\&quot;transport: Error while dialing: dial tcp 127.0.0.1:28930: connect: connection refused\\\&quot;\&quot;, address: \&quot;localhost:28930\&quot;, traceID: \&quot;ce307304-d8aa-44bf-923b-b31cf280615e\&quot;) at `github.com/ydb-platform/ydb-go-sdk/v3/internal/conn.(*conn).Invoke(conn.go:345)` at `github.com/ydb-platform/ydb-go-sdk/v3/internal/discovery.(*Client).Discover(discovery.go:68)`&quot;, &quot;latency&quot;: &quot;404.567µs&quot;, &quot;version&quot;: &quot;3.54.3&quot;}
2024-01-26T03:56:42.656Z	ERROR	ydb.driver.repeater.wake.up	persistence/ydb_logger.go:72	failed	{&quot;error&quot;: &quot;connError{node_id:0,address:'localhost:28930'}: transport/Unavailable (code = 14, source error = \&quot;rpc error: code = Unavailable desc = last connection error: connection error: desc = \\\&quot;transport: Error while dialing: dial tcp 127.0.0.1:28930: connect: connection refused\\\&quot;\&quot;, address: \&quot;localhost:28930\&quot;, traceID: \&quot;ce307304-d8aa-44bf-923b-b31cf280615e\&quot;) at `github.com/ydb-platform/ydb-go-sdk/v3/internal/conn.(*conn).Invoke(conn.go:345)` at `github.com/ydb-platform/ydb-go-sdk/v3/internal/discovery.(*Client).Discover(discovery.go:68)` at `github.com/ydb-platform/ydb-go-sdk/v3/internal/balancer.(*Balancer).clusterDiscoveryAttempt(balancer.go:117)`&quot;, &quot;name&quot;: &quot;discovery&quot;, &quot;event&quot;: &quot;tick&quot;, &quot;latency&quot;: &quot;689.689µs&quot;, &quot;version&quot;: &quot;3.54.3&quot;}
2024-01-26T03:57:14.659Z	DEBUG	ydb.driver.repeater.wake.up	persistence/ydb_logger.go:64	start	{&quot;name&quot;: &quot;discovery&quot;, &quot;event&quot;: &quot;force&quot;}
2024-01-26T03:57:14.735Z	DEBUG	ydb.discovery.list.endpoints	persistence/ydb_logger.go:66	start	{&quot;address&quot;: &quot;localhost:28930&quot;, &quot;database&quot;: &quot;/Root&quot;}
2024-01-26T03:57:14.735Z	ERROR	ydb.discovery.list.endpoints	persistence/ydb_logger.go:72	failed	{&quot;error&quot;: &quot;connError{node_id:0,address:'localhost:28930'}: transport/Unavailable (code = 14, source error = \&quot;rpc error: code = Unavailable desc = last connection error: connection error: desc = \\\&quot;transport: Error while dialing: dial tcp [::1]:28930: connect: connection refused\\\&quot;\&quot;, address: \&quot;localhost:28930\&quot;, traceID: \&quot;442cc4d3-a502-47ae-9aac-05bc0c444ef8\&quot;) at `github.com/ydb-platform/ydb-go-sdk/v3/internal/conn.(*conn).Invoke(conn.go:345)` at `github.com/ydb-platform/ydb-go-sdk/v3/internal/discovery.(*Client).Discover(discovery.go:68)`&quot;, &quot;latency&quot;: &quot;222.381µs&quot;, &quot;version&quot;: &quot;3.54.3&quot;}
2024-01-26T03:57:14.735Z	ERROR	ydb.driver.repeater.wake.up	persistence/ydb_logger.go:72	failed	{&quot;error&quot;: &quot;connError{node_id:0,address:'localhost:28930'}: transport/Unavailable (code = 14, source error = \&quot;rpc error: code = Unavailable desc = last connection error: connection error: desc = \\\&quot;transport: Error while dialing: dial tcp [::1]:28930: connect: connection refused\\\&quot;\&quot;, address: \&quot;localhost:28930\&quot;, traceID: \&quot;442cc4d3-a502-47ae-9aac-05bc0c444ef8\&quot;) at `github.com/ydb-platform/ydb-go-sdk/v3/internal/conn.(*conn).Invoke(conn.go:345)` at `github.com/ydb-platform/ydb-go-sdk/v3/internal/discovery.(*Client).Discover(discovery.go:68)` at `github.com/ydb-platform/ydb-go-sdk/v3/internal/balancer.(*Balancer).clusterDiscoveryAttempt(balancer.go:117)`&quot;, &quot;name&quot;: &quot;discovery&quot;, &quot;event&quot;: &quot;force&quot;, &quot;latency&quot;: &quot;500.822µs&quot;, &quot;version&quot;: &quot;3.54.3&quot;}
2024-01-26T03:57:42.652Z	DEBUG	ydb.driver.repeater.wake.up	persistence/ydb_logger.go:64	start	{&quot;name&quot;: &quot;discovery&quot;, &quot;event&quot;: &quot;tick&quot;}
2024-01-26T03:57:42.653Z	DEBUG	ydb.discovery.list.endpoints	persistence/ydb_logger.go:66	start	{&quot;address&quot;: &quot;localhost:28930&quot;, &quot;database&quot;: &quot;/Root&quot;}
2024-01-26T03:57:42.658Z	ERROR	ydb.discovery.list.endpoints	persistence/ydb_logger.go:72	failed	{&quot;error&quot;: &quot;connError{node_id:0,address:'localhost:28930'}: transport/Unavailable (code = 14, source error = \&quot;rpc error: code = Unavailable desc = last connection error: connection error: desc = \\\&quot;transport: Error while dialing: dial tcp [::1]:28930: connect: connection refused\\\&quot;\&quot;, address: \&quot;localhost:28930\&quot;, traceID: \&quot;b55d1072-fd91-48a2-9d67-3163eae6298a\&quot;) at `github.com/ydb-platform/ydb-go-sdk/v3/internal/conn.(*conn).Invoke(conn.go:345)` at `github.com/ydb-platform/ydb-go-sdk/v3/internal/discovery.(*Client).Discover(discovery.go:68)`&quot;, &quot;latency&quot;: &quot;5.053131ms&quot;, &quot;version&quot;: &quot;3.54.3&quot;}
2024-01-26T03:57:42.658Z	ERROR	ydb.driver.repeater.wake.up	persistence/ydb_logger.go:72	failed	{&quot;error&quot;: &quot;connError{node_id:0,address:'localhost:28930'}: transport/Unavailable (code = 14, source error = \&quot;rpc error: code = Unavailable desc = last connection error: connection error: desc = \\\&quot;transport: Error while dialing: dial tcp [::1]:28930: connect: connection refused\\\&quot;\&quot;, address: \&quot;localhost:28930\&quot;, traceID: \&quot;b55d1072-fd91-48a2-9d67-3163eae6298a\&quot;) at `github.com/ydb-platform/ydb-go-sdk/v3/internal/conn.(*conn).Invoke(conn.go:345)` at `github.com/ydb-platform/ydb-go-sdk/v3/internal/discovery.(*Client).Discover(discovery.go:68)` at `github.com/ydb-platform/ydb-go-sdk/v3/internal/balancer.(*Balancer).clusterDiscoveryAttempt(balancer.go:117)`&quot;, &quot;name&quot;: &quot;discovery&quot;, &quot;event&quot;: &quot;tick&quot;, &quot;latency&quot;: &quot;5.430649ms&quot;, &quot;version&quot;: &quot;3.54.3&quot;}
2024-01-26T03:58:14.723Z	DEBUG	ydb.driver.repeater.wake.up	persistence/ydb_logger.go:64	start	{&quot;name&quot;: &quot;discovery&quot;, &quot;event&quot;: &quot;force&quot;}
2024-01-26T03:58:14.824Z	DEBUG	ydb.discovery.list.endpoints	persistence/ydb_logger.go:66	start	{&quot;address&quot;: &quot;localhost:28930&quot;, &quot;database&quot;: &quot;/Root&quot;}
2024-01-26T03:58:14.951Z	ERROR	ydb.discovery.list.endpoints	persistence/ydb_logger.go:72	failed	{&quot;error&quot;: &quot;connError{node_id:0,address:'localhost:28930'}: transport/Unavailable (code = 14, source error = \&quot;rpc error: code = Unavailable desc = last connection error: connection error: desc = \\\&quot;transport: Error while dialing: dial tcp 127.0.0.1:28930: connect: connection refused\\\&quot;\&quot;, address: \&quot;localhost:28930\&quot;, traceID: \&quot;55e73f9f-d1f3-4c4a-977c-31365c51d0e6\&quot;) at `github.com/ydb-platform/ydb-go-sdk/v3/internal/conn.(*conn).Invoke(conn.go:345)` at `github.com/ydb-platform/ydb-go-sdk/v3/internal/discovery.(*Client).Discover(discovery.go:68)`&quot;, &quot;latency&quot;: &quot;127.529129ms&quot;, &quot;version&quot;: &quot;3.54.3&quot;}
2024-01-26T03:58:14.952Z	ERROR	ydb.driver.repeater.wake.up	persistence/ydb_logger.go:72	failed	{&quot;error&quot;: &quot;connError{node_id:0,address:'localhost:28930'}: transport/Unavailable (code = 14, source error = \&quot;rpc error: code = Unavailable desc = last connection error: connection error: desc = \\\&quot;transport: Error while dialing: dial tcp 127.0.0.1:28930: connect: connection refused\\\&quot;\&quot;, address: \&quot;localhost:28930\&quot;, traceID: \&quot;55e73f9f-d1f3-4c4a-977c-31365c51d0e6\&quot;) at `github.com/ydb-platform/ydb-go-sdk/v3/internal/conn.(*conn).Invoke(conn.go:345)` at `github.com/ydb-platform/ydb-go-sdk/v3/internal/discovery.(*Client).Discover(discovery.go:68)` at `github.com/ydb-platform/ydb-go-sdk/v3/internal/balancer.(*Balancer).clusterDiscoveryAttempt(balancer.go:117)`&quot;, &quot;name&quot;: &quot;discovery&quot;, &quot;event&quot;: &quot;force&quot;, &quot;latency&quot;: &quot;128.191482ms&quot;, &quot;version&quot;: &quot;3.54.3&quot;}
2024-01-26T03:58:42.651Z	DEBUG	ydb.driver.repeater.wake.up	persistence/ydb_logger.go:64	start	{&quot;name&quot;: &quot;discovery&quot;, &quot;event&quot;: &quot;tick&quot;}
2024-01-26T03:58:42.651Z	DEBUG	ydb.discovery.list.endpoints	persistence/ydb_logger.go:66	start	{&quot;address&quot;: &quot;localhost:28930&quot;, &quot;database&quot;: &quot;/Root&quot;}
2024-01-26T03:58:42.652Z	ERROR	ydb.discovery.list.endpoints	persistence/ydb_logger.go:72	failed	{&quot;error&quot;: &quot;connError{node_id:0,address:'localhost:28930'}: transport/Unavailable (code = 14, source error = \&quot;rpc error: code = Unavailable desc = last connection error: connection error: desc = \\\&quot;transport: Error while dialing: dial tcp [::1]:28930: connect: connection refused\\\&quot;\&quot;, address: \&quot;localhost:28930\&quot;, traceID: \&quot;62833927-8c70-481e-9534-e3ffa86cb893\&quot;) at `github.com/ydb-platform/ydb-go-sdk/v3/internal/conn.(*conn).Invoke(conn.go:345)` at `github.com/ydb-platform/ydb-go-sdk/v3/internal/discovery.(*Client).Discover(discovery.go:68)`&quot;, &quot;latency&quot;: &quot;434.635µs&quot;, &quot;version&quot;: &quot;3.54.3&quot;}
2024-01-26T03:58:42.652Z	ERROR	ydb.driver.repeater.wake.up	persistence/ydb_logger.go:72	failed	{&quot;error&quot;: &quot;connError{node_id:0,address:'localhost:28930'}: transport/Unavailable (code = 14, source error = \&quot;rpc error: code = Unavailable desc = last connection error: connection error: desc = \\\&quot;transport: Error while dialing: dial tcp [::1]:28930: connect: connection refused\\\&quot;\&quot;, address: \&quot;localhost:28930\&quot;, traceID: \&quot;62833927-8c70-481e-9534-e3ffa86cb893\&quot;) at `github.com/ydb-platform/ydb-go-sdk/v3/internal/conn.(*conn).Invoke(conn.go:345)` at `github.com/ydb-platform/ydb-go-sdk/v3/internal/discovery.(*Client).Discover(discovery.go:68)` at `github.com/ydb-platform/ydb-go-sdk/v3/internal/balancer.(*Balancer).clusterDiscoveryAttempt(balancer.go:117)`&quot;, &quot;name&quot;: &quot;discovery&quot;, &quot;event&quot;: &quot;tick&quot;, &quot;latency&quot;: &quot;798.343µs&quot;, &quot;version&quot;: &quot;3.54.3&quot;}
2024-01-26T03:59:14.653Z	DEBUG	ydb.driver.repeater.wake.up	persistence/ydb_logger.go:64	start	{&quot;name&quot;: &quot;discovery&quot;, &quot;event&quot;: &quot;force&quot;}
2024-01-26T03:59:14.654Z	DEBUG	ydb.discovery.list.endpoints	persistence/ydb_logger.go:66	start	{&quot;address&quot;: &quot;localhost:28930&quot;, &quot;database&quot;: &quot;/Root&quot;}
2024-01-26T03:59:14.654Z	ERROR	ydb.discovery.list.endpoints	persistence/ydb_logger.go:72	failed	{&quot;error&quot;: &quot;connError{node_id:0,address:'localhost:28930'}: transport/Unavailable (code = 14, source error = \&quot;rpc error: code = Unavailable desc = last connection error: connection error: desc = \\\&quot;transport: Error while dialing: dial tcp [::1]:28930: connect: connection refused\\\&quot;\&quot;, address: \&quot;localhost:28930\&quot;, traceID: \&quot;7089cb64-c60f-4787-9806-debb27a97e75\&quot;) at `github.com/ydb-platform/ydb-go-sdk/v3/internal/conn.(*conn).Invoke(conn.go:345)` at `github.com/ydb-platform/ydb-go-sdk/v3/internal/discovery.(*Client).Discover(discovery.go:68)`&quot;, &quot;latency&quot;: &quot;304.901µs&quot;, &quot;version&quot;: &quot;3.54.3&quot;}
2024-01-26T03:59:14.654Z	ERROR	ydb.driver.repeater.wake.up	persistence/ydb_logger.go:72	failed	{&quot;error&quot;: &quot;connError{node_id:0,address:'localhost:28930'}: transport/Unavailable (code = 14, source error = \&quot;rpc error: code = Unavailable desc = last connection error: connection error: desc = \\\&quot;transport: Error while dialing: dial tcp [::1]:28930: connect: connection refused\\\&quot;\&quot;, address: \&quot;localhost:28930\&quot;, traceID: \&quot;7089cb64-c60f-4787-9806-debb27a97e75\&quot;) at `github.com/ydb-platform/ydb-go-sdk/v3/internal/conn.(*conn).Invoke(conn.go:345)` at `github.com/ydb-platform/ydb-go-sdk/v3/internal/discovery.(*Client).Discover(discovery.go:68)` at `github.com/ydb-platform/ydb-go-sdk/v3/internal/balancer.(*Balancer).clusterDiscoveryAttempt(balancer.go:117)`&quot;, &quot;name&quot;: &quot;discovery&quot;, &quot;event&quot;: &quot;force&quot;, &quot;latency&quot;: &quot;672.176µs&quot;, &quot;version&quot;: &quot;3.54.3&quot;}
2024-01-26T03:59:42.651Z	DEBUG	ydb.driver.repeater.wake.up	persistence/ydb_logger.go:64	start	{&quot;name&quot;: &quot;discovery&quot;, &quot;event&quot;: &quot;tick&quot;}
2024-01-26T03:59:42.651Z	DEBUG	ydb.discovery.list.endpoints	persistence/ydb_logger.go:66	start	{&quot;address&quot;: &quot;localhost:28930&quot;, &quot;database&quot;: &quot;/Root&quot;}
2024-01-26T03:59:42.652Z	ERROR	ydb.discovery.list.endpoints	persistence/ydb_logger.go:72	failed	{&quot;error&quot;: &quot;connError{node_id:0,address:'localhost:28930'}: transport/Unavailable (code = 14, source error = \&quot;rpc error: code = Unavailable desc = last connection error: connection error: desc = \\\&quot;transport: Error while dialing: dial tcp [::1]:28930: connect: connection refused\\\&quot;\&quot;, address: \&quot;localhost:28930\&quot;, traceID: \&quot;e24ea2a2-ef38-4e95-814b-353a24746436\&quot;) at `github.com/ydb-platform/ydb-go-sdk/v3/internal/conn.(*conn).Invoke(conn.go:345)` at `github.com/ydb-platform/ydb-go-sdk/v3/internal/discovery.(*Client).Discover(discovery.go:68)`&quot;, &quot;latency&quot;: &quot;245.13µs&quot;, &quot;version&quot;: &quot;3.54.3&quot;}
2024-01-26T03:59:42.652Z	ERROR	ydb.driver.repeater.wake.up	persistence/ydb_logger.go:72	failed	{&quot;error&quot;: &quot;connError{node_id:0,address:'localhost:28930'}: transport/Unavailable (code = 14, source error = \&quot;rpc error: code = Unavailable desc = last connection error: connection error: desc = \\\&quot;transport: Error while dialing: dial tcp [::1]:28930: connect: connection refused\\\&quot;\&quot;, address: \&quot;localhost:28930\&quot;, traceID: \&quot;e24ea2a2-ef38-4e95-814b-353a24746436\&quot;) at `github.com/ydb-platform/ydb-go-sdk/v3/internal/conn.(*conn).Invoke(conn.go:345)` at `github.com/ydb-platform/ydb-go-sdk/v3/internal/discovery.(*Client).Discover(discovery.go:68)` at `github.com/ydb-platform/ydb-go-sdk/v3/internal/balancer.(*Balancer).clusterDiscoveryAttempt(balancer.go:117)`&quot;, &quot;name&quot;: &quot;discovery&quot;, &quot;event&quot;: &quot;tick&quot;, &quot;latency&quot;: &quot;489.381µs&quot;, &quot;version&quot;: &quot;3.54.3&quot;}
2024-01-26T04:00:14.656Z	DEBUG	ydb.driver.repeater.wake.up	persistence/ydb_logger.go:64	start	{&quot;name&quot;: &quot;discovery&quot;, &quot;event&quot;: &quot;force&quot;}
2024-01-26T04:00:14.656Z	DEBUG	ydb.discovery.list.endpoints	persistence/ydb_logger.go:66	start	{&quot;address&quot;: &quot;localhost:28930&quot;, &quot;database&quot;: &quot;/Root&quot;}
2024-01-26T04:00:14.657Z	ERROR	ydb.discovery.list.endpoints	persistence/ydb_logger.go:72	failed	{&quot;error&quot;: &quot;connError{node_id:0,address:'localhost:28930'}: transport/Unavailable (code = 14, source error = \&quot;rpc error: code = Unavailable desc = last connection error: connection error: desc = \\\&quot;transport: Error while dialing: dial tcp [::1]:28930: connect: connection refused\\\&quot;\&quot;, address: \&quot;localhost:28930\&quot;, traceID: \&quot;d9da04f0-9c5e-4e2a-8231-e226cf92feb4\&quot;) at `github.com/ydb-platform/ydb-go-sdk/v3/internal/conn.(*conn).Invoke(conn.go:345)` at `github.com/ydb-platform/ydb-go-sdk/v3/internal/discovery.(*Client).Discover(discovery.go:68)`&quot;, &quot;latency&quot;: &quot;335.113µs&quot;, &quot;version&quot;: &quot;3.54.3&quot;}
2024-01-26T04:00:14.657Z	ERROR	ydb.driver.repeater.wake.up	persistence/ydb_logger.go:72	failed	{&quot;error&quot;: &quot;connError{node_id:0,address:'localhost:28930'}: transport/Unavailable (code = 14, source error = \&quot;rpc error: code = Unavailable desc = last connection error: connection error: desc = \\\&quot;transport: Error while dialing: dial tcp [::1]:28930: connect: connection refused\\\&quot;\&quot;, address: \&quot;localhost:28930\&quot;, traceID: \&quot;d9da04f0-9c5e-4e2a-8231-e226cf92feb4\&quot;) at `github.com/ydb-platform/ydb-go-sdk/v3/internal/conn.(*conn).Invoke(conn.go:345)` at `github.com/ydb-platform/ydb-go-sdk/v3/internal/discovery.(*Client).Discover(discovery.go:68)` at `github.com/ydb-platform/ydb-go-sdk/v3/internal/balancer.(*Balancer).clusterDiscoveryAttempt(balancer.go:117)`&quot;, &quot;name&quot;: &quot;discovery&quot;, &quot;event&quot;: &quot;force&quot;, &quot;latency&quot;: &quot;701.039µs&quot;, &quot;version&quot;: &quot;3.54.3&quot;}
2024-01-26T04:00:42.653Z	DEBUG	ydb.driver.repeater.wake.up	persistence/ydb_logger.go:64	start	{&quot;name&quot;: &quot;discovery&quot;, &quot;event&quot;: &quot;tick&quot;}
2024-01-26T04:00:42.653Z	DEBUG	ydb.discovery.list.endpoints	persistence/ydb_logger.go:66	start	{&quot;address&quot;: &quot;localhost:28930&quot;, &quot;database&quot;: &quot;/Root&quot;}
2024-01-26T04:00:42.653Z	ERROR	ydb.discovery.list.endpoints	persistence/ydb_logger.go:72	failed	{&quot;error&quot;: &quot;connError{node_id:0,address:'localhost:28930'}: transport/Unavailable (code = 14, source error = \&quot;rpc error: code = Unavailable desc = last connection error: connection error: desc = \\\&quot;transport: Error while dialing: dial tcp 127.0.0.1:28930: connect: connection refused\\\&quot;\&quot;, address: \&quot;localhost:28930\&quot;, traceID: \&quot;b8a8c54e-2d71-4590-8f2a-8392c63ad8a2\&quot;) at `github.com/ydb-platform/ydb-go-sdk/v3/internal/conn.(*conn).Invoke(conn.go:345)` at `github.com/ydb-platform/ydb-go-sdk/v3/internal/discovery.(*Client).Discover(discovery.go:68)`&quot;, &quot;latency&quot;: &quot;310.292µs&quot;, &quot;version&quot;: &quot;3.54.3&quot;}
2024-01-26T04:00:42.653Z	ERROR	ydb.driver.repeater.wake.up	persistence/ydb_logger.go:72	failed	{&quot;error&quot;: &quot;connError{node_id:0,address:'localhost:28930'}: transport/Unavailable (code = 14, source error = \&quot;rpc error: code = Unavailable desc = last connection error: connection error: desc = \\\&quot;transport: Error while dialing: dial tcp 127.0.0.1:28930: connect: connection refused\\\&quot;\&quot;, address: \&quot;localhost:28930\&quot;, traceID: \&quot;b8a8c54e-2d71-4590-8f2a-8392c63ad8a2\&quot;) at `github.com/ydb-platform/ydb-go-sdk/v3/internal/conn.(*conn).Invoke(conn.go:345)` at `github.com/ydb-platform/ydb-go-sdk/v3/internal/discovery.(*Client).Discover(discovery.go:68)` at `github.com/ydb-platform/ydb-go-sdk/v3/internal/balancer.(*Balancer).clusterDiscoveryAttempt(balancer.go:117)`&quot;, &quot;name&quot;: &quot;discovery&quot;, &quot;event&quot;: &quot;tick&quot;, &quot;latency&quot;: &quot;555.417µs&quot;, &quot;version&quot;: &quot;3.54.3&quot;}
2024-01-26T04:01:14.655Z	DEBUG	ydb.driver.repeater.wake.up	persistence/ydb_logger.go:64	start	{&quot;name&quot;: &quot;discovery&quot;, &quot;event&quot;: &quot;force&quot;}
2024-01-26T04:01:14.655Z	DEBUG	ydb.discovery.list.endpoints	persistence/ydb_logger.go:66	start	{&quot;address&quot;: &quot;localhost:28930&quot;, &quot;database&quot;: &quot;/Root&quot;}
2024-01-26T04:01:14.655Z	ERROR	ydb.discovery.list.endpoints	persistence/ydb_logger.go:72	failed	{&quot;error&quot;: &quot;connError{node_id:0,address:'localhost:28930'}: transport/Unavailable (code = 14, source error = \&quot;rpc error: code = Unavailable desc = last connection error: connection error: desc = \\\&quot;transport: Error while dialing: dial tcp 127.0.0.1:28930: connect: connection refused\\\&quot;\&quot;, address: \&quot;localhost:28930\&quot;, traceID: \&quot;32f79e29-45d8-4756-9a80-2fbf284b33b1\&quot;) at `github.com/ydb-platform/ydb-go-sdk/v3/internal/conn.(*conn).Invoke(conn.go:345)` at `github.com/ydb-platform/ydb-go-sdk/v3/internal/discovery.(*Client).Discover(discovery.go:68)`&quot;, &quot;latency&quot;: &quot;355.541µs&quot;, &quot;version&quot;: &quot;3.54.3&quot;}
2024-01-26T04:01:14.656Z	ERROR	ydb.driver.repeater.wake.up	persistence/ydb_logger.go:72	failed	{&quot;error&quot;: &quot;connError{node_id:0,address:'localhost:28930'}: transport/Unavailable (code = 14, source error = \&quot;rpc error: code = Unavailable desc = last connection error: connection error: desc = \\\&quot;transport: Error while dialing: dial tcp 127.0.0.1:28930: connect: connection refused\\\&quot;\&quot;, address: \&quot;localhost:28930\&quot;, traceID: \&quot;32f79e29-45d8-4756-9a80-2fbf284b33b1\&quot;) at `github.com/ydb-platform/ydb-go-sdk/v3/internal/conn.(*conn).Invoke(conn.go:345)` at `github.com/ydb-platform/ydb-go-sdk/v3/internal/discovery.(*Client).Discover(discovery.go:68)` at `github.com/ydb-platform/ydb-go-sdk/v3/internal/balancer.(*Balancer).clusterDiscoveryAttempt(balancer.go:117)`&quot;, &quot;name&quot;: &quot;discovery&quot;, &quot;event&quot;: &quot;force&quot;, &quot;latency&quot;: &quot;640.274µs&quot;, &quot;version&quot;: &quot;3.54.3&quot;}
2024-01-26T04:01:42.709Z	DEBUG	ydb.driver.repeater.wake.up	persistence/ydb_logger.go:64	start	{&quot;name&quot;: &quot;discovery&quot;, &quot;event&quot;: &quot;tick&quot;}
2024-01-26T04:01:42.710Z	DEBUG	ydb.discovery.list.endpoints	persistence/ydb_logger.go:66	start	{&quot;address&quot;: &quot;localhost:28930&quot;, &quot;database&quot;: &quot;/Root&quot;}
2024-01-26T04:01:42.710Z	ERROR	ydb.discovery.list.endpoints	persistence/ydb_logger.go:72	failed	{&quot;error&quot;: &quot;connError{node_id:0,address:'localhost:28930'}: transport/Unavailable (code = 14, source error = \&quot;rpc error: code = Unavailable desc = last connection error: connection error: desc = \\\&quot;transport: Error while dialing: dial tcp 127.0.0.1:28930: connect: connection refused\\\&quot;\&quot;, address: \&quot;localhost:28930\&quot;, traceID: \&quot;b8c8c41b-1e3d-49b3-baf0-47e94006d89e\&quot;) at `github.com/ydb-platform/ydb-go-sdk/v3/internal/conn.(*conn).Invoke(conn.go:345)` at `github.com/ydb-platform/ydb-go-sdk/v3/internal/discovery.(*Client).Discover(discovery.go:68)`&quot;, &quot;latency&quot;: &quot;258.959µs&quot;, &quot;version&quot;: &quot;3.54.3&quot;}
2024-01-26T04:01:42.710Z	ERROR	ydb.driver.repeater.wake.up	persistence/ydb_logger.go:72	failed	{&quot;error&quot;: &quot;connError{node_id:0,address:'localhost:28930'}: transport/Unavailable (code = 14, source error = \&quot;rpc error: code = Unavailable desc = last connection error: connection error: desc = \\\&quot;transport: Error while dialing: dial tcp 127.0.0.1:28930: connect: connection refused\\\&quot;\&quot;, address: \&quot;localhost:28930\&quot;, traceID: \&quot;b8c8c41b-1e3d-49b3-baf0-47e94006d89e\&quot;) at `github.com/ydb-platform/ydb-go-sdk/v3/internal/conn.(*conn).Invoke(conn.go:345)` at `github.com/ydb-platform/ydb-go-sdk/v3/internal/discovery.(*Client).Discover(discovery.go:68)` at `github.com/ydb-platform/ydb-go-sdk/v3/internal/balancer.(*Balancer).clusterDiscoveryAttempt(balancer.go:117)`&quot;, &quot;name&quot;: &quot;discovery&quot;, &quot;event&quot;: &quot;tick&quot;, &quot;latency&quot;: &quot;503.142µs&quot;, &quot;version&quot;: &quot;3.54.3&quot;}
2024-01-26T04:02:14.728Z	DEBUG	ydb.driver.repeater.wake.up	persistence/ydb_logger.go:64	start	{&quot;name&quot;: &quot;discovery&quot;, &quot;event&quot;: &quot;force&quot;}
2024-01-26T04:02:14.743Z	DEBUG	ydb.discovery.list.endpoints	persistence/ydb_logger.go:66	start	{&quot;address&quot;: &quot;localhost:28930&quot;, &quot;database&quot;: &quot;/Root&quot;}
2024-01-26T04:02:14.753Z	ERROR	ydb.discovery.list.endpoints	persistence/ydb_logger.go:72	failed	{&quot;error&quot;: &quot;connError{node_id:0,address:'localhost:28930'}: transport/Unavailable (code = 14, source error = \&quot;rpc error: code = Unavailable desc = last connection error: connection error: desc = \\\&quot;transport: Error while dialing: dial tcp [::1]:28930: connect: connection refused\\\&quot;\&quot;, address: \&quot;localhost:28930\&quot;, traceID: \&quot;683a2d26-c3f7-46b6-b55b-a8c4e4072294\&quot;) at `github.com/ydb-platform/ydb-go-sdk/v3/internal/conn.(*conn).Invoke(conn.go:345)` at `github.com/ydb-platform/ydb-go-sdk/v3/internal/discovery.(*Client).Discover(discovery.go:68)`&quot;, &quot;latency&quot;: &quot;10.146115ms&quot;, &quot;version&quot;: &quot;3.54.3&quot;}
2024-01-26T04:02:14.759Z	ERROR	ydb.driver.repeater.wake.up	persistence/ydb_logger.go:72	failed	{&quot;error&quot;: &quot;connError{node_id:0,address:'localhost:28930'}: transport/Unavailable (code = 14, source error = \&quot;rpc error: code = Unavailable desc = last connection error: connection error: desc = \\\&quot;transport: Error while dialing: dial tcp [::1]:28930: connect: connection refused\\\&quot;\&quot;, address: \&quot;localhost:28930\&quot;, traceID: \&quot;683a2d26-c3f7-46b6-b55b-a8c4e4072294\&quot;) at `github.com/ydb-platform/ydb-go-sdk/v3/internal/conn.(*conn).Invoke(conn.go:345)` at `github.com/ydb-platform/ydb-go-sdk/v3/internal/discovery.(*Client).Discover(discovery.go:68)` at `github.com/ydb-platform/ydb-go-sdk/v3/internal/balancer.(*Balancer).clusterDiscoveryAttempt(balancer.go:117)`&quot;, &quot;name&quot;: &quot;discovery&quot;, &quot;event&quot;: &quot;force&quot;, &quot;latency&quot;: &quot;18.419187ms&quot;, &quot;version&quot;: &quot;3.54.3&quot;}
2024-01-26T04:02:42.651Z	DEBUG	ydb.driver.repeater.wake.up	persistence/ydb_logger.go:64	start	{&quot;name&quot;: &quot;discovery&quot;, &quot;event&quot;: &quot;tick&quot;}
2024-01-26T04:02:42.657Z	DEBUG	ydb.discovery.list.endpoints	persistence/ydb_logger.go:66	start	{&quot;address&quot;: &quot;localhost:28930&quot;, &quot;database&quot;: &quot;/Root&quot;}
2024-01-26T04:02:42.663Z	ERROR	ydb.discovery.list.endpoints	persistence/ydb_logger.go:72	failed	{&quot;error&quot;: &quot;connError{node_id:0,address:'localhost:28930'}: transport/Unavailable (code = 14, source error = \&quot;rpc error: code = Unavailable desc = last connection error: connection error: desc = \\\&quot;transport: Error while dialing: dial tcp 127.0.0.1:28930: connect: connection refused\\\&quot;\&quot;, address: \&quot;localhost:28930\&quot;, traceID: \&quot;abb343f5-f8b9-4fa2-92c3-54d3ea068e75\&quot;) at `github.com/ydb-platform/ydb-go-sdk/v3/internal/conn.(*conn).Invoke(conn.go:345)` at `github.com/ydb-platform/ydb-go-sdk/v3/internal/discovery.(*Client).Discover(discovery.go:68)`&quot;, &quot;latency&quot;: &quot;6.515699ms&quot;, &quot;version&quot;: &quot;3.54.3&quot;}
2024-01-26T04:02:42.663Z	ERROR	ydb.driver.repeater.wake.up	persistence/ydb_logger.go:72	failed	{&quot;error&quot;: &quot;connError{node_id:0,address:'localhost:28930'}: transport/Unavailable (code = 14, source error = \&quot;rpc error: code = Unavailable desc = last connection error: connection error: desc = \\\&quot;transport: Error while dialing: dial tcp 127.0.0.1:28930: connect: connection refused\\\&quot;\&quot;, address: \&quot;localhost:28930\&quot;, traceID: \&quot;abb343f5-f8b9-4fa2-92c3-54d3ea068e75\&quot;) at `github.com/ydb-platform/ydb-go-sdk/v3/internal/conn.(*conn).Invoke(conn.go:345)` at `github.com/ydb-platform/ydb-go-sdk/v3/internal/discovery.(*Client).Discover(discovery.go:68)` at `github.com/ydb-platform/ydb-go-sdk/v3/internal/balancer.(*Balancer).clusterDiscoveryAttempt(balancer.go:117)`&quot;, &quot;name&quot;: &quot;discovery&quot;, &quot;event&quot;: &quot;tick&quot;, &quot;latency&quot;: &quot;6.985464ms&quot;, &quot;version&quot;: &quot;3.54.3&quot;}
2024-01-26T04:03:14.665Z	DEBUG	ydb.driver.repeater.wake.up	persistence/ydb_logger.go:64	start	{&quot;name&quot;: &quot;discovery&quot;, &quot;event&quot;: &quot;force&quot;}
2024-01-26T04:03:14.665Z	DEBUG	ydb.discovery.list.endpoints	persistence/ydb_logger.go:66	start	{&quot;address&quot;: &quot;localhost:28930&quot;, &quot;database&quot;: &quot;/Root&quot;}
2024-01-26T04:03:14.665Z	ERROR	ydb.discovery.list.endpoints	persistence/ydb_logger.go:72	failed	{&quot;error&quot;: &quot;connError{node_id:0,address:'localhost:28930'}: transport/Unavailable (code = 14, source error = \&quot;rpc error: code = Unavailable desc = last connection error: connection error: desc = \\\&quot;transport: Error while dialing: dial tcp 127.0.0.1:28930: connect: connection refused\\\&quot;\&quot;, address: \&quot;localhost:28930\&quot;, traceID: \&quot;e2e532c2-75ee-47b3-b994-c6924ff2d0c5\&quot;) at `github.com/ydb-platform/ydb-go-sdk/v3/internal/conn.(*conn).Invoke(conn.go:345)` at `github.com/ydb-platform/ydb-go-sdk/v3/internal/discovery.(*Client).Discover(discovery.go:68)`&quot;, &quot;latency&quot;: &quot;287.214µs&quot;, &quot;version&quot;: &quot;3.54.3&quot;}
2024-01-26T04:03:14.665Z	ERROR	ydb.driver.repeater.wake.up	persistence/ydb_logger.go:72	failed	{&quot;error&quot;: &quot;connError{node_id:0,address:'localhost:28930'}: transport/Unavailable (code = 14, source error = \&quot;rpc error: code = Unavailable desc = last connection error: connection error: desc = \\\&quot;transport: Error while dialing: dial tcp 127.0.0.1:28930: connect: connection refused\\\&quot;\&quot;, address: \&quot;localhost:28930\&quot;, traceID: \&quot;e2e532c2-75ee-47b3-b994-c6924ff2d0c5\&quot;) at `github.com/ydb-platform/ydb-go-sdk/v3/internal/conn.(*conn).Invoke(conn.go:345)` at `github.com/ydb-platform/ydb-go-sdk/v3/internal/discovery.(*Client).Discover(discovery.go:68)` at `github.com/ydb-platform/ydb-go-sdk/v3/internal/balancer.(*Balancer).clusterDiscoveryAttempt(balancer.go:117)`&quot;, &quot;name&quot;: &quot;discovery&quot;, &quot;event&quot;: &quot;force&quot;, &quot;latency&quot;: &quot;513.088µs&quot;, &quot;version&quot;: &quot;3.54.3&quot;}
2024-01-26T04:03:42.655Z	DEBUG	ydb.driver.repeater.wake.up	persistence/ydb_logger.go:64	start	{&quot;name&quot;: &quot;discovery&quot;, &quot;event&quot;: &quot;tick&quot;}
2024-01-26T04:03:42.655Z	DEBUG	ydb.discovery.list.endpoints	persistence/ydb_logger.go:66	start	{&quot;address&quot;: &quot;localhost:28930&quot;, &quot;database&quot;: &quot;/Root&quot;}
2024-01-26T04:03:42.655Z	ERROR	ydb.discovery.list.endpoints	persistence/ydb_logger.go:72	failed	{&quot;error&quot;: &quot;connError{node_id:0,address:'localhost:28930'}: transport/Unavailable (code = 14, source error = \&quot;rpc error: code = Unavailable desc = last connection error: connection error: desc = \\\&quot;transport: Error while dialing: dial tcp 127.0.0.1:28930: connect: connection refused\\\&quot;\&quot;, address: \&quot;localhost:28930\&quot;, traceID: \&quot;4eef4c0c-a53a-4c7c-9ff8-385e442eff70\&quot;) at `github.com/ydb-platform/ydb-go-sdk/v3/internal/conn.(*conn).Invoke(conn.go:345)` at `github.com/ydb-platform/ydb-go-sdk/v3/internal/discovery.(*Client).Discover(discovery.go:68)`&quot;, &quot;latency&quot;: &quot;267.777µs&quot;, &quot;version&quot;: &quot;3.54.3&quot;}
2024-01-26T04:03:42.655Z	ERROR	ydb.driver.repeater.wake.up	persistence/ydb_logger.go:72	failed	{&quot;error&quot;: &quot;connError{node_id:0,address:'localhost:28930'}: transport/Unavailable (code = 14, source error = \&quot;rpc error: code = Unavailable desc = last connection error: connection error: desc = \\\&quot;transport: Error while dialing: dial tcp 127.0.0.1:28930: connect: connection refused\\\&quot;\&quot;, address: \&quot;localhost:28930\&quot;, traceID: \&quot;4eef4c0c-a53a-4c7c-9ff8-385e442eff70\&quot;) at `github.com/ydb-platform/ydb-go-sdk/v3/internal/conn.(*conn).Invoke(conn.go:345)` at `github.com/ydb-platform/ydb-go-sdk/v3/internal/discovery.(*Client).Discover(discovery.go:68)` at `github.com/ydb-platform/ydb-go-sdk/v3/internal/balancer.(*Balancer).clusterDiscoveryAttempt(balancer.go:117)`&quot;, &quot;name&quot;: &quot;discovery&quot;, &quot;event&quot;: &quot;tick&quot;, &quot;latency&quot;: &quot;482.125µs&quot;, &quot;version&quot;: &quot;3.54.3&quot;}
2024-01-26T04:04:14.699Z	DEBUG	ydb.driver.repeater.wake.up	persistence/ydb_logger.go:64	start	{&quot;name&quot;: &quot;discovery&quot;, &quot;event&quot;: &quot;force&quot;}
2024-01-26T04:04:14.740Z	DEBUG	ydb.discovery.list.endpoints	persistence/ydb_logger.go:66	start	{&quot;address&quot;: &quot;localhost:28930&quot;, &quot;database&quot;: &quot;/Root&quot;}
2024-01-26T04:04:14.756Z	ERROR	ydb.discovery.list.endpoints	persistence/ydb_logger.go:72	failed	{&quot;error&quot;: &quot;connError{node_id:0,address:'localhost:28930'}: transport/Unavailable (code = 14, source error = \&quot;rpc error: code = Unavailable desc = last connection error: connection error: desc = \\\&quot;transport: Error while dialing: dial tcp 127.0.0.1:28930: connect: connection refused\\\&quot;\&quot;, address: \&quot;localhost:28930\&quot;, traceID: \&quot;71f9ae05-9bd9-4d94-b4f2-015aaae2c6ec\&quot;) at `github.com/ydb-platform/ydb-go-sdk/v3/internal/conn.(*conn).Invoke(conn.go:345)` at `github.com/ydb-platform/ydb-go-sdk/v3/internal/discovery.(*Client).Discover(discovery.go:68)`&quot;, &quot;latency&quot;: &quot;16.033891ms&quot;, &quot;version&quot;: &quot;3.54.3&quot;}
2024-01-26T04:04:14.786Z	ERROR	ydb.driver.repeater.wake.up	persistence/ydb_logger.go:72	failed	{&quot;error&quot;: &quot;connError{node_id:0,address:'localhost:28930'}: transport/Unavailable (code = 14, source error = \&quot;rpc error: code = Unavailable desc = last connection error: connection error: desc = \\\&quot;transport: Error while dialing: dial tcp 127.0.0.1:28930: connect: connection refused\\\&quot;\&quot;, address: \&quot;localhost:28930\&quot;, traceID: \&quot;71f9ae05-9bd9-4d94-b4f2-015aaae2c6ec\&quot;) at `github.com/ydb-platform/ydb-go-sdk/v3/internal/conn.(*conn).Invoke(conn.go:345)` at `github.com/ydb-platform/ydb-go-sdk/v3/internal/discovery.(*Client).Discover(discovery.go:68)` at `github.com/ydb-platform/ydb-go-sdk/v3/internal/balancer.(*Balancer).clusterDiscoveryAttempt(balancer.go:117)`&quot;, &quot;name&quot;: &quot;discovery&quot;, &quot;event&quot;: &quot;force&quot;, &quot;latency&quot;: &quot;58.433461ms&quot;, &quot;version&quot;: &quot;3.54.3&quot;}
2024-01-26T04:04:42.674Z	DEBUG	ydb.driver.repeater.wake.up	persistence/ydb_logger.go:64	start	{&quot;name&quot;: &quot;discovery&quot;, &quot;event&quot;: &quot;tick&quot;}
2024-01-26T04:04:42.681Z	DEBUG	ydb.discovery.list.endpoints	persistence/ydb_logger.go:66	start	{&quot;address&quot;: &quot;localhost:28930&quot;, &quot;database&quot;: &quot;/Root&quot;}
2024-01-26T04:04:42.688Z	ERROR	ydb.discovery.list.endpoints	persistence/ydb_logger.go:72	failed	{&quot;error&quot;: &quot;connError{node_id:0,address:'localhost:28930'}: transport/Unavailable (code = 14, source error = \&quot;rpc error: code = Unavailable desc = last connection error: connection error: desc = \\\&quot;transport: Error while dialing: dial tcp 127.0.0.1:28930: connect: connection refused\\\&quot;\&quot;, address: \&quot;localhost:28930\&quot;, traceID: \&quot;aeb7050e-b67b-400d-af70-206f2c2bb82a\&quot;) at `github.com/ydb-platform/ydb-go-sdk/v3/internal/conn.(*conn).Invoke(conn.go:345)` at `github.com/ydb-platform/ydb-go-sdk/v3/internal/discovery.(*Client).Discover(discovery.go:68)`&quot;, &quot;latency&quot;: &quot;7.415006ms&quot;, &quot;version&quot;: &quot;3.54.3&quot;}
2024-01-26T04:04:42.693Z	ERROR	ydb.driver.repeater.wake.up	persistence/ydb_logger.go:72	failed	{&quot;error&quot;: &quot;connError{node_id:0,address:'localhost:28930'}: transport/Unavailable (code = 14, source error = \&quot;rpc error: code = Unavailable desc = last connection error: connection error: desc = \\\&quot;transport: Error while dialing: dial tcp 127.0.0.1:28930: connect: connection refused\\\&quot;\&quot;, address: \&quot;localhost:28930\&quot;, traceID: \&quot;aeb7050e-b67b-400d-af70-206f2c2bb82a\&quot;) at `github.com/ydb-platform/ydb-go-sdk/v3/internal/conn.(*conn).Invoke(conn.go:345)` at `github.com/ydb-platform/ydb-go-sdk/v3/internal/discovery.(*Client).Discover(discovery.go:68)` at `github.com/ydb-platform/ydb-go-sdk/v3/internal/balancer.(*Balancer).clusterDiscoveryAttempt(balancer.go:117)`&quot;, &quot;name&quot;: &quot;discovery&quot;, &quot;event&quot;: &quot;tick&quot;, &quot;latency&quot;: &quot;12.115699ms&quot;, &quot;version&quot;: &quot;3.54.3&quot;}
2024-01-26T04:05:14.696Z	DEBUG	ydb.driver.repeater.wake.up	persistence/ydb_logger.go:64	start	{&quot;name&quot;: &quot;discovery&quot;, &quot;event&quot;: &quot;force&quot;}
2024-01-26T04:05:14.696Z	DEBUG	ydb.discovery.list.endpoints	persistence/ydb_logger.go:66	start	{&quot;address&quot;: &quot;localhost:28930&quot;, &quot;database&quot;: &quot;/Root&quot;}
2024-01-26T04:05:14.697Z	ERROR	ydb.discovery.list.endpoints	persistence/ydb_logger.go:72	failed	{&quot;error&quot;: &quot;connError{node_id:0,address:'localhost:28930'}: transport/Unavailable (code = 14, source error = \&quot;rpc error: code = Unavailable desc = last connection error: connection error: desc = \\\&quot;transport: Error while dialing: dial tcp 127.0.0.1:28930: connect: connection refused\\\&quot;\&quot;, address: \&quot;localhost:28930\&quot;, traceID: \&quot;3e27a390-75c7-4d10-b1c9-574da5930ca8\&quot;) at `github.com/ydb-platform/ydb-go-sdk/v3/internal/conn.(*conn).Invoke(conn.go:345)` at `github.com/ydb-platform/ydb-go-sdk/v3/internal/discovery.(*Client).Discover(discovery.go:68)`&quot;, &quot;latency&quot;: &quot;238.381µs&quot;, &quot;version&quot;: &quot;3.54.3&quot;}
2024-01-26T04:05:14.697Z	ERROR	ydb.driver.repeater.wake.up	persistence/ydb_logger.go:72	failed	{&quot;error&quot;: &quot;connError{node_id:0,address:'localhost:28930'}: transport/Unavailable (code = 14, source error = \&quot;rpc error: code = Unavailable desc = last connection error: connection error: desc = \\\&quot;transport: Error while dialing: dial tcp 127.0.0.1:28930: connect: connection refused\\\&quot;\&quot;, address: \&quot;localhost:28930\&quot;, traceID: \&quot;3e27a390-75c7-4d10-b1c9-574da5930ca8\&quot;) at `github.com/ydb-platform/ydb-go-sdk/v3/internal/conn.(*conn).Invoke(conn.go:345)` at `github.com/ydb-platform/ydb-go-sdk/v3/internal/discovery.(*Client).Discover(discovery.go:68)` at `github.com/ydb-platform/ydb-go-sdk/v3/internal/balancer.(*Balancer).clusterDiscoveryAttempt(balancer.go:117)`&quot;, &quot;name&quot;: &quot;discovery&quot;, &quot;event&quot;: &quot;force&quot;, &quot;latency&quot;: &quot;452.563µs&quot;, &quot;version&quot;: &quot;3.54.3&quot;}
2024-01-26T04:05:42.651Z	DEBUG	ydb.driver.repeater.wake.up	persistence/ydb_logger.go:64	start	{&quot;name&quot;: &quot;discovery&quot;, &quot;event&quot;: &quot;tick&quot;}
2024-01-26T04:05:42.652Z	DEBUG	ydb.discovery.list.endpoints	persistence/ydb_logger.go:66	start	{&quot;address&quot;: &quot;localhost:28930&quot;, &quot;database&quot;: &quot;/Root&quot;}
2024-01-26T04:05:42.652Z	ERROR	ydb.discovery.list.endpoints	persistence/ydb_logger.go:72	failed	{&quot;error&quot;: &quot;connError{node_id:0,address:'localhost:28930'}: transport/Unavailable (code = 14, source error = \&quot;rpc error: code = Unavailable desc = last connection error: connection error: desc = \\\&quot;transport: Error while dialing: dial tcp 127.0.0.1:28930: connect: connection refused\\\&quot;\&quot;, address: \&quot;localhost:28930\&quot;, traceID: \&quot;03b49f59-3671-4c96-8312-010a10a99a70\&quot;) at `github.com/ydb-platform/ydb-go-sdk/v3/internal/conn.(*conn).Invoke(conn.go:345)` at `github.com/ydb-platform/ydb-go-sdk/v3/internal/discovery.(*Client).Discover(discovery.go:68)`&quot;, &quot;latency&quot;: &quot;231.433µs&quot;, &quot;version&quot;: &quot;3.54.3&quot;}
2024-01-26T04:05:42.652Z	ERROR	ydb.driver.repeater.wake.up	persistence/ydb_logger.go:72	failed	{&quot;error&quot;: &quot;connError{node_id:0,address:'localhost:28930'}: transport/Unavailable (code = 14, source error = \&quot;rpc error: code = Unavailable desc = last connection error: connection error: desc = \\\&quot;transport: Error while dialing: dial tcp 127.0.0.1:28930: connect: connection refused\\\&quot;\&quot;, address: \&quot;localhost:28930\&quot;, traceID: \&quot;03b49f59-3671-4c96-8312-010a10a99a70\&quot;) at `github.com/ydb-platform/ydb-go-sdk/v3/internal/conn.(*conn).Invoke(conn.go:345)` at `github.com/ydb-platform/ydb-go-sdk/v3/internal/discovery.(*Client).Discover(discovery.go:68)` at `github.com/ydb-platform/ydb-go-sdk/v3/internal/balancer.(*Balancer).clusterDiscoveryAttempt(balancer.go:117)`&quot;, &quot;name&quot;: &quot;discovery&quot;, &quot;event&quot;: &quot;tick&quot;, &quot;latency&quot;: &quot;477.362µs&quot;, &quot;version&quot;: &quot;3.54.3&quot;}
2024-01-26T04:06:14.653Z	DEBUG	ydb.driver.repeater.wake.up	persistence/ydb_logger.go:64	start	{&quot;name&quot;: &quot;discovery&quot;, &quot;event&quot;: &quot;force&quot;}
2024-01-26T04:06:14.654Z	DEBUG	ydb.discovery.list.endpoints	persistence/ydb_logger.go:66	start	{&quot;address&quot;: &quot;localhost:28930&quot;, &quot;database&quot;: &quot;/Root&quot;}
2024-01-26T04:06:14.654Z	ERROR	ydb.discovery.list.endpoints	persistence/ydb_logger.go:72	failed	{&quot;error&quot;: &quot;connError{node_id:0,address:'localhost:28930'}: transport/Unavailable (code = 14, source error = \&quot;rpc error: code = Unavailable desc = last connection error: connection error: desc = \\\&quot;transport: Error while dialing: dial tcp [::1]:28930: connect: connection refused\\\&quot;\&quot;, address: \&quot;localhost:28930\&quot;, traceID: \&quot;5e5aba18-5a72-4119-9265-35af8248c342\&quot;) at `github.com/ydb-platform/ydb-go-sdk/v3/internal/conn.(*conn).Invoke(conn.go:345)` at `github.com/ydb-platform/ydb-go-sdk/v3/internal/discovery.(*Client).Discover(discovery.go:68)`&quot;, &quot;latency&quot;: &quot;240.458µs&quot;, &quot;version&quot;: &quot;3.54.3&quot;}
2024-01-26T04:06:14.654Z	ERROR	ydb.driver.repeater.wake.up	persistence/ydb_logger.go:72	failed	{&quot;error&quot;: &quot;connError{node_id:0,address:'localhost:28930'}: transport/Unavailable (code = 14, source error = \&quot;rpc error: code = Unavailable desc = last connection error: connection error: desc = \\\&quot;transport: Error while dialing: dial tcp [::1]:28930: connect: connection refused\\\&quot;\&quot;, address: \&quot;localhost:28930\&quot;, traceID: \&quot;5e5aba18-5a72-4119-9265-35af8248c342\&quot;) at `github.com/ydb-platform/ydb-go-sdk/v3/internal/conn.(*conn).Invoke(conn.go:345)` at `github.com/ydb-platform/ydb-go-sdk/v3/internal/discovery.(*Client).Discover(discovery.go:68)` at `github.com/ydb-platform/ydb-go-sdk/v3/internal/balancer.(*Balancer).clusterDiscoveryAttempt(balancer.go:117)`&quot;, &quot;name&quot;: &quot;discovery&quot;, &quot;event&quot;: &quot;force&quot;, &quot;latency&quot;: &quot;589.101µs&quot;, &quot;version&quot;: &quot;3.54.3&quot;}
2024-01-26T04:06:42.650Z	DEBUG	ydb.driver.repeater.wake.up	persistence/ydb_logger.go:64	start	{&quot;name&quot;: &quot;discovery&quot;, &quot;event&quot;: &quot;tick&quot;}
2024-01-26T04:06:42.651Z	DEBUG	ydb.discovery.list.endpoints	persistence/ydb_logger.go:66	start	{&quot;address&quot;: &quot;localhost:28930&quot;, &quot;database&quot;: &quot;/Root&quot;}
2024-01-26T04:06:42.651Z	ERROR	ydb.discovery.list.endpoints	persistence/ydb_logger.go:72	failed	{&quot;error&quot;: &quot;connError{node_id:0,address:'localhost:28930'}: transport/Unavailable (code = 14, source error = \&quot;rpc error: code = Unavailable desc = last connection error: connection error: desc = \\\&quot;transport: Error while dialing: dial tcp 127.0.0.1:28930: connect: connection refused\\\&quot;\&quot;, address: \&quot;localhost:28930\&quot;, traceID: \&quot;ea4ac457-7b5e-4e15-b240-0170bfc849cf\&quot;) at `github.com/ydb-platform/ydb-go-sdk/v3/internal/conn.(*conn).Invoke(conn.go:345)` at `github.com/ydb-platform/ydb-go-sdk/v3/internal/discovery.(*Client).Discover(discovery.go:68)`&quot;, &quot;latency&quot;: &quot;197.976µs&quot;, &quot;version&quot;: &quot;3.54.3&quot;}
2024-01-26T04:06:42.651Z	ERROR	ydb.driver.repeater.wake.up	persistence/ydb_logger.go:72	failed	{&quot;error&quot;: &quot;connError{node_id:0,address:'localhost:28930'}: transport/Unavailable (code = 14, source error = \&quot;rpc error: code = Unavailable desc = last connection error: connection error: desc = \\\&quot;transport: Error while dialing: dial tcp 127.0.0.1:28930: connect: connection refused\\\&quot;\&quot;, address: \&quot;localhost:28930\&quot;, traceID: \&quot;ea4ac457-7b5e-4e15-b240-0170bfc849cf\&quot;) at `github.com/ydb-platform/ydb-go-sdk/v3/internal/conn.(*conn).Invoke(conn.go:345)` at `github.com/ydb-platform/ydb-go-sdk/v3/internal/discovery.(*Client).Discover(discovery.go:68)` at `github.com/ydb-platform/ydb-go-sdk/v3/internal/balancer.(*Balancer).clusterDiscoveryAttempt(balancer.go:117)`&quot;, &quot;name&quot;: &quot;discovery&quot;, &quot;event&quot;: &quot;tick&quot;, &quot;latency&quot;: &quot;390.924µs&quot;, &quot;version&quot;: &quot;3.54.3&quot;}
2024-01-26T04:07:14.651Z	DEBUG	ydb.driver.repeater.wake.up	persistence/ydb_logger.go:64	start	{&quot;name&quot;: &quot;discovery&quot;, &quot;event&quot;: &quot;force&quot;}
2024-01-26T04:07:14.652Z	DEBUG	ydb.discovery.list.endpoints	persistence/ydb_logger.go:66	start	{&quot;address&quot;: &quot;localhost:28930&quot;, &quot;database&quot;: &quot;/Root&quot;}
2024-01-26T04:07:14.652Z	ERROR	ydb.discovery.list.endpoints	persistence/ydb_logger.go:72	failed	{&quot;error&quot;: &quot;connError{node_id:0,address:'localhost:28930'}: transport/Unavailable (code = 14, source error = \&quot;rpc error: code = Unavailable desc = last connection error: connection error: desc = \\\&quot;transport: Error while dialing: dial tcp 127.0.0.1:28930: connect: connection refused\\\&quot;\&quot;, address: \&quot;localhost:28930\&quot;, traceID: \&quot;52d02e80-3165-42ca-80cc-7e80f442a478\&quot;) at `github.com/ydb-platform/ydb-go-sdk/v3/internal/conn.(*conn).Invoke(conn.go:345)` at `github.com/ydb-platform/ydb-go-sdk/v3/internal/discovery.(*Client).Discover(discovery.go:68)`&quot;, &quot;latency&quot;: &quot;435.982µs&quot;, &quot;version&quot;: &quot;3.54.3&quot;}
2024-01-26T04:07:14.652Z	ERROR	ydb.driver.repeater.wake.up	persistence/ydb_logger.go:72	failed	{&quot;error&quot;: &quot;connError{node_id:0,address:'localhost:28930'}: transport/Unavailable (code = 14, source error = \&quot;rpc error: code = Unavailable desc = last connection error: connection error: desc = \\\&quot;transport: Error while dialing: dial tcp 127.0.0.1:28930: connect: connection refused\\\&quot;\&quot;, address: \&quot;localhost:28930\&quot;, traceID: \&quot;52d02e80-3165-42ca-80cc-7e80f442a478\&quot;) at `github.com/ydb-platform/ydb-go-sdk/v3/internal/conn.(*conn).Invoke(conn.go:345)` at `github.com/ydb-platform/ydb-go-sdk/v3/internal/discovery.(*Client).Discover(discovery.go:68)` at `github.com/ydb-platform/ydb-go-sdk/v3/internal/balancer.(*Balancer).clusterDiscoveryAttempt(balancer.go:117)`&quot;, &quot;name&quot;: &quot;discovery&quot;, &quot;event&quot;: &quot;force&quot;, &quot;latency&quot;: &quot;723.059µs&quot;, &quot;version&quot;: &quot;3.54.3&quot;}
2024-01-26T04:07:42.651Z	DEBUG	ydb.driver.repeater.wake.up	persistence/ydb_logger.go:64	start	{&quot;name&quot;: &quot;discovery&quot;, &quot;event&quot;: &quot;tick&quot;}
2024-01-26T04:07:42.651Z	DEBUG	ydb.discovery.list.endpoints	persistence/ydb_logger.go:66	start	{&quot;address&quot;: &quot;localhost:28930&quot;, &quot;database&quot;: &quot;/Root&quot;}
2024-01-26T04:07:42.651Z	ERROR	ydb.discovery.list.endpoints	persistence/ydb_logger.go:72	failed	{&quot;error&quot;: &quot;connError{node_id:0,address:'localhost:28930'}: transport/Unavailable (code = 14, source error = \&quot;rpc error: code = Unavailable desc = last connection error: connection error: desc = \\\&quot;transport: Error while dialing: dial tcp 127.0.0.1:28930: connect: connection refused\\\&quot;\&quot;, address: \&quot;localhost:28930\&quot;, traceID: \&quot;37dc6df7-9d42-400f-ad3b-de32549e25e0\&quot;) at `github.com/ydb-platform/ydb-go-sdk/v3/internal/conn.(*conn).Invoke(conn.go:345)` at `github.com/ydb-platform/ydb-go-sdk/v3/internal/discovery.(*Client).Discover(discovery.go:68)`&quot;, &quot;latency&quot;: &quot;235.125µs&quot;, &quot;version&quot;: &quot;3.54.3&quot;}
2024-01-26T04:07:42.651Z	ERROR	ydb.driver.repeater.wake.up	persistence/ydb_logger.go:72	failed	{&quot;error&quot;: &quot;connError{node_id:0,address:'localhost:28930'}: transport/Unavailable (code = 14, source error = \&quot;rpc error: code = Unavailable desc = last connection error: connection error: desc = \\\&quot;transport: Error while dialing: dial tcp 127.0.0.1:28930: connect: connection refused\\\&quot;\&quot;, address: \&quot;localhost:28930\&quot;, traceID: \&quot;37dc6df7-9d42-400f-ad3b-de32549e25e0\&quot;) at `github.com/ydb-platform/ydb-go-sdk/v3/internal/conn.(*conn).Invoke(conn.go:345)` at `github.com/ydb-platform/ydb-go-sdk/v3/internal/discovery.(*Client).Discover(discovery.go:68)` at `github.com/ydb-platform/ydb-go-sdk/v3/internal/balancer.(*Balancer).clusterDiscoveryAttempt(balancer.go:117)`&quot;, &quot;name&quot;: &quot;discovery&quot;, &quot;event&quot;: &quot;tick&quot;, &quot;latency&quot;: &quot;423.221µs&quot;, &quot;version&quot;: &quot;3.54.3&quot;}
2024-01-26T04:08:14.655Z	DEBUG	ydb.driver.repeater.wake.up	persistence/ydb_logger.go:64	start	{&quot;name&quot;: &quot;discovery&quot;, &quot;event&quot;: &quot;force&quot;}
2024-01-26T04:08:14.656Z	DEBUG	ydb.discovery.list.endpoints	persistence/ydb_logger.go:66	start	{&quot;address&quot;: &quot;localhost:28930&quot;, &quot;database&quot;: &quot;/Root&quot;}
2024-01-26T04:08:14.656Z	ERROR	ydb.discovery.list.endpoints	persistence/ydb_logger.go:72	failed	{&quot;error&quot;: &quot;connError{node_id:0,address:'localhost:28930'}: transport/Unavailable (code = 14, source error = \&quot;rpc error: code = Unavailable desc = last connection error: connection error: desc = \\\&quot;transport: Error while dialing: dial tcp 127.0.0.1:28930: connect: connection refused\\\&quot;\&quot;, address: \&quot;localhost:28930\&quot;, traceID: \&quot;61c6b1cd-3d87-4e7f-ba0f-ec3b2c6869a0\&quot;) at `github.com/ydb-platform/ydb-go-sdk/v3/internal/conn.(*conn).Invoke(conn.go:345)` at `github.com/ydb-platform/ydb-go-sdk/v3/internal/discovery.(*Client).Discover(discovery.go:68)`&quot;, &quot;latency&quot;: &quot;239.583µs&quot;, &quot;version&quot;: &quot;3.54.3&quot;}
2024-01-26T04:08:14.656Z	ERROR	ydb.driver.repeater.wake.up	persistence/ydb_logger.go:72	failed	{&quot;error&quot;: &quot;connError{node_id:0,address:'localhost:28930'}: transport/Unavailable (code = 14, source error = \&quot;rpc error: code = Unavailable desc = last connection error: connection error: desc = \\\&quot;transport: Error while dialing: dial tcp 127.0.0.1:28930: connect: connection refused\\\&quot;\&quot;, address: \&quot;localhost:28930\&quot;, traceID: \&quot;61c6b1cd-3d87-4e7f-ba0f-ec3b2c6869a0\&quot;) at `github.com/ydb-platform/ydb-go-sdk/v3/internal/conn.(*conn).Invoke(conn.go:345)` at `github.com/ydb-platform/ydb-go-sdk/v3/internal/discovery.(*Client).Discover(discovery.go:68)` at `github.com/ydb-platform/ydb-go-sdk/v3/internal/balancer.(*Balancer).clusterDiscoveryAttempt(balancer.go:117)`&quot;, &quot;name&quot;: &quot;discovery&quot;, &quot;event&quot;: &quot;force&quot;, &quot;latency&quot;: &quot;564.916µs&quot;, &quot;version&quot;: &quot;3.54.3&quot;}
2024-01-26T04:08:42.653Z	DEBUG	ydb.driver.repeater.wake.up	persistence/ydb_logger.go:64	start	{&quot;name&quot;: &quot;discovery&quot;, &quot;event&quot;: &quot;tick&quot;}
2024-01-26T04:08:42.653Z	DEBUG	ydb.discovery.list.endpoints	persistence/ydb_logger.go:66	start	{&quot;address&quot;: &quot;localhost:28930&quot;, &quot;database&quot;: &quot;/Root&quot;}
2024-01-26T04:08:42.653Z	ERROR	ydb.discovery.list.endpoints	persistence/ydb_logger.go:72	failed	{&quot;error&quot;: &quot;connError{node_id:0,address:'localhost:28930'}: transport/Unavailable (code = 14, source error = \&quot;rpc error: code = Unavailable desc = last connection error: connection error: desc = \\\&quot;transport: Error while dialing: dial tcp 127.0.0.1:28930: connect: connection refused\\\&quot;\&quot;, address: \&quot;localhost:28930\&quot;, traceID: \&quot;caddc358-6124-44d2-b94c-8e12ffc182a5\&quot;) at `github.com/ydb-platform/ydb-go-sdk/v3/internal/conn.(*conn).Invoke(conn.go:345)` at `github.com/ydb-platform/ydb-go-sdk/v3/internal/discovery.(*Client).Discover(discovery.go:68)`&quot;, &quot;latency&quot;: &quot;209.118µs&quot;, &quot;version&quot;: &quot;3.54.3&quot;}
2024-01-26T04:08:42.653Z	ERROR	ydb.driver.repeater.wake.up	persistence/ydb_logger.go:72	failed	{&quot;error&quot;: &quot;connError{node_id:0,address:'localhost:28930'}: transport/Unavailable (code = 14, source error = \&quot;rpc error: code = Unavailable desc = last connection error: connection error: desc = \\\&quot;transport: Error while dialing: dial tcp 127.0.0.1:28930: connect: connection refused\\\&quot;\&quot;, address: \&quot;localhost:28930\&quot;, traceID: \&quot;caddc358-6124-44d2-b94c-8e12ffc182a5\&quot;) at `github.com/ydb-platform/ydb-go-sdk/v3/internal/conn.(*conn).Invoke(conn.go:345)` at `github.com/ydb-platform/ydb-go-sdk/v3/internal/discovery.(*Client).Discover(discovery.go:68)` at `github.com/ydb-platform/ydb-go-sdk/v3/internal/balancer.(*Balancer).clusterDiscoveryAttempt(balancer.go:117)`&quot;, &quot;name&quot;: &quot;discovery&quot;, &quot;event&quot;: &quot;tick&quot;, &quot;latency&quot;: &quot;393.647µs&quot;, &quot;version&quot;: &quot;3.54.3&quot;}
2024-01-26T04:09:14.655Z	DEBUG	ydb.driver.repeater.wake.up	persistence/ydb_logger.go:64	start	{&quot;name&quot;: &quot;discovery&quot;, &quot;event&quot;: &quot;force&quot;}
2024-01-26T04:09:14.655Z	DEBUG	ydb.discovery.list.endpoints	persistence/ydb_logger.go:66	start	{&quot;address&quot;: &quot;localhost:28930&quot;, &quot;database&quot;: &quot;/Root&quot;}
2024-01-26T04:09:14.655Z	ERROR	ydb.discovery.list.endpoints	persistence/ydb_logger.go:72	failed	{&quot;error&quot;: &quot;connError{node_id:0,address:'localhost:28930'}: transport/Unavailable (code = 14, source error = \&quot;rpc error: code = Unavailable desc = last connection error: connection error: desc = \\\&quot;transport: Error while dialing: dial tcp 127.0.0.1:28930: connect: connection refused\\\&quot;\&quot;, address: \&quot;localhost:28930\&quot;, traceID: \&quot;5a73b414-5175-422a-88ba-c50c38c989da\&quot;) at `github.com/ydb-platform/ydb-go-sdk/v3/internal/conn.(*conn).Invoke(conn.go:345)` at `github.com/ydb-platform/ydb-go-sdk/v3/internal/discovery.(*Client).Discover(discovery.go:68)`&quot;, &quot;latency&quot;: &quot;239.351µs&quot;, &quot;version&quot;: &quot;3.54.3&quot;}
2024-01-26T04:09:14.655Z	ERROR	ydb.driver.repeater.wake.up	persistence/ydb_logger.go:72	failed	{&quot;error&quot;: &quot;connError{node_id:0,address:'localhost:28930'}: transport/Unavailable (code = 14, source error = \&quot;rpc error: code = Unavailable desc = last connection error: connection error: desc = \\\&quot;transport: Error while dialing: dial tcp 127.0.0.1:28930: connect: connection refused\\\&quot;\&quot;, address: \&quot;localhost:28930\&quot;, traceID: \&quot;5a73b414-5175-422a-88ba-c50c38c989da\&quot;) at `github.com/ydb-platform/ydb-go-sdk/v3/internal/conn.(*conn).Invoke(conn.go:345)` at `github.com/ydb-platform/ydb-go-sdk/v3/internal/discovery.(*Client).Discover(discovery.go:68)` at `github.com/ydb-platform/ydb-go-sdk/v3/internal/balancer.(*Balancer).clusterDiscoveryAttempt(balancer.go:117)`&quot;, &quot;name&quot;: &quot;discovery&quot;, &quot;event&quot;: &quot;force&quot;, &quot;latency&quot;: &quot;461.057µs&quot;, &quot;version&quot;: &quot;3.54.3&quot;}
2024-01-26T04:09:42.651Z	DEBUG	ydb.driver.repeater.wake.up	persistence/ydb_logger.go:64	start	{&quot;name&quot;: &quot;discovery&quot;, &quot;event&quot;: &quot;tick&quot;}
2024-01-26T04:09:42.651Z	DEBUG	ydb.discovery.list.endpoints	persistence/ydb_logger.go:66	start	{&quot;address&quot;: &quot;localhost:28930&quot;, &quot;database&quot;: &quot;/Root&quot;}
2024-01-26T04:09:42.651Z	ERROR	ydb.discovery.list.endpoints	persistence/ydb_logger.go:72	failed	{&quot;error&quot;: &quot;connError{node_id:0,address:'localhost:28930'}: transport/Unavailable (code = 14, source error = \&quot;rpc error: code = Unavailable desc = last connection error: connection error: desc = \\\&quot;transport: Error while dialing: dial tcp 127.0.0.1:28930: connect: connection refused\\\&quot;\&quot;, address: \&quot;localhost:28930\&quot;, traceID: \&quot;7005c4c2-a53d-4be0-bb17-8f86b9e9e791\&quot;) at `github.com/ydb-platform/ydb-go-sdk/v3/internal/conn.(*conn).Invoke(conn.go:345)` at `github.com/ydb-platform/ydb-go-sdk/v3/internal/discovery.(*Client).Discover(discovery.go:68)`&quot;, &quot;latency&quot;: &quot;199.284µs&quot;, &quot;version&quot;: &quot;3.54.3&quot;}
2024-01-26T04:09:42.651Z	ERROR	ydb.driver.repeater.wake.up	persistence/ydb_logger.go:72	failed	{&quot;error&quot;: &quot;connError{node_id:0,address:'localhost:28930'}: transport/Unavailable (code = 14, source error = \&quot;rpc error: code = Unavailable desc = last connection error: connection error: desc = \\\&quot;transport: Error while dialing: dial tcp 127.0.0.1:28930: connect: connection refused\\\&quot;\&quot;, address: \&quot;localhost:28930\&quot;, traceID: \&quot;7005c4c2-a53d-4be0-bb17-8f86b9e9e791\&quot;) at `github.com/ydb-platform/ydb-go-sdk/v3/internal/conn.(*conn).Invoke(conn.go:345)` at `github.com/ydb-platform/ydb-go-sdk/v3/internal/discovery.(*Client).Discover(discovery.go:68)` at `github.com/ydb-platform/ydb-go-sdk/v3/internal/balancer.(*Balancer).clusterDiscoveryAttempt(balancer.go:117)`&quot;, &quot;name&quot;: &quot;discovery&quot;, &quot;event&quot;: &quot;tick&quot;, &quot;latency&quot;: &quot;425.687µs&quot;, &quot;version&quot;: &quot;3.54.3&quot;}
2024-01-26T04:10:14.654Z	DEBUG	ydb.driver.repeater.wake.up	persistence/ydb_logger.go:64	start	{&quot;name&quot;: &quot;discovery&quot;, &quot;event&quot;: &quot;force&quot;}
2024-01-26T04:10:14.655Z	DEBUG	ydb.discovery.list.endpoints	persistence/ydb_logger.go:66	start	{&quot;address&quot;: &quot;localhost:28930&quot;, &quot;database&quot;: &quot;/Root&quot;}
2024-01-26T04:10:14.655Z	ERROR	ydb.discovery.list.endpoints	persistence/ydb_logger.go:72	failed	{&quot;error&quot;: &quot;connError{node_id:0,address:'localhost:28930'}: transport/Unavailable (code = 14, source error = \&quot;rpc error: code = Unavailable desc = last connection error: connection error: desc = \\\&quot;transport: Error while dialing: dial tcp [::1]:28930: connect: connection refused\\\&quot;\&quot;, address: \&quot;localhost:28930\&quot;, traceID: \&quot;9372475a-12b2-40e0-8d55-faf050d8a3e4\&quot;) at `github.com/ydb-platform/ydb-go-sdk/v3/internal/conn.(*conn).Invoke(conn.go:345)` at `github.com/ydb-platform/ydb-go-sdk/v3/internal/discovery.(*Client).Discover(discovery.go:68)`&quot;, &quot;latency&quot;: &quot;193.761µs&quot;, &quot;version&quot;: &quot;3.54.3&quot;}
2024-01-26T04:10:14.656Z	ERROR	ydb.driver.repeater.wake.up	persistence/ydb_logger.go:72	failed	{&quot;error&quot;: &quot;connError{node_id:0,address:'localhost:28930'}: transport/Unavailable (code = 14, source error = \&quot;rpc error: code = Unavailable desc = last connection error: connection error: desc = \\\&quot;transport: Error while dialing: dial tcp [::1]:28930: connect: connection refused\\\&quot;\&quot;, address: \&quot;localhost:28930\&quot;, traceID: \&quot;9372475a-12b2-40e0-8d55-faf050d8a3e4\&quot;) at `github.com/ydb-platform/ydb-go-sdk/v3/internal/conn.(*conn).Invoke(conn.go:345)` at `github.com/ydb-platform/ydb-go-sdk/v3/internal/discovery.(*Client).Discover(discovery.go:68)` at `github.com/ydb-platform/ydb-go-sdk/v3/internal/balancer.(*Balancer).clusterDiscoveryAttempt(balancer.go:117)`&quot;, &quot;name&quot;: &quot;discovery&quot;, &quot;event&quot;: &quot;force&quot;, &quot;latency&quot;: &quot;479.956µs&quot;, &quot;version&quot;: &quot;3.54.3&quot;}
2024-01-26T04:10:42.652Z	DEBUG	ydb.driver.repeater.wake.up	persistence/ydb_logger.go:64	start	{&quot;name&quot;: &quot;discovery&quot;, &quot;event&quot;: &quot;tick&quot;}
2024-01-26T04:10:42.653Z	DEBUG	ydb.discovery.list.endpoints	persistence/ydb_logger.go:66	start	{&quot;address&quot;: &quot;localhost:28930&quot;, &quot;database&quot;: &quot;/Root&quot;}
2024-01-26T04:10:42.653Z	ERROR	ydb.discovery.list.endpoints	persistence/ydb_logger.go:72	failed	{&quot;error&quot;: &quot;connError{node_id:0,address:'localhost:28930'}: transport/Unavailable (code = 14, source error = \&quot;rpc error: code = Unavailable desc = last connection error: connection error: desc = \\\&quot;transport: Error while dialing: dial tcp 127.0.0.1:28930: connect: connection refused\\\&quot;\&quot;, address: \&quot;localhost:28930\&quot;, traceID: \&quot;34f171b0-f04e-43df-a453-24e9b9cdd041\&quot;) at `github.com/ydb-platform/ydb-go-sdk/v3/internal/conn.(*conn).Invoke(conn.go:345)` at `github.com/ydb-platform/ydb-go-sdk/v3/internal/discovery.(*Client).Discover(discovery.go:68)`&quot;, &quot;latency&quot;: &quot;182.122µs&quot;, &quot;version&quot;: &quot;3.54.3&quot;}
2024-01-26T04:10:42.653Z	ERROR	ydb.driver.repeater.wake.up	persistence/ydb_logger.go:72	failed	{&quot;error&quot;: &quot;connError{node_id:0,address:'localhost:28930'}: transport/Unavailable (code = 14, source error = \&quot;rpc error: code = Unavailable desc = last connection error: connection error: desc = \\\&quot;transport: Error while dialing: dial tcp 127.0.0.1:28930: connect: connection refused\\\&quot;\&quot;, address: \&quot;localhost:28930\&quot;, traceID: \&quot;34f171b0-f04e-43df-a453-24e9b9cdd041\&quot;) at `github.com/ydb-platform/ydb-go-sdk/v3/internal/conn.(*conn).Invoke(conn.go:345)` at `github.com/ydb-platform/ydb-go-sdk/v3/internal/discovery.(*Client).Discover(discovery.go:68)` at `github.com/ydb-platform/ydb-go-sdk/v3/internal/balancer.(*Balancer).clusterDiscoveryAttempt(balancer.go:117)`&quot;, &quot;name&quot;: &quot;discovery&quot;, &quot;event&quot;: &quot;tick&quot;, &quot;latency&quot;: &quot;359.135µs&quot;, &quot;version&quot;: &quot;3.54.3&quot;}
2024-01-26T04:11:14.655Z	DEBUG	ydb.driver.repeater.wake.up	persistence/ydb_logger.go:64	start	{&quot;name&quot;: &quot;discovery&quot;, &quot;event&quot;: &quot;force&quot;}
2024-01-26T04:11:14.655Z	DEBUG	ydb.discovery.list.endpoints	persistence/ydb_logger.go:66	start	{&quot;address&quot;: &quot;localhost:28930&quot;, &quot;database&quot;: &quot;/Root&quot;}
2024-01-26T04:11:14.655Z	ERROR	ydb.discovery.list.endpoints	persistence/ydb_logger.go:72	failed	{&quot;error&quot;: &quot;connError{node_id:0,address:'localhost:28930'}: transport/Unavailable (code = 14, source error = \&quot;rpc error: code = Unavailable desc = last connection error: connection error: desc = \\\&quot;transport: Error while dialing: dial tcp 127.0.0.1:28930: connect: connection refused\\\&quot;\&quot;, address: \&quot;localhost:28930\&quot;, traceID: \&quot;483cdb41-18c9-45a9-ae28-b3a05558fced\&quot;) at `github.com/ydb-platform/ydb-go-sdk/v3/internal/conn.(*conn).Invoke(conn.go:345)` at `github.com/ydb-platform/ydb-go-sdk/v3/internal/discovery.(*Client).Discover(discovery.go:68)`&quot;, &quot;latency&quot;: &quot;202.175µs&quot;, &quot;version&quot;: &quot;3.54.3&quot;}
2024-01-26T04:11:14.655Z	ERROR	ydb.driver.repeater.wake.up	persistence/ydb_logger.go:72	failed	{&quot;error&quot;: &quot;connError{node_id:0,address:'localhost:28930'}: transport/Unavailable (code = 14, source error = \&quot;rpc error: code = Unavailable desc = last connection error: connection error: desc = \\\&quot;transport: Error while dialing: dial tcp 127.0.0.1:28930: connect: connection refused\\\&quot;\&quot;, address: \&quot;localhost:28930\&quot;, traceID: \&quot;483cdb41-18c9-45a9-ae28-b3a05558fced\&quot;) at `github.com/ydb-platform/ydb-go-sdk/v3/internal/conn.(*conn).Invoke(conn.go:345)` at `github.com/ydb-platform/ydb-go-sdk/v3/internal/discovery.(*Client).Discover(discovery.go:68)` at `github.com/ydb-platform/ydb-go-sdk/v3/internal/balancer.(*Balancer).clusterDiscoveryAttempt(balancer.go:117)`&quot;, &quot;name&quot;: &quot;discovery&quot;, &quot;event&quot;: &quot;force&quot;, &quot;latency&quot;: &quot;360.129µs&quot;, &quot;version&quot;: &quot;3.54.3&quot;}
2024-01-26T04:11:42.651Z	DEBUG	ydb.driver.repeater.wake.up	persistence/ydb_logger.go:64	start	{&quot;name&quot;: &quot;discovery&quot;, &quot;event&quot;: &quot;tick&quot;}
2024-01-26T04:11:42.651Z	DEBUG	ydb.discovery.list.endpoints	persistence/ydb_logger.go:66	start	{&quot;address&quot;: &quot;localhost:28930&quot;, &quot;database&quot;: &quot;/Root&quot;}
2024-01-26T04:11:42.652Z	ERROR	ydb.discovery.list.endpoints	persistence/ydb_logger.go:72	failed	{&quot;error&quot;: &quot;connError{node_id:0,address:'localhost:28930'}: transport/Unavailable (code = 14, source error = \&quot;rpc error: code = Unavailable desc = last connection error: connection error: desc = \\\&quot;transport: Error while dialing: dial tcp 127.0.0.1:28930: connect: connection refused\\\&quot;\&quot;, address: \&quot;localhost:28930\&quot;, traceID: \&quot;075ccdc5-7de6-4bad-9e02-7d44f757868b\&quot;) at `github.com/ydb-platform/ydb-go-sdk/v3/internal/conn.(*conn).Invoke(conn.go:345)` at `github.com/ydb-platform/ydb-go-sdk/v3/internal/discovery.(*Client).Discover(discovery.go:68)`&quot;, &quot;latency&quot;: &quot;187.386µs&quot;, &quot;version&quot;: &quot;3.54.3&quot;}
2024-01-26T04:11:42.652Z	ERROR	ydb.driver.repeater.wake.up	persistence/ydb_logger.go:72	failed	{&quot;error&quot;: &quot;connError{node_id:0,address:'localhost:28930'}: transport/Unavailable (code = 14, source error = \&quot;rpc error: code = Unavailable desc = last connection error: connection error: desc = \\\&quot;transport: Error while dialing: dial tcp 127.0.0.1:28930: connect: connection refused\\\&quot;\&quot;, address: \&quot;localhost:28930\&quot;, traceID: \&quot;075ccdc5-7de6-4bad-9e02-7d44f757868b\&quot;) at `github.com/ydb-platform/ydb-go-sdk/v3/internal/conn.(*conn).Invoke(conn.go:345)` at `github.com/ydb-platform/ydb-go-sdk/v3/internal/discovery.(*Client).Discover(discovery.go:68)` at `github.com/ydb-platform/ydb-go-sdk/v3/internal/balancer.(*Balancer).clusterDiscoveryAttempt(balancer.go:117)`&quot;, &quot;name&quot;: &quot;discovery&quot;, &quot;event&quot;: &quot;tick&quot;, &quot;latency&quot;: &quot;391.602µs&quot;, &quot;version&quot;: &quot;3.54.3&quot;}
2024-01-26T04:12:14.653Z	DEBUG	ydb.driver.repeater.wake.up	persistence/ydb_logger.go:64	start	{&quot;name&quot;: &quot;discovery&quot;, &quot;event&quot;: &quot;force&quot;}
2024-01-26T04:12:14.654Z	DEBUG	ydb.discovery.list.endpoints	persistence/ydb_logger.go:66	start	{&quot;address&quot;: &quot;localhost:28930&quot;, &quot;database&quot;: &quot;/Root&quot;}
2024-01-26T04:12:14.654Z	ERROR	ydb.discovery.list.endpoints	persistence/ydb_logger.go:72	failed	{&quot;error&quot;: &quot;connError{node_id:0,address:'localhost:28930'}: transport/Unavailable (code = 14, source error = \&quot;rpc error: code = Unavailable desc = last connection error: connection error: desc = \\\&quot;transport: Error while dialing: dial tcp [::1]:28930: connect: connection refused\\\&quot;\&quot;, address: \&quot;localhost:28930\&quot;, traceID: \&quot;4f33ada3-8039-4bdb-87c6-2ca2a887cbec\&quot;) at `github.com/ydb-platform/ydb-go-sdk/v3/internal/conn.(*conn).Invoke(conn.go:345)` at `github.com/ydb-platform/ydb-go-sdk/v3/internal/discovery.(*Client).Discover(discovery.go:68)`&quot;, &quot;latency&quot;: &quot;249.418µs&quot;, &quot;version&quot;: &quot;3.54.3&quot;}
2024-01-26T04:12:14.654Z	ERROR	ydb.driver.repeater.wake.up	persistence/ydb_logger.go:72	failed	{&quot;error&quot;: &quot;connError{node_id:0,address:'localhost:28930'}: transport/Unavailable (code = 14, source error = \&quot;rpc error: code = Unavailable desc = last connection error: connection error: desc = \\\&quot;transport: Error while dialing: dial tcp [::1]:28930: connect: connection refused\\\&quot;\&quot;, address: \&quot;localhost:28930\&quot;, traceID: \&quot;4f33ada3-8039-4bdb-87c6-2ca2a887cbec\&quot;) at `github.com/ydb-platform/ydb-go-sdk/v3/internal/conn.(*conn).Invoke(conn.go:345)` at `github.com/ydb-platform/ydb-go-sdk/v3/internal/discovery.(*Client).Discover(discovery.go:68)` at `github.com/ydb-platform/ydb-go-sdk/v3/internal/balancer.(*Balancer).clusterDiscoveryAttempt(balancer.go:117)`&quot;, &quot;name&quot;: &quot;discovery&quot;, &quot;event&quot;: &quot;force&quot;, &quot;latency&quot;: &quot;576.884µs&quot;, &quot;version&quot;: &quot;3.54.3&quot;}
2024-01-26T04:12:42.651Z	DEBUG	ydb.driver.repeater.wake.up	persistence/ydb_logger.go:64	start	{&quot;name&quot;: &quot;discovery&quot;, &quot;event&quot;: &quot;tick&quot;}
2024-01-26T04:12:42.651Z	DEBUG	ydb.discovery.list.endpoints	persistence/ydb_logger.go:66	start	{&quot;address&quot;: &quot;localhost:28930&quot;, &quot;database&quot;: &quot;/Root&quot;}
2024-01-26T04:12:42.651Z	ERROR	ydb.discovery.list.endpoints	persistence/ydb_logger.go:72	failed	{&quot;error&quot;: &quot;connError{node_id:0,address:'localhost:28930'}: transport/Unavailable (code = 14, source error = \&quot;rpc error: code = Unavailable desc = last connection error: connection error: desc = \\\&quot;transport: Error while dialing: dial tcp [::1]:28930: connect: connection refused\\\&quot;\&quot;, address: \&quot;localhost:28930\&quot;, traceID: \&quot;6579a36b-601d-418a-b9cf-8df872338ef9\&quot;) at `github.com/ydb-platform/ydb-go-sdk/v3/internal/conn.(*conn).Invoke(conn.go:345)` at `github.com/ydb-platform/ydb-go-sdk/v3/internal/discovery.(*Client).Discover(discovery.go:68)`&quot;, &quot;latency&quot;: &quot;235.466µs&quot;, &quot;version&quot;: &quot;3.54.3&quot;}
2024-01-26T04:12:42.651Z	ERROR	ydb.driver.repeater.wake.up	persistence/ydb_logger.go:72	failed	{&quot;error&quot;: &quot;connError{node_id:0,address:'localhost:28930'}: transport/Unavailable (code = 14, source error = \&quot;rpc error: code = Unavailable desc = last connection error: connection error: desc = \\\&quot;transport: Error while dialing: dial tcp [::1]:28930: connect: connection refused\\\&quot;\&quot;, address: \&quot;localhost:28930\&quot;, traceID: \&quot;6579a36b-601d-418a-b9cf-8df872338ef9\&quot;) at `github.com/ydb-platform/ydb-go-sdk/v3/internal/conn.(*conn).Invoke(conn.go:345)` at `github.com/ydb-platform/ydb-go-sdk/v3/internal/discovery.(*Client).Discover(discovery.go:68)` at `github.com/ydb-platform/ydb-go-sdk/v3/internal/balancer.(*Balancer).clusterDiscoveryAttempt(balancer.go:117)`&quot;, &quot;name&quot;: &quot;discovery&quot;, &quot;event&quot;: &quot;tick&quot;, &quot;latency&quot;: &quot;432.039µs&quot;, &quot;version&quot;: &quot;3.54.3&quot;}
2024-01-26T04:13:14.652Z	DEBUG	ydb.driver.repeater.wake.up	persistence/ydb_logger.go:64	start	{&quot;name&quot;: &quot;discovery&quot;, &quot;event&quot;: &quot;force&quot;}
2024-01-26T04:13:14.652Z	DEBUG	ydb.discovery.list.endpoints	persistence/ydb_logger.go:66	start	{&quot;address&quot;: &quot;localhost:28930&quot;, &quot;database&quot;: &quot;/Root&quot;}
2024-01-26T04:13:14.652Z	ERROR	ydb.discovery.list.endpoints	persistence/ydb_logger.go:72	failed	{&quot;error&quot;: &quot;connError{node_id:0,address:'localhost:28930'}: transport/Unavailable (code = 14, source error = \&quot;rpc error: code = Unavailable desc = last connection error: connection error: desc = \\\&quot;transport: Error while dialing: dial tcp [::1]:28930: connect: connection refused\\\&quot;\&quot;, address: \&quot;localhost:28930\&quot;, traceID: \&quot;d20b8148-daec-42bc-a629-e60e780d5aa8\&quot;) at `github.com/ydb-platform/ydb-go-sdk/v3/internal/conn.(*conn).Invoke(conn.go:345)` at `github.com/ydb-platform/ydb-go-sdk/v3/internal/discovery.(*Client).Discover(discovery.go:68)`&quot;, &quot;latency&quot;: &quot;254.051µs&quot;, &quot;version&quot;: &quot;3.54.3&quot;}
2024-01-26T04:13:14.653Z	ERROR	ydb.driver.repeater.wake.up	persistence/ydb_logger.go:72	failed	{&quot;error&quot;: &quot;connError{node_id:0,address:'localhost:28930'}: transport/Unavailable (code = 14, source error = \&quot;rpc error: code = Unavailable desc = last connection error: connection error: desc = \\\&quot;transport: Error while dialing: dial tcp [::1]:28930: connect: connection refused\\\&quot;\&quot;, address: \&quot;localhost:28930\&quot;, traceID: \&quot;d20b8148-daec-42bc-a629-e60e780d5aa8\&quot;) at `github.com/ydb-platform/ydb-go-sdk/v3/internal/conn.(*conn).Invoke(conn.go:345)` at `github.com/ydb-platform/ydb-go-sdk/v3/internal/discovery.(*Client).Discover(discovery.go:68)` at `github.com/ydb-platform/ydb-go-sdk/v3/internal/balancer.(*Balancer).clusterDiscoveryAttempt(balancer.go:117)`&quot;, &quot;name&quot;: &quot;discovery&quot;, &quot;event&quot;: &quot;force&quot;, &quot;latency&quot;: &quot;498.521µs&quot;, &quot;version&quot;: &quot;3.54.3&quot;}
2024-01-26T04:13:42.651Z	DEBUG	ydb.driver.repeater.wake.up	persistence/ydb_logger.go:64	start	{&quot;name&quot;: &quot;discovery&quot;, &quot;event&quot;: &quot;tick&quot;}
2024-01-26T04:13:42.651Z	DEBUG	ydb.discovery.list.endpoints	persistence/ydb_logger.go:66	start	{&quot;address&quot;: &quot;localhost:28930&quot;, &quot;database&quot;: &quot;/Root&quot;}
2024-01-26T04:13:42.651Z	ERROR	ydb.discovery.list.endpoints	persistence/ydb_logger.go:72	failed	{&quot;error&quot;: &quot;connError{node_id:0,address:'localhost:28930'}: transport/Unavailable (code = 14, source error = \&quot;rpc error: code = Unavailable desc = last connection error: connection error: desc = \\\&quot;transport: Error while dialing: dial tcp [::1]:28930: connect: connection refused\\\&quot;\&quot;, address: \&quot;localhost:28930\&quot;, traceID: \&quot;3d2f569e-34a1-4aeb-8229-4802723d4e99\&quot;) at `github.com/ydb-platform/ydb-go-sdk/v3/internal/conn.(*conn).Invoke(conn.go:345)` at `github.com/ydb-platform/ydb-go-sdk/v3/internal/discovery.(*Client).Discover(discovery.go:68)`&quot;, &quot;latency&quot;: &quot;226.93µs&quot;, &quot;version&quot;: &quot;3.54.3&quot;}
2024-01-26T04:13:42.651Z	ERROR	ydb.driver.repeater.wake.up	persistence/ydb_logger.go:72	failed	{&quot;error&quot;: &quot;connError{node_id:0,address:'localhost:28930'}: transport/Unavailable (code = 14, source error = \&quot;rpc error: code = Unavailable desc = last connection error: connection error: desc = \\\&quot;transport: Error while dialing: dial tcp [::1]:28930: connect: connection refused\\\&quot;\&quot;, address: \&quot;localhost:28930\&quot;, traceID: \&quot;3d2f569e-34a1-4aeb-8229-4802723d4e99\&quot;) at `github.com/ydb-platform/ydb-go-sdk/v3/internal/conn.(*conn).Invoke(conn.go:345)` at `github.com/ydb-platform/ydb-go-sdk/v3/internal/discovery.(*Client).Discover(discovery.go:68)` at `github.com/ydb-platform/ydb-go-sdk/v3/internal/balancer.(*Balancer).clusterDiscoveryAttempt(balancer.go:117)`&quot;, &quot;name&quot;: &quot;discovery&quot;, &quot;event&quot;: &quot;tick&quot;, &quot;latency&quot;: &quot;425.284µs&quot;, &quot;version&quot;: &quot;3.54.3&quot;}
2024-01-26T04:14:14.656Z	DEBUG	ydb.driver.repeater.wake.up	persistence/ydb_logger.go:64	start	{&quot;name&quot;: &quot;discovery&quot;, &quot;event&quot;: &quot;force&quot;}
2024-01-26T04:14:14.657Z	DEBUG	ydb.discovery.list.endpoints	persistence/ydb_logger.go:66	start	{&quot;address&quot;: &quot;localhost:28930&quot;, &quot;database&quot;: &quot;/Root&quot;}
2024-01-26T04:14:14.657Z	ERROR	ydb.discovery.list.endpoints	persistence/ydb_logger.go:72	failed	{&quot;error&quot;: &quot;connError{node_id:0,address:'localhost:28930'}: transport/Unavailable (code = 14, source error = \&quot;rpc error: code = Unavailable desc = last connection error: connection error: desc = \\\&quot;transport: Error while dialing: dial tcp [::1]:28930: connect: connection refused\\\&quot;\&quot;, address: \&quot;localhost:28930\&quot;, traceID: \&quot;b265d72d-9489-4e84-bce0-f7fcf9c093ac\&quot;) at `github.com/ydb-platform/ydb-go-sdk/v3/internal/conn.(*conn).Invoke(conn.go:345)` at `github.com/ydb-platform/ydb-go-sdk/v3/internal/discovery.(*Client).Discover(discovery.go:68)`&quot;, &quot;latency&quot;: &quot;197.174µs&quot;, &quot;version&quot;: &quot;3.54.3&quot;}
2024-01-26T04:14:14.657Z	ERROR	ydb.driver.repeater.wake.up	persistence/ydb_logger.go:72	failed	{&quot;error&quot;: &quot;connError{node_id:0,address:'localhost:28930'}: transport/Unavailable (code = 14, source error = \&quot;rpc error: code = Unavailable desc = last connection error: connection error: desc = \\\&quot;transport: Error while dialing: dial tcp [::1]:28930: connect: connection refused\\\&quot;\&quot;, address: \&quot;localhost:28930\&quot;, traceID: \&quot;b265d72d-9489-4e84-bce0-f7fcf9c093ac\&quot;) at `github.com/ydb-platform/ydb-go-sdk/v3/internal/conn.(*conn).Invoke(conn.go:345)` at `github.com/ydb-platform/ydb-go-sdk/v3/internal/discovery.(*Client).Discover(discovery.go:68)` at `github.com/ydb-platform/ydb-go-sdk/v3/internal/balancer.(*Balancer).clusterDiscoveryAttempt(balancer.go:117)`&quot;, &quot;name&quot;: &quot;discovery&quot;, &quot;event&quot;: &quot;force&quot;, &quot;latency&quot;: &quot;512.976µs&quot;, &quot;version&quot;: &quot;3.54.3&quot;}
2024-01-26T04:14:42.654Z	DEBUG	ydb.driver.repeater.wake.up	persistence/ydb_logger.go:64	start	{&quot;name&quot;: &quot;discovery&quot;, &quot;event&quot;: &quot;tick&quot;}
2024-01-26T04:14:42.654Z	DEBUG	ydb.discovery.list.endpoints	persistence/ydb_logger.go:66	start	{&quot;address&quot;: &quot;localhost:28930&quot;, &quot;database&quot;: &quot;/Root&quot;}
2024-01-26T04:14:42.654Z	ERROR	ydb.discovery.list.endpoints	persistence/ydb_logger.go:72	failed	{&quot;error&quot;: &quot;connError{node_id:0,address:'localhost:28930'}: transport/Unavailable (code = 14, source error = \&quot;rpc error: code = Unavailable desc = last connection error: connection error: desc = \\\&quot;transport: Error while dialing: dial tcp [::1]:28930: connect: connection refused\\\&quot;\&quot;, address: \&quot;localhost:28930\&quot;, traceID: \&quot;0a184298-dfe1-4f4b-9407-a15a960f9b00\&quot;) at `github.com/ydb-platform/ydb-go-sdk/v3/internal/conn.(*conn).Invoke(conn.go:345)` at `github.com/ydb-platform/ydb-go-sdk/v3/internal/discovery.(*Client).Discover(discovery.go:68)`&quot;, &quot;latency&quot;: &quot;226.518µs&quot;, &quot;version&quot;: &quot;3.54.3&quot;}
2024-01-26T04:14:42.654Z	ERROR	ydb.driver.repeater.wake.up	persistence/ydb_logger.go:72	failed	{&quot;error&quot;: &quot;connError{node_id:0,address:'localhost:28930'}: transport/Unavailable (code = 14, source error = \&quot;rpc error: code = Unavailable desc = last connection error: connection error: desc = \\\&quot;transport: Error while dialing: dial tcp [::1]:28930: connect: connection refused\\\&quot;\&quot;, address: \&quot;localhost:28930\&quot;, traceID: \&quot;0a184298-dfe1-4f4b-9407-a15a960f9b00\&quot;) at `github.com/ydb-platform/ydb-go-sdk/v3/internal/conn.(*conn).Invoke(conn.go:345)` at `github.com/ydb-platform/ydb-go-sdk/v3/internal/discovery.(*Client).Discover(discovery.go:68)` at `github.com/ydb-platform/ydb-go-sdk/v3/internal/balancer.(*Balancer).clusterDiscoveryAttempt(balancer.go:117)`&quot;, &quot;name&quot;: &quot;discovery&quot;, &quot;event&quot;: &quot;tick&quot;, &quot;latency&quot;: &quot;413.518µs&quot;, &quot;version&quot;: &quot;3.54.3&quot;}
2024-01-26T04:15:14.658Z	DEBUG	ydb.driver.repeater.wake.up	persistence/ydb_logger.go:64	start	{&quot;name&quot;: &quot;discovery&quot;, &quot;event&quot;: &quot;force&quot;}
2024-01-26T04:15:14.659Z	DEBUG	ydb.discovery.list.endpoints	persistence/ydb_logger.go:66	start	{&quot;address&quot;: &quot;localhost:28930&quot;, &quot;database&quot;: &quot;/Root&quot;}
2024-01-26T04:15:14.659Z	ERROR	ydb.discovery.list.endpoints	persistence/ydb_logger.go:72	failed	{&quot;error&quot;: &quot;connError{node_id:0,address:'localhost:28930'}: transport/Unavailable (code = 14, source error = \&quot;rpc error: code = Unavailable desc = last connection error: connection error: desc = \\\&quot;transport: Error while dialing: dial tcp [::1]:28930: connect: connection refused\\\&quot;\&quot;, address: \&quot;localhost:28930\&quot;, traceID: \&quot;4efb0970-dd97-449a-8fed-3c672674707a\&quot;) at `github.com/ydb-platform/ydb-go-sdk/v3/internal/conn.(*conn).Invoke(conn.go:345)` at `github.com/ydb-platform/ydb-go-sdk/v3/internal/discovery.(*Client).Discover(discovery.go:68)`&quot;, &quot;latency&quot;: &quot;189.054µs&quot;, &quot;version&quot;: &quot;3.54.3&quot;}
2024-01-26T04:15:14.659Z	ERROR	ydb.driver.repeater.wake.up	persistence/ydb_logger.go:72	failed	{&quot;error&quot;: &quot;connError{node_id:0,address:'localhost:28930'}: transport/Unavailable (code = 14, source error = \&quot;rpc error: code = Unavailable desc = last connection error: connection error: desc = \\\&quot;transport: Error while dialing: dial tcp [::1]:28930: connect: connection refused\\\&quot;\&quot;, address: \&quot;localhost:28930\&quot;, traceID: \&quot;4efb0970-dd97-449a-8fed-3c672674707a\&quot;) at `github.com/ydb-platform/ydb-go-sdk/v3/internal/conn.(*conn).Invoke(conn.go:345)` at `github.com/ydb-platform/ydb-go-sdk/v3/internal/discovery.(*Client).Discover(discovery.go:68)` at `github.com/ydb-platform/ydb-go-sdk/v3/internal/balancer.(*Balancer).clusterDiscoveryAttempt(balancer.go:117)`&quot;, &quot;name&quot;: &quot;discovery&quot;, &quot;event&quot;: &quot;force&quot;, &quot;latency&quot;: &quot;395.024µs&quot;, &quot;version&quot;: &quot;3.54.3&quot;}
2024-01-26T04:15:42.653Z	DEBUG	ydb.driver.repeater.wake.up	persistence/ydb_logger.go:64	start	{&quot;name&quot;: &quot;discovery&quot;, &quot;event&quot;: &quot;tick&quot;}
2024-01-26T04:15:42.653Z	DEBUG	ydb.discovery.list.endpoints	persistence/ydb_logger.go:66	start	{&quot;address&quot;: &quot;localhost:28930&quot;, &quot;database&quot;: &quot;/Root&quot;}
2024-01-26T04:15:42.653Z	ERROR	ydb.discovery.list.endpoints	persistence/ydb_logger.go:72	failed	{&quot;error&quot;: &quot;connError{node_id:0,address:'localhost:28930'}: transport/Unavailable (code = 14, source error = \&quot;rpc error: code = Unavailable desc = last connection error: connection error: desc = \\\&quot;transport: Error while dialing: dial tcp 127.0.0.1:28930: connect: connection refused\\\&quot;\&quot;, address: \&quot;localhost:28930\&quot;, traceID: \&quot;adbdcb9c-6e6c-406e-a535-e656ab592b55\&quot;) at `github.com/ydb-platform/ydb-go-sdk/v3/internal/conn.(*conn).Invoke(conn.go:345)` at `github.com/ydb-platform/ydb-go-sdk/v3/internal/discovery.(*Client).Discover(discovery.go:68)`&quot;, &quot;latency&quot;: &quot;221.498µs&quot;, &quot;version&quot;: &quot;3.54.3&quot;}
2024-01-26T04:15:42.653Z	ERROR	ydb.driver.repeater.wake.up	persistence/ydb_logger.go:72	failed	{&quot;error&quot;: &quot;connError{node_id:0,address:'localhost:28930'}: transport/Unavailable (code = 14, source error = \&quot;rpc error: code = Unavailable desc = last connection error: connection error: desc = \\\&quot;transport: Error while dialing: dial tcp 127.0.0.1:28930: connect: connection refused\\\&quot;\&quot;, address: \&quot;localhost:28930\&quot;, traceID: \&quot;adbdcb9c-6e6c-406e-a535-e656ab592b55\&quot;) at `github.com/ydb-platform/ydb-go-sdk/v3/internal/conn.(*conn).Invoke(conn.go:345)` at `github.com/ydb-platform/ydb-go-sdk/v3/internal/discovery.(*Client).Discover(discovery.go:68)` at `github.com/ydb-platform/ydb-go-sdk/v3/internal/balancer.(*Balancer).clusterDiscoveryAttempt(balancer.go:117)`&quot;, &quot;name&quot;: &quot;discovery&quot;, &quot;event&quot;: &quot;tick&quot;, &quot;latency&quot;: &quot;519.5µs&quot;, &quot;version&quot;: &quot;3.54.3&quot;}
2024-01-26T04:16:14.656Z	DEBUG	ydb.driver.repeater.wake.up	persistence/ydb_logger.go:64	start	{&quot;name&quot;: &quot;discovery&quot;, &quot;event&quot;: &quot;force&quot;}
2024-01-26T04:16:14.656Z	DEBUG	ydb.discovery.list.endpoints	persistence/ydb_logger.go:66	start	{&quot;address&quot;: &quot;localhost:28930&quot;, &quot;database&quot;: &quot;/Root&quot;}
2024-01-26T04:16:14.657Z	ERROR	ydb.discovery.list.endpoints	persistence/ydb_logger.go:72	failed	{&quot;error&quot;: &quot;connError{node_id:0,address:'localhost:28930'}: transport/Unavailable (code = 14, source error = \&quot;rpc error: code = Unavailable desc = last connection error: connection error: desc = \\\&quot;transport: Error while dialing: dial tcp [::1]:28930: connect: connection refused\\\&quot;\&quot;, address: \&quot;localhost:28930\&quot;, traceID: \&quot;b7836815-cefc-4511-857d-4797fe618d1b\&quot;) at `github.com/ydb-platform/ydb-go-sdk/v3/internal/conn.(*conn).Invoke(conn.go:345)` at `github.com/ydb-platform/ydb-go-sdk/v3/internal/discovery.(*Client).Discover(discovery.go:68)`&quot;, &quot;latency&quot;: &quot;283.012µs&quot;, &quot;version&quot;: &quot;3.54.3&quot;}
2024-01-26T04:16:14.657Z	ERROR	ydb.driver.repeater.wake.up	persistence/ydb_logger.go:72	failed	{&quot;error&quot;: &quot;connError{node_id:0,address:'localhost:28930'}: transport/Unavailable (code = 14, source error = \&quot;rpc error: code = Unavailable desc = last connection error: connection error: desc = \\\&quot;transport: Error while dialing: dial tcp [::1]:28930: connect: connection refused\\\&quot;\&quot;, address: \&quot;localhost:28930\&quot;, traceID: \&quot;b7836815-cefc-4511-857d-4797fe618d1b\&quot;) at `github.com/ydb-platform/ydb-go-sdk/v3/internal/conn.(*conn).Invoke(conn.go:345)` at `github.com/ydb-platform/ydb-go-sdk/v3/internal/discovery.(*Client).Discover(discovery.go:68)` at `github.com/ydb-platform/ydb-go-sdk/v3/internal/balancer.(*Balancer).clusterDiscoveryAttempt(balancer.go:117)`&quot;, &quot;name&quot;: &quot;discovery&quot;, &quot;event&quot;: &quot;force&quot;, &quot;latency&quot;: &quot;642.667µs&quot;, &quot;version&quot;: &quot;3.54.3&quot;}
2024-01-26T04:16:42.652Z	DEBUG	ydb.driver.repeater.wake.up	persistence/ydb_logger.go:64	start	{&quot;name&quot;: &quot;discovery&quot;, &quot;event&quot;: &quot;tick&quot;}
2024-01-26T04:16:42.653Z	DEBUG	ydb.discovery.list.endpoints	persistence/ydb_logger.go:66	start	{&quot;address&quot;: &quot;localhost:28930&quot;, &quot;database&quot;: &quot;/Root&quot;}
2024-01-26T04:16:42.653Z	ERROR	ydb.discovery.list.endpoints	persistence/ydb_logger.go:72	failed	{&quot;error&quot;: &quot;connError{node_id:0,address:'localhost:28930'}: transport/Unavailable (code = 14, source error = \&quot;rpc error: code = Unavailable desc = last connection error: connection error: desc = \\\&quot;transport: Error while dialing: dial tcp [::1]:28930: connect: connection refused\\\&quot;\&quot;, address: \&quot;localhost:28930\&quot;, traceID: \&quot;6f437c2d-8dbd-43bf-a8e9-7db7c53ee504\&quot;) at `github.com/ydb-platform/ydb-go-sdk/v3/internal/conn.(*conn).Invoke(conn.go:345)` at `github.com/ydb-platform/ydb-go-sdk/v3/internal/discovery.(*Client).Discover(discovery.go:68)`&quot;, &quot;latency&quot;: &quot;273.427µs&quot;, &quot;version&quot;: &quot;3.54.3&quot;}
2024-01-26T04:16:42.653Z	ERROR	ydb.driver.repeater.wake.up	persistence/ydb_logger.go:72	failed	{&quot;error&quot;: &quot;connError{node_id:0,address:'localhost:28930'}: transport/Unavailable (code = 14, source error = \&quot;rpc error: code = Unavailable desc = last connection error: connection error: desc = \\\&quot;transport: Error while dialing: dial tcp [::1]:28930: connect: connection refused\\\&quot;\&quot;, address: \&quot;localhost:28930\&quot;, traceID: \&quot;6f437c2d-8dbd-43bf-a8e9-7db7c53ee504\&quot;) at `github.com/ydb-platform/ydb-go-sdk/v3/internal/conn.(*conn).Invoke(conn.go:345)` at `github.com/ydb-platform/ydb-go-sdk/v3/internal/discovery.(*Client).Discover(discovery.go:68)` at `github.com/ydb-platform/ydb-go-sdk/v3/internal/balancer.(*Balancer).clusterDiscoveryAttempt(balancer.go:117)`&quot;, &quot;name&quot;: &quot;discovery&quot;, &quot;event&quot;: &quot;tick&quot;, &quot;latency&quot;: &quot;492.213µs&quot;, &quot;version&quot;: &quot;3.54.3&quot;}
2024-01-26T04:17:14.654Z	DEBUG	ydb.driver.repeater.wake.up	persistence/ydb_logger.go:64	start	{&quot;name&quot;: &quot;discovery&quot;, &quot;event&quot;: &quot;force&quot;}
2024-01-26T04:17:14.655Z	DEBUG	ydb.discovery.list.endpoints	persistence/ydb_logger.go:66	start	{&quot;address&quot;: &quot;localhost:28930&quot;, &quot;database&quot;: &quot;/Root&quot;}
2024-01-26T04:17:14.655Z	ERROR	ydb.discovery.list.endpoints	persistence/ydb_logger.go:72	failed	{&quot;error&quot;: &quot;connError{node_id:0,address:'localhost:28930'}: transport/Unavailable (code = 14, source error = \&quot;rpc error: code = Unavailable desc = last connection error: connection error: desc = \\\&quot;transport: Error while dialing: dial tcp [::1]:28930: connect: connection refused\\\&quot;\&quot;, address: \&quot;localhost:28930\&quot;, traceID: \&quot;ba5a99a5-6e17-45cc-801c-dd2e9b192799\&quot;) at `github.com/ydb-platform/ydb-go-sdk/v3/internal/conn.(*conn).Invoke(conn.go:345)` at `github.com/ydb-platform/ydb-go-sdk/v3/internal/discovery.(*Client).Discover(discovery.go:68)`&quot;, &quot;latency&quot;: &quot;256.769µs&quot;, &quot;version&quot;: &quot;3.54.3&quot;}
2024-01-26T04:17:14.655Z	ERROR	ydb.driver.repeater.wake.up	persistence/ydb_logger.go:72	failed	{&quot;error&quot;: &quot;connError{node_id:0,address:'localhost:28930'}: transport/Unavailable (code = 14, source error = \&quot;rpc error: code = Unavailable desc = last connection error: connection error: desc = \\\&quot;transport: Error while dialing: dial tcp [::1]:28930: connect: connection refused\\\&quot;\&quot;, address: \&quot;localhost:28930\&quot;, traceID: \&quot;ba5a99a5-6e17-45cc-801c-dd2e9b192799\&quot;) at `github.com/ydb-platform/ydb-go-sdk/v3/internal/conn.(*conn).Invoke(conn.go:345)` at `github.com/ydb-platform/ydb-go-sdk/v3/internal/discovery.(*Client).Discover(discovery.go:68)` at `github.com/ydb-platform/ydb-go-sdk/v3/internal/balancer.(*Balancer).clusterDiscoveryAttempt(balancer.go:117)`&quot;, &quot;name&quot;: &quot;discovery&quot;, &quot;event&quot;: &quot;force&quot;, &quot;latency&quot;: &quot;582.565µs&quot;, &quot;version&quot;: &quot;3.54.3&quot;}
2024-01-26T04:17:42.652Z	DEBUG	ydb.driver.repeater.wake.up	persistence/ydb_logger.go:64	start	{&quot;name&quot;: &quot;discovery&quot;, &quot;event&quot;: &quot;tick&quot;}
2024-01-26T04:17:42.652Z	DEBUG	ydb.discovery.list.endpoints	persistence/ydb_logger.go:66	start	{&quot;address&quot;: &quot;localhost:28930&quot;, &quot;database&quot;: &quot;/Root&quot;}
2024-01-26T04:17:42.652Z	ERROR	ydb.discovery.list.endpoints	persistence/ydb_logger.go:72	failed	{&quot;error&quot;: &quot;connError{node_id:0,address:'localhost:28930'}: transport/Unavailable (code = 14, source error = \&quot;rpc error: code = Unavailable desc = last connection error: connection error: desc = \\\&quot;transport: Error while dialing: dial tcp 127.0.0.1:28930: connect: connection refused\\\&quot;\&quot;, address: \&quot;localhost:28930\&quot;, traceID: \&quot;d2d2de9e-a9cd-4ca7-88cd-6183a85b9284\&quot;) at `github.com/ydb-platform/ydb-go-sdk/v3/internal/conn.(*conn).Invoke(conn.go:345)` at `github.com/ydb-platform/ydb-go-sdk/v3/internal/discovery.(*Client).Discover(discovery.go:68)`&quot;, &quot;latency&quot;: &quot;199.585µs&quot;, &quot;version&quot;: &quot;3.54.3&quot;}
2024-01-26T04:17:42.652Z	ERROR	ydb.driver.repeater.wake.up	persistence/ydb_logger.go:72	failed	{&quot;error&quot;: &quot;connError{node_id:0,address:'localhost:28930'}: transport/Unavailable (code = 14, source error = \&quot;rpc error: code = Unavailable desc = last connection error: connection error: desc = \\\&quot;transport: Error while dialing: dial tcp 127.0.0.1:28930: connect: connection refused\\\&quot;\&quot;, address: \&quot;localhost:28930\&quot;, traceID: \&quot;d2d2de9e-a9cd-4ca7-88cd-6183a85b9284\&quot;) at `github.com/ydb-platform/ydb-go-sdk/v3/internal/conn.(*conn).Invoke(conn.go:345)` at `github.com/ydb-platform/ydb-go-sdk/v3/internal/discovery.(*Client).Discover(discovery.go:68)` at `github.com/ydb-platform/ydb-go-sdk/v3/internal/balancer.(*Balancer).clusterDiscoveryAttempt(balancer.go:117)`&quot;, &quot;name&quot;: &quot;discovery&quot;, &quot;event&quot;: &quot;tick&quot;, &quot;latency&quot;: &quot;402.808µs&quot;, &quot;version&quot;: &quot;3.54.3&quot;}
2024-01-26T04:18:14.654Z	DEBUG	ydb.driver.repeater.wake.up	persistence/ydb_logger.go:64	start	{&quot;name&quot;: &quot;discovery&quot;, &quot;event&quot;: &quot;force&quot;}
2024-01-26T04:18:14.654Z	DEBUG	ydb.discovery.list.endpoints	persistence/ydb_logger.go:66	start	{&quot;address&quot;: &quot;localhost:28930&quot;, &quot;database&quot;: &quot;/Root&quot;}
2024-01-26T04:18:14.655Z	ERROR	ydb.discovery.list.endpoints	persistence/ydb_logger.go:72	failed	{&quot;error&quot;: &quot;connError{node_id:0,address:'localhost:28930'}: transport/Unavailable (code = 14, source error = \&quot;rpc error: code = Unavailable desc = last connection error: connection error: desc = \\\&quot;transport: Error while dialing: dial tcp 127.0.0.1:28930: connect: connection refused\\\&quot;\&quot;, address: \&quot;localhost:28930\&quot;, traceID: \&quot;86dbf53e-95d5-444f-8f4d-ccc3cf68b7fe\&quot;) at `github.com/ydb-platform/ydb-go-sdk/v3/internal/conn.(*conn).Invoke(conn.go:345)` at `github.com/ydb-platform/ydb-go-sdk/v3/internal/discovery.(*Client).Discover(discovery.go:68)`&quot;, &quot;latency&quot;: &quot;328.26µs&quot;, &quot;version&quot;: &quot;3.54.3&quot;}
2024-01-26T04:18:14.655Z	ERROR	ydb.driver.repeater.wake.up	persistence/ydb_logger.go:72	failed	{&quot;error&quot;: &quot;connError{node_id:0,address:'localhost:28930'}: transport/Unavailable (code = 14, source error = \&quot;rpc error: code = Unavailable desc = last connection error: connection error: desc = \\\&quot;transport: Error while dialing: dial tcp 127.0.0.1:28930: connect: connection refused\\\&quot;\&quot;, address: \&quot;localhost:28930\&quot;, traceID: \&quot;86dbf53e-95d5-444f-8f4d-ccc3cf68b7fe\&quot;) at `github.com/ydb-platform/ydb-go-sdk/v3/internal/conn.(*conn).Invoke(conn.go:345)` at `github.com/ydb-platform/ydb-go-sdk/v3/internal/discovery.(*Client).Discover(discovery.go:68)` at `github.com/ydb-platform/ydb-go-sdk/v3/internal/balancer.(*Balancer).clusterDiscoveryAttempt(balancer.go:117)`&quot;, &quot;name&quot;: &quot;discovery&quot;, &quot;event&quot;: &quot;force&quot;, &quot;latency&quot;: &quot;796.981µs&quot;, &quot;version&quot;: &quot;3.54.3&quot;}
2024-01-26T04:18:42.651Z	DEBUG	ydb.driver.repeater.wake.up	persistence/ydb_logger.go:64	start	{&quot;name&quot;: &quot;discovery&quot;, &quot;event&quot;: &quot;tick&quot;}
2024-01-26T04:18:42.651Z	DEBUG	ydb.discovery.list.endpoints	persistence/ydb_logger.go:66	start	{&quot;address&quot;: &quot;localhost:28930&quot;, &quot;database&quot;: &quot;/Root&quot;}
2024-01-26T04:18:42.651Z	ERROR	ydb.discovery.list.endpoints	persistence/ydb_logger.go:72	failed	{&quot;error&quot;: &quot;connError{node_id:0,address:'localhost:28930'}: transport/Unavailable (code = 14, source error = \&quot;rpc error: code = Unavailable desc = last connection error: connection error: desc = \\\&quot;transport: Error while dialing: dial tcp 127.0.0.1:28930: connect: connection refused\\\&quot;\&quot;, address: \&quot;localhost:28930\&quot;, traceID: \&quot;435a79e8-3264-4440-adce-9a6c54112428\&quot;) at `github.com/ydb-platform/ydb-go-sdk/v3/internal/conn.(*conn).Invoke(conn.go:345)` at `github.com/ydb-platform/ydb-go-sdk/v3/internal/discovery.(*Client).Discover(discovery.go:68)`&quot;, &quot;latency&quot;: &quot;257.374µs&quot;, &quot;version&quot;: &quot;3.54.3&quot;}
2024-01-26T04:18:42.651Z	ERROR	ydb.driver.repeater.wake.up	persistence/ydb_logger.go:72	failed	{&quot;error&quot;: &quot;connError{node_id:0,address:'localhost:28930'}: transport/Unavailable (code = 14, source error = \&quot;rpc error: code = Unavailable desc = last connection error: connection error: desc = \\\&quot;transport: Error while dialing: dial tcp 127.0.0.1:28930: connect: connection refused\\\&quot;\&quot;, address: \&quot;localhost:28930\&quot;, traceID: \&quot;435a79e8-3264-4440-adce-9a6c54112428\&quot;) at `github.com/ydb-platform/ydb-go-sdk/v3/internal/conn.(*conn).Invoke(conn.go:345)` at `github.com/ydb-platform/ydb-go-sdk/v3/internal/discovery.(*Client).Discover(discovery.go:68)` at `github.com/ydb-platform/ydb-go-sdk/v3/internal/balancer.(*Balancer).clusterDiscoveryAttempt(balancer.go:117)`&quot;, &quot;name&quot;: &quot;discovery&quot;, &quot;event&quot;: &quot;tick&quot;, &quot;latency&quot;: &quot;472.45µs&quot;, &quot;version&quot;: &quot;3.54.3&quot;}
2024-01-26T04:19:14.652Z	DEBUG	ydb.driver.repeater.wake.up	persistence/ydb_logger.go:64	start	{&quot;name&quot;: &quot;discovery&quot;, &quot;event&quot;: &quot;force&quot;}
2024-01-26T04:19:14.652Z	DEBUG	ydb.discovery.list.endpoints	persistence/ydb_logger.go:66	start	{&quot;address&quot;: &quot;localhost:28930&quot;, &quot;database&quot;: &quot;/Root&quot;}
2024-01-26T04:19:14.652Z	ERROR	ydb.discovery.list.endpoints	persistence/ydb_logger.go:72	failed	{&quot;error&quot;: &quot;connError{node_id:0,address:'localhost:28930'}: transport/Unavailable (code = 14, source error = \&quot;rpc error: code = Unavailable desc = last connection error: connection error: desc = \\\&quot;transport: Error while dialing: dial tcp 127.0.0.1:28930: connect: connection refused\\\&quot;\&quot;, address: \&quot;localhost:28930\&quot;, traceID: \&quot;e20fc0a7-130d-4c45-b346-d54b506ae5f2\&quot;) at `github.com/ydb-platform/ydb-go-sdk/v3/internal/conn.(*conn).Invoke(conn.go:345)` at `github.com/ydb-platform/ydb-go-sdk/v3/internal/discovery.(*Client).Discover(discovery.go:68)`&quot;, &quot;latency&quot;: &quot;272.499µs&quot;, &quot;version&quot;: &quot;3.54.3&quot;}
2024-01-26T04:19:14.653Z	ERROR	ydb.driver.repeater.wake.up	persistence/ydb_logger.go:72	failed	{&quot;error&quot;: &quot;connError{node_id:0,address:'localhost:28930'}: transport/Unavailable (code = 14, source error = \&quot;rpc error: code = Unavailable desc = last connection error: connection error: desc = \\\&quot;transport: Error while dialing: dial tcp 127.0.0.1:28930: connect: connection refused\\\&quot;\&quot;, address: \&quot;localhost:28930\&quot;, traceID: \&quot;e20fc0a7-130d-4c45-b346-d54b506ae5f2\&quot;) at `github.com/ydb-platform/ydb-go-sdk/v3/internal/conn.(*conn).Invoke(conn.go:345)` at `github.com/ydb-platform/ydb-go-sdk/v3/internal/discovery.(*Client).Discover(discovery.go:68)` at `github.com/ydb-platform/ydb-go-sdk/v3/internal/balancer.(*Balancer).clusterDiscoveryAttempt(balancer.go:117)`&quot;, &quot;name&quot;: &quot;discovery&quot;, &quot;event&quot;: &quot;force&quot;, &quot;latency&quot;: &quot;539.933µs&quot;, &quot;version&quot;: &quot;3.54.3&quot;}
2024-01-26T04:19:42.650Z	DEBUG	ydb.driver.repeater.wake.up	persistence/ydb_logger.go:64	start	{&quot;name&quot;: &quot;discovery&quot;, &quot;event&quot;: &quot;tick&quot;}
2024-01-26T04:19:42.650Z	DEBUG	ydb.discovery.list.endpoints	persistence/ydb_logger.go:66	start	{&quot;address&quot;: &quot;localhost:28930&quot;, &quot;database&quot;: &quot;/Root&quot;}
2024-01-26T04:19:42.651Z	ERROR	ydb.discovery.list.endpoints	persistence/ydb_logger.go:72	failed	{&quot;error&quot;: &quot;connError{node_id:0,address:'localhost:28930'}: transport/Unavailable (code = 14, source error = \&quot;rpc error: code = Unavailable desc = last connection error: connection error: desc = \\\&quot;transport: Error while dialing: dial tcp 127.0.0.1:28930: connect: connection refused\\\&quot;\&quot;, address: \&quot;localhost:28930\&quot;, traceID: \&quot;15afe519-59cf-4bcb-a509-3de26e787668\&quot;) at `github.com/ydb-platform/ydb-go-sdk/v3/internal/conn.(*conn).Invoke(conn.go:345)` at `github.com/ydb-platform/ydb-go-sdk/v3/internal/discovery.(*Client).Discover(discovery.go:68)`&quot;, &quot;latency&quot;: &quot;258.783µs&quot;, &quot;version&quot;: &quot;3.54.3&quot;}
2024-01-26T04:19:42.651Z	ERROR	ydb.driver.repeater.wake.up	persistence/ydb_logger.go:72	failed	{&quot;error&quot;: &quot;connError{node_id:0,address:'localhost:28930'}: transport/Unavailable (code = 14, source error = \&quot;rpc error: code = Unavailable desc = last connection error: connection error: desc = \\\&quot;transport: Error while dialing: dial tcp 127.0.0.1:28930: connect: connection refused\\\&quot;\&quot;, address: \&quot;localhost:28930\&quot;, traceID: \&quot;15afe519-59cf-4bcb-a509-3de26e787668\&quot;) at `github.com/ydb-platform/ydb-go-sdk/v3/internal/conn.(*conn).Invoke(conn.go:345)` at `github.com/ydb-platform/ydb-go-sdk/v3/internal/discovery.(*Client).Discover(discovery.go:68)` at `github.com/ydb-platform/ydb-go-sdk/v3/internal/balancer.(*Balancer).clusterDiscoveryAttempt(balancer.go:117)`&quot;, &quot;name&quot;: &quot;discovery&quot;, &quot;event&quot;: &quot;tick&quot;, &quot;latency&quot;: &quot;492.147µs&quot;, &quot;version&quot;: &quot;3.54.3&quot;}
    image_service_test.go:452: 
        	Error Trace:	/-S/cloud/disk_manager/internal/pkg/facade/image_service_test/image_service_test.go:452
        	            				/-S/cloud/disk_manager/internal/pkg/facade/image_service_test/image_service_test.go:466
        	            				/-S/cloud/disk_manager/internal/pkg/facade/image_service_test/image_service_test.go:537
        	Error:      	Received unexpected error:
        	            	rpc error: code = Unavailable desc = Retriable error, IgnoreRetryLimit=false: [&quot;context error occurred on attempt No.1&quot;,&quot;context deadline exceeded&quot;,&quot;failed to get session from pool (attempts: 1, latency: 1.000267569s, pool have 0 sessions (0 busy, 0 idle, 0 create_in_progress): context deadline exceeded at `github.com/ydb-platform/ydb-go-sdk/v3/internal/table.(*Client).internalPoolWaitFromCh(client.go:511)` at `github.com/ydb-platform/ydb-go-sdk/v3/internal/table.(*Client).internalPoolGet(client.go:419)` at `github.com/ydb-platform/ydb-go-sdk/v3/internal/table.(*Client).internalPoolGet(client.go:440)` at `github.com/ydb-platform/ydb-go-sdk/v3/internal/table.do.retryBackoff.func2(retry.go:74)`&quot;] at `github.com/ydb-platform/ydb-go-sdk/v3/retry.Retry(retry.go:298)` at `github.com/ydb-platform/ydb-go-sdk/v3/internal/table.(*Client).Do(client.go:643)`
        	Test:       	TestImageServiceCreateRawImageFromURL

logsdir:
/home/github/tmp/out/cloud/disk_manager/internal/pkg/facade/image_service_test/test-results/image_service_test/chunk2/testing_out_stuff
log:
/home/github/tmp/out/cloud/disk_manager/internal/pkg/facade/image_service_test/test-results/image_service_test/chunk2/testing_out_stuff/image_service_test.TestImageServiceCreateRawImageFromURL.log</failure>
		</testcase>
		<testcase name="image_service_test.TestImageServiceDeleteImage" time="8.63"/>
		<testcase name="image_service_test.TestImageServiceFuzzCreateQCOW2ImageFromURL" time="3.21"/>
		<testcase name="image_service_test.TestImageServiceShouldFailCreateImageFromNonExistentFile" time="1.31"/>
		<testcase name="image_service_test.TestImageServiceShouldFailCreateQCOW2ImageFromInvalidFile" time="2.2"/>
	</testsuite>
	<testsuite name="cloud/disk_manager/internal/pkg/facade/filesystem_service_nemesis_test" tests="1" time="3.41" failures="0" skipped="0">
		<testcase name="filesystem_service_nemesis_test.TestFilesystemServiceCreateEmptyFilesystem" time="3.41"/>
	</testsuite>
	<testsuite name="cloud/disk_manager/internal/pkg/facade/filesystem_service_test" tests="1" time="0.004239082336425781" failures="0" skipped="0">
		<testcase name="filesystem_service_test.go.gofmt" time="0.004239082336425781"/>
	</testsuite>
	<testsuite name="cloud/disk_manager/internal/pkg/facade/filesystem_service_test" tests="1" time="3.41" failures="0" skipped="0">
		<testcase name="filesystem_service_test.TestFilesystemServiceCreateEmptyFilesystem" time="3.41"/>
	</testsuite>
	<testsuite name="cloud/disk_manager/internal/pkg/facade/placement_group_service_nemesis_test" tests="2" time="4.67" failures="0" skipped="0">
		<testcase name="placement_group_service_nemesis_test.TestDiskServiceCreateDeletePlacementGroup" time="3.35"/>
		<testcase name="placement_group_service_nemesis_test.TestDiskServiceCreatePartitionPlacementGroup" time="1.32"/>
	</testsuite>
	<testsuite name="cloud/disk_manager/internal/pkg/facade/placement_group_service_test" tests="1" time="0.017605066299438477" failures="0" skipped="0">
		<testcase name="placement_group_service_test.go.gofmt" time="0.017605066299438477"/>
	</testsuite>
	<testsuite name="cloud/disk_manager/internal/pkg/facade/placement_group_service_test" tests="2" time="4.74" failures="0" skipped="0">
		<testcase name="placement_group_service_test.TestDiskServiceCreateDeletePlacementGroup" time="3.41"/>
		<testcase name="placement_group_service_test.TestDiskServiceCreatePartitionPlacementGroup" time="1.33"/>
	</testsuite>
	<testsuite name="cloud/disk_manager/internal/pkg/facade/private_service_nemesis_test" tests="7" time="401.18" failures="0" skipped="0">
		<testcase name="private_service_nemesis_test.TestPrivateServiceConfigurePool" time="8.94"/>
		<testcase name="private_service_nemesis_test.TestPrivateServiceDeletePool" time="24.42"/>
		<testcase name="private_service_nemesis_test.TestPrivateServiceListResources" time="0.33"/>
		<testcase name="private_service_nemesis_test.TestPrivateServiceOptimizeBaseDisks" time="51.56"/>
		<testcase name="private_service_nemesis_test.TestPrivateServiceRetireBaseDisks" time="59.73"/>
		<testcase name="private_service_nemesis_test.TestPrivateServiceRetireBaseDisksUsingBaseDiskAsSrc" time="254.85"/>
		<testcase name="private_service_nemesis_test.TestPrivateServiceScheduleBlankOperation" time="1.35"/>
	</testsuite>
	<testsuite name="cloud/disk_manager/internal/pkg/facade/private_service_test" tests="1" time="0.008109331130981445" failures="0" skipped="0">
		<testcase name="private_service_test.go.gofmt" time="0.008109331130981445"/>
	</testsuite>
	<testsuite name="cloud/disk_manager/internal/pkg/facade/private_service_test" tests="7" time="219.68" failures="0" skipped="0">
		<testcase name="private_service_test.TestPrivateServiceConfigurePool" time="7.68"/>
		<testcase name="private_service_test.TestPrivateServiceDeletePool" time="30.23"/>
		<testcase name="private_service_test.TestPrivateServiceListResources" time="0.35"/>
		<testcase name="private_service_test.TestPrivateServiceOptimizeBaseDisks" time="49.56"/>
		<testcase name="private_service_test.TestPrivateServiceRetireBaseDisks" time="47.77"/>
		<testcase name="private_service_test.TestPrivateServiceRetireBaseDisksUsingBaseDiskAsSrc" time="82.7"/>
		<testcase name="private_service_test.TestPrivateServiceScheduleBlankOperation" time="1.39"/>
	</testsuite>
	<testsuite name="cloud/disk_manager/internal/pkg/facade/snapshot_service_nemesis_test" tests="12" time="141.38" failures="0" skipped="0">
		<testcase name="snapshot_service_nemesis_test.TestSnapshotServiceCancelCreateSnapshotFromDisk" time="2.54"/>
		<testcase name="snapshot_service_nemesis_test.TestSnapshotServiceCreateIncrementalSnapshotAfterDeletionOfBaseSnapshot" time="27.31"/>
		<testcase name="snapshot_service_nemesis_test.TestSnapshotServiceCreateIncrementalSnapshotFromDisk" time="16.86"/>
		<testcase name="snapshot_service_nemesis_test.TestSnapshotServiceCreateIncrementalSnapshotFromSsdNonreplicatedDisk" time="25.73"/>
		<testcase name="snapshot_service_nemesis_test.TestSnapshotServiceCreateIncrementalSnapshotWhileDeletingBaseSnapshot" time="13.3"/>
		<testcase name="snapshot_service_nemesis_test.TestSnapshotServiceCreateSnapshotFromDisk" time="9.68"/>
		<testcase name="snapshot_service_nemesis_test.TestSnapshotServiceCreateSnapshotFromHddNonreplicatedDisk" time="8.42"/>
		<testcase name="snapshot_service_nemesis_test.TestSnapshotServiceCreateSnapshotFromLargeDisk" time="5.63"/>
		<testcase name="snapshot_service_nemesis_test.TestSnapshotServiceCreateSnapshotFromSsdNonreplicatedDisk" time="9.4"/>
		<testcase name="snapshot_service_nemesis_test.TestSnapshotServiceDeleteIncrementalSnapshotWhileCreating" time="10.62"/>
		<testcase name="snapshot_service_nemesis_test.TestSnapshotServiceDeleteSnapshot" time="6.36"/>
		<testcase name="snapshot_service_nemesis_test.TestSnapshotServiceDeleteSnapshotWhenCreationIsInFlight" time="5.53"/>
	</testsuite>
	<testsuite name="cloud/disk_manager/internal/pkg/facade/snapshot_service_test" tests="1" time="0.025933027267456055" failures="0" skipped="0">
		<testcase name="snapshot_service_test.go.gofmt" time="0.025933027267456055"/>
	</testsuite>
	<testsuite name="cloud/disk_manager/internal/pkg/facade/snapshot_service_test" tests="12" time="130.44" failures="0" skipped="0">
		<testcase name="snapshot_service_test.TestSnapshotServiceCancelCreateSnapshotFromDisk" time="1.43"/>
		<testcase name="snapshot_service_test.TestSnapshotServiceCreateIncrementalSnapshotAfterDeletionOfBaseSnapshot" time="15.8"/>
		<testcase name="snapshot_service_test.TestSnapshotServiceCreateIncrementalSnapshotFromDisk" time="13.41"/>
		<testcase name="snapshot_service_test.TestSnapshotServiceCreateIncrementalSnapshotFromSsdNonreplicatedDisk" time="26.04"/>
		<testcase name="snapshot_service_test.TestSnapshotServiceCreateIncrementalSnapshotWhileDeletingBaseSnapshot" time="15.28"/>
		<testcase name="snapshot_service_test.TestSnapshotServiceCreateSnapshotFromDisk" time="6.6"/>
		<testcase name="snapshot_service_test.TestSnapshotServiceCreateSnapshotFromHddNonreplicatedDisk" time="9.42"/>
		<testcase name="snapshot_service_test.TestSnapshotServiceCreateSnapshotFromLargeDisk" time="8.66"/>
		<testcase name="snapshot_service_test.TestSnapshotServiceCreateSnapshotFromSsdNonreplicatedDisk" time="9.45"/>
		<testcase name="snapshot_service_test.TestSnapshotServiceDeleteIncrementalSnapshotWhileCreating" time="12.64"/>
		<testcase name="snapshot_service_test.TestSnapshotServiceDeleteSnapshot" time="7.35"/>
		<testcase name="snapshot_service_test.TestSnapshotServiceDeleteSnapshotWhenCreationIsInFlight" time="4.36"/>
	</testsuite>
	<testsuite name="cloud/disk_manager/internal/pkg/facade/testcommon" tests="1" time="0.008789777755737305" failures="0" skipped="0">
		<testcase name="common.go.gofmt" time="0.008789777755737305"/>
	</testsuite>
	<testsuite name="cloud/disk_manager/internal/pkg/facade" tests="8" time="0.07587099075317383" failures="0" skipped="0">
		<testcase name="disk_service.go.gofmt" time="0.011820793151855469"/>
		<testcase name="filesystem_service.go.gofmt" time="0.005095720291137695"/>
		<testcase name="image_service.go.gofmt" time="0.0040094852447509766"/>
		<testcase name="interceptor.go.gofmt" time="0.011535406112670898"/>
		<testcase name="operation_service.go.gofmt" time="0.015550374984741211"/>
		<testcase name="placement_group_service.go.gofmt" time="0.008248329162597656"/>
		<testcase name="private_service.go.gofmt" time="0.012547016143798828"/>
		<testcase name="snapshot_service.go.gofmt" time="0.007063865661621094"/>
	</testsuite>
	<testsuite name="cloud/disk_manager/internal/pkg/headers" tests="1" time="0.004192352294921875" failures="0" skipped="0">
		<testcase name="headers.go.gofmt" time="0.004192352294921875"/>
	</testsuite>
	<testsuite name="cloud/disk_manager/internal/pkg/monitoring/metrics" tests="3" time="0.012153387069702148" failures="0" skipped="0">
		<testcase name="buckets.go.gofmt" time="0.004141807556152344"/>
		<testcase name="empty.go.gofmt" time="0.004056215286254883"/>
		<testcase name="interface.go.gofmt" time="0.003955364227294922"/>
	</testsuite>
	<testsuite name="cloud/disk_manager/internal/pkg/monitoring" tests="1" time="0.006776332855224609" failures="0" skipped="0">
		<testcase name="monitoring.go.gofmt" time="0.006776332855224609"/>
	</testsuite>
	<testsuite name="cloud/disk_manager/internal/pkg/performance" tests="1" time="0.016342878341674805" failures="0" skipped="0">
		<testcase name="performance.go.gofmt" time="0.016342878341674805"/>
	</testsuite>
	<testsuite name="cloud/disk_manager/internal/pkg/resources/mocks" tests="1" time="0.02780914306640625" failures="0" skipped="0">
		<testcase name="storage_mock.go.gofmt" time="0.02780914306640625"/>
	</testsuite>
	<testsuite name="cloud/disk_manager/internal/pkg/resources/tests" tests="32" time="19.110000000000003" failures="0" skipped="0">
		<testcase name="tests.TestDisksCreateDisk" time="0.66"/>
		<testcase name="tests.TestDisksDeleteDisk" time="0.56"/>
		<testcase name="tests.TestDisksDeleteNonexistentDisk" time="0.53"/>
		<testcase name="tests.TestDisksClearDeletedDisks" time="0.66"/>
		<testcase name="tests.TestDisksGetDisk" time="0.55"/>
		<testcase name="tests.TestDiskScanned" time="0.56"/>
		<testcase name="tests.TestDiskRelocated" time="0.49"/>
		<testcase name="tests.TestFilesystemsCreateFilesystem" time="0.45"/>
		<testcase name="tests.TestFilesystemsDeleteFilesystem" time="0.56"/>
		<testcase name="tests.TestFilesystemsDeleteNonexistentFilesystem" time="0.54"/>
		<testcase name="tests.TestFilesystemsClearDeletedFilesystems" time="0.63"/>
		<testcase name="tests.TestFilesystemsGetFilesystem" time="0.47"/>
		<testcase name="tests.TestImagesCreateImage" time="0.54"/>
		<testcase name="tests.TestImagesDeleteImage" time="0.63"/>
		<testcase name="tests.TestImagesDeleteNonexistentImage" time="0.82"/>
		<testcase name="tests.TestImagesClearDeletedImages" time="0.81"/>
		<testcase name="tests.TestImagesCreateImageShouldFailIfSnapshotAlreadyExists" time="0.59"/>
		<testcase name="tests.TestImagesDeleteImageShouldFailIfSnapshotAlreadyExists" time="0.6"/>
		<testcase name="tests.TestImagesGetImage" time="0.52"/>
		<testcase name="tests.TestPlacementGroupsCreatePlacementGroup" time="0.48"/>
		<testcase name="tests.TestPlacementGroupsDeletePlacementGroup" time="0.53"/>
		<testcase name="tests.TestPlacementGroupsDeleteNonexistentPlacementGroup" time="0.5"/>
		<testcase name="tests.TestPlacementGroupsClearDeletedPlacementGroups" time="0.63"/>
		<testcase name="tests.TestPlacementGroupsGetPlacementGroup" time="0.45"/>
		<testcase name="tests.TestSnapshotsCreateSnapshot" time="0.6"/>
		<testcase name="tests.TestSnapshotsDeleteSnapshot" time="0.73"/>
		<testcase name="tests.TestSnapshotsDeleteNonexistentSnapshot" time="0.63"/>
		<testcase name="tests.TestSnapshotsClearDeletedSnapshots" time="0.76"/>
		<testcase name="tests.TestSnapshotsCreateIncrementalSnapshot" time="0.91"/>
		<testcase name="tests.TestSnapshotsCreateSnapshotShouldFailIfImageAlreadyExists" time="0.6"/>
		<testcase name="tests.TestSnapshotsDeleteSnapshotShouldFailIfImageAlreadyExists" time="0.59"/>
		<testcase name="tests.TestSnapshotsGetSnapshot" time="0.53"/>
	</testsuite>
	<testsuite name="cloud/disk_manager/internal/pkg/resources" tests="13" time="0.11801409721374512" failures="0" skipped="0">
		<testcase name="common.go.gofmt" time="0.020924806594848633"/>
		<testcase name="common_test.go.gofmt" time="0.004680156707763672"/>
		<testcase name="disks.go.gofmt" time="0.01135563850402832"/>
		<testcase name="disks_test.go.gofmt" time="0.007407426834106445"/>
		<testcase name="filesystems.go.gofmt" time="0.010023832321166992"/>
		<testcase name="filesystems_test.go.gofmt" time="0.006150960922241211"/>
		<testcase name="images.go.gofmt" time="0.009769439697265625"/>
		<testcase name="images_test.go.gofmt" time="0.0062749385833740234"/>
		<testcase name="placement_groups.go.gofmt" time="0.010463714599609375"/>
		<testcase name="placement_groups_test.go.gofmt" time="0.00616455078125"/>
		<testcase name="snapshots.go.gofmt" time="0.011312246322631836"/>
		<testcase name="snapshots_test.go.gofmt" time="0.007483959197998047"/>
		<testcase name="storage.go.gofmt" time="0.0060024261474609375"/>
	</testsuite>
	<testsuite name="cloud/disk_manager/internal/pkg/services/disks/mocks" tests="1" time="0.004351377487182617" failures="0" skipped="0">
		<testcase name="service_mock.go.gofmt" time="0.004351377487182617"/>
	</testsuite>
	<testsuite name="cloud/disk_manager/internal/pkg/services/disks/tests" tests="13" time="0.0" failures="0" skipped="0">
		<testcase name="tests.TestCreateEmptyDiskTask" time="0.0"/>
		<testcase name="tests.TestCreateEmptyDiskTaskFailure" time="0.0"/>
		<testcase name="tests.TestCancelCreateEmptyDiskTask" time="0.0"/>
		<testcase name="tests.TestCancelCreateEmptyDiskTaskFailure" time="0.0"/>
		<testcase name="tests.TestCreateOverlayDiskTask" time="0.0"/>
		<testcase name="tests.TestCreateOverlayDiskTaskFailureWhenAcquireReturnsEmptyBaseDiskId" time="0.0"/>
		<testcase name="tests.TestCreateOverlayDiskTaskFailureWhenAcquireReturnsEmptyBaseDiskCheckpointId" time="0.0"/>
		<testcase name="tests.TestCancelCreateOverlayDiskTask" time="0.0"/>
		<testcase name="tests.TestDeleteDiskTaskRun" time="0.0"/>
		<testcase name="tests.TestDeleteDiskSyncTaskRun" time="0.0"/>
		<testcase name="tests.TestDeleteDiskTaskRunWithDiskCreatedFromImage" time="0.0"/>
		<testcase name="tests.TestDeleteDiskTaskCancel" time="0.0"/>
		<testcase name="tests.TestMigrateDiskTaskProgress" time="0.0"/>
	</testsuite>
	<testsuite name="cloud/disk_manager/internal/pkg/services/disks" tests="18" time="0.13461995124816895" failures="0" skipped="0">
		<testcase name="alter_disk_task.go.gofmt" time="0.00890803337097168"/>
		<testcase name="assign_disk_task.go.gofmt" time="0.0053899288177490234"/>
		<testcase name="clear_deleted_disks_task.go.gofmt" time="0.017478466033935547"/>
		<testcase name="create_disk_from_image_task.go.gofmt" time="0.014033794403076172"/>
		<testcase name="create_disk_from_snapshot_task.go.gofmt" time="0.0068683624267578125"/>
		<testcase name="create_empty_disk_task.go.gofmt" time="0.0089874267578125"/>
		<testcase name="create_empty_disk_task_test.go.gofmt" time="0.006284475326538086"/>
		<testcase name="create_overlay_disk_task.go.gofmt" time="0.004417896270751953"/>
		<testcase name="create_overlay_disk_task_test.go.gofmt" time="0.008132219314575195"/>
		<testcase name="delete_disk_task.go.gofmt" time="0.00569462776184082"/>
		<testcase name="delete_disk_task_test.go.gofmt" time="0.005896806716918945"/>
		<testcase name="interface.go.gofmt" time="0.0048809051513671875"/>
		<testcase name="migrate_disk_task.go.gofmt" time="0.0065076351165771484"/>
		<testcase name="migrate_disk_task_test.go.gofmt" time="0.005382061004638672"/>
		<testcase name="register.go.gofmt" time="0.006168842315673828"/>
		<testcase name="resize_disk_task.go.gofmt" time="0.005218982696533203"/>
		<testcase name="service.go.gofmt" time="0.009345531463623047"/>
		<testcase name="unassign_disk_task.go.gofmt" time="0.005023956298828125"/>
	</testsuite>
	<testsuite name="cloud/disk_manager/internal/pkg/services/errors" tests="1" time="0.005321979522705078" failures="0" skipped="0">
		<testcase name="errors.go.gofmt" time="0.005321979522705078"/>
	</testsuite>
	<testsuite name="cloud/disk_manager/internal/pkg/services/filesystem/mocks" tests="1" time="0.0046367645263671875" failures="0" skipped="0">
		<testcase name="service_mock.go.gofmt" time="0.0046367645263671875"/>
	</testsuite>
	<testsuite name="cloud/disk_manager/internal/pkg/services/filesystem/tests" tests="3" time="3.37" failures="0" skipped="0">
		<testcase name="tests.TestCreateDeleteFilesystem" time="1.42"/>
		<testcase name="tests.TestCreateResizeFilesystem" time="1.35"/>
		<testcase name="tests.TestDescribeModel" time="0.6"/>
	</testsuite>
	<testsuite name="cloud/disk_manager/internal/pkg/services/filesystem/tests" tests="1" time="0.03791642189025879" failures="0" skipped="0">
		<testcase name="filesystem_test.go.gofmt" time="0.03791642189025879"/>
	</testsuite>
	<testsuite name="cloud/disk_manager/internal/pkg/services/filesystem/ut" tests="5" time="0.0" failures="0" skipped="0">
		<testcase name="ut.TestCreateFilesystemTask" time="0.0"/>
		<testcase name="ut.TestCreateFilesystemTaskFailure" time="0.0"/>
		<testcase name="ut.TestCancelCreateFilesystemTask" time="0.0"/>
		<testcase name="ut.TestDeleteFilesystemTaskRun" time="0.0"/>
		<testcase name="ut.TestDeleteFilesystemTaskCancel" time="0.0"/>
	</testsuite>
	<testsuite name="cloud/disk_manager/internal/pkg/services/filesystem" tests="9" time="0.22726035118103027" failures="0" skipped="0">
		<testcase name="clear_deleted_filesystems_task.go.gofmt" time="0.021144628524780273"/>
		<testcase name="create_filesystem_task.go.gofmt" time="0.023653745651245117"/>
		<testcase name="create_filesystem_task_test.go.gofmt" time="0.037514686584472656"/>
		<testcase name="delete_filesystem_task.go.gofmt" time="0.03222060203552246"/>
		<testcase name="delete_filesystem_task_test.go.gofmt" time="0.026282310485839844"/>
		<testcase name="interface.go.gofmt" time="0.02006220817565918"/>
		<testcase name="register.go.gofmt" time="0.02020716667175293"/>
		<testcase name="resize_filesystem_task.go.gofmt" time="0.020444869995117188"/>
		<testcase name="service.go.gofmt" time="0.025730133056640625"/>
	</testsuite>
	<testsuite name="cloud/disk_manager/internal/pkg/services/images/mocks" tests="1" time="0.003886699676513672" failures="0" skipped="0">
		<testcase name="service_mock.go.gofmt" time="0.003886699676513672"/>
	</testsuite>
	<testsuite name="cloud/disk_manager/internal/pkg/services/images" tests="10" time="0.0535123348236084" failures="0" skipped="0">
		<testcase name="clear_deleted_images_task.go.gofmt" time="0.004494428634643555"/>
		<testcase name="common.go.gofmt" time="0.005294322967529297"/>
		<testcase name="create_image_from_disk_task.go.gofmt" time="0.005593538284301758"/>
		<testcase name="create_image_from_image_task.go.gofmt" time="0.006021738052368164"/>
		<testcase name="create_image_from_snapshot_task.go.gofmt" time="0.0059511661529541016"/>
		<testcase name="create_image_from_url_task.go.gofmt" time="0.005574703216552734"/>
		<testcase name="delete_image_task.go.gofmt" time="0.005465984344482422"/>
		<testcase name="interface.go.gofmt" time="0.004229068756103516"/>
		<testcase name="register.go.gofmt" time="0.005166053771972656"/>
		<testcase name="service.go.gofmt" time="0.005721330642700195"/>
	</testsuite>
	<testsuite name="cloud/disk_manager/internal/pkg/services/placementgroup/mocks" tests="1" time="0.004538059234619141" failures="0" skipped="0">
		<testcase name="service_mock.go.gofmt" time="0.004538059234619141"/>
	</testsuite>
	<testsuite name="cloud/disk_manager/internal/pkg/services/placementgroup" tests="7" time="0.0355987548828125" failures="0" skipped="0">
		<testcase name="alter_placement_group_membership_task.go.gofmt" time="0.005365133285522461"/>
		<testcase name="clear_deleted_placement_groups_task.go.gofmt" time="0.004302501678466797"/>
		<testcase name="create_placement_group_task.go.gofmt" time="0.005192995071411133"/>
		<testcase name="delete_placement_group_task.go.gofmt" time="0.005003929138183594"/>
		<testcase name="interface.go.gofmt" time="0.004960536956787109"/>
		<testcase name="register.go.gofmt" time="0.004822254180908203"/>
		<testcase name="service.go.gofmt" time="0.005951404571533203"/>
	</testsuite>
	<testsuite name="cloud/disk_manager/internal/pkg/services/pools/storage/mocks" tests="1" time="0.005532979965209961" failures="0" skipped="0">
		<testcase name="storage_mock.go.gofmt" time="0.005532979965209961"/>
	</testsuite>
	<testsuite name="cloud/disk_manager/internal/pkg/services/pools/storage/tests" tests="28" time="33.02" failures="0" skipped="0">
		<testcase name="tests.TestCommonGenerateBaseDiskForPool" time="0.0"/>
		<testcase name="tests.TestCommonFreeSlots" time="0.0"/>
		<testcase name="tests.TestCommonAcquireAndReleaseUnitsAndSlots" time="0.0"/>
		<testcase name="tests.TestStorageYDBReleaseNonExistent" time="0.6"/>
		<testcase name="tests.TestStorageYDBCreateBaseDisksPool" time="4.85"/>
		<testcase name="tests.TestStorageYDBPoolReusage1" time="0.87"/>
		<testcase name="tests.TestStorageYDBPoolReusage2" time="1.09"/>
		<testcase name="tests.TestStorageYDBDeletePool" time="0.79"/>
		<testcase name="tests.TestStorageYDBImageDeleting" time="0.95"/>
		<testcase name="tests.TestStorageYDBBaseDisksDeleted" time="0.94"/>
		<testcase name="tests.TestStorageYDBBaseDiskCreationFailed" time="0.79"/>
		<testcase name="tests.TestStorageYDBAcquireShouldUseBaseDiskAllocationUnits" time="1.63"/>
		<testcase name="tests.TestStorageYDBRebaseOverlayDisk1" time="0.87"/>
		<testcase name="tests.TestStorageYDBRebaseOverlayDisk2" time="0.85"/>
		<testcase name="tests.TestStorageYDBRelocateOverlayDisk" time="0.96"/>
		<testcase name="tests.TestStorageYDBRebaseOverlayDiskDuringRelocating" time="0.94"/>
		<testcase name="tests.TestStorageYDBRelocatingOverlayDiskAfterRelocatingToAnotherZone" time="1.1"/>
		<testcase name="tests.TestStorageYDBAbortOverlayDiskRebasing" time="0.92"/>
		<testcase name="tests.TestStorageYDBRetireBaseDisks" time="6.99"/>
		<testcase name="tests.TestStorageYDBBaseDiskShouldNotBeFreeAfterRetireStarted" time="0.95"/>
		<testcase name="tests.TestStorageYDBCreatePoolOnDemand" time="0.59"/>
		<testcase name="tests.TestStorageYDBCreatePoolWithImageSize" time="1.43"/>
		<testcase name="tests.TestStorageYDBRetireBaseDiskForPoolWithImageSize" time="0.81"/>
		<testcase name="tests.TestStorageYDBRetireBaseDiskForDeletedPool" time="0.87"/>
		<testcase name="tests.TestStorageYDBReleasingOneSlotShouldNotIncreaseSizeOfPoolIfBaseDiskIsStillUnfree" time="0.87"/>
		<testcase name="tests.TestStorageYDBReleaseSlotOnDeletedBaseDisk" time="0.87"/>
		<testcase name="tests.TestStorageYDBShouldSurviveBaseDisksInflightOverlimit" time="0.59"/>
		<testcase name="tests.TestStorageYDBDeletePoolWhenRetiringIsInFlight" time="0.9"/>
	</testsuite>
	<testsuite name="cloud/disk_manager/internal/pkg/services/pools/storage" tests="7" time="0.08061575889587402" failures="0" skipped="0">
		<testcase name="common.go.gofmt" time="0.018213748931884766"/>
		<testcase name="common_test.go.gofmt" time="0.005579948425292969"/>
		<testcase name="consistency_check.go.gofmt" time="0.0047490596771240234"/>
		<testcase name="storage.go.gofmt" time="0.005693197250366211"/>
		<testcase name="storage_ydb.go.gofmt" time="0.0064678192138671875"/>
		<testcase name="storage_ydb_impl.go.gofmt" time="0.021998882293701172"/>
		<testcase name="storage_ydb_test.go.gofmt" time="0.017913103103637695"/>
	</testsuite>
	<testsuite name="cloud/disk_manager/internal/pkg/services/pools/mocks" tests="1" time="0.005028247833251953" failures="0" skipped="0">
		<testcase name="service_mock.go.gofmt" time="0.005028247833251953"/>
	</testsuite>
	<testsuite name="cloud/disk_manager/internal/pkg/services/pools/tests" tests="7" time="0.01" failures="0" skipped="0">
		<testcase name="tests.TestAcquireBaseDiskTask" time="0.01"/>
		<testcase name="tests.TestAcquireBaseDiskTaskShouldWaitForBaseDiskCreated" time="0.0"/>
		<testcase name="tests.TestCancelAcquireBaseDiskTaskShouldReleaseBaseDisk" time="0.0"/>
		<testcase name="tests.TestConfigurePoolTaskImageNotReady" time="0.0"/>
		<testcase name="tests.TestOptimizeBaseDisksTask" time="0.0"/>
		<testcase name="tests.TestReleaseBaseDiskTaskRun" time="0.0"/>
		<testcase name="tests.TestReleaseBaseDiskTaskCancel" time="0.0"/>
	</testsuite>
	<testsuite name="cloud/disk_manager/internal/pkg/services/pools" tests="22" time="0.15807008743286133" failures="0" skipped="0">
		<testcase name="acquire_base_disk_task.go.gofmt" time="0.004915714263916016"/>
		<testcase name="acquire_base_disk_task_test.go.gofmt" time="0.009749650955200195"/>
		<testcase name="clear_deleted_base_disks_task.go.gofmt" time="0.016280412673950195"/>
		<testcase name="clear_released_slots_task.go.gofmt" time="0.004782199859619141"/>
		<testcase name="configure_pool_task.go.gofmt" time="0.004842281341552734"/>
		<testcase name="configure_pool_task_test.go.gofmt" time="0.004845142364501953"/>
		<testcase name="consts.go.gofmt" time="0.0049359798431396484"/>
		<testcase name="create_base_disk_task.go.gofmt" time="0.008553504943847656"/>
		<testcase name="delete_base_disks_task.go.gofmt" time="0.016780853271484375"/>
		<testcase name="delete_pool_task.go.gofmt" time="0.004672527313232422"/>
		<testcase name="image_deleting_task.go.gofmt" time="0.005723714828491211"/>
		<testcase name="interface.go.gofmt" time="0.005020856857299805"/>
		<testcase name="optimize_base_disks_task.go.gofmt" time="0.006170034408569336"/>
		<testcase name="optimize_base_disks_task_test.go.gofmt" time="0.006680727005004883"/>
		<testcase name="rebase_overlay_disk_task.go.gofmt" time="0.0053348541259765625"/>
		<testcase name="register.go.gofmt" time="0.006548881530761719"/>
		<testcase name="release_base_disk_task.go.gofmt" time="0.004813432693481445"/>
		<testcase name="release_base_disk_task_test.go.gofmt" time="0.008751153945922852"/>
		<testcase name="retire_base_disk_task.go.gofmt" time="0.005934476852416992"/>
		<testcase name="retire_base_disks_task.go.gofmt" time="0.006159782409667969"/>
		<testcase name="schedule_base_disks_task.go.gofmt" time="0.010409355163574219"/>
		<testcase name="service.go.gofmt" time="0.00616455078125"/>
	</testsuite>
	<testsuite name="cloud/disk_manager/internal/pkg/services/snapshots/mocks" tests="1" time="0.004367351531982422" failures="0" skipped="0">
		<testcase name="service_mock.go.gofmt" time="0.004367351531982422"/>
	</testsuite>
	<testsuite name="cloud/disk_manager/internal/pkg/services/snapshots" tests="6" time="0.09551405906677246" failures="0" skipped="0">
		<testcase name="clear_deleted_snapshots_task.go.gofmt" time="0.01897907257080078"/>
		<testcase name="create_snapshot_from_disk_task.go.gofmt" time="0.015786170959472656"/>
		<testcase name="delete_snapshot_task.go.gofmt" time="0.012430429458618164"/>
		<testcase name="interface.go.gofmt" time="0.016735553741455078"/>
		<testcase name="register.go.gofmt" time="0.016917705535888672"/>
		<testcase name="service.go.gofmt" time="0.01466512680053711"/>
	</testsuite>
	<testsuite name="cloud/disk_manager/internal/pkg/util" tests="2" time="0.02168416976928711" failures="0" skipped="0">
		<testcase name="json.go.gofmt" time="0.018106698989868164"/>
		<testcase name="proto.go.gofmt" time="0.0035774707794189453"/>
	</testsuite>
	<testsuite name="cloud/disk_manager/internal/pkg/health/tests" tests="4" time="0.0" failures="0" skipped="0">
		<testcase name="tests.TestFlapSuppressorDetectsFlickering" time="0.0"/>
		<testcase name="tests.TestFlapSuppressorDetectsStateChanges" time="0.0"/>
		<testcase name="tests.TestFlapSuppressorPreventsFlaps" time="0.0"/>
		<testcase name="tests.TestFlapSuppressorDetectsComplexFlaps" time="0.0"/>
	</testsuite>
	<testsuite name="cloud/disk_manager/internal/pkg/health" tests="7" time="0.09214282035827637" failures="0" skipped="0">
		<testcase name="boot_disk.go.gofmt" time="0.004486799240112305"/>
		<testcase name="flap_suppressor.go.gofmt" time="0.018588542938232422"/>
		<testcase name="flap_suppressor_test.go.gofmt" time="0.013689994812011719"/>
		<testcase name="health.go.gofmt" time="0.013695240020751953"/>
		<testcase name="nbs.go.gofmt" time="0.01091456413269043"/>
		<testcase name="s3.go.gofmt" time="0.014873504638671875"/>
		<testcase name="ydb.go.gofmt" time="0.015894174575805664"/>
	</testsuite>
	<testsuite name="cloud/disk_manager/pkg/admin" tests="10" time="0.06980752944946289" failures="0" skipped="0">
		<testcase name="common.go.gofmt" time="0.005152463912963867"/>
		<testcase name="disks.go.gofmt" time="0.008234500885009766"/>
		<testcase name="filesystem.go.gofmt" time="0.005987882614135742"/>
		<testcase name="images.go.gofmt" time="0.007836341857910156"/>
		<testcase name="operations.go.gofmt" time="0.0048062801361083984"/>
		<testcase name="placement_group.go.gofmt" time="0.00783395767211914"/>
		<testcase name="private.go.gofmt" time="0.007040739059448242"/>
		<testcase name="run.go.gofmt" time="0.004937648773193359"/>
		<testcase name="snapshots.go.gofmt" time="0.006127357482910156"/>
		<testcase name="tasks.go.gofmt" time="0.011850357055664062"/>
	</testsuite>
	<testsuite name="cloud/disk_manager/pkg/app" tests="3" time="0.022433757781982422" failures="0" skipped="0">
		<testcase name="controlplane.go.gofmt" time="0.007844209671020508"/>
		<testcase name="dataplane.go.gofmt" time="0.008573770523071289"/>
		<testcase name="run.go.gofmt" time="0.006015777587890625"/>
	</testsuite>
	<testsuite name="cloud/disk_manager/pkg/auth" tests="1" time="0.026659488677978516" failures="0" skipped="0">
		<testcase name="auth.go.gofmt" time="0.026659488677978516"/>
	</testsuite>
	<testsuite name="cloud/disk_manager/pkg/client/codes" tests="1" time="0.006859540939331055" failures="0" skipped="0">
		<testcase name="codes.go.gofmt" time="0.006859540939331055"/>
	</testsuite>
	<testsuite name="cloud/disk_manager/pkg/client" tests="2" time="0.010930061340332031" failures="0" skipped="0">
		<testcase name="client.go.gofmt" time="0.00589442253112793"/>
		<testcase name="interface.go.gofmt" time="0.0050356388092041016"/>
	</testsuite>
	<testsuite name="cloud/disk_manager/pkg/schema" tests="3" time="0.014124393463134766" failures="0" skipped="0">
		<testcase name="controlplane.go.gofmt" time="0.004058837890625"/>
		<testcase name="create.go.gofmt" time="0.005095720291137695"/>
		<testcase name="dataplane.go.gofmt" time="0.00496983528137207"/>
	</testsuite>
	<testsuite name="cloud/disk_manager/test/acceptance/test_runner/lib/ut" tests="1" time="0.04985707800005912" failures="0" skipped="0">
		<testcase name="test.py.test_create_ycp" time="0.04985707800005912"/>
	</testsuite>
	<testsuite name="cloud/disk_manager/test/acceptance/test_runner/lib/ut" tests="1" time="0.0" failures="0" skipped="0">
		<testcase name="test.py.flake8" time="0.0"/>
	</testsuite>
	<testsuite name="cloud/disk_manager/test/acceptance/test_runner/lib" tests="6" time="0.0" failures="0" skipped="0">
		<testcase name="__init__.py.flake8" time="0.0"/>
		<testcase name="disk_policy.py.flake8" time="0.0"/>
		<testcase name="errors.py.flake8" time="0.0"/>
		<testcase name="helpers.py.flake8" time="0.0"/>
		<testcase name="instance_policy.py.flake8" time="0.0"/>
		<testcase name="test_cases.py.flake8" time="0.0"/>
	</testsuite>
	<testsuite name="cloud/disk_manager/test/acceptance/test_runner" tests="6" time="0.0" failures="0" skipped="0">
		<testcase name="__main__.py.flake8" time="0.0"/>
		<testcase name="acceptance_test_runner.py.flake8" time="0.0"/>
		<testcase name="base_acceptance_test_runner.py.flake8" time="0.0"/>
		<testcase name="eternal_acceptance_test_runner.py.flake8" time="0.0"/>
		<testcase name="main.py.flake8" time="0.0"/>
		<testcase name="sync_acceptance_test_runner.py.flake8" time="0.0"/>
	</testsuite>
	<testsuite name="cloud/disk_manager/test/acceptance" tests="2" time="0.012997627258300781" failures="0" skipped="0">
		<testcase name="main.go.gofmt" time="0.008485555648803711"/>
		<testcase name="ycp.go.gofmt" time="0.00451207160949707"/>
	</testsuite>
	<testsuite name="cloud/disk_manager/test/images/recipe" tests="3" time="0.0" failures="0" skipped="0">
		<testcase name="__main__.py.flake8" time="0.0"/>
		<testcase name="image_file_server_launcher.py.flake8" time="0.0"/>
		<testcase name="vmdk_image_generator.py.flake8" time="0.0"/>
	</testsuite>
	<testsuite name="cloud/disk_manager/test/images/server" tests="1" time="0.006735086441040039" failures="0" skipped="0">
		<testcase name="main.go.gofmt" time="0.006735086441040039"/>
	</testsuite>
	<testsuite name="cloud/disk_manager/test/images/qcow2generator" tests="1" time="0.010949134826660156" failures="0" skipped="0">
		<testcase name="main.go.gofmt" time="0.010949134826660156"/>
	</testsuite>
	<testsuite name="cloud/disk_manager/test/mocks/compute" tests="1" time="0.00511932373046875" failures="0" skipped="0">
		<testcase name="main.go.gofmt" time="0.00511932373046875"/>
	</testsuite>
	<testsuite name="cloud/disk_manager/test/mocks/kms" tests="1" time="0.060715436935424805" failures="0" skipped="0">
		<testcase name="main.go.gofmt" time="0.060715436935424805"/>
	</testsuite>
	<testsuite name="cloud/disk_manager/test/mocks/metadata" tests="1" time="0.005487918853759766" failures="0" skipped="0">
		<testcase name="main.go.gofmt" time="0.005487918853759766"/>
	</testsuite>
	<testsuite name="cloud/disk_manager/test/recipe" tests="9" time="0.0" failures="0" skipped="0">
		<testcase name="__main__.py.flake8" time="0.0"/>
		<testcase name="compute_launcher.py.flake8" time="0.0"/>
		<testcase name="disk_manager_launcher.py.flake8" time="0.0"/>
		<testcase name="kms_launcher.py.flake8" time="0.0"/>
		<testcase name="metadata_service_launcher.py.flake8" time="0.0"/>
		<testcase name="nbs_launcher.py.flake8" time="0.0"/>
		<testcase name="nfs_launcher.py.flake8" time="0.0"/>
		<testcase name="s3_launcher.py.flake8" time="0.0"/>
		<testcase name="ydb_launcher.py.flake8" time="0.0"/>
	</testsuite>
	<testsuite name="cloud/tasks/common" tests="2" time="0.010773181915283203" failures="0" skipped="0">
		<testcase name="marshal.go.gofmt" time="0.005088329315185547"/>
		<testcase name="util.go.gofmt" time="0.005684852600097656"/>
	</testsuite>
	<testsuite name="cloud/tasks/errors/tests" tests="9" time="0.0" failures="0" skipped="0">
		<testcase name="tests.TestRetriableAndNonRetriableErrorsShouldUnwrapCorrectly" time="0.0"/>
		<testcase name="tests.TestFoundErrorShouldUnwrapCorrectly" time="0.0"/>
		<testcase name="tests.TestObtainDetailsFromDetailedError" time="0.0"/>
		<testcase name="tests.TestCanRetry" time="0.0"/>
		<testcase name="tests.TestNonRetriableErrorSilent" time="0.0"/>
		<testcase name="tests.TestNonRetriableErrorSilentUnwrapsCorrectly" time="0.0"/>
		<testcase name="tests.TestRetriableErrorIgnoreRetryLimitUnwrapsCorrectly" time="0.0"/>
		<testcase name="tests.TestSimpleErrorUnwrapsCorrectly" time="0.0"/>
		<testcase name="tests.TestReraisePanicError" time="0.0"/>
	</testsuite>
	<testsuite name="cloud/tasks/errors" tests="2" time="0.01568436622619629" failures="0" skipped="0">
		<testcase name="errors.go.gofmt" time="0.008134126663208008"/>
		<testcase name="errors_test.go.gofmt" time="0.007550239562988281"/>
	</testsuite>
	<testsuite name="cloud/tasks/headers" tests="1" time="0.014109373092651367" failures="0" skipped="0">
		<testcase name="headers.go.gofmt" time="0.014109373092651367"/>
	</testsuite>
	<testsuite name="cloud/tasks/logging/journald_tests" tests="7" time="1.06" failures="0" skipped="0">
		<testcase name="journald_tests.TestLogTrace" time="0.0"/>
		<testcase name="journald_tests.TestLogDebug" time="0.0"/>
		<testcase name="journald_tests.TestLogInfo" time="0.0"/>
		<testcase name="journald_tests.TestLogWarn" time="0.0"/>
		<testcase name="journald_tests.TestLogError" time="0.0"/>
		<testcase name="journald_tests.TestLogFatal" time="0.0"/>
		<testcase name="journald_tests.TestJournaldLogInfo" time="1.06"/>
	</testsuite>
	<testsuite name="cloud/tasks/logging" tests="6" time="0.03219437599182129" failures="0" skipped="0">
		<testcase name="fields.go.gofmt" time="0.0047299861907958984"/>
		<testcase name="interface.go.gofmt" time="0.004876852035522461"/>
		<testcase name="journald_logger.go.gofmt" time="0.006068229675292969"/>
		<testcase name="logger.go.gofmt" time="0.004594087600708008"/>
		<testcase name="logger_test.go.gofmt" time="0.007696628570556641"/>
		<testcase name="stderr_logger.go.gofmt" time="0.0042285919189453125"/>
	</testsuite>
	<testsuite name="cloud/tasks/logging/journald_tests" tests="1" time="0.010243415832519531" failures="0" skipped="0">
		<testcase name="journald_logger_test.go.gofmt" time="0.010243415832519531"/>
	</testsuite>
	<testsuite name="cloud/tasks/logging/tests" tests="6" time="0.0" failures="0" skipped="0">
		<testcase name="tests.TestLogTrace" time="0.0"/>
		<testcase name="tests.TestLogDebug" time="0.0"/>
		<testcase name="tests.TestLogInfo" time="0.0"/>
		<testcase name="tests.TestLogWarn" time="0.0"/>
		<testcase name="tests.TestLogError" time="0.0"/>
		<testcase name="tests.TestLogFatal" time="0.0"/>
	</testsuite>
	<testsuite name="cloud/tasks/persistence/tests" tests="6" time="0.67" failures="0" skipped="0">
		<testcase name="tests.TestYDBCreateTableV1" time="0.23"/>
		<testcase name="tests.TestYDBCreateTableV1Twice" time="0.12"/>
		<testcase name="tests.TestYDBMigrateTableV1ToTableV2" time="0.11"/>
		<testcase name="tests.TestYDBUseV1InV2" time="0.11"/>
		<testcase name="tests.TestYDBFailMigrationChangingType" time="0.05"/>
		<testcase name="tests.TestYDBFailMigrationChangingPrimaryKey" time="0.05"/>
	</testsuite>
	<testsuite name="cloud/tasks/persistence" tests="6" time="0.037544965744018555" failures="0" skipped="0">
		<testcase name="s3.go.gofmt" time="0.0059015750885009766"/>
		<testcase name="s3_metrics.go.gofmt" time="0.004754543304443359"/>
		<testcase name="ydb.go.gofmt" time="0.009806632995605469"/>
		<testcase name="ydb_logger.go.gofmt" time="0.004230499267578125"/>
		<testcase name="ydb_metrics.go.gofmt" time="0.005476713180541992"/>
		<testcase name="ydb_test.go.gofmt" time="0.007375001907348633"/>
	</testsuite>
	<testsuite name="cloud/tasks/storage/mocks" tests="1" time="0.006964683532714844" failures="0" skipped="0">
		<testcase name="storage_mock.go.gofmt" time="0.006964683532714844"/>
	</testsuite>
	<testsuite name="cloud/tasks/storage/tests" tests="46" time="32.74000000000001" failures="0" skipped="0">
		<testcase name="tests.TestStorageYDBCreateTask" time="0.68"/>
		<testcase name="tests.TestStorageYDBCreateTaskIgnoresID" time="0.53"/>
		<testcase name="tests.TestStorageYDBCreateTwoTasks" time="0.58"/>
		<testcase name="tests.TestStorageYDBCreateTwoTasksWithDifferentIdempotencyIDs" time="0.61"/>
		<testcase name="tests.TestStorageYDBCreateTwoTasksWithTheSameIdempotencyID" time="0.48"/>
		<testcase name="tests.TestStorageYDBGetTask" time="0.49"/>
		<testcase name="tests.TestStorageYDBGetTaskWithDependencies" time="0.58"/>
		<testcase name="tests.TestStorageYDBGetTaskMissing" time="0.27"/>
		<testcase name="tests.TestStorageYDBListTasksReadyToRun" time="1.23"/>
		<testcase name="tests.TestStorageYDBListTasksReadyToCancel" time="1.35"/>
		<testcase name="tests.TestStorageYDBListTasksRunning" time="0.98"/>
		<testcase name="tests.TestStorageYDBListTasksCancelling" time="1.04"/>
		<testcase name="tests.TestStorageYDBListFailedTasks" time="0.87"/>
		<testcase name="tests.TestStorageYDBListSlowTasks" time="1.38"/>
		<testcase name="tests.TestStorageYDBListTasksStallingWhileRunning" time="1.1"/>
		<testcase name="tests.TestStorageYDBListTasksStallingWhileCancelling" time="1.1"/>
		<testcase name="tests.TestStorageYDBListTasksReadyToRunWithWhitelist" time="0.57"/>
		<testcase name="tests.TestStorageYDBListTasksReadyToCancelWithWhitelist" time="0.56"/>
		<testcase name="tests.TestStorageYDBListTasksStallingWhileRunningWithWhitelist" time="0.55"/>
		<testcase name="tests.TestStorageYDBListTasksStallingWhileCancellingWithWhitelist" time="0.57"/>
		<testcase name="tests.TestStorageYDBListTasksReadyToRunInCertainZone" time="0.58"/>
		<testcase name="tests.TestStorageYDBListTasksReadyToCancelInCertainZone" time="0.73"/>
		<testcase name="tests.TestStorageYDBListTasksStallingWhileRunningInCertainZone" time="0.69"/>
		<testcase name="tests.TestStorageYDBListTasksStallingWhileCancellingInCertainZone" time="0.63"/>
		<testcase name="tests.TestStorageYDBLockTaskToRun" time="0.62"/>
		<testcase name="tests.TestStorageYDBLockTaskToRunWrongGeneration" time="0.59"/>
		<testcase name="tests.TestStorageYDBLockTaskToRunWrongState" time="0.6"/>
		<testcase name="tests.TestStorageYDBLockTaskToCancel" time="0.69"/>
		<testcase name="tests.TestStorageYDBLockTaskToCancelWrongGeneration" time="0.52"/>
		<testcase name="tests.TestStorageYDBLockTaskToCancelWrongState" time="0.53"/>
		<testcase name="tests.TestStorageYDBMarkForCancellation" time="0.58"/>
		<testcase name="tests.TestStorageYDBMarkForCancellationAlready" time="0.65"/>
		<testcase name="tests.TestStorageYDBMarkForCancellationFinished" time="0.7"/>
		<testcase name="tests.TestStorageYDBUpdateTask" time="0.77"/>
		<testcase name="tests.TestStorageYDBUpdateTaskStatus" time="0.64"/>
		<testcase name="tests.TestStorageYDBUpdateTaskWrongGeneration" time="0.6"/>
		<testcase name="tests.TestStorageYDBLockInParallel" time="0.77"/>
		<testcase name="tests.TestStorageYDBMarkForCancellationInParallel" time="0.78"/>
		<testcase name="tests.TestStorageYDBLockAlreadyCancellingTask" time="0.65"/>
		<testcase name="tests.TestStorageYDBCheckStallingTimeout" time="1.61"/>
		<testcase name="tests.TestStorageYDBCreateRegularTasks" time="0.68"/>
		<testcase name="tests.TestStorageYDBClearEndedTasks" time="0.91"/>
		<testcase name="tests.TestStorageYDBPauseResumeTask" time="0.65"/>
		<testcase name="tests.TestHeartbeat" time="0.33"/>
		<testcase name="tests.TestMultipleHeartbeats" time="0.34"/>
		<testcase name="tests.TestGetAliveNodes" time="0.38"/>
	</testsuite>
	<testsuite name="cloud/tasks/storage" tests="8" time="0.1127769947052002" failures="0" skipped="0">
		<testcase name="common.go.gofmt" time="0.00989389419555664"/>
		<testcase name="compound_storage.go.gofmt" time="0.008977413177490234"/>
		<testcase name="metrics.go.gofmt" time="0.005761384963989258"/>
		<testcase name="node.go.gofmt" time="0.006026744842529297"/>
		<testcase name="storage.go.gofmt" time="0.006968259811401367"/>
		<testcase name="storage_ydb.go.gofmt" time="0.009187698364257812"/>
		<testcase name="storage_ydb_impl.go.gofmt" time="0.019734859466552734"/>
		<testcase name="storage_ydb_test.go.gofmt" time="0.04622673988342285"/>
	</testsuite>
	<testsuite name="cloud/tasks/acceptance_tests/recipe/init-db" tests="1" time="0.005260467529296875" failures="0" skipped="0">
		<testcase name="main.go.gofmt" time="0.005260467529296875"/>
	</testsuite>
	<testsuite name="cloud/tasks/acceptance_tests/recipe/node" tests="1" time="0.013657331466674805" failures="0" skipped="0">
		<testcase name="main.go.gofmt" time="0.013657331466674805"/>
	</testsuite>
	<testsuite name="cloud/tasks/acceptance_tests/recipe/tasks" tests="2" time="0.009804964065551758" failures="0" skipped="0">
		<testcase name="chain_task.go.gofmt" time="0.005031108856201172"/>
		<testcase name="panic_task.go.gofmt" time="0.004773855209350586"/>
	</testsuite>
	<testsuite name="cloud/tasks/acceptance_tests/recipe" tests="2" time="0.0" failures="0" skipped="0">
		<testcase name="__main__.py.flake8" time="0.0"/>
		<testcase name="node_launcher.py.flake8" time="0.0"/>
	</testsuite>
	<testsuite name="cloud/tasks/acceptance_tests" tests="3" time="316.44" failures="0" skipped="0">
		<testcase name="acceptance_tests.TestTasksAcceptanceRunChains" time="137.29"/>
		<testcase name="acceptance_tests.TestTasksAcceptanceCancelChains" time="80.56"/>
		<testcase name="acceptance_tests.TestTasksAcceptanceHandlePanic" time="98.59"/>
	</testsuite>
	<testsuite name="cloud/tasks/acceptance_tests" tests="1" time="0.006381511688232422" failures="0" skipped="0">
		<testcase name="tasks_acceptance_test.go.gofmt" time="0.006381511688232422"/>
	</testsuite>
	<testsuite name="cloud/tasks/metrics/mocks" tests="1" time="0.01982736587524414" failures="0" skipped="0">
		<testcase name="metrics_mock.go.gofmt" time="0.01982736587524414"/>
	</testsuite>
	<testsuite name="cloud/tasks/metrics" tests="1" time="0.006216526031494141" failures="0" skipped="0">
		<testcase name="metrics.go.gofmt" time="0.006216526031494141"/>
	</testsuite>
	<testsuite name="cloud/tasks/mocks" tests="2" time="0.00960230827331543" failures="0" skipped="0">
		<testcase name="execution_context_mock.go.gofmt" time="0.004655122756958008"/>
		<testcase name="scheduler_mock.go.gofmt" time="0.004947185516357422"/>
	</testsuite>
	<testsuite name="cloud/tasks/tasks_tests" tests="15" time="34.07" failures="0" skipped="0">
		<testcase name="tasks_tests.TestTasksInitInfra" time="0.44"/>
		<testcase name="tasks_tests.TestTasksRunningOneTask" time="0.81"/>
		<testcase name="tasks_tests.TestTasksRunningLimit" time="4.56"/>
		<testcase name="tasks_tests.TestTasksSendEvent" time="0.65"/>
		<testcase name="tasks_tests.TestTasksShouldNotRunTasksThatWereNotRegisteredForExecution" time="10.87"/>
		<testcase name="tasks_tests.TestTasksShouldRestoreRunningAfterRetriableError" time="3.22"/>
		<testcase name="tasks_tests.TestTasksShouldFailRunningAfterRetriableErrorCountExceeded" time="3.54"/>
		<testcase name="tasks_tests.TestTasksShouldNotRestoreRunningAfterNonRetriableError" time="1.13"/>
		<testcase name="tasks_tests.TestTasksRunningTwoConcurrentTasks" time="0.96"/>
		<testcase name="tasks_tests.TestTasksRunningTwoConcurrentTasksReverseWaiting" time="1.21"/>
		<testcase name="tasks_tests.TestTasksRunningTwoConcurrentTasksOnTwoRunners" time="0.97"/>
		<testcase name="tasks_tests.TestTasksRunningTwoConcurrentTasksOnTwoRunnersReverseWaiting" time="1.01"/>
		<testcase name="tasks_tests.TestTasksRunningDependentTask" time="1.76"/>
		<testcase name="tasks_tests.TestTasksRunningDependentTaskOnTwoRunners" time="1.04"/>
		<testcase name="tasks_tests.TestTasksRunningRegularTasks" time="1.9"/>
	</testsuite>
	<testsuite name="cloud/tasks/tasks_tests" tests="1" time="0.010682344436645508" failures="0" skipped="0">
		<testcase name="tasks_test.go.gofmt" time="0.010682344436645508"/>
	</testsuite>
	<testsuite name="cloud/tasks/test/common" tests="1" time="0.0" failures="0" skipped="0">
		<testcase name="processes.py.flake8" time="0.0"/>
	</testsuite>
	<testsuite name="cloud/tasks/test/nemesis" tests="1" time="0.01957535743713379" failures="0" skipped="0">
		<testcase name="main.go.gofmt" time="0.01957535743713379"/>
	</testsuite>
	<testsuite name="cloud/tasks/tests" tests="53" time="3.22" failures="0" skipped="0">
		<testcase name="tests.TestExecutionContextSaveState" time="0.01"/>
		<testcase name="tests.TestExecutionContextSaveStateFailOnError" time="0.0"/>
		<testcase name="tests.TestExecutionContextGetTaskType" time="0.0"/>
		<testcase name="tests.TestExecutionContextGetTaskID" time="0.0"/>
		<testcase name="tests.TestExecutionContextAddTaskDependency" time="0.0"/>
		<testcase name="tests.TestExecutionContextHasEvent" time="0.0"/>
		<testcase name="tests.TestExecutionContextHasEventWithEmptyEvents" time="0.0"/>
		<testcase name="tests.TestExecutionContextAddAnotherTaskDependency" time="0.0"/>
		<testcase name="tests.TestRunnerForRun" time="0.0"/>
		<testcase name="tests.TestRunnerForRunCtxCancelled" time="0.0"/>
		<testcase name="tests.TestRunnerForRunGotAbortedError" time="0.0"/>
		<testcase name="tests.TestRunnerForRunGotPanic" time="0.0"/>
		<testcase name="tests.TestRunnerForRunPanicCountExceeded" time="0.0"/>
		<testcase name="tests.TestRunnerForRunGotRetriableError" time="0.0"/>
		<testcase name="tests.TestRunnerForRunRetriableErrorCountExceeded" time="0.0"/>
		<testcase name="tests.TestRunnerForRunIgnoreRetryLimit" time="0.0"/>
		<testcase name="tests.TestRunnerForRunGotNonRetriableError1" time="0.0"/>
		<testcase name="tests.TestRunnerForRunGotNonRetriableError2" time="0.0"/>
		<testcase name="tests.TestRunnerForRunGotNonCancellableError" time="0.0"/>
		<testcase name="tests.TestRunnerForRunWrongGeneration" time="0.0"/>
		<testcase name="tests.TestRunnerForRunWrongGenerationWrappedIntoRetriableError" time="0.0"/>
		<testcase name="tests.TestRunnerForRunInterruptExecution" time="0.0"/>
		<testcase name="tests.TestRunnerForRunInterruptExecutionWrappedIntoRetriableError" time="0.0"/>
		<testcase name="tests.TestRunnerForRunFailWithError" time="0.0"/>
		<testcase name="tests.TestRunnerForCancel" time="0.0"/>
		<testcase name="tests.TestRunnerForCancelCtxCancelled" time="0.0"/>
		<testcase name="tests.TestRunnerForCancelWrongGeneration" time="0.0"/>
		<testcase name="tests.TestRunnerForCancelFailWithError" time="0.0"/>
		<testcase name="tests.TestRunnerForCancelGotNonRetriableError" time="0.0"/>
		<testcase name="tests.TestRunnerForCancelGotNonCancellableError" time="0.0"/>
		<testcase name="tests.TestTaskPingerOnce" time="0.05"/>
		<testcase name="tests.TestTaskPingerImmediateFailure" time="0.0"/>
		<testcase name="tests.TestTaskPingerTwice" time="0.15"/>
		<testcase name="tests.TestTaskPingerFailureOnSecondIteration" time="0.1"/>
		<testcase name="tests.TestTaskPingerCancelledContextInUpdateTask" time="0.0"/>
		<testcase name="tests.TestTryExecutingTask" time="0.0"/>
		<testcase name="tests.TestTryExecutingTaskFailToPing" time="0.1"/>
		<testcase name="tests.TestRunnerLoopReceiveTaskFailure" time="0.0"/>
		<testcase name="tests.TestRunnerLoopSucceeds" time="1.01"/>
		<testcase name="tests.TestListerLoop" time="1.78"/>
		<testcase name="tests.TestListerLoopCancellingWhileReceiving" time="0.0"/>
		<testcase name="tests.TestHeartbeats" time="0.02"/>
		<testcase name="tests.TestSchedulerScheduleTask" time="0.0"/>
		<testcase name="tests.TestSchedulerScheduleZonalTask" time="0.0"/>
		<testcase name="tests.TestSchedulerScheduleTaskFailOnCreateTask" time="0.0"/>
		<testcase name="tests.TestSchedulerCancelTask" time="0.0"/>
		<testcase name="tests.TestSchedulerGetTaskMetadata" time="0.0"/>
		<testcase name="tests.TestSchedulerGetOperationReadyToRun" time="0.0"/>
		<testcase name="tests.TestSchedulerGetOperationRunning" time="0.0"/>
		<testcase name="tests.TestSchedulerGetOperationFinished" time="0.0"/>
		<testcase name="tests.TestSchedulerGetOperationReadyToCancel" time="0.0"/>
		<testcase name="tests.TestSchedulerGetOperationCancelling" time="0.0"/>
		<testcase name="tests.TestSchedulerGetOperationCancelled" time="0.0"/>
	</testsuite>
	<testsuite name="cloud/tasks" tests="16" time="0.09593892097473145" failures="0" skipped="0">
		<testcase name="blank_task.go.gofmt" time="0.00373077392578125"/>
		<testcase name="clear_ended_tasks_task.go.gofmt" time="0.0050127506256103516"/>
		<testcase name="collect_lister_metrics_task.go.gofmt" time="0.004400968551635742"/>
		<testcase name="controller.go.gofmt" time="0.0046844482421875"/>
		<testcase name="execution_context.go.gofmt" time="0.007039785385131836"/>
		<testcase name="lister.go.gofmt" time="0.006154060363769531"/>
		<testcase name="registry.go.gofmt" time="0.00410151481628418"/>
		<testcase name="runner.go.gofmt" time="0.008435726165771484"/>
		<testcase name="runner_metrics.go.gofmt" time="0.005316972732543945"/>
		<testcase name="runner_test.go.gofmt" time="0.011272668838500977"/>
		<testcase name="scheduler.go.gofmt" time="0.0057201385498046875"/>
		<testcase name="scheduler_impl.go.gofmt" time="0.007648944854736328"/>
		<testcase name="scheduler_test.go.gofmt" time="0.009813308715820312"/>
		<testcase name="storage_folder.go.gofmt" time="0.0038077831268310547"/>
		<testcase name="task.go.gofmt" time="0.0041790008544921875"/>
		<testcase name="task_test.go.gofmt" time="0.004620075225830078"/>
	</testsuite>
</testsuites>
